  Using 'git status' to determine working set for adaptive non-unity build (C:\SeniorProject\PollutionProject).
  Creating makefile for SeniorProjectEditor (ini files are newer than makefile)
  Parsing headers for SeniorProjectEditor
    Running UnrealHeaderTool "C:\SeniorProject\PollutionProject\SeniorProject\SeniorProject.uproject" "C:\SeniorProject\PollutionProject\SeniorProject\Intermediate\Build\Win64\SeniorProjectEditor\Development\SeniorProjectEditor.uhtmanifest" -LogCmds="loginit warning, logexit warning, logdatabase error" -Unattended -WarningsAsErrors -installed
  Reflection code generated for SeniorProjectEditor in 6.9399141 seconds
  Using Visual Studio 2019 14.22.27905 toolchain (C:\Program Files (x86)\VS19\VC\Tools\MSVC\14.22.27905) and Windows 10.0.17763.0 SDK (C:\Program Files (x86)\Windows Kits\10).
  Building 4 actions with 8 processes...
    [1/4] DoYouCopySystem.cpp
C:\SeniorProject\PollutionProject\SeniorProject\Source\SeniorProject\DoYouCopySystem.cpp(73): warning C4458: declaration of 'audio' hides class member
    C:\SeniorProject\PollutionProject\SeniorProject\Source\SeniorProject\DoYouCopySystem.h(60): note: see declaration of 'ADoYouCopySystem::audio'
C:\SeniorProject\PollutionProject\SeniorProject\Source\SeniorProject\DoYouCopySystem.cpp(172): warning C4458: declaration of 'audio' hides class member
    C:\SeniorProject\PollutionProject\SeniorProject\Source\SeniorProject\DoYouCopySystem.h(60): note: see declaration of 'ADoYouCopySystem::audio'
C:\SeniorProject\PollutionProject\SeniorProject\Source\SeniorProject\DoYouCopySystem.cpp(180): warning C4458: declaration of 'audio' hides class member
    C:\SeniorProject\PollutionProject\SeniorProject\Source\SeniorProject\DoYouCopySystem.h(60): note: see declaration of 'ADoYouCopySystem::audio'
C:\SeniorProject\PollutionProject\SeniorProject\Source\SeniorProject\DoYouCopySystem.cpp(189): warning C4458: declaration of 'audio' hides class member
    C:\SeniorProject\PollutionProject\SeniorProject\Source\SeniorProject\DoYouCopySystem.h(60): note: see declaration of 'ADoYouCopySystem::audio'
C:\SeniorProject\PollutionProject\SeniorProject\Source\SeniorProject\DoYouCopySystem.cpp(61): warning C4701: potentially uninitialized local variable 'close' used
    [2/4] UE4Editor-SeniorProject.lib
       Creating library C:\SeniorProject\PollutionProject\SeniorProject\Intermediate\Build\Win64\UE4Editor\Development\SeniorProject\UE4Editor-SeniorProject.lib and object C:\SeniorProject\PollutionProject\SeniorProject\Intermediate\Build\Win64\UE4Editor\Development\SeniorProject\UE4Editor-SeniorProject.exp
    [3/4] UE4Editor-SeniorProject.dll
       Creating library C:\SeniorProject\PollutionProject\SeniorProject\Intermediate\Build\Win64\UE4Editor\Development\SeniorProject\UE4Editor-SeniorProject.suppressed.lib and object C:\SeniorProject\PollutionProject\SeniorProject\Intermediate\Build\Win64\UE4Editor\Development\SeniorProject\UE4Editor-SeniorProject.suppressed.exp
    [4/4] SeniorProjectEditor.target
  Total time in Parallel executor: 6.06 seconds
  Total execution time: 15.15 seconds
