"../../../Engine/Content/Animation/DefaultAnimCurveCompressionSettings.uasset" 0
"../../../Engine/Content/Functions/Engine_MaterialFunctions01/Opacity/CameraDepthFade.uasset" 1
"../../../Engine/Content/EngineMaterials/T_Default_Material_Grid_M.uasset" 2
"../../../Engine/Content/EngineMaterials/T_Default_Material_Grid_N.uasset" 3
"../../../Engine/Content/EngineMaterials/WorldGridMaterial.uasset" 4
"../../../Engine/Content/ArtTools/RenderToTexture/Meshes/S_1_Unit_Plane.uasset" 5
"../../../Engine/Content/EngineMaterials/DefaultMaterial.uasset" 6
"../../../Engine/Content/BasicShapes/Cone.uasset" 7
"../../../Engine/Content/BasicShapes/Cylinder.uasset" 8
"../../../Engine/Content/BasicShapes/Plane.uasset" 9
"../../../Engine/Content/BasicShapes/Sphere.uasset" 10
"../../../Engine/Content/EngineMaterials/DefaultPhysicalMaterial.uasset" 11
"../../../Engine/Content/BufferVisualization/AmbientOcclusion.uasset" 12
"../../../Engine/Content/BufferVisualization/BaseColor.uasset" 13
"../../../Engine/Content/BufferVisualization/CustomDepth.uasset" 14
"../../../Engine/Content/Functions/Engine_MaterialFunctions02/Utility/VectorLength.uasset" 15
"../../../Engine/Content/BufferVisualization/CustomDepthWorldUnits.uasset" 16
"../../../Engine/Content/Functions/Engine_MaterialFunctions02/Utility/BreakOutFloat2Components.uasset" 17
"../../../Engine/Content/Functions/Engine_MaterialFunctions01/Texturing/ScaleUVsByCenter.uasset" 18
"../../../Engine/Content/Functions/Engine_MaterialFunctions02/ScreenResolution.uasset" 19
"../../../Engine/Content/Functions/Engine_MaterialFunctions02/Texturing/ScreenAlignedUVs.uasset" 20
"../../../Engine/Content/Functions/Engine_MaterialFunctions02/Utility/MakeFloat2.uasset" 21
"../../../Engine/Content/Functions/Engine_MaterialFunctions02/Utility/MakeFloat3.uasset" 22
"../../../Engine/Content/EngineMaterials/MiniFont.uasset" 23
"../../../Engine/Content/BufferVisualization/CustomStencil.uasset" 24
"../../../Engine/Content/BufferVisualization/FinalImage.uasset" 25
"../../../Engine/Content/BufferVisualization/LightingModel.uasset" 26
"../../../Engine/Content/BufferVisualization/MaterialAO.uasset" 27
"../../../Engine/Content/BufferVisualization/Metallic.uasset" 28
"../../../Engine/Content/BufferVisualization/Opacity.uasset" 29
"../../../Engine/Content/BufferVisualization/PostTonemapHDRColor.uasset" 30
"../../../Engine/Content/BufferVisualization/PreTonemapHDRColor.uasset" 31
"../../../Engine/Content/BufferVisualization/Roughness.uasset" 32
"../../../Engine/Content/BufferVisualization/SceneColor.uasset" 33
"../../../Engine/Content/BufferVisualization/SceneDepth.uasset" 34
"../../../Engine/Content/BufferVisualization/SceneDepthWorldUnits.uasset" 35
"../../../Engine/Content/BufferVisualization/SeparateTranslucencyA.uasset" 36
"../../../Engine/Content/BufferVisualization/SeparateTranslucencyRGB.uasset" 37
"../../../Engine/Content/BufferVisualization/Specular.uasset" 38
"../../../Engine/Content/BufferVisualization/SubsurfaceColor.uasset" 39
"../../../Engine/Content/BufferVisualization/Velocity.uasset" 40
"../../../Engine/Content/BufferVisualization/WorldNormal.uasset" 41
"../../../Engine/Content/EditorLandscapeResources/DataLayer.uasset" 42
"../../../Engine/Content/EditorLandscapeResources/DefaultAlphaTexture.uasset" 43
"../../../Engine/Content/EditorLandscapeResources/LandscapeGizmoHeight_Mat.uasset" 44
"../../../Engine/Content/EditorLandscapeResources/LandscapeGizmo_Mat.uasset" 45
"../../../Engine/Content/EditorLandscapeResources/LandscapeGizmo_Mat_Copied.uasset" 46
"../../../Engine/Content/EditorLandscapeResources/SplineEditorMeshMat.uasset" 47
"../../../Engine/Content/EditorLandscapeResources/SplineEditorMesh.uasset" 48
"../../../Engine/Content/EditorMaterials/Cross.uasset" 49
"../../../Engine/Content/EditorMaterials/Cross_Mat.uasset" 50
"../../../Engine/Content/EditorMaterials/GizmoMaterial.uasset" 51
"../../../Engine/Content/Functions/Engine_MaterialFunctions02/ExampleContent/Textures/flipbook.uasset" 52
"../../../Engine/Content/Functions/Engine_MaterialFunctions02/Texturing/FlipBook.uasset" 53
"../../../Engine/Content/Functions/Engine_MaterialFunctions02/Utility/Sign.uasset" 54
"../../../Engine/Content/Functions/Engine_MaterialFunctions02/Utility/Round.uasset" 55
"../../../Engine/Content/EditorResources/T_EditorHelp.uasset" 56
"../../../Engine/Content/EditorMaterials/HelpActorMaterial.uasset" 57
"../../../Engine/Content/EditorMaterials/CompositeARGBLayer.uasset" 58
"../../../Engine/Content/EditorMaterials/TilingAALineIntegral.uasset" 59
"../../../Engine/Content/EditorMaterials/TilingAALineBoxFiltered.uasset" 60
"../../../Engine/Content/Functions/Engine_MaterialFunctions03/Procedurals/ComputeFilterWidth.uasset" 61
"../../../Engine/Content/EditorMaterials/TilingAADots.uasset" 62
"../../../Engine/Content/EngineMaterials/BlendFunc_DefBase.uasset" 63
"../../../Engine/Content/EngineMaterials/BlendFunc_DefBlend.uasset" 64
"../../../Engine/Content/Functions/Engine_MaterialFunctions03/Blends/Blend_Screen.uasset" 65
"../../../Engine/Content/EditorMaterials/TilingAAGrid.uasset" 66
"../../../Engine/Content/EditorMaterials/LevelGridMaterial.uasset" 67
"../../../Engine/Content/EditorMaterials/MakeCompositeARGBLayer.uasset" 68
"../../../Engine/Content/EditorResources/LevelGrid1DStripes.uasset" 69
"../../../Engine/Content/EditorMaterials/TextureGridCascaded1D.uasset" 70
"../../../Engine/Content/EditorMaterials/TextureGridCascaded2D.uasset" 71
"../../../Engine/Content/EditorMaterials/LevelGridMaterial2.uasset" 72
"../../../Engine/Content/EditorMaterials/MAT_Groups_Toggle.uasset" 73
"../../../Engine/Content/EditorMaterials/MAT_Groups_Visibility.uasset" 74
"../../../Engine/Content/EditorMaterials/PhAT_BoneSelectedMaterial.uasset" 75
"../../../Engine/Content/EditorMaterials/PhAT_ElemSelectedMaterial.uasset" 76
"../../../Engine/Content/EditorMaterials/PhAT_NoCollisionMaterial.uasset" 77
"../../../Engine/Content/EditorMaterials/PhAT_UnselectedMaterial.uasset" 78
"../../../Engine/Content/EditorMaterials/PreviewShadowIndicator.uasset" 79
"../../../Engine/Content/EditorMaterials/PreviewShadowIndicatorMaterial.uasset" 80
"../../../Engine/Content/EditorMaterials/TargetIcon.uasset" 81
"../../../Engine/Content/EditorMaterials/Tick.uasset" 82
"../../../Engine/Content/EditorMaterials/Tick_Mat.uasset" 83
"../../../Engine/Content/EditorMaterials/WidgetGridVertexColorMaterial.uasset" 84
"../../../Engine/Content/EditorMaterials/WidgetGridVertexColorMaterial_Ma.uasset" 85
"../../../Engine/Content/EditorMaterials/WidgetMaterial.uasset" 86
"../../../Engine/Content/EditorMaterials/WidgetMaterial_Current.uasset" 87
"../../../Engine/Content/EditorMaterials/WidgetMaterial_X.uasset" 88
"../../../Engine/Content/EditorMaterials/WidgetMaterial_Y.uasset" 89
"../../../Engine/Content/EditorMaterials/WidgetMaterial_Z.uasset" 90
"../../../Engine/Content/EditorMaterials/WidgetVertexColorMaterial.uasset" 91
"../../../Engine/Content/EditorMaterials/MatineeGroups/MAT_ColorTrack.uasset" 92
"../../../Engine/Content/EditorMaterials/MatineeGroups/MAT_Groups_Anim.uasset" 93
"../../../Engine/Content/EditorMaterials/MatineeGroups/MAT_Groups_AudioMaster.uasset" 94
"../../../Engine/Content/EditorMaterials/MatineeGroups/MAT_Groups_Director.uasset" 95
"../../../Engine/Content/EditorMaterials/MatineeGroups/MAT_Groups_Event.uasset" 96
"../../../Engine/Content/EditorMaterials/MatineeGroups/MAT_Groups_Fade.uasset" 97
"../../../Engine/Content/EditorMaterials/MatineeGroups/MAT_Groups_Float.uasset" 98
"../../../Engine/Content/EditorMaterials/MatineeGroups/MAT_Groups_Move.uasset" 99
"../../../Engine/Content/EditorMaterials/MatineeGroups/MAT_Groups_Slomo.uasset" 100
"../../../Engine/Content/EditorMaterials/MatineeGroups/MAT_Groups_Sound.uasset" 101
"../../../Engine/Content/EditorMaterials/MatineeGroups/MAT_Groups_Vector.uasset" 102
"../../../Engine/Content/EditorMaterials/ParticleSystems/PSysThumbnail_NoImage.uasset" 103
"../../../Engine/Content/EditorMaterials/ParticleSystems/PSysThumbnail_OOD.uasset" 104
"../../../Engine/Content/EngineMaterials/Grid.uasset" 105
"../../../Engine/Content/EditorMaterials/Thumbnails/FloorPlaneMaterial.uasset" 106
"../../../Engine/Content/EditorMeshes/EditorCube.uasset" 107
"../../../Engine/Content/EditorMeshes/EditorCylinder.uasset" 108
"../../../Engine/Content/EditorMeshes/EditorPlane.uasset" 109
"../../../Engine/Content/EditorMaterials/Thumbnails/SkySphereMaterial.uasset" 110
"../../../Engine/Content/EditorMeshes/EditorSkySphere.uasset" 111
"../../../Engine/Content/EditorMeshes/EditorSphere.uasset" 112
"../../../Engine/Content/EditorResources/MatineeCam_D.uasset" 113
"../../../Engine/Content/EditorMaterials/MatineeCam_mat.uasset" 114
"../../../Engine/Content/EditorMeshes/MatineeCam_SM.uasset" 115
"../../../Engine/Content/EditorMeshes/PlanarReflectionPlane.uasset" 116
"../../../Engine/Content/EditorMaterials/Camera/CineMat.uasset" 117
"../../../Engine/Content/EditorMaterials/Camera/MI_CineMat_CameraBody.uasset" 118
"../../../Engine/Content/EngineDebugMaterials/M_SimpleOpaque.uasset" 119
"../../../Engine/Content/EditorMaterials/Camera/MI_CineMat_CamViewFinder.uasset" 120
"../../../Engine/Content/EditorMeshes/Camera/SM_CineCam.uasset" 121
"../../../Engine/Content/EditorMaterials/Camera/MI_CineMat_Rig.uasset" 122
"../../../Engine/Content/EditorMeshes/Camera/SM_CraneRig_Arm.uasset" 123
"../../../Engine/Content/EditorMeshes/Camera/SM_CraneRig_Base.uasset" 124
"../../../Engine/Content/EditorMeshes/Camera/SM_CraneRig_Body.uasset" 125
"../../../Engine/Content/EditorMeshes/Camera/SM_CraneRig_Mount.uasset" 126
"../../../Engine/Content/EditorMeshes/Camera/SM_RailRig_Mount.uasset" 127
"../../../Engine/Content/EditorMeshes/Camera/SM_RailRig_Track.uasset" 128
"../../../Engine/Content/EditorMeshes/ColorCalibrator/M_ChromeBall.uasset" 129
"../../../Engine/Content/EditorResources/Bad.uasset" 130
"../../../Engine/Content/EditorResources/BSPVertex.uasset" 131
"../../../Engine/Content/EditorResources/EmptyActor.uasset" 132
"../../../Engine/Content/EditorResources/MatInstActSprite.uasset" 133
"../../../Engine/Content/EditorResources/SceneManager.uasset" 134
"../../../Engine/Content/EditorResources/SmallFont.uasset" 135
"../../../Engine/Content/EditorResources/S_Actor.uasset" 136
"../../../Engine/Content/EditorResources/S_DecalActorIcon.uasset" 137
"../../../Engine/Content/EditorResources/S_Emitter.uasset" 138
"../../../Engine/Content/EditorResources/S_ExpoHeightFog.uasset" 139
"../../../Engine/Content/EditorResources/S_FTest.uasset" 140
"../../../Engine/Content/EditorResources/S_KBSJoint.uasset" 141
"../../../Engine/Content/EditorResources/S_KHinge.uasset" 142
"../../../Engine/Content/EditorResources/S_KPrismatic.uasset" 143
"../../../Engine/Content/EditorResources/S_LevelSequence.uasset" 144
"../../../Engine/Content/EditorResources/S_NavP.uasset" 145
"../../../Engine/Content/EditorResources/S_Note.uasset" 146
"../../../Engine/Content/EditorResources/S_Player.uasset" 147
"../../../Engine/Content/EditorResources/S_PortalActorIcon2.uasset" 148
"../../../Engine/Content/EditorResources/S_RadForce.uasset" 149
"../../../Engine/Content/EditorResources/S_ReflActorIcon.uasset" 150
"../../../Engine/Content/EditorResources/S_Terrain.uasset" 151
"../../../Engine/Content/EditorResources/S_TextRenderActorIcon.uasset" 152
"../../../Engine/Content/EditorResources/S_Thruster.uasset" 153
"../../../Engine/Content/EditorResources/S_Trigger.uasset" 154
"../../../Engine/Content/EditorResources/S_VectorFieldVol.uasset" 155
"../../../Engine/Content/EditorResources/S_WindDirectional.uasset" 156
"../../../Engine/Content/EditorResources/AI/S_NavLink.uasset" 157
"../../../Engine/Content/EditorResources/AudioIcons/S_AudioComponent_AutoActivate.uasset" 158
"../../../Engine/Content/EditorResources/LightIcons/SkyLight.uasset" 159
"../../../Engine/Content/EditorResources/LightIcons/S_LightDirectional.uasset" 160
"../../../Engine/Content/EditorResources/LightIcons/S_LightDirectionalMove.uasset" 161
"../../../Engine/Content/EditorResources/LightIcons/S_LightError.uasset" 162
"../../../Engine/Content/EditorResources/LightIcons/S_LightPoint.uasset" 163
"../../../Engine/Content/EditorResources/LightIcons/S_LightPointMove.uasset" 164
"../../../Engine/Content/EditorResources/LightIcons/S_LightSpot.uasset" 165
"../../../Engine/Content/EditorResources/LightIcons/S_LightSpotMove.uasset" 166
"../../../Engine/Content/EditorResources/SequenceRecorder/Countdown.uasset" 167
"../../../Engine/Content/EditorResources/SequenceRecorder/RecordingIndicator.uasset" 168
"../../../Engine/Content/EditorResources/Spline/T_Loft_Spline.uasset" 169
"../../../Engine/Content/EditorSounds/Notifications/CompileFailed.uasset" 170
"../../../Engine/Content/EditorSounds/Notifications/CompileFailed_Cue.uasset" 171
"../../../Engine/Content/EditorSounds/Notifications/CompileSuccess.uasset" 172
"../../../Engine/Content/EditorSounds/Notifications/CompileStart_Cue.uasset" 173
"../../../Engine/Content/EditorSounds/Notifications/CompileSuccess_Cue.uasset" 174
"../../../Engine/Content/EngineDamageTypes/DmgTypeBP_Environmental.uasset" 175
"../../../Engine/Content/EngineDebugMaterials/HeatmapGradient.uasset" 176
"../../../Engine/Content/EngineDebugMaterials/BoneWeightMaterial.uasset" 177
"../../../Engine/Content/EngineDebugMaterials/ClothMaterial.uasset" 178
"../../../Engine/Content/EngineDebugMaterials/ClothMaterial_WF.uasset" 179
"../../../Engine/Content/EngineDebugMaterials/DebugEditorMaterial.uasset" 180
"../../../Engine/Content/EngineDebugMaterials/DebugMeshMaterial.uasset" 181
"../../../Engine/Content/EngineDebugMaterials/GeomMaterial.uasset" 182
"../../../Engine/Content/Functions/Engine_MaterialFunctions01/Shading/ConvertFromDiffSpec.uasset" 183
"../../../Engine/Content/EngineDebugMaterials/LevelColorationLitMaterial.uasset" 184
"../../../Engine/Content/EngineDebugMaterials/LevelColorationUnlitMaterial.uasset" 185
"../../../Engine/Content/EngineMaterials/DefaultWhiteGrid.uasset" 186
"../../../Engine/Content/EngineDebugMaterials/MAT_LevelColorationLitLightmapUV.uasset" 187
"../../../Engine/Content/EngineDebugMaterials/M_SimpleTranslucent.uasset" 188
"../../../Engine/Content/EngineDebugMaterials/ShadedLevelColorationLitMaterial.uasset" 189
"../../../Engine/Content/EngineDebugMaterials/ShadedLevelColorationUnlitMateri.uasset" 190
"../../../Engine/Content/EngineDebugMaterials/VertexColorMaterial.uasset" 191
"../../../Engine/Content/EngineDebugMaterials/VertexColorViewMode_AlphaAsColor.uasset" 192
"../../../Engine/Content/EngineDebugMaterials/VertexColorViewMode_BlueOnly.uasset" 193
"../../../Engine/Content/EngineDebugMaterials/VertexColorViewMode_ColorOnly.uasset" 194
"../../../Engine/Content/EngineDebugMaterials/VertexColorViewMode_GreenOnly.uasset" 195
"../../../Engine/Content/EngineDebugMaterials/VertexColorViewMode_RedOnly.uasset" 196
"../../../Engine/Content/EngineDebugMaterials/WireframeMaterial.uasset" 197
"../../../Engine/Content/EngineFonts/Faces/RobotoBold.uasset" 198
"../../../Engine/Content/EngineFonts/Faces/RobotoBoldItalic.uasset" 199
"../../../Engine/Content/EngineFonts/Faces/RobotoItalic.uasset" 200
"../../../Engine/Content/EngineFonts/Faces/RobotoLight.uasset" 201
"../../../Engine/Content/EngineFonts/Faces/RobotoRegular.uasset" 202
"../../../Engine/Content/EngineFonts/Roboto.uasset" 203
"../../../Engine/Content/EngineFonts/Faces/RobotoTiny.uasset" 204
"../../../Engine/Content/EngineFonts/RobotoTiny.uasset" 205
"../../../Engine/Content/EngineFonts/SmallFont.uasset" 206
"../../../Engine/Content/EngineFonts/TinyFont.uasset" 207
"../../../Engine/Content/EngineMaterials/BaseFlattenDiffuseMap.uasset" 208
"../../../Engine/Content/EngineMaterials/BaseFlattenEmissiveMap.uasset" 209
"../../../Engine/Content/EngineMaterials/BaseFlattenGrayscaleMap.uasset" 210
"../../../Engine/Content/EngineMaterials/BaseFlattenNormalMap.uasset" 211
"../../../Engine/Content/EngineMaterials/BaseFlattenMaterial.uasset" 212
"../../../Engine/Content/EngineResources/WhiteSquareTexture.uasset" 213
"../../../Engine/Content/EngineMaterials/BlinkingCaret.uasset" 214
"../../../Engine/Content/EngineMaterials/DefaultBloomKernel.uasset" 215
"../../../Engine/Content/EngineMaterials/DefaultBokeh.uasset" 216
"../../../Engine/Content/EngineMaterials/DefaultDiffuse.uasset" 217
"../../../Engine/Content/EngineMaterials/DefaultDeferredDecalMaterial.uasset" 218
"../../../Engine/Content/EngineMaterials/DefaultLightFunctionMaterial.uasset" 219
"../../../Engine/Content/EngineMaterials/DefaultNormal.uasset" 220
"../../../Engine/Content/EngineMaterials/DefaultPostProcessMaterial.uasset" 221
"../../../Engine/Content/EngineFonts/RobotoDistanceField.uasset" 222
"../../../Engine/Content/EngineMaterials/DefaultTextMaterialOpaque.uasset" 223
"../../../Engine/Content/EngineMaterials/EditorBrushMaterial.uasset" 224
"../../../Engine/Content/EngineMaterials/Grid_N.uasset" 225
"../../../Engine/Content/EngineMaterials/HighResolutionScreenshotMaskFunction.uasset" 226
"../../../Engine/Content/EngineMaterials/HighResScreenshot.uasset" 227
"../../../Engine/Content/EngineMaterials/HighResScreenshotCaptureRegion.uasset" 228
"../../../Engine/Content/EngineMaterials/HighResScreenshotMask.uasset" 229
"../../../Engine/Content/EngineMaterials/LandscapeHolePhysicalMaterial.uasset" 230
"../../../Engine/Content/EngineMaterials/InvalidLightmapSettings.uasset" 231
"../../../Engine/Content/EngineMaterials/M_InvalidLightmapSettings.uasset" 232
"../../../Engine/Content/EngineMaterials/PaperDiffuse.uasset" 233
"../../../Engine/Content/EngineMaterials/PaperNormal.uasset" 234
"../../../Engine/Content/Functions/Engine_MaterialFunctions02/WorldPositionOffset/CameraOffset.uasset" 235
"../../../Engine/Content/EngineMaterials/PhAT_JointLimitMaterial.uasset" 236
"../../../Engine/Content/EngineMaterials/PhysMat_Rubber.uasset" 237
"../../../Engine/Content/EngineMaterials/PreintegratedSkinBRDF.uasset" 238
"../../../Engine/Content/EngineMaterials/RemoveSurfaceMaterial.uasset" 239
"../../../Engine/Content/EngineMaterials/WeightMapPlaceholderTexture.uasset" 240
"../../../Engine/Content/EngineMaterials/Widget3DPassThrough.uasset" 241
"../../../Engine/Content/EngineMaterials/Widget3DPassThrough_Masked.uasset" 242
"../../../Engine/Content/EngineMaterials/Widget3DPassThrough_Opaque.uasset" 243
"../../../Engine/Content/EngineMaterials/Widget3DPassThrough_Masked_OneSided.uasset" 244
"../../../Engine/Content/EngineMaterials/Widget3DPassThrough_Opaque_OneSided.uasset" 245
"../../../Engine/Content/EngineMaterials/Widget3DPassThrough_Translucent.uasset" 246
"../../../Engine/Content/EngineMaterials/Widget3DPassThrough_Translucent_OneSided.uasset" 247
"../../../Engine/Content/EngineMeshes/Cylinder.uasset" 248
"../../../Engine/Content/EngineMeshes/Sphere.uasset" 249
"../../../Engine/Content/EngineResources/Black.uasset" 250
"../../../Engine/Content/EngineResources/DefaultTexture.uasset" 251
"../../../Engine/Content/EngineResources/DefaultTextureCube.uasset" 252
"../../../Engine/Content/EngineResources/DefaultVolumeTexture2D.uasset" 253
"../../../Engine/Content/EngineResources/DefaultVolumeTexture.uasset" 254
"../../../Engine/Content/EngineResources/GradientTexture0.uasset" 255
"../../../Engine/Content/EngineResources/StreamingPauseIcon.uasset" 256
"../../../Engine/Content/EngineResources/M_StreamingPause.uasset" 257
"../../../Engine/Content/EngineSounds/Master.uasset" 258
"../../../Engine/Content/Functions/Engine_MaterialFunctions01/Shading/PowerToRoughness.uasset" 259
"../../../Engine/Content/Maps/Templates/Thumbnails/Default.uasset" 260
"../../../Engine/Content/Maps/Templates/Thumbnails/VR-Basic.uasset" 261
"../../../Engine/Content/MapTemplates/Sky/DaylightAmbientCubemap.uasset" 262
"../../../Engine/Content/MobileResources/T_MobileControls_texture.uasset" 263
"../../../Engine/Content/MobileResources/T_MobileMenu2.uasset" 264
"../../../Engine/Content/MobileResources/HUD/AnalogHat.uasset" 265
"../../../Engine/Content/MobileResources/HUD/VirtualJoystick_Background.uasset" 266
"../../../Engine/Content/MobileResources/HUD/VirtualJoystick_Thumb.uasset" 267
"../../../Engine/Content/MobileResources/HUD/DefaultVirtualJoysticks.uasset" 268
"../../../Engine/Content/MobileResources/HUD/LeftVirtualJoystickOnly.uasset" 269
"../../../Engine/Content/MobileResources/HUD/MobileHUDButton1_off.uasset" 270
"../../../Engine/Content/MobileResources/HUD/MobileHUDButton1_on.uasset" 271
"../../../Engine/Content/MobileResources/HUD/MobileHUDButton2_off.uasset" 272
"../../../Engine/Content/MobileResources/HUD/MobileHUDButton2_on.uasset" 273
"../../../Engine/Content/MobileResources/HUD/MobileHUDButton3.uasset" 274
"../../../Engine/Content/MobileResources/HUD/MobileHUDButtonFire.uasset" 275
"../../../Engine/Content/MobileResources/HUD/MobileHUDDirectionPad.uasset" 276
"../../../Engine/Content/MobileResources/HUD/MobileHUDDirectionPad2.uasset" 277
"../../../Engine/Content/MobileResources/HUD/MobileHUDDirectionPad3.uasset" 278
"../../../Engine/Content/MobileResources/HUD/MobileHUDDirectionStick.uasset" 279
"../../../Engine/Content/MobileResources/HUD/T_Castle_ThumbstickInner.uasset" 280
"../../../Engine/Content/MobileResources/HUD/T_Castle_ThumbstickOutter.uasset" 281
"../../../Engine/Content/Tutorial/ContentIntroCurve.uasset" 282
"../../../Engine/Content/Tutorial/Basics/LevelEditorAttract.uasset" 283
"../../../Engine/Content/Tutorial/Basics/TutorialAssets/icon_tab_Levels_40x.uasset" 284
"../../../Engine/Content/Tutorial/Basics/LevelEditorOverview.uasset" 285
"../../../Engine/Content/Tutorial/BlueprintTutorials/TutorialAssets/Blueprint_64x.uasset" 286
"../../../Engine/Content/Tutorial/BlueprintTutorials/LevelBlueprintEditorOverview.uasset" 287
"../../../Engine/Content/VREditor/LaserPointer/VR_LaserPower_01.uasset" 288
"../../../Engine/Content/VREditor/TransformGizmo/TransformGizmoMaterial.uasset" 289
"../../../Engine/Content/VREditor/TransformGizmo/TranslucentTransformGizmoMaterial.uasset" 290
"../../../Engine/Content/VREditor/TransformGizmo/BoundingBoxCorner.uasset" 291
"../../../Engine/Content/VREditor/TransformGizmo/BoundingBoxEdge.uasset" 292
"../../../Engine/Content/VREditor/TransformGizmo/PlaneTranslationHandle.uasset" 293
"../../../Engine/Content/VREditor/TransformGizmo/Main.uasset" 294
"../../../Engine/Content/VREditor/TransformGizmo/Xray.uasset" 295
"../../../Engine/Content/VREditor/TransformGizmo/SM_Sequencer_Key.uasset" 296
"../../../Engine/Content/VREditor/TransformGizmo/SM_Sequencer_Node.uasset" 297
"E:/SeniorProject/PollutionProject/SeniorProject/Content/Assets/LowPolyAssets/01_-_Default.uasset" 298
"E:/SeniorProject/PollutionProject/SeniorProject/Content/Assets/LowPolyAssets/DoorKnob.uasset" 299
"E:/SeniorProject/PollutionProject/SeniorProject/Content/BP/DoorKnobCine.uasset" 300
"E:/SeniorProject/PollutionProject/SeniorProject/Content/DoorKnobMove.uasset" 301
"E:/SeniorProject/PollutionProject/SeniorProject/Content/Assets/FlairGunFire/FlairGun_Old/FlairGun_Fire_Object283_Skeleton.uasset" 302
"E:/SeniorProject/PollutionProject/SeniorProject/Content/Assets/FlairGunFire/FlairGun_Old/FlairGun_Fire_Object283_Anim.uasset" 303
"E:/SeniorProject/PollutionProject/SeniorProject/Content/Assets/FlairGunFire/FlairGun_Old/FlairGun_Fire_Object284_Skeleton.uasset" 304
"E:/SeniorProject/PollutionProject/SeniorProject/Content/Assets/FlairGunFire/FlairGun_Old/FlairGun_Fire_Object284_Anim.uasset" 305
"E:/SeniorProject/PollutionProject/SeniorProject/Content/Assets/FlairGunFire/FlairGun_Old/FlairGun_Fire_FlairGun_001A_PhysicsAsset.uasset" 306
"E:/SeniorProject/PollutionProject/SeniorProject/Content/Assets/FlairGunFire/FlairGun_Old/FlairGun_Fire_FlairGun_001A_Skeleton.uasset" 307
"E:/SeniorProject/PollutionProject/SeniorProject/Content/Assets/FlairGunFire/FlairGun_Old/FlairGun_Fire_Object289_Skeleton.uasset" 308
"E:/SeniorProject/PollutionProject/SeniorProject/Content/Assets/FlairGunFire/FlairGun_Old/FlairGun_Fire.uasset" 309
"E:/SeniorProject/PollutionProject/SeniorProject/Content/Assets/FlairGunFire/FlairGun_Old/FlairGun_Prefab.uasset" 310
"E:/SeniorProject/PollutionProject/SeniorProject/Content/FlairGun_A.uasset" 311
"E:/SeniorProject/PollutionProject/SeniorProject/Content/FlareGun_AOpenClip.uasset" 312
"E:/SeniorProject/PollutionProject/SeniorProject/Content/GoingDownLadder.uasset" 313
"E:/SeniorProject/PollutionProject/SeniorProject/Content/GoingUpLadder.uasset" 314
"E:/SeniorProject/PollutionProject/SeniorProject/Content/Geometry/Meshes/CubeMaterial.uasset" 315
"E:/SeniorProject/PollutionProject/SeniorProject/Content/Assets/Dock/Bucket_001A.uasset" 316
"E:/SeniorProject/PollutionProject/SeniorProject/Content/BoxInteraction.uasset" 317
"E:/SeniorProject/PollutionProject/SeniorProject/Content/PushBarrell.uasset" 318
"E:/SeniorProject/PollutionProject/SeniorProject/Content/Random.uasset" 319
"E:/SeniorProject/PollutionProject/SeniorProject/Content/RockSlideMain.uasset" 320
"../../../Engine/Content/EditorBlueprintResources/StandardMacros.uasset" 321
"E:/SeniorProject/PollutionProject/SeniorProject/Content/Blueprints/GI_New.uasset" 322
"E:/SeniorProject/PollutionProject/SeniorProject/Content/FirstPerson/Character/Mesh/SK_Mannequin_Arms_Skeleton.uasset" 323
"E:/SeniorProject/PollutionProject/SeniorProject/Content/FirstPerson/Animations/FirstPerson_Idle.uasset" 324
"E:/SeniorProject/PollutionProject/SeniorProject/Content/FirstPerson/Animations/FirstPerson_JumpEnd.uasset" 325
"E:/SeniorProject/PollutionProject/SeniorProject/Content/FirstPerson/Animations/FirstPerson_JumpLoop.uasset" 326
"E:/SeniorProject/PollutionProject/SeniorProject/Content/FirstPerson/Animations/FirstPerson_JumpStart.uasset" 327
"E:/SeniorProject/PollutionProject/SeniorProject/Content/FirstPerson/Animations/FirstPerson_Run.uasset" 328
"E:/SeniorProject/PollutionProject/SeniorProject/Content/FirstPerson/Animations/FirstPerson_AnimBP.uasset" 329
"E:/SeniorProject/PollutionProject/SeniorProject/Content/FirstPerson/Animations/FirstPerson_Fire.uasset" 330
"E:/SeniorProject/PollutionProject/SeniorProject/Content/FirstPerson/Animations/FirstPersonFire_Montage.uasset" 331
"E:/SeniorProject/PollutionProject/SeniorProject/Content/BP/GameObjectInformation.uasset" 332
"E:/SeniorProject/PollutionProject/SeniorProject/Content/BP/CustomArraySort.uasset" 333
"E:/SeniorProject/PollutionProject/SeniorProject/Content/Assets/Newspapers/NewsPaperHeadLines.uasset" 334
"E:/SeniorProject/PollutionProject/SeniorProject/Content/Assets/Newspapers/Newspapermaterail.uasset" 335
"E:/SeniorProject/PollutionProject/SeniorProject/Content/Assets/Newspapers/N1.uasset" 336
"E:/SeniorProject/PollutionProject/SeniorProject/Content/FirstPerson/Audio/FirstPersonTemplateWeaponFire02.uasset" 337
"../../../Engine/Content/Functions/Engine_MaterialFunctions02/Utility/BlendAngleCorrectedNormals.uasset" 338
"../../../Engine/Content/Functions/MaterialLayerFunctions/MatLayerBlend_NormalBlend.uasset" 339
"../../../Engine/Content/Functions/MaterialLayerFunctions/MatLayerBlend_Simple.uasset" 340
"E:/SeniorProject/PollutionProject/SeniorProject/Content/FirstPerson/Character/Materials/MaterialLayers/T_ML_Rubber_Blue_01_D.uasset" 341
"E:/SeniorProject/PollutionProject/SeniorProject/Content/FirstPerson/Character/Materials/MaterialLayers/T_ML_Rubber_Blue_01_N.uasset" 342
"E:/SeniorProject/PollutionProject/SeniorProject/Content/FirstPerson/Character/Materials/MaterialLayers/ML_GlossyBlack_Latex_UE4.uasset" 343
"E:/SeniorProject/PollutionProject/SeniorProject/Content/FirstPerson/Character/Materials/MaterialLayers/ML_Plastic_Shiny_Beige.uasset" 344
"E:/SeniorProject/PollutionProject/SeniorProject/Content/FirstPerson/Character/Textures/UE4_LOGO_CARD.uasset" 345
"E:/SeniorProject/PollutionProject/SeniorProject/Content/FirstPerson/Character/Materials/MaterialLayers/ML_Plastic_Shiny_Beige_LOGO.uasset" 346
"E:/SeniorProject/PollutionProject/SeniorProject/Content/FirstPerson/Character/Materials/MaterialLayers/T_ML_Aluminum01.uasset" 347
"E:/SeniorProject/PollutionProject/SeniorProject/Content/FirstPerson/Character/Materials/MaterialLayers/T_ML_Aluminum01_N.uasset" 348
"E:/SeniorProject/PollutionProject/SeniorProject/Content/FirstPerson/Character/Materials/MaterialLayers/ML_SoftMetal_UE4.uasset" 349
"E:/SeniorProject/PollutionProject/SeniorProject/Content/FirstPerson/Character/Textures/UE4_Mannequin__normals.uasset" 350
"E:/SeniorProject/PollutionProject/SeniorProject/Content/FirstPerson/Character/Textures/UE4_Mannequin_MAT_MASKA.uasset" 351
"E:/SeniorProject/PollutionProject/SeniorProject/Content/FirstPerson/Character/Materials/M_UE4Man_Body.uasset" 352
"E:/SeniorProject/PollutionProject/SeniorProject/Content/FirstPerson/Character/Mesh/SK_Mannequin_Arms_PhysicsAsset.uasset" 353
"E:/SeniorProject/PollutionProject/SeniorProject/Content/FirstPerson/Character/Mesh/SK_Mannequin_Arms.uasset" 354
"E:/SeniorProject/PollutionProject/SeniorProject/Content/FirstPerson/FPWeapon/Materials/MaterialLayers/T_ML_Rubber_Blue_01_D.uasset" 355
"E:/SeniorProject/PollutionProject/SeniorProject/Content/FirstPerson/FPWeapon/Materials/MaterialLayers/T_ML_Rubber_Blue_01_N.uasset" 356
"E:/SeniorProject/PollutionProject/SeniorProject/Content/FirstPerson/FPWeapon/Materials/MaterialLayers/ML_GlossyBlack_Latex_UE4.uasset" 357
"E:/SeniorProject/PollutionProject/SeniorProject/Content/FirstPerson/FPWeapon/Materials/MaterialLayers/ML_Plastic_Shiny_Beige.uasset" 358
"E:/SeniorProject/PollutionProject/SeniorProject/Content/FirstPerson/FPWeapon/Materials/MaterialLayers/ML_Screen.uasset" 359
"E:/SeniorProject/PollutionProject/SeniorProject/Content/FirstPerson/FPWeapon/Materials/MaterialLayers/T_ML_Aluminum01.uasset" 360
"E:/SeniorProject/PollutionProject/SeniorProject/Content/FirstPerson/FPWeapon/Materials/MaterialLayers/T_ML_Aluminum01_N.uasset" 361
"E:/SeniorProject/PollutionProject/SeniorProject/Content/FirstPerson/FPWeapon/Materials/MaterialLayers/ML_SoftMetal_UE4.uasset" 362
"E:/SeniorProject/PollutionProject/SeniorProject/Content/FirstPerson/FPWeapon/Textures/T_FPGun_M.uasset" 363
"E:/SeniorProject/PollutionProject/SeniorProject/Content/FirstPerson/FPWeapon/Textures/T_FPGun_N.uasset" 364
"E:/SeniorProject/PollutionProject/SeniorProject/Content/FirstPerson/FPWeapon/Materials/M_FPGun.uasset" 365
"E:/SeniorProject/PollutionProject/SeniorProject/Content/FirstPerson/FPWeapon/Mesh/SK_FPGun_Skeleton.uasset" 366
"E:/SeniorProject/PollutionProject/SeniorProject/Content/FirstPerson/FPWeapon/Mesh/SK_FPGun.uasset" 367
"../../../Engine/Content/Functions/Engine_MaterialFunctions01/Density/ExponentialDensity.uasset" 368
"../../../Engine/Content/Functions/Engine_MaterialFunctions01/Gradient/RadialGradientExponential.uasset" 369
"E:/SeniorProject/PollutionProject/SeniorProject/Content/Rain/Rain_M.uasset" 370
"E:/SeniorProject/PollutionProject/SeniorProject/Content/Rain/Rain_P.uasset" 371
"E:/SeniorProject/PollutionProject/SeniorProject/Content/FirstPersonBP/Blueprints/FirstPersonCharacter.uasset" 372
"E:/SeniorProject/PollutionProject/SeniorProject/Content/Geometry/Meshes/01_-_Default.uasset" 373
"E:/SeniorProject/PollutionProject/SeniorProject/Content/Assets/LowPolyAssets/ropePile.uasset" 374
"E:/SeniorProject/PollutionProject/SeniorProject/Content/BP/RopeCineInteraction.uasset" 375
"E:/SeniorProject/PollutionProject/SeniorProject/Content/Cinematics/MoveRope.uasset" 376
"../../../Engine/Content/BasicShapes/BasicShapeMaterial.uasset" 377
"E:/SeniorProject/PollutionProject/SeniorProject/Content/Geometry/Materical/Invis.uasset" 378
"../../../Engine/Content/BasicShapes/Cube.uasset" 379
"E:/SeniorProject/PollutionProject/SeniorProject/Content/Assets/LowPolyAssets/Material__0.uasset" 380
"E:/SeniorProject/PollutionProject/SeniorProject/Content/Assets/LowPolyAssets/HL_GroundBranch.uasset" 381
"E:/SeniorProject/PollutionProject/SeniorProject/Content/BP/Log.uasset" 382
"E:/SeniorProject/PollutionProject/SeniorProject/Content/Cinematics/MovingBox.uasset" 383
"../../Plugins/2D/Paper2D/Content/PlaceholderTextures/DummySpriteTexture.uasset" 384
"../../Plugins/2D/Paper2D/Content/DummySprite.uasset" 385
"../../Plugins/2D/Paper2D/Content/DefaultPaperTerrainMaterial.uasset" 386
"../../Plugins/2D/Paper2D/Content/DefaultSpriteMaterial.uasset" 387
"../../Plugins/2D/Paper2D/Content/MaskedUnlitSpriteMaterial.uasset" 388
"../../Plugins/2D/Paper2D/Content/OpaqueUnlitSpriteMaterial.uasset" 389
"../../../Engine/Content/Functions/Engine_MaterialFunctions01/Texturing/FlattenNormal.uasset" 390
"../../../Engine/Content/EngineMaterials/FlatNormal.uasset" 391
"../../Plugins/Enterprise/DatasmithContent/Content/Materials/CE_BaseMaster.uasset" 392
"../../Plugins/Enterprise/DatasmithContent/Content/Materials/CE_OpacityMaster.uasset" 393
"../../Plugins/Enterprise/DatasmithContent/Content/Materials/CE_OpacitySimpleMaster.uasset" 394
"../../Plugins/Enterprise/DatasmithContent/Content/Materials/CE_OpaqueMaster.uasset" 395
"../../../Engine/Content/Functions/Engine_MaterialFunctions01/Texturing/ComputeMipLevel.uasset" 396
"../../../Engine/Content/Functions/Engine_MaterialFunctions01/Texturing/TextureCropping.uasset" 397
"../../../Engine/Content/Functions/Engine_MaterialFunctions02/Utility/BreakOutFloat3Components.uasset" 398
"../../../Engine/Content/Functions/Engine_MaterialFunctions02/ExampleContent/DebugNumberStrip.uasset" 399
"../../../Engine/Content/Functions/Engine_MaterialFunctions02/ExampleContent/Textures/DebugNumberPeriod.uasset" 400
"../../../Engine/Content/Functions/Engine_MaterialFunctions02/Utility/DebugScalarValues.uasset" 401
"../../../Engine/Content/Functions/Engine_MaterialFunctions02/Utility/DebugFloat3Values.uasset" 402
"../../../Engine/Content/Functions/Engine_MaterialFunctions02/Math/RGBtoHSV.uasset" 403
"../../Plugins/Enterprise/DatasmithContent/Content/Materials/Datasmith_Color.uasset" 404
"../../Plugins/Enterprise/DatasmithContent/Content/Materials/ExtractColor.uasset" 405
"../../Plugins/Enterprise/DatasmithContent/Content/Materials/TileMirrorAxis.uasset" 406
"../../../Engine/Content/Functions/Engine_MaterialFunctions02/Texturing/CustomRotator.uasset" 407
"../../Plugins/Enterprise/DatasmithContent/Content/Materials/UVEdit.uasset" 408
"../../Plugins/Enterprise/DatasmithContent/Content/Materials/Datasmith_Material.uasset" 409
"../../../Engine/Content/Functions/Engine_MaterialFunctions03/Procedurals/NormalFromHeightmap.uasset" 410
"../../../Engine/Content/ArtTools/RenderToTexture/Textures/127grey.uasset" 411
"../../Plugins/Enterprise/DatasmithContent/Content/Materials/RevitMaster.uasset" 412
"../../Plugins/Enterprise/DatasmithContent/Content/Materials/SketchUpMaster.uasset" 413
"../../Plugins/Enterprise/DatasmithContent/Content/Materials/FBXImporter/DeltaGenUVEdit.uasset" 414
"../../Plugins/Enterprise/DatasmithContent/Content/Materials/FBXImporter/DeltaGenBase.uasset" 415
"../../../Engine/Content/EngineMaterials/T_Default_Normal.uasset" 416
"../../Plugins/Enterprise/DatasmithContent/Content/Materials/FBXImporter/DeltaGenMaster.uasset" 417
"../../Plugins/Enterprise/DatasmithContent/Content/Materials/FBXImporter/DeltaGenMasterTransparent.uasset" 418
"../../Plugins/Enterprise/DatasmithContent/Content/Materials/FBXImporter/VRED/VREDRepeatMode.uasset" 419
"../../../Engine/Content/Functions/Engine_MaterialFunctions02/WorldPositionOffset/LocalPosition.uasset" 420
"../../Plugins/Enterprise/DatasmithContent/Content/Materials/FBXImporter/VRED/PlanarMapping.uasset" 421
"../../Plugins/Enterprise/DatasmithContent/Content/Materials/FBXImporter/VRED/ProcessNormal.uasset" 422
"../../../Engine/Content/Functions/Engine_MaterialFunctions02/WorldPositionOffset/ObjectScale.uasset" 423
"../../Plugins/Enterprise/DatasmithContent/Content/Materials/FBXImporter/VRED/TriplanarMapping.uasset" 424
"../../Plugins/Enterprise/DatasmithContent/Content/Materials/FBXImporter/VRED/UVMapping.uasset" 425
"../../Plugins/Enterprise/DatasmithContent/Content/Materials/FBXImporter/VRED/VREDTextureRead.uasset" 426
"../../../Engine/Content/Functions/Engine_MaterialFunctions01/Texturing/BakedDisplacement.uasset" 427
"../../../Engine/Content/Functions/Engine_MaterialFunctions02/Fresnel_Function.uasset" 428
"../../Plugins/Enterprise/DatasmithContent/Content/Materials/FBXImporter/VRED/Glass.uasset" 429
"../../Plugins/Enterprise/DatasmithContent/Content/Materials/FBXImporter/VRED/Phong.uasset" 430
"../../Plugins/Enterprise/DatasmithContent/Content/Materials/FBXImporter/VRED/Plastic.uasset" 431
"../../Plugins/Runtime/Oculus/OculusVR/Content/OculusMR_RenderTarget.uasset" 432
"../../../Engine/Content/Functions/Engine_MaterialFunctions02/Utility/BreakOutFloat4Components.uasset" 433
"../../Plugins/Runtime/Oculus/OculusVR/Content/Materials/OculusMR_ChromaKey.uasset" 434
"../../Plugins/Runtime/Oculus/OculusVR/Content/Materials/OculusMR_ChromaKey_Lit.uasset" 435
"../../Plugins/Runtime/Oculus/OculusVR/Content/Materials/OculusMR_OpaqueColoredMaterial.uasset" 436
"../../Plugins/Runtime/Oculus/OculusVR/Content/Materials/OculusMR_WhiteMaterial.uasset" 437
"../../Plugins/Runtime/Oculus/OculusVR/Content/Materials/PokeAHoleMaterial.uasset" 438
"../../Plugins/Runtime/Oculus/OculusVR/Content/Textures/GearVRController_AO.uasset" 439
"../../Plugins/Runtime/Oculus/OculusVR/Content/Textures/GearVRController_Color.uasset" 440
"../../Plugins/Runtime/Oculus/OculusVR/Content/Textures/GearVRController_Normal.uasset" 441
"../../Plugins/Runtime/Oculus/OculusVR/Content/Materials/GearVRControllerMaterial.uasset" 442
"../../Plugins/Runtime/Oculus/OculusVR/Content/Meshes/GearVrController.uasset" 443
"../../Plugins/Runtime/Oculus/OculusVR/Content/Textures/touchController_albedo.uasset" 444
"../../Plugins/Runtime/Oculus/OculusVR/Content/Textures/touchController_controlmap.uasset" 445
"../../Plugins/Runtime/Oculus/OculusVR/Content/Materials/touchController_mat.uasset" 446
"../../Plugins/Runtime/Oculus/OculusVR/Content/Meshes/LeftTouchController.uasset" 447
"../../Plugins/Runtime/Oculus/OculusVR/Content/Meshes/RiftHMD.uasset" 448
"../../Plugins/Runtime/Oculus/OculusVR/Content/Meshes/RightTouchController.uasset" 449
"../../../Engine/Content/Maps/Entry_BuiltData.uasset" 450
"../../../Engine/Content/Maps/Entry.umap" 451
"E:/SeniorProject/PollutionProject/SeniorProject/Content/BP/ActorDatabase.uasset" 452
"E:/SeniorProject/PollutionProject/SeniorProject/Content/Assets/GB_Moldes/01_-_Default.uasset" 453
"E:/SeniorProject/PollutionProject/SeniorProject/Content/Assets/Recording/Audio/Acidification.uasset" 454
"E:/SeniorProject/PollutionProject/SeniorProject/Content/Particles/HealCircle.uasset" 455
"E:/SeniorProject/PollutionProject/SeniorProject/Content/Particles/Pulse.uasset" 456
"E:/SeniorProject/PollutionProject/SeniorProject/Content/BP/Cube4_Blueprint.uasset" 457
"../../../Engine/Content/EngineSky/C_Sky_Cloud_Color.uasset" 458
"../../../Engine/Content/EngineSky/C_Sky_Horizon_Color.uasset" 459
"../../../Engine/Content/EngineSky/C_Sky_Zenith_Color.uasset" 460
"../../../Engine/Content/EngineSky/T_Sky_Blue.uasset" 461
"../../../Engine/Content/EngineSky/T_Sky_Clouds_M.uasset" 462
"../../../Engine/Content/EngineSky/T_Sky_Stars.uasset" 463
"../../../Engine/Content/EngineSky/M_Sky_Panning_Clouds2.uasset" 464
"../../../Engine/Content/EngineSky/SM_SkySphere.uasset" 465
"../../../Engine/Content/EngineSky/BP_Sky_Sphere.uasset" 466
"E:/SeniorProject/PollutionProject/SeniorProject/Content/Particles/Heal_Dot_M.uasset" 467
"E:/SeniorProject/PollutionProject/SeniorProject/Content/WaterMaterials/Materials/MF_OceanWavesWPO.uasset" 468
"E:/SeniorProject/PollutionProject/SeniorProject/Content/WaterMaterials/Textures/T_Caustics.uasset" 469
"E:/SeniorProject/PollutionProject/SeniorProject/Content/WaterMaterials/Textures/T_Sand.uasset" 470
"E:/SeniorProject/PollutionProject/SeniorProject/Content/WaterMaterials/Textures/T_Sand_N.uasset" 471
"E:/SeniorProject/PollutionProject/SeniorProject/Content/WaterMaterials/Materials/M_Sand.uasset" 472
"E:/SeniorProject/PollutionProject/SeniorProject/Content/WaterMaterials/Meshes/SM_Shore.uasset" 473
"E:/SeniorProject/PollutionProject/SeniorProject/Content/BP/Respawn.uasset" 474
"E:/SeniorProject/PollutionProject/SeniorProject/Content/BP/YouWin.uasset" 475
"E:/SeniorProject/PollutionProject/SeniorProject/Content/Cinematics/Sequences/RecordedSequence/BarricadeMoves.uasset" 476
"E:/SeniorProject/PollutionProject/SeniorProject/Content/Geometry/Meshes/GB_Truck.uasset" 477
"E:/SeniorProject/PollutionProject/SeniorProject/Content/Cinematics/Sequences/RecordedSequence/RecordedSequence.uasset" 478
"E:/SeniorProject/PollutionProject/SeniorProject/Content/Assets/GB_Moldes/GB_Rock.uasset" 479
"E:/SeniorProject/PollutionProject/SeniorProject/Content/Cinematics/Sequences/RockSlide/RockSlide.uasset" 480
"E:/SeniorProject/PollutionProject/SeniorProject/Content/Levels/GreyBoxLVL_BuiltData.uasset" 481
"../../../Engine/Content/Functions/Engine_MaterialFunctions02/ExampleContent/Gradient.uasset" 482
"../../../Engine/Content/Functions/Engine_MaterialFunctions02/ExampleContent/Greyscale.uasset" 483
"../../../Engine/Content/Functions/Engine_MaterialFunctions02/Gradients/GradientMap_Multi.uasset" 484
"../../../Engine/Content/Functions/Engine_MaterialFunctions02/Math/TimeWithSpeedVariable.uasset" 485
"../../../Engine/Content/Functions/Engine_MaterialFunctions02/PassThrough.uasset" 486
"../../../Engine/Content/Functions/Engine_MaterialFunctions02/SafeNormalize.uasset" 487
"../../../Engine/Content/Functions/Engine_MaterialFunctions02/Utility/DebugFloat4Values.uasset" 488
"../../../Engine/Content/Functions/Engine_MaterialFunctions02/Normals/UnpackNormalFromFloat.uasset" 489
"../../../Engine/Content/Functions/Engine_MaterialFunctions02/ExampleContent/TextureBasedWPO/DemoBox.uasset" 490
"../../../Engine/Content/Functions/Engine_MaterialFunctions02/ExampleContent/TextureBasedWPO/DemoBox_Normals.uasset" 491
"../../../Engine/Content/Functions/Engine_MaterialFunctions02/MAXScripts/MS_VertexAnimationTools_MorphTargets.uasset" 492
"E:/SeniorProject/PollutionProject/SeniorProject/Content/WaterMaterials/Materials/MPC_Globals.uasset" 493
"E:/SeniorProject/PollutionProject/SeniorProject/Content/WaterMaterials/Textures/T_SpecularHighlights.uasset" 494
"E:/SeniorProject/PollutionProject/SeniorProject/Content/WaterMaterials/Materials/MF_FakeSpecular.uasset" 495
"E:/SeniorProject/PollutionProject/SeniorProject/Content/WaterMaterials/Materials/MF_FixedDepth.uasset" 496
"E:/SeniorProject/PollutionProject/SeniorProject/Content/WaterMaterials/Materials/MF_OceanDepth_UVs.uasset" 497
"E:/SeniorProject/PollutionProject/SeniorProject/Content/WaterMaterials/Materials/MF_Foam_Motion.uasset" 498
"E:/SeniorProject/PollutionProject/SeniorProject/Content/WaterMaterials/Textures/T_Cubemap.uasset" 499
"E:/SeniorProject/PollutionProject/SeniorProject/Content/WaterMaterials/Textures/T_Noise_Stormy.uasset" 500
"E:/SeniorProject/PollutionProject/SeniorProject/Content/WaterMaterials/Textures/T_Noises.uasset" 501
"E:/SeniorProject/PollutionProject/SeniorProject/Content/WaterMaterials/Textures/T_Ocean_Foam.uasset" 502
"E:/SeniorProject/PollutionProject/SeniorProject/Content/WaterMaterials/Textures/T_Ocean_Waves01.uasset" 503
"E:/SeniorProject/PollutionProject/SeniorProject/Content/WaterMaterials/Textures/T_Ocean_Waves01_Normals.uasset" 504
"E:/SeniorProject/PollutionProject/SeniorProject/Content/WaterMaterials/Textures/T_Ocean_Waves02.uasset" 505
"E:/SeniorProject/PollutionProject/SeniorProject/Content/WaterMaterials/Textures/T_Ocean_Waves02_Normals.uasset" 506
"E:/SeniorProject/PollutionProject/SeniorProject/Content/WaterMaterials/Textures/T_Water_Normal.uasset" 507
"E:/SeniorProject/PollutionProject/SeniorProject/Content/WaterMaterials/Textures/T_Water_Normal_Large.uasset" 508
"E:/SeniorProject/PollutionProject/SeniorProject/Content/WaterMaterials/Materials/M_Ocean_Distance.uasset" 509
"E:/SeniorProject/PollutionProject/SeniorProject/Content/Assets/GB_Moldes/GB_BigRock.uasset" 510
"E:/SeniorProject/PollutionProject/SeniorProject/Content/Assets/GB_Moldes/GB_RockSlide.uasset" 511
"E:/SeniorProject/PollutionProject/SeniorProject/Content/Assets/LowPolyAssets/BoardWalkFront_001.uasset" 512
"E:/SeniorProject/PollutionProject/SeniorProject/Content/Assets/LowPolyAssets/BoardWalkFront_002.uasset" 513
"E:/SeniorProject/PollutionProject/SeniorProject/Content/Assets/LowPolyAssets/BoardWalkFront_003.uasset" 514
"E:/SeniorProject/PollutionProject/SeniorProject/Content/Assets/LowPolyAssets/BoardWalkFront_004.uasset" 515
"E:/SeniorProject/PollutionProject/SeniorProject/Content/Assets/LowPolyAssets/Lamp_001.uasset" 516
"E:/SeniorProject/PollutionProject/SeniorProject/Content/Assets/LowPolyAssets/Lamp_002.uasset" 517
"E:/SeniorProject/PollutionProject/SeniorProject/Content/Assets/LowPolyAssets/PicnicTable.uasset" 518
"E:/SeniorProject/PollutionProject/SeniorProject/Content/Assets/LowPolyAssets/Speaker.uasset" 519
"E:/SeniorProject/PollutionProject/SeniorProject/Content/Assets/LowPolyAssets/Stool.uasset" 520
"E:/SeniorProject/PollutionProject/SeniorProject/Content/Assets/LowPolyAssets/Test_gb_10.uasset" 521
"E:/SeniorProject/PollutionProject/SeniorProject/Content/Assets/LowPolyAssets/Trashcan.uasset" 522
"E:/SeniorProject/PollutionProject/SeniorProject/Content/Assets/LowPolyAssets/TrashPile.uasset" 523
"E:/SeniorProject/PollutionProject/SeniorProject/Content/Assets/Recording/Audio/borealForest.uasset" 524
"E:/SeniorProject/PollutionProject/SeniorProject/Content/Assets/Recording/Audio/DeadZones.uasset" 525
"E:/SeniorProject/PollutionProject/SeniorProject/Content/Assets/Recording/Audio/developingCountries.uasset" 526
"E:/SeniorProject/PollutionProject/SeniorProject/Content/Assets/Recording/Audio/HurricaneGregory.uasset" 527
"E:/SeniorProject/PollutionProject/SeniorProject/Content/Assets/Recording/Audio/lobsters.uasset" 528
"E:/SeniorProject/PollutionProject/SeniorProject/Content/Assets/Recording/Audio/naturalDisasters.uasset" 529
"E:/SeniorProject/PollutionProject/SeniorProject/Content/Assets/Recording/Audio/NorthAmerica.uasset" 530
"E:/SeniorProject/PollutionProject/SeniorProject/Content/Assets/Recording/Audio/OverFishing.uasset" 531
"E:/SeniorProject/PollutionProject/SeniorProject/Content/Assets/Recording/Audio/Precipitation.uasset" 532
"E:/SeniorProject/PollutionProject/SeniorProject/Content/Geometry/Meshes/1M_Cube.uasset" 533
"E:/SeniorProject/PollutionProject/SeniorProject/Content/Geometry/Meshes/GB_RoadBlock.uasset" 534
"E:/SeniorProject/PollutionProject/SeniorProject/Content/Geometry/Meshes/GB_Tree.uasset" 535
"E:/SeniorProject/PollutionProject/SeniorProject/Content/Assets/Recording/Audio/InGameAudio/CallingPhone.uasset" 536
"E:/SeniorProject/PollutionProject/SeniorProject/Content/Assets/Recording/Audio/IntroAudio/Disclaimer.uasset" 537
"E:/SeniorProject/PollutionProject/SeniorProject/Content/Assets/Recording/Audio/IntroAudio/Intro.uasset" 538
"E:/SeniorProject/PollutionProject/SeniorProject/Content/Assets/Recording/Audio/IntroAudio/intropart1.uasset" 539
"E:/SeniorProject/PollutionProject/SeniorProject/Content/Assets/Recording/Audio/RecorderAudio/InGameStatic.uasset" 540
"E:/SeniorProject/PollutionProject/SeniorProject/Content/Assets/Recording/Audio/RecorderAudio/Start.uasset" 541
"E:/SeniorProject/PollutionProject/SeniorProject/Content/UI/OButton.uasset" 542
"E:/SeniorProject/PollutionProject/SeniorProject/Content/UI/XButton.uasset" 543
"E:/SeniorProject/PollutionProject/SeniorProject/Content/UI/Counter.uasset" 544
"E:/SeniorProject/PollutionProject/SeniorProject/Content/WaterMaterials/Materials/MF_OceanWave_Motion.uasset" 545
"E:/SeniorProject/PollutionProject/SeniorProject/Content/WaterMaterials/Textures/T_Ocean_EdgeFoam.uasset" 546
"E:/SeniorProject/PollutionProject/SeniorProject/Content/WaterMaterials/Textures/T_Ocean_Waves_Shore.uasset" 547
"E:/SeniorProject/PollutionProject/SeniorProject/Content/WaterMaterials/Textures/T_Ocean_Waves_Shore_Normals.uasset" 548
"E:/SeniorProject/PollutionProject/SeniorProject/Content/WaterMaterials/Materials/M_Ocean.uasset" 549
"E:/SeniorProject/PollutionProject/SeniorProject/Content/WaterMaterials/Meshes/SM_Water_Plane.uasset" 550
"E:/SeniorProject/PollutionProject/SeniorProject/Content/Levels/GreyBoxLVL.umap" 551
"E:/SeniorProject/PollutionProject/SeniorProject/Content/BP/AudioClipInformation.uasset" 552
"E:/SeniorProject/PollutionProject/SeniorProject/Content/BP/PollutionDialogue.uasset" 553
"E:/SeniorProject/PollutionProject/SeniorProject/Content/BP/CustomLoop.uasset" 554
"E:/SeniorProject/PollutionProject/SeniorProject/Content/Assets/Recording/Audio/RecorderAudio/UpdatedEnding.uasset" 555
"E:/SeniorProject/PollutionProject/SeniorProject/Content/BP/DialogueSystem.uasset" 556
"E:/SeniorProject/PollutionProject/SeniorProject/Content/Geometry/Meshes/GB_Barracide.uasset" 557
"E:/SeniorProject/PollutionProject/SeniorProject/Content/Geometry/Meshes/Test_gb_09.uasset" 558
"../../../Engine/Content/Functions/MaterialLayerFunctions/MatLayerBlend_AO.uasset" 559
"E:/SeniorProject/PollutionProject/SeniorProject/Content/UE4_Mannequin_Mobile/Materials/MaterialLayers/T_ML_Rubber_Blue_01_D.uasset" 560
"E:/SeniorProject/PollutionProject/SeniorProject/Content/UE4_Mannequin_Mobile/Materials/MaterialLayers/T_ML_Rubber_Blue_01_N.uasset" 561
"E:/SeniorProject/PollutionProject/SeniorProject/Content/UE4_Mannequin_Mobile/Materials/MaterialLayers/ML_GlossyBlack_Latex_UE4.uasset" 562
"E:/SeniorProject/PollutionProject/SeniorProject/Content/UE4_Mannequin_Mobile/Materials/MaterialLayers/ML_Plastic_Shiny_Beige.uasset" 563
"E:/SeniorProject/PollutionProject/SeniorProject/Content/UE4_Mannequin_Mobile/Textures/UE4_LOGO_CARD.uasset" 564
"E:/SeniorProject/PollutionProject/SeniorProject/Content/UE4_Mannequin_Mobile/Materials/MaterialLayers/ML_Plastic_Shiny_Beige_LOGO.uasset" 565
"E:/SeniorProject/PollutionProject/SeniorProject/Content/UE4_Mannequin_Mobile/Materials/MaterialLayers/T_ML_Aluminum01.uasset" 566
"E:/SeniorProject/PollutionProject/SeniorProject/Content/UE4_Mannequin_Mobile/Materials/MaterialLayers/T_ML_Aluminum01_N.uasset" 567
"E:/SeniorProject/PollutionProject/SeniorProject/Content/UE4_Mannequin_Mobile/Materials/MaterialLayers/ML_SoftMetal_UE4.uasset" 568
"E:/SeniorProject/PollutionProject/SeniorProject/Content/UE4_Mannequin_Mobile/Textures/T_UE4_Mannequin_Mobile_M.uasset" 569
"E:/SeniorProject/PollutionProject/SeniorProject/Content/UE4_Mannequin_Mobile/Textures/T_UE4_Mannequin_Mobile_N.uasset" 570
"E:/SeniorProject/PollutionProject/SeniorProject/Content/UE4_Mannequin_Mobile/Textures/T_UE4_Mannequin_Mobile_O.uasset" 571
"E:/SeniorProject/PollutionProject/SeniorProject/Content/UE4_Mannequin_Mobile/Materials/M_UE4Man_Body.uasset" 572
"E:/SeniorProject/PollutionProject/SeniorProject/Content/UE4_Mannequin_Mobile/Textures/UE4Man_Logo_N.uasset" 573
"E:/SeniorProject/PollutionProject/SeniorProject/Content/UE4_Mannequin_Mobile/Materials/M_UE4Man_ChestLogo.uasset" 574
"E:/SeniorProject/PollutionProject/SeniorProject/Content/UE4_Mannequin_Mobile/Mesh/SK_Mannequin_Mobile_PhysicsAsset.uasset" 575
"E:/SeniorProject/PollutionProject/SeniorProject/Content/UE4_Mannequin_Mobile/Mesh/SK_Mannequin_Mobile_Skeleton.uasset" 576
"E:/SeniorProject/PollutionProject/SeniorProject/Content/UE4_Mannequin_Mobile/Mesh/SK_Mannequin_Mobile.uasset" 577
"E:/SeniorProject/PollutionProject/SeniorProject/Content/Levels/GreyBoxLVL1.umap" 578
"E:/SeniorProject/PollutionProject/SeniorProject/Content/Assets/BoxAni/Box_Animation_Object279_Skeleton.uasset" 579
"E:/SeniorProject/PollutionProject/SeniorProject/Content/Assets/BoxAni/Box_Animation_Object279_Anim.uasset" 580
"E:/SeniorProject/PollutionProject/SeniorProject/Content/Assets/Compass/Compass_Animation_Object281_Skeleton.uasset" 581
"E:/SeniorProject/PollutionProject/SeniorProject/Content/Assets/Compass/Compass_Animation_Object281_Anim.uasset" 582
"E:/SeniorProject/PollutionProject/SeniorProject/Content/Assets/BoxAni/Box_Animation_LobsterTrap_001A001_Skeleton.uasset" 583
"E:/SeniorProject/PollutionProject/SeniorProject/Content/Assets/BoxAni/Box_Animation_LobsterTrap_001A001_Anim.uasset" 584
"E:/SeniorProject/PollutionProject/SeniorProject/Content/Assets/BoxAni/Box_Animation_LobsterTrap_001A001_PhysicsAsset.uasset" 585
"E:/SeniorProject/PollutionProject/SeniorProject/Content/Assets/BoxAni/Box_Animation_Object279_PhysicsAsset.uasset" 586
"E:/SeniorProject/PollutionProject/SeniorProject/Content/Assets/BoxAni/Box_Animation.uasset" 587
"E:/SeniorProject/PollutionProject/SeniorProject/Content/Assets/BoxAni/Box_Prefab.uasset" 588
"E:/SeniorProject/PollutionProject/SeniorProject/Content/Assets/Windows/01_-_Default.uasset" 589
"E:/SeniorProject/PollutionProject/SeniorProject/Content/Assets/structure/Building_001T.uasset" 590
"E:/SeniorProject/PollutionProject/SeniorProject/Content/Assets/Windows/Awning_001A.uasset" 591
"E:/SeniorProject/PollutionProject/SeniorProject/Content/Assets/Windows/08_-_Default.uasset" 592
"E:/SeniorProject/PollutionProject/SeniorProject/Content/Assets/Windows/Door_001F.uasset" 593
"E:/SeniorProject/PollutionProject/SeniorProject/Content/Assets/structure/01_-_Default.uasset" 594
"E:/SeniorProject/PollutionProject/SeniorProject/Content/Assets/Windows/Window_001A.uasset" 595
"E:/SeniorProject/PollutionProject/SeniorProject/Content/Assets/Windows/Window_001G.uasset" 596
"E:/SeniorProject/PollutionProject/SeniorProject/Content/Assets/Perfabs/Awning_001A8_Blueprint.uasset" 597
"E:/SeniorProject/PollutionProject/SeniorProject/Content/Assets/structure/08_-_Default.uasset" 598
"E:/SeniorProject/PollutionProject/SeniorProject/Content/Assets/structure/Building_001C.uasset" 599
"E:/SeniorProject/PollutionProject/SeniorProject/Content/Assets/Windows/Blacany_001A.uasset" 600
"E:/SeniorProject/PollutionProject/SeniorProject/Content/Assets/Windows/Door_001D.uasset" 601
"E:/SeniorProject/PollutionProject/SeniorProject/Content/Assets/Windows/Door_001G.uasset" 602
"E:/SeniorProject/PollutionProject/SeniorProject/Content/Assets/Windows/Pillar_001A.uasset" 603
"E:/SeniorProject/PollutionProject/SeniorProject/Content/Assets/Windows/Window_001E.uasset" 604
"E:/SeniorProject/PollutionProject/SeniorProject/Content/Assets/Windows/Window_001L.uasset" 605
"E:/SeniorProject/PollutionProject/SeniorProject/Content/Assets/Perfabs/Building_001C2_Blueprint.uasset" 606
"E:/SeniorProject/PollutionProject/SeniorProject/Content/Assets/structure/Building_001E.uasset" 607
"E:/SeniorProject/PollutionProject/SeniorProject/Content/Assets/Windows/Door_001A.uasset" 608
"E:/SeniorProject/PollutionProject/SeniorProject/Content/Assets/Windows/Sign_001C.uasset" 609
"E:/SeniorProject/PollutionProject/SeniorProject/Content/Assets/Windows/Window_001F.uasset" 610
"E:/SeniorProject/PollutionProject/SeniorProject/Content/Assets/Perfabs/Building_001E2_Blueprint.uasset" 611
"E:/SeniorProject/PollutionProject/SeniorProject/Content/Assets/structure/Building_001I.uasset" 612
"E:/SeniorProject/PollutionProject/SeniorProject/Content/Assets/structure/Building_001U.uasset" 613
"E:/SeniorProject/PollutionProject/SeniorProject/Content/Assets/Windows/Pillar_001B.uasset" 614
"E:/SeniorProject/PollutionProject/SeniorProject/Content/Assets/Perfabs/Building_001I18_Blueprint.uasset" 615
"E:/SeniorProject/PollutionProject/SeniorProject/Content/Assets/structure/Building_001S.uasset" 616
"E:/SeniorProject/PollutionProject/SeniorProject/Content/Assets/Windows/Window_001B.uasset" 617
"E:/SeniorProject/PollutionProject/SeniorProject/Content/Assets/Perfabs/Building_001S2_Blueprint.uasset" 618
"E:/SeniorProject/PollutionProject/SeniorProject/Content/Assets/Windows/Door_001B.uasset" 619
"E:/SeniorProject/PollutionProject/SeniorProject/Content/Assets/Perfabs/Building_001T_Blueprint.uasset" 620
"E:/SeniorProject/PollutionProject/SeniorProject/Content/Assets/LowPolyAssets/Chair.uasset" 621
"E:/SeniorProject/PollutionProject/SeniorProject/Content/Assets/LowPolyAssets/LittleTable.uasset" 622
"E:/SeniorProject/PollutionProject/SeniorProject/Content/Assets/Perfabs/Chair4_Blueprint.uasset" 623
"E:/SeniorProject/PollutionProject/SeniorProject/Content/Assets/Trash/Trash_001A.uasset" 624
"E:/SeniorProject/PollutionProject/SeniorProject/Content/Assets/Trash/Trash_001B.uasset" 625
"E:/SeniorProject/PollutionProject/SeniorProject/Content/Assets/Windows/Dumpster_001A.uasset" 626
"E:/SeniorProject/PollutionProject/SeniorProject/Content/Assets/Perfabs/Dumpster_001A_Blueprint.uasset" 627
"E:/SeniorProject/PollutionProject/SeniorProject/Content/Assets/Windows/Fence_001A.uasset" 628
"E:/SeniorProject/PollutionProject/SeniorProject/Content/Assets/Perfabs/Fence_001A38_Blueprint.uasset" 629
"E:/SeniorProject/PollutionProject/SeniorProject/Content/Assets/Dock/01_-_Default.uasset" 630
"E:/SeniorProject/PollutionProject/SeniorProject/Content/Assets/Dock/02_-_Default.uasset" 631
"E:/SeniorProject/PollutionProject/SeniorProject/Content/Assets/Dock/FishingBoat_001B.uasset" 632
"E:/SeniorProject/PollutionProject/SeniorProject/Content/Assets/Perfabs/FishingBoat_001B_Blueprint.uasset" 633
"E:/SeniorProject/PollutionProject/SeniorProject/Content/Assets/structure/Building_001B.uasset" 634
"E:/SeniorProject/PollutionProject/SeniorProject/Content/Assets/Windows/Door_001E.uasset" 635
"E:/SeniorProject/PollutionProject/SeniorProject/Content/Assets/Perfabs/Pillar_001B9_Blueprint.uasset" 636
"E:/SeniorProject/PollutionProject/SeniorProject/Content/Assets/Windows/SandBag_001A.uasset" 637
"E:/SeniorProject/PollutionProject/SeniorProject/Content/Assets/Perfabs/SandBag_001A3_Blueprint.uasset" 638
"E:/SeniorProject/PollutionProject/SeniorProject/Content/Assets/Perfabs/SandBag_001A3_Blueprint5_Blueprint.uasset" 639
"E:/SeniorProject/PollutionProject/SeniorProject/Content/Assets/Perfabs/Trash_001B2_Blueprint.uasset" 640
"E:/SeniorProject/PollutionProject/SeniorProject/Content/Assets/Perfabs/Trash_001B8_Blueprint_Blueprint.uasset" 641
"E:/SeniorProject/PollutionProject/SeniorProject/Content/Assets/Trash/Box_001A.uasset" 642
"E:/SeniorProject/PollutionProject/SeniorProject/Content/Assets/Trash/Box_001C.uasset" 643
"E:/SeniorProject/PollutionProject/SeniorProject/Content/Assets/Trash/Box_001D.uasset" 644
"E:/SeniorProject/PollutionProject/SeniorProject/Content/Assets/Trash/Box_001E.uasset" 645
"E:/SeniorProject/PollutionProject/SeniorProject/Content/Assets/Trash/Box_001F.uasset" 646
"E:/SeniorProject/PollutionProject/SeniorProject/Content/Assets/Perfabs/Trash_001B8_Blueprint_Blueprint2_Blueprint.uasset" 647
"E:/SeniorProject/PollutionProject/SeniorProject/Content/Assets/Perfabs/Trash_001B_Blueprint.uasset" 648
"E:/SeniorProject/PollutionProject/SeniorProject/Content/Assets/Windows/Sign_001A.uasset" 649
"E:/SeniorProject/PollutionProject/SeniorProject/Content/Assets/Perfabs/Window_001A3_Blueprint.uasset" 650
"E:/SeniorProject/PollutionProject/SeniorProject/Content/Assets/Dock/Bin_001A.uasset" 651
"E:/SeniorProject/PollutionProject/SeniorProject/Content/Assets/Dock/Bin_001B.uasset" 652
"E:/SeniorProject/PollutionProject/SeniorProject/Content/Assets/Dock/Pallet_001A.uasset" 653
"E:/SeniorProject/PollutionProject/SeniorProject/Content/Bin_001B3_Blueprint.uasset" 654
"E:/SeniorProject/PollutionProject/SeniorProject/Content/BP/Checkpoint.uasset" 655
"E:/SeniorProject/PollutionProject/SeniorProject/Content/Assets/LowPolyAssets/Road.uasset" 656
"E:/SeniorProject/PollutionProject/SeniorProject/Content/BP/InteractiveLog.uasset" 657
"E:/SeniorProject/PollutionProject/SeniorProject/Content/BP/LadderUp_Blueprint.uasset" 658
"E:/SeniorProject/PollutionProject/SeniorProject/Content/BP/OutroTrigger.uasset" 659
"E:/SeniorProject/PollutionProject/SeniorProject/Content/BP/Points.uasset" 660
"E:/SeniorProject/PollutionProject/SeniorProject/Content/BP/XButtonInfo.uasset" 661
"E:/SeniorProject/PollutionProject/SeniorProject/Content/Bucket_001A5_Blueprint.uasset" 662
"E:/SeniorProject/PollutionProject/SeniorProject/Content/Assets/LowPolyAssets/Wood.uasset" 663
"E:/SeniorProject/PollutionProject/SeniorProject/Content/FinishStopper.uasset" 664
"E:/SeniorProject/PollutionProject/SeniorProject/Content/LadderDown_Blueprint.uasset" 665
"E:/SeniorProject/PollutionProject/SeniorProject/Content/Assets/Dock/LobsterTrap_001A.uasset" 666
"E:/SeniorProject/PollutionProject/SeniorProject/Content/LobsterTrap_001A3_Blueprint.uasset" 667
"E:/SeniorProject/PollutionProject/SeniorProject/Content/Assets/Dock/LobsterTrap_001B.uasset" 668
"E:/SeniorProject/PollutionProject/SeniorProject/Content/Assets/Dock/LobsterTrap_001C.uasset" 669
"E:/SeniorProject/PollutionProject/SeniorProject/Content/LobsterTrap_001C10_Blueprint.uasset" 670
"E:/SeniorProject/PollutionProject/SeniorProject/Content/LobsterTrap_001C10_Blueprint3_Blueprint.uasset" 671
"E:/SeniorProject/PollutionProject/SeniorProject/Content/LobsterTrap_001C10_Blueprint3_Blueprint1.uasset" 672
"E:/SeniorProject/PollutionProject/SeniorProject/Content/LobsterTrap_001C5_Blueprint.uasset" 673
"E:/SeniorProject/PollutionProject/SeniorProject/Content/LobsterTrap_001C5_Blueprint8_Blueprint.uasset" 674
"E:/SeniorProject/PollutionProject/SeniorProject/Content/Pallet_001A4_Blueprint.uasset" 675
"E:/SeniorProject/PollutionProject/SeniorProject/Content/Pallet_001A4_Blueprint3_Blueprint.uasset" 676
"E:/SeniorProject/PollutionProject/SeniorProject/Content/Pallet_001A4_Blueprint3_Blueprint5_Blueprint.uasset" 677
"../../../Engine/Content/MapTemplates/Materials/BasicAsset01.uasset" 678
"E:/SeniorProject/PollutionProject/SeniorProject/Content/Wood2801_Blueprint.uasset" 679
"E:/SeniorProject/PollutionProject/SeniorProject/Content/Wood88_Blueprint.uasset" 680
"E:/SeniorProject/PollutionProject/SeniorProject/Content/Assets/LowPolyAssets/02_-_Default.uasset" 681
"E:/SeniorProject/PollutionProject/SeniorProject/Content/Assets/LowPolyAssets/08_-_Default.uasset" 682
"E:/SeniorProject/PollutionProject/SeniorProject/Content/Assets/LowPolyAssets/Signs_Names.uasset" 683
"E:/SeniorProject/PollutionProject/SeniorProject/Content/Assets/LowPolyAssets/trail.uasset" 684
"E:/SeniorProject/PollutionProject/SeniorProject/Content/Assets/Materials/SmallObjectsLow01_Material__0_AlbedoTransparency.uasset" 685
"E:/SeniorProject/PollutionProject/SeniorProject/Content/Assets/Materials/SmallObjectsLow01_Material__0_Normal.uasset" 686
"E:/SeniorProject/PollutionProject/SeniorProject/Content/Assets/Materials/plants.uasset" 687
"E:/SeniorProject/PollutionProject/SeniorProject/Content/WaterMaterials/Materials/MF_RiverWavesWPO.uasset" 688
"E:/SeniorProject/PollutionProject/SeniorProject/Content/WaterMaterials/Materials/MF_RiverDepth_UVs.uasset" 689
"E:/SeniorProject/PollutionProject/SeniorProject/Content/WaterMaterials/Textures/T_River_Waves01.uasset" 690
"E:/SeniorProject/PollutionProject/SeniorProject/Content/WaterMaterials/Textures/T_River_Waves01_Normals.uasset" 691
"E:/SeniorProject/PollutionProject/SeniorProject/Content/WaterMaterials/Textures/T_River_Waves02.uasset" 692
"E:/SeniorProject/PollutionProject/SeniorProject/Content/WaterMaterials/Textures/T_River_Waves02_Normals.uasset" 693
"E:/SeniorProject/PollutionProject/SeniorProject/Content/WaterMaterials/Textures/T_Water_EdgeNormals.uasset" 694
"E:/SeniorProject/PollutionProject/SeniorProject/Content/WaterMaterials/Textures/T_Water_Normal_Subtle.uasset" 695
"E:/SeniorProject/PollutionProject/SeniorProject/Content/WaterMaterials/Materials/M_River.uasset" 696
"E:/SeniorProject/PollutionProject/SeniorProject/Content/WaterMaterials/Textures/T_Waterfall_Foam.uasset" 697
"E:/SeniorProject/PollutionProject/SeniorProject/Content/WaterMaterials/Textures/T_Waterfall_Foam_Directional.uasset" 698
"E:/SeniorProject/PollutionProject/SeniorProject/Content/WaterMaterials/Materials/M_Waterfall.uasset" 699
"../../../Engine/Content/Functions/Engine_MaterialFunctions02/Math/CreateThirdOrthogonalVector.uasset" 700
"../../../Engine/Content/Functions/Engine_MaterialFunctions02/Math/InverseTransformMatrix.uasset" 701
"../../../Engine/Content/Functions/Engine_MaterialFunctions02/Math/TransformToZVector.uasset" 702
"../../../Engine/Content/Functions/Engine_MaterialFunctions02/Utility/CameraDirectionVector.uasset" 703
"../../../Engine/Content/EngineVolumetrics/Fogsheet/Materials/T_EV_BlankWhite_01.uasset" 704
"../../../Engine/Content/Functions/Engine_MaterialFunctions01/Texturing/ParallaxOcclusionMapping.uasset" 705
"../../../Engine/Content/Functions/Engine_MaterialFunctions02/Texturing/ScreenAlignedPixelToPixelUVs.uasset" 706
"../../../Engine/Content/EngineMaterials/Good64x64TilingNoiseHighFreq.uasset" 707
"../../../Engine/Content/Functions/Engine_MaterialFunctions02/Utility/DitherTemporalAA.uasset" 708
"E:/SeniorProject/PollutionProject/SeniorProject/Content/GT_Free2019/GT_SHADE/Textures/T_Baseline_bc.uasset" 709
"E:/SeniorProject/PollutionProject/SeniorProject/Content/GT_Free2019/GT_SHADE/Textures/T_Baseline_n.uasset" 710
"E:/SeniorProject/PollutionProject/SeniorProject/Content/GT_Free2019/GT_SHADE/Materials/M_GT_Basic.uasset" 711
"E:/SeniorProject/PollutionProject/SeniorProject/Content/GT_Free2019/Materials/Bitmaps/Brick_LightGrout/BrickWallWithLightGrout_basecolor.uasset" 712
"E:/SeniorProject/PollutionProject/SeniorProject/Content/GT_Free2019/Materials/Bitmaps/Brick_LightGrout/BrickWallWithLightGrout_height.uasset" 713
"E:/SeniorProject/PollutionProject/SeniorProject/Content/GT_Free2019/Materials/Bitmaps/Brick_LightGrout/BrickWallWithLightGrout_mrao.uasset" 714
"E:/SeniorProject/PollutionProject/SeniorProject/Content/GT_Free2019/Materials/Bitmaps/Brick_LightGrout/BrickWallWithLightGrout_normal.uasset" 715
"E:/SeniorProject/PollutionProject/SeniorProject/Content/GT_Free2019/Materials/M_Brick_LightGrout_Inst.uasset" 716
"E:/SeniorProject/PollutionProject/SeniorProject/Content/GT_Free2019/Materials/Bitmaps/Stone_AncientBlockMasonry/AncientBlockMasonryDark_basecolor.uasset" 717
"E:/SeniorProject/PollutionProject/SeniorProject/Content/GT_Free2019/Materials/Bitmaps/Stone_AncientBlockMasonry/AncientBlockMasonryDark_height.uasset" 718
"E:/SeniorProject/PollutionProject/SeniorProject/Content/GT_Free2019/Materials/Bitmaps/Stone_AncientBlockMasonry/AncientBlockMasonryDark_mrao.uasset" 719
"E:/SeniorProject/PollutionProject/SeniorProject/Content/GT_Free2019/Materials/Bitmaps/Stone_AncientBlockMasonry/AncientBlockMasonryDark_normal.uasset" 720
"E:/SeniorProject/PollutionProject/SeniorProject/Content/GT_Free2019/Materials/M_Stone_AncientBlockMasonry_Inst.uasset" 721
"E:/SeniorProject/PollutionProject/SeniorProject/Content/Assets/Compass/Compass_Animation_Compass_001A_Skeleton.uasset" 722
"E:/SeniorProject/PollutionProject/SeniorProject/Content/Assets/Compass/Compass_Animation.uasset" 723
"E:/SeniorProject/PollutionProject/SeniorProject/Content/Assets/Compass/CompassNeedle.uasset" 724
"E:/SeniorProject/PollutionProject/SeniorProject/Content/Assets/Dock/Boat_Bottom.uasset" 725
"E:/SeniorProject/PollutionProject/SeniorProject/Content/Assets/Dock/Boat_Rope.uasset" 726
"E:/SeniorProject/PollutionProject/SeniorProject/Content/Assets/Dock/Boat_Top.uasset" 727
"E:/SeniorProject/PollutionProject/SeniorProject/Content/Assets/Dock/Booie_001A.uasset" 728
"E:/SeniorProject/PollutionProject/SeniorProject/Content/Assets/Dock/Booie_001B.uasset" 729
"E:/SeniorProject/PollutionProject/SeniorProject/Content/Assets/Dock/Booie_001C.uasset" 730
"E:/SeniorProject/PollutionProject/SeniorProject/Content/Assets/Dock/Bullet_001A.uasset" 731
"E:/SeniorProject/PollutionProject/SeniorProject/Content/Assets/Dock/Compass_001A.uasset" 732
"E:/SeniorProject/PollutionProject/SeniorProject/Content/Assets/Dock/FlairGun_001A.uasset" 733
"E:/SeniorProject/PollutionProject/SeniorProject/Content/Assets/Dock/08_-_Default.uasset" 734
"E:/SeniorProject/PollutionProject/SeniorProject/Content/Assets/Dock/Lighthouse_001A.uasset" 735
"E:/SeniorProject/PollutionProject/SeniorProject/Content/Assets/Dock/Lighthouse_001B.uasset" 736
"E:/SeniorProject/PollutionProject/SeniorProject/Content/Assets/Dock/Lighthouse_001C.uasset" 737
"E:/SeniorProject/PollutionProject/SeniorProject/Content/Assets/Dock/Map_001A.uasset" 738
"E:/SeniorProject/PollutionProject/SeniorProject/Content/Assets/Dock/Rope_001A.uasset" 739
"E:/SeniorProject/PollutionProject/SeniorProject/Content/Assets/GameSounds/A_DockSteps.uasset" 740
"E:/SeniorProject/PollutionProject/SeniorProject/Content/Assets/GameSounds/A_Forest.uasset" 741
"E:/SeniorProject/PollutionProject/SeniorProject/Content/Assets/GameSounds/A_WalkingMarket.uasset" 742
"E:/SeniorProject/PollutionProject/SeniorProject/Content/Assets/GB_Moldes/GB_Building.uasset" 743
"E:/SeniorProject/PollutionProject/SeniorProject/Content/Assets/GB_Moldes/GB_FerrisWheel.uasset" 744
"E:/SeniorProject/PollutionProject/SeniorProject/Content/Assets/GB_Moldes/GB_manyRocks.uasset" 745
"E:/SeniorProject/PollutionProject/SeniorProject/Content/Assets/GB_Moldes/GB_Mountain.uasset" 746
"E:/SeniorProject/PollutionProject/SeniorProject/Content/Assets/GB_Moldes/Spruce.uasset" 747
"E:/SeniorProject/PollutionProject/SeniorProject/Content/Assets/LowPolyAssets/Bench.uasset" 748
"E:/SeniorProject/PollutionProject/SeniorProject/Content/Assets/LowPolyAssets/bigrocks.uasset" 749
"E:/SeniorProject/PollutionProject/SeniorProject/Content/Assets/LowPolyAssets/Dock.uasset" 750
"E:/SeniorProject/PollutionProject/SeniorProject/Content/Assets/LowPolyAssets/Dumpster.uasset" 751
"E:/SeniorProject/PollutionProject/SeniorProject/Content/Assets/LowPolyAssets/FenceEnd.uasset" 752
"E:/SeniorProject/PollutionProject/SeniorProject/Content/Assets/LowPolyAssets/HL_DeadBush_01.uasset" 753
"E:/SeniorProject/PollutionProject/SeniorProject/Content/Assets/LowPolyAssets/HL_DeadGrass_01.uasset" 754
"E:/SeniorProject/PollutionProject/SeniorProject/Content/Assets/LowPolyAssets/Net.uasset" 755
"E:/SeniorProject/PollutionProject/SeniorProject/Content/Assets/LowPolyAssets/RatiningWall_closed.uasset" 756
"E:/SeniorProject/PollutionProject/SeniorProject/Content/Assets/LowPolyAssets/StairOpen.uasset" 757
"E:/SeniorProject/PollutionProject/SeniorProject/Content/Assets/LowPolyAssets/TelephonePost_Open.uasset" 758
"E:/SeniorProject/PollutionProject/SeniorProject/Content/Assets/LowPolyAssets/TrailSign.uasset" 759
"E:/SeniorProject/PollutionProject/SeniorProject/Content/Assets/LowPolyAssets/Trash.uasset" 760
"E:/SeniorProject/PollutionProject/SeniorProject/Content/Assets/Newspapers/posters.uasset" 761
"E:/SeniorProject/PollutionProject/SeniorProject/Content/Assets/Newspapers/Material__0.uasset" 762
"E:/SeniorProject/PollutionProject/SeniorProject/Content/Assets/Newspapers/Food01.uasset" 763
"E:/SeniorProject/PollutionProject/SeniorProject/Content/Assets/Newspapers/Food02.uasset" 764
"E:/SeniorProject/PollutionProject/SeniorProject/Content/Assets/Newspapers/Food03.uasset" 765
"E:/SeniorProject/PollutionProject/SeniorProject/Content/Assets/Newspapers/N10.uasset" 766
"E:/SeniorProject/PollutionProject/SeniorProject/Content/Assets/Newspapers/N11.uasset" 767
"E:/SeniorProject/PollutionProject/SeniorProject/Content/Assets/Newspapers/N12.uasset" 768
"E:/SeniorProject/PollutionProject/SeniorProject/Content/Assets/Newspapers/N3.uasset" 769
"E:/SeniorProject/PollutionProject/SeniorProject/Content/Assets/Newspapers/N6.uasset" 770
"E:/SeniorProject/PollutionProject/SeniorProject/Content/Assets/Newspapers/N7.uasset" 771
"E:/SeniorProject/PollutionProject/SeniorProject/Content/Assets/Newspapers/N8.uasset" 772
"E:/SeniorProject/PollutionProject/SeniorProject/Content/Assets/Newspapers/N9.uasset" 773
"E:/SeniorProject/PollutionProject/SeniorProject/Content/Assets/Newspapers/Newspaper_001A.uasset" 774
"E:/SeniorProject/PollutionProject/SeniorProject/Content/Assets/Windows/02_-_Default.uasset" 775
"E:/SeniorProject/PollutionProject/SeniorProject/Content/Assets/Newspapers/Newspaper_001B.uasset" 776
"E:/SeniorProject/PollutionProject/SeniorProject/Content/Assets/Newspapers/Newspaper_001C.uasset" 777
"E:/SeniorProject/PollutionProject/SeniorProject/Content/Assets/Radio/Radio_Needle.uasset" 778
"E:/SeniorProject/PollutionProject/SeniorProject/Content/Assets/Radio/RadioButton_BottomLeft.uasset" 779
"E:/SeniorProject/PollutionProject/SeniorProject/Content/Assets/Radio/RadioButton_BottomRight.uasset" 780
"E:/SeniorProject/PollutionProject/SeniorProject/Content/Assets/Radio/RadioButton_Top.uasset" 781
"E:/SeniorProject/PollutionProject/SeniorProject/Content/Assets/Radio/RadioNoButtons.uasset" 782
"E:/SeniorProject/PollutionProject/SeniorProject/Content/Assets/Recording/Audio/InGameAudio/BeachSound.uasset" 783
"E:/SeniorProject/PollutionProject/SeniorProject/Content/Assets/Recording/Audio/InGameAudio/MarketSound.uasset" 784
"E:/SeniorProject/PollutionProject/SeniorProject/Content/Assets/Recording/Final_Auido/Allison/AllisionFV1.uasset" 785
"E:/SeniorProject/PollutionProject/SeniorProject/Content/Assets/Recording/Final_Auido/Allison/AllisionFV10.uasset" 786
"E:/SeniorProject/PollutionProject/SeniorProject/Content/Assets/Recording/Final_Auido/Allison/AllisionFV11.uasset" 787
"E:/SeniorProject/PollutionProject/SeniorProject/Content/Assets/Recording/Final_Auido/Allison/AllisionFV12.uasset" 788
"E:/SeniorProject/PollutionProject/SeniorProject/Content/Assets/Recording/Final_Auido/Allison/AllisionFV13_5.uasset" 789
"E:/SeniorProject/PollutionProject/SeniorProject/Content/Assets/Recording/Final_Auido/Allison/AllisionFV13_52.uasset" 790
"E:/SeniorProject/PollutionProject/SeniorProject/Content/Assets/Recording/Final_Auido/Allison/AllisionFV14.uasset" 791
"E:/SeniorProject/PollutionProject/SeniorProject/Content/Assets/Recording/Final_Auido/Allison/AllisionFV15.uasset" 792
"E:/SeniorProject/PollutionProject/SeniorProject/Content/Assets/Recording/Final_Auido/Allison/AllisionFV16.uasset" 793
"E:/SeniorProject/PollutionProject/SeniorProject/Content/Assets/Recording/Final_Auido/Allison/AllisionFV17.uasset" 794
"E:/SeniorProject/PollutionProject/SeniorProject/Content/Assets/Recording/Final_Auido/Allison/AllisionFV18.uasset" 795
"E:/SeniorProject/PollutionProject/SeniorProject/Content/Assets/Recording/Final_Auido/Allison/AllisionFV19.uasset" 796
"E:/SeniorProject/PollutionProject/SeniorProject/Content/Assets/Recording/Final_Auido/Allison/AllisionFV2.uasset" 797
"E:/SeniorProject/PollutionProject/SeniorProject/Content/Assets/Recording/Final_Auido/Allison/AllisionFV20.uasset" 798
"E:/SeniorProject/PollutionProject/SeniorProject/Content/Assets/Recording/Final_Auido/Allison/AllisionFV21.uasset" 799
"E:/SeniorProject/PollutionProject/SeniorProject/Content/Assets/Recording/Final_Auido/Allison/AllisionFV22.uasset" 800
"E:/SeniorProject/PollutionProject/SeniorProject/Content/Assets/Recording/Final_Auido/Allison/AllisionFV23.uasset" 801
"E:/SeniorProject/PollutionProject/SeniorProject/Content/Assets/Recording/Final_Auido/Allison/AllisionFV24.uasset" 802
"E:/SeniorProject/PollutionProject/SeniorProject/Content/Assets/Recording/Final_Auido/Allison/AllisionFV25.uasset" 803
"E:/SeniorProject/PollutionProject/SeniorProject/Content/Assets/Recording/Final_Auido/Allison/AllisionFV26.uasset" 804
"E:/SeniorProject/PollutionProject/SeniorProject/Content/Assets/Recording/Final_Auido/Allison/AllisionFV27.uasset" 805
"E:/SeniorProject/PollutionProject/SeniorProject/Content/Assets/Recording/Final_Auido/Allison/AllisionFV28.uasset" 806
"E:/SeniorProject/PollutionProject/SeniorProject/Content/Assets/Recording/Final_Auido/Allison/AllisionFV29.uasset" 807
"E:/SeniorProject/PollutionProject/SeniorProject/Content/Assets/Recording/Final_Auido/Allison/AllisionFV3.uasset" 808
"E:/SeniorProject/PollutionProject/SeniorProject/Content/Assets/Recording/Final_Auido/Allison/AllisionFV30.uasset" 809
"E:/SeniorProject/PollutionProject/SeniorProject/Content/Assets/Recording/Final_Auido/Allison/AllisionFV31.uasset" 810
"E:/SeniorProject/PollutionProject/SeniorProject/Content/Assets/Recording/Final_Auido/Allison/AllisionFV32.uasset" 811
"E:/SeniorProject/PollutionProject/SeniorProject/Content/Assets/Recording/Final_Auido/Allison/AllisionFV33.uasset" 812
"E:/SeniorProject/PollutionProject/SeniorProject/Content/Assets/Recording/Final_Auido/Allison/AllisionFV34.uasset" 813
"E:/SeniorProject/PollutionProject/SeniorProject/Content/Assets/Recording/Final_Auido/Allison/AllisionFV35.uasset" 814
"E:/SeniorProject/PollutionProject/SeniorProject/Content/Assets/Recording/Final_Auido/Allison/AllisionFV36.uasset" 815
"E:/SeniorProject/PollutionProject/SeniorProject/Content/Assets/Recording/Final_Auido/Allison/AllisionFV37.uasset" 816
"E:/SeniorProject/PollutionProject/SeniorProject/Content/Assets/Recording/Final_Auido/Allison/AllisionFV38.uasset" 817
"E:/SeniorProject/PollutionProject/SeniorProject/Content/Assets/Recording/Final_Auido/Allison/AllisionFV39.uasset" 818
"E:/SeniorProject/PollutionProject/SeniorProject/Content/Assets/Recording/Final_Auido/Allison/AllisionFV4.uasset" 819
"E:/SeniorProject/PollutionProject/SeniorProject/Content/Assets/Recording/Final_Auido/Allison/AllisionFV40.uasset" 820
"E:/SeniorProject/PollutionProject/SeniorProject/Content/Assets/Recording/Final_Auido/Allison/AllisionFV41.uasset" 821
"E:/SeniorProject/PollutionProject/SeniorProject/Content/Assets/Recording/Final_Auido/Allison/AllisionFV42.uasset" 822
"E:/SeniorProject/PollutionProject/SeniorProject/Content/Assets/Recording/Final_Auido/Allison/AllisionFV43.uasset" 823
"E:/SeniorProject/PollutionProject/SeniorProject/Content/Assets/Recording/Final_Auido/Allison/AllisionFV44.uasset" 824
"E:/SeniorProject/PollutionProject/SeniorProject/Content/Assets/Recording/Final_Auido/Allison/AllisionFV45.uasset" 825
"E:/SeniorProject/PollutionProject/SeniorProject/Content/Assets/Recording/Final_Auido/Allison/AllisionFV46.uasset" 826
"E:/SeniorProject/PollutionProject/SeniorProject/Content/Assets/Recording/Final_Auido/Allison/AllisionFV47.uasset" 827
"E:/SeniorProject/PollutionProject/SeniorProject/Content/Assets/Recording/Final_Auido/Allison/AllisionFV48.uasset" 828
"E:/SeniorProject/PollutionProject/SeniorProject/Content/Assets/Recording/Final_Auido/Allison/AllisionFV49.uasset" 829
"E:/SeniorProject/PollutionProject/SeniorProject/Content/Assets/Recording/Final_Auido/Allison/AllisionFV5.uasset" 830
"E:/SeniorProject/PollutionProject/SeniorProject/Content/Assets/Recording/Final_Auido/Allison/AllisionFV50.uasset" 831
"E:/SeniorProject/PollutionProject/SeniorProject/Content/Assets/Recording/Final_Auido/Allison/AllisionFV6.uasset" 832
"E:/SeniorProject/PollutionProject/SeniorProject/Content/Assets/Recording/Final_Auido/Allison/AllisionFV7.uasset" 833
"E:/SeniorProject/PollutionProject/SeniorProject/Content/Assets/Recording/Final_Auido/Allison/AllisionFV8_5.uasset" 834
"E:/SeniorProject/PollutionProject/SeniorProject/Content/Assets/Recording/Final_Auido/Allison/AllisionFV9.uasset" 835
"E:/SeniorProject/PollutionProject/SeniorProject/Content/Assets/Recording/Final_Auido/Allison/AllisionFV9_5.uasset" 836
"E:/SeniorProject/PollutionProject/SeniorProject/Content/Assets/Recording/Final_Auido/Daniel/DanielV1.uasset" 837
"E:/SeniorProject/PollutionProject/SeniorProject/Content/Assets/Recording/Final_Auido/Daniel/DanielV10.uasset" 838
"E:/SeniorProject/PollutionProject/SeniorProject/Content/Assets/Recording/Final_Auido/Daniel/DanielV11.uasset" 839
"E:/SeniorProject/PollutionProject/SeniorProject/Content/Assets/Recording/Final_Auido/Daniel/DanielV12.uasset" 840
"E:/SeniorProject/PollutionProject/SeniorProject/Content/Assets/Recording/Final_Auido/Daniel/DanielV13.uasset" 841
"E:/SeniorProject/PollutionProject/SeniorProject/Content/Assets/Recording/Final_Auido/Daniel/DanielV14.uasset" 842
"E:/SeniorProject/PollutionProject/SeniorProject/Content/Assets/Recording/Final_Auido/Daniel/DanielV15.uasset" 843
"E:/SeniorProject/PollutionProject/SeniorProject/Content/Assets/Recording/Final_Auido/Daniel/DanielV16.uasset" 844
"E:/SeniorProject/PollutionProject/SeniorProject/Content/Assets/Recording/Final_Auido/Daniel/DanielV17.uasset" 845
"E:/SeniorProject/PollutionProject/SeniorProject/Content/Assets/Recording/Final_Auido/Daniel/DanielV18.uasset" 846
"E:/SeniorProject/PollutionProject/SeniorProject/Content/Assets/Recording/Final_Auido/Daniel/DanielV19.uasset" 847
"E:/SeniorProject/PollutionProject/SeniorProject/Content/Assets/Recording/Final_Auido/Daniel/DanielV2.uasset" 848
"E:/SeniorProject/PollutionProject/SeniorProject/Content/Assets/Recording/Final_Auido/Daniel/DanielV20.uasset" 849
"E:/SeniorProject/PollutionProject/SeniorProject/Content/Assets/Recording/Final_Auido/Daniel/DanielV21.uasset" 850
"E:/SeniorProject/PollutionProject/SeniorProject/Content/Assets/Recording/Final_Auido/Daniel/DanielV22.uasset" 851
"E:/SeniorProject/PollutionProject/SeniorProject/Content/Assets/Recording/Final_Auido/Daniel/DanielV23.uasset" 852
"E:/SeniorProject/PollutionProject/SeniorProject/Content/Assets/Recording/Final_Auido/Daniel/DanielV25.uasset" 853
"E:/SeniorProject/PollutionProject/SeniorProject/Content/Assets/Recording/Final_Auido/Daniel/DanielV26.uasset" 854
"E:/SeniorProject/PollutionProject/SeniorProject/Content/Assets/Recording/Final_Auido/Daniel/DanielV27.uasset" 855
"E:/SeniorProject/PollutionProject/SeniorProject/Content/Assets/Recording/Final_Auido/Daniel/DanielV28.uasset" 856
"E:/SeniorProject/PollutionProject/SeniorProject/Content/Assets/Recording/Final_Auido/Daniel/DanielV29.uasset" 857
"E:/SeniorProject/PollutionProject/SeniorProject/Content/Assets/Recording/Final_Auido/Daniel/DanielV3.uasset" 858
"E:/SeniorProject/PollutionProject/SeniorProject/Content/Assets/Recording/Final_Auido/Daniel/DanielV30.uasset" 859
"E:/SeniorProject/PollutionProject/SeniorProject/Content/Assets/Recording/Final_Auido/Daniel/DanielV31.uasset" 860
"E:/SeniorProject/PollutionProject/SeniorProject/Content/Assets/Recording/Final_Auido/Daniel/DanielV32.uasset" 861
"E:/SeniorProject/PollutionProject/SeniorProject/Content/Assets/Recording/Final_Auido/Daniel/DanielV33.uasset" 862
"E:/SeniorProject/PollutionProject/SeniorProject/Content/Assets/Recording/Final_Auido/Daniel/DanielV34.uasset" 863
"E:/SeniorProject/PollutionProject/SeniorProject/Content/Assets/Recording/Final_Auido/Daniel/DanielV35.uasset" 864
"E:/SeniorProject/PollutionProject/SeniorProject/Content/Assets/Recording/Final_Auido/Daniel/DanielV4.uasset" 865
"E:/SeniorProject/PollutionProject/SeniorProject/Content/Assets/Recording/Final_Auido/Daniel/DanielV5.uasset" 866
"E:/SeniorProject/PollutionProject/SeniorProject/Content/Assets/Recording/Final_Auido/Daniel/DanielV6.uasset" 867
"E:/SeniorProject/PollutionProject/SeniorProject/Content/Assets/Recording/Final_Auido/Daniel/DanielV7.uasset" 868
"E:/SeniorProject/PollutionProject/SeniorProject/Content/Assets/Recording/Final_Auido/Daniel/DanielV8.uasset" 869
"E:/SeniorProject/PollutionProject/SeniorProject/Content/Assets/Recording/Final_Auido/Daniel/DanielV9.uasset" 870
"E:/SeniorProject/PollutionProject/SeniorProject/Content/Assets/structure/Building_001A.uasset" 871
"E:/SeniorProject/PollutionProject/SeniorProject/Content/Assets/structure/Building_001D.uasset" 872
"E:/SeniorProject/PollutionProject/SeniorProject/Content/Assets/structure/Building_001F.uasset" 873
"E:/SeniorProject/PollutionProject/SeniorProject/Content/Assets/structure/Building_001G.uasset" 874
"E:/SeniorProject/PollutionProject/SeniorProject/Content/Assets/structure/Building_001H.uasset" 875
"E:/SeniorProject/PollutionProject/SeniorProject/Content/Assets/structure/Building_001J.uasset" 876
"E:/SeniorProject/PollutionProject/SeniorProject/Content/Assets/structure/Building_001O.uasset" 877
"E:/SeniorProject/PollutionProject/SeniorProject/Content/Assets/structure/Building_001Q.uasset" 878
"E:/SeniorProject/PollutionProject/SeniorProject/Content/Assets/structure/Building_001R.uasset" 879
"E:/SeniorProject/PollutionProject/SeniorProject/Content/Assets/Trash/Bottle_001A.uasset" 880
"E:/SeniorProject/PollutionProject/SeniorProject/Content/Assets/Trash/Can_001A.uasset" 881
"E:/SeniorProject/PollutionProject/SeniorProject/Content/Assets/Trash/Can_001B.uasset" 882
"E:/SeniorProject/PollutionProject/SeniorProject/Content/Assets/Trash/Paper_001A.uasset" 883
"E:/SeniorProject/PollutionProject/SeniorProject/Content/Assets/Trash/Rings_001A.uasset" 884
"E:/SeniorProject/PollutionProject/SeniorProject/Content/Assets/Unwrap/TrimSheet_Low_DefaultMaterial_BaseColor.uasset" 885
"E:/SeniorProject/PollutionProject/SeniorProject/Content/Assets/Unwrap/TrimSheet_Low_DefaultMaterial_Normal.uasset" 886
"E:/SeniorProject/PollutionProject/SeniorProject/Content/Assets/Unwrap/TrimSheet_Low_DefaultMaterial_OcclusionRoughnessMetallic.uasset" 887
"E:/SeniorProject/PollutionProject/SeniorProject/Content/Assets/Unwrap/Material__77.uasset" 888
"E:/SeniorProject/PollutionProject/SeniorProject/Content/Assets/Unwrap/Fountain_001A.uasset" 889
"E:/SeniorProject/PollutionProject/SeniorProject/Content/Assets/Windows/Awning_001B.uasset" 890
"E:/SeniorProject/PollutionProject/SeniorProject/Content/Assets/Windows/Awning_001C.uasset" 891
"E:/SeniorProject/PollutionProject/SeniorProject/Content/Assets/Windows/Barrier_001A.uasset" 892
"E:/SeniorProject/PollutionProject/SeniorProject/Content/Assets/Windows/Bench_001A.uasset" 893
"E:/SeniorProject/PollutionProject/SeniorProject/Content/Assets/Windows/Berral_001A.uasset" 894
"E:/SeniorProject/PollutionProject/SeniorProject/Content/Assets/Windows/BrokenBench_001A.uasset" 895
"E:/SeniorProject/PollutionProject/SeniorProject/Content/Assets/Windows/Chimney_001A.uasset" 896
"E:/SeniorProject/PollutionProject/SeniorProject/Content/Assets/Windows/ClockTower_001A.uasset" 897
"E:/SeniorProject/PollutionProject/SeniorProject/Content/Assets/Windows/Crate_001A.uasset" 898
"E:/SeniorProject/PollutionProject/SeniorProject/Content/Assets/Windows/Door_001C.uasset" 899
"E:/SeniorProject/PollutionProject/SeniorProject/Content/Assets/Windows/DumpsterSmall_001A.uasset" 900
"E:/SeniorProject/PollutionProject/SeniorProject/Content/Assets/Windows/FenceEnd_001A.uasset" 901
"E:/SeniorProject/PollutionProject/SeniorProject/Content/Assets/Windows/FlashLight_001A.uasset" 902
"E:/SeniorProject/PollutionProject/SeniorProject/Content/Assets/Windows/Lamp_001A.uasset" 903
"E:/SeniorProject/PollutionProject/SeniorProject/Content/Assets/Windows/Market_001A.uasset" 904
"E:/SeniorProject/PollutionProject/SeniorProject/Content/Assets/Windows/Radio_001A.uasset" 905
"E:/SeniorProject/PollutionProject/SeniorProject/Content/Assets/Windows/SideWalk_001A.uasset" 906
"E:/SeniorProject/PollutionProject/SeniorProject/Content/Assets/Windows/SideWalkCorner_001A.uasset" 907
"E:/SeniorProject/PollutionProject/SeniorProject/Content/Assets/Windows/Sign_001B.uasset" 908
"E:/SeniorProject/PollutionProject/SeniorProject/Content/Assets/Windows/TrashCan_001A.uasset" 909
"E:/SeniorProject/PollutionProject/SeniorProject/Content/Assets/Windows/Window_001D.uasset" 910
"E:/SeniorProject/PollutionProject/SeniorProject/Content/Assets/Windows/Window_001I.uasset" 911
"E:/SeniorProject/PollutionProject/SeniorProject/Content/Assets/Windows/Window_001J.uasset" 912
"E:/SeniorProject/PollutionProject/SeniorProject/Content/Assets/Windows/Window_001M.uasset" 913
"E:/SeniorProject/PollutionProject/SeniorProject/Content/Particles/XButton.uasset" 914
"E:/SeniorProject/PollutionProject/SeniorProject/Content/Particles/XMat.uasset" 915
"E:/SeniorProject/PollutionProject/SeniorProject/Content/Particles/FloatingXButton.uasset" 916
"E:/SeniorProject/PollutionProject/SeniorProject/Content/Levels/GreyBoxLVL4.umap" 917
"E:/SeniorProject/PollutionProject/SeniorProject/Content/Blueprints/StartScreen.uasset" 918
"E:/SeniorProject/PollutionProject/SeniorProject/Content/Blueprints/VirtualController.uasset" 919
"E:/SeniorProject/PollutionProject/SeniorProject/Content/FirstPerson/Textures/FirstPersonCrosshair.uasset" 920
"E:/SeniorProject/PollutionProject/SeniorProject/Content/FirstPersonBP/Blueprints/FirstPersonHUD.uasset" 921
"E:/SeniorProject/PollutionProject/SeniorProject/Content/FirstPersonBP/Blueprints/FirstPersonGameMode.uasset" 922
"E:/SeniorProject/PollutionProject/SeniorProject/Content/Assets/GB_Moldes/GB_Lighthouse.uasset" 923
"E:/SeniorProject/PollutionProject/SeniorProject/Content/Assets/GB_Moldes/GB_ParkingStruckture.uasset" 924
"E:/SeniorProject/PollutionProject/SeniorProject/Content/Assets/LowPolyAssets/Barrier.uasset" 925
"E:/SeniorProject/PollutionProject/SeniorProject/Content/Assets/LowPolyAssets/boat.uasset" 926
"E:/SeniorProject/PollutionProject/SeniorProject/Content/Assets/LowPolyAssets/Building1.uasset" 927
"E:/SeniorProject/PollutionProject/SeniorProject/Content/Assets/LowPolyAssets/Building2.uasset" 928
"E:/SeniorProject/PollutionProject/SeniorProject/Content/Assets/LowPolyAssets/BuildingConecter.uasset" 929
"E:/SeniorProject/PollutionProject/SeniorProject/Content/Assets/LowPolyAssets/ClockTower.uasset" 930
"E:/SeniorProject/PollutionProject/SeniorProject/Content/Assets/LowPolyAssets/DoorHat.uasset" 931
"E:/SeniorProject/PollutionProject/SeniorProject/Content/Assets/LowPolyAssets/Fence.uasset" 932
"E:/SeniorProject/PollutionProject/SeniorProject/Content/Assets/LowPolyAssets/Fountain.uasset" 933
"E:/SeniorProject/PollutionProject/SeniorProject/Content/Assets/LowPolyAssets/House_02.uasset" 934
"E:/SeniorProject/PollutionProject/SeniorProject/Content/Assets/LowPolyAssets/LightHouse.uasset" 935
"E:/SeniorProject/PollutionProject/SeniorProject/Content/Assets/LowPolyAssets/Market.uasset" 936
"E:/SeniorProject/PollutionProject/SeniorProject/Content/Assets/LowPolyAssets/rope.uasset" 937
"E:/SeniorProject/PollutionProject/SeniorProject/Content/Assets/LowPolyAssets/shirt.uasset" 938
"E:/SeniorProject/PollutionProject/SeniorProject/Content/Assets/Newspapers/ClosedSign.uasset" 939
"E:/SeniorProject/PollutionProject/SeniorProject/Content/Assets/Newspapers/N2.uasset" 940
"E:/SeniorProject/PollutionProject/SeniorProject/Content/Assets/Newspapers/N5.uasset" 941
"E:/SeniorProject/PollutionProject/SeniorProject/Content/Pictures/ButtonFarwellSpeech.uasset" 942
"E:/SeniorProject/PollutionProject/SeniorProject/Content/TitleText.uasset" 943
"E:/SeniorProject/PollutionProject/SeniorProject/Content/UI/MainMenu.uasset" 944
"E:/SeniorProject/PollutionProject/SeniorProject/Content/Levels/MainMenu.umap" 945
