Log file open, 02/27/20 12:32:17
LogWindows: Failed to load 'aqProf.dll' (GetLastError=126)
LogWindows: File 'aqProf.dll' does not exist
LogWindows: Failed to load 'VtuneApi.dll' (GetLastError=126)
LogWindows: File 'VtuneApi.dll' does not exist
LogWindows: Failed to load 'VtuneApi32e.dll' (GetLastError=126)
LogWindows: File 'VtuneApi32e.dll' does not exist
LogConsoleResponse: Display: Failed to find resolution value strings in scalability ini. Falling back to default.
LogInit: Display: Running engine for game: SeniorProject
LogPakFile: Registered encryption key '00000000000000000000000000000000': 0 pak files mounted, 0 remain pending
LogPlatformFile: Not using cached read wrapper
LogTaskGraph: Started task graph with 5 named threads and 23 total threads with 3 sets of task threads.
LogStats: Stats thread started at 4.962096
LogD3D11RHI: Loaded GFSDK_Aftermath_Lib.x64.dll
LogICUInternationalization: ICU TimeZone Detection - Raw Offset: -5:00, Platform Override: ''
LogPluginManager: Mounting plugin Paper2D
LogPluginManager: Mounting plugin AISupport
LogPluginManager: Mounting plugin LightPropagationVolume
LogPluginManager: Mounting plugin ActorLayerUtilities
LogPluginManager: Mounting plugin AnimationSharing
LogPluginManager: Mounting plugin CLionSourceCodeAccess
LogPluginManager: Mounting plugin CodeLiteSourceCodeAccess
LogPluginManager: Mounting plugin GitSourceControl
LogPluginManager: Mounting plugin KDevelopSourceCodeAccess
LogPluginManager: Mounting plugin NullSourceCodeAccess
LogPluginManager: Mounting plugin PerforceSourceControl
LogPluginManager: Mounting plugin SubversionSourceControl
LogPluginManager: Mounting plugin UObjectPlugin
LogPluginManager: Mounting plugin VisualStudioCodeSourceCodeAccess
LogPluginManager: Mounting plugin VisualStudioSourceCodeAccess
LogPluginManager: Mounting plugin XCodeSourceCodeAccess
LogPluginManager: Mounting plugin AssetManagerEditor
LogPluginManager: Mounting plugin CryptoKeys
LogPluginManager: Mounting plugin DataValidation
LogPluginManager: Mounting plugin EditorScriptingUtilities
LogPluginManager: Mounting plugin FacialAnimation
LogPluginManager: Mounting plugin GameplayTagsEditor
LogPluginManager: Mounting plugin GLTFImporter
LogPluginManager: Mounting plugin MacGraphicsSwitching
LogPluginManager: Mounting plugin MaterialAnalyzer
LogPluginManager: Mounting plugin MeshEditor
LogPluginManager: Mounting plugin MobileLauncherProfileWizard
LogPluginManager: Mounting plugin PluginBrowser
LogPluginManager: Mounting plugin SpeedTreeImporter
LogPluginManager: Mounting plugin DatasmithContent
LogPluginManager: Mounting plugin VariantManagerContent
LogPluginManager: Mounting plugin AlembicImporter
LogPluginManager: Mounting plugin AppleImageUtils
LogPluginManager: Mounting plugin AppleVision
LogPluginManager: Mounting plugin BackChannel
LogPluginManager: Mounting plugin BlastPlugin
LogPluginManager: Mounting plugin ChaosSolverPlugin
LogPluginManager: Mounting plugin CharacterAI
LogPluginManager: Mounting plugin GeometryCache
LogPluginManager: Mounting plugin GeometryCollectionPlugin
LogPluginManager: Mounting plugin HTML5Networking
LogPluginManager: Mounting plugin ProxyLODPlugin
LogPluginManager: Mounting plugin SkeletalReduction
LogPluginManager: Mounting plugin MagicLeap
LogPluginManager: Mounting plugin MagicLeapMedia
LogPluginManager: Mounting plugin AndroidMedia
LogPluginManager: Mounting plugin AvfMedia
LogPluginManager: Mounting plugin ImgMedia
LogPluginManager: Mounting plugin LinearTimecode
LogPluginManager: Mounting plugin MediaCompositing
LogPluginManager: Mounting plugin MediaPlayerEditor
LogPluginManager: Mounting plugin WebMMedia
LogPluginManager: Mounting plugin WmfMedia
LogPluginManager: Mounting plugin TcpMessaging
LogPluginManager: Mounting plugin UdpMessaging
LogPluginManager: Mounting plugin ActorSequence
LogPluginManager: Mounting plugin LevelSequenceEditor
LogPluginManager: Mounting plugin MatineeToLevelSequence
LogPluginManager: Mounting plugin NetcodeUnitTest
LogPluginManager: Mounting plugin NUTUnrealEngine4
LogPluginManager: Mounting plugin OnlineSubsystemGooglePlay
LogPluginManager: Mounting plugin OnlineSubsystemIOS
LogPluginManager: Mounting plugin OnlineSubsystem
LogPluginManager: Mounting plugin OnlineSubsystemNull
LogPluginManager: Mounting plugin OnlineSubsystemUtils
LogPluginManager: Mounting plugin LauncherChunkInstaller
LogPluginManager: Mounting plugin AndroidDeviceProfileSelector
LogPluginManager: Mounting plugin AndroidMoviePlayer
LogPluginManager: Mounting plugin AndroidPermission
LogPluginManager: Mounting plugin AppleMoviePlayer
LogPluginManager: Mounting plugin ArchVisCharacter
LogPluginManager: Mounting plugin AudioCapture
LogPluginManager: Mounting plugin CableComponent
LogPluginManager: Mounting plugin CustomMeshComponent
LogPluginManager: Mounting plugin EditableMesh
LogPluginManager: Mounting plugin ExampleDeviceProfileSelector
LogPluginManager: Mounting plugin Firebase
LogPluginManager: Mounting plugin GoogleCloudMessaging
LogPluginManager: Mounting plugin IOSDeviceProfileSelector
LogPluginManager: Mounting plugin LinuxDeviceProfileSelector
LogPluginManager: Mounting plugin LocationServicesBPLibrary
LogPluginManager: Mounting plugin MobilePatchingUtils
LogPluginManager: Mounting plugin OculusVR
LogPluginManager: Mounting plugin PhysXVehicles
LogPluginManager: Mounting plugin ProceduralMeshComponent
LogPluginManager: Mounting plugin RuntimePhysXCooking
LogPluginManager: Mounting plugin SignificanceManager
LogPluginManager: Mounting plugin SteamVR
LogPluginManager: Mounting plugin WebMMoviePlayer
LogPluginManager: Mounting plugin WindowsMoviePlayer
LogPluginManager: Mounting plugin DatasmithCADImporter
LogPluginManager: Mounting plugin DatasmithDataPrepEditor
LogPluginManager: Mounting plugin DatasmithFBXImporter
LogPluginManager: Mounting plugin DatasmithGLTFImporter
LogPluginManager: Mounting plugin DatasmithImporter
LogPluginManager: Mounting plugin MDLImporter
LogPluginManager: Mounting plugin StaticMeshEditorExtension
LogPluginManager: Mounting plugin VariantManager
LogInit: Using libcurl 7.55.1-DEV
LogInit:  - built for x86_64-pc-win32
LogInit:  - supports SSL with OpenSSL/1.1.1
LogInit:  - supports HTTP deflate (compression) using libz 1.2.8
LogInit:  - other features:
LogInit:      CURL_VERSION_SSL
LogInit:      CURL_VERSION_LIBZ
LogInit:      CURL_VERSION_IPV6
LogInit:      CURL_VERSION_ASYNCHDNS
LogInit:      CURL_VERSION_LARGEFILE
LogInit:      CURL_VERSION_IDN
LogInit:  CurlRequestOptions (configurable via config and command line):
LogInit:  - bVerifyPeer = true  - Libcurl will verify peer certificate
LogInit:  - bUseHttpProxy = false  - Libcurl will NOT use HTTP proxy
LogInit:  - bDontReuseConnections = false  - Libcurl will reuse connections
LogInit:  - MaxHostConnections = 16  - Libcurl will limit the number of connections to a host
LogInit:  - LocalHostAddr = Default
LogInit:  - BufferSize = 65536
LogInit: WinSock: version 1.1 (2.2), MaxSocks=32767, MaxUdp=65467
LogHMD: Failed initializing OVRPlugin 1.32.0
LogInit: Build: ++UE4+Release-4.22-CL-7053642
LogInit: Engine Version: 4.22.3-7053642+++UE4+Release-4.22
LogInit: Compatible Engine Version: 4.22.0-5660361+++UE4+Release-4.22
LogInit: Net CL: 5660361
LogInit: OS: Windows 10 (Release 1903) (), CPU: Intel(R) Core(TM) i7-7700HQ CPU @ 2.80GHz, GPU: NVIDIA GeForce GTX 1070
LogInit: Compiled (64-bit): Jun 18 2019 03:09:11
LogInit: Compiled with Visual C++: 19.16.27025.01
LogInit: Build Configuration: Development
LogInit: Branch Name: ++UE4+Release-4.22
LogInit: Command Line:  -skipcompile
LogInit: Base Directory: D:/TheBestGame/UE_4.22/Engine/Binaries/Win64/
LogInit: Installed Engine Build: 1
LogDevObjectVersion: Number of dev versions registered: 23
LogDevObjectVersion:   Dev-Blueprints (B0D832E4-1F89-4F0D-ACCF-7EB736FD4AA2): 10
LogDevObjectVersion:   Dev-Build (E1C64328-A22C-4D53-A36C-8E866417BD8C): 0
LogDevObjectVersion:   Dev-Core (375EC13C-06E4-48FB-B500-84F0262A717E): 3
LogDevObjectVersion:   Dev-Editor (E4B068ED-F494-42E9-A231-DA0B2E46BB41): 30
LogDevObjectVersion:   Dev-Framework (CFFC743F-43B0-4480-9391-14DF171D2073): 35
LogDevObjectVersion:   Dev-Mobile (B02B49B5-BB20-44E9-A304-32B752E40360): 2
LogDevObjectVersion:   Dev-Networking (A4E4105C-59A1-49B5-A7C5-40C4547EDFEE): 0
LogDevObjectVersion:   Dev-Online (39C831C9-5AE6-47DC-9A44-9C173E1C8E7C): 0
LogDevObjectVersion:   Dev-Physics (78F01B33-EBEA-4F98-B9B4-84EACCB95AA2): 0
LogDevObjectVersion:   Dev-Platform (6631380F-2D4D-43E0-8009-CF276956A95A): 0
LogDevObjectVersion:   Dev-Rendering (12F88B9F-8875-4AFC-A67C-D90C383ABD29): 28
LogDevObjectVersion:   Dev-Sequencer (7B5AE74C-D270-4C10-A958-57980B212A5A): 11
LogDevObjectVersion:   Dev-VR (D7296918-1DD6-4BDD-9DE2-64A83CC13884): 2
LogDevObjectVersion:   Dev-LoadTimes (C2A15278-BFE7-4AFE-6C17-90FF531DF755): 1
LogDevObjectVersion:   Private-Geometry (6EACA3D4-40EC-4CC1-B786-8BED09428FC5): 3
LogDevObjectVersion:   Dev-AnimPhys (29E575DD-E0A3-4627-9D10-D276232CDCEA): 17
LogDevObjectVersion:   Dev-Anim (AF43A65D-7FD3-4947-9873-3E8ED9C1BB05): 2
LogDevObjectVersion:   Dev-ReflectionCapture (6B266CEC-1EC7-4B8F-A30B-E4D90942FC07): 1
LogDevObjectVersion:   Dev-Automation (0DF73D61-A23F-47EA-B727-89E90C41499A): 1
LogDevObjectVersion:   FortniteMain (601D1886-AC64-4F84-AA16-D3DE0DEAC7D6): 25
LogDevObjectVersion:   Dev-Enterprise (9DFFBCD6-494F-0158-E221-12823C92A888): 6
LogDevObjectVersion:   Dev-Niagara (F2AED0AC-9AFE-416F-8664-AA7FFA26D6FC): 1
LogDevObjectVersion:   Dev-Destruction (174F1F0B-B4C6-45A5-B13F-2EE8D0FB917D): 2
LogInit: Presizing for max 16777216 objects, including 0 objects not considered by GC, pre-allocating 0 bytes for permanent pool.
LogInit: Object subsystem initialized
LogConfig: Setting CVar [[con.DebugEarlyDefault:1]]
LogConfig: Setting CVar [[r.setres:1280x720]]
[2020.02.27-17.32.21:561][  0]LogConfig: Setting CVar [[r.VSync:0]]
[2020.02.27-17.32.21:561][  0]LogConfig: Setting CVar [[r.RHICmdBypass:0]]
[2020.02.27-17.32.21:561][  0]LogConfig: Applying CVar settings from Section [/Script/Engine.RendererSettings] File [C:/SeniorProject/PollutionProject/SeniorProject/Saved/Config/Windows/Engine.ini]
[2020.02.27-17.32.21:561][  0]LogConfig: Setting CVar [[r.GPUCrashDebugging:0]]
[2020.02.27-17.32.21:562][  0]LogConfig: Setting CVar [[r.DefaultFeature.AutoExposure.ExtendDefaultLuminanceRange:1]]
[2020.02.27-17.32.21:562][  0]LogConfig: Setting CVar [[r.GenerateMeshDistanceFields:1]]
[2020.02.27-17.32.21:562][  0]LogConfig: Applying CVar settings from Section [/Script/Engine.RendererOverrideSettings] File [C:/SeniorProject/PollutionProject/SeniorProject/Saved/Config/Windows/Engine.ini]
[2020.02.27-17.32.21:562][  0]LogConfig: Applying CVar settings from Section [/Script/Engine.StreamingSettings] File [C:/SeniorProject/PollutionProject/SeniorProject/Saved/Config/Windows/Engine.ini]
[2020.02.27-17.32.21:562][  0]LogConfig: Setting CVar [[s.MinBulkDataSizeForAsyncLoading:131072]]
[2020.02.27-17.32.21:562][  0]LogConfig: Setting CVar [[s.AsyncLoadingThreadEnabled:0]]
[2020.02.27-17.32.21:562][  0]LogConfig: Setting CVar [[s.EventDrivenLoaderEnabled:1]]
[2020.02.27-17.32.21:562][  0]LogConfig: Setting CVar [[s.WarnIfTimeLimitExceeded:0]]
[2020.02.27-17.32.21:562][  0]LogConfig: Setting CVar [[s.TimeLimitExceededMultiplier:1.5]]
[2020.02.27-17.32.21:562][  0]LogConfig: Setting CVar [[s.TimeLimitExceededMinTime:0.005]]
[2020.02.27-17.32.21:563][  0]LogConfig: Setting CVar [[s.UseBackgroundLevelStreaming:1]]
[2020.02.27-17.32.21:563][  0]LogConfig: Setting CVar [[s.PriorityAsyncLoadingExtraTime:15.0]]
[2020.02.27-17.32.21:563][  0]LogConfig: Setting CVar [[s.LevelStreamingActorsUpdateTimeLimit:5.0]]
[2020.02.27-17.32.21:563][  0]LogConfig: Setting CVar [[s.PriorityLevelStreamingActorsUpdateExtraTime:5.0]]
[2020.02.27-17.32.21:563][  0]LogConfig: Setting CVar [[s.LevelStreamingComponentsRegistrationGranularity:10]]
[2020.02.27-17.32.21:563][  0]LogConfig: Setting CVar [[s.UnregisterComponentsTimeLimit:1.0]]
[2020.02.27-17.32.21:563][  0]LogConfig: Setting CVar [[s.LevelStreamingComponentsUnregistrationGranularity:5]]
[2020.02.27-17.32.21:563][  0]LogConfig: Applying CVar settings from Section [/Script/Engine.GarbageCollectionSettings] File [C:/SeniorProject/PollutionProject/SeniorProject/Saved/Config/Windows/Engine.ini]
[2020.02.27-17.32.21:563][  0]LogConfig: Setting CVar [[gc.MaxObjectsNotConsideredByGC:1]]
[2020.02.27-17.32.21:564][  0]LogConfig: Setting CVar [[gc.SizeOfPermanentObjectPool:0]]
[2020.02.27-17.32.21:564][  0]LogConfig: Setting CVar [[gc.FlushStreamingOnGC:0]]
[2020.02.27-17.32.21:564][  0]LogConfig: Setting CVar [[gc.NumRetriesBeforeForcingGC:10]]
[2020.02.27-17.32.21:564][  0]LogConfig: Setting CVar [[gc.AllowParallelGC:1]]
[2020.02.27-17.32.21:564][  0]LogConfig: Setting CVar [[gc.TimeBetweenPurgingPendingKillObjects:61.1]]
[2020.02.27-17.32.21:564][  0]LogConfig: Setting CVar [[gc.MaxObjectsInEditor:16777216]]
[2020.02.27-17.32.21:564][  0]LogConfig: Setting CVar [[gc.IncrementalBeginDestroyEnabled:1]]
[2020.02.27-17.32.21:564][  0]LogConfig: Setting CVar [[gc.CreateGCClusters:1]]
[2020.02.27-17.32.21:564][  0]LogConfig: Setting CVar [[gc.MinGCClusterSize:5]]
[2020.02.27-17.32.21:564][  0]LogConfig: Setting CVar [[gc.ActorClusteringEnabled:0]]
[2020.02.27-17.32.21:564][  0]LogConfig: Setting CVar [[gc.BlueprintClusteringEnabled:0]]
[2020.02.27-17.32.21:565][  0]LogConfig: Setting CVar [[gc.UseDisregardForGCOnDedicatedServers:0]]
[2020.02.27-17.32.21:565][  0]LogConfig: Applying CVar settings from Section [/Script/Engine.NetworkSettings] File [C:/SeniorProject/PollutionProject/SeniorProject/Saved/Config/Windows/Engine.ini]
[2020.02.27-17.32.21:565][  0]LogConfig: Applying CVar settings from Section [/Script/UnrealEd.CookerSettings] File [C:/SeniorProject/PollutionProject/SeniorProject/Saved/Config/Windows/Engine.ini]
[2020.02.27-17.32.21:657][  0]LogConfig: Applying CVar settings from Section [ViewDistanceQuality@3] File [C:/SeniorProject/PollutionProject/SeniorProject/Saved/Config/Windows/Scalability.ini]
[2020.02.27-17.32.21:657][  0]LogConfig: Setting CVar [[r.SkeletalMeshLODBias:0]]
[2020.02.27-17.32.21:657][  0]LogConfig: Setting CVar [[r.ViewDistanceScale:1.0]]
[2020.02.27-17.32.21:658][  0]LogConfig: Applying CVar settings from Section [AntiAliasingQuality@3] File [C:/SeniorProject/PollutionProject/SeniorProject/Saved/Config/Windows/Scalability.ini]
[2020.02.27-17.32.21:658][  0]LogConfig: Setting CVar [[r.PostProcessAAQuality:4]]
[2020.02.27-17.32.21:658][  0]LogConfig: Applying CVar settings from Section [ShadowQuality@3] File [C:/SeniorProject/PollutionProject/SeniorProject/Saved/Config/Windows/Scalability.ini]
[2020.02.27-17.32.21:658][  0]LogConfig: Setting CVar [[r.LightFunctionQuality:1]]
[2020.02.27-17.32.21:658][  0]LogConfig: Setting CVar [[r.ShadowQuality:5]]
[2020.02.27-17.32.21:658][  0]LogConfig: Setting CVar [[r.Shadow.CSM.MaxCascades:10]]
[2020.02.27-17.32.21:658][  0]LogConfig: Setting CVar [[r.Shadow.MaxResolution:2048]]
[2020.02.27-17.32.21:659][  0]LogConfig: Setting CVar [[r.Shadow.MaxCSMResolution:2048]]
[2020.02.27-17.32.21:659][  0]LogConfig: Setting CVar [[r.Shadow.RadiusThreshold:0.01]]
[2020.02.27-17.32.21:659][  0]LogConfig: Setting CVar [[r.Shadow.DistanceScale:1.0]]
[2020.02.27-17.32.21:659][  0]LogConfig: Setting CVar [[r.Shadow.CSM.TransitionScale:1.0]]
[2020.02.27-17.32.21:659][  0]LogConfig: Setting CVar [[r.Shadow.PreShadowResolutionFactor:1.0]]
[2020.02.27-17.32.21:659][  0]LogConfig: Setting CVar [[r.DistanceFieldShadowing:1]]
[2020.02.27-17.32.21:659][  0]LogConfig: Setting CVar [[r.DistanceFieldAO:1]]
[2020.02.27-17.32.21:659][  0]LogConfig: Setting CVar [[r.AOQuality:2]]
[2020.02.27-17.32.21:660][  0]LogConfig: Setting CVar [[r.VolumetricFog:1]]
[2020.02.27-17.32.21:660][  0]LogConfig: Setting CVar [[r.VolumetricFog.GridPixelSize:8]]
[2020.02.27-17.32.21:660][  0]LogConfig: Setting CVar [[r.VolumetricFog.GridSizeZ:128]]
[2020.02.27-17.32.21:660][  0]LogConfig: Setting CVar [[r.VolumetricFog.HistoryMissSupersampleCount:4]]
[2020.02.27-17.32.21:660][  0]LogConfig: Setting CVar [[r.LightMaxDrawDistanceScale:1]]
[2020.02.27-17.32.21:660][  0]LogConfig: Setting CVar [[r.CapsuleShadows:1]]
[2020.02.27-17.32.21:661][  0]LogConfig: Applying CVar settings from Section [PostProcessQuality@3] File [C:/SeniorProject/PollutionProject/SeniorProject/Saved/Config/Windows/Scalability.ini]
[2020.02.27-17.32.21:661][  0]LogConfig: Setting CVar [[r.MotionBlurQuality:4]]
[2020.02.27-17.32.21:661][  0]LogConfig: Setting CVar [[r.AmbientOcclusionMipLevelFactor:0.4]]
[2020.02.27-17.32.21:661][  0]LogConfig: Setting CVar [[r.AmbientOcclusionMaxQuality:100]]
[2020.02.27-17.32.21:661][  0]LogConfig: Setting CVar [[r.AmbientOcclusionLevels:-1]]
[2020.02.27-17.32.21:661][  0]LogConfig: Setting CVar [[r.AmbientOcclusionRadiusScale:1.0]]
[2020.02.27-17.32.21:661][  0]LogConfig: Setting CVar [[r.DepthOfFieldQuality:2]]
[2020.02.27-17.32.21:661][  0]LogConfig: Setting CVar [[r.RenderTargetPoolMin:400]]
[2020.02.27-17.32.21:661][  0]LogConfig: Setting CVar [[r.LensFlareQuality:2]]
[2020.02.27-17.32.21:661][  0]LogConfig: Setting CVar [[r.SceneColorFringeQuality:1]]
[2020.02.27-17.32.21:661][  0]LogConfig: Setting CVar [[r.EyeAdaptationQuality:2]]
[2020.02.27-17.32.21:662][  0]LogConfig: Setting CVar [[r.BloomQuality:5]]
[2020.02.27-17.32.21:662][  0]LogConfig: Setting CVar [[r.FastBlurThreshold:100]]
[2020.02.27-17.32.21:662][  0]LogConfig: Setting CVar [[r.Upscale.Quality:3]]
[2020.02.27-17.32.21:662][  0]LogConfig: Setting CVar [[r.Tonemapper.GrainQuantization:1]]
[2020.02.27-17.32.21:662][  0]LogConfig: Setting CVar [[r.LightShaftQuality:1]]
[2020.02.27-17.32.21:662][  0]LogConfig: Setting CVar [[r.Filter.SizeScale:1]]
[2020.02.27-17.32.21:662][  0]LogConfig: Setting CVar [[r.Tonemapper.Quality:5]]
[2020.02.27-17.32.21:662][  0]LogConfig: Setting CVar [[r.DOF.Gather.AccumulatorQuality:1        ; higher gathering accumulator quality]]
[2020.02.27-17.32.21:663][  0]LogConfig: Setting CVar [[r.DOF.Gather.PostfilterMethod:1          ; Median3x3 postfilering method]]
[2020.02.27-17.32.21:663][  0]LogConfig: Setting CVar [[r.DOF.Gather.EnableBokehSettings:0       ; no bokeh simulation when gathering]]
[2020.02.27-17.32.21:663][  0]LogConfig: Setting CVar [[r.DOF.Gather.RingCount:4                 ; medium number of samples when gathering]]
[2020.02.27-17.32.21:663][  0]LogConfig: Setting CVar [[r.DOF.Scatter.ForegroundCompositing:1    ; additive foreground scattering]]
[2020.02.27-17.32.21:663][  0]LogConfig: Setting CVar [[r.DOF.Scatter.BackgroundCompositing:2    ; additive background scattering]]
[2020.02.27-17.32.21:663][  0]LogConfig: Setting CVar [[r.DOF.Scatter.EnableBokehSettings:1      ; bokeh simulation when scattering]]
[2020.02.27-17.32.21:663][  0]LogConfig: Setting CVar [[r.DOF.Scatter.MaxSpriteRatio:0.1         ; only a maximum of 10% of scattered bokeh]]
[2020.02.27-17.32.21:663][  0]LogConfig: Setting CVar [[r.DOF.Recombine.Quality:1                ; cheap slight out of focus]]
[2020.02.27-17.32.21:663][  0]LogConfig: Setting CVar [[r.DOF.Recombine.EnableBokehSettings:0    ; no bokeh simulation on slight out of focus]]
[2020.02.27-17.32.21:664][  0]LogConfig: Setting CVar [[r.DOF.TemporalAAQuality:1                ; more stable temporal accumulation]]
[2020.02.27-17.32.21:664][  0]LogConfig: Setting CVar [[r.DOF.Kernel.MaxForegroundRadius:0.025]]
[2020.02.27-17.32.21:664][  0]LogConfig: Setting CVar [[r.DOF.Kernel.MaxBackgroundRadius:0.025]]
[2020.02.27-17.32.21:664][  0]LogConfig: Applying CVar settings from Section [TextureQuality@3] File [C:/SeniorProject/PollutionProject/SeniorProject/Saved/Config/Windows/Scalability.ini]
[2020.02.27-17.32.21:664][  0]LogConfig: Setting CVar [[r.Streaming.MipBias:0]]
[2020.02.27-17.32.21:664][  0]LogConfig: Setting CVar [[r.Streaming.AmortizeCPUToGPUCopy:0]]
[2020.02.27-17.32.21:664][  0]LogConfig: Setting CVar [[r.Streaming.MaxNumTexturesToStreamPerFrame:0]]
[2020.02.27-17.32.21:664][  0]LogConfig: Setting CVar [[r.Streaming.Boost:1]]
[2020.02.27-17.32.21:664][  0]LogConfig: Setting CVar [[r.MaxAnisotropy:8]]
[2020.02.27-17.32.21:664][  0]LogConfig: Setting CVar [[r.Streaming.LimitPoolSizeToVRAM:0]]
[2020.02.27-17.32.21:664][  0]LogConfig: Setting CVar [[r.Streaming.PoolSize:1000]]
[2020.02.27-17.32.21:664][  0]LogConfig: Setting CVar [[r.Streaming.MaxEffectiveScreenSize:0]]
[2020.02.27-17.32.21:665][  0]LogConfig: Applying CVar settings from Section [EffectsQuality@3] File [C:/SeniorProject/PollutionProject/SeniorProject/Saved/Config/Windows/Scalability.ini]
[2020.02.27-17.32.21:665][  0]LogConfig: Setting CVar [[r.TranslucencyLightingVolumeDim:64]]
[2020.02.27-17.32.21:665][  0]LogConfig: Setting CVar [[r.RefractionQuality:2]]
[2020.02.27-17.32.21:665][  0]LogConfig: Setting CVar [[r.SSR.Quality:3]]
[2020.02.27-17.32.21:665][  0]LogConfig: Setting CVar [[r.SceneColorFormat:4]]
[2020.02.27-17.32.21:665][  0]LogConfig: Setting CVar [[r.DetailMode:2]]
[2020.02.27-17.32.21:665][  0]LogConfig: Setting CVar [[r.TranslucencyVolumeBlur:1]]
[2020.02.27-17.32.21:665][  0]LogConfig: Setting CVar [[r.MaterialQualityLevel:1 ; High quality]]
[2020.02.27-17.32.21:665][  0]LogConfig: Setting CVar [[r.SSS.Scale:1]]
[2020.02.27-17.32.21:665][  0]LogConfig: Setting CVar [[r.SSS.SampleSet:2]]
[2020.02.27-17.32.21:665][  0]LogConfig: Setting CVar [[r.SSS.Quality:1]]
[2020.02.27-17.32.21:666][  0]LogConfig: Setting CVar [[r.SSS.HalfRes:1]]
[2020.02.27-17.32.21:666][  0]LogConfig: Setting CVar [[r.EmitterSpawnRateScale:1.0]]
[2020.02.27-17.32.21:666][  0]LogConfig: Setting CVar [[r.ParticleLightQuality:2]]
[2020.02.27-17.32.21:666][  0]LogConfig: Applying CVar settings from Section [FoliageQuality@3] File [C:/SeniorProject/PollutionProject/SeniorProject/Saved/Config/Windows/Scalability.ini]
[2020.02.27-17.32.21:666][  0]LogConfig: Setting CVar [[foliage.DensityScale:1.0]]
[2020.02.27-17.32.21:666][  0]LogConfig: Setting CVar [[grass.DensityScale:1.0]]
[2020.02.27-17.32.21:683][  0]LogInit: Selected Device Profile: [Windows]
[2020.02.27-17.32.21:683][  0]LogInit: Applying CVar settings loaded from the selected device profile: [Windows]
[2020.02.27-17.32.21:759][  0]LogHAL: Display: Platform has ~ 16 GB [17130708992 / 17179869184 / 16], which maps to Larger [LargestMinGB=32, LargerMinGB=12, DefaultMinGB=8, SmallerMinGB=6, SmallestMinGB=0)
[2020.02.27-17.32.21:769][  0]LogConfig: Setting CVar [[r.Vulkan.UseRealUBs:0		; Required until we fix HLR fall-out]]
[2020.02.27-17.32.21:770][  0]LogInit: Going up to parent DeviceProfile []
[2020.02.27-17.32.21:781][  0]LogConfig: Applying CVar settings from Section [ViewDistanceQuality@3] File [C:/SeniorProject/PollutionProject/SeniorProject/Saved/Config/Windows/Scalability.ini]
[2020.02.27-17.32.21:781][  0]LogConfig: Setting CVar [[r.SkeletalMeshLODBias:0]]
[2020.02.27-17.32.21:781][  0]LogConfig: Setting CVar [[r.ViewDistanceScale:1.0]]
[2020.02.27-17.32.21:781][  0]LogConfig: Applying CVar settings from Section [AntiAliasingQuality@3] File [C:/SeniorProject/PollutionProject/SeniorProject/Saved/Config/Windows/Scalability.ini]
[2020.02.27-17.32.21:781][  0]LogConfig: Setting CVar [[r.PostProcessAAQuality:4]]
[2020.02.27-17.32.21:781][  0]LogConfig: Applying CVar settings from Section [ShadowQuality@3] File [C:/SeniorProject/PollutionProject/SeniorProject/Saved/Config/Windows/Scalability.ini]
[2020.02.27-17.32.21:781][  0]LogConfig: Setting CVar [[r.LightFunctionQuality:1]]
[2020.02.27-17.32.21:781][  0]LogConfig: Setting CVar [[r.ShadowQuality:5]]
[2020.02.27-17.32.21:781][  0]LogConfig: Setting CVar [[r.Shadow.CSM.MaxCascades:10]]
[2020.02.27-17.32.21:782][  0]LogConfig: Setting CVar [[r.Shadow.MaxResolution:2048]]
[2020.02.27-17.32.21:782][  0]LogConfig: Setting CVar [[r.Shadow.MaxCSMResolution:2048]]
[2020.02.27-17.32.21:782][  0]LogConfig: Setting CVar [[r.Shadow.RadiusThreshold:0.01]]
[2020.02.27-17.32.21:782][  0]LogConfig: Setting CVar [[r.Shadow.DistanceScale:1.0]]
[2020.02.27-17.32.21:782][  0]LogConfig: Setting CVar [[r.Shadow.CSM.TransitionScale:1.0]]
[2020.02.27-17.32.21:782][  0]LogConfig: Setting CVar [[r.Shadow.PreShadowResolutionFactor:1.0]]
[2020.02.27-17.32.21:782][  0]LogConfig: Setting CVar [[r.DistanceFieldShadowing:1]]
[2020.02.27-17.32.21:782][  0]LogConfig: Setting CVar [[r.DistanceFieldAO:1]]
[2020.02.27-17.32.21:782][  0]LogConfig: Setting CVar [[r.AOQuality:2]]
[2020.02.27-17.32.21:782][  0]LogConfig: Setting CVar [[r.VolumetricFog:1]]
[2020.02.27-17.32.21:783][  0]LogConfig: Setting CVar [[r.VolumetricFog.GridPixelSize:8]]
[2020.02.27-17.32.21:783][  0]LogConfig: Setting CVar [[r.VolumetricFog.GridSizeZ:128]]
[2020.02.27-17.32.21:783][  0]LogConfig: Setting CVar [[r.VolumetricFog.HistoryMissSupersampleCount:4]]
[2020.02.27-17.32.21:783][  0]LogConfig: Setting CVar [[r.LightMaxDrawDistanceScale:1]]
[2020.02.27-17.32.21:783][  0]LogConfig: Setting CVar [[r.CapsuleShadows:1]]
[2020.02.27-17.32.21:783][  0]LogConfig: Applying CVar settings from Section [PostProcessQuality@3] File [C:/SeniorProject/PollutionProject/SeniorProject/Saved/Config/Windows/Scalability.ini]
[2020.02.27-17.32.21:783][  0]LogConfig: Setting CVar [[r.MotionBlurQuality:4]]
[2020.02.27-17.32.21:783][  0]LogConfig: Setting CVar [[r.AmbientOcclusionMipLevelFactor:0.4]]
[2020.02.27-17.32.21:783][  0]LogConfig: Setting CVar [[r.AmbientOcclusionMaxQuality:100]]
[2020.02.27-17.32.21:783][  0]LogConfig: Setting CVar [[r.AmbientOcclusionLevels:-1]]
[2020.02.27-17.32.21:783][  0]LogConfig: Setting CVar [[r.AmbientOcclusionRadiusScale:1.0]]
[2020.02.27-17.32.21:784][  0]LogConfig: Setting CVar [[r.DepthOfFieldQuality:2]]
[2020.02.27-17.32.21:784][  0]LogConfig: Setting CVar [[r.RenderTargetPoolMin:400]]
[2020.02.27-17.32.21:784][  0]LogConfig: Setting CVar [[r.LensFlareQuality:2]]
[2020.02.27-17.32.21:784][  0]LogConfig: Setting CVar [[r.SceneColorFringeQuality:1]]
[2020.02.27-17.32.21:784][  0]LogConfig: Setting CVar [[r.EyeAdaptationQuality:2]]
[2020.02.27-17.32.21:784][  0]LogConfig: Setting CVar [[r.BloomQuality:5]]
[2020.02.27-17.32.21:784][  0]LogConfig: Setting CVar [[r.FastBlurThreshold:100]]
[2020.02.27-17.32.21:784][  0]LogConfig: Setting CVar [[r.Upscale.Quality:3]]
[2020.02.27-17.32.21:785][  0]LogConfig: Setting CVar [[r.Tonemapper.GrainQuantization:1]]
[2020.02.27-17.32.21:785][  0]LogConfig: Setting CVar [[r.LightShaftQuality:1]]
[2020.02.27-17.32.21:785][  0]LogConfig: Setting CVar [[r.Filter.SizeScale:1]]
[2020.02.27-17.32.21:785][  0]LogConfig: Setting CVar [[r.Tonemapper.Quality:5]]
[2020.02.27-17.32.21:785][  0]LogConfig: Setting CVar [[r.DOF.Gather.AccumulatorQuality:1        ; higher gathering accumulator quality]]
[2020.02.27-17.32.21:785][  0]LogConfig: Setting CVar [[r.DOF.Gather.PostfilterMethod:1          ; Median3x3 postfilering method]]
[2020.02.27-17.32.21:785][  0]LogConfig: Setting CVar [[r.DOF.Gather.EnableBokehSettings:0       ; no bokeh simulation when gathering]]
[2020.02.27-17.32.21:785][  0]LogConfig: Setting CVar [[r.DOF.Gather.RingCount:4                 ; medium number of samples when gathering]]
[2020.02.27-17.32.21:786][  0]LogConfig: Setting CVar [[r.DOF.Scatter.ForegroundCompositing:1    ; additive foreground scattering]]
[2020.02.27-17.32.21:786][  0]LogConfig: Setting CVar [[r.DOF.Scatter.BackgroundCompositing:2    ; additive background scattering]]
[2020.02.27-17.32.21:786][  0]LogConfig: Setting CVar [[r.DOF.Scatter.EnableBokehSettings:1      ; bokeh simulation when scattering]]
[2020.02.27-17.32.21:786][  0]LogConfig: Setting CVar [[r.DOF.Scatter.MaxSpriteRatio:0.1         ; only a maximum of 10% of scattered bokeh]]
[2020.02.27-17.32.21:786][  0]LogConfig: Setting CVar [[r.DOF.Recombine.Quality:1                ; cheap slight out of focus]]
[2020.02.27-17.32.21:786][  0]LogConfig: Setting CVar [[r.DOF.Recombine.EnableBokehSettings:0    ; no bokeh simulation on slight out of focus]]
[2020.02.27-17.32.21:786][  0]LogConfig: Setting CVar [[r.DOF.TemporalAAQuality:1                ; more stable temporal accumulation]]
[2020.02.27-17.32.21:786][  0]LogConfig: Setting CVar [[r.DOF.Kernel.MaxForegroundRadius:0.025]]
[2020.02.27-17.32.21:786][  0]LogConfig: Setting CVar [[r.DOF.Kernel.MaxBackgroundRadius:0.025]]
[2020.02.27-17.32.21:786][  0]LogConfig: Applying CVar settings from Section [TextureQuality@3] File [C:/SeniorProject/PollutionProject/SeniorProject/Saved/Config/Windows/Scalability.ini]
[2020.02.27-17.32.21:787][  0]LogConfig: Setting CVar [[r.Streaming.MipBias:0]]
[2020.02.27-17.32.21:787][  0]LogConfig: Setting CVar [[r.Streaming.AmortizeCPUToGPUCopy:0]]
[2020.02.27-17.32.21:787][  0]LogConfig: Setting CVar [[r.Streaming.MaxNumTexturesToStreamPerFrame:0]]
[2020.02.27-17.32.21:787][  0]LogConfig: Setting CVar [[r.Streaming.Boost:1]]
[2020.02.27-17.32.21:787][  0]LogConfig: Setting CVar [[r.MaxAnisotropy:8]]
[2020.02.27-17.32.21:787][  0]LogConfig: Setting CVar [[r.Streaming.LimitPoolSizeToVRAM:0]]
[2020.02.27-17.32.21:787][  0]LogConfig: Setting CVar [[r.Streaming.PoolSize:1000]]
[2020.02.27-17.32.21:787][  0]LogConfig: Setting CVar [[r.Streaming.MaxEffectiveScreenSize:0]]
[2020.02.27-17.32.21:787][  0]LogConfig: Applying CVar settings from Section [EffectsQuality@3] File [C:/SeniorProject/PollutionProject/SeniorProject/Saved/Config/Windows/Scalability.ini]
[2020.02.27-17.32.21:787][  0]LogConfig: Setting CVar [[r.TranslucencyLightingVolumeDim:64]]
[2020.02.27-17.32.21:788][  0]LogConfig: Setting CVar [[r.RefractionQuality:2]]
[2020.02.27-17.32.21:788][  0]LogConfig: Setting CVar [[r.SSR.Quality:3]]
[2020.02.27-17.32.21:788][  0]LogConfig: Setting CVar [[r.SceneColorFormat:4]]
[2020.02.27-17.32.21:788][  0]LogConfig: Setting CVar [[r.DetailMode:2]]
[2020.02.27-17.32.21:788][  0]LogConfig: Setting CVar [[r.TranslucencyVolumeBlur:1]]
[2020.02.27-17.32.21:788][  0]LogConfig: Setting CVar [[r.MaterialQualityLevel:1 ; High quality]]
[2020.02.27-17.32.21:788][  0]LogConfig: Setting CVar [[r.SSS.Scale:1]]
[2020.02.27-17.32.21:788][  0]LogConfig: Setting CVar [[r.SSS.SampleSet:2]]
[2020.02.27-17.32.21:788][  0]LogConfig: Setting CVar [[r.SSS.Quality:1]]
[2020.02.27-17.32.21:788][  0]LogConfig: Setting CVar [[r.SSS.HalfRes:1]]
[2020.02.27-17.32.21:788][  0]LogConfig: Setting CVar [[r.EmitterSpawnRateScale:1.0]]
[2020.02.27-17.32.21:788][  0]LogConfig: Setting CVar [[r.ParticleLightQuality:2]]
[2020.02.27-17.32.21:789][  0]LogConfig: Applying CVar settings from Section [FoliageQuality@3] File [C:/SeniorProject/PollutionProject/SeniorProject/Saved/Config/Windows/Scalability.ini]
[2020.02.27-17.32.21:789][  0]LogConfig: Setting CVar [[foliage.DensityScale:1.0]]
[2020.02.27-17.32.21:789][  0]LogConfig: Setting CVar [[grass.DensityScale:1.0]]
[2020.02.27-17.32.21:789][  0]LogConfig: Applying CVar settings from Section [Startup] File [../../../Engine/Config/ConsoleVariables.ini]
[2020.02.27-17.32.21:789][  0]LogConfig: Setting CVar [[net.UseAdaptiveNetUpdateFrequency:0]]
[2020.02.27-17.32.21:789][  0]LogConfig: Setting CVar [[p.chaos.AllowCreatePhysxBodies:1]]
[2020.02.27-17.32.21:789][  0]LogConfig: Applying CVar settings from Section [ConsoleVariables] File [C:/SeniorProject/PollutionProject/SeniorProject/Saved/Config/Windows/Engine.ini]
[2020.02.27-17.32.21:817][  0]LogInit: Computer: DESKTOP-L1LT82N
[2020.02.27-17.32.21:817][  0]LogInit: User: Greg
[2020.02.27-17.32.21:817][  0]LogInit: CPU Page size=4096, Cores=4
[2020.02.27-17.32.21:817][  0]LogInit: High frequency timer resolution =10.000000 MHz
[2020.02.27-17.32.21:817][  0]LogMemory: Memory total: Physical=16.0GB (16GB approx)
[2020.02.27-17.32.21:817][  0]LogMemory: Platform Memory Stats for Windows
[2020.02.27-17.32.21:818][  0]LogMemory: Process Physical Memory: 102.98 MB used, 102.99 MB peak
[2020.02.27-17.32.21:818][  0]LogMemory: Process Virtual Memory: 104.50 MB used, 104.50 MB peak
[2020.02.27-17.32.21:818][  0]LogMemory: Physical Memory: 10933.72 MB used,  5403.39 MB free, 16337.12 MB total
[2020.02.27-17.32.21:818][  0]LogMemory: Virtual Memory: 4671.19 MB used,  134213056.00 MB free, 134217728.00 MB total
[2020.02.27-17.32.25:017][  0]LogInit: Using OS detected language (en-US).
[2020.02.27-17.32.25:017][  0]LogInit: Using OS detected locale (en-US).
[2020.02.27-17.32.25:075][  0]LogTextLocalizationManager: No specific localization for 'en-US' exists, so the 'en' localization will be used.
[2020.02.27-17.32.26:029][  0]LogInit: Setting process to per monitor DPI aware
[2020.02.27-17.32.26:857][  0]LogSlate: New Slate User Created.  User Index 0, Is Virtual User: 0
[2020.02.27-17.32.26:857][  0]LogSlate: Slate User Registered.  User Index 0, Is Virtual User: 0
[2020.02.27-17.32.33:146][  0]LogHMD: Failed to initialize OpenVR with code 110
[2020.02.27-17.32.33:147][  0]LogD3D11RHI: D3D11 adapters:
[2020.02.27-17.32.33:274][  0]LogD3D11RHI:    0. 'NVIDIA GeForce GTX 1070' (Feature Level 11_0)
[2020.02.27-17.32.33:275][  0]LogD3D11RHI:       8089/0/8168 MB DedicatedVideo/DedicatedSystem/SharedSystem, Outputs:1, VendorId:0x10de
[2020.02.27-17.32.33:285][  0]LogD3D11RHI:    1. 'Microsoft Basic Render Driver' (Feature Level 11_0)
[2020.02.27-17.32.33:286][  0]LogD3D11RHI:       0/0/8168 MB DedicatedVideo/DedicatedSystem/SharedSystem, Outputs:0, VendorId:0x1414
[2020.02.27-17.32.33:286][  0]LogD3D11RHI: Chosen D3D11 Adapter: 0
[2020.02.27-17.32.33:341][  0]LogD3D11RHI: Creating new Direct3DDevice
[2020.02.27-17.32.33:342][  0]LogD3D11RHI:     GPU DeviceId: 0x1be1 (for the marketing name, search the web for "GPU Device Id")
[2020.02.27-17.32.33:342][  0]LogWindows: EnumDisplayDevices:
[2020.02.27-17.32.33:343][  0]LogWindows:    0. 'NVIDIA GeForce GTX 1070' (P:1 D:1)
[2020.02.27-17.32.33:344][  0]LogWindows:    1. 'NVIDIA GeForce GTX 1070' (P:0 D:0)
[2020.02.27-17.32.33:344][  0]LogWindows:    2. 'NVIDIA GeForce GTX 1070' (P:0 D:0)
[2020.02.27-17.32.33:345][  0]LogWindows:    3. 'NVIDIA GeForce GTX 1070' (P:0 D:0)
[2020.02.27-17.32.33:345][  0]LogWindows: DebugString: FoundDriverCount:4 
[2020.02.27-17.32.33:346][  0]LogD3D11RHI:     Adapter Name: NVIDIA GeForce GTX 1070
[2020.02.27-17.32.33:346][  0]LogD3D11RHI:   Driver Version: 388.57 (internal:23.21.13.8857, unified:388.57)
[2020.02.27-17.32.33:346][  0]LogD3D11RHI:      Driver Date: 12-4-2017
[2020.02.27-17.32.33:347][  0]LogRHI: Texture pool is 5662 MB (70% of 8089 MB)
[2020.02.27-17.32.33:410][  0]LogD3D11RHI: Async texture creation enabled
[2020.02.27-17.32.33:568][  0]LogRendererCore: FGlobalReadBuffer::InitRHI
[2020.02.27-17.32.33:574][  0]LogRendererCore: FGlobalReadBuffer::InitRHI
[2020.02.27-17.32.33:574][  0]LogRendererCore: FGlobalReadBuffer::InitRHI
[2020.02.27-17.32.33:616][  0]LogD3D11RHI: GPU Timing Frequency: 1000.000000 (Debug: 2 1)
[2020.02.27-17.32.34:345][  0]LogTemp: Display: Module 'AllDesktopTargetPlatform' loaded TargetPlatform 'AllDesktop'
[2020.02.27-17.32.34:395][  0]LogTemp: Display: Module 'MacClientTargetPlatform' loaded TargetPlatform 'MacClient'
[2020.02.27-17.32.34:426][  0]LogTemp: Display: Module 'MacNoEditorTargetPlatform' loaded TargetPlatform 'MacNoEditor'
[2020.02.27-17.32.34:457][  0]LogTemp: Display: Module 'MacServerTargetPlatform' loaded TargetPlatform 'MacServer'
[2020.02.27-17.32.34:523][  0]LogTemp: Display: Module 'MacTargetPlatform' loaded TargetPlatform 'Mac'
[2020.02.27-17.32.34:585][  0]LogTemp: Display: Module 'WindowsClientTargetPlatform' loaded TargetPlatform 'WindowsClient'
[2020.02.27-17.32.34:627][  0]LogTemp: Display: Module 'WindowsNoEditorTargetPlatform' loaded TargetPlatform 'WindowsNoEditor'
[2020.02.27-17.32.34:677][  0]LogTemp: Display: Module 'WindowsServerTargetPlatform' loaded TargetPlatform 'WindowsServer'
[2020.02.27-17.32.34:711][  0]LogTemp: Display: Module 'WindowsTargetPlatform' loaded TargetPlatform 'Windows'
[2020.02.27-17.32.34:846][  0]LogTemp: Display: Module 'AndroidTargetPlatform' loaded TargetPlatform 'Android'
[2020.02.27-17.32.34:847][  0]LogTemp: Display: Module 'AndroidTargetPlatform' loaded TargetPlatform 'Android_ASTC'
[2020.02.27-17.32.34:847][  0]LogTemp: Display: Module 'AndroidTargetPlatform' loaded TargetPlatform 'Android_ATC'
[2020.02.27-17.32.34:847][  0]LogTemp: Display: Module 'AndroidTargetPlatform' loaded TargetPlatform 'Android_DXT'
[2020.02.27-17.32.34:847][  0]LogTemp: Display: Module 'AndroidTargetPlatform' loaded TargetPlatform 'Android_ETC1'
[2020.02.27-17.32.34:847][  0]LogTemp: Display: Module 'AndroidTargetPlatform' loaded TargetPlatform 'Android_ETC1a'
[2020.02.27-17.32.34:847][  0]LogTemp: Display: Module 'AndroidTargetPlatform' loaded TargetPlatform 'Android_ETC2'
[2020.02.27-17.32.34:847][  0]LogTemp: Display: Module 'AndroidTargetPlatform' loaded TargetPlatform 'Android_PVRTC'
[2020.02.27-17.32.34:847][  0]LogTemp: Display: Module 'AndroidTargetPlatform' loaded TargetPlatform 'AndroidClient'
[2020.02.27-17.32.34:847][  0]LogTemp: Display: Module 'AndroidTargetPlatform' loaded TargetPlatform 'Android_ASTCClient'
[2020.02.27-17.32.34:848][  0]LogTemp: Display: Module 'AndroidTargetPlatform' loaded TargetPlatform 'Android_ATCClient'
[2020.02.27-17.32.34:848][  0]LogTemp: Display: Module 'AndroidTargetPlatform' loaded TargetPlatform 'Android_DXTClient'
[2020.02.27-17.32.34:848][  0]LogTemp: Display: Module 'AndroidTargetPlatform' loaded TargetPlatform 'Android_ETC1Client'
[2020.02.27-17.32.34:848][  0]LogTemp: Display: Module 'AndroidTargetPlatform' loaded TargetPlatform 'Android_ETC1aClient'
[2020.02.27-17.32.34:848][  0]LogTemp: Display: Module 'AndroidTargetPlatform' loaded TargetPlatform 'Android_ETC2Client'
[2020.02.27-17.32.34:848][  0]LogTemp: Display: Module 'AndroidTargetPlatform' loaded TargetPlatform 'Android_PVRTCClient'
[2020.02.27-17.32.34:848][  0]LogTemp: Display: Module 'AndroidTargetPlatform' loaded TargetPlatform 'Android_Multi'
[2020.02.27-17.32.34:848][  0]LogTemp: Display: Module 'AndroidTargetPlatform' loaded TargetPlatform 'Android_MultiClient'
[2020.02.27-17.32.34:877][  0]LogTemp: Display: Module 'HTML5TargetPlatform' loaded TargetPlatform 'HTML5'
[2020.02.27-17.32.35:054][  0]LogTemp: Display: Module 'IOSTargetPlatform' loaded TargetPlatform 'IOSClient'
[2020.02.27-17.32.35:055][  0]LogTemp: Display: Module 'IOSTargetPlatform' loaded TargetPlatform 'IOS'
[2020.02.27-17.32.35:133][  0]LogTemp: Display: Module 'TVOSTargetPlatform' loaded TargetPlatform 'TVOSClient'
[2020.02.27-17.32.35:134][  0]LogTemp: Display: Module 'TVOSTargetPlatform' loaded TargetPlatform 'TVOS'
[2020.02.27-17.32.35:201][  0]LogTemp: Display: Module 'LinuxClientTargetPlatform' loaded TargetPlatform 'LinuxClient'
[2020.02.27-17.32.35:250][  0]LogTemp: Display: Module 'LinuxNoEditorTargetPlatform' loaded TargetPlatform 'LinuxNoEditor'
[2020.02.27-17.32.35:287][  0]LogTemp: Display: Module 'LinuxServerTargetPlatform' loaded TargetPlatform 'LinuxServer'
[2020.02.27-17.32.35:355][  0]LogTemp: Display: Module 'LinuxTargetPlatform' loaded TargetPlatform 'Linux'
[2020.02.27-17.32.35:436][  0]LogTemp: Display: Module 'LuminTargetPlatform' loaded TargetPlatform 'Lumin'
[2020.02.27-17.32.35:436][  0]LogTemp: Display: Module 'LuminTargetPlatform' loaded TargetPlatform 'LuminClient'
[2020.02.27-17.32.35:437][  0]LogTargetPlatformManager: Display: Building Assets For Windows
[2020.02.27-17.32.35:684][  0]LogAudioDebug: Display: Lib vorbis DLL was dynamically loaded.
[2020.02.27-17.32.36:660][  0]LogShaderCompilers: Guid format shader working directory is -3 characters bigger than the processId version (C:/SeniorProject/PollutionProject/SeniorProject/Intermediate/Shaders/WorkingDirectory/19940/).
[2020.02.27-17.32.36:660][  0]LogShaderCompilers: Cleaned the shader compiler working directory 'C:/Users/Greg/AppData/Local/Temp/UnrealShaderWorkingDir/3D6CE44646FCC9D11872B3913B9B541C/'.
[2020.02.27-17.32.36:667][  0]LogXGEController: Cleaning working directory: C:/Users/Greg/AppData/Local/Temp/UnrealXGEWorkingDir/
[2020.02.27-17.32.36:668][  0]LogXGEController: Cannot use XGE Controller as Incredibuild is not installed on this machine.
[2020.02.27-17.32.36:668][  0]LogShaderCompilers: Cannot use XGE Shader Compiler as Incredibuild is not installed on this machine.
[2020.02.27-17.32.36:668][  0]LogShaderCompilers: Display: Using Local Shader Compiler.
[2020.02.27-17.32.43:958][  0]LogDerivedDataCache: Display: Max Cache Size: 512 MB
[2020.02.27-17.32.44:321][  0]LogDerivedDataCache: Loaded boot cache 0.36s 73MB C:/Users/Greg/AppData/Local/UnrealEngine/4.22/DerivedDataCache/Boot.ddc.
[2020.02.27-17.32.44:321][  0]LogDerivedDataCache: Display: Loaded Boot cache: C:/Users/Greg/AppData/Local/UnrealEngine/4.22/DerivedDataCache/Boot.ddc
[2020.02.27-17.32.44:321][  0]LogDerivedDataCache: FDerivedDataBackendGraph:  Pak pak cache file C:/SeniorProject/PollutionProject/SeniorProject/DerivedDataCache/DDC.ddp not found, will not use a pak cache.
[2020.02.27-17.32.44:321][  0]LogDerivedDataCache: Unable to find inner node Pak for hierarchical cache Hierarchy.
[2020.02.27-17.32.44:322][  0]LogDerivedDataCache: FDerivedDataBackendGraph:  CompressedPak pak cache file C:/SeniorProject/PollutionProject/SeniorProject/DerivedDataCache/Compressed.ddp not found, will not use a pak cache.
[2020.02.27-17.32.44:322][  0]LogDerivedDataCache: Unable to find inner node CompressedPak for hierarchical cache Hierarchy.
[2020.02.27-17.32.44:432][  0]LogDerivedDataCache: Display: Pak cache opened for reading ../../../Engine/DerivedDataCache/Compressed.ddp.
[2020.02.27-17.32.44:488][  0]LogDerivedDataCache: Display: Pak cache opened for reading ../../../Enterprise/DerivedDataCache/Compressed.ddp.
[2020.02.27-17.32.44:502][  0]LogDerivedDataCache: Using Local data cache path C:/Users/Greg/AppData/Local/UnrealEngine/Common/DerivedDataCache: Writable
[2020.02.27-17.32.44:503][  0]LogDerivedDataCache: Shared data cache path not found in *engine.ini, will not use an Shared cache.
[2020.02.27-17.32.44:503][  0]LogDerivedDataCache: Unable to find inner node Shared for hierarchical cache Hierarchy.
[2020.02.27-17.32.44:562][  0]LogMaterial: Verifying Global Shaders for PCD3D_SM5
[2020.02.27-17.32.44:627][  0]LogSlate: Using FreeType 2.6.0
[2020.02.27-17.32.44:785][  0]LogSlate: SlateFontServices - WITH_FREETYPE: 1, WITH_HARFBUZZ: 1
[2020.02.27-17.32.46:359][  0]LogAssetRegistry: FAssetRegistry took 0.0389 seconds to start up
[2020.02.27-17.32.52:776][  0]LogInit: Selected Device Profile: [Windows]
[2020.02.27-17.32.55:987][  0]LogMeshReduction: Using QuadricMeshReduction for automatic static mesh reduction
[2020.02.27-17.32.55:987][  0]LogMeshReduction: Using SimplygonMeshReduction for automatic skeletal mesh reduction
[2020.02.27-17.32.55:987][  0]LogMeshReduction: Using ProxyLODMeshReduction for automatic mesh merging
[2020.02.27-17.32.55:987][  0]LogMeshReduction: No distributed automatic mesh merging module available
[2020.02.27-17.32.56:010][  0]LogMeshMerging: No distributed automatic mesh merging module available
[2020.02.27-17.32.56:781][  0]LogNetVersion: SeniorProject 1.0.0, NetCL: 5660361, EngineNetVer: 10, GameNetVer: 0 (Checksum: 993350713)
[2020.02.27-17.33.04:594][  0]LogPackageLocalizationCache: Processed 16 localized package path(s) for 1 prioritized culture(s) in 0.158453 seconds
[2020.02.27-17.33.04:602][  0]LogUObjectArray: 42205 objects as part of root set at end of initial load.
[2020.02.27-17.33.04:602][  0]LogUObjectAllocator: 7325032 out of 0 bytes used by permanent object pool.
[2020.02.27-17.33.04:602][  0]LogUObjectArray: CloseDisregardForGC: 0/0 objects in disregard for GC pool
[2020.02.27-17.33.38:881][  0]LogTcpMessaging: Initializing TcpMessaging bridge
[2020.02.27-17.33.38:946][  0]LogUdpMessaging: Initializing bridge on interface 0.0.0.0:0 to multicast group 230.0.0.1:6666.
[2020.02.27-17.33.39:711][  0]LogOutputDevice: Error: Ensure condition failed: AttachmentRules.LocationRule == EAttachmentRule::KeepRelative && AttachmentRules.RotationRule == EAttachmentRule::KeepRelative && AttachmentRules.ScaleRule == EAttachmentRule::KeepRelative [File:D:\Build\++UE4\Sync\Engine\Source\Runtime\Engine\Private\Components\SceneComponent.cpp] [Line: 1786] 
AttachToComponent when called from a constructor is only setting up attachment and will always be treated as KeepRelative. Consider calling SetupAttachment directly instead.

[2020.02.27-17.33.39:711][  0]LogStats:             FDebug::EnsureFailed -  0.000 s
[2020.02.27-17.35.39:340][  0]SourceControl: Source control is disabled
[2020.02.27-17.35.44:666][  0]LogAndroidPermission: UAndroidPermissionCallbackProxy::GetInstance
[2020.02.27-17.35.45:098][  0]LogOcInput: OculusInput pre-init called
[2020.02.27-17.35.58:384][  0]LogEngine: Initializing Engine...
[2020.02.27-17.35.58:446][  0]LogHMD: Failed to initialize OpenVR with code 110
[2020.02.27-17.35.58:467][  0]LogStats: UGameplayTagsManager::InitializeManager -  0.001 s
[2020.02.27-17.35.59:055][  0]LogInit: Initializing FReadOnlyCVARCache
[2020.02.27-17.35.59:499][  0]LogAIModule: Creating AISystem for world Untitled
[2020.02.27-17.35.59:747][  0]LogInit: XAudio2 using 'Speakers (Realtek High Definition Audio)' : 6 channels at 48 kHz using 32 bits per sample (channel mask 0x3f)
[2020.02.27-17.36.00:068][  0]LogInit: FAudioDevice initialized.
[2020.02.27-17.36.00:068][  0]LogNetVersion: Set ProjectVersion to 1.0.0.0. Version Checksum will be recalculated on next use.
[2020.02.27-17.36.00:244][  0]LogDerivedDataCache: Saved boot cache 0.18s 73MB C:/Users/Greg/AppData/Local/UnrealEngine/4.22/DerivedDataCache/Boot.ddc.
[2020.02.27-17.36.00:257][  0]LogInit: Texture streaming: Enabled
[2020.02.27-17.36.00:525][  0]LogEngineSessionManager: EngineSessionManager initialized
[2020.02.27-17.36.00:525][  0]LogEngineSessionManager: EngineSessionManager sent abnormal shutdown report. Type=Debugger, SessionId={F9ED18E5-4EDE-EDE0-5653-8C802BFAC33A}
[2020.02.27-17.36.00:783][  0]LogInit: Transaction tracking system initialized
[2020.02.27-17.36.01:308][  0]BlueprintLog: New page: Editor Load
[2020.02.27-17.36.03:409][  0]LocalizationService: Localization service is disabled
[2020.02.27-17.36.06:110][  0]LogCook: Display: Max memory allowance for cook 16384mb min free memory 0mb
[2020.02.27-17.36.06:110][  0]LogCook: Display: Mobile HDR setting 1
[2020.02.27-17.36.06:447][  0]LogFileCache: Scanning file cache for directory 'C:/SeniorProject/PollutionProject/SeniorProject/Content/' took 0.08s
[2020.02.27-17.36.14:859][  0]Cmd: MAP LOAD FILE="C:/SeniorProject/PollutionProject/SeniorProject/Content/Levels/GreyBoxLVL4.umap" TEMPLATE=0 SHOWPROGRESS=1 FEATURELEVEL=3
[2020.02.27-17.36.14:860][  0]LightingResults: New page: Lighting Build
[2020.02.27-17.36.14:988][  0]MapCheck: New page: Map Check
[2020.02.27-17.36.14:988][  0]LightingResults: New page: Lighting Build
[2020.02.27-17.36.15:317][  0]LogUObjectHash: Compacting FUObjectHashTables data took   2.52ms
[2020.02.27-17.36.29:394][  0]LogAIModule: Creating AISystem for world GreyBoxLVL4
[2020.02.27-17.36.29:794][  0]LogMaterial: Warning: Material /Game/Assets/Dock/01_-_Default.01_-_Default needed to have new flag set bUsedWithInstancedStaticMeshes !
[2020.02.27-17.36.29:797][  0]LogMaterial: Display: Missing cached shader map for material 01_-_Default, compiling. 
[2020.02.27-17.36.30:088][  0]MapCheck: Warning: 01_-_Default Material /Game/Assets/Dock/01_-_Default.01_-_Default was missing the usage flag bUsedWithInstancedStaticMeshes. If the material asset is not re-saved, it may not render correctly when run outside the editor. Fix
[2020.02.27-17.36.30:090][  0]LogMaterial: Warning: Material /Game/Assets/Windows/02_-_Default.02_-_Default needed to have new flag set bUsedWithInstancedStaticMeshes !
[2020.02.27-17.36.30:200][  0]LogMaterial: Display: Missing cached shader map for material 02_-_Default, compiling. 
[2020.02.27-17.36.30:227][  0]MapCheck: Warning: 02_-_Default Material /Game/Assets/Windows/02_-_Default.02_-_Default was missing the usage flag bUsedWithInstancedStaticMeshes. If the material asset is not re-saved, it may not render correctly when run outside the editor. Fix
[2020.02.27-17.36.30:227][  0]LogMaterial: Warning: Material /Game/Assets/Windows/08_-_Default.08_-_Default needed to have new flag set bUsedWithInstancedStaticMeshes !
[2020.02.27-17.36.30:231][  0]LogMaterial: Display: Missing cached shader map for material 08_-_Default, compiling. 
[2020.02.27-17.36.30:256][  0]MapCheck: Warning: 08_-_Default Material /Game/Assets/Windows/08_-_Default.08_-_Default was missing the usage flag bUsedWithInstancedStaticMeshes. If the material asset is not re-saved, it may not render correctly when run outside the editor. Fix
[2020.02.27-17.36.35:309][  0]LogEditorServer: Finished looking for orphan Actors (0.001 secs)
[2020.02.27-17.36.35:874][  0]LogUObjectHash: Compacting FUObjectHashTables data took   6.27ms
[2020.02.27-17.36.35:914][  0]Cmd: MAP CHECKDEP NOCLEARLOG
[2020.02.27-17.36.35:951][  0]MapCheck: Map check complete: 0 Error(s), 3 Warning(s), took 28.701ms to complete.
[2020.02.27-17.36.36:218][  0]LogFileHelpers: Loading map 'GreyBoxLVL4' took 21.376
[2020.02.27-17.36.39:886][  0]LogSlate: Updating window title bar state: overlay mode, drag disabled, window buttons hidden, title bar hidden
[2020.02.27-17.36.39:932][  0]LogSlate: Updating window title bar state: overlay mode, drag disabled, window buttons hidden, title bar hidden
[2020.02.27-17.36.39:947][  0]LogSlate: Updating window title bar state: overlay mode, drag disabled, window buttons hidden, title bar hidden
[2020.02.27-17.36.39:961][  0]LogSlate: Updating window title bar state: overlay mode, drag disabled, window buttons hidden, title bar hidden
[2020.02.27-17.36.40:151][  0]LogCollectionManager: Loaded 0 collections in 0.001908 seconds
[2020.02.27-17.36.40:537][  0]LogFileCache: Scanning file cache for directory 'C:/SeniorProject/PollutionProject/SeniorProject/Saved/Collections/' took 0.02s
[2020.02.27-17.36.40:537][  0]LogFileCache: Scanning file cache for directory 'C:/SeniorProject/PollutionProject/SeniorProject/Content/Developers/Greg/Collections/' took 0.02s
[2020.02.27-17.36.40:537][  0]LogFileCache: Scanning file cache for directory 'C:/SeniorProject/PollutionProject/SeniorProject/Content/Collections/' took 0.06s
[2020.02.27-17.36.40:538][  0]LogCollectionManager: Rebuilt the GUID cache for 0 collections in 0.000000 seconds
[2020.02.27-17.36.40:646][  0]LogContentBrowser: Native class hierarchy populated in 0.0792 seconds. Added 2876 classes and 729 folders.
[2020.02.27-17.36.40:881][  0]LogContentBrowser: Native class hierarchy updated for 'WidgetCarousel' in 0.0007 seconds. Added 0 classes and 0 folders.
[2020.02.27-17.36.40:992][  0]LogPakFile: Registered encryption key '00000000000000000000000000000000': 0 pak files mounted, 0 remain pending
[2020.02.27-17.36.41:047][  0]LogPakFile: Registered encryption key '00000000000000000000000000000000': 0 pak files mounted, 0 remain pending
[2020.02.27-17.36.41:080][  0]LogPakFile: Registered encryption key '00000000000000000000000000000000': 0 pak files mounted, 0 remain pending
[2020.02.27-17.36.41:102][  0]LogPakFile: Registered encryption key '00000000000000000000000000000000': 0 pak files mounted, 0 remain pending
[2020.02.27-17.36.41:125][  0]LogPakFile: Registered encryption key '00000000000000000000000000000000': 0 pak files mounted, 0 remain pending
[2020.02.27-17.36.41:146][  0]LogPakFile: Registered encryption key '00000000000000000000000000000000': 0 pak files mounted, 0 remain pending
[2020.02.27-17.36.41:168][  0]LogPakFile: Registered encryption key '00000000000000000000000000000000': 0 pak files mounted, 0 remain pending
[2020.02.27-17.36.41:204][  0]LogPakFile: Registered encryption key '00000000000000000000000000000000': 0 pak files mounted, 0 remain pending
[2020.02.27-17.36.41:225][  0]LogPakFile: Registered encryption key '00000000000000000000000000000000': 0 pak files mounted, 0 remain pending
[2020.02.27-17.36.41:245][  0]LogPakFile: Registered encryption key '00000000000000000000000000000000': 0 pak files mounted, 0 remain pending
[2020.02.27-17.36.41:267][  0]LogPakFile: Registered encryption key '00000000000000000000000000000000': 0 pak files mounted, 0 remain pending
[2020.02.27-17.36.41:286][  0]LogPakFile: Registered encryption key '00000000000000000000000000000000': 0 pak files mounted, 0 remain pending
[2020.02.27-17.36.41:305][  0]LogPakFile: Registered encryption key '00000000000000000000000000000000': 0 pak files mounted, 0 remain pending
[2020.02.27-17.36.41:328][  0]LogPakFile: Registered encryption key '00000000000000000000000000000000': 0 pak files mounted, 0 remain pending
[2020.02.27-17.36.41:347][  0]LogPakFile: Registered encryption key '00000000000000000000000000000000': 0 pak files mounted, 0 remain pending
[2020.02.27-17.36.41:362][  0]LogPakFile: Registered encryption key '00000000000000000000000000000000': 0 pak files mounted, 0 remain pending
[2020.02.27-17.36.41:421][  0]LogPakFile: Registered encryption key '00000000000000000000000000000000': 0 pak files mounted, 0 remain pending
[2020.02.27-17.36.41:445][  0]LogPakFile: Registered encryption key '00000000000000000000000000000000': 0 pak files mounted, 0 remain pending
[2020.02.27-17.36.41:464][  0]LogPakFile: Registered encryption key '00000000000000000000000000000000': 0 pak files mounted, 0 remain pending
[2020.02.27-17.36.41:484][  0]LogPakFile: Registered encryption key '00000000000000000000000000000000': 0 pak files mounted, 0 remain pending
[2020.02.27-17.36.41:508][  0]LogPakFile: Registered encryption key '00000000000000000000000000000000': 0 pak files mounted, 0 remain pending
[2020.02.27-17.36.41:531][  0]LogPakFile: Registered encryption key '00000000000000000000000000000000': 0 pak files mounted, 0 remain pending
[2020.02.27-17.36.41:549][  0]LogPakFile: Registered encryption key '00000000000000000000000000000000': 0 pak files mounted, 0 remain pending
[2020.02.27-17.36.41:574][  0]LogPakFile: Registered encryption key '00000000000000000000000000000000': 0 pak files mounted, 0 remain pending
[2020.02.27-17.36.41:594][  0]LogPakFile: Registered encryption key '00000000000000000000000000000000': 0 pak files mounted, 0 remain pending
[2020.02.27-17.36.41:616][  0]LogPakFile: Registered encryption key '00000000000000000000000000000000': 0 pak files mounted, 0 remain pending
[2020.02.27-17.36.41:636][  0]LogPakFile: Registered encryption key '00000000000000000000000000000000': 0 pak files mounted, 0 remain pending
[2020.02.27-17.36.41:672][  0]LogPakFile: Registered encryption key '00000000000000000000000000000000': 0 pak files mounted, 0 remain pending
[2020.02.27-17.36.42:710][  0]LogContentBrowser: Native class hierarchy updated for 'AddContentDialog' in 0.0008 seconds. Added 0 classes and 0 folders.
[2020.02.27-17.36.42:810][  0]LogContentBrowser: Native class hierarchy updated for 'SceneOutliner' in 0.0009 seconds. Added 1 classes and 0 folders.
[2020.02.27-17.36.43:312][  0]LogSlate: Took 0.036067 seconds to synchronously load lazily loaded font '../../../Engine/Content/Slate/Fonts/Roboto-Regular.ttf' (155K)
[2020.02.27-17.36.43:407][  0]LogSlate: Took 0.030997 seconds to synchronously load lazily loaded font '../../../Engine/Content/Slate/Fonts/Roboto-Bold.ttf' (160K)
[2020.02.27-17.36.43:524][  0]LogSlate: Took 0.021275 seconds to synchronously load lazily loaded font '../../../Engine/Content/Editor/Slate/Fonts/FontAwesome.ttf' (139K)
[2020.02.27-17.36.43:572][  0]LogSlate: Took 0.038462 seconds to synchronously load lazily loaded font '../../../Engine/Content/Slate/Fonts/DroidSansMono.ttf' (77K)
[2020.02.27-17.36.44:659][  0]LogRenderer: Reallocating scene render targets to support 904x424 Format 10 NumSamples 1 (Frame:1).
[2020.02.27-17.36.45:348][  0]LogStaticMesh: Allocated 512x448x64 distance field atlas = 28.0Mb, with 153 objects containing 22.9Mb backing data
[2020.02.27-17.36.47:014][  0]LogContentBrowser: Native class hierarchy updated for 'HierarchicalLODOutliner' in 0.0005 seconds. Added 0 classes and 0 folders.
[2020.02.27-17.36.47:014][  0]LogLoad: (Engine Initialization) Total time: 279.24 seconds
[2020.02.27-17.36.47:015][  0]LogLoad: (Engine Initialization) Total Blueprint compile time: 0.00 seconds
[2020.02.27-17.36.47:628][  0]LogContentStreaming: Texture pool size now 1000 MB
[2020.02.27-17.36.48:828][  2]LogAssetRegistry: Asset discovery search completed in 242.4939 seconds
[2020.02.27-17.36.48:848][  2]LogCollectionManager: Rebuilt the object cache for 0 collections in 0.000000 seconds (found 0 objects)
[2020.02.27-17.36.48:848][  2]LogCollectionManager: Fixed up redirectors for 0 collections in 0.000801 seconds (updated 0 objects)
[2020.02.27-17.36.53:376][ 15]LogFileCache: Retrieving MD5 hashes for directory 'C:/SeniorProject/PollutionProject/SeniorProject/Content/' took 5.97s
[2020.02.27-17.38.22:167][326]LogEditorViewport: Clicking on Actor (context menu): StaticMeshActor (Building_001T3)
[2020.02.27-17.38.22:800][326]LogSlate: FSceneViewport::OnFocusLost() reason 2
[2020.02.27-17.38.22:896][326]LogOutputDevice: Warning: 

Script Stack (0 frames):

[2020.02.27-17.39.31:066][575]LogTemp: Repeating last play command: Selected Viewport
[2020.02.27-17.39.31:125][575]LogBlueprintUserMessages: Early PlayInEditor Detection: Level '/Game/Levels/GreyBoxLVL4.GreyBoxLVL4:PersistentLevel' has LevelScriptBlueprint '/Game/Levels/GreyBoxLVL4.GreyBoxLVL4:PersistentLevel.GreyBoxLVL4' with GeneratedClass '/Game/Levels/GreyBoxLVL4.GreyBoxLVL4_C' with ClassGeneratedBy '/Game/Levels/GreyBoxLVL4.GreyBoxLVL4:PersistentLevel.GreyBoxLVL4'
[2020.02.27-17.39.31:146][575]LogPlayLevel: PlayLevel: No blueprints needed recompiling
[2020.02.27-17.39.31:231][575]PIE: New page: PIE session: GreyBoxLVL4 (Feb 27, 2020, 7:39:31 AM)
[2020.02.27-17.39.31:426][575]LogPlayLevel: Creating play world package: /Game/Levels/UEDPIE_0_GreyBoxLVL4
[2020.02.27-17.39.32:178][575]LogPlayLevel: PIE: StaticDuplicateObject took: (0.751023s)
[2020.02.27-17.39.32:197][575]LogAIModule: Creating AISystem for world GreyBoxLVL4
[2020.02.27-17.39.32:208][575]LogPlayLevel: PIE: World Init took: (0.029042s)
[2020.02.27-17.39.32:209][575]LogPlayLevel: PIE: Created PIE world by copying editor world from /Game/Levels/GreyBoxLVL4.GreyBoxLVL4 to /Game/Levels/UEDPIE_0_GreyBoxLVL4.GreyBoxLVL4 (0.781679s)
[2020.02.27-17.39.32:242][575]LogUObjectHash: Compacting FUObjectHashTables data took   1.74ms
[2020.02.27-17.39.32:307][575]LogInit: XAudio2 using 'Speakers (Realtek High Definition Audio)' : 6 channels at 48 kHz using 32 bits per sample (channel mask 0x3f)
[2020.02.27-17.39.32:525][575]LogInit: FAudioDevice initialized.
[2020.02.27-17.39.32:728][575]LogLoad: Game class is 'FirstPersonGameMode_C'
[2020.02.27-17.39.33:101][575]LogWorld: Bringing World /Game/Levels/UEDPIE_0_GreyBoxLVL4.GreyBoxLVL4 up for play (max tick rate 0) at 2020.02.27-12.39.33
[2020.02.27-17.39.33:486][575]LogWorld: Bringing up level for play took: 0.590290
[2020.02.27-17.39.33:824][575]LogContentBrowser: Native class hierarchy updated for 'MovieSceneCapture' in 0.0005 seconds. Added 20 classes and 0 folders.
[2020.02.27-17.39.33:858][575]LogScript: Warning: Script Msg: Attempted to access index 0 from array 'CallFunc_GetAllActorsOfClass_OutActors' of length 0 in '/Game/BP/Log.Log_C:ExecuteUbergraph_Log'!
[2020.02.27-17.39.33:859][575]LogScript: Warning: Script Msg: Attempted to access index 0 from array 'CallFunc_GetAllActorsOfClass_OutActors' of length 0 in '/Game/FinishStopper.FinishStopper_C:ExecuteUbergraph_FinishStopper'!
[2020.02.27-17.39.33:859][575]LogScript: Warning: Script Msg: Attempted to access index 0 from array 'CallFunc_GetAllActorsOfClass_OutActors' of length 0 in '/Game/BP/Checkpoint.Checkpoint_C:ExecuteUbergraph_Checkpoint'!
[2020.02.27-17.39.33:860][575]LogScript: Warning: Script Msg: Attempted to access index 0 from array 'CallFunc_GetAllActorsOfClass_OutActors' of length 0 in '/Game/BP/Checkpoint.Checkpoint_C:ExecuteUbergraph_Checkpoint'!
[2020.02.27-17.39.33:860][575]LogScript: Warning: Script Msg: Attempted to access index 0 from array 'CallFunc_GetAllActorsOfClass_OutActors' of length 0 in '/Game/BP/OutroTrigger.OutroTrigger_C:ExecuteUbergraph_OutroTrigger'!
[2020.02.27-17.39.33:873][575]LogScript: Warning: Script Msg: Attempted to access index 0 from array 'CallFunc_GetAllActorsOfClass_OutActors' of length 0 in '/Game/BP/InteractiveLog.InteractiveLog_C:ExecuteUbergraph_InteractiveLog'!
[2020.02.27-17.39.33:873][575]LogScript: Warning: Script Msg: Attempted to access index 0 from array 'CallFunc_GetAllActorsOfClass_OutActors' of length 0 in '/Game/BP/Respawn.Respawn_C:ExecuteUbergraph_Respawn'!
[2020.02.27-17.39.33:874][575]LogScript: Warning: Script Msg: Attempted to access index 0 from array 'CallFunc_GetAllActorsOfClass_OutActors' of length 0 in '/Game/BP/Respawn.Respawn_C:ExecuteUbergraph_Respawn'!
[2020.02.27-17.39.34:199][575]PIE: Play in editor start time for /Game/Levels/UEDPIE_0_GreyBoxLVL4 3.292
[2020.02.27-17.39.34:200][575]LogBlueprintUserMessages: Late PlayInEditor Detection: Level '/Game/Levels/GreyBoxLVL4.GreyBoxLVL4:PersistentLevel' has LevelScriptBlueprint '/Game/Levels/GreyBoxLVL4.GreyBoxLVL4:PersistentLevel.GreyBoxLVL4' with GeneratedClass '/Game/Levels/GreyBoxLVL4.GreyBoxLVL4_C' with ClassGeneratedBy '/Game/Levels/GreyBoxLVL4.GreyBoxLVL4:PersistentLevel.GreyBoxLVL4'
[2020.02.27-17.39.44:423][420]LogSlate: FSceneViewport::OnFocusLost() reason 2
[2020.02.27-17.40.42:470][385]LogSlate: FSceneViewport::OnFocusLost() reason 2
[2020.02.27-17.41.19:825][820]LogSlate: FSceneViewport::OnFocusLost() reason 2
[2020.02.27-17.41.25:463][ 76]LogSlate: FSceneViewport::OnFocusLost() reason 2
[2020.02.27-17.41.39:253][762]LogSlate: FSceneViewport::OnFocusLost() reason 2
[2020.02.27-17.41.47:378][867]LogUnrealEdMisc: Warning: Heartbeat event firing too frequently (28.519 sec). This should never happen. Something is wrong with the timer delegate!
[2020.02.27-17.42.27:920][879]LogSlate: FSceneViewport::OnFocusLost() reason 2
[2020.02.27-17.43.58:812][ 29]LogUnrealEdMisc: Warning: Heartbeat event firing too frequently (0.000 sec). This should never happen. Something is wrong with the timer delegate!
[2020.02.27-17.43.59:754][ 32]LogSlate: FSceneViewport::OnFocusLost() reason 2
[2020.02.27-17.46.09:245][397]LogUnrealEdMisc: Warning: Heartbeat event firing too frequently (0.000 sec). This should never happen. Something is wrong with the timer delegate!
[2020.02.27-17.46.10:166][400]LogSlate: FSceneViewport::OnFocusLost() reason 2
[2020.02.27-17.46.13:630][737]LogSlate: FSceneViewport::OnFocusLost() reason 0
[2020.02.27-17.46.36:167][920]LogSlate: Took 0.025673 seconds to synchronously load lazily loaded font '../../../Engine/Content/Slate/Fonts/Roboto-Italic.ttf' (157K)
[2020.02.27-17.46.39:141][ 99]LogBlueprintUserMessages: Early EndPlayMap Detection: Level '/Game/Levels/GreyBoxLVL4.GreyBoxLVL4:PersistentLevel' has LevelScriptBlueprint '/Game/Levels/GreyBoxLVL4.GreyBoxLVL4:PersistentLevel.GreyBoxLVL4' with GeneratedClass '/Game/Levels/GreyBoxLVL4.GreyBoxLVL4_C' with ClassGeneratedBy '/Game/Levels/GreyBoxLVL4.GreyBoxLVL4:PersistentLevel.GreyBoxLVL4'
[2020.02.27-17.46.39:268][ 99]LogSlate: Updating window title bar state: overlay mode, drag disabled, window buttons hidden, title bar hidden
[2020.02.27-17.46.39:559][ 99]LogPlayLevel: Display: Shutting down PIE online subsystems
[2020.02.27-17.46.39:580][ 99]LogBlueprintUserMessages: Late EndPlayMap Detection: Level '/Game/Levels/GreyBoxLVL4.GreyBoxLVL4:PersistentLevel' has LevelScriptBlueprint '/Game/Levels/GreyBoxLVL4.GreyBoxLVL4:PersistentLevel.GreyBoxLVL4' with GeneratedClass '/Game/Levels/GreyBoxLVL4.GreyBoxLVL4_C' with ClassGeneratedBy '/Game/Levels/GreyBoxLVL4.GreyBoxLVL4:PersistentLevel.GreyBoxLVL4'
[2020.02.27-17.46.39:745][ 99]LogSlate: Updating window title bar state: overlay mode, drag disabled, window buttons hidden, title bar hidden
[2020.02.27-17.46.40:015][ 99]LogUObjectHash: Compacting FUObjectHashTables data took   4.77ms
[2020.02.27-17.46.40:199][100]LogPlayLevel: Display: Destroying online subsystem :Context_1
[2020.02.27-17.46.42:765][384]LogSlate: FSceneViewport::OnFocusLost() reason 0
[2020.02.27-17.46.47:120][691]LogUnrealEdMisc: Warning: Heartbeat event firing too frequently (37.875 sec). This should never happen. Something is wrong with the timer delegate!
[2020.02.27-17.46.53:333][ 72]LogRenderer: Reallocating scene render targets to support 1112x588 Format 10 NumSamples 1 (Frame:2100).
[2020.02.27-17.49.08:646][748]LogSlate: FSceneViewport::OnFocusLost() reason 2
[2020.02.27-17.49.08:813][748]LogSlate: Took 0.022703 seconds to synchronously load lazily loaded font '../../../Engine/Content/Slate/Fonts/Roboto-Light.ttf' (167K)
[2020.02.27-17.49.08:891][748]Cmd: OBJ SAVEPACKAGE PACKAGE="/Game/Levels/GreyBoxLVL4" FILE="C:/SeniorProject/PollutionProject/SeniorProject/Content/Levels/GreyBoxLVL4.umap" SILENT=true AUTOSAVING=false KEEPDIRTY=false
[2020.02.27-17.49.08:943][748]LogUObjectHash: Compacting FUObjectHashTables data took   1.83ms
[2020.02.27-17.49.14:730][748]LogSavePackage: Moving 'C:/SeniorProject/PollutionProject/SeniorProject/Saved/GreyBoxLVL44080E71944727A1D8688D0BC2B008FD3.tmp' to 'C:/SeniorProject/PollutionProject/SeniorProject/Content/Levels/GreyBoxLVL4.umap'
[2020.02.27-17.49.17:961][964]LogSlate: FSceneViewport::OnFocusLost() reason 0
[2020.02.27-17.49.24:612][413]LogTemp: Repeating last play command: Selected Viewport
[2020.02.27-17.49.24:645][413]LogBlueprintUserMessages: Early PlayInEditor Detection: Level '/Game/Levels/GreyBoxLVL4.GreyBoxLVL4:PersistentLevel' has LevelScriptBlueprint '/Game/Levels/GreyBoxLVL4.GreyBoxLVL4:PersistentLevel.GreyBoxLVL4' with GeneratedClass '/Game/Levels/GreyBoxLVL4.GreyBoxLVL4_C' with ClassGeneratedBy '/Game/Levels/GreyBoxLVL4.GreyBoxLVL4:PersistentLevel.GreyBoxLVL4'
[2020.02.27-17.49.24:646][413]LogPlayLevel: PlayLevel: No blueprints needed recompiling
[2020.02.27-17.49.24:646][413]PIE: New page: PIE session: GreyBoxLVL4 (Feb 27, 2020, 7:49:24 AM)
[2020.02.27-17.49.24:647][413]LogPlayLevel: Creating play world package: /Game/Levels/UEDPIE_0_GreyBoxLVL4
[2020.02.27-17.49.25:280][413]LogPlayLevel: PIE: StaticDuplicateObject took: (0.632466s)
[2020.02.27-17.49.25:281][413]LogAIModule: Creating AISystem for world GreyBoxLVL4
[2020.02.27-17.49.25:281][413]LogPlayLevel: PIE: World Init took: (0.001006s)
[2020.02.27-17.49.25:282][413]LogPlayLevel: PIE: Created PIE world by copying editor world from /Game/Levels/GreyBoxLVL4.GreyBoxLVL4 to /Game/Levels/UEDPIE_0_GreyBoxLVL4.GreyBoxLVL4 (0.634889s)
[2020.02.27-17.49.25:310][413]LogUObjectHash: Compacting FUObjectHashTables data took   3.10ms
[2020.02.27-17.49.25:354][413]LogInit: XAudio2 using 'Speakers (Realtek High Definition Audio)' : 6 channels at 48 kHz using 32 bits per sample (channel mask 0x3f)
[2020.02.27-17.49.25:543][413]LogInit: FAudioDevice initialized.
[2020.02.27-17.49.25:606][413]LogLoad: Game class is 'FirstPersonGameMode_C'
[2020.02.27-17.49.25:773][413]LogWorld: Bringing World /Game/Levels/UEDPIE_0_GreyBoxLVL4.GreyBoxLVL4 up for play (max tick rate 0) at 2020.02.27-12.49.25
[2020.02.27-17.49.25:780][413]LogWorld: Bringing up level for play took: 0.172064
[2020.02.27-17.49.25:800][413]LogScript: Warning: Script Msg: Attempted to access index 0 from array 'CallFunc_GetAllActorsOfClass_OutActors' of length 0 in '/Game/BP/Log.Log_C:ExecuteUbergraph_Log'!
[2020.02.27-17.49.25:801][413]LogScript: Warning: Script Msg: Attempted to access index 0 from array 'CallFunc_GetAllActorsOfClass_OutActors' of length 0 in '/Game/FinishStopper.FinishStopper_C:ExecuteUbergraph_FinishStopper'!
[2020.02.27-17.49.25:801][413]LogScript: Warning: Script Msg: Attempted to access index 0 from array 'CallFunc_GetAllActorsOfClass_OutActors' of length 0 in '/Game/BP/Checkpoint.Checkpoint_C:ExecuteUbergraph_Checkpoint'!
[2020.02.27-17.49.25:802][413]LogScript: Warning: Script Msg: Attempted to access index 0 from array 'CallFunc_GetAllActorsOfClass_OutActors' of length 0 in '/Game/BP/Checkpoint.Checkpoint_C:ExecuteUbergraph_Checkpoint'!
[2020.02.27-17.49.25:802][413]LogScript: Warning: Script Msg: Attempted to access index 0 from array 'CallFunc_GetAllActorsOfClass_OutActors' of length 0 in '/Game/BP/OutroTrigger.OutroTrigger_C:ExecuteUbergraph_OutroTrigger'!
[2020.02.27-17.49.25:803][413]LogScript: Warning: Script Msg: Attempted to access index 0 from array 'CallFunc_GetAllActorsOfClass_OutActors' of length 0 in '/Game/BP/InteractiveLog.InteractiveLog_C:ExecuteUbergraph_InteractiveLog'!
[2020.02.27-17.49.25:804][413]LogScript: Warning: Script Msg: Attempted to access index 0 from array 'CallFunc_GetAllActorsOfClass_OutActors' of length 0 in '/Game/BP/Respawn.Respawn_C:ExecuteUbergraph_Respawn'!
[2020.02.27-17.49.25:805][413]LogScript: Warning: Script Msg: Attempted to access index 0 from array 'CallFunc_GetAllActorsOfClass_OutActors' of length 0 in '/Game/BP/Respawn.Respawn_C:ExecuteUbergraph_Respawn'!
[2020.02.27-17.49.25:809][413]PIE: Play in editor start time for /Game/Levels/UEDPIE_0_GreyBoxLVL4 0.902
[2020.02.27-17.49.25:810][413]LogBlueprintUserMessages: Late PlayInEditor Detection: Level '/Game/Levels/GreyBoxLVL4.GreyBoxLVL4:PersistentLevel' has LevelScriptBlueprint '/Game/Levels/GreyBoxLVL4.GreyBoxLVL4:PersistentLevel.GreyBoxLVL4' with GeneratedClass '/Game/Levels/GreyBoxLVL4.GreyBoxLVL4_C' with ClassGeneratedBy '/Game/Levels/GreyBoxLVL4.GreyBoxLVL4:PersistentLevel.GreyBoxLVL4'
[2020.02.27-17.50.47:616][799]LogUnrealEdMisc: Warning: Heartbeat event firing too frequently (0.000 sec). This should never happen. Something is wrong with the timer delegate!
[2020.02.27-17.50.48:494][802]LogSlate: FSceneViewport::OnFocusLost() reason 2
[2020.02.27-17.50.50:971][ 79]LogBlueprintUserMessages: Early EndPlayMap Detection: Level '/Game/Levels/GreyBoxLVL4.GreyBoxLVL4:PersistentLevel' has LevelScriptBlueprint '/Game/Levels/GreyBoxLVL4.GreyBoxLVL4:PersistentLevel.GreyBoxLVL4' with GeneratedClass '/Game/Levels/GreyBoxLVL4.GreyBoxLVL4_C' with ClassGeneratedBy '/Game/Levels/GreyBoxLVL4.GreyBoxLVL4:PersistentLevel.GreyBoxLVL4'
[2020.02.27-17.50.50:972][ 79]LogSlate: Updating window title bar state: overlay mode, drag disabled, window buttons hidden, title bar hidden
[2020.02.27-17.50.51:039][ 79]LogPlayLevel: Display: Shutting down PIE online subsystems
[2020.02.27-17.50.51:040][ 79]LogBlueprintUserMessages: Late EndPlayMap Detection: Level '/Game/Levels/GreyBoxLVL4.GreyBoxLVL4:PersistentLevel' has LevelScriptBlueprint '/Game/Levels/GreyBoxLVL4.GreyBoxLVL4:PersistentLevel.GreyBoxLVL4' with GeneratedClass '/Game/Levels/GreyBoxLVL4.GreyBoxLVL4_C' with ClassGeneratedBy '/Game/Levels/GreyBoxLVL4.GreyBoxLVL4:PersistentLevel.GreyBoxLVL4'
[2020.02.27-17.50.51:108][ 79]LogSlate: Updating window title bar state: overlay mode, drag disabled, window buttons hidden, title bar hidden
[2020.02.27-17.50.51:127][ 79]LogUObjectHash: Compacting FUObjectHashTables data took   2.18ms
[2020.02.27-17.50.51:175][ 80]LogPlayLevel: Display: Destroying online subsystem :Context_2
[2020.02.27-17.51.03:927][279]LogSlate: FSceneViewport::OnFocusLost() reason 0
[2020.02.27-17.51.10:970][767]LogSlate: Window 'Details' being destroyed
[2020.02.27-17.51.10:977][767]LogSlate: Window 'Details' being destroyed
[2020.02.27-17.51.13:527][937]LogUObjectHash: Compacting FUObjectHashTables data took   0.73ms
[2020.02.27-17.52.06:495][ 27]LogSlate: Window 'Details' being destroyed
[2020.02.27-17.52.06:509][ 27]LogSlate: Window 'Details' being destroyed
[2020.02.27-17.52.29:521][307]LogTemp: Repeating last play command: Selected Viewport
[2020.02.27-17.52.29:555][307]LogBlueprintUserMessages: Early PlayInEditor Detection: Level '/Game/Levels/GreyBoxLVL4.GreyBoxLVL4:PersistentLevel' has LevelScriptBlueprint '/Game/Levels/GreyBoxLVL4.GreyBoxLVL4:PersistentLevel.GreyBoxLVL4' with GeneratedClass '/Game/Levels/GreyBoxLVL4.GreyBoxLVL4_C' with ClassGeneratedBy '/Game/Levels/GreyBoxLVL4.GreyBoxLVL4:PersistentLevel.GreyBoxLVL4'
[2020.02.27-17.52.29:556][307]LogPlayLevel: PlayLevel: No blueprints needed recompiling
[2020.02.27-17.52.29:557][307]PIE: New page: PIE session: GreyBoxLVL4 (Feb 27, 2020, 7:52:29 AM)
[2020.02.27-17.52.29:557][307]LogPlayLevel: Creating play world package: /Game/Levels/UEDPIE_0_GreyBoxLVL4
[2020.02.27-17.52.30:228][307]LogPlayLevel: PIE: StaticDuplicateObject took: (0.670837s)
[2020.02.27-17.52.30:229][307]LogAIModule: Creating AISystem for world GreyBoxLVL4
[2020.02.27-17.52.30:293][307]LogPlayLevel: PIE: World Init took: (0.064327s)
[2020.02.27-17.52.30:294][307]LogPlayLevel: PIE: Created PIE world by copying editor world from /Game/Levels/GreyBoxLVL4.GreyBoxLVL4 to /Game/Levels/UEDPIE_0_GreyBoxLVL4.GreyBoxLVL4 (0.736699s)
[2020.02.27-17.52.30:328][307]LogUObjectHash: Compacting FUObjectHashTables data took   2.20ms
[2020.02.27-17.52.30:365][307]LogInit: XAudio2 using 'Speakers (Realtek High Definition Audio)' : 6 channels at 48 kHz using 32 bits per sample (channel mask 0x3f)
[2020.02.27-17.52.30:544][307]LogInit: FAudioDevice initialized.
[2020.02.27-17.52.30:593][307]LogLoad: Game class is 'FirstPersonGameMode_C'
[2020.02.27-17.52.30:795][307]LogWorld: Bringing World /Game/Levels/UEDPIE_0_GreyBoxLVL4.GreyBoxLVL4 up for play (max tick rate 0) at 2020.02.27-12.52.30
[2020.02.27-17.52.30:801][307]LogWorld: Bringing up level for play took: 0.207512
[2020.02.27-17.52.30:821][307]LogScript: Warning: Script Msg: Attempted to access index 0 from array 'CallFunc_GetAllActorsOfClass_OutActors' of length 0 in '/Game/BP/Log.Log_C:ExecuteUbergraph_Log'!
[2020.02.27-17.52.30:822][307]LogScript: Warning: Script Msg: Attempted to access index 0 from array 'CallFunc_GetAllActorsOfClass_OutActors' of length 0 in '/Game/FinishStopper.FinishStopper_C:ExecuteUbergraph_FinishStopper'!
[2020.02.27-17.52.30:822][307]LogScript: Warning: Script Msg: Attempted to access index 0 from array 'CallFunc_GetAllActorsOfClass_OutActors' of length 0 in '/Game/BP/Checkpoint.Checkpoint_C:ExecuteUbergraph_Checkpoint'!
[2020.02.27-17.52.30:822][307]LogScript: Warning: Script Msg: Attempted to access index 0 from array 'CallFunc_GetAllActorsOfClass_OutActors' of length 0 in '/Game/BP/Checkpoint.Checkpoint_C:ExecuteUbergraph_Checkpoint'!
[2020.02.27-17.52.30:823][307]LogScript: Warning: Script Msg: Attempted to access index 0 from array 'CallFunc_GetAllActorsOfClass_OutActors' of length 0 in '/Game/BP/OutroTrigger.OutroTrigger_C:ExecuteUbergraph_OutroTrigger'!
[2020.02.27-17.52.30:824][307]LogScript: Warning: Script Msg: Attempted to access index 0 from array 'CallFunc_GetAllActorsOfClass_OutActors' of length 0 in '/Game/BP/InteractiveLog.InteractiveLog_C:ExecuteUbergraph_InteractiveLog'!
[2020.02.27-17.52.30:824][307]LogScript: Warning: Script Msg: Attempted to access index 0 from array 'CallFunc_GetAllActorsOfClass_OutActors' of length 0 in '/Game/BP/Respawn.Respawn_C:ExecuteUbergraph_Respawn'!
[2020.02.27-17.52.30:825][307]LogScript: Warning: Script Msg: Attempted to access index 0 from array 'CallFunc_GetAllActorsOfClass_OutActors' of length 0 in '/Game/BP/Respawn.Respawn_C:ExecuteUbergraph_Respawn'!
[2020.02.27-17.52.30:828][307]PIE: Play in editor start time for /Game/Levels/UEDPIE_0_GreyBoxLVL4 1.921
[2020.02.27-17.52.30:829][307]LogBlueprintUserMessages: Late PlayInEditor Detection: Level '/Game/Levels/GreyBoxLVL4.GreyBoxLVL4:PersistentLevel' has LevelScriptBlueprint '/Game/Levels/GreyBoxLVL4.GreyBoxLVL4:PersistentLevel.GreyBoxLVL4' with GeneratedClass '/Game/Levels/GreyBoxLVL4.GreyBoxLVL4_C' with ClassGeneratedBy '/Game/Levels/GreyBoxLVL4.GreyBoxLVL4:PersistentLevel.GreyBoxLVL4'
[2020.02.27-17.52.58:853][805]LogSlate: FSceneViewport::OnFocusLost() reason 2
[2020.02.27-17.52.59:604][882]LogBlueprintUserMessages: Early EndPlayMap Detection: Level '/Game/Levels/GreyBoxLVL4.GreyBoxLVL4:PersistentLevel' has LevelScriptBlueprint '/Game/Levels/GreyBoxLVL4.GreyBoxLVL4:PersistentLevel.GreyBoxLVL4' with GeneratedClass '/Game/Levels/GreyBoxLVL4.GreyBoxLVL4_C' with ClassGeneratedBy '/Game/Levels/GreyBoxLVL4.GreyBoxLVL4:PersistentLevel.GreyBoxLVL4'
[2020.02.27-17.52.59:605][882]LogSlate: Updating window title bar state: overlay mode, drag disabled, window buttons hidden, title bar hidden
[2020.02.27-17.52.59:686][882]LogPlayLevel: Display: Shutting down PIE online subsystems
[2020.02.27-17.52.59:687][882]LogBlueprintUserMessages: Late EndPlayMap Detection: Level '/Game/Levels/GreyBoxLVL4.GreyBoxLVL4:PersistentLevel' has LevelScriptBlueprint '/Game/Levels/GreyBoxLVL4.GreyBoxLVL4:PersistentLevel.GreyBoxLVL4' with GeneratedClass '/Game/Levels/GreyBoxLVL4.GreyBoxLVL4_C' with ClassGeneratedBy '/Game/Levels/GreyBoxLVL4.GreyBoxLVL4:PersistentLevel.GreyBoxLVL4'
[2020.02.27-17.52.59:747][882]LogSlate: Updating window title bar state: overlay mode, drag disabled, window buttons hidden, title bar hidden
[2020.02.27-17.52.59:764][882]LogUObjectHash: Compacting FUObjectHashTables data took   1.90ms
[2020.02.27-17.52.59:798][883]LogPlayLevel: Display: Destroying online subsystem :Context_4
[2020.02.27-17.53.00:655][955]LogSlate: FSceneViewport::OnFocusLost() reason 2
[2020.02.27-17.53.01:312][ 11]LogTemp: Repeating last play command: Selected Viewport
[2020.02.27-17.53.01:346][ 11]LogBlueprintUserMessages: Early PlayInEditor Detection: Level '/Game/Levels/GreyBoxLVL4.GreyBoxLVL4:PersistentLevel' has LevelScriptBlueprint '/Game/Levels/GreyBoxLVL4.GreyBoxLVL4:PersistentLevel.GreyBoxLVL4' with GeneratedClass '/Game/Levels/GreyBoxLVL4.GreyBoxLVL4_C' with ClassGeneratedBy '/Game/Levels/GreyBoxLVL4.GreyBoxLVL4:PersistentLevel.GreyBoxLVL4'
[2020.02.27-17.53.01:347][ 11]LogPlayLevel: PlayLevel: No blueprints needed recompiling
[2020.02.27-17.53.01:348][ 11]PIE: New page: PIE session: GreyBoxLVL4 (Feb 27, 2020, 7:53:01 AM)
[2020.02.27-17.53.01:348][ 11]LogPlayLevel: Creating play world package: /Game/Levels/UEDPIE_0_GreyBoxLVL4
[2020.02.27-17.53.02:080][ 11]LogPlayLevel: PIE: StaticDuplicateObject took: (0.731835s)
[2020.02.27-17.53.02:081][ 11]LogAIModule: Creating AISystem for world GreyBoxLVL4
[2020.02.27-17.53.02:081][ 11]LogPlayLevel: PIE: World Init took: (0.001007s)
[2020.02.27-17.53.02:082][ 11]LogPlayLevel: PIE: Created PIE world by copying editor world from /Game/Levels/GreyBoxLVL4.GreyBoxLVL4 to /Game/Levels/UEDPIE_0_GreyBoxLVL4.GreyBoxLVL4 (0.734164s)
[2020.02.27-17.53.02:112][ 11]LogUObjectHash: Compacting FUObjectHashTables data took   2.87ms
[2020.02.27-17.53.02:151][ 11]LogInit: XAudio2 using 'Speakers (Realtek High Definition Audio)' : 6 channels at 48 kHz using 32 bits per sample (channel mask 0x3f)
[2020.02.27-17.53.02:382][ 11]LogInit: FAudioDevice initialized.
[2020.02.27-17.53.02:382][ 11]LogSlate: FSceneViewport::OnFocusLost() reason 2
[2020.02.27-17.53.02:425][ 11]LogLoad: Game class is 'FirstPersonGameMode_C'
[2020.02.27-17.53.02:604][ 11]LogWorld: Bringing World /Game/Levels/UEDPIE_0_GreyBoxLVL4.GreyBoxLVL4 up for play (max tick rate 0) at 2020.02.27-12.53.02
[2020.02.27-17.53.02:610][ 11]LogWorld: Bringing up level for play took: 0.184169
[2020.02.27-17.53.02:629][ 11]LogScript: Warning: Script Msg: Attempted to access index 0 from array 'CallFunc_GetAllActorsOfClass_OutActors' of length 0 in '/Game/BP/Log.Log_C:ExecuteUbergraph_Log'!
[2020.02.27-17.53.02:629][ 11]LogScript: Warning: Script Msg: Attempted to access index 0 from array 'CallFunc_GetAllActorsOfClass_OutActors' of length 0 in '/Game/FinishStopper.FinishStopper_C:ExecuteUbergraph_FinishStopper'!
[2020.02.27-17.53.02:630][ 11]LogScript: Warning: Script Msg: Attempted to access index 0 from array 'CallFunc_GetAllActorsOfClass_OutActors' of length 0 in '/Game/BP/Checkpoint.Checkpoint_C:ExecuteUbergraph_Checkpoint'!
[2020.02.27-17.53.02:630][ 11]LogScript: Warning: Script Msg: Attempted to access index 0 from array 'CallFunc_GetAllActorsOfClass_OutActors' of length 0 in '/Game/BP/Checkpoint.Checkpoint_C:ExecuteUbergraph_Checkpoint'!
[2020.02.27-17.53.02:631][ 11]LogScript: Warning: Script Msg: Attempted to access index 0 from array 'CallFunc_GetAllActorsOfClass_OutActors' of length 0 in '/Game/BP/OutroTrigger.OutroTrigger_C:ExecuteUbergraph_OutroTrigger'!
[2020.02.27-17.53.02:631][ 11]LogScript: Warning: Script Msg: Attempted to access index 0 from array 'CallFunc_GetAllActorsOfClass_OutActors' of length 0 in '/Game/BP/InteractiveLog.InteractiveLog_C:ExecuteUbergraph_InteractiveLog'!
[2020.02.27-17.53.02:632][ 11]LogScript: Warning: Script Msg: Attempted to access index 0 from array 'CallFunc_GetAllActorsOfClass_OutActors' of length 0 in '/Game/BP/Respawn.Respawn_C:ExecuteUbergraph_Respawn'!
[2020.02.27-17.53.02:632][ 11]LogScript: Warning: Script Msg: Attempted to access index 0 from array 'CallFunc_GetAllActorsOfClass_OutActors' of length 0 in '/Game/BP/Respawn.Respawn_C:ExecuteUbergraph_Respawn'!
[2020.02.27-17.53.02:636][ 11]PIE: Play in editor start time for /Game/Levels/UEDPIE_0_GreyBoxLVL4 1.729
[2020.02.27-17.53.02:637][ 11]LogBlueprintUserMessages: Late PlayInEditor Detection: Level '/Game/Levels/GreyBoxLVL4.GreyBoxLVL4:PersistentLevel' has LevelScriptBlueprint '/Game/Levels/GreyBoxLVL4.GreyBoxLVL4:PersistentLevel.GreyBoxLVL4' with GeneratedClass '/Game/Levels/GreyBoxLVL4.GreyBoxLVL4_C' with ClassGeneratedBy '/Game/Levels/GreyBoxLVL4.GreyBoxLVL4:PersistentLevel.GreyBoxLVL4'
[2020.02.27-17.53.11:214][817]LogSlate: FSceneViewport::OnFocusLost() reason 2
[2020.02.27-17.53.59:709][378]LogSlate: FSceneViewport::OnFocusLost() reason 2
[2020.02.27-17.54.00:730][474]LogBlueprintUserMessages: Early EndPlayMap Detection: Level '/Game/Levels/GreyBoxLVL4.GreyBoxLVL4:PersistentLevel' has LevelScriptBlueprint '/Game/Levels/GreyBoxLVL4.GreyBoxLVL4:PersistentLevel.GreyBoxLVL4' with GeneratedClass '/Game/Levels/GreyBoxLVL4.GreyBoxLVL4_C' with ClassGeneratedBy '/Game/Levels/GreyBoxLVL4.GreyBoxLVL4:PersistentLevel.GreyBoxLVL4'
[2020.02.27-17.54.00:731][474]LogSlate: Updating window title bar state: overlay mode, drag disabled, window buttons hidden, title bar hidden
[2020.02.27-17.54.00:805][474]LogPlayLevel: Display: Shutting down PIE online subsystems
[2020.02.27-17.54.00:806][474]LogBlueprintUserMessages: Late EndPlayMap Detection: Level '/Game/Levels/GreyBoxLVL4.GreyBoxLVL4:PersistentLevel' has LevelScriptBlueprint '/Game/Levels/GreyBoxLVL4.GreyBoxLVL4:PersistentLevel.GreyBoxLVL4' with GeneratedClass '/Game/Levels/GreyBoxLVL4.GreyBoxLVL4_C' with ClassGeneratedBy '/Game/Levels/GreyBoxLVL4.GreyBoxLVL4:PersistentLevel.GreyBoxLVL4'
[2020.02.27-17.54.00:850][474]LogSlate: Updating window title bar state: overlay mode, drag disabled, window buttons hidden, title bar hidden
[2020.02.27-17.54.00:910][474]LogUObjectHash: Compacting FUObjectHashTables data took   2.99ms
[2020.02.27-17.54.00:955][475]LogPlayLevel: Display: Destroying online subsystem :Context_5
[2020.02.27-17.54.02:445][609]LogSlate: FSceneViewport::OnFocusLost() reason 0
