Log file open, 09/30/19 12:42:15
LogWindows: Failed to load 'aqProf.dll' (GetLastError=126)
LogWindows: File 'aqProf.dll' does not exist
LogWindows: Failed to load 'VtuneApi.dll' (GetLastError=126)
LogWindows: File 'VtuneApi.dll' does not exist
LogWindows: Failed to load 'VtuneApi32e.dll' (GetLastError=126)
LogWindows: File 'VtuneApi32e.dll' does not exist
LogConsoleResponse: Display: Failed to find resolution value strings in scalability ini. Falling back to default.
LogInit: Display: Running engine for game: SeniorProject
LogPakFile: Registered encryption key '00000000000000000000000000000000': 0 pak files mounted, 0 remain pending
LogPlatformFile: Not using cached read wrapper
LogTaskGraph: Started task graph with 5 named threads and 23 total threads with 3 sets of task threads.
LogStats: Stats thread started at 0.360379
LogD3D11RHI: Loaded GFSDK_Aftermath_Lib.x64.dll
LogICUInternationalization: ICU TimeZone Detection - Raw Offset: -5:00, Platform Override: ''
LogPluginManager: Mounting plugin Paper2D
LogPluginManager: Mounting plugin AISupport
LogPluginManager: Mounting plugin LightPropagationVolume
LogPluginManager: Mounting plugin ActorLayerUtilities
LogPluginManager: Mounting plugin AnimationSharing
LogPluginManager: Mounting plugin CLionSourceCodeAccess
LogPluginManager: Mounting plugin CodeLiteSourceCodeAccess
LogPluginManager: Mounting plugin GitSourceControl
LogPluginManager: Mounting plugin KDevelopSourceCodeAccess
LogPluginManager: Mounting plugin NullSourceCodeAccess
LogPluginManager: Mounting plugin PerforceSourceControl
LogPluginManager: Mounting plugin SubversionSourceControl
LogPluginManager: Mounting plugin UObjectPlugin
LogPluginManager: Mounting plugin VisualStudioCodeSourceCodeAccess
LogPluginManager: Mounting plugin VisualStudioSourceCodeAccess
LogPluginManager: Mounting plugin XCodeSourceCodeAccess
LogPluginManager: Mounting plugin AssetManagerEditor
LogPluginManager: Mounting plugin CryptoKeys
LogPluginManager: Mounting plugin DataValidation
LogPluginManager: Mounting plugin EditorScriptingUtilities
LogPluginManager: Mounting plugin FacialAnimation
LogPluginManager: Mounting plugin GameplayTagsEditor
LogPluginManager: Mounting plugin GLTFImporter
LogPluginManager: Mounting plugin MacGraphicsSwitching
LogPluginManager: Mounting plugin MaterialAnalyzer
LogPluginManager: Mounting plugin MeshEditor
LogPluginManager: Mounting plugin MobileLauncherProfileWizard
LogPluginManager: Mounting plugin PluginBrowser
LogPluginManager: Mounting plugin SpeedTreeImporter
LogPluginManager: Mounting plugin DatasmithContent
LogPluginManager: Mounting plugin VariantManagerContent
LogPluginManager: Mounting plugin AlembicImporter
LogPluginManager: Mounting plugin AppleImageUtils
LogPluginManager: Mounting plugin AppleVision
LogPluginManager: Mounting plugin BackChannel
LogPluginManager: Mounting plugin BlastPlugin
LogPluginManager: Mounting plugin ChaosSolverPlugin
LogPluginManager: Mounting plugin CharacterAI
LogPluginManager: Mounting plugin GeometryCache
LogPluginManager: Mounting plugin GeometryCollectionPlugin
LogPluginManager: Mounting plugin HTML5Networking
LogPluginManager: Mounting plugin ProxyLODPlugin
LogPluginManager: Mounting plugin SkeletalReduction
LogPluginManager: Mounting plugin MagicLeap
LogPluginManager: Mounting plugin MagicLeapMedia
LogPluginManager: Mounting plugin AndroidMedia
LogPluginManager: Mounting plugin AvfMedia
LogPluginManager: Mounting plugin ImgMedia
LogPluginManager: Mounting plugin LinearTimecode
LogPluginManager: Mounting plugin MediaCompositing
LogPluginManager: Mounting plugin MediaPlayerEditor
LogPluginManager: Mounting plugin WebMMedia
LogPluginManager: Mounting plugin WmfMedia
LogPluginManager: Mounting plugin TcpMessaging
LogPluginManager: Mounting plugin UdpMessaging
LogPluginManager: Mounting plugin ActorSequence
LogPluginManager: Mounting plugin LevelSequenceEditor
LogPluginManager: Mounting plugin MatineeToLevelSequence
LogPluginManager: Mounting plugin NetcodeUnitTest
LogPluginManager: Mounting plugin NUTUnrealEngine4
LogPluginManager: Mounting plugin OnlineSubsystemGooglePlay
LogPluginManager: Mounting plugin OnlineSubsystemIOS
LogPluginManager: Mounting plugin OnlineSubsystem
LogPluginManager: Mounting plugin OnlineSubsystemNull
LogPluginManager: Mounting plugin OnlineSubsystemUtils
LogPluginManager: Mounting plugin LauncherChunkInstaller
LogPluginManager: Mounting plugin AndroidDeviceProfileSelector
LogPluginManager: Mounting plugin AndroidMoviePlayer
LogPluginManager: Mounting plugin AndroidPermission
LogPluginManager: Mounting plugin AppleMoviePlayer
LogPluginManager: Mounting plugin ArchVisCharacter
LogPluginManager: Mounting plugin AudioCapture
LogPluginManager: Mounting plugin CableComponent
LogPluginManager: Mounting plugin CustomMeshComponent
LogPluginManager: Mounting plugin EditableMesh
LogPluginManager: Mounting plugin ExampleDeviceProfileSelector
LogPluginManager: Mounting plugin Firebase
LogPluginManager: Mounting plugin GoogleCloudMessaging
LogPluginManager: Mounting plugin IOSDeviceProfileSelector
LogPluginManager: Mounting plugin LinuxDeviceProfileSelector
LogPluginManager: Mounting plugin LocationServicesBPLibrary
LogPluginManager: Mounting plugin MobilePatchingUtils
LogPluginManager: Mounting plugin OculusVR
LogPluginManager: Mounting plugin PhysXVehicles
LogPluginManager: Mounting plugin ProceduralMeshComponent
LogPluginManager: Mounting plugin RuntimePhysXCooking
LogPluginManager: Mounting plugin SignificanceManager
LogPluginManager: Mounting plugin SteamVR
LogPluginManager: Mounting plugin WebMMoviePlayer
LogPluginManager: Mounting plugin WindowsMoviePlayer
LogPluginManager: Mounting plugin DatasmithCADImporter
LogPluginManager: Mounting plugin DatasmithDataPrepEditor
LogPluginManager: Mounting plugin DatasmithFBXImporter
LogPluginManager: Mounting plugin DatasmithGLTFImporter
LogPluginManager: Mounting plugin DatasmithImporter
LogPluginManager: Mounting plugin MDLImporter
LogPluginManager: Mounting plugin StaticMeshEditorExtension
LogPluginManager: Mounting plugin VariantManager
LogInit: Warning: Incompatible or missing module: SeniorProject
Running D:/TheBestGame/UE_4.22/Engine/Binaries/DotNET/UnrealBuildTool.exe Development Win64 -Project="C:/SeniorProject/PollutionProject/SeniorProject/SeniorProject.uproject" -TargetType=Editor -Progress -NoHotReloadFromIDE
Using 'git status' to determine working set for adaptive non-unity build (C:\SeniorProject\PollutionProject).
Creating makefile for SeniorProjectEditor (ini files are newer than makefile)
@progress push 5%
Parsing headers for SeniorProjectEditor
  Running UnrealHeaderTool "C:\SeniorProject\PollutionProject\SeniorProject\SeniorProject.uproject" "C:\SeniorProject\PollutionProject\SeniorProject\Intermediate\Build\Win64\SeniorProjectEditor\Development\SeniorProjectEditor.uhtmanifest" -LogCmds="loginit warning, logexit warning, logdatabase error" -Unattended -WarningsAsErrors -installed
Reflection code generated for SeniorProjectEditor in 34.7296683 seconds
@progress pop
Using Visual Studio 2019 14.22.27905 toolchain (C:\Program Files (x86)\VS19\VC\Tools\MSVC\14.22.27905) and Windows 10.0.17763.0 SDK (C:\Program Files (x86)\Windows Kits\10).
Building 13 actions with 8 processes...
  @progress 'Compiling C++ source code...' 0%
  @progress 'Compiling C++ source code...' 8%
  [1/13] Default.rc2
  @progress 'Compiling C++ source code...' 15%
  [2/13] SharedPCH.Engine.cpp
  @progress 'Compiling C++ source code...' 23%
  [3/13] SeniorProject.cpp
  @progress 'Compiling C++ source code...' 31%
  [4/13] Movement.cpp
  @progress 'Compiling C++ source code...' 38%
  [5/13] SeniorProject.init.gen.cpp
  @progress 'Compiling C++ source code...' 46%
  [6/13] MyLocalPlayer.gen.cpp
  @progress 'Compiling C++ source code...' 54%
  [7/13] SeniorProjectGameModeBase.cpp
  @progress 'Compiling C++ source code...' 62%
  [8/13] Movement.gen.cpp
  @progress 'Compiling C++ source code...' 69%
  [9/13] SeniorProjectGameModeBase.gen.cpp
  @progress 'Compiling C++ source code...' 77%
  [10/13] MyLocalPlayer.cpp
  @progress 'Compiling C++ source code...' 85%
  [11/13] UE4Editor-SeniorProject.lib
     Creating library C:\SeniorProject\PollutionProject\SeniorProject\Intermediate\Build\Win64\UE4Editor\Development\SeniorProject\UE4Editor-SeniorProject.lib and object C:\SeniorProject\PollutionProject\SeniorProject\Intermediate\Build\Win64\UE4Editor\Development\SeniorProject\UE4Editor-SeniorProject.exp
  @progress 'Compiling C++ source code...' 92%
  [12/13] UE4Editor-SeniorProject.dll
     Creating library C:\SeniorProject\PollutionProject\SeniorProject\Intermediate\Build\Win64\UE4Editor\Development\SeniorProject\UE4Editor-SeniorProject.suppressed.lib and object C:\SeniorProject\PollutionProject\SeniorProject\Intermediate\Build\Win64\UE4Editor\Development\SeniorProject\UE4Editor-SeniorProject.suppressed.exp
  @progress 'Compiling C++ source code...' 100%
  [13/13] SeniorProjectEditor.target
Total time in Parallel executor: 39.27 seconds
Total execution time: 81.75 seconds
LogInit: Using libcurl 7.55.1-DEV
LogInit:  - built for x86_64-pc-win32
LogInit:  - supports SSL with OpenSSL/1.1.1
LogInit:  - supports HTTP deflate (compression) using libz 1.2.8
LogInit:  - other features:
LogInit:      CURL_VERSION_SSL
LogInit:      CURL_VERSION_LIBZ
LogInit:      CURL_VERSION_IPV6
LogInit:      CURL_VERSION_ASYNCHDNS
LogInit:      CURL_VERSION_LARGEFILE
LogInit:      CURL_VERSION_IDN
LogInit:  CurlRequestOptions (configurable via config and command line):
LogInit:  - bVerifyPeer = true  - Libcurl will verify peer certificate
LogInit:  - bUseHttpProxy = false  - Libcurl will NOT use HTTP proxy
LogInit:  - bDontReuseConnections = false  - Libcurl will reuse connections
LogInit:  - MaxHostConnections = 16  - Libcurl will limit the number of connections to a host
LogInit:  - LocalHostAddr = Default
LogInit:  - BufferSize = 65536
LogInit: WinSock: version 1.1 (2.2), MaxSocks=32767, MaxUdp=65467
LogHMD: Failed initializing OVRPlugin 1.32.0
LogInit: Build: ++UE4+Release-4.22-CL-7053642
LogInit: Engine Version: 4.22.3-7053642+++UE4+Release-4.22
LogInit: Compatible Engine Version: 4.22.0-5660361+++UE4+Release-4.22
LogInit: Net CL: 5660361
LogInit: OS: Windows 10 (Release 1803) (), CPU: Intel(R) Core(TM) i7-7700HQ CPU @ 2.80GHz, GPU: NVIDIA GeForce GTX 1070
LogInit: Compiled (64-bit): Jun 18 2019 03:09:11
LogInit: Compiled with Visual C++: 19.16.27025.01
LogInit: Build Configuration: Development
LogInit: Branch Name: ++UE4+Release-4.22
LogInit: Command Line: 
LogInit: Base Directory: D:/TheBestGame/UE_4.22/Engine/Binaries/Win64/
LogInit: Installed Engine Build: 1
LogDevObjectVersion: Number of dev versions registered: 23
LogDevObjectVersion:   Dev-Blueprints (B0D832E4-1F89-4F0D-ACCF-7EB736FD4AA2): 10
LogDevObjectVersion:   Dev-Build (E1C64328-A22C-4D53-A36C-8E866417BD8C): 0
LogDevObjectVersion:   Dev-Core (375EC13C-06E4-48FB-B500-84F0262A717E): 3
LogDevObjectVersion:   Dev-Editor (E4B068ED-F494-42E9-A231-DA0B2E46BB41): 30
LogDevObjectVersion:   Dev-Framework (CFFC743F-43B0-4480-9391-14DF171D2073): 35
LogDevObjectVersion:   Dev-Mobile (B02B49B5-BB20-44E9-A304-32B752E40360): 2
LogDevObjectVersion:   Dev-Networking (A4E4105C-59A1-49B5-A7C5-40C4547EDFEE): 0
LogDevObjectVersion:   Dev-Online (39C831C9-5AE6-47DC-9A44-9C173E1C8E7C): 0
LogDevObjectVersion:   Dev-Physics (78F01B33-EBEA-4F98-B9B4-84EACCB95AA2): 0
LogDevObjectVersion:   Dev-Platform (6631380F-2D4D-43E0-8009-CF276956A95A): 0
LogDevObjectVersion:   Dev-Rendering (12F88B9F-8875-4AFC-A67C-D90C383ABD29): 28
LogDevObjectVersion:   Dev-Sequencer (7B5AE74C-D270-4C10-A958-57980B212A5A): 11
LogDevObjectVersion:   Dev-VR (D7296918-1DD6-4BDD-9DE2-64A83CC13884): 2
LogDevObjectVersion:   Dev-LoadTimes (C2A15278-BFE7-4AFE-6C17-90FF531DF755): 1
LogDevObjectVersion:   Private-Geometry (6EACA3D4-40EC-4CC1-B786-8BED09428FC5): 3
LogDevObjectVersion:   Dev-AnimPhys (29E575DD-E0A3-4627-9D10-D276232CDCEA): 17
LogDevObjectVersion:   Dev-Anim (AF43A65D-7FD3-4947-9873-3E8ED9C1BB05): 2
LogDevObjectVersion:   Dev-ReflectionCapture (6B266CEC-1EC7-4B8F-A30B-E4D90942FC07): 1
LogDevObjectVersion:   Dev-Automation (0DF73D61-A23F-47EA-B727-89E90C41499A): 1
LogDevObjectVersion:   FortniteMain (601D1886-AC64-4F84-AA16-D3DE0DEAC7D6): 25
LogDevObjectVersion:   Dev-Enterprise (9DFFBCD6-494F-0158-E221-12823C92A888): 6
LogDevObjectVersion:   Dev-Niagara (F2AED0AC-9AFE-416F-8664-AA7FFA26D6FC): 1
LogDevObjectVersion:   Dev-Destruction (174F1F0B-B4C6-45A5-B13F-2EE8D0FB917D): 2
LogInit: Presizing for max 16777216 objects, including 0 objects not considered by GC, pre-allocating 0 bytes for permanent pool.
LogInit: Object subsystem initialized
LogConfig: Setting CVar [[con.DebugEarlyDefault:1]]
LogConfig: Setting CVar [[r.setres:1280x720]]
[2019.09.30-16.43.43:669][  0]LogConfig: Setting CVar [[r.VSync:0]]
[2019.09.30-16.43.43:669][  0]LogConfig: Setting CVar [[r.RHICmdBypass:0]]
[2019.09.30-16.43.43:669][  0]LogConfig: Applying CVar settings from Section [/Script/Engine.RendererSettings] File [C:/SeniorProject/PollutionProject/SeniorProject/Saved/Config/Windows/Engine.ini]
[2019.09.30-16.43.43:669][  0]LogConfig: Setting CVar [[r.GPUCrashDebugging:0]]
[2019.09.30-16.43.43:669][  0]LogConfig: Setting CVar [[r.DefaultFeature.AutoExposure.ExtendDefaultLuminanceRange:1]]
[2019.09.30-16.43.43:669][  0]LogConfig: Applying CVar settings from Section [/Script/Engine.RendererOverrideSettings] File [C:/SeniorProject/PollutionProject/SeniorProject/Saved/Config/Windows/Engine.ini]
[2019.09.30-16.43.43:669][  0]LogConfig: Applying CVar settings from Section [/Script/Engine.StreamingSettings] File [C:/SeniorProject/PollutionProject/SeniorProject/Saved/Config/Windows/Engine.ini]
[2019.09.30-16.43.43:669][  0]LogConfig: Setting CVar [[s.MinBulkDataSizeForAsyncLoading:131072]]
[2019.09.30-16.43.43:669][  0]LogConfig: Setting CVar [[s.AsyncLoadingThreadEnabled:0]]
[2019.09.30-16.43.43:669][  0]LogConfig: Setting CVar [[s.EventDrivenLoaderEnabled:1]]
[2019.09.30-16.43.43:669][  0]LogConfig: Setting CVar [[s.WarnIfTimeLimitExceeded:0]]
[2019.09.30-16.43.43:669][  0]LogConfig: Setting CVar [[s.TimeLimitExceededMultiplier:1.5]]
[2019.09.30-16.43.43:669][  0]LogConfig: Setting CVar [[s.TimeLimitExceededMinTime:0.005]]
[2019.09.30-16.43.43:670][  0]LogConfig: Setting CVar [[s.UseBackgroundLevelStreaming:1]]
[2019.09.30-16.43.43:670][  0]LogConfig: Setting CVar [[s.PriorityAsyncLoadingExtraTime:15.0]]
[2019.09.30-16.43.43:670][  0]LogConfig: Setting CVar [[s.LevelStreamingActorsUpdateTimeLimit:5.0]]
[2019.09.30-16.43.43:670][  0]LogConfig: Setting CVar [[s.PriorityLevelStreamingActorsUpdateExtraTime:5.0]]
[2019.09.30-16.43.43:670][  0]LogConfig: Setting CVar [[s.LevelStreamingComponentsRegistrationGranularity:10]]
[2019.09.30-16.43.43:670][  0]LogConfig: Setting CVar [[s.UnregisterComponentsTimeLimit:1.0]]
[2019.09.30-16.43.43:670][  0]LogConfig: Setting CVar [[s.LevelStreamingComponentsUnregistrationGranularity:5]]
[2019.09.30-16.43.43:670][  0]LogConfig: Applying CVar settings from Section [/Script/Engine.GarbageCollectionSettings] File [C:/SeniorProject/PollutionProject/SeniorProject/Saved/Config/Windows/Engine.ini]
[2019.09.30-16.43.43:670][  0]LogConfig: Setting CVar [[gc.MaxObjectsNotConsideredByGC:1]]
[2019.09.30-16.43.43:670][  0]LogConfig: Setting CVar [[gc.SizeOfPermanentObjectPool:0]]
[2019.09.30-16.43.43:670][  0]LogConfig: Setting CVar [[gc.FlushStreamingOnGC:0]]
[2019.09.30-16.43.43:670][  0]LogConfig: Setting CVar [[gc.NumRetriesBeforeForcingGC:10]]
[2019.09.30-16.43.43:670][  0]LogConfig: Setting CVar [[gc.AllowParallelGC:1]]
[2019.09.30-16.43.43:670][  0]LogConfig: Setting CVar [[gc.TimeBetweenPurgingPendingKillObjects:61.1]]
[2019.09.30-16.43.43:670][  0]LogConfig: Setting CVar [[gc.MaxObjectsInEditor:16777216]]
[2019.09.30-16.43.43:670][  0]LogConfig: Setting CVar [[gc.IncrementalBeginDestroyEnabled:1]]
[2019.09.30-16.43.43:670][  0]LogConfig: Setting CVar [[gc.CreateGCClusters:1]]
[2019.09.30-16.43.43:670][  0]LogConfig: Setting CVar [[gc.MinGCClusterSize:5]]
[2019.09.30-16.43.43:670][  0]LogConfig: Setting CVar [[gc.ActorClusteringEnabled:0]]
[2019.09.30-16.43.43:670][  0]LogConfig: Setting CVar [[gc.BlueprintClusteringEnabled:0]]
[2019.09.30-16.43.43:670][  0]LogConfig: Setting CVar [[gc.UseDisregardForGCOnDedicatedServers:0]]
[2019.09.30-16.43.43:670][  0]LogConfig: Applying CVar settings from Section [/Script/Engine.NetworkSettings] File [C:/SeniorProject/PollutionProject/SeniorProject/Saved/Config/Windows/Engine.ini]
[2019.09.30-16.43.43:670][  0]LogConfig: Applying CVar settings from Section [/Script/UnrealEd.CookerSettings] File [C:/SeniorProject/PollutionProject/SeniorProject/Saved/Config/Windows/Engine.ini]
[2019.09.30-16.43.43:671][  0]LogConfig: Applying CVar settings from Section [ViewDistanceQuality@3] File [C:/SeniorProject/PollutionProject/SeniorProject/Saved/Config/Windows/Scalability.ini]
[2019.09.30-16.43.43:671][  0]LogConfig: Setting CVar [[r.SkeletalMeshLODBias:0]]
[2019.09.30-16.43.43:671][  0]LogConfig: Setting CVar [[r.ViewDistanceScale:1.0]]
[2019.09.30-16.43.43:671][  0]LogConfig: Applying CVar settings from Section [AntiAliasingQuality@3] File [C:/SeniorProject/PollutionProject/SeniorProject/Saved/Config/Windows/Scalability.ini]
[2019.09.30-16.43.43:671][  0]LogConfig: Setting CVar [[r.PostProcessAAQuality:4]]
[2019.09.30-16.43.43:671][  0]LogConfig: Applying CVar settings from Section [ShadowQuality@3] File [C:/SeniorProject/PollutionProject/SeniorProject/Saved/Config/Windows/Scalability.ini]
[2019.09.30-16.43.43:671][  0]LogConfig: Setting CVar [[r.LightFunctionQuality:1]]
[2019.09.30-16.43.43:671][  0]LogConfig: Setting CVar [[r.ShadowQuality:5]]
[2019.09.30-16.43.43:671][  0]LogConfig: Setting CVar [[r.Shadow.CSM.MaxCascades:10]]
[2019.09.30-16.43.43:671][  0]LogConfig: Setting CVar [[r.Shadow.MaxResolution:2048]]
[2019.09.30-16.43.43:671][  0]LogConfig: Setting CVar [[r.Shadow.MaxCSMResolution:2048]]
[2019.09.30-16.43.43:671][  0]LogConfig: Setting CVar [[r.Shadow.RadiusThreshold:0.01]]
[2019.09.30-16.43.43:671][  0]LogConfig: Setting CVar [[r.Shadow.DistanceScale:1.0]]
[2019.09.30-16.43.43:671][  0]LogConfig: Setting CVar [[r.Shadow.CSM.TransitionScale:1.0]]
[2019.09.30-16.43.43:672][  0]LogConfig: Setting CVar [[r.Shadow.PreShadowResolutionFactor:1.0]]
[2019.09.30-16.43.43:672][  0]LogConfig: Setting CVar [[r.DistanceFieldShadowing:1]]
[2019.09.30-16.43.43:672][  0]LogConfig: Setting CVar [[r.DistanceFieldAO:1]]
[2019.09.30-16.43.43:672][  0]LogConfig: Setting CVar [[r.AOQuality:2]]
[2019.09.30-16.43.43:672][  0]LogConfig: Setting CVar [[r.VolumetricFog:1]]
[2019.09.30-16.43.43:672][  0]LogConfig: Setting CVar [[r.VolumetricFog.GridPixelSize:8]]
[2019.09.30-16.43.43:672][  0]LogConfig: Setting CVar [[r.VolumetricFog.GridSizeZ:128]]
[2019.09.30-16.43.43:672][  0]LogConfig: Setting CVar [[r.VolumetricFog.HistoryMissSupersampleCount:4]]
[2019.09.30-16.43.43:672][  0]LogConfig: Setting CVar [[r.LightMaxDrawDistanceScale:1]]
[2019.09.30-16.43.43:672][  0]LogConfig: Setting CVar [[r.CapsuleShadows:1]]
[2019.09.30-16.43.43:672][  0]LogConfig: Applying CVar settings from Section [PostProcessQuality@3] File [C:/SeniorProject/PollutionProject/SeniorProject/Saved/Config/Windows/Scalability.ini]
[2019.09.30-16.43.43:672][  0]LogConfig: Setting CVar [[r.MotionBlurQuality:4]]
[2019.09.30-16.43.43:672][  0]LogConfig: Setting CVar [[r.AmbientOcclusionMipLevelFactor:0.4]]
[2019.09.30-16.43.43:672][  0]LogConfig: Setting CVar [[r.AmbientOcclusionMaxQuality:100]]
[2019.09.30-16.43.43:672][  0]LogConfig: Setting CVar [[r.AmbientOcclusionLevels:-1]]
[2019.09.30-16.43.43:672][  0]LogConfig: Setting CVar [[r.AmbientOcclusionRadiusScale:1.0]]
[2019.09.30-16.43.43:672][  0]LogConfig: Setting CVar [[r.DepthOfFieldQuality:2]]
[2019.09.30-16.43.43:672][  0]LogConfig: Setting CVar [[r.RenderTargetPoolMin:400]]
[2019.09.30-16.43.43:672][  0]LogConfig: Setting CVar [[r.LensFlareQuality:2]]
[2019.09.30-16.43.43:672][  0]LogConfig: Setting CVar [[r.SceneColorFringeQuality:1]]
[2019.09.30-16.43.43:672][  0]LogConfig: Setting CVar [[r.EyeAdaptationQuality:2]]
[2019.09.30-16.43.43:672][  0]LogConfig: Setting CVar [[r.BloomQuality:5]]
[2019.09.30-16.43.43:672][  0]LogConfig: Setting CVar [[r.FastBlurThreshold:100]]
[2019.09.30-16.43.43:672][  0]LogConfig: Setting CVar [[r.Upscale.Quality:3]]
[2019.09.30-16.43.43:672][  0]LogConfig: Setting CVar [[r.Tonemapper.GrainQuantization:1]]
[2019.09.30-16.43.43:672][  0]LogConfig: Setting CVar [[r.LightShaftQuality:1]]
[2019.09.30-16.43.43:672][  0]LogConfig: Setting CVar [[r.Filter.SizeScale:1]]
[2019.09.30-16.43.43:672][  0]LogConfig: Setting CVar [[r.Tonemapper.Quality:5]]
[2019.09.30-16.43.43:672][  0]LogConfig: Setting CVar [[r.DOF.Gather.AccumulatorQuality:1        ; higher gathering accumulator quality]]
[2019.09.30-16.43.43:672][  0]LogConfig: Setting CVar [[r.DOF.Gather.PostfilterMethod:1          ; Median3x3 postfilering method]]
[2019.09.30-16.43.43:672][  0]LogConfig: Setting CVar [[r.DOF.Gather.EnableBokehSettings:0       ; no bokeh simulation when gathering]]
[2019.09.30-16.43.43:672][  0]LogConfig: Setting CVar [[r.DOF.Gather.RingCount:4                 ; medium number of samples when gathering]]
[2019.09.30-16.43.43:672][  0]LogConfig: Setting CVar [[r.DOF.Scatter.ForegroundCompositing:1    ; additive foreground scattering]]
[2019.09.30-16.43.43:672][  0]LogConfig: Setting CVar [[r.DOF.Scatter.BackgroundCompositing:2    ; additive background scattering]]
[2019.09.30-16.43.43:672][  0]LogConfig: Setting CVar [[r.DOF.Scatter.EnableBokehSettings:1      ; bokeh simulation when scattering]]
[2019.09.30-16.43.43:672][  0]LogConfig: Setting CVar [[r.DOF.Scatter.MaxSpriteRatio:0.1         ; only a maximum of 10% of scattered bokeh]]
[2019.09.30-16.43.43:672][  0]LogConfig: Setting CVar [[r.DOF.Recombine.Quality:1                ; cheap slight out of focus]]
[2019.09.30-16.43.43:672][  0]LogConfig: Setting CVar [[r.DOF.Recombine.EnableBokehSettings:0    ; no bokeh simulation on slight out of focus]]
[2019.09.30-16.43.43:672][  0]LogConfig: Setting CVar [[r.DOF.TemporalAAQuality:1                ; more stable temporal accumulation]]
[2019.09.30-16.43.43:672][  0]LogConfig: Setting CVar [[r.DOF.Kernel.MaxForegroundRadius:0.025]]
[2019.09.30-16.43.43:672][  0]LogConfig: Setting CVar [[r.DOF.Kernel.MaxBackgroundRadius:0.025]]
[2019.09.30-16.43.43:672][  0]LogConfig: Applying CVar settings from Section [TextureQuality@3] File [C:/SeniorProject/PollutionProject/SeniorProject/Saved/Config/Windows/Scalability.ini]
[2019.09.30-16.43.43:672][  0]LogConfig: Setting CVar [[r.Streaming.MipBias:0]]
[2019.09.30-16.43.43:672][  0]LogConfig: Setting CVar [[r.Streaming.AmortizeCPUToGPUCopy:0]]
[2019.09.30-16.43.43:672][  0]LogConfig: Setting CVar [[r.Streaming.MaxNumTexturesToStreamPerFrame:0]]
[2019.09.30-16.43.43:672][  0]LogConfig: Setting CVar [[r.Streaming.Boost:1]]
[2019.09.30-16.43.43:672][  0]LogConfig: Setting CVar [[r.MaxAnisotropy:8]]
[2019.09.30-16.43.43:672][  0]LogConfig: Setting CVar [[r.Streaming.LimitPoolSizeToVRAM:0]]
[2019.09.30-16.43.43:672][  0]LogConfig: Setting CVar [[r.Streaming.PoolSize:1000]]
[2019.09.30-16.43.43:672][  0]LogConfig: Setting CVar [[r.Streaming.MaxEffectiveScreenSize:0]]
[2019.09.30-16.43.43:672][  0]LogConfig: Applying CVar settings from Section [EffectsQuality@3] File [C:/SeniorProject/PollutionProject/SeniorProject/Saved/Config/Windows/Scalability.ini]
[2019.09.30-16.43.43:672][  0]LogConfig: Setting CVar [[r.TranslucencyLightingVolumeDim:64]]
[2019.09.30-16.43.43:672][  0]LogConfig: Setting CVar [[r.RefractionQuality:2]]
[2019.09.30-16.43.43:672][  0]LogConfig: Setting CVar [[r.SSR.Quality:3]]
[2019.09.30-16.43.43:672][  0]LogConfig: Setting CVar [[r.SceneColorFormat:4]]
[2019.09.30-16.43.43:672][  0]LogConfig: Setting CVar [[r.DetailMode:2]]
[2019.09.30-16.43.43:672][  0]LogConfig: Setting CVar [[r.TranslucencyVolumeBlur:1]]
[2019.09.30-16.43.43:672][  0]LogConfig: Setting CVar [[r.MaterialQualityLevel:1 ; High quality]]
[2019.09.30-16.43.43:672][  0]LogConfig: Setting CVar [[r.SSS.Scale:1]]
[2019.09.30-16.43.43:672][  0]LogConfig: Setting CVar [[r.SSS.SampleSet:2]]
[2019.09.30-16.43.43:672][  0]LogConfig: Setting CVar [[r.SSS.Quality:1]]
[2019.09.30-16.43.43:672][  0]LogConfig: Setting CVar [[r.SSS.HalfRes:1]]
[2019.09.30-16.43.43:672][  0]LogConfig: Setting CVar [[r.EmitterSpawnRateScale:1.0]]
[2019.09.30-16.43.43:673][  0]LogConfig: Setting CVar [[r.ParticleLightQuality:2]]
[2019.09.30-16.43.43:673][  0]LogConfig: Applying CVar settings from Section [FoliageQuality@3] File [C:/SeniorProject/PollutionProject/SeniorProject/Saved/Config/Windows/Scalability.ini]
[2019.09.30-16.43.43:673][  0]LogConfig: Setting CVar [[foliage.DensityScale:1.0]]
[2019.09.30-16.43.43:673][  0]LogConfig: Setting CVar [[grass.DensityScale:1.0]]
[2019.09.30-16.43.43:673][  0]LogInit: Selected Device Profile: [Windows]
[2019.09.30-16.43.43:673][  0]LogInit: Applying CVar settings loaded from the selected device profile: [Windows]
[2019.09.30-16.43.43:685][  0]LogHAL: Display: Platform has ~ 16 GB [17130704896 / 17179869184 / 16], which maps to Larger [LargestMinGB=32, LargerMinGB=12, DefaultMinGB=8, SmallerMinGB=6, SmallestMinGB=0)
[2019.09.30-16.43.43:685][  0]LogConfig: Setting CVar [[r.Vulkan.UseRealUBs:0		; Required until we fix HLR fall-out]]
[2019.09.30-16.43.43:685][  0]LogInit: Going up to parent DeviceProfile []
[2019.09.30-16.43.43:685][  0]LogConfig: Applying CVar settings from Section [ViewDistanceQuality@3] File [C:/SeniorProject/PollutionProject/SeniorProject/Saved/Config/Windows/Scalability.ini]
[2019.09.30-16.43.43:685][  0]LogConfig: Setting CVar [[r.SkeletalMeshLODBias:0]]
[2019.09.30-16.43.43:685][  0]LogConfig: Setting CVar [[r.ViewDistanceScale:1.0]]
[2019.09.30-16.43.43:685][  0]LogConfig: Applying CVar settings from Section [AntiAliasingQuality@3] File [C:/SeniorProject/PollutionProject/SeniorProject/Saved/Config/Windows/Scalability.ini]
[2019.09.30-16.43.43:685][  0]LogConfig: Setting CVar [[r.PostProcessAAQuality:4]]
[2019.09.30-16.43.43:685][  0]LogConfig: Applying CVar settings from Section [ShadowQuality@3] File [C:/SeniorProject/PollutionProject/SeniorProject/Saved/Config/Windows/Scalability.ini]
[2019.09.30-16.43.43:685][  0]LogConfig: Setting CVar [[r.LightFunctionQuality:1]]
[2019.09.30-16.43.43:685][  0]LogConfig: Setting CVar [[r.ShadowQuality:5]]
[2019.09.30-16.43.43:685][  0]LogConfig: Setting CVar [[r.Shadow.CSM.MaxCascades:10]]
[2019.09.30-16.43.43:685][  0]LogConfig: Setting CVar [[r.Shadow.MaxResolution:2048]]
[2019.09.30-16.43.43:685][  0]LogConfig: Setting CVar [[r.Shadow.MaxCSMResolution:2048]]
[2019.09.30-16.43.43:685][  0]LogConfig: Setting CVar [[r.Shadow.RadiusThreshold:0.01]]
[2019.09.30-16.43.43:685][  0]LogConfig: Setting CVar [[r.Shadow.DistanceScale:1.0]]
[2019.09.30-16.43.43:685][  0]LogConfig: Setting CVar [[r.Shadow.CSM.TransitionScale:1.0]]
[2019.09.30-16.43.43:686][  0]LogConfig: Setting CVar [[r.Shadow.PreShadowResolutionFactor:1.0]]
[2019.09.30-16.43.43:686][  0]LogConfig: Setting CVar [[r.DistanceFieldShadowing:1]]
[2019.09.30-16.43.43:686][  0]LogConfig: Setting CVar [[r.DistanceFieldAO:1]]
[2019.09.30-16.43.43:686][  0]LogConfig: Setting CVar [[r.AOQuality:2]]
[2019.09.30-16.43.43:686][  0]LogConfig: Setting CVar [[r.VolumetricFog:1]]
[2019.09.30-16.43.43:686][  0]LogConfig: Setting CVar [[r.VolumetricFog.GridPixelSize:8]]
[2019.09.30-16.43.43:686][  0]LogConfig: Setting CVar [[r.VolumetricFog.GridSizeZ:128]]
[2019.09.30-16.43.43:686][  0]LogConfig: Setting CVar [[r.VolumetricFog.HistoryMissSupersampleCount:4]]
[2019.09.30-16.43.43:686][  0]LogConfig: Setting CVar [[r.LightMaxDrawDistanceScale:1]]
[2019.09.30-16.43.43:686][  0]LogConfig: Setting CVar [[r.CapsuleShadows:1]]
[2019.09.30-16.43.43:686][  0]LogConfig: Applying CVar settings from Section [PostProcessQuality@3] File [C:/SeniorProject/PollutionProject/SeniorProject/Saved/Config/Windows/Scalability.ini]
[2019.09.30-16.43.43:686][  0]LogConfig: Setting CVar [[r.MotionBlurQuality:4]]
[2019.09.30-16.43.43:686][  0]LogConfig: Setting CVar [[r.AmbientOcclusionMipLevelFactor:0.4]]
[2019.09.30-16.43.43:686][  0]LogConfig: Setting CVar [[r.AmbientOcclusionMaxQuality:100]]
[2019.09.30-16.43.43:686][  0]LogConfig: Setting CVar [[r.AmbientOcclusionLevels:-1]]
[2019.09.30-16.43.43:686][  0]LogConfig: Setting CVar [[r.AmbientOcclusionRadiusScale:1.0]]
[2019.09.30-16.43.43:686][  0]LogConfig: Setting CVar [[r.DepthOfFieldQuality:2]]
[2019.09.30-16.43.43:686][  0]LogConfig: Setting CVar [[r.RenderTargetPoolMin:400]]
[2019.09.30-16.43.43:686][  0]LogConfig: Setting CVar [[r.LensFlareQuality:2]]
[2019.09.30-16.43.43:686][  0]LogConfig: Setting CVar [[r.SceneColorFringeQuality:1]]
[2019.09.30-16.43.43:686][  0]LogConfig: Setting CVar [[r.EyeAdaptationQuality:2]]
[2019.09.30-16.43.43:686][  0]LogConfig: Setting CVar [[r.BloomQuality:5]]
[2019.09.30-16.43.43:686][  0]LogConfig: Setting CVar [[r.FastBlurThreshold:100]]
[2019.09.30-16.43.43:686][  0]LogConfig: Setting CVar [[r.Upscale.Quality:3]]
[2019.09.30-16.43.43:686][  0]LogConfig: Setting CVar [[r.Tonemapper.GrainQuantization:1]]
[2019.09.30-16.43.43:686][  0]LogConfig: Setting CVar [[r.LightShaftQuality:1]]
[2019.09.30-16.43.43:686][  0]LogConfig: Setting CVar [[r.Filter.SizeScale:1]]
[2019.09.30-16.43.43:686][  0]LogConfig: Setting CVar [[r.Tonemapper.Quality:5]]
[2019.09.30-16.43.43:686][  0]LogConfig: Setting CVar [[r.DOF.Gather.AccumulatorQuality:1        ; higher gathering accumulator quality]]
[2019.09.30-16.43.43:686][  0]LogConfig: Setting CVar [[r.DOF.Gather.PostfilterMethod:1          ; Median3x3 postfilering method]]
[2019.09.30-16.43.43:686][  0]LogConfig: Setting CVar [[r.DOF.Gather.EnableBokehSettings:0       ; no bokeh simulation when gathering]]
[2019.09.30-16.43.43:686][  0]LogConfig: Setting CVar [[r.DOF.Gather.RingCount:4                 ; medium number of samples when gathering]]
[2019.09.30-16.43.43:686][  0]LogConfig: Setting CVar [[r.DOF.Scatter.ForegroundCompositing:1    ; additive foreground scattering]]
[2019.09.30-16.43.43:686][  0]LogConfig: Setting CVar [[r.DOF.Scatter.BackgroundCompositing:2    ; additive background scattering]]
[2019.09.30-16.43.43:686][  0]LogConfig: Setting CVar [[r.DOF.Scatter.EnableBokehSettings:1      ; bokeh simulation when scattering]]
[2019.09.30-16.43.43:686][  0]LogConfig: Setting CVar [[r.DOF.Scatter.MaxSpriteRatio:0.1         ; only a maximum of 10% of scattered bokeh]]
[2019.09.30-16.43.43:686][  0]LogConfig: Setting CVar [[r.DOF.Recombine.Quality:1                ; cheap slight out of focus]]
[2019.09.30-16.43.43:686][  0]LogConfig: Setting CVar [[r.DOF.Recombine.EnableBokehSettings:0    ; no bokeh simulation on slight out of focus]]
[2019.09.30-16.43.43:686][  0]LogConfig: Setting CVar [[r.DOF.TemporalAAQuality:1                ; more stable temporal accumulation]]
[2019.09.30-16.43.43:686][  0]LogConfig: Setting CVar [[r.DOF.Kernel.MaxForegroundRadius:0.025]]
[2019.09.30-16.43.43:686][  0]LogConfig: Setting CVar [[r.DOF.Kernel.MaxBackgroundRadius:0.025]]
[2019.09.30-16.43.43:686][  0]LogConfig: Applying CVar settings from Section [TextureQuality@3] File [C:/SeniorProject/PollutionProject/SeniorProject/Saved/Config/Windows/Scalability.ini]
[2019.09.30-16.43.43:686][  0]LogConfig: Setting CVar [[r.Streaming.MipBias:0]]
[2019.09.30-16.43.43:686][  0]LogConfig: Setting CVar [[r.Streaming.AmortizeCPUToGPUCopy:0]]
[2019.09.30-16.43.43:686][  0]LogConfig: Setting CVar [[r.Streaming.MaxNumTexturesToStreamPerFrame:0]]
[2019.09.30-16.43.43:686][  0]LogConfig: Setting CVar [[r.Streaming.Boost:1]]
[2019.09.30-16.43.43:686][  0]LogConfig: Setting CVar [[r.MaxAnisotropy:8]]
[2019.09.30-16.43.43:686][  0]LogConfig: Setting CVar [[r.Streaming.LimitPoolSizeToVRAM:0]]
[2019.09.30-16.43.43:686][  0]LogConfig: Setting CVar [[r.Streaming.PoolSize:1000]]
[2019.09.30-16.43.43:686][  0]LogConfig: Setting CVar [[r.Streaming.MaxEffectiveScreenSize:0]]
[2019.09.30-16.43.43:686][  0]LogConfig: Applying CVar settings from Section [EffectsQuality@3] File [C:/SeniorProject/PollutionProject/SeniorProject/Saved/Config/Windows/Scalability.ini]
[2019.09.30-16.43.43:686][  0]LogConfig: Setting CVar [[r.TranslucencyLightingVolumeDim:64]]
[2019.09.30-16.43.43:686][  0]LogConfig: Setting CVar [[r.RefractionQuality:2]]
[2019.09.30-16.43.43:686][  0]LogConfig: Setting CVar [[r.SSR.Quality:3]]
[2019.09.30-16.43.43:686][  0]LogConfig: Setting CVar [[r.SceneColorFormat:4]]
[2019.09.30-16.43.43:686][  0]LogConfig: Setting CVar [[r.DetailMode:2]]
[2019.09.30-16.43.43:686][  0]LogConfig: Setting CVar [[r.TranslucencyVolumeBlur:1]]
[2019.09.30-16.43.43:686][  0]LogConfig: Setting CVar [[r.MaterialQualityLevel:1 ; High quality]]
[2019.09.30-16.43.43:686][  0]LogConfig: Setting CVar [[r.SSS.Scale:1]]
[2019.09.30-16.43.43:686][  0]LogConfig: Setting CVar [[r.SSS.SampleSet:2]]
[2019.09.30-16.43.43:686][  0]LogConfig: Setting CVar [[r.SSS.Quality:1]]
[2019.09.30-16.43.43:686][  0]LogConfig: Setting CVar [[r.SSS.HalfRes:1]]
[2019.09.30-16.43.43:686][  0]LogConfig: Setting CVar [[r.EmitterSpawnRateScale:1.0]]
[2019.09.30-16.43.43:686][  0]LogConfig: Setting CVar [[r.ParticleLightQuality:2]]
[2019.09.30-16.43.43:686][  0]LogConfig: Applying CVar settings from Section [FoliageQuality@3] File [C:/SeniorProject/PollutionProject/SeniorProject/Saved/Config/Windows/Scalability.ini]
[2019.09.30-16.43.43:686][  0]LogConfig: Setting CVar [[foliage.DensityScale:1.0]]
[2019.09.30-16.43.43:686][  0]LogConfig: Setting CVar [[grass.DensityScale:1.0]]
[2019.09.30-16.43.43:686][  0]LogConfig: Applying CVar settings from Section [Startup] File [../../../Engine/Config/ConsoleVariables.ini]
[2019.09.30-16.43.43:686][  0]LogConfig: Setting CVar [[net.UseAdaptiveNetUpdateFrequency:0]]
[2019.09.30-16.43.43:686][  0]LogConfig: Setting CVar [[p.chaos.AllowCreatePhysxBodies:1]]
[2019.09.30-16.43.43:686][  0]LogConfig: Applying CVar settings from Section [ConsoleVariables] File [C:/SeniorProject/PollutionProject/SeniorProject/Saved/Config/Windows/Engine.ini]
[2019.09.30-16.43.43:687][  0]LogInit: Computer: DESKTOP-L1LT82N
[2019.09.30-16.43.43:687][  0]LogInit: User: Greg
[2019.09.30-16.43.43:687][  0]LogInit: CPU Page size=4096, Cores=4
[2019.09.30-16.43.43:687][  0]LogInit: High frequency timer resolution =2.742191 MHz
[2019.09.30-16.43.43:687][  0]LogMemory: Memory total: Physical=16.0GB (16GB approx)
[2019.09.30-16.43.43:687][  0]LogMemory: Platform Memory Stats for Windows
[2019.09.30-16.43.43:687][  0]LogMemory: Process Physical Memory: 105.57 MB used, 105.57 MB peak
[2019.09.30-16.43.43:687][  0]LogMemory: Process Virtual Memory: 97.75 MB used, 97.75 MB peak
[2019.09.30-16.43.43:687][  0]LogMemory: Physical Memory: 5703.89 MB used,  10633.23 MB free, 16337.11 MB total
[2019.09.30-16.43.43:687][  0]LogMemory: Virtual Memory: 4718.82 MB used,  134213008.00 MB free, 134217728.00 MB total
[2019.09.30-16.43.43:732][  0]LogInit: Using OS detected language (en-US).
[2019.09.30-16.43.43:732][  0]LogInit: Using OS detected locale (en-US).
[2019.09.30-16.43.43:733][  0]LogTextLocalizationManager: No specific localization for 'en-US' exists, so the 'en' localization will be used.
[2019.09.30-16.43.43:887][  0]LogInit: Setting process to per monitor DPI aware
[2019.09.30-16.43.43:911][  0]LogSlate: New Slate User Created.  User Index 0, Is Virtual User: 0
[2019.09.30-16.43.43:911][  0]LogSlate: Slate User Registered.  User Index 0, Is Virtual User: 0
[2019.09.30-16.43.44:096][  0]LogHMD: Failed to initialize OpenVR with code 110
[2019.09.30-16.43.44:096][  0]LogD3D11RHI: D3D11 adapters:
[2019.09.30-16.43.44:169][  0]LogD3D11RHI:    0. 'NVIDIA GeForce GTX 1070' (Feature Level 11_0)
[2019.09.30-16.43.44:169][  0]LogD3D11RHI:       8089/0/8168 MB DedicatedVideo/DedicatedSystem/SharedSystem, Outputs:1, VendorId:0x10de
[2019.09.30-16.43.44:171][  0]LogD3D11RHI:    1. 'Microsoft Basic Render Driver' (Feature Level 11_0)
[2019.09.30-16.43.44:171][  0]LogD3D11RHI:       0/0/8168 MB DedicatedVideo/DedicatedSystem/SharedSystem, Outputs:0, VendorId:0x1414
[2019.09.30-16.43.44:171][  0]LogD3D11RHI: Chosen D3D11 Adapter: 0
[2019.09.30-16.43.44:179][  0]LogD3D11RHI: Creating new Direct3DDevice
[2019.09.30-16.43.44:179][  0]LogD3D11RHI:     GPU DeviceId: 0x1be1 (for the marketing name, search the web for "GPU Device Id")
[2019.09.30-16.43.44:179][  0]LogWindows: EnumDisplayDevices:
[2019.09.30-16.43.44:179][  0]LogWindows:    0. 'NVIDIA GeForce GTX 1070' (P:1 D:1)
[2019.09.30-16.43.44:179][  0]LogWindows:    1. 'NVIDIA GeForce GTX 1070' (P:0 D:0)
[2019.09.30-16.43.44:180][  0]LogWindows:    2. 'NVIDIA GeForce GTX 1070' (P:0 D:0)
[2019.09.30-16.43.44:180][  0]LogWindows:    3. 'NVIDIA GeForce GTX 1070' (P:0 D:0)
[2019.09.30-16.43.44:180][  0]LogWindows: DebugString: FoundDriverCount:4 
[2019.09.30-16.43.44:180][  0]LogD3D11RHI:     Adapter Name: NVIDIA GeForce GTX 1070
[2019.09.30-16.43.44:180][  0]LogD3D11RHI:   Driver Version: 388.57 (internal:23.21.13.8857, unified:388.57)
[2019.09.30-16.43.44:180][  0]LogD3D11RHI:      Driver Date: 12-4-2017
[2019.09.30-16.43.44:180][  0]LogRHI: Texture pool is 5662 MB (70% of 8089 MB)
[2019.09.30-16.43.44:214][  0]LogD3D11RHI: Async texture creation enabled
[2019.09.30-16.43.44:220][  0]LogRendererCore: FGlobalReadBuffer::InitRHI
[2019.09.30-16.43.44:220][  0]LogRendererCore: FGlobalReadBuffer::InitRHI
[2019.09.30-16.43.44:220][  0]LogRendererCore: FGlobalReadBuffer::InitRHI
[2019.09.30-16.43.44:230][  0]LogD3D11RHI: GPU Timing Frequency: 1000.000000 (Debug: 2 1)
[2019.09.30-16.43.44:617][  0]LogTemp: Display: Module 'AllDesktopTargetPlatform' loaded TargetPlatform 'AllDesktop'
[2019.09.30-16.43.44:629][  0]LogTemp: Display: Module 'MacClientTargetPlatform' loaded TargetPlatform 'MacClient'
[2019.09.30-16.43.44:642][  0]LogTemp: Display: Module 'MacNoEditorTargetPlatform' loaded TargetPlatform 'MacNoEditor'
[2019.09.30-16.43.44:655][  0]LogTemp: Display: Module 'MacServerTargetPlatform' loaded TargetPlatform 'MacServer'
[2019.09.30-16.43.44:669][  0]LogTemp: Display: Module 'MacTargetPlatform' loaded TargetPlatform 'Mac'
[2019.09.30-16.43.44:681][  0]LogTemp: Display: Module 'WindowsClientTargetPlatform' loaded TargetPlatform 'WindowsClient'
[2019.09.30-16.43.44:694][  0]LogTemp: Display: Module 'WindowsNoEditorTargetPlatform' loaded TargetPlatform 'WindowsNoEditor'
[2019.09.30-16.43.44:706][  0]LogTemp: Display: Module 'WindowsServerTargetPlatform' loaded TargetPlatform 'WindowsServer'
[2019.09.30-16.43.44:712][  0]LogTemp: Display: Module 'WindowsTargetPlatform' loaded TargetPlatform 'Windows'
[2019.09.30-16.43.44:788][  0]LogTemp: Display: Module 'AndroidTargetPlatform' loaded TargetPlatform 'Android'
[2019.09.30-16.43.44:788][  0]LogTemp: Display: Module 'AndroidTargetPlatform' loaded TargetPlatform 'Android_ASTC'
[2019.09.30-16.43.44:788][  0]LogTemp: Display: Module 'AndroidTargetPlatform' loaded TargetPlatform 'Android_ATC'
[2019.09.30-16.43.44:788][  0]LogTemp: Display: Module 'AndroidTargetPlatform' loaded TargetPlatform 'Android_DXT'
[2019.09.30-16.43.44:788][  0]LogTemp: Display: Module 'AndroidTargetPlatform' loaded TargetPlatform 'Android_ETC1'
[2019.09.30-16.43.44:788][  0]LogTemp: Display: Module 'AndroidTargetPlatform' loaded TargetPlatform 'Android_ETC1a'
[2019.09.30-16.43.44:788][  0]LogTemp: Display: Module 'AndroidTargetPlatform' loaded TargetPlatform 'Android_ETC2'
[2019.09.30-16.43.44:788][  0]LogTemp: Display: Module 'AndroidTargetPlatform' loaded TargetPlatform 'Android_PVRTC'
[2019.09.30-16.43.44:788][  0]LogTemp: Display: Module 'AndroidTargetPlatform' loaded TargetPlatform 'AndroidClient'
[2019.09.30-16.43.44:788][  0]LogTemp: Display: Module 'AndroidTargetPlatform' loaded TargetPlatform 'Android_ASTCClient'
[2019.09.30-16.43.44:788][  0]LogTemp: Display: Module 'AndroidTargetPlatform' loaded TargetPlatform 'Android_ATCClient'
[2019.09.30-16.43.44:788][  0]LogTemp: Display: Module 'AndroidTargetPlatform' loaded TargetPlatform 'Android_DXTClient'
[2019.09.30-16.43.44:788][  0]LogTemp: Display: Module 'AndroidTargetPlatform' loaded TargetPlatform 'Android_ETC1Client'
[2019.09.30-16.43.44:788][  0]LogTemp: Display: Module 'AndroidTargetPlatform' loaded TargetPlatform 'Android_ETC1aClient'
[2019.09.30-16.43.44:788][  0]LogTemp: Display: Module 'AndroidTargetPlatform' loaded TargetPlatform 'Android_ETC2Client'
[2019.09.30-16.43.44:788][  0]LogTemp: Display: Module 'AndroidTargetPlatform' loaded TargetPlatform 'Android_PVRTCClient'
[2019.09.30-16.43.44:788][  0]LogTemp: Display: Module 'AndroidTargetPlatform' loaded TargetPlatform 'Android_Multi'
[2019.09.30-16.43.44:788][  0]LogTemp: Display: Module 'AndroidTargetPlatform' loaded TargetPlatform 'Android_MultiClient'
[2019.09.30-16.43.44:790][  0]LogTemp: Display: Module 'HTML5TargetPlatform' loaded TargetPlatform 'HTML5'
[2019.09.30-16.43.44:838][  0]LogTemp: Display: Module 'IOSTargetPlatform' loaded TargetPlatform 'IOSClient'
[2019.09.30-16.43.44:838][  0]LogTemp: Display: Module 'IOSTargetPlatform' loaded TargetPlatform 'IOS'
[2019.09.30-16.43.44:861][  0]LogTemp: Display: Module 'TVOSTargetPlatform' loaded TargetPlatform 'TVOSClient'
[2019.09.30-16.43.44:861][  0]LogTemp: Display: Module 'TVOSTargetPlatform' loaded TargetPlatform 'TVOS'
[2019.09.30-16.43.44:872][  0]LogTemp: Display: Module 'LinuxClientTargetPlatform' loaded TargetPlatform 'LinuxClient'
[2019.09.30-16.43.44:884][  0]LogTemp: Display: Module 'LinuxNoEditorTargetPlatform' loaded TargetPlatform 'LinuxNoEditor'
[2019.09.30-16.43.44:897][  0]LogTemp: Display: Module 'LinuxServerTargetPlatform' loaded TargetPlatform 'LinuxServer'
[2019.09.30-16.43.44:910][  0]LogTemp: Display: Module 'LinuxTargetPlatform' loaded TargetPlatform 'Linux'
[2019.09.30-16.43.44:952][  0]LogTemp: Display: Module 'LuminTargetPlatform' loaded TargetPlatform 'Lumin'
[2019.09.30-16.43.44:952][  0]LogTemp: Display: Module 'LuminTargetPlatform' loaded TargetPlatform 'LuminClient'
[2019.09.30-16.43.44:952][  0]LogTargetPlatformManager: Display: Building Assets For Windows
[2019.09.30-16.43.44:960][  0]LogAudioDebug: Display: Lib vorbis DLL was dynamically loaded.
[2019.09.30-16.43.45:002][  0]LogShaderCompilers: Guid format shader working directory is -2 characters bigger than the processId version (C:/SeniorProject/PollutionProject/SeniorProject/Intermediate/Shaders/WorkingDirectory/4512/).
[2019.09.30-16.43.45:002][  0]LogShaderCompilers: Cleaned the shader compiler working directory 'C:/Users/Greg/AppData/Local/Temp/UnrealShaderWorkingDir/8B2E7AA54B25F5835663AA815784800E/'.
[2019.09.30-16.43.45:003][  0]LogXGEController: Cannot use XGE Controller as Incredibuild is not installed on this machine.
[2019.09.30-16.43.45:004][  0]LogShaderCompilers: Cannot use XGE Shader Compiler as Incredibuild is not installed on this machine.
[2019.09.30-16.43.45:004][  0]LogShaderCompilers: Display: Using Local Shader Compiler.
[2019.09.30-16.43.45:547][  0]LogDerivedDataCache: Display: Max Cache Size: 512 MB
[2019.09.30-16.43.45:603][  0]LogDerivedDataCache: Loaded boot cache 0.06s 72MB C:/Users/Greg/AppData/Local/UnrealEngine/4.22/DerivedDataCache/Boot.ddc.
[2019.09.30-16.43.45:603][  0]LogDerivedDataCache: Display: Loaded Boot cache: C:/Users/Greg/AppData/Local/UnrealEngine/4.22/DerivedDataCache/Boot.ddc
[2019.09.30-16.43.45:603][  0]LogDerivedDataCache: FDerivedDataBackendGraph:  Pak pak cache file C:/SeniorProject/PollutionProject/SeniorProject/DerivedDataCache/DDC.ddp not found, will not use a pak cache.
[2019.09.30-16.43.45:603][  0]LogDerivedDataCache: Unable to find inner node Pak for hierarchical cache Hierarchy.
[2019.09.30-16.43.45:603][  0]LogDerivedDataCache: FDerivedDataBackendGraph:  CompressedPak pak cache file C:/SeniorProject/PollutionProject/SeniorProject/DerivedDataCache/Compressed.ddp not found, will not use a pak cache.
[2019.09.30-16.43.45:603][  0]LogDerivedDataCache: Unable to find inner node CompressedPak for hierarchical cache Hierarchy.
[2019.09.30-16.43.45:615][  0]LogDerivedDataCache: Display: Pak cache opened for reading ../../../Engine/DerivedDataCache/Compressed.ddp.
[2019.09.30-16.43.45:618][  0]LogDerivedDataCache: Display: Pak cache opened for reading ../../../Enterprise/DerivedDataCache/Compressed.ddp.
[2019.09.30-16.43.45:632][  0]LogDerivedDataCache: Using Local data cache path C:/Users/Greg/AppData/Local/UnrealEngine/Common/DerivedDataCache: Writable
[2019.09.30-16.43.45:632][  0]LogDerivedDataCache: Shared data cache path not found in *engine.ini, will not use an Shared cache.
[2019.09.30-16.43.45:632][  0]LogDerivedDataCache: Unable to find inner node Shared for hierarchical cache Hierarchy.
[2019.09.30-16.43.45:654][  0]LogMaterial: Verifying Global Shaders for PCD3D_SM5
[2019.09.30-16.43.45:655][  0]LogSlate: Using FreeType 2.6.0
[2019.09.30-16.43.45:656][  0]LogSlate: SlateFontServices - WITH_FREETYPE: 1, WITH_HARFBUZZ: 1
[2019.09.30-16.43.45:744][  0]LogAssetRegistry: FAssetRegistry took 0.0341 seconds to start up
[2019.09.30-16.43.46:059][  0]LogInit: Selected Device Profile: [Windows]
[2019.09.30-16.43.46:190][  0]LogMeshReduction: Using QuadricMeshReduction for automatic static mesh reduction
[2019.09.30-16.43.46:190][  0]LogMeshReduction: Using SimplygonMeshReduction for automatic skeletal mesh reduction
[2019.09.30-16.43.46:190][  0]LogMeshReduction: Using ProxyLODMeshReduction for automatic mesh merging
[2019.09.30-16.43.46:190][  0]LogMeshReduction: No distributed automatic mesh merging module available
[2019.09.30-16.43.46:190][  0]LogMeshMerging: No distributed automatic mesh merging module available
[2019.09.30-16.43.46:209][  0]LogNetVersion: SeniorProject 1.0.0, NetCL: 5660361, EngineNetVer: 10, GameNetVer: 0 (Checksum: 993350713)
[2019.09.30-16.43.46:705][  0]LogPackageLocalizationCache: Processed 16 localized package path(s) for 1 prioritized culture(s) in 0.076131 seconds
[2019.09.30-16.43.46:711][  0]LogUObjectArray: 42205 objects as part of root set at end of initial load.
[2019.09.30-16.43.46:711][  0]LogUObjectAllocator: 7325032 out of 0 bytes used by permanent object pool.
[2019.09.30-16.43.46:711][  0]LogUObjectArray: CloseDisregardForGC: 0/0 objects in disregard for GC pool
[2019.09.30-16.43.47:563][  0]LogTcpMessaging: Initializing TcpMessaging bridge
[2019.09.30-16.43.47:577][  0]LogUdpMessaging: Initializing bridge on interface 0.0.0.0:0 to multicast group 230.0.0.1:6666.
[2019.09.30-16.43.47:718][  0]SourceControl: Source control is disabled
[2019.09.30-16.43.50:006][  0]LogAndroidPermission: UAndroidPermissionCallbackProxy::GetInstance
[2019.09.30-16.43.50:088][  0]LogOcInput: OculusInput pre-init called
[2019.09.30-16.43.58:586][  0]LogEngine: Initializing Engine...
[2019.09.30-16.43.58:587][  0]LogHMD: Failed to initialize OpenVR with code 110
[2019.09.30-16.43.58:588][  0]LogStats: UGameplayTagsManager::InitializeManager -  0.000 s
[2019.09.30-16.43.58:801][  0]LogInit: Initializing FReadOnlyCVARCache
[2019.09.30-16.43.58:812][  0]LogAIModule: Creating AISystem for world Untitled
[2019.09.30-16.43.58:898][  0]LogInit: XAudio2 using 'Speakers (Realtek High Definition Audio)' : 6 channels at 48 kHz using 32 bits per sample (channel mask 0x3f)
[2019.09.30-16.43.59:241][  0]LogInit: FAudioDevice initialized.
[2019.09.30-16.43.59:241][  0]LogNetVersion: Set ProjectVersion to 1.0.0.0. Version Checksum will be recalculated on next use.
[2019.09.30-16.43.59:369][  0]LogDerivedDataCache: Saved boot cache 0.13s 72MB C:/Users/Greg/AppData/Local/UnrealEngine/4.22/DerivedDataCache/Boot.ddc.
[2019.09.30-16.43.59:380][  0]LogInit: Texture streaming: Enabled
[2019.09.30-16.43.59:395][  0]LogEngineSessionManager: EngineSessionManager initialized
[2019.09.30-16.43.59:430][  0]LogInit: Transaction tracking system initialized
[2019.09.30-16.43.59:447][  0]BlueprintLog: New page: Editor Load
[2019.09.30-16.43.59:525][  0]LocalizationService: Localization service is disabled
[2019.09.30-16.44.00:054][  0]LogFileCache: Scanning file cache for directory 'C:/SeniorProject/PollutionProject/SeniorProject/Content/' took 0.02s
[2019.09.30-16.44.00:054][  0]LogCook: Display: Max memory allowance for cook 16384mb min free memory 0mb
[2019.09.30-16.44.00:054][  0]LogCook: Display: Mobile HDR setting 1
[2019.09.30-16.44.02:921][  0]Cmd: MAP LOAD FILE="../../../Engine/Content/Maps/Templates/Template_Default.umap" TEMPLATE=1 SHOWPROGRESS=1 FEATURELEVEL=3
[2019.09.30-16.44.02:921][  0]LightingResults: New page: Lighting Build
[2019.09.30-16.44.02:923][  0]MapCheck: New page: Map Check
[2019.09.30-16.44.02:923][  0]LightingResults: New page: Lighting Build
[2019.09.30-16.44.03:017][  0]LogUObjectHash: Compacting FUObjectHashTables data took   1.89ms
[2019.09.30-16.44.03:101][  0]LogAIModule: Creating AISystem for world Untitled_1
[2019.09.30-16.44.03:118][  0]LogEditorServer: Finished looking for orphan Actors (0.000 secs)
[2019.09.30-16.44.03:144][  0]LogUObjectHash: Compacting FUObjectHashTables data took   1.86ms
[2019.09.30-16.44.03:144][  0]Cmd: MAP CHECKDEP NOCLEARLOG
[2019.09.30-16.44.03:144][  0]MapCheck: Map check complete: 0 Error(s), 0 Warning(s), took 0.179ms to complete.
[2019.09.30-16.44.03:144][  0]LogFileHelpers: Loading map 'Template_Default' took 0.224
[2019.09.30-16.44.04:238][  0]LogSlate: Updating window title bar state: overlay mode, drag disabled, window buttons hidden, title bar hidden
[2019.09.30-16.44.04:268][  0]LogSlate: Updating window title bar state: overlay mode, drag disabled, window buttons hidden, title bar hidden
[2019.09.30-16.44.04:275][  0]LogSlate: Updating window title bar state: overlay mode, drag disabled, window buttons hidden, title bar hidden
[2019.09.30-16.44.04:283][  0]LogSlate: Updating window title bar state: overlay mode, drag disabled, window buttons hidden, title bar hidden
[2019.09.30-16.44.04:436][  0]LogCollectionManager: Loaded 0 collections in 0.001188 seconds
[2019.09.30-16.44.04:832][  0]LogFileCache: Scanning file cache for directory 'C:/SeniorProject/PollutionProject/SeniorProject/Saved/Collections/' took 0.01s
[2019.09.30-16.44.04:832][  0]LogFileCache: Scanning file cache for directory 'C:/SeniorProject/PollutionProject/SeniorProject/Content/Developers/Greg/Collections/' took 0.01s
[2019.09.30-16.44.04:832][  0]LogFileCache: Scanning file cache for directory 'C:/SeniorProject/PollutionProject/SeniorProject/Content/Collections/' took 0.01s
[2019.09.30-16.44.04:832][  0]LogCollectionManager: Rebuilt the GUID cache for 0 collections in 0.000013 seconds
[2019.09.30-16.44.04:913][  0]LogContentBrowser: Native class hierarchy populated in 0.0433 seconds. Added 2867 classes and 728 folders.
[2019.09.30-16.44.05:161][  0]LogContentBrowser: Native class hierarchy updated for 'WidgetCarousel' in 0.0005 seconds. Added 0 classes and 0 folders.
[2019.09.30-16.44.05:329][  0]LogPakFile: Registered encryption key '00000000000000000000000000000000': 0 pak files mounted, 0 remain pending
[2019.09.30-16.44.05:358][  0]LogPakFile: Registered encryption key '00000000000000000000000000000000': 0 pak files mounted, 0 remain pending
[2019.09.30-16.44.05:380][  0]LogPakFile: Registered encryption key '00000000000000000000000000000000': 0 pak files mounted, 0 remain pending
[2019.09.30-16.44.05:452][  0]LogPakFile: Registered encryption key '00000000000000000000000000000000': 0 pak files mounted, 0 remain pending
[2019.09.30-16.44.05:488][  0]LogPakFile: Registered encryption key '00000000000000000000000000000000': 0 pak files mounted, 0 remain pending
[2019.09.30-16.44.05:541][  0]LogPakFile: Registered encryption key '00000000000000000000000000000000': 0 pak files mounted, 0 remain pending
[2019.09.30-16.44.05:566][  0]LogPakFile: Registered encryption key '00000000000000000000000000000000': 0 pak files mounted, 0 remain pending
[2019.09.30-16.44.05:646][  0]LogPakFile: Registered encryption key '00000000000000000000000000000000': 0 pak files mounted, 0 remain pending
[2019.09.30-16.44.05:656][  0]LogPakFile: Registered encryption key '00000000000000000000000000000000': 0 pak files mounted, 0 remain pending
[2019.09.30-16.44.05:698][  0]LogPakFile: Registered encryption key '00000000000000000000000000000000': 0 pak files mounted, 0 remain pending
[2019.09.30-16.44.05:726][  0]LogPakFile: Registered encryption key '00000000000000000000000000000000': 0 pak files mounted, 0 remain pending
[2019.09.30-16.44.05:774][  0]LogPakFile: Registered encryption key '00000000000000000000000000000000': 0 pak files mounted, 0 remain pending
[2019.09.30-16.44.05:801][  0]LogPakFile: Registered encryption key '00000000000000000000000000000000': 0 pak files mounted, 0 remain pending
[2019.09.30-16.44.05:825][  0]LogPakFile: Registered encryption key '00000000000000000000000000000000': 0 pak files mounted, 0 remain pending
[2019.09.30-16.44.05:855][  0]LogPakFile: Registered encryption key '00000000000000000000000000000000': 0 pak files mounted, 0 remain pending
[2019.09.30-16.44.05:882][  0]LogPakFile: Registered encryption key '00000000000000000000000000000000': 0 pak files mounted, 0 remain pending
[2019.09.30-16.44.05:933][  0]LogPakFile: Registered encryption key '00000000000000000000000000000000': 0 pak files mounted, 0 remain pending
[2019.09.30-16.44.05:954][  0]LogPakFile: Registered encryption key '00000000000000000000000000000000': 0 pak files mounted, 0 remain pending
[2019.09.30-16.44.05:972][  0]LogPakFile: Registered encryption key '00000000000000000000000000000000': 0 pak files mounted, 0 remain pending
[2019.09.30-16.44.06:004][  0]LogPakFile: Registered encryption key '00000000000000000000000000000000': 0 pak files mounted, 0 remain pending
[2019.09.30-16.44.06:016][  0]LogPakFile: Registered encryption key '00000000000000000000000000000000': 0 pak files mounted, 0 remain pending
[2019.09.30-16.44.06:040][  0]LogPakFile: Registered encryption key '00000000000000000000000000000000': 0 pak files mounted, 0 remain pending
[2019.09.30-16.44.06:081][  0]LogPakFile: Registered encryption key '00000000000000000000000000000000': 0 pak files mounted, 0 remain pending
[2019.09.30-16.44.06:105][  0]LogPakFile: Registered encryption key '00000000000000000000000000000000': 0 pak files mounted, 0 remain pending
[2019.09.30-16.44.06:150][  0]LogPakFile: Registered encryption key '00000000000000000000000000000000': 0 pak files mounted, 0 remain pending
[2019.09.30-16.44.06:190][  0]LogPakFile: Registered encryption key '00000000000000000000000000000000': 0 pak files mounted, 0 remain pending
[2019.09.30-16.44.06:200][  0]LogPakFile: Registered encryption key '00000000000000000000000000000000': 0 pak files mounted, 0 remain pending
[2019.09.30-16.44.06:271][  0]LogPakFile: Registered encryption key '00000000000000000000000000000000': 0 pak files mounted, 0 remain pending
[2019.09.30-16.44.07:154][  0]LogContentBrowser: Native class hierarchy updated for 'AddContentDialog' in 0.0005 seconds. Added 0 classes and 0 folders.
[2019.09.30-16.44.07:223][  0]LogContentBrowser: Native class hierarchy updated for 'SceneOutliner' in 0.0006 seconds. Added 1 classes and 0 folders.
[2019.09.30-16.44.07:745][  0]LogSlate: Took 0.000182 seconds to synchronously load lazily loaded font '../../../Engine/Content/Slate/Fonts/Roboto-Regular.ttf' (155K)
[2019.09.30-16.44.07:748][  0]LogSlate: Took 0.000262 seconds to synchronously load lazily loaded font '../../../Engine/Content/Slate/Fonts/Roboto-Bold.ttf' (160K)
[2019.09.30-16.44.07:832][  0]LogSlate: Took 0.029459 seconds to synchronously load lazily loaded font '../../../Engine/Content/Editor/Slate/Fonts/FontAwesome.ttf' (139K)
[2019.09.30-16.44.08:323][  0]LogRenderer: Reallocating scene render targets to support 1028x424 Format 10 NumSamples 1 (Frame:1).
[2019.09.30-16.44.08:862][  0]LogContentBrowser: Native class hierarchy updated for 'HierarchicalLODOutliner' in 0.0004 seconds. Added 0 classes and 0 folders.
[2019.09.30-16.44.08:862][  0]LogLoad: (Engine Initialization) Total time: 115.41 seconds
[2019.09.30-16.44.08:862][  0]LogLoad: (Engine Initialization) Total Blueprint compile time: 0.00 seconds
[2019.09.30-16.44.08:873][  0]LogWindowsTextInputMethodSystem: Display: IME system now deactivated.
[2019.09.30-16.44.08:963][  0]LogContentStreaming: Texture pool size now 1000 MB
[2019.09.30-16.44.09:076][  0]LogSlate: Took 0.034611 seconds to synchronously load lazily loaded font '../../../Engine/Content/Slate/Fonts/Roboto-Light.ttf' (167K)
[2019.09.30-16.44.17:196][963]LogAssetRegistry: Asset discovery search completed in 31.4744 seconds
[2019.09.30-16.44.17:198][963]LogCollectionManager: Rebuilt the object cache for 0 collections in 0.000000 seconds (found 0 objects)
[2019.09.30-16.44.17:198][963]LogCollectionManager: Fixed up redirectors for 0 collections in 0.000058 seconds (updated 0 objects)
[2019.09.30-16.44.56:643][685]LogSlate: FSceneViewport::OnFocusLost() reason 0
[2019.09.30-16.44.58:322][877]LogSlate: Took 0.000225 seconds to synchronously load lazily loaded font '../../../Engine/Content/Slate/Fonts/Roboto-Light.ttf' (167K)
[2019.09.30-16.44.58:448][877]LogLinker: Warning: Can't find file '/Game/Levels/MirrorTesting_BuiltData'
[2019.09.30-16.44.58:449][877]LogLinker: Warning: Can't find file for asset '/Game/Levels/MirrorTesting_BuiltData' while loading NULL.
[2019.09.30-16.44.58:498][877]LogLinker: Warning: Can't find file '/Game/Levels/MirrorTesting_BuiltData'
[2019.09.30-16.44.58:499][877]LogLinker: Warning: Can't find file for asset '/Game/Levels/MirrorTesting_BuiltData' while loading NULL.
[2019.09.30-16.44.58:544][877]LogLinker: Warning: Can't find file '/Game/Levels/MirrorTesting_BuiltData'
[2019.09.30-16.44.58:544][877]LogLinker: Warning: Can't find file for asset '/Game/Levels/MirrorTesting_BuiltData' while loading NULL.
[2019.09.30-16.44.58:544][877]LogLinker: Warning: Can't find file '/Game/Levels/MirrorTesting_BuiltData'
[2019.09.30-16.44.58:545][877]LogLinker: Warning: Can't find file for asset '/Game/Levels/MirrorTesting_BuiltData' while loading NULL.
[2019.09.30-16.44.58:657][877]LogLinker: Warning: Can't find file '/Game/Levels/MirrorTesting_BuiltData'
[2019.09.30-16.44.58:657][877]LoadErrors: Failed to load /Game/Levels/MirrorTesting_BuiltData.MirrorTesting_BuiltData Referenced by PersistentLevel
[2019.09.30-16.44.58:657][877]LogLinker: Warning: Can't find file for asset '/Game/Levels/MirrorTesting_BuiltData' while loading NULL.
[2019.09.30-16.44.58:973][877]LogTexture: Display: Building textures: Texture2D_27 (BGRA8, 512X512)
[2019.09.30-16.44.58:973][877]LogTexture: Display: Building textures: Texture2D_31 (BGRA8, 512X512)
[2019.09.30-16.44.58:973][877]LogTexture: Display: Building textures: Texture2D_59 (BGRA8, 512X512)
[2019.09.30-16.44.58:973][877]LogTexture: Display: Building textures: Texture2D_63 (BGRA8, 512X512)
[2019.09.30-16.44.58:973][877]LogMaterial: Display: Missing cached shader map for material M_Ocean_Distance, compiling. 
[2019.09.30-16.44.59:164][877]LogMaterial: Display: Missing cached shader map for material 01_-_Default, compiling. 
[2019.09.30-16.44.59:300][877]LogMaterial: Display: Missing cached shader map for material M_TeleportPreviews, compiling. 
[2019.09.30-16.44.59:313][877]LogMaterial: Display: Missing cached shader map for material M_ArcEndpoint, compiling. 
[2019.09.30-16.44.59:386][877]LogMaterial: Display: Missing cached shader map for material 01_-_Default, compiling. 
[2019.09.30-16.44.59:434][877]LogAIModule: Creating AISystem for world MirrorTesting
[2019.09.30-16.44.59:511][877]LogAssetEditorManager: Opening Asset editor for World /Game/Levels/MirrorTesting.MirrorTesting
[2019.09.30-16.44.59:612][877]LogUObjectHash: Compacting FUObjectHashTables data took   2.15ms
[2019.09.30-16.44.59:613][877]Cmd: MAP LOAD FILE="C:/SeniorProject/PollutionProject/SeniorProject/Content/Levels/MirrorTesting.umap" TEMPLATE=0 SHOWPROGRESS=1 FEATURELEVEL=3
[2019.09.30-16.44.59:613][877]LightingResults: New page: Lighting Build
[2019.09.30-16.44.59:614][877]LoadErrors: New page: Loading map: MirrorTesting.umap
[2019.09.30-16.44.59:614][877]MapCheck: New page: Map Check
[2019.09.30-16.44.59:614][877]LightingResults: New page: Lighting Build
[2019.09.30-16.44.59:642][877]LogUObjectHash: Compacting FUObjectHashTables data took   1.86ms
[2019.09.30-16.45.00:090][877]LogEditorServer: Finished looking for orphan Actors (0.000 secs)
[2019.09.30-16.45.00:122][877]LogUObjectHash: Compacting FUObjectHashTables data took   1.56ms
[2019.09.30-16.45.00:154][877]Cmd: MAP CHECKDEP NOCLEARLOG
[2019.09.30-16.45.00:154][877]MapCheck: Map check complete: 0 Error(s), 0 Warning(s), took 0.145ms to complete.
[2019.09.30-16.45.00:154][877]LogFileHelpers: Loading map 'MirrorTesting' took 0.542
[2019.09.30-16.45.05:721][483]LogShaderCompilers: Display: Shaders left to compile 180
[2019.09.30-16.45.05:858][498]LogShaderCompilers: Display: Shaders left to compile 170
[2019.09.30-16.45.11:430][114]LogShaderCompilers: Display: Shaders left to compile 160
[2019.09.30-16.45.12:447][227]LogShaderCompilers: Display: Shaders left to compile 150
[2019.09.30-16.45.13:214][313]LogShaderCompilers: Display: Shaders left to compile 140
[2019.09.30-16.45.13:782][379]LogShaderCompilers: Display: Shaders left to compile 130
[2019.09.30-16.45.16:701][706]LogShaderCompilers: Display: Shaders left to compile 120
[2019.09.30-16.45.16:718][708]LogShaderCompilers: Display: Shaders left to compile 110
[2019.09.30-16.45.17:027][732]LogShaderCompilers: Display: Shaders left to compile 100
[2019.09.30-16.45.17:933][825]LogUObjectHash: Compacting FUObjectHashTables data took   0.93ms
[2019.09.30-16.45.18:124][844]LogShaderCompilers: Display: Shaders left to compile 90
[2019.09.30-16.45.20:614][123]LogShaderCompilers: Display: Shaders left to compile 80
[2019.09.30-16.45.22:440][324]LogShaderCompilers: Display: Shaders left to compile 70
[2019.09.30-16.45.23:318][386]LogShaderCompilers: Display: Shaders left to compile 60
[2019.09.30-16.45.24:857][505]LogShaderCompilers: Display: Shaders left to compile 50
[2019.09.30-16.45.24:968][514]LogShaderCompilers: Display: Shaders left to compile 40
[2019.09.30-16.45.26:197][605]LogShaderCompilers: Display: Shaders left to compile 30
[2019.09.30-16.45.27:085][647]LogShaderCompilers: Display: Shaders left to compile 20
[2019.09.30-16.45.28:204][737]LogShaderCompilers: Display: Shaders left to compile 10
[2019.09.30-16.45.51:185][131]Cmd: DELETE
[2019.09.30-16.45.51:201][131]Cmd: ACTOR DELETE
[2019.09.30-16.45.51:562][131]LogEditorActor: Deleted Actor: HMDLocomotionPawn_C
[2019.09.30-16.45.51:704][131]LogUObjectHash: Compacting FUObjectHashTables data took   1.57ms
[2019.09.30-16.45.51:728][131]LogEditorActor: Deleted 1 Actors (0.311 secs)
[2019.09.30-16.47.00:884][335]LogEditorViewport: Clicking on Actor (context menu): Landscape (Landscape)
[2019.09.30-16.47.01:387][335]LogSlate: FSceneViewport::OnFocusLost() reason 2
[2019.09.30-16.47.05:011][743]LogAIModule: Creating AISystem for world TestArea
[2019.09.30-16.47.05:157][743]LogSlate: FSceneViewport::OnFocusLost() reason 2
[2019.09.30-16.49.14:252][316]LogSlate: FSceneViewport::OnFocusLost() reason 0
[2019.09.30-16.49.20:268][ 13]LogAssetEditorManager: Opening Asset editor for Class /Script/SeniorProject.MyLocalPlayer
[2019.09.30-16.50.34:150][427]LogSlate: FSceneViewport::OnFocusLost() reason 0
[2019.09.30-16.50.34:339][433]Candidate modules for hot reload:
[2019.09.30-16.50.34:339][433]  SeniorProject
[2019.09.30-16.50.34:340][433]Launching UnrealBuildTool... [D:/TheBestGame/UE_4.22/Engine/Binaries/DotNET/UnrealBuildTool.exe  -ModuleWithSuffix=SeniorProject,282 Win64 Development -TargetType=Editor -Project="C:/SeniorProject/PollutionProject/SeniorProject/SeniorProject.uproject" "C:/SeniorProject/PollutionProject/SeniorProject/SeniorProject.uproject"  -IgnoreJunk]
[2019.09.30-16.50.34:375][433]Warning: Starting HotReload took  0.2s.
[2019.09.30-16.50.50:143][206]CompilerResultsLog: New page: Compilation - Sep 30, 2019, 8:50:50 AM
[2019.09.30-16.50.50:152][206]CompilerResultsLog: Using 'git status' to determine working set for adaptive non-unity build (C:\SeniorProject\PollutionProject).
[2019.09.30-16.50.50:152][206]CompilerResultsLog: Creating makefile for SeniorProjectEditor (no existing makefile)
[2019.09.30-16.50.50:152][206]CompilerResultsLog: Parsing headers for SeniorProjectEditor
[2019.09.30-16.50.50:152][206]CompilerResultsLog:   Running UnrealHeaderTool "C:\SeniorProject\PollutionProject\SeniorProject\SeniorProject.uproject" "C:\SeniorProject\PollutionProject\SeniorProject\Intermediate\Build\Win64\SeniorProjectEditor\Development\SeniorProjectEditor.uhtmanifest" -LogCmds="loginit warning, logexit warning, logdatabase error" -Unattended -WarningsAsErrors -installed
[2019.09.30-16.50.50:152][206]CompilerResultsLog: Reflection code generated for SeniorProjectEditor in 9.5589045 seconds
[2019.09.30-16.50.50:152][206]CompilerResultsLog: Using Visual Studio 2019 14.22.27905 toolchain (C:\Program Files (x86)\VS19\VC\Tools\MSVC\14.22.27905) and Windows 10.0.17763.0 SDK (C:\Program Files (x86)\Windows Kits\10).
[2019.09.30-16.50.50:152][206]CompilerResultsLog: Building 4 actions with 8 processes...
[2019.09.30-16.50.50:152][206]CompilerResultsLog:   [1/4] MyLocalPlayer.cpp
[2019.09.30-16.50.50:152][206]CompilerResultsLog:   [2/4] UE4Editor-SeniorProject-0282.lib
[2019.09.30-16.50.50:152][206]CompilerResultsLog:      Creating library C:\SeniorProject\PollutionProject\SeniorProject\Intermediate\Build\Win64\UE4Editor\Development\SeniorProject\UE4Editor-SeniorProject-0282.lib and object C:\SeniorProject\PollutionProject\SeniorProject\Intermediate\Build\Win64\UE4Editor\Development\SeniorProject\UE4Editor-SeniorProject-0282.exp
[2019.09.30-16.50.50:152][206]CompilerResultsLog:   [3/4] UE4Editor-SeniorProject-0282.dll
[2019.09.30-16.50.50:152][206]CompilerResultsLog:      Creating library C:\SeniorProject\PollutionProject\SeniorProject\Intermediate\Build\Win64\UE4Editor\Development\SeniorProject\UE4Editor-SeniorProject-0282.suppressed.lib and object C:\SeniorProject\PollutionProject\SeniorProject\Intermediate\Build\Win64\UE4Editor\Development\SeniorProject\UE4Editor-SeniorProject-0282.suppressed.exp
[2019.09.30-16.50.50:152][206]CompilerResultsLog:   [4/4] SeniorProjectEditor.target
[2019.09.30-16.50.50:152][206]CompilerResultsLog: Total time in Parallel executor: 2.69 seconds
[2019.09.30-16.50.50:152][206]CompilerResultsLog: Total execution time: 15.33 seconds
[2019.09.30-16.50.50:152][206]LogMainFrame: MainFrame: Module compiling took 15.905 seconds
[2019.09.30-16.50.50:178][206]LogUObjectHash: Compacting FUObjectHashTables data took   1.55ms
[2019.09.30-16.50.50:254][206]LogContentBrowser: Native class hierarchy populated in 0.0127 seconds. Added 2867 classes and 728 folders.
[2019.09.30-16.50.50:311][206]Display: HotReload took 16.1s.
[2019.09.30-16.51.06:067][918]LogTemp: Repeating last play command: Standalone Game
[2019.09.30-16.51.06:143][918]LogUObjectHash: Compacting FUObjectHashTables data took   0.64ms
[2019.09.30-16.51.09:146][918]LogSlate: Window 'Save Content' being destroyed
[2019.09.30-16.51.09:327][918]Cmd: OBJ SAVEPACKAGE PACKAGE="/Game/Levels/MirrorTesting" FILE="C:/SeniorProject/PollutionProject/SeniorProject/Content/Levels/MirrorTesting.umap" SILENT=true AUTOSAVING=false KEEPDIRTY=false
[2019.09.30-16.51.09:376][918]LogUObjectHash: Compacting FUObjectHashTables data took   0.59ms
[2019.09.30-16.51.10:472][918]LogSavePackage: Moving 'C:/SeniorProject/PollutionProject/SeniorProject/Saved/MirrorTestingCDB961EF4D76AF19C916C5805D7B4AC6.tmp' to 'C:/SeniorProject/PollutionProject/SeniorProject/Content/Levels/MirrorTesting.umap'
[2019.09.30-16.51.10:541][918]LogFileHelpers: Saving map 'MirrorTesting' took 1.229
[2019.09.30-16.52.55:868][614]LogInit: XAudio2 using 'MStar Demo-C (NVIDIA High Definition Audio)' : 2 channels at 48 kHz using 16 bits per sample (channel mask 0x3)
[2019.09.30-16.54.26:443][881]LogD3D11RHI: Timed out while waiting for GPU to catch up. (500 ms)
[2019.09.30-16.58.13:064][548]LogTemp: Repeating last play command: Standalone Game
[2019.09.30-16.58.13:109][548]LogUObjectHash: Compacting FUObjectHashTables data took   2.28ms
[2019.09.30-16.59.40:549][242]Candidate modules for hot reload:
[2019.09.30-16.59.40:549][242]  SeniorProject
[2019.09.30-16.59.40:549][242]Launching UnrealBuildTool... [D:/TheBestGame/UE_4.22/Engine/Binaries/DotNET/UnrealBuildTool.exe  -ModuleWithSuffix=SeniorProject,8595 Win64 Development -TargetType=Editor -Project="C:/SeniorProject/PollutionProject/SeniorProject/SeniorProject.uproject" "C:/SeniorProject/PollutionProject/SeniorProject/SeniorProject.uproject"  -IgnoreJunk]
[2019.09.30-16.59.40:553][242]Warning: Starting HotReload took  0.0s.
[2019.09.30-16.59.53:001][401]CompilerResultsLog: New page: Compilation - Sep 30, 2019, 8:59:53 AM
[2019.09.30-16.59.53:001][401]CompilerResultsLog: Using 'git status' to determine working set for adaptive non-unity build (C:\SeniorProject\PollutionProject).
[2019.09.30-16.59.53:001][401]CompilerResultsLog: Creating makefile for SeniorProjectEditor (ini files are newer than makefile)
[2019.09.30-16.59.53:001][401]CompilerResultsLog: Parsing headers for SeniorProjectEditor
[2019.09.30-16.59.53:001][401]CompilerResultsLog:   Running UnrealHeaderTool "C:\SeniorProject\PollutionProject\SeniorProject\SeniorProject.uproject" "C:\SeniorProject\PollutionProject\SeniorProject\Intermediate\Build\Win64\SeniorProjectEditor\Development\SeniorProjectEditor.uhtmanifest" -LogCmds="loginit warning, logexit warning, logdatabase error" -Unattended -WarningsAsErrors -installed
[2019.09.30-16.59.53:001][401]CompilerResultsLog: Reflection code generated for SeniorProjectEditor in 7.5316934 seconds
[2019.09.30-16.59.53:001][401]CompilerResultsLog: Using Visual Studio 2019 14.22.27905 toolchain (C:\Program Files (x86)\VS19\VC\Tools\MSVC\14.22.27905) and Windows 10.0.17763.0 SDK (C:\Program Files (x86)\Windows Kits\10).
[2019.09.30-16.59.53:001][401]CompilerResultsLog: Building 4 actions with 8 processes...
[2019.09.30-16.59.53:001][401]CompilerResultsLog:   [1/4] MyLocalPlayer.cpp
[2019.09.30-16.59.53:001][401]CompilerResultsLog:   [2/4] UE4Editor-SeniorProject-8595.lib
[2019.09.30-16.59.53:001][401]CompilerResultsLog:      Creating library C:\SeniorProject\PollutionProject\SeniorProject\Intermediate\Build\Win64\UE4Editor\Development\SeniorProject\UE4Editor-SeniorProject-8595.lib and object C:\SeniorProject\PollutionProject\SeniorProject\Intermediate\Build\Win64\UE4Editor\Development\SeniorProject\UE4Editor-SeniorProject-8595.exp
[2019.09.30-16.59.53:001][401]CompilerResultsLog:   [3/4] UE4Editor-SeniorProject-8595.dll
[2019.09.30-16.59.53:001][401]CompilerResultsLog:      Creating library C:\SeniorProject\PollutionProject\SeniorProject\Intermediate\Build\Win64\UE4Editor\Development\SeniorProject\UE4Editor-SeniorProject-8595.suppressed.lib and object C:\SeniorProject\PollutionProject\SeniorProject\Intermediate\Build\Win64\UE4Editor\Development\SeniorProject\UE4Editor-SeniorProject-8595.suppressed.exp
[2019.09.30-16.59.53:001][401]CompilerResultsLog:   [4/4] SeniorProjectEditor.target
[2019.09.30-16.59.53:001][401]CompilerResultsLog: Total time in Parallel executor: 2.27 seconds
[2019.09.30-16.59.53:001][401]CompilerResultsLog: Total execution time: 12.30 seconds
[2019.09.30-16.59.53:001][401]LogMainFrame: MainFrame: Module compiling took 12.455 seconds
[2019.09.30-16.59.53:027][401]LogUObjectHash: Compacting FUObjectHashTables data took   0.63ms
[2019.09.30-16.59.53:070][401]LogContentBrowser: Native class hierarchy updated for 'SeniorProject' in 0.0005 seconds. Added 3 classes and 2 folders.
[2019.09.30-16.59.53:072][401]Display: HotReload successful (0 functions remapped  0 scriptstructs remapped)
[2019.09.30-16.59.53:197][401]LogUObjectHash: Compacting FUObjectHashTables data took   0.98ms
[2019.09.30-16.59.53:209][401]LogContentBrowser: Native class hierarchy populated in 0.0085 seconds. Added 2867 classes and 728 folders.
[2019.09.30-16.59.53:209][401]Display: HotReload took 12.7s.
[2019.09.30-16.59.53:975][492]LogTemp: Repeating last play command: Standalone Game
[2019.09.30-16.59.54:013][492]LogUObjectHash: Compacting FUObjectHashTables data took   0.58ms
