Log file open, 05/07/20 09:19:17
LogWindows: Failed to load 'aqProf.dll' (GetLastError=126)
LogWindows: File 'aqProf.dll' does not exist
LogWindows: Failed to load 'VtuneApi.dll' (GetLastError=126)
LogWindows: File 'VtuneApi.dll' does not exist
LogWindows: Failed to load 'VtuneApi32e.dll' (GetLastError=126)
LogWindows: File 'VtuneApi32e.dll' does not exist
LogConsoleResponse: Display: Failed to find resolution value strings in scalability ini. Falling back to default.
LogInit: Display: Running engine for game: SeniorProject
LogPakFile: Registered encryption key '00000000000000000000000000000000': 0 pak files mounted, 0 remain pending
LogPlatformFile: Not using cached read wrapper
LogTaskGraph: Started task graph with 5 named threads and 23 total threads with 3 sets of task threads.
LogStats: Stats thread started at 0.386374
LogD3D11RHI: Loaded GFSDK_Aftermath_Lib.x64.dll
LogICUInternationalization: ICU TimeZone Detection - Raw Offset: -5:00, Platform Override: ''
LogPluginManager: Mounting plugin Paper2D
LogPluginManager: Mounting plugin AISupport
LogPluginManager: Mounting plugin LightPropagationVolume
LogPluginManager: Mounting plugin ActorLayerUtilities
LogPluginManager: Mounting plugin AnimationSharing
LogPluginManager: Mounting plugin CLionSourceCodeAccess
LogPluginManager: Mounting plugin CodeLiteSourceCodeAccess
LogPluginManager: Mounting plugin GitSourceControl
LogPluginManager: Mounting plugin KDevelopSourceCodeAccess
LogPluginManager: Mounting plugin NullSourceCodeAccess
LogPluginManager: Mounting plugin PerforceSourceControl
LogPluginManager: Mounting plugin SubversionSourceControl
LogPluginManager: Mounting plugin UObjectPlugin
LogPluginManager: Mounting plugin VisualStudioCodeSourceCodeAccess
LogPluginManager: Mounting plugin VisualStudioSourceCodeAccess
LogPluginManager: Mounting plugin XCodeSourceCodeAccess
LogPluginManager: Mounting plugin AssetManagerEditor
LogPluginManager: Mounting plugin CryptoKeys
LogPluginManager: Mounting plugin DataValidation
LogPluginManager: Mounting plugin EditorScriptingUtilities
LogPluginManager: Mounting plugin FacialAnimation
LogPluginManager: Mounting plugin GameplayTagsEditor
LogPluginManager: Mounting plugin GLTFImporter
LogPluginManager: Mounting plugin MacGraphicsSwitching
LogPluginManager: Mounting plugin MaterialAnalyzer
LogPluginManager: Mounting plugin MeshEditor
LogPluginManager: Mounting plugin MobileLauncherProfileWizard
LogPluginManager: Mounting plugin PluginBrowser
LogPluginManager: Mounting plugin SpeedTreeImporter
LogPluginManager: Mounting plugin DatasmithContent
LogPluginManager: Mounting plugin VariantManagerContent
LogPluginManager: Mounting plugin AlembicImporter
LogPluginManager: Mounting plugin AppleImageUtils
LogPluginManager: Mounting plugin AppleVision
LogPluginManager: Mounting plugin BackChannel
LogPluginManager: Mounting plugin BlastPlugin
LogPluginManager: Mounting plugin ChaosSolverPlugin
LogPluginManager: Mounting plugin CharacterAI
LogPluginManager: Mounting plugin GeometryCache
LogPluginManager: Mounting plugin GeometryCollectionPlugin
LogPluginManager: Mounting plugin HTML5Networking
LogPluginManager: Mounting plugin ProxyLODPlugin
LogPluginManager: Mounting plugin SkeletalReduction
LogPluginManager: Mounting plugin MagicLeap
LogPluginManager: Mounting plugin MagicLeapMedia
LogPluginManager: Mounting plugin AndroidMedia
LogPluginManager: Mounting plugin AvfMedia
LogPluginManager: Mounting plugin ImgMedia
LogPluginManager: Mounting plugin LinearTimecode
LogPluginManager: Mounting plugin MediaCompositing
LogPluginManager: Mounting plugin MediaPlayerEditor
LogPluginManager: Mounting plugin WebMMedia
LogPluginManager: Mounting plugin WmfMedia
LogPluginManager: Mounting plugin TcpMessaging
LogPluginManager: Mounting plugin UdpMessaging
LogPluginManager: Mounting plugin ActorSequence
LogPluginManager: Mounting plugin LevelSequenceEditor
LogPluginManager: Mounting plugin MatineeToLevelSequence
LogPluginManager: Mounting plugin NetcodeUnitTest
LogPluginManager: Mounting plugin NUTUnrealEngine4
LogPluginManager: Mounting plugin OnlineSubsystemGooglePlay
LogPluginManager: Mounting plugin OnlineSubsystemIOS
LogPluginManager: Mounting plugin OnlineSubsystem
LogPluginManager: Mounting plugin OnlineSubsystemNull
LogPluginManager: Mounting plugin OnlineSubsystemUtils
LogPluginManager: Mounting plugin LauncherChunkInstaller
LogPluginManager: Mounting plugin AndroidDeviceProfileSelector
LogPluginManager: Mounting plugin AndroidMoviePlayer
LogPluginManager: Mounting plugin AndroidPermission
LogPluginManager: Mounting plugin AppleMoviePlayer
LogPluginManager: Mounting plugin ArchVisCharacter
LogPluginManager: Mounting plugin AudioCapture
LogPluginManager: Mounting plugin CableComponent
LogPluginManager: Mounting plugin CustomMeshComponent
LogPluginManager: Mounting plugin EditableMesh
LogPluginManager: Mounting plugin ExampleDeviceProfileSelector
LogPluginManager: Mounting plugin Firebase
LogPluginManager: Mounting plugin GoogleCloudMessaging
LogPluginManager: Mounting plugin IOSDeviceProfileSelector
LogPluginManager: Mounting plugin LinuxDeviceProfileSelector
LogPluginManager: Mounting plugin LocationServicesBPLibrary
LogPluginManager: Mounting plugin MobilePatchingUtils
LogPluginManager: Mounting plugin OculusVR
LogPluginManager: Mounting plugin PhysXVehicles
LogPluginManager: Mounting plugin ProceduralMeshComponent
LogPluginManager: Mounting plugin RuntimePhysXCooking
LogPluginManager: Mounting plugin SignificanceManager
LogPluginManager: Mounting plugin SteamVR
LogPluginManager: Mounting plugin WebMMoviePlayer
LogPluginManager: Mounting plugin WindowsMoviePlayer
LogPluginManager: Mounting plugin DatasmithCADImporter
LogPluginManager: Mounting plugin DatasmithDataPrepEditor
LogPluginManager: Mounting plugin DatasmithFBXImporter
LogPluginManager: Mounting plugin DatasmithGLTFImporter
LogPluginManager: Mounting plugin DatasmithImporter
LogPluginManager: Mounting plugin MDLImporter
LogPluginManager: Mounting plugin StaticMeshEditorExtension
LogPluginManager: Mounting plugin VariantManager
LogInit: Using libcurl 7.55.1-DEV
LogInit:  - built for x86_64-pc-win32
LogInit:  - supports SSL with OpenSSL/1.1.1
LogInit:  - supports HTTP deflate (compression) using libz 1.2.8
LogInit:  - other features:
LogInit:      CURL_VERSION_SSL
LogInit:      CURL_VERSION_LIBZ
LogInit:      CURL_VERSION_IPV6
LogInit:      CURL_VERSION_ASYNCHDNS
LogInit:      CURL_VERSION_LARGEFILE
LogInit:      CURL_VERSION_IDN
LogInit:  CurlRequestOptions (configurable via config and command line):
LogInit:  - bVerifyPeer = true  - Libcurl will verify peer certificate
LogInit:  - bUseHttpProxy = false  - Libcurl will NOT use HTTP proxy
LogInit:  - bDontReuseConnections = false  - Libcurl will reuse connections
LogInit:  - MaxHostConnections = 16  - Libcurl will limit the number of connections to a host
LogInit:  - LocalHostAddr = Default
LogInit:  - BufferSize = 65536
LogInit: WinSock: version 1.1 (2.2), MaxSocks=32767, MaxUdp=65467
LogHMD: Failed initializing OVRPlugin 1.32.0
LogInit: Build: ++UE4+Release-4.22-CL-7053642
LogInit: Engine Version: 4.22.3-7053642+++UE4+Release-4.22
LogInit: Compatible Engine Version: 4.22.0-5660361+++UE4+Release-4.22
LogInit: Net CL: 5660361
LogInit: OS: Windows 10 (Release 1903) (), CPU: Intel(R) Core(TM) i7-6700K CPU @ 4.00GHz, GPU: NVIDIA GeForce RTX 2080
LogInit: Compiled (64-bit): Jun 18 2019 03:09:11
LogInit: Compiled with Visual C++: 19.16.27025.01
LogInit: Build Configuration: Development
LogInit: Branch Name: ++UE4+Release-4.22
LogInit: Command Line:  -skipcompile
LogInit: Base Directory: C:/Program Files/Epic Games/UE_4.22/Engine/Binaries/Win64/
LogInit: Installed Engine Build: 1
LogDevObjectVersion: Number of dev versions registered: 23
LogDevObjectVersion:   Dev-Blueprints (B0D832E4-1F89-4F0D-ACCF-7EB736FD4AA2): 10
LogDevObjectVersion:   Dev-Build (E1C64328-A22C-4D53-A36C-8E866417BD8C): 0
LogDevObjectVersion:   Dev-Core (375EC13C-06E4-48FB-B500-84F0262A717E): 3
LogDevObjectVersion:   Dev-Editor (E4B068ED-F494-42E9-A231-DA0B2E46BB41): 30
LogDevObjectVersion:   Dev-Framework (CFFC743F-43B0-4480-9391-14DF171D2073): 35
LogDevObjectVersion:   Dev-Mobile (B02B49B5-BB20-44E9-A304-32B752E40360): 2
LogDevObjectVersion:   Dev-Networking (A4E4105C-59A1-49B5-A7C5-40C4547EDFEE): 0
LogDevObjectVersion:   Dev-Online (39C831C9-5AE6-47DC-9A44-9C173E1C8E7C): 0
LogDevObjectVersion:   Dev-Physics (78F01B33-EBEA-4F98-B9B4-84EACCB95AA2): 0
LogDevObjectVersion:   Dev-Platform (6631380F-2D4D-43E0-8009-CF276956A95A): 0
LogDevObjectVersion:   Dev-Rendering (12F88B9F-8875-4AFC-A67C-D90C383ABD29): 28
LogDevObjectVersion:   Dev-Sequencer (7B5AE74C-D270-4C10-A958-57980B212A5A): 11
LogDevObjectVersion:   Dev-VR (D7296918-1DD6-4BDD-9DE2-64A83CC13884): 2
LogDevObjectVersion:   Dev-LoadTimes (C2A15278-BFE7-4AFE-6C17-90FF531DF755): 1
LogDevObjectVersion:   Private-Geometry (6EACA3D4-40EC-4CC1-B786-8BED09428FC5): 3
LogDevObjectVersion:   Dev-AnimPhys (29E575DD-E0A3-4627-9D10-D276232CDCEA): 17
LogDevObjectVersion:   Dev-Anim (AF43A65D-7FD3-4947-9873-3E8ED9C1BB05): 2
LogDevObjectVersion:   Dev-ReflectionCapture (6B266CEC-1EC7-4B8F-A30B-E4D90942FC07): 1
LogDevObjectVersion:   Dev-Automation (0DF73D61-A23F-47EA-B727-89E90C41499A): 1
LogDevObjectVersion:   FortniteMain (601D1886-AC64-4F84-AA16-D3DE0DEAC7D6): 25
LogDevObjectVersion:   Dev-Enterprise (9DFFBCD6-494F-0158-E221-12823C92A888): 6
LogDevObjectVersion:   Dev-Niagara (F2AED0AC-9AFE-416F-8664-AA7FFA26D6FC): 1
LogDevObjectVersion:   Dev-Destruction (174F1F0B-B4C6-45A5-B13F-2EE8D0FB917D): 2
LogInit: Presizing for max 16777216 objects, including 0 objects not considered by GC, pre-allocating 0 bytes for permanent pool.
LogInit: Object subsystem initialized
LogConfig: Setting CVar [[con.DebugEarlyDefault:1]]
LogConfig: Setting CVar [[r.setres:1280x720]]
[2020.05.07-13.19.18:950][  0]LogConfig: Setting CVar [[r.VSync:0]]
[2020.05.07-13.19.18:950][  0]LogConfig: Setting CVar [[r.RHICmdBypass:0]]
[2020.05.07-13.19.18:950][  0]LogConfig: Applying CVar settings from Section [/Script/Engine.RendererSettings] File [E:/SenProj/PollProj/SeniorProject/Saved/Config/Windows/Engine.ini]
[2020.05.07-13.19.18:950][  0]LogConfig: Setting CVar [[r.GPUCrashDebugging:0]]
[2020.05.07-13.19.18:950][  0]LogConfig: Setting CVar [[r.DefaultFeature.AutoExposure.ExtendDefaultLuminanceRange:1]]
[2020.05.07-13.19.18:951][  0]LogConfig: Setting CVar [[r.GenerateMeshDistanceFields:1]]
[2020.05.07-13.19.18:951][  0]LogConfig: Applying CVar settings from Section [/Script/Engine.RendererOverrideSettings] File [E:/SenProj/PollProj/SeniorProject/Saved/Config/Windows/Engine.ini]
[2020.05.07-13.19.18:951][  0]LogConfig: Applying CVar settings from Section [/Script/Engine.StreamingSettings] File [E:/SenProj/PollProj/SeniorProject/Saved/Config/Windows/Engine.ini]
[2020.05.07-13.19.18:951][  0]LogConfig: Setting CVar [[s.MinBulkDataSizeForAsyncLoading:131072]]
[2020.05.07-13.19.18:951][  0]LogConfig: Setting CVar [[s.AsyncLoadingThreadEnabled:0]]
[2020.05.07-13.19.18:951][  0]LogConfig: Setting CVar [[s.EventDrivenLoaderEnabled:1]]
[2020.05.07-13.19.18:951][  0]LogConfig: Setting CVar [[s.WarnIfTimeLimitExceeded:0]]
[2020.05.07-13.19.18:951][  0]LogConfig: Setting CVar [[s.TimeLimitExceededMultiplier:1.5]]
[2020.05.07-13.19.18:951][  0]LogConfig: Setting CVar [[s.TimeLimitExceededMinTime:0.005]]
[2020.05.07-13.19.18:951][  0]LogConfig: Setting CVar [[s.UseBackgroundLevelStreaming:1]]
[2020.05.07-13.19.18:951][  0]LogConfig: Setting CVar [[s.PriorityAsyncLoadingExtraTime:15.0]]
[2020.05.07-13.19.18:951][  0]LogConfig: Setting CVar [[s.LevelStreamingActorsUpdateTimeLimit:5.0]]
[2020.05.07-13.19.18:951][  0]LogConfig: Setting CVar [[s.PriorityLevelStreamingActorsUpdateExtraTime:5.0]]
[2020.05.07-13.19.18:951][  0]LogConfig: Setting CVar [[s.LevelStreamingComponentsRegistrationGranularity:10]]
[2020.05.07-13.19.18:951][  0]LogConfig: Setting CVar [[s.UnregisterComponentsTimeLimit:1.0]]
[2020.05.07-13.19.18:951][  0]LogConfig: Setting CVar [[s.LevelStreamingComponentsUnregistrationGranularity:5]]
[2020.05.07-13.19.18:951][  0]LogConfig: Applying CVar settings from Section [/Script/Engine.GarbageCollectionSettings] File [E:/SenProj/PollProj/SeniorProject/Saved/Config/Windows/Engine.ini]
[2020.05.07-13.19.18:952][  0]LogConfig: Setting CVar [[gc.MaxObjectsNotConsideredByGC:1]]
[2020.05.07-13.19.18:952][  0]LogConfig: Setting CVar [[gc.SizeOfPermanentObjectPool:0]]
[2020.05.07-13.19.18:952][  0]LogConfig: Setting CVar [[gc.FlushStreamingOnGC:0]]
[2020.05.07-13.19.18:952][  0]LogConfig: Setting CVar [[gc.NumRetriesBeforeForcingGC:10]]
[2020.05.07-13.19.18:952][  0]LogConfig: Setting CVar [[gc.AllowParallelGC:1]]
[2020.05.07-13.19.18:952][  0]LogConfig: Setting CVar [[gc.TimeBetweenPurgingPendingKillObjects:61.1]]
[2020.05.07-13.19.18:952][  0]LogConfig: Setting CVar [[gc.MaxObjectsInEditor:16777216]]
[2020.05.07-13.19.18:952][  0]LogConfig: Setting CVar [[gc.IncrementalBeginDestroyEnabled:1]]
[2020.05.07-13.19.18:952][  0]LogConfig: Setting CVar [[gc.CreateGCClusters:1]]
[2020.05.07-13.19.18:952][  0]LogConfig: Setting CVar [[gc.MinGCClusterSize:5]]
[2020.05.07-13.19.18:952][  0]LogConfig: Setting CVar [[gc.ActorClusteringEnabled:0]]
[2020.05.07-13.19.18:952][  0]LogConfig: Setting CVar [[gc.BlueprintClusteringEnabled:0]]
[2020.05.07-13.19.18:952][  0]LogConfig: Setting CVar [[gc.UseDisregardForGCOnDedicatedServers:0]]
[2020.05.07-13.19.18:952][  0]LogConfig: Applying CVar settings from Section [/Script/Engine.NetworkSettings] File [E:/SenProj/PollProj/SeniorProject/Saved/Config/Windows/Engine.ini]
[2020.05.07-13.19.18:952][  0]LogConfig: Applying CVar settings from Section [/Script/UnrealEd.CookerSettings] File [E:/SenProj/PollProj/SeniorProject/Saved/Config/Windows/Engine.ini]
[2020.05.07-13.19.18:978][  0]LogConfig: Applying CVar settings from Section [ViewDistanceQuality@3] File [E:/SenProj/PollProj/SeniorProject/Saved/Config/Windows/Scalability.ini]
[2020.05.07-13.19.18:978][  0]LogConfig: Setting CVar [[r.SkeletalMeshLODBias:0]]
[2020.05.07-13.19.18:979][  0]LogConfig: Setting CVar [[r.ViewDistanceScale:1.0]]
[2020.05.07-13.19.18:979][  0]LogConfig: Applying CVar settings from Section [AntiAliasingQuality@3] File [E:/SenProj/PollProj/SeniorProject/Saved/Config/Windows/Scalability.ini]
[2020.05.07-13.19.18:979][  0]LogConfig: Setting CVar [[r.PostProcessAAQuality:4]]
[2020.05.07-13.19.18:979][  0]LogConfig: Applying CVar settings from Section [ShadowQuality@3] File [E:/SenProj/PollProj/SeniorProject/Saved/Config/Windows/Scalability.ini]
[2020.05.07-13.19.18:979][  0]LogConfig: Setting CVar [[r.LightFunctionQuality:1]]
[2020.05.07-13.19.18:979][  0]LogConfig: Setting CVar [[r.ShadowQuality:5]]
[2020.05.07-13.19.18:979][  0]LogConfig: Setting CVar [[r.Shadow.CSM.MaxCascades:10]]
[2020.05.07-13.19.18:979][  0]LogConfig: Setting CVar [[r.Shadow.MaxResolution:2048]]
[2020.05.07-13.19.18:979][  0]LogConfig: Setting CVar [[r.Shadow.MaxCSMResolution:2048]]
[2020.05.07-13.19.18:979][  0]LogConfig: Setting CVar [[r.Shadow.RadiusThreshold:0.01]]
[2020.05.07-13.19.18:979][  0]LogConfig: Setting CVar [[r.Shadow.DistanceScale:1.0]]
[2020.05.07-13.19.18:979][  0]LogConfig: Setting CVar [[r.Shadow.CSM.TransitionScale:1.0]]
[2020.05.07-13.19.18:979][  0]LogConfig: Setting CVar [[r.Shadow.PreShadowResolutionFactor:1.0]]
[2020.05.07-13.19.18:979][  0]LogConfig: Setting CVar [[r.DistanceFieldShadowing:1]]
[2020.05.07-13.19.18:979][  0]LogConfig: Setting CVar [[r.DistanceFieldAO:1]]
[2020.05.07-13.19.18:980][  0]LogConfig: Setting CVar [[r.AOQuality:2]]
[2020.05.07-13.19.18:980][  0]LogConfig: Setting CVar [[r.VolumetricFog:1]]
[2020.05.07-13.19.18:980][  0]LogConfig: Setting CVar [[r.VolumetricFog.GridPixelSize:8]]
[2020.05.07-13.19.18:980][  0]LogConfig: Setting CVar [[r.VolumetricFog.GridSizeZ:128]]
[2020.05.07-13.19.18:980][  0]LogConfig: Setting CVar [[r.VolumetricFog.HistoryMissSupersampleCount:4]]
[2020.05.07-13.19.18:980][  0]LogConfig: Setting CVar [[r.LightMaxDrawDistanceScale:1]]
[2020.05.07-13.19.18:980][  0]LogConfig: Setting CVar [[r.CapsuleShadows:1]]
[2020.05.07-13.19.18:980][  0]LogConfig: Applying CVar settings from Section [PostProcessQuality@3] File [E:/SenProj/PollProj/SeniorProject/Saved/Config/Windows/Scalability.ini]
[2020.05.07-13.19.18:980][  0]LogConfig: Setting CVar [[r.MotionBlurQuality:4]]
[2020.05.07-13.19.18:980][  0]LogConfig: Setting CVar [[r.AmbientOcclusionMipLevelFactor:0.4]]
[2020.05.07-13.19.18:980][  0]LogConfig: Setting CVar [[r.AmbientOcclusionMaxQuality:100]]
[2020.05.07-13.19.18:980][  0]LogConfig: Setting CVar [[r.AmbientOcclusionLevels:-1]]
[2020.05.07-13.19.18:980][  0]LogConfig: Setting CVar [[r.AmbientOcclusionRadiusScale:1.0]]
[2020.05.07-13.19.18:980][  0]LogConfig: Setting CVar [[r.DepthOfFieldQuality:2]]
[2020.05.07-13.19.18:980][  0]LogConfig: Setting CVar [[r.RenderTargetPoolMin:400]]
[2020.05.07-13.19.18:980][  0]LogConfig: Setting CVar [[r.LensFlareQuality:2]]
[2020.05.07-13.19.18:981][  0]LogConfig: Setting CVar [[r.SceneColorFringeQuality:1]]
[2020.05.07-13.19.18:981][  0]LogConfig: Setting CVar [[r.EyeAdaptationQuality:2]]
[2020.05.07-13.19.18:981][  0]LogConfig: Setting CVar [[r.BloomQuality:5]]
[2020.05.07-13.19.18:981][  0]LogConfig: Setting CVar [[r.FastBlurThreshold:100]]
[2020.05.07-13.19.18:981][  0]LogConfig: Setting CVar [[r.Upscale.Quality:3]]
[2020.05.07-13.19.18:981][  0]LogConfig: Setting CVar [[r.Tonemapper.GrainQuantization:1]]
[2020.05.07-13.19.18:981][  0]LogConfig: Setting CVar [[r.LightShaftQuality:1]]
[2020.05.07-13.19.18:981][  0]LogConfig: Setting CVar [[r.Filter.SizeScale:1]]
[2020.05.07-13.19.18:981][  0]LogConfig: Setting CVar [[r.Tonemapper.Quality:5]]
[2020.05.07-13.19.18:981][  0]LogConfig: Setting CVar [[r.DOF.Gather.AccumulatorQuality:1        ; higher gathering accumulator quality]]
[2020.05.07-13.19.18:981][  0]LogConfig: Setting CVar [[r.DOF.Gather.PostfilterMethod:1          ; Median3x3 postfilering method]]
[2020.05.07-13.19.18:981][  0]LogConfig: Setting CVar [[r.DOF.Gather.EnableBokehSettings:0       ; no bokeh simulation when gathering]]
[2020.05.07-13.19.18:981][  0]LogConfig: Setting CVar [[r.DOF.Gather.RingCount:4                 ; medium number of samples when gathering]]
[2020.05.07-13.19.18:981][  0]LogConfig: Setting CVar [[r.DOF.Scatter.ForegroundCompositing:1    ; additive foreground scattering]]
[2020.05.07-13.19.18:981][  0]LogConfig: Setting CVar [[r.DOF.Scatter.BackgroundCompositing:2    ; additive background scattering]]
[2020.05.07-13.19.18:981][  0]LogConfig: Setting CVar [[r.DOF.Scatter.EnableBokehSettings:1      ; bokeh simulation when scattering]]
[2020.05.07-13.19.18:982][  0]LogConfig: Setting CVar [[r.DOF.Scatter.MaxSpriteRatio:0.1         ; only a maximum of 10% of scattered bokeh]]
[2020.05.07-13.19.18:982][  0]LogConfig: Setting CVar [[r.DOF.Recombine.Quality:1                ; cheap slight out of focus]]
[2020.05.07-13.19.18:982][  0]LogConfig: Setting CVar [[r.DOF.Recombine.EnableBokehSettings:0    ; no bokeh simulation on slight out of focus]]
[2020.05.07-13.19.18:982][  0]LogConfig: Setting CVar [[r.DOF.TemporalAAQuality:1                ; more stable temporal accumulation]]
[2020.05.07-13.19.18:982][  0]LogConfig: Setting CVar [[r.DOF.Kernel.MaxForegroundRadius:0.025]]
[2020.05.07-13.19.18:982][  0]LogConfig: Setting CVar [[r.DOF.Kernel.MaxBackgroundRadius:0.025]]
[2020.05.07-13.19.18:982][  0]LogConfig: Applying CVar settings from Section [TextureQuality@3] File [E:/SenProj/PollProj/SeniorProject/Saved/Config/Windows/Scalability.ini]
[2020.05.07-13.19.18:982][  0]LogConfig: Setting CVar [[r.Streaming.MipBias:0]]
[2020.05.07-13.19.18:982][  0]LogConfig: Setting CVar [[r.Streaming.AmortizeCPUToGPUCopy:0]]
[2020.05.07-13.19.18:982][  0]LogConfig: Setting CVar [[r.Streaming.MaxNumTexturesToStreamPerFrame:0]]
[2020.05.07-13.19.18:982][  0]LogConfig: Setting CVar [[r.Streaming.Boost:1]]
[2020.05.07-13.19.18:982][  0]LogConfig: Setting CVar [[r.MaxAnisotropy:8]]
[2020.05.07-13.19.18:982][  0]LogConfig: Setting CVar [[r.Streaming.LimitPoolSizeToVRAM:0]]
[2020.05.07-13.19.18:982][  0]LogConfig: Setting CVar [[r.Streaming.PoolSize:1000]]
[2020.05.07-13.19.18:982][  0]LogConfig: Setting CVar [[r.Streaming.MaxEffectiveScreenSize:0]]
[2020.05.07-13.19.18:982][  0]LogConfig: Applying CVar settings from Section [EffectsQuality@3] File [E:/SenProj/PollProj/SeniorProject/Saved/Config/Windows/Scalability.ini]
[2020.05.07-13.19.18:983][  0]LogConfig: Setting CVar [[r.TranslucencyLightingVolumeDim:64]]
[2020.05.07-13.19.18:983][  0]LogConfig: Setting CVar [[r.RefractionQuality:2]]
[2020.05.07-13.19.18:983][  0]LogConfig: Setting CVar [[r.SSR.Quality:3]]
[2020.05.07-13.19.18:983][  0]LogConfig: Setting CVar [[r.SceneColorFormat:4]]
[2020.05.07-13.19.18:983][  0]LogConfig: Setting CVar [[r.DetailMode:2]]
[2020.05.07-13.19.18:983][  0]LogConfig: Setting CVar [[r.TranslucencyVolumeBlur:1]]
[2020.05.07-13.19.18:983][  0]LogConfig: Setting CVar [[r.MaterialQualityLevel:1 ; High quality]]
[2020.05.07-13.19.18:983][  0]LogConfig: Setting CVar [[r.SSS.Scale:1]]
[2020.05.07-13.19.18:983][  0]LogConfig: Setting CVar [[r.SSS.SampleSet:2]]
[2020.05.07-13.19.18:983][  0]LogConfig: Setting CVar [[r.SSS.Quality:1]]
[2020.05.07-13.19.18:983][  0]LogConfig: Setting CVar [[r.SSS.HalfRes:1]]
[2020.05.07-13.19.18:983][  0]LogConfig: Setting CVar [[r.EmitterSpawnRateScale:1.0]]
[2020.05.07-13.19.18:983][  0]LogConfig: Setting CVar [[r.ParticleLightQuality:2]]
[2020.05.07-13.19.18:983][  0]LogConfig: Applying CVar settings from Section [FoliageQuality@3] File [E:/SenProj/PollProj/SeniorProject/Saved/Config/Windows/Scalability.ini]
[2020.05.07-13.19.18:983][  0]LogConfig: Setting CVar [[foliage.DensityScale:1.0]]
[2020.05.07-13.19.18:983][  0]LogConfig: Setting CVar [[grass.DensityScale:1.0]]
[2020.05.07-13.19.18:984][  0]LogInit: Selected Device Profile: [Windows]
[2020.05.07-13.19.18:984][  0]LogInit: Applying CVar settings loaded from the selected device profile: [Windows]
[2020.05.07-13.19.18:997][  0]LogHAL: Display: Platform has ~ 16 GB [17116258304 / 17179869184 / 16], which maps to Larger [LargestMinGB=32, LargerMinGB=12, DefaultMinGB=8, SmallerMinGB=6, SmallestMinGB=0)
[2020.05.07-13.19.18:997][  0]LogConfig: Setting CVar [[r.Vulkan.UseRealUBs:0		; Required until we fix HLR fall-out]]
[2020.05.07-13.19.18:997][  0]LogInit: Going up to parent DeviceProfile []
[2020.05.07-13.19.18:997][  0]LogConfig: Applying CVar settings from Section [ViewDistanceQuality@3] File [E:/SenProj/PollProj/SeniorProject/Saved/Config/Windows/Scalability.ini]
[2020.05.07-13.19.18:998][  0]LogConfig: Setting CVar [[r.SkeletalMeshLODBias:0]]
[2020.05.07-13.19.18:998][  0]LogConfig: Setting CVar [[r.ViewDistanceScale:1.0]]
[2020.05.07-13.19.18:998][  0]LogConfig: Applying CVar settings from Section [AntiAliasingQuality@3] File [E:/SenProj/PollProj/SeniorProject/Saved/Config/Windows/Scalability.ini]
[2020.05.07-13.19.18:998][  0]LogConfig: Setting CVar [[r.PostProcessAAQuality:4]]
[2020.05.07-13.19.18:998][  0]LogConfig: Applying CVar settings from Section [ShadowQuality@3] File [E:/SenProj/PollProj/SeniorProject/Saved/Config/Windows/Scalability.ini]
[2020.05.07-13.19.18:998][  0]LogConfig: Setting CVar [[r.LightFunctionQuality:1]]
[2020.05.07-13.19.18:998][  0]LogConfig: Setting CVar [[r.ShadowQuality:5]]
[2020.05.07-13.19.18:998][  0]LogConfig: Setting CVar [[r.Shadow.CSM.MaxCascades:10]]
[2020.05.07-13.19.18:998][  0]LogConfig: Setting CVar [[r.Shadow.MaxResolution:2048]]
[2020.05.07-13.19.18:998][  0]LogConfig: Setting CVar [[r.Shadow.MaxCSMResolution:2048]]
[2020.05.07-13.19.18:998][  0]LogConfig: Setting CVar [[r.Shadow.RadiusThreshold:0.01]]
[2020.05.07-13.19.18:998][  0]LogConfig: Setting CVar [[r.Shadow.DistanceScale:1.0]]
[2020.05.07-13.19.18:998][  0]LogConfig: Setting CVar [[r.Shadow.CSM.TransitionScale:1.0]]
[2020.05.07-13.19.18:998][  0]LogConfig: Setting CVar [[r.Shadow.PreShadowResolutionFactor:1.0]]
[2020.05.07-13.19.18:998][  0]LogConfig: Setting CVar [[r.DistanceFieldShadowing:1]]
[2020.05.07-13.19.18:998][  0]LogConfig: Setting CVar [[r.DistanceFieldAO:1]]
[2020.05.07-13.19.18:998][  0]LogConfig: Setting CVar [[r.AOQuality:2]]
[2020.05.07-13.19.18:999][  0]LogConfig: Setting CVar [[r.VolumetricFog:1]]
[2020.05.07-13.19.18:999][  0]LogConfig: Setting CVar [[r.VolumetricFog.GridPixelSize:8]]
[2020.05.07-13.19.18:999][  0]LogConfig: Setting CVar [[r.VolumetricFog.GridSizeZ:128]]
[2020.05.07-13.19.18:999][  0]LogConfig: Setting CVar [[r.VolumetricFog.HistoryMissSupersampleCount:4]]
[2020.05.07-13.19.18:999][  0]LogConfig: Setting CVar [[r.LightMaxDrawDistanceScale:1]]
[2020.05.07-13.19.18:999][  0]LogConfig: Setting CVar [[r.CapsuleShadows:1]]
[2020.05.07-13.19.18:999][  0]LogConfig: Applying CVar settings from Section [PostProcessQuality@3] File [E:/SenProj/PollProj/SeniorProject/Saved/Config/Windows/Scalability.ini]
[2020.05.07-13.19.18:999][  0]LogConfig: Setting CVar [[r.MotionBlurQuality:4]]
[2020.05.07-13.19.18:999][  0]LogConfig: Setting CVar [[r.AmbientOcclusionMipLevelFactor:0.4]]
[2020.05.07-13.19.18:999][  0]LogConfig: Setting CVar [[r.AmbientOcclusionMaxQuality:100]]
[2020.05.07-13.19.18:999][  0]LogConfig: Setting CVar [[r.AmbientOcclusionLevels:-1]]
[2020.05.07-13.19.18:999][  0]LogConfig: Setting CVar [[r.AmbientOcclusionRadiusScale:1.0]]
[2020.05.07-13.19.18:999][  0]LogConfig: Setting CVar [[r.DepthOfFieldQuality:2]]
[2020.05.07-13.19.18:999][  0]LogConfig: Setting CVar [[r.RenderTargetPoolMin:400]]
[2020.05.07-13.19.18:999][  0]LogConfig: Setting CVar [[r.LensFlareQuality:2]]
[2020.05.07-13.19.18:999][  0]LogConfig: Setting CVar [[r.SceneColorFringeQuality:1]]
[2020.05.07-13.19.18:999][  0]LogConfig: Setting CVar [[r.EyeAdaptationQuality:2]]
[2020.05.07-13.19.18:999][  0]LogConfig: Setting CVar [[r.BloomQuality:5]]
[2020.05.07-13.19.18:999][  0]LogConfig: Setting CVar [[r.FastBlurThreshold:100]]
[2020.05.07-13.19.18:999][  0]LogConfig: Setting CVar [[r.Upscale.Quality:3]]
[2020.05.07-13.19.18:999][  0]LogConfig: Setting CVar [[r.Tonemapper.GrainQuantization:1]]
[2020.05.07-13.19.18:999][  0]LogConfig: Setting CVar [[r.LightShaftQuality:1]]
[2020.05.07-13.19.18:999][  0]LogConfig: Setting CVar [[r.Filter.SizeScale:1]]
[2020.05.07-13.19.18:999][  0]LogConfig: Setting CVar [[r.Tonemapper.Quality:5]]
[2020.05.07-13.19.18:999][  0]LogConfig: Setting CVar [[r.DOF.Gather.AccumulatorQuality:1        ; higher gathering accumulator quality]]
[2020.05.07-13.19.18:999][  0]LogConfig: Setting CVar [[r.DOF.Gather.PostfilterMethod:1          ; Median3x3 postfilering method]]
[2020.05.07-13.19.18:999][  0]LogConfig: Setting CVar [[r.DOF.Gather.EnableBokehSettings:0       ; no bokeh simulation when gathering]]
[2020.05.07-13.19.18:999][  0]LogConfig: Setting CVar [[r.DOF.Gather.RingCount:4                 ; medium number of samples when gathering]]
[2020.05.07-13.19.18:999][  0]LogConfig: Setting CVar [[r.DOF.Scatter.ForegroundCompositing:1    ; additive foreground scattering]]
[2020.05.07-13.19.18:999][  0]LogConfig: Setting CVar [[r.DOF.Scatter.BackgroundCompositing:2    ; additive background scattering]]
[2020.05.07-13.19.18:999][  0]LogConfig: Setting CVar [[r.DOF.Scatter.EnableBokehSettings:1      ; bokeh simulation when scattering]]
[2020.05.07-13.19.18:999][  0]LogConfig: Setting CVar [[r.DOF.Scatter.MaxSpriteRatio:0.1         ; only a maximum of 10% of scattered bokeh]]
[2020.05.07-13.19.18:999][  0]LogConfig: Setting CVar [[r.DOF.Recombine.Quality:1                ; cheap slight out of focus]]
[2020.05.07-13.19.18:999][  0]LogConfig: Setting CVar [[r.DOF.Recombine.EnableBokehSettings:0    ; no bokeh simulation on slight out of focus]]
[2020.05.07-13.19.18:999][  0]LogConfig: Setting CVar [[r.DOF.TemporalAAQuality:1                ; more stable temporal accumulation]]
[2020.05.07-13.19.18:999][  0]LogConfig: Setting CVar [[r.DOF.Kernel.MaxForegroundRadius:0.025]]
[2020.05.07-13.19.19:000][  0]LogConfig: Setting CVar [[r.DOF.Kernel.MaxBackgroundRadius:0.025]]
[2020.05.07-13.19.19:000][  0]LogConfig: Applying CVar settings from Section [TextureQuality@3] File [E:/SenProj/PollProj/SeniorProject/Saved/Config/Windows/Scalability.ini]
[2020.05.07-13.19.19:000][  0]LogConfig: Setting CVar [[r.Streaming.MipBias:0]]
[2020.05.07-13.19.19:000][  0]LogConfig: Setting CVar [[r.Streaming.AmortizeCPUToGPUCopy:0]]
[2020.05.07-13.19.19:000][  0]LogConfig: Setting CVar [[r.Streaming.MaxNumTexturesToStreamPerFrame:0]]
[2020.05.07-13.19.19:000][  0]LogConfig: Setting CVar [[r.Streaming.Boost:1]]
[2020.05.07-13.19.19:000][  0]LogConfig: Setting CVar [[r.MaxAnisotropy:8]]
[2020.05.07-13.19.19:000][  0]LogConfig: Setting CVar [[r.Streaming.LimitPoolSizeToVRAM:0]]
[2020.05.07-13.19.19:000][  0]LogConfig: Setting CVar [[r.Streaming.PoolSize:1000]]
[2020.05.07-13.19.19:000][  0]LogConfig: Setting CVar [[r.Streaming.MaxEffectiveScreenSize:0]]
[2020.05.07-13.19.19:000][  0]LogConfig: Applying CVar settings from Section [EffectsQuality@3] File [E:/SenProj/PollProj/SeniorProject/Saved/Config/Windows/Scalability.ini]
[2020.05.07-13.19.19:000][  0]LogConfig: Setting CVar [[r.TranslucencyLightingVolumeDim:64]]
[2020.05.07-13.19.19:000][  0]LogConfig: Setting CVar [[r.RefractionQuality:2]]
[2020.05.07-13.19.19:000][  0]LogConfig: Setting CVar [[r.SSR.Quality:3]]
[2020.05.07-13.19.19:000][  0]LogConfig: Setting CVar [[r.SceneColorFormat:4]]
[2020.05.07-13.19.19:000][  0]LogConfig: Setting CVar [[r.DetailMode:2]]
[2020.05.07-13.19.19:001][  0]LogConfig: Setting CVar [[r.TranslucencyVolumeBlur:1]]
[2020.05.07-13.19.19:001][  0]LogConfig: Setting CVar [[r.MaterialQualityLevel:1 ; High quality]]
[2020.05.07-13.19.19:001][  0]LogConfig: Setting CVar [[r.SSS.Scale:1]]
[2020.05.07-13.19.19:001][  0]LogConfig: Setting CVar [[r.SSS.SampleSet:2]]
[2020.05.07-13.19.19:001][  0]LogConfig: Setting CVar [[r.SSS.Quality:1]]
[2020.05.07-13.19.19:001][  0]LogConfig: Setting CVar [[r.SSS.HalfRes:1]]
[2020.05.07-13.19.19:001][  0]LogConfig: Setting CVar [[r.EmitterSpawnRateScale:1.0]]
[2020.05.07-13.19.19:001][  0]LogConfig: Setting CVar [[r.ParticleLightQuality:2]]
[2020.05.07-13.19.19:001][  0]LogConfig: Applying CVar settings from Section [FoliageQuality@3] File [E:/SenProj/PollProj/SeniorProject/Saved/Config/Windows/Scalability.ini]
[2020.05.07-13.19.19:001][  0]LogConfig: Setting CVar [[foliage.DensityScale:1.0]]
[2020.05.07-13.19.19:001][  0]LogConfig: Setting CVar [[grass.DensityScale:1.0]]
[2020.05.07-13.19.19:001][  0]LogConfig: Applying CVar settings from Section [Startup] File [../../../Engine/Config/ConsoleVariables.ini]
[2020.05.07-13.19.19:002][  0]LogConfig: Setting CVar [[net.UseAdaptiveNetUpdateFrequency:0]]
[2020.05.07-13.19.19:002][  0]LogConfig: Setting CVar [[p.chaos.AllowCreatePhysxBodies:1]]
[2020.05.07-13.19.19:002][  0]LogConfig: Applying CVar settings from Section [ConsoleVariables] File [E:/SenProj/PollProj/SeniorProject/Saved/Config/Windows/Engine.ini]
[2020.05.07-13.19.19:002][  0]LogInit: Computer: GREGSPC
[2020.05.07-13.19.19:002][  0]LogInit: User: Gregory
[2020.05.07-13.19.19:002][  0]LogInit: CPU Page size=4096, Cores=4
[2020.05.07-13.19.19:002][  0]LogInit: High frequency timer resolution =10.000000 MHz
[2020.05.07-13.19.19:002][  0]LogMemory: Memory total: Physical=15.9GB (16GB approx)
[2020.05.07-13.19.19:002][  0]LogMemory: Platform Memory Stats for Windows
[2020.05.07-13.19.19:003][  0]LogMemory: Process Physical Memory: 102.66 MB used, 102.66 MB peak
[2020.05.07-13.19.19:003][  0]LogMemory: Process Virtual Memory: 104.13 MB used, 104.13 MB peak
[2020.05.07-13.19.19:003][  0]LogMemory: Physical Memory: 12370.30 MB used,  3953.04 MB free, 16323.34 MB total
[2020.05.07-13.19.19:003][  0]LogMemory: Virtual Memory: 4670.20 MB used,  134213056.00 MB free, 134217728.00 MB total
[2020.05.07-13.19.19:208][  0]LogInit: Using OS detected language (en-US).
[2020.05.07-13.19.19:208][  0]LogInit: Using OS detected locale (en-US).
[2020.05.07-13.19.19:209][  0]LogTextLocalizationManager: No specific localization for 'en-US' exists, so the 'en' localization will be used.
[2020.05.07-13.19.19:432][  0]LogInit: Setting process to per monitor DPI aware
[2020.05.07-13.19.19:579][  0]LogSlate: New Slate User Created.  User Index 0, Is Virtual User: 0
[2020.05.07-13.19.19:579][  0]LogSlate: Slate User Registered.  User Index 0, Is Virtual User: 0
[2020.05.07-13.19.19:917][  0]LogHMD: Failed to initialize OpenVR with code 108
[2020.05.07-13.19.19:917][  0]LogD3D11RHI: D3D11 adapters:
[2020.05.07-13.19.20:054][  0]LogD3D11RHI:    0. 'NVIDIA GeForce RTX 2080' (Feature Level 11_0)
[2020.05.07-13.19.20:054][  0]LogD3D11RHI:       8010/0/8161 MB DedicatedVideo/DedicatedSystem/SharedSystem, Outputs:4, VendorId:0x10de
[2020.05.07-13.19.20:064][  0]LogD3D11RHI:    1. 'Microsoft Basic Render Driver' (Feature Level 11_0)
[2020.05.07-13.19.20:064][  0]LogD3D11RHI:       0/0/8161 MB DedicatedVideo/DedicatedSystem/SharedSystem, Outputs:0, VendorId:0x1414
[2020.05.07-13.19.20:064][  0]LogD3D11RHI: Chosen D3D11 Adapter: 0
[2020.05.07-13.19.20:078][  0]LogD3D11RHI: Creating new Direct3DDevice
[2020.05.07-13.19.20:078][  0]LogD3D11RHI:     GPU DeviceId: 0x1e87 (for the marketing name, search the web for "GPU Device Id")
[2020.05.07-13.19.20:078][  0]LogWindows: EnumDisplayDevices:
[2020.05.07-13.19.20:079][  0]LogWindows:    0. 'NVIDIA GeForce RTX 2080' (P:1 D:1)
[2020.05.07-13.19.20:079][  0]LogWindows:    1. 'NVIDIA GeForce RTX 2080' (P:0 D:1)
[2020.05.07-13.19.20:080][  0]LogWindows:    2. 'NVIDIA GeForce RTX 2080' (P:0 D:1)
[2020.05.07-13.19.20:081][  0]LogWindows:    3. 'NVIDIA GeForce RTX 2080' (P:0 D:1)
[2020.05.07-13.19.20:081][  0]LogWindows: DebugString: FoundDriverCount:4 
[2020.05.07-13.19.20:081][  0]LogD3D11RHI:     Adapter Name: NVIDIA GeForce RTX 2080
[2020.05.07-13.19.20:081][  0]LogD3D11RHI:   Driver Version: 432.00 (internal:26.21.14.3200, unified:432.00)
[2020.05.07-13.19.20:081][  0]LogD3D11RHI:      Driver Date: 7-24-2019
[2020.05.07-13.19.20:082][  0]LogRHI: Texture pool is 5607 MB (70% of 8010 MB)
[2020.05.07-13.19.20:152][  0]LogD3D11RHI: Async texture creation enabled
[2020.05.07-13.19.20:191][  0]LogRendererCore: FGlobalReadBuffer::InitRHI
[2020.05.07-13.19.20:192][  0]LogRendererCore: FGlobalReadBuffer::InitRHI
[2020.05.07-13.19.20:192][  0]LogRendererCore: FGlobalReadBuffer::InitRHI
[2020.05.07-13.19.20:202][  0]LogD3D11RHI: GPU Timing Frequency: 1000.000000 (Debug: 2 1)
[2020.05.07-13.19.20:782][  0]LogTemp: Display: Module 'AllDesktopTargetPlatform' loaded TargetPlatform 'AllDesktop'
[2020.05.07-13.19.20:815][  0]LogTemp: Display: Module 'MacClientTargetPlatform' loaded TargetPlatform 'MacClient'
[2020.05.07-13.19.20:844][  0]LogTemp: Display: Module 'MacNoEditorTargetPlatform' loaded TargetPlatform 'MacNoEditor'
[2020.05.07-13.19.20:874][  0]LogTemp: Display: Module 'MacServerTargetPlatform' loaded TargetPlatform 'MacServer'
[2020.05.07-13.19.20:902][  0]LogTemp: Display: Module 'MacTargetPlatform' loaded TargetPlatform 'Mac'
[2020.05.07-13.19.20:929][  0]LogTemp: Display: Module 'WindowsClientTargetPlatform' loaded TargetPlatform 'WindowsClient'
[2020.05.07-13.19.20:954][  0]LogTemp: Display: Module 'WindowsNoEditorTargetPlatform' loaded TargetPlatform 'WindowsNoEditor'
[2020.05.07-13.19.20:985][  0]LogTemp: Display: Module 'WindowsServerTargetPlatform' loaded TargetPlatform 'WindowsServer'
[2020.05.07-13.19.21:010][  0]LogTemp: Display: Module 'WindowsTargetPlatform' loaded TargetPlatform 'Windows'
[2020.05.07-13.19.21:115][  0]LogTemp: Display: Module 'AndroidTargetPlatform' loaded TargetPlatform 'Android'
[2020.05.07-13.19.21:115][  0]LogTemp: Display: Module 'AndroidTargetPlatform' loaded TargetPlatform 'Android_ASTC'
[2020.05.07-13.19.21:115][  0]LogTemp: Display: Module 'AndroidTargetPlatform' loaded TargetPlatform 'Android_ATC'
[2020.05.07-13.19.21:115][  0]LogTemp: Display: Module 'AndroidTargetPlatform' loaded TargetPlatform 'Android_DXT'
[2020.05.07-13.19.21:116][  0]LogTemp: Display: Module 'AndroidTargetPlatform' loaded TargetPlatform 'Android_ETC1'
[2020.05.07-13.19.21:116][  0]LogTemp: Display: Module 'AndroidTargetPlatform' loaded TargetPlatform 'Android_ETC1a'
[2020.05.07-13.19.21:116][  0]LogTemp: Display: Module 'AndroidTargetPlatform' loaded TargetPlatform 'Android_ETC2'
[2020.05.07-13.19.21:116][  0]LogTemp: Display: Module 'AndroidTargetPlatform' loaded TargetPlatform 'Android_PVRTC'
[2020.05.07-13.19.21:116][  0]LogTemp: Display: Module 'AndroidTargetPlatform' loaded TargetPlatform 'AndroidClient'
[2020.05.07-13.19.21:116][  0]LogTemp: Display: Module 'AndroidTargetPlatform' loaded TargetPlatform 'Android_ASTCClient'
[2020.05.07-13.19.21:116][  0]LogTemp: Display: Module 'AndroidTargetPlatform' loaded TargetPlatform 'Android_ATCClient'
[2020.05.07-13.19.21:116][  0]LogTemp: Display: Module 'AndroidTargetPlatform' loaded TargetPlatform 'Android_DXTClient'
[2020.05.07-13.19.21:116][  0]LogTemp: Display: Module 'AndroidTargetPlatform' loaded TargetPlatform 'Android_ETC1Client'
[2020.05.07-13.19.21:116][  0]LogTemp: Display: Module 'AndroidTargetPlatform' loaded TargetPlatform 'Android_ETC1aClient'
[2020.05.07-13.19.21:116][  0]LogTemp: Display: Module 'AndroidTargetPlatform' loaded TargetPlatform 'Android_ETC2Client'
[2020.05.07-13.19.21:116][  0]LogTemp: Display: Module 'AndroidTargetPlatform' loaded TargetPlatform 'Android_PVRTCClient'
[2020.05.07-13.19.21:116][  0]LogTemp: Display: Module 'AndroidTargetPlatform' loaded TargetPlatform 'Android_Multi'
[2020.05.07-13.19.21:116][  0]LogTemp: Display: Module 'AndroidTargetPlatform' loaded TargetPlatform 'Android_MultiClient'
[2020.05.07-13.19.21:125][  0]LogTemp: Display: Module 'HTML5TargetPlatform' loaded TargetPlatform 'HTML5'
[2020.05.07-13.19.21:225][  0]LogTemp: Display: Module 'IOSTargetPlatform' loaded TargetPlatform 'IOSClient'
[2020.05.07-13.19.21:226][  0]LogTemp: Display: Module 'IOSTargetPlatform' loaded TargetPlatform 'IOS'
[2020.05.07-13.19.21:273][  0]LogTemp: Display: Module 'TVOSTargetPlatform' loaded TargetPlatform 'TVOSClient'
[2020.05.07-13.19.21:273][  0]LogTemp: Display: Module 'TVOSTargetPlatform' loaded TargetPlatform 'TVOS'
[2020.05.07-13.19.21:299][  0]LogTemp: Display: Module 'LinuxClientTargetPlatform' loaded TargetPlatform 'LinuxClient'
[2020.05.07-13.19.21:326][  0]LogTemp: Display: Module 'LinuxNoEditorTargetPlatform' loaded TargetPlatform 'LinuxNoEditor'
[2020.05.07-13.19.21:350][  0]LogTemp: Display: Module 'LinuxServerTargetPlatform' loaded TargetPlatform 'LinuxServer'
[2020.05.07-13.19.21:374][  0]LogTemp: Display: Module 'LinuxTargetPlatform' loaded TargetPlatform 'Linux'
[2020.05.07-13.19.21:444][  0]LogTemp: Display: Module 'LuminTargetPlatform' loaded TargetPlatform 'Lumin'
[2020.05.07-13.19.21:444][  0]LogTemp: Display: Module 'LuminTargetPlatform' loaded TargetPlatform 'LuminClient'
[2020.05.07-13.19.21:444][  0]LogTargetPlatformManager: Display: Building Assets For Windows
[2020.05.07-13.19.21:488][  0]LogAudioDebug: Display: Lib vorbis DLL was dynamically loaded.
[2020.05.07-13.19.21:820][  0]LogShaderCompilers: Guid format shader working directory is 14 characters bigger than the processId version (E:/SenProj/PollProj/SeniorProject/Intermediate/Shaders/WorkingDirectory/19852/).
[2020.05.07-13.19.21:820][  0]LogShaderCompilers: Cleaned the shader compiler working directory 'C:/Users/Gregory/AppData/Local/Temp/UnrealShaderWorkingDir/7CEC4D414A524E472A76F5B912A60D00/'.
[2020.05.07-13.19.21:826][  0]LogXGEController: Cannot use XGE Controller as Incredibuild is not installed on this machine.
[2020.05.07-13.19.21:826][  0]LogShaderCompilers: Cannot use XGE Shader Compiler as Incredibuild is not installed on this machine.
[2020.05.07-13.19.21:826][  0]LogShaderCompilers: Display: Using Local Shader Compiler.
[2020.05.07-13.19.22:503][  0]LogDerivedDataCache: Display: Max Cache Size: 512 MB
[2020.05.07-13.19.22:596][  0]LogDerivedDataCache: Loaded boot cache 0.09s 73MB C:/Users/Gregory/AppData/Local/UnrealEngine/4.22/DerivedDataCache/Boot.ddc.
[2020.05.07-13.19.22:596][  0]LogDerivedDataCache: Display: Loaded Boot cache: C:/Users/Gregory/AppData/Local/UnrealEngine/4.22/DerivedDataCache/Boot.ddc
[2020.05.07-13.19.22:597][  0]LogDerivedDataCache: FDerivedDataBackendGraph:  Pak pak cache file E:/SenProj/PollProj/SeniorProject/DerivedDataCache/DDC.ddp not found, will not use a pak cache.
[2020.05.07-13.19.22:597][  0]LogDerivedDataCache: Unable to find inner node Pak for hierarchical cache Hierarchy.
[2020.05.07-13.19.22:597][  0]LogDerivedDataCache: FDerivedDataBackendGraph:  CompressedPak pak cache file E:/SenProj/PollProj/SeniorProject/DerivedDataCache/Compressed.ddp not found, will not use a pak cache.
[2020.05.07-13.19.22:597][  0]LogDerivedDataCache: Unable to find inner node CompressedPak for hierarchical cache Hierarchy.
[2020.05.07-13.19.22:610][  0]LogDerivedDataCache: Display: Pak cache opened for reading ../../../Engine/DerivedDataCache/Compressed.ddp.
[2020.05.07-13.19.22:614][  0]LogDerivedDataCache: Display: Pak cache opened for reading ../../../Enterprise/DerivedDataCache/Compressed.ddp.
[2020.05.07-13.19.22:629][  0]LogDerivedDataCache: Using Local data cache path C:/Users/Gregory/AppData/Local/UnrealEngine/Common/DerivedDataCache: Writable
[2020.05.07-13.19.22:629][  0]LogDerivedDataCache: Shared data cache path not found in *engine.ini, will not use an Shared cache.
[2020.05.07-13.19.22:629][  0]LogDerivedDataCache: Unable to find inner node Shared for hierarchical cache Hierarchy.
[2020.05.07-13.19.22:662][  0]LogMaterial: Verifying Global Shaders for PCD3D_SM5
[2020.05.07-13.19.22:666][  0]LogSlate: Using FreeType 2.6.0
[2020.05.07-13.19.22:667][  0]LogSlate: SlateFontServices - WITH_FREETYPE: 1, WITH_HARFBUZZ: 1
[2020.05.07-13.19.22:772][  0]LogAssetRegistry: FAssetRegistry took 0.0402 seconds to start up
[2020.05.07-13.19.23:212][  0]LogInit: Selected Device Profile: [Windows]
[2020.05.07-13.19.23:392][  0]LogMeshReduction: Using QuadricMeshReduction for automatic static mesh reduction
[2020.05.07-13.19.23:393][  0]LogMeshReduction: Using SimplygonMeshReduction for automatic skeletal mesh reduction
[2020.05.07-13.19.23:393][  0]LogMeshReduction: Using ProxyLODMeshReduction for automatic mesh merging
[2020.05.07-13.19.23:393][  0]LogMeshReduction: No distributed automatic mesh merging module available
[2020.05.07-13.19.23:393][  0]LogMeshMerging: No distributed automatic mesh merging module available
[2020.05.07-13.19.23:500][  0]LogNetVersion: SeniorProject 1.0.0, NetCL: 5660361, EngineNetVer: 10, GameNetVer: 0 (Checksum: 993350713)
[2020.05.07-13.19.24:148][  0]LogPackageLocalizationCache: Processed 16 localized package path(s) for 1 prioritized culture(s) in 0.096671 seconds
[2020.05.07-13.19.24:160][  0]LogUObjectArray: 42205 objects as part of root set at end of initial load.
[2020.05.07-13.19.24:160][  0]LogUObjectAllocator: 7325032 out of 0 bytes used by permanent object pool.
[2020.05.07-13.19.24:160][  0]LogUObjectArray: CloseDisregardForGC: 0/0 objects in disregard for GC pool
[2020.05.07-13.19.25:872][  0]LogTcpMessaging: Initializing TcpMessaging bridge
[2020.05.07-13.19.25:907][  0]LogUdpMessaging: Initializing bridge on interface 0.0.0.0:0 to multicast group 230.0.0.1:6666.
[2020.05.07-13.19.26:552][  0]SourceControl: Source control is disabled
[2020.05.07-13.19.29:177][  0]LogAndroidPermission: UAndroidPermissionCallbackProxy::GetInstance
[2020.05.07-13.19.29:656][  0]LogOcInput: OculusInput pre-init called
[2020.05.07-13.19.32:591][  0]LogWindows: Failed to load 'libalias_api.dll' (GetLastError=126)
[2020.05.07-13.19.32:592][  0]LogWindows: File 'libalias_api.dll' does not exist
[2020.05.07-13.19.32:595][  0]LogWindows: Failed to load 'libalias_api.dll' (GetLastError=126)
[2020.05.07-13.19.32:595][  0]LogWindows: File 'libalias_api.dll' does not exist
[2020.05.07-13.19.32:839][  0]LogEngine: Initializing Engine...
[2020.05.07-13.19.32:927][  0]LogHMD: Failed to initialize OpenVR with code 108
[2020.05.07-13.19.32:928][  0]LogStats: UGameplayTagsManager::InitializeManager -  0.000 s
[2020.05.07-13.19.33:171][  0]LogInit: Initializing FReadOnlyCVARCache
[2020.05.07-13.19.33:227][  0]LogAIModule: Creating AISystem for world Untitled
[2020.05.07-13.19.33:493][  0]LogInit: XAudio2 using 'Headset Earphone (2- Corsair HS70 Wireless Gaming Headset)' : 2 channels at 48 kHz using 16 bits per sample (channel mask 0x3)
[2020.05.07-13.19.33:548][  0]LogInit: FAudioDevice initialized.
[2020.05.07-13.19.33:549][  0]LogNetVersion: Set ProjectVersion to 1.0.0.0. Version Checksum will be recalculated on next use.
[2020.05.07-13.19.33:775][  0]LogDerivedDataCache: Saved boot cache 0.23s 73MB C:/Users/Gregory/AppData/Local/UnrealEngine/4.22/DerivedDataCache/Boot.ddc.
[2020.05.07-13.19.33:786][  0]LogInit: Texture streaming: Enabled
[2020.05.07-13.19.33:899][  0]LogEngineSessionManager: EngineSessionManager initialized
[2020.05.07-13.19.33:899][  0]LogEngineSessionManager: EngineSessionManager sent abnormal shutdown report. Type=Debugger, SessionId={1956CB53-4168-D4F0-0D0F-088423B8EB8A}
[2020.05.07-13.19.33:972][  0]LogInit: Transaction tracking system initialized
[2020.05.07-13.19.34:161][  0]BlueprintLog: New page: Editor Load
[2020.05.07-13.19.34:962][  0]LocalizationService: Localization service is disabled
[2020.05.07-13.19.35:753][  0]LogFileCache: Scanning file cache for directory 'E:/SenProj/PollProj/SeniorProject/Content/' took 0.03s
[2020.05.07-13.19.35:753][  0]LogCook: Display: Max memory allowance for cook 16384mb min free memory 0mb
[2020.05.07-13.19.35:753][  0]LogCook: Display: Mobile HDR setting 1
[2020.05.07-13.19.38:064][  0]Cmd: MAP LOAD FILE="E:/SenProj/PollProj/SeniorProject/Content/Levels/GreyBoxLVL4.umap" TEMPLATE=0 SHOWPROGRESS=1 FEATURELEVEL=3
[2020.05.07-13.19.38:065][  0]LightingResults: New page: Lighting Build
[2020.05.07-13.19.38:068][  0]MapCheck: New page: Map Check
[2020.05.07-13.19.38:068][  0]LightingResults: New page: Lighting Build
[2020.05.07-13.19.38:091][  0]LogUObjectHash: Compacting FUObjectHashTables data took   1.55ms
[2020.05.07-13.19.39:121][  0]LogLinker: Warning: Asset 'E:/SenProj/PollProj/SeniorProject/Content/Materials/MF_ConvolveTexture.uasset' has been saved with empty engine version. The asset will be loaded but may be incompatible.
[2020.05.07-13.19.39:124][  0]LogLinker: Warning: Asset 'E:/SenProj/PollProj/SeniorProject/Content/Materials/MF_ExtractDepth.uasset' has been saved with empty engine version. The asset will be loaded but may be incompatible.
[2020.05.07-13.19.39:125][  0]LogLinker: Warning: Asset 'E:/SenProj/PollProj/SeniorProject/Content/Materials/MF_SampleSceneTextureNeighbourUVs.uasset' has been saved with empty engine version. The asset will be loaded but may be incompatible.
[2020.05.07-13.19.41:662][  0]LogAIModule: Creating AISystem for world GreyBoxLVL4
[2020.05.07-13.19.43:968][  0]LogEditorServer: Finished looking for orphan Actors (0.001 secs)
[2020.05.07-13.19.44:187][  0]LogUObjectHash: Compacting FUObjectHashTables data took   5.96ms
[2020.05.07-13.19.44:187][  0]Cmd: MAP CHECKDEP NOCLEARLOG
[2020.05.07-13.19.44:188][  0]MapCheck: Map check complete: 0 Error(s), 0 Warning(s), took 0.929ms to complete.
[2020.05.07-13.19.44:189][  0]LogFileHelpers: Loading map 'GreyBoxLVL4' took 6.125
[2020.05.07-13.19.44:536][  0]LogSlate: Updating window title bar state: overlay mode, drag disabled, window buttons hidden, title bar hidden
[2020.05.07-13.19.44:547][  0]LogSlate: Updating window title bar state: overlay mode, drag disabled, window buttons hidden, title bar hidden
[2020.05.07-13.19.44:559][  0]LogSlate: Updating window title bar state: overlay mode, drag disabled, window buttons hidden, title bar hidden
[2020.05.07-13.19.44:570][  0]LogSlate: Updating window title bar state: overlay mode, drag disabled, window buttons hidden, title bar hidden
[2020.05.07-13.19.44:726][  0]LogCollectionManager: Loaded 0 collections in 0.003187 seconds
[2020.05.07-13.19.44:771][  0]LogFileCache: Scanning file cache for directory 'E:/SenProj/PollProj/SeniorProject/Saved/Collections/' took 0.01s
[2020.05.07-13.19.44:771][  0]LogFileCache: Scanning file cache for directory 'E:/SenProj/PollProj/SeniorProject/Content/Developers/Gregory/Collections/' took 0.00s
[2020.05.07-13.19.44:771][  0]LogFileCache: Scanning file cache for directory 'E:/SenProj/PollProj/SeniorProject/Content/Collections/' took 0.00s
[2020.05.07-13.19.44:772][  0]LogCollectionManager: Rebuilt the GUID cache for 0 collections in 0.000001 seconds
[2020.05.07-13.19.44:785][  0]LogContentBrowser: Native class hierarchy populated in 0.0132 seconds. Added 2876 classes and 729 folders.
[2020.05.07-13.19.44:835][  0]LogContentBrowser: Native class hierarchy updated for 'WidgetCarousel' in 0.0007 seconds. Added 0 classes and 0 folders.
[2020.05.07-13.19.44:911][  0]LogPakFile: Registered encryption key '00000000000000000000000000000000': 0 pak files mounted, 0 remain pending
[2020.05.07-13.19.44:951][  0]LogPakFile: Registered encryption key '00000000000000000000000000000000': 0 pak files mounted, 0 remain pending
[2020.05.07-13.19.44:988][  0]LogPakFile: Registered encryption key '00000000000000000000000000000000': 0 pak files mounted, 0 remain pending
[2020.05.07-13.19.45:005][  0]LogPakFile: Registered encryption key '00000000000000000000000000000000': 0 pak files mounted, 0 remain pending
[2020.05.07-13.19.45:021][  0]LogPakFile: Registered encryption key '00000000000000000000000000000000': 0 pak files mounted, 0 remain pending
[2020.05.07-13.19.45:036][  0]LogPakFile: Registered encryption key '00000000000000000000000000000000': 0 pak files mounted, 0 remain pending
[2020.05.07-13.19.45:057][  0]LogPakFile: Registered encryption key '00000000000000000000000000000000': 0 pak files mounted, 0 remain pending
[2020.05.07-13.19.45:072][  0]LogPakFile: Registered encryption key '00000000000000000000000000000000': 0 pak files mounted, 0 remain pending
[2020.05.07-13.19.45:089][  0]LogPakFile: Registered encryption key '00000000000000000000000000000000': 0 pak files mounted, 0 remain pending
[2020.05.07-13.19.45:107][  0]LogPakFile: Registered encryption key '00000000000000000000000000000000': 0 pak files mounted, 0 remain pending
[2020.05.07-13.19.45:122][  0]LogPakFile: Registered encryption key '00000000000000000000000000000000': 0 pak files mounted, 0 remain pending
[2020.05.07-13.19.45:142][  0]LogPakFile: Registered encryption key '00000000000000000000000000000000': 0 pak files mounted, 0 remain pending
[2020.05.07-13.19.45:160][  0]LogPakFile: Registered encryption key '00000000000000000000000000000000': 0 pak files mounted, 0 remain pending
[2020.05.07-13.19.45:178][  0]LogPakFile: Registered encryption key '00000000000000000000000000000000': 0 pak files mounted, 0 remain pending
[2020.05.07-13.19.45:188][  0]LogPakFile: Registered encryption key '00000000000000000000000000000000': 0 pak files mounted, 0 remain pending
[2020.05.07-13.19.45:206][  0]LogPakFile: Registered encryption key '00000000000000000000000000000000': 0 pak files mounted, 0 remain pending
[2020.05.07-13.19.45:258][  0]LogPakFile: Registered encryption key '00000000000000000000000000000000': 0 pak files mounted, 0 remain pending
[2020.05.07-13.19.45:271][  0]LogPakFile: Registered encryption key '00000000000000000000000000000000': 0 pak files mounted, 0 remain pending
[2020.05.07-13.19.45:291][  0]LogPakFile: Registered encryption key '00000000000000000000000000000000': 0 pak files mounted, 0 remain pending
[2020.05.07-13.19.45:310][  0]LogPakFile: Registered encryption key '00000000000000000000000000000000': 0 pak files mounted, 0 remain pending
[2020.05.07-13.19.45:347][  0]LogPakFile: Registered encryption key '00000000000000000000000000000000': 0 pak files mounted, 0 remain pending
[2020.05.07-13.19.45:367][  0]LogPakFile: Registered encryption key '00000000000000000000000000000000': 0 pak files mounted, 0 remain pending
[2020.05.07-13.19.45:387][  0]LogPakFile: Registered encryption key '00000000000000000000000000000000': 0 pak files mounted, 0 remain pending
[2020.05.07-13.19.45:411][  0]LogPakFile: Registered encryption key '00000000000000000000000000000000': 0 pak files mounted, 0 remain pending
[2020.05.07-13.19.45:425][  0]LogPakFile: Registered encryption key '00000000000000000000000000000000': 0 pak files mounted, 0 remain pending
[2020.05.07-13.19.45:441][  0]LogPakFile: Registered encryption key '00000000000000000000000000000000': 0 pak files mounted, 0 remain pending
[2020.05.07-13.19.45:455][  0]LogPakFile: Registered encryption key '00000000000000000000000000000000': 0 pak files mounted, 0 remain pending
[2020.05.07-13.19.45:467][  0]LogPakFile: Registered encryption key '00000000000000000000000000000000': 0 pak files mounted, 0 remain pending
[2020.05.07-13.19.46:643][  0]LogContentBrowser: Native class hierarchy updated for 'AddContentDialog' in 0.0004 seconds. Added 0 classes and 0 folders.
[2020.05.07-13.19.46:649][  0]LogContentBrowser: Native class hierarchy updated for 'SceneOutliner' in 0.0007 seconds. Added 1 classes and 0 folders.
[2020.05.07-13.19.46:721][  0]LogSlate: Took 0.021006 seconds to synchronously load lazily loaded font '../../../Engine/Content/Slate/Fonts/Roboto-Regular.ttf' (155K)
[2020.05.07-13.19.46:730][  0]LogSlate: Took 0.004219 seconds to synchronously load lazily loaded font '../../../Engine/Content/Slate/Fonts/Roboto-Bold.ttf' (160K)
[2020.05.07-13.19.46:743][  0]LogSlate: Took 0.008992 seconds to synchronously load lazily loaded font '../../../Engine/Content/Editor/Slate/Fonts/FontAwesome.ttf' (139K)
[2020.05.07-13.19.46:832][  0]LogRenderer: Reallocating scene render targets to support 1156x596 Format 10 NumSamples 1 (Frame:1).
[2020.05.07-13.19.46:981][  0]LogStaticMesh: Allocated 512x403x64 distance field atlas = 25.2Mb, with 186 objects containing 22.8Mb backing data
[2020.05.07-13.19.47:421][  0]LogContentBrowser: Native class hierarchy updated for 'HierarchicalLODOutliner' in 0.0003 seconds. Added 0 classes and 0 folders.
[2020.05.07-13.19.47:421][  0]LogLoad: (Engine Initialization) Total time: 31.46 seconds
[2020.05.07-13.19.47:421][  0]LogLoad: (Engine Initialization) Total Blueprint compile time: 0.00 seconds
[2020.05.07-13.19.47:507][  0]LogContentStreaming: Texture pool size now 1000 MB
[2020.05.07-13.19.47:585][  0]LogSlate: Took 0.024206 seconds to synchronously load lazily loaded font '../../../Engine/Content/Slate/Fonts/Roboto-Light.ttf' (167K)
[2020.05.07-13.19.47:682][  1]LogAssetRegistry: Asset discovery search completed in 24.9352 seconds
[2020.05.07-13.19.47:688][  1]LogCollectionManager: Rebuilt the object cache for 0 collections in 0.000000 seconds (found 0 objects)
[2020.05.07-13.19.47:688][  1]LogCollectionManager: Fixed up redirectors for 0 collections in 0.000293 seconds (updated 0 objects)
[2020.05.07-13.19.48:526][  7]LogSlate: Took 0.000227 seconds to synchronously load lazily loaded font '../../../Engine/Content/Slate/Fonts/Roboto-Light.ttf' (167K)
[2020.05.07-13.19.52:625][204]LogFileCache: Retrieving MD5 hashes for directory 'E:/SenProj/PollProj/SeniorProject/Content/' took 5.18s
[2020.05.07-13.20.01:393][292]LogSlate: FSceneViewport::OnFocusLost() reason 2
[2020.05.07-13.20.02:262][353]LogBlueprintUserMessages: Early PlayInEditor Detection: Level '/Game/Levels/GreyBoxLVL4.GreyBoxLVL4:PersistentLevel' has LevelScriptBlueprint '/Game/Levels/GreyBoxLVL4.GreyBoxLVL4:PersistentLevel.GreyBoxLVL4' with GeneratedClass '/Game/Levels/GreyBoxLVL4.GreyBoxLVL4_C' with ClassGeneratedBy '/Game/Levels/GreyBoxLVL4.GreyBoxLVL4:PersistentLevel.GreyBoxLVL4'
[2020.05.07-13.20.02:263][353]LogPlayLevel: PlayLevel: No blueprints needed recompiling
[2020.05.07-13.20.02:291][353]PIE: New page: PIE session: GreyBoxLVL4 (May 7, 2020, 5:20:02 AM)
[2020.05.07-13.20.02:313][353]LogPlayLevel: Creating play world package: /Game/Levels/UEDPIE_0_GreyBoxLVL4
[2020.05.07-13.20.02:846][353]LogPlayLevel: PIE: StaticDuplicateObject took: (0.531974s)
[2020.05.07-13.20.02:847][353]LogAIModule: Creating AISystem for world GreyBoxLVL4
[2020.05.07-13.20.02:848][353]LogPlayLevel: PIE: World Init took: (0.001217s)
[2020.05.07-13.20.02:849][353]LogPlayLevel: PIE: Created PIE world by copying editor world from /Game/Levels/GreyBoxLVL4.GreyBoxLVL4 to /Game/Levels/UEDPIE_0_GreyBoxLVL4.GreyBoxLVL4 (0.535064s)
[2020.05.07-13.20.02:879][353]LogUObjectHash: Compacting FUObjectHashTables data took   2.54ms
[2020.05.07-13.20.03:085][353]LogInit: XAudio2 using 'Headset Earphone (2- Corsair HS70 Wireless Gaming Headset)' : 2 channels at 48 kHz using 16 bits per sample (channel mask 0x3)
[2020.05.07-13.20.03:106][353]LogInit: FAudioDevice initialized.
[2020.05.07-13.20.03:106][353]LogSlate: FSceneViewport::OnFocusLost() reason 2
[2020.05.07-13.20.03:171][353]LogLoad: Game class is 'FirstPersonGameMode_C'
[2020.05.07-13.20.03:455][353]LogWorld: Bringing World /Game/Levels/UEDPIE_0_GreyBoxLVL4.GreyBoxLVL4 up for play (max tick rate 0) at 2020.05.07-09.20.03
[2020.05.07-13.20.03:540][353]LogWorld: Bringing up level for play took: 0.367689
[2020.05.07-13.20.03:561][353]LogContentBrowser: Native class hierarchy updated for 'MovieSceneCapture' in 0.0005 seconds. Added 20 classes and 0 folders.
[2020.05.07-13.20.03:562][353]LogScript: Warning: Script Msg: Attempted to access index 0 from array 'CallFunc_GetAllActorsOfClass_OutActors' of length 0 in '/Game/BP/Checkpoint.Checkpoint_C:ExecuteUbergraph_Checkpoint'!
[2020.05.07-13.20.03:562][353]LogScript: Warning: Script Msg: Attempted to access index 0 from array 'CallFunc_GetAllActorsOfClass_OutActors' of length 0 in '/Game/BP/Checkpoint.Checkpoint_C:ExecuteUbergraph_Checkpoint'!
[2020.05.07-13.20.03:563][353]LogScript: Warning: Script Msg: Attempted to access index 0 from array 'CallFunc_GetAllActorsOfClass_OutActors' of length 0 in '/Game/BP/OutroTrigger.OutroTrigger_C:ExecuteUbergraph_OutroTrigger'!
[2020.05.07-13.20.03:565][353]LogScript: Warning: Script Msg: Attempted to access index 0 from array 'CallFunc_GetAllActorsOfClass_OutActors' of length 0 in '/Game/Materials/FinishStopper.FinishStopper_C:ExecuteUbergraph_FinishStopper'!
[2020.05.07-13.20.03:570][353]PIE: Play in editor start time for /Game/Levels/UEDPIE_0_GreyBoxLVL4 0.949
[2020.05.07-13.20.03:571][353]LogBlueprintUserMessages: Late PlayInEditor Detection: Level '/Game/Levels/GreyBoxLVL4.GreyBoxLVL4:PersistentLevel' has LevelScriptBlueprint '/Game/Levels/GreyBoxLVL4.GreyBoxLVL4:PersistentLevel.GreyBoxLVL4' with GeneratedClass '/Game/Levels/GreyBoxLVL4.GreyBoxLVL4_C' with ClassGeneratedBy '/Game/Levels/GreyBoxLVL4.GreyBoxLVL4:PersistentLevel.GreyBoxLVL4'
[2020.05.07-13.21.27:253][611]LogBlueprintUserMessages: Early EndPlayMap Detection: Level '/Game/Levels/GreyBoxLVL4.GreyBoxLVL4:PersistentLevel' has LevelScriptBlueprint '/Game/Levels/GreyBoxLVL4.GreyBoxLVL4:PersistentLevel.GreyBoxLVL4' with GeneratedClass '/Game/Levels/GreyBoxLVL4.GreyBoxLVL4_C' with ClassGeneratedBy '/Game/Levels/GreyBoxLVL4.GreyBoxLVL4:PersistentLevel.GreyBoxLVL4'
[2020.05.07-13.21.27:254][611]LogSlate: Updating window title bar state: overlay mode, drag disabled, window buttons hidden, title bar hidden
[2020.05.07-13.21.27:389][611]LogPlayLevel: Display: Shutting down PIE online subsystems
[2020.05.07-13.21.27:391][611]LogBlueprintUserMessages: Late EndPlayMap Detection: Level '/Game/Levels/GreyBoxLVL4.GreyBoxLVL4:PersistentLevel' has LevelScriptBlueprint '/Game/Levels/GreyBoxLVL4.GreyBoxLVL4:PersistentLevel.GreyBoxLVL4' with GeneratedClass '/Game/Levels/GreyBoxLVL4.GreyBoxLVL4_C' with ClassGeneratedBy '/Game/Levels/GreyBoxLVL4.GreyBoxLVL4:PersistentLevel.GreyBoxLVL4'
[2020.05.07-13.21.27:463][611]LogSlate: Updating window title bar state: overlay mode, drag disabled, window buttons hidden, title bar hidden
[2020.05.07-13.21.27:511][611]LogUObjectHash: Compacting FUObjectHashTables data took   5.63ms
[2020.05.07-13.21.27:604][612]LogPlayLevel: Display: Destroying online subsystem :Context_7
[2020.05.07-13.21.29:156][663]LogSlate: FSceneViewport::OnFocusLost() reason 2
[2020.05.07-13.21.43:999][ 49]LogSlate: Only BGRA pngs, bmps or icos are supported in by External Image Picker
[2020.05.07-13.21.47:458][149]LogUnrealEdMisc: Warning: Heartbeat event firing too frequently (39.494 sec). This should never happen. Something is wrong with the timer delegate!
[2020.05.07-13.21.55:754][416]LogTemp: Repeating last play command: Selected Viewport
[2020.05.07-13.21.55:800][416]LogBlueprintUserMessages: Early PlayInEditor Detection: Level '/Game/Levels/GreyBoxLVL4.GreyBoxLVL4:PersistentLevel' has LevelScriptBlueprint '/Game/Levels/GreyBoxLVL4.GreyBoxLVL4:PersistentLevel.GreyBoxLVL4' with GeneratedClass '/Game/Levels/GreyBoxLVL4.GreyBoxLVL4_C' with ClassGeneratedBy '/Game/Levels/GreyBoxLVL4.GreyBoxLVL4:PersistentLevel.GreyBoxLVL4'
[2020.05.07-13.21.55:801][416]LogPlayLevel: PlayLevel: No blueprints needed recompiling
[2020.05.07-13.21.55:802][416]PIE: New page: PIE session: GreyBoxLVL4 (May 7, 2020, 5:21:55 AM)
[2020.05.07-13.21.55:802][416]LogPlayLevel: Creating play world package: /Game/Levels/UEDPIE_0_GreyBoxLVL4
[2020.05.07-13.21.56:365][416]LogPlayLevel: PIE: StaticDuplicateObject took: (0.562288s)
[2020.05.07-13.21.56:366][416]LogAIModule: Creating AISystem for world GreyBoxLVL4
[2020.05.07-13.21.56:367][416]LogPlayLevel: PIE: World Init took: (0.001068s)
[2020.05.07-13.21.56:368][416]LogPlayLevel: PIE: Created PIE world by copying editor world from /Game/Levels/GreyBoxLVL4.GreyBoxLVL4 to /Game/Levels/UEDPIE_0_GreyBoxLVL4.GreyBoxLVL4 (0.565301s)
[2020.05.07-13.21.56:396][416]LogUObjectHash: Compacting FUObjectHashTables data took   1.94ms
[2020.05.07-13.21.56:564][416]LogInit: XAudio2 using 'Headset Earphone (2- Corsair HS70 Wireless Gaming Headset)' : 2 channels at 48 kHz using 16 bits per sample (channel mask 0x3)
[2020.05.07-13.21.56:584][416]LogInit: FAudioDevice initialized.
[2020.05.07-13.21.56:623][416]LogLoad: Game class is 'FirstPersonGameMode_C'
[2020.05.07-13.21.56:896][416]LogWorld: Bringing World /Game/Levels/UEDPIE_0_GreyBoxLVL4.GreyBoxLVL4 up for play (max tick rate 0) at 2020.05.07-09.21.56
[2020.05.07-13.21.56:906][416]LogWorld: Bringing up level for play took: 0.281037
[2020.05.07-13.21.56:921][416]LogScript: Warning: Script Msg: Attempted to access index 0 from array 'CallFunc_GetAllActorsOfClass_OutActors' of length 0 in '/Game/BP/Checkpoint.Checkpoint_C:ExecuteUbergraph_Checkpoint'!
[2020.05.07-13.21.56:921][416]LogScript: Warning: Script Msg: Attempted to access index 0 from array 'CallFunc_GetAllActorsOfClass_OutActors' of length 0 in '/Game/BP/Checkpoint.Checkpoint_C:ExecuteUbergraph_Checkpoint'!
[2020.05.07-13.21.56:922][416]LogScript: Warning: Script Msg: Attempted to access index 0 from array 'CallFunc_GetAllActorsOfClass_OutActors' of length 0 in '/Game/BP/OutroTrigger.OutroTrigger_C:ExecuteUbergraph_OutroTrigger'!
[2020.05.07-13.21.56:925][416]LogScript: Warning: Script Msg: Attempted to access index 0 from array 'CallFunc_GetAllActorsOfClass_OutActors' of length 0 in '/Game/Materials/FinishStopper.FinishStopper_C:ExecuteUbergraph_FinishStopper'!
[2020.05.07-13.21.56:931][416]PIE: Play in editor start time for /Game/Levels/UEDPIE_0_GreyBoxLVL4 0.309
[2020.05.07-13.21.56:932][416]LogBlueprintUserMessages: Late PlayInEditor Detection: Level '/Game/Levels/GreyBoxLVL4.GreyBoxLVL4:PersistentLevel' has LevelScriptBlueprint '/Game/Levels/GreyBoxLVL4.GreyBoxLVL4:PersistentLevel.GreyBoxLVL4' with GeneratedClass '/Game/Levels/GreyBoxLVL4.GreyBoxLVL4_C' with ClassGeneratedBy '/Game/Levels/GreyBoxLVL4.GreyBoxLVL4:PersistentLevel.GreyBoxLVL4'
[2020.05.07-13.22.02:234][496]LogSlate: FSceneViewport::OnFocusLost() reason 2
[2020.05.07-13.22.12:140][683]LogNet: Browse: /Game/Levels/GreyBoxLVL4
[2020.05.07-13.22.12:164][683]LogLoad: LoadMap: /Game/Levels/GreyBoxLVL4
[2020.05.07-13.22.12:513][683]LogUObjectHash: Compacting FUObjectHashTables data took   3.73ms
[2020.05.07-13.22.12:514][683]LogPlayLevel: Creating play world package: /Game/Levels/UEDPIE_0_GreyBoxLVL4
[2020.05.07-13.22.13:157][683]LogPlayLevel: PIE: StaticDuplicateObject took: (0.643001s)
[2020.05.07-13.22.13:158][683]LogAIModule: Creating AISystem for world GreyBoxLVL4
[2020.05.07-13.22.13:159][683]LogPlayLevel: PIE: World Init took: (0.001344s)
[2020.05.07-13.22.13:161][683]LogPlayLevel: PIE: Created PIE world by copying editor world from /Game/Levels/GreyBoxLVL4.GreyBoxLVL4 to /Game/Levels/UEDPIE_0_GreyBoxLVL4.GreyBoxLVL4 (0.647366s)
[2020.05.07-13.22.13:161][683]LogLoad: Game class is 'FirstPersonGameMode_C'
[2020.05.07-13.22.13:451][683]LogWorld: Bringing World /Game/Levels/UEDPIE_0_GreyBoxLVL4.GreyBoxLVL4 up for play (max tick rate 3) at 2020.05.07-09.22.13
[2020.05.07-13.22.13:462][683]LogWorld: Bringing up level for play took: 0.299818
[2020.05.07-13.22.13:463][683]LogScript: Warning: Script Msg: Attempted to access index 0 from array 'CallFunc_GetAllActorsOfClass_OutActors' of length 0 in '/Game/BP/Checkpoint.Checkpoint_C:ExecuteUbergraph_Checkpoint'!
[2020.05.07-13.22.13:463][683]LogScript: Warning: Script Msg: Attempted to access index 0 from array 'CallFunc_GetAllActorsOfClass_OutActors' of length 0 in '/Game/BP/Checkpoint.Checkpoint_C:ExecuteUbergraph_Checkpoint'!
[2020.05.07-13.22.13:463][683]LogScript: Warning: Script Msg: Attempted to access index 0 from array 'CallFunc_GetAllActorsOfClass_OutActors' of length 0 in '/Game/BP/OutroTrigger.OutroTrigger_C:ExecuteUbergraph_OutroTrigger'!
[2020.05.07-13.22.13:467][683]LogScript: Warning: Script Msg: Attempted to access index 0 from array 'CallFunc_GetAllActorsOfClass_OutActors' of length 0 in '/Game/Materials/FinishStopper.FinishStopper_C:ExecuteUbergraph_FinishStopper'!
[2020.05.07-13.22.13:474][683]LogLoad: Took 1.310007 seconds to LoadMap(/Game/Levels/UEDPIE_0_GreyBoxLVL4)
[2020.05.07-13.22.13:581][684]LogSlate: FSceneViewport::OnFocusLost() reason 2
[2020.05.07-13.22.42:109][999]LogNet: Browse: /Game/Levels/GreyBoxLVL4
[2020.05.07-13.22.42:116][999]LogLoad: LoadMap: /Game/Levels/GreyBoxLVL4
[2020.05.07-13.22.42:339][999]LogUObjectHash: Compacting FUObjectHashTables data took   7.00ms
[2020.05.07-13.22.42:341][999]LogPlayLevel: Creating play world package: /Game/Levels/UEDPIE_0_GreyBoxLVL4
[2020.05.07-13.22.42:954][999]LogPlayLevel: PIE: StaticDuplicateObject took: (0.612400s)
[2020.05.07-13.22.42:956][999]LogAIModule: Creating AISystem for world GreyBoxLVL4
[2020.05.07-13.22.42:956][999]LogPlayLevel: PIE: World Init took: (0.001318s)
[2020.05.07-13.22.42:958][999]LogPlayLevel: PIE: Created PIE world by copying editor world from /Game/Levels/GreyBoxLVL4.GreyBoxLVL4 to /Game/Levels/UEDPIE_0_GreyBoxLVL4.GreyBoxLVL4 (0.617010s)
[2020.05.07-13.22.42:958][999]LogLoad: Game class is 'FirstPersonGameMode_C'
[2020.05.07-13.22.43:260][999]LogWorld: Bringing World /Game/Levels/UEDPIE_0_GreyBoxLVL4.GreyBoxLVL4 up for play (max tick rate 3) at 2020.05.07-09.22.43
[2020.05.07-13.22.43:272][999]LogWorld: Bringing up level for play took: 0.312665
[2020.05.07-13.22.43:274][999]LogScript: Warning: Script Msg: Attempted to access index 0 from array 'CallFunc_GetAllActorsOfClass_OutActors' of length 0 in '/Game/BP/Checkpoint.Checkpoint_C:ExecuteUbergraph_Checkpoint'!
[2020.05.07-13.22.43:274][999]LogScript: Warning: Script Msg: Attempted to access index 0 from array 'CallFunc_GetAllActorsOfClass_OutActors' of length 0 in '/Game/BP/Checkpoint.Checkpoint_C:ExecuteUbergraph_Checkpoint'!
[2020.05.07-13.22.43:274][999]LogScript: Warning: Script Msg: Attempted to access index 0 from array 'CallFunc_GetAllActorsOfClass_OutActors' of length 0 in '/Game/BP/OutroTrigger.OutroTrigger_C:ExecuteUbergraph_OutroTrigger'!
[2020.05.07-13.22.43:276][999]LogScript: Warning: Script Msg: Attempted to access index 0 from array 'CallFunc_GetAllActorsOfClass_OutActors' of length 0 in '/Game/Materials/FinishStopper.FinishStopper_C:ExecuteUbergraph_FinishStopper'!
[2020.05.07-13.22.43:282][999]LogLoad: Took 1.166304 seconds to LoadMap(/Game/Levels/UEDPIE_0_GreyBoxLVL4)
[2020.05.07-13.22.47:601][203]LogBlueprintUserMessages: Early EndPlayMap Detection: Level '/Game/Levels/GreyBoxLVL4.GreyBoxLVL4:PersistentLevel' has LevelScriptBlueprint '/Game/Levels/GreyBoxLVL4.GreyBoxLVL4:PersistentLevel.GreyBoxLVL4' with GeneratedClass '/Game/Levels/GreyBoxLVL4.GreyBoxLVL4_C' with ClassGeneratedBy '/Game/Levels/GreyBoxLVL4.GreyBoxLVL4:PersistentLevel.GreyBoxLVL4'
[2020.05.07-13.22.47:602][203]LogSlate: Updating window title bar state: overlay mode, drag disabled, window buttons hidden, title bar hidden
[2020.05.07-13.22.47:735][203]LogPlayLevel: Display: Shutting down PIE online subsystems
[2020.05.07-13.22.47:737][203]LogBlueprintUserMessages: Late EndPlayMap Detection: Level '/Game/Levels/GreyBoxLVL4.GreyBoxLVL4:PersistentLevel' has LevelScriptBlueprint '/Game/Levels/GreyBoxLVL4.GreyBoxLVL4:PersistentLevel.GreyBoxLVL4' with GeneratedClass '/Game/Levels/GreyBoxLVL4.GreyBoxLVL4_C' with ClassGeneratedBy '/Game/Levels/GreyBoxLVL4.GreyBoxLVL4:PersistentLevel.GreyBoxLVL4'
[2020.05.07-13.22.47:790][203]LogSlate: Updating window title bar state: overlay mode, drag disabled, window buttons hidden, title bar hidden
[2020.05.07-13.22.47:851][203]LogUObjectHash: Compacting FUObjectHashTables data took   2.35ms
[2020.05.07-13.22.47:912][204]LogPlayLevel: Display: Destroying online subsystem :Context_10
[2020.05.07-13.22.49:116][253]LogSlate: FSceneViewport::OnFocusLost() reason 0
[2020.05.07-13.22.49:214][257]LogTemp: Repeating last play command: Selected Viewport
[2020.05.07-13.22.49:253][257]LogBlueprintUserMessages: Early PlayInEditor Detection: Level '/Game/Levels/GreyBoxLVL4.GreyBoxLVL4:PersistentLevel' has LevelScriptBlueprint '/Game/Levels/GreyBoxLVL4.GreyBoxLVL4:PersistentLevel.GreyBoxLVL4' with GeneratedClass '/Game/Levels/GreyBoxLVL4.GreyBoxLVL4_C' with ClassGeneratedBy '/Game/Levels/GreyBoxLVL4.GreyBoxLVL4:PersistentLevel.GreyBoxLVL4'
[2020.05.07-13.22.49:253][257]LogPlayLevel: PlayLevel: No blueprints needed recompiling
[2020.05.07-13.22.49:253][257]PIE: New page: PIE session: GreyBoxLVL4 (May 7, 2020, 5:22:49 AM)
[2020.05.07-13.22.49:253][257]LogPlayLevel: Creating play world package: /Game/Levels/UEDPIE_0_GreyBoxLVL4
[2020.05.07-13.22.49:773][257]LogPlayLevel: PIE: StaticDuplicateObject took: (0.519066s)
[2020.05.07-13.22.49:774][257]LogAIModule: Creating AISystem for world GreyBoxLVL4
[2020.05.07-13.22.49:774][257]LogPlayLevel: PIE: World Init took: (0.000878s)
[2020.05.07-13.22.49:776][257]LogPlayLevel: PIE: Created PIE world by copying editor world from /Game/Levels/GreyBoxLVL4.GreyBoxLVL4 to /Game/Levels/UEDPIE_0_GreyBoxLVL4.GreyBoxLVL4 (0.522233s)
[2020.05.07-13.22.49:808][257]LogUObjectHash: Compacting FUObjectHashTables data took   3.45ms
[2020.05.07-13.22.49:981][257]LogInit: XAudio2 using 'Headset Earphone (2- Corsair HS70 Wireless Gaming Headset)' : 2 channels at 48 kHz using 16 bits per sample (channel mask 0x3)
[2020.05.07-13.22.50:001][257]LogInit: FAudioDevice initialized.
[2020.05.07-13.22.50:043][257]LogLoad: Game class is 'FirstPersonGameMode_C'
[2020.05.07-13.22.50:327][257]LogWorld: Bringing World /Game/Levels/UEDPIE_0_GreyBoxLVL4.GreyBoxLVL4 up for play (max tick rate 0) at 2020.05.07-09.22.50
[2020.05.07-13.22.50:350][257]LogWorld: Bringing up level for play took: 0.306240
[2020.05.07-13.22.50:368][257]LogScript: Warning: Script Msg: Attempted to access index 0 from array 'CallFunc_GetAllActorsOfClass_OutActors' of length 0 in '/Game/BP/Checkpoint.Checkpoint_C:ExecuteUbergraph_Checkpoint'!
[2020.05.07-13.22.50:369][257]LogScript: Warning: Script Msg: Attempted to access index 0 from array 'CallFunc_GetAllActorsOfClass_OutActors' of length 0 in '/Game/BP/Checkpoint.Checkpoint_C:ExecuteUbergraph_Checkpoint'!
[2020.05.07-13.22.50:369][257]LogScript: Warning: Script Msg: Attempted to access index 0 from array 'CallFunc_GetAllActorsOfClass_OutActors' of length 0 in '/Game/BP/OutroTrigger.OutroTrigger_C:ExecuteUbergraph_OutroTrigger'!
[2020.05.07-13.22.50:371][257]LogScript: Warning: Script Msg: Attempted to access index 0 from array 'CallFunc_GetAllActorsOfClass_OutActors' of length 0 in '/Game/Materials/FinishStopper.FinishStopper_C:ExecuteUbergraph_FinishStopper'!
[2020.05.07-13.22.50:377][257]PIE: Play in editor start time for /Game/Levels/UEDPIE_0_GreyBoxLVL4 1.755
[2020.05.07-13.22.50:380][257]LogBlueprintUserMessages: Late PlayInEditor Detection: Level '/Game/Levels/GreyBoxLVL4.GreyBoxLVL4:PersistentLevel' has LevelScriptBlueprint '/Game/Levels/GreyBoxLVL4.GreyBoxLVL4:PersistentLevel.GreyBoxLVL4' with GeneratedClass '/Game/Levels/GreyBoxLVL4.GreyBoxLVL4_C' with ClassGeneratedBy '/Game/Levels/GreyBoxLVL4.GreyBoxLVL4:PersistentLevel.GreyBoxLVL4'
[2020.05.07-13.22.52:234][335]LogNet: Browse: /Game/Levels/GreyBoxLVL4
[2020.05.07-13.22.52:238][335]LogLoad: LoadMap: /Game/Levels/GreyBoxLVL4
[2020.05.07-13.22.52:397][335]LogUObjectHash: Compacting FUObjectHashTables data took   2.27ms
[2020.05.07-13.22.52:397][335]LogPlayLevel: Creating play world package: /Game/Levels/UEDPIE_0_GreyBoxLVL4
[2020.05.07-13.22.52:946][335]LogPlayLevel: PIE: StaticDuplicateObject took: (0.548947s)
[2020.05.07-13.22.52:947][335]LogAIModule: Creating AISystem for world GreyBoxLVL4
[2020.05.07-13.22.52:948][335]LogPlayLevel: PIE: World Init took: (0.001433s)
[2020.05.07-13.22.52:949][335]LogPlayLevel: PIE: Created PIE world by copying editor world from /Game/Levels/GreyBoxLVL4.GreyBoxLVL4 to /Game/Levels/UEDPIE_0_GreyBoxLVL4.GreyBoxLVL4 (0.552500s)
[2020.05.07-13.22.52:950][335]LogLoad: Game class is 'FirstPersonGameMode_C'
[2020.05.07-13.22.53:249][335]LogWorld: Bringing World /Game/Levels/UEDPIE_0_GreyBoxLVL4.GreyBoxLVL4 up for play (max tick rate 0) at 2020.05.07-09.22.53
[2020.05.07-13.22.53:260][335]LogWorld: Bringing up level for play took: 0.309061
[2020.05.07-13.22.53:261][335]LogScript: Warning: Script Msg: Attempted to access index 0 from array 'CallFunc_GetAllActorsOfClass_OutActors' of length 0 in '/Game/BP/Checkpoint.Checkpoint_C:ExecuteUbergraph_Checkpoint'!
[2020.05.07-13.22.53:262][335]LogScript: Warning: Script Msg: Attempted to access index 0 from array 'CallFunc_GetAllActorsOfClass_OutActors' of length 0 in '/Game/BP/Checkpoint.Checkpoint_C:ExecuteUbergraph_Checkpoint'!
[2020.05.07-13.22.53:262][335]LogScript: Warning: Script Msg: Attempted to access index 0 from array 'CallFunc_GetAllActorsOfClass_OutActors' of length 0 in '/Game/BP/OutroTrigger.OutroTrigger_C:ExecuteUbergraph_OutroTrigger'!
[2020.05.07-13.22.53:264][335]LogScript: Warning: Script Msg: Attempted to access index 0 from array 'CallFunc_GetAllActorsOfClass_OutActors' of length 0 in '/Game/Materials/FinishStopper.FinishStopper_C:ExecuteUbergraph_FinishStopper'!
[2020.05.07-13.22.53:270][335]LogLoad: Took 1.032809 seconds to LoadMap(/Game/Levels/UEDPIE_0_GreyBoxLVL4)
[2020.05.07-13.22.54:862][406]LogNet: Browse: /Game/Levels/GreyBoxLVL4
[2020.05.07-13.22.54:867][406]LogLoad: LoadMap: /Game/Levels/GreyBoxLVL4
[2020.05.07-13.22.55:043][406]LogUObjectHash: Compacting FUObjectHashTables data took   2.32ms
[2020.05.07-13.22.55:044][406]LogPlayLevel: Creating play world package: /Game/Levels/UEDPIE_0_GreyBoxLVL4
[2020.05.07-13.22.55:652][406]LogPlayLevel: PIE: StaticDuplicateObject took: (0.607797s)
[2020.05.07-13.22.55:653][406]LogAIModule: Creating AISystem for world GreyBoxLVL4
[2020.05.07-13.22.55:654][406]LogPlayLevel: PIE: World Init took: (0.001514s)
[2020.05.07-13.22.55:655][406]LogPlayLevel: PIE: Created PIE world by copying editor world from /Game/Levels/GreyBoxLVL4.GreyBoxLVL4 to /Game/Levels/UEDPIE_0_GreyBoxLVL4.GreyBoxLVL4 (0.611069s)
[2020.05.07-13.22.55:656][406]LogLoad: Game class is 'FirstPersonGameMode_C'
[2020.05.07-13.22.55:966][406]LogWorld: Bringing World /Game/Levels/UEDPIE_0_GreyBoxLVL4.GreyBoxLVL4 up for play (max tick rate 0) at 2020.05.07-09.22.55
[2020.05.07-13.22.55:980][406]LogWorld: Bringing up level for play took: 0.322401
[2020.05.07-13.22.55:981][406]LogScript: Warning: Script Msg: Attempted to access index 0 from array 'CallFunc_GetAllActorsOfClass_OutActors' of length 0 in '/Game/BP/Checkpoint.Checkpoint_C:ExecuteUbergraph_Checkpoint'!
[2020.05.07-13.22.55:982][406]LogScript: Warning: Script Msg: Attempted to access index 0 from array 'CallFunc_GetAllActorsOfClass_OutActors' of length 0 in '/Game/BP/Checkpoint.Checkpoint_C:ExecuteUbergraph_Checkpoint'!
[2020.05.07-13.22.55:982][406]LogScript: Warning: Script Msg: Attempted to access index 0 from array 'CallFunc_GetAllActorsOfClass_OutActors' of length 0 in '/Game/BP/OutroTrigger.OutroTrigger_C:ExecuteUbergraph_OutroTrigger'!
[2020.05.07-13.22.55:984][406]LogScript: Warning: Script Msg: Attempted to access index 0 from array 'CallFunc_GetAllActorsOfClass_OutActors' of length 0 in '/Game/Materials/FinishStopper.FinishStopper_C:ExecuteUbergraph_FinishStopper'!
[2020.05.07-13.22.55:991][406]LogLoad: Took 1.124121 seconds to LoadMap(/Game/Levels/UEDPIE_0_GreyBoxLVL4)
[2020.05.07-13.23.00:567][617]LogBlueprintUserMessages: Early EndPlayMap Detection: Level '/Game/Levels/GreyBoxLVL4.GreyBoxLVL4:PersistentLevel' has LevelScriptBlueprint '/Game/Levels/GreyBoxLVL4.GreyBoxLVL4:PersistentLevel.GreyBoxLVL4' with GeneratedClass '/Game/Levels/GreyBoxLVL4.GreyBoxLVL4_C' with ClassGeneratedBy '/Game/Levels/GreyBoxLVL4.GreyBoxLVL4:PersistentLevel.GreyBoxLVL4'
[2020.05.07-13.23.00:568][617]LogSlate: Updating window title bar state: overlay mode, drag disabled, window buttons hidden, title bar hidden
[2020.05.07-13.23.00:689][617]LogPlayLevel: Display: Shutting down PIE online subsystems
[2020.05.07-13.23.00:691][617]LogBlueprintUserMessages: Late EndPlayMap Detection: Level '/Game/Levels/GreyBoxLVL4.GreyBoxLVL4:PersistentLevel' has LevelScriptBlueprint '/Game/Levels/GreyBoxLVL4.GreyBoxLVL4:PersistentLevel.GreyBoxLVL4' with GeneratedClass '/Game/Levels/GreyBoxLVL4.GreyBoxLVL4_C' with ClassGeneratedBy '/Game/Levels/GreyBoxLVL4.GreyBoxLVL4:PersistentLevel.GreyBoxLVL4'
[2020.05.07-13.23.00:741][617]LogSlate: Updating window title bar state: overlay mode, drag disabled, window buttons hidden, title bar hidden
[2020.05.07-13.23.00:805][617]LogUObjectHash: Compacting FUObjectHashTables data took   2.37ms
[2020.05.07-13.23.00:873][618]LogPlayLevel: Display: Destroying online subsystem :Context_11
