Log file open, 04/09/20 11:51:17
LogWindows: Failed to load 'aqProf.dll' (GetLastError=126)
LogWindows: File 'aqProf.dll' does not exist
LogWindows: Failed to load 'VtuneApi.dll' (GetLastError=126)
LogWindows: File 'VtuneApi.dll' does not exist
LogWindows: Failed to load 'VtuneApi32e.dll' (GetLastError=126)
LogWindows: File 'VtuneApi32e.dll' does not exist
LogConsoleResponse: Display: Failed to find resolution value strings in scalability ini. Falling back to default.
LogInit: Display: Running engine for game: SeniorProject
LogPakFile: Registered encryption key '00000000000000000000000000000000': 0 pak files mounted, 0 remain pending
LogPlatformFile: Not using cached read wrapper
LogTaskGraph: Started task graph with 5 named threads and 23 total threads with 3 sets of task threads.
LogStats: Stats thread started at 0.467519
LogD3D11RHI: Loaded GFSDK_Aftermath_Lib.x64.dll
LogICUInternationalization: ICU TimeZone Detection - Raw Offset: -5:00, Platform Override: ''
LogPluginManager: Mounting plugin Paper2D
LogPluginManager: Mounting plugin AISupport
LogPluginManager: Mounting plugin LightPropagationVolume
LogPluginManager: Mounting plugin ActorLayerUtilities
LogPluginManager: Mounting plugin AnimationSharing
LogPluginManager: Mounting plugin CLionSourceCodeAccess
LogPluginManager: Mounting plugin CodeLiteSourceCodeAccess
LogPluginManager: Mounting plugin GitSourceControl
LogPluginManager: Mounting plugin KDevelopSourceCodeAccess
LogPluginManager: Mounting plugin NullSourceCodeAccess
LogPluginManager: Mounting plugin PerforceSourceControl
LogPluginManager: Mounting plugin SubversionSourceControl
LogPluginManager: Mounting plugin UObjectPlugin
LogPluginManager: Mounting plugin VisualStudioCodeSourceCodeAccess
LogPluginManager: Mounting plugin VisualStudioSourceCodeAccess
LogPluginManager: Mounting plugin XCodeSourceCodeAccess
LogPluginManager: Mounting plugin AssetManagerEditor
LogPluginManager: Mounting plugin CryptoKeys
LogPluginManager: Mounting plugin DataValidation
LogPluginManager: Mounting plugin EditorScriptingUtilities
LogPluginManager: Mounting plugin FacialAnimation
LogPluginManager: Mounting plugin GameplayTagsEditor
LogPluginManager: Mounting plugin GLTFImporter
LogPluginManager: Mounting plugin MacGraphicsSwitching
LogPluginManager: Mounting plugin MaterialAnalyzer
LogPluginManager: Mounting plugin MeshEditor
LogPluginManager: Mounting plugin MobileLauncherProfileWizard
LogPluginManager: Mounting plugin PluginBrowser
LogPluginManager: Mounting plugin SpeedTreeImporter
LogPluginManager: Mounting plugin DatasmithContent
LogPluginManager: Mounting plugin VariantManagerContent
LogPluginManager: Mounting plugin AlembicImporter
LogPluginManager: Mounting plugin AppleImageUtils
LogPluginManager: Mounting plugin AppleVision
LogPluginManager: Mounting plugin BackChannel
LogPluginManager: Mounting plugin BlastPlugin
LogPluginManager: Mounting plugin ChaosSolverPlugin
LogPluginManager: Mounting plugin CharacterAI
LogPluginManager: Mounting plugin GeometryCache
LogPluginManager: Mounting plugin GeometryCollectionPlugin
LogPluginManager: Mounting plugin HTML5Networking
LogPluginManager: Mounting plugin ProxyLODPlugin
LogPluginManager: Mounting plugin SkeletalReduction
LogPluginManager: Mounting plugin MagicLeap
LogPluginManager: Mounting plugin MagicLeapMedia
LogPluginManager: Mounting plugin AndroidMedia
LogPluginManager: Mounting plugin AvfMedia
LogPluginManager: Mounting plugin ImgMedia
LogPluginManager: Mounting plugin LinearTimecode
LogPluginManager: Mounting plugin MediaCompositing
LogPluginManager: Mounting plugin MediaPlayerEditor
LogPluginManager: Mounting plugin WebMMedia
LogPluginManager: Mounting plugin WmfMedia
LogPluginManager: Mounting plugin TcpMessaging
LogPluginManager: Mounting plugin UdpMessaging
LogPluginManager: Mounting plugin ActorSequence
LogPluginManager: Mounting plugin LevelSequenceEditor
LogPluginManager: Mounting plugin MatineeToLevelSequence
LogPluginManager: Mounting plugin NetcodeUnitTest
LogPluginManager: Mounting plugin NUTUnrealEngine4
LogPluginManager: Mounting plugin OnlineSubsystemGooglePlay
LogPluginManager: Mounting plugin OnlineSubsystemIOS
LogPluginManager: Mounting plugin OnlineSubsystem
LogPluginManager: Mounting plugin OnlineSubsystemNull
LogPluginManager: Mounting plugin OnlineSubsystemUtils
LogPluginManager: Mounting plugin LauncherChunkInstaller
LogPluginManager: Mounting plugin AndroidDeviceProfileSelector
LogPluginManager: Mounting plugin AndroidMoviePlayer
LogPluginManager: Mounting plugin AndroidPermission
LogPluginManager: Mounting plugin AppleMoviePlayer
LogPluginManager: Mounting plugin ArchVisCharacter
LogPluginManager: Mounting plugin AudioCapture
LogPluginManager: Mounting plugin CableComponent
LogPluginManager: Mounting plugin CustomMeshComponent
LogPluginManager: Mounting plugin EditableMesh
LogPluginManager: Mounting plugin ExampleDeviceProfileSelector
LogPluginManager: Mounting plugin Firebase
LogPluginManager: Mounting plugin GoogleCloudMessaging
LogPluginManager: Mounting plugin IOSDeviceProfileSelector
LogPluginManager: Mounting plugin LinuxDeviceProfileSelector
LogPluginManager: Mounting plugin LocationServicesBPLibrary
LogPluginManager: Mounting plugin MobilePatchingUtils
LogPluginManager: Mounting plugin OculusVR
LogPluginManager: Mounting plugin PhysXVehicles
LogPluginManager: Mounting plugin ProceduralMeshComponent
LogPluginManager: Mounting plugin RuntimePhysXCooking
LogPluginManager: Mounting plugin SignificanceManager
LogPluginManager: Mounting plugin SteamVR
LogPluginManager: Mounting plugin WebMMoviePlayer
LogPluginManager: Mounting plugin WindowsMoviePlayer
LogPluginManager: Mounting plugin DatasmithCADImporter
LogPluginManager: Mounting plugin DatasmithDataPrepEditor
LogPluginManager: Mounting plugin DatasmithFBXImporter
LogPluginManager: Mounting plugin DatasmithGLTFImporter
LogPluginManager: Mounting plugin DatasmithImporter
LogPluginManager: Mounting plugin MDLImporter
LogPluginManager: Mounting plugin StaticMeshEditorExtension
LogPluginManager: Mounting plugin VariantManager
LogInit: Using libcurl 7.55.1-DEV
LogInit:  - built for x86_64-pc-win32
LogInit:  - supports SSL with OpenSSL/1.1.1
LogInit:  - supports HTTP deflate (compression) using libz 1.2.8
LogInit:  - other features:
LogInit:      CURL_VERSION_SSL
LogInit:      CURL_VERSION_LIBZ
LogInit:      CURL_VERSION_IPV6
LogInit:      CURL_VERSION_ASYNCHDNS
LogInit:      CURL_VERSION_LARGEFILE
LogInit:      CURL_VERSION_IDN
LogInit:  CurlRequestOptions (configurable via config and command line):
LogInit:  - bVerifyPeer = true  - Libcurl will verify peer certificate
LogInit:  - bUseHttpProxy = false  - Libcurl will NOT use HTTP proxy
LogInit:  - bDontReuseConnections = false  - Libcurl will reuse connections
LogInit:  - MaxHostConnections = 16  - Libcurl will limit the number of connections to a host
LogInit:  - LocalHostAddr = Default
LogInit:  - BufferSize = 65536
LogInit: WinSock: version 1.1 (2.2), MaxSocks=32767, MaxUdp=65467
LogHMD: Failed initializing OVRPlugin 1.32.0
LogInit: Build: ++UE4+Release-4.22-CL-7053642
LogInit: Engine Version: 4.22.3-7053642+++UE4+Release-4.22
LogInit: Compatible Engine Version: 4.22.0-5660361+++UE4+Release-4.22
LogInit: Net CL: 5660361
LogInit: OS: Windows 10 (Release 1903) (), CPU: Intel(R) Core(TM) i7-6700K CPU @ 4.00GHz, GPU: NVIDIA GeForce RTX 2080
LogInit: Compiled (64-bit): Jun 18 2019 03:09:11
LogInit: Compiled with Visual C++: 19.16.27025.01
LogInit: Build Configuration: Development
LogInit: Branch Name: ++UE4+Release-4.22
LogInit: Command Line:  -skipcompile
LogInit: Base Directory: C:/Program Files/Epic Games/UE_4.22/Engine/Binaries/Win64/
LogInit: Installed Engine Build: 1
LogDevObjectVersion: Number of dev versions registered: 23
LogDevObjectVersion:   Dev-Blueprints (B0D832E4-1F89-4F0D-ACCF-7EB736FD4AA2): 10
LogDevObjectVersion:   Dev-Build (E1C64328-A22C-4D53-A36C-8E866417BD8C): 0
LogDevObjectVersion:   Dev-Core (375EC13C-06E4-48FB-B500-84F0262A717E): 3
LogDevObjectVersion:   Dev-Editor (E4B068ED-F494-42E9-A231-DA0B2E46BB41): 30
LogDevObjectVersion:   Dev-Framework (CFFC743F-43B0-4480-9391-14DF171D2073): 35
LogDevObjectVersion:   Dev-Mobile (B02B49B5-BB20-44E9-A304-32B752E40360): 2
LogDevObjectVersion:   Dev-Networking (A4E4105C-59A1-49B5-A7C5-40C4547EDFEE): 0
LogDevObjectVersion:   Dev-Online (39C831C9-5AE6-47DC-9A44-9C173E1C8E7C): 0
LogDevObjectVersion:   Dev-Physics (78F01B33-EBEA-4F98-B9B4-84EACCB95AA2): 0
LogDevObjectVersion:   Dev-Platform (6631380F-2D4D-43E0-8009-CF276956A95A): 0
LogDevObjectVersion:   Dev-Rendering (12F88B9F-8875-4AFC-A67C-D90C383ABD29): 28
LogDevObjectVersion:   Dev-Sequencer (7B5AE74C-D270-4C10-A958-57980B212A5A): 11
LogDevObjectVersion:   Dev-VR (D7296918-1DD6-4BDD-9DE2-64A83CC13884): 2
LogDevObjectVersion:   Dev-LoadTimes (C2A15278-BFE7-4AFE-6C17-90FF531DF755): 1
LogDevObjectVersion:   Private-Geometry (6EACA3D4-40EC-4CC1-B786-8BED09428FC5): 3
LogDevObjectVersion:   Dev-AnimPhys (29E575DD-E0A3-4627-9D10-D276232CDCEA): 17
LogDevObjectVersion:   Dev-Anim (AF43A65D-7FD3-4947-9873-3E8ED9C1BB05): 2
LogDevObjectVersion:   Dev-ReflectionCapture (6B266CEC-1EC7-4B8F-A30B-E4D90942FC07): 1
LogDevObjectVersion:   Dev-Automation (0DF73D61-A23F-47EA-B727-89E90C41499A): 1
LogDevObjectVersion:   FortniteMain (601D1886-AC64-4F84-AA16-D3DE0DEAC7D6): 25
LogDevObjectVersion:   Dev-Enterprise (9DFFBCD6-494F-0158-E221-12823C92A888): 6
LogDevObjectVersion:   Dev-Niagara (F2AED0AC-9AFE-416F-8664-AA7FFA26D6FC): 1
LogDevObjectVersion:   Dev-Destruction (174F1F0B-B4C6-45A5-B13F-2EE8D0FB917D): 2
LogInit: Presizing for max 16777216 objects, including 0 objects not considered by GC, pre-allocating 0 bytes for permanent pool.
LogInit: Object subsystem initialized
LogConfig: Setting CVar [[con.DebugEarlyDefault:1]]
LogConfig: Setting CVar [[r.setres:1280x720]]
[2020.04.09-15.51.19:981][  0]LogConfig: Setting CVar [[r.VSync:0]]
[2020.04.09-15.51.19:981][  0]LogConfig: Setting CVar [[r.RHICmdBypass:0]]
[2020.04.09-15.51.19:981][  0]LogConfig: Applying CVar settings from Section [/Script/Engine.RendererSettings] File [E:/SeniorProject/PollutionProject/SeniorProject/Saved/Config/Windows/Engine.ini]
[2020.04.09-15.51.19:981][  0]LogConfig: Setting CVar [[r.GPUCrashDebugging:0]]
[2020.04.09-15.51.19:981][  0]LogConfig: Setting CVar [[r.DefaultFeature.AutoExposure.ExtendDefaultLuminanceRange:1]]
[2020.04.09-15.51.19:981][  0]LogConfig: Setting CVar [[r.GenerateMeshDistanceFields:1]]
[2020.04.09-15.51.19:981][  0]LogConfig: Applying CVar settings from Section [/Script/Engine.RendererOverrideSettings] File [E:/SeniorProject/PollutionProject/SeniorProject/Saved/Config/Windows/Engine.ini]
[2020.04.09-15.51.19:981][  0]LogConfig: Applying CVar settings from Section [/Script/Engine.StreamingSettings] File [E:/SeniorProject/PollutionProject/SeniorProject/Saved/Config/Windows/Engine.ini]
[2020.04.09-15.51.19:981][  0]LogConfig: Setting CVar [[s.MinBulkDataSizeForAsyncLoading:131072]]
[2020.04.09-15.51.19:981][  0]LogConfig: Setting CVar [[s.AsyncLoadingThreadEnabled:0]]
[2020.04.09-15.51.19:982][  0]LogConfig: Setting CVar [[s.EventDrivenLoaderEnabled:1]]
[2020.04.09-15.51.19:982][  0]LogConfig: Setting CVar [[s.WarnIfTimeLimitExceeded:0]]
[2020.04.09-15.51.19:982][  0]LogConfig: Setting CVar [[s.TimeLimitExceededMultiplier:1.5]]
[2020.04.09-15.51.19:982][  0]LogConfig: Setting CVar [[s.TimeLimitExceededMinTime:0.005]]
[2020.04.09-15.51.19:982][  0]LogConfig: Setting CVar [[s.UseBackgroundLevelStreaming:1]]
[2020.04.09-15.51.19:982][  0]LogConfig: Setting CVar [[s.PriorityAsyncLoadingExtraTime:15.0]]
[2020.04.09-15.51.19:982][  0]LogConfig: Setting CVar [[s.LevelStreamingActorsUpdateTimeLimit:5.0]]
[2020.04.09-15.51.19:982][  0]LogConfig: Setting CVar [[s.PriorityLevelStreamingActorsUpdateExtraTime:5.0]]
[2020.04.09-15.51.19:982][  0]LogConfig: Setting CVar [[s.LevelStreamingComponentsRegistrationGranularity:10]]
[2020.04.09-15.51.19:982][  0]LogConfig: Setting CVar [[s.UnregisterComponentsTimeLimit:1.0]]
[2020.04.09-15.51.19:982][  0]LogConfig: Setting CVar [[s.LevelStreamingComponentsUnregistrationGranularity:5]]
[2020.04.09-15.51.19:982][  0]LogConfig: Applying CVar settings from Section [/Script/Engine.GarbageCollectionSettings] File [E:/SeniorProject/PollutionProject/SeniorProject/Saved/Config/Windows/Engine.ini]
[2020.04.09-15.51.19:983][  0]LogConfig: Setting CVar [[gc.MaxObjectsNotConsideredByGC:1]]
[2020.04.09-15.51.19:983][  0]LogConfig: Setting CVar [[gc.SizeOfPermanentObjectPool:0]]
[2020.04.09-15.51.19:983][  0]LogConfig: Setting CVar [[gc.FlushStreamingOnGC:0]]
[2020.04.09-15.51.19:983][  0]LogConfig: Setting CVar [[gc.NumRetriesBeforeForcingGC:10]]
[2020.04.09-15.51.19:983][  0]LogConfig: Setting CVar [[gc.AllowParallelGC:1]]
[2020.04.09-15.51.19:983][  0]LogConfig: Setting CVar [[gc.TimeBetweenPurgingPendingKillObjects:61.1]]
[2020.04.09-15.51.19:983][  0]LogConfig: Setting CVar [[gc.MaxObjectsInEditor:16777216]]
[2020.04.09-15.51.19:983][  0]LogConfig: Setting CVar [[gc.IncrementalBeginDestroyEnabled:1]]
[2020.04.09-15.51.19:983][  0]LogConfig: Setting CVar [[gc.CreateGCClusters:1]]
[2020.04.09-15.51.19:983][  0]LogConfig: Setting CVar [[gc.MinGCClusterSize:5]]
[2020.04.09-15.51.19:983][  0]LogConfig: Setting CVar [[gc.ActorClusteringEnabled:0]]
[2020.04.09-15.51.19:983][  0]LogConfig: Setting CVar [[gc.BlueprintClusteringEnabled:0]]
[2020.04.09-15.51.19:983][  0]LogConfig: Setting CVar [[gc.UseDisregardForGCOnDedicatedServers:0]]
[2020.04.09-15.51.19:983][  0]LogConfig: Applying CVar settings from Section [/Script/Engine.NetworkSettings] File [E:/SeniorProject/PollutionProject/SeniorProject/Saved/Config/Windows/Engine.ini]
[2020.04.09-15.51.19:983][  0]LogConfig: Applying CVar settings from Section [/Script/UnrealEd.CookerSettings] File [E:/SeniorProject/PollutionProject/SeniorProject/Saved/Config/Windows/Engine.ini]
[2020.04.09-15.51.20:012][  0]LogConfig: Applying CVar settings from Section [ViewDistanceQuality@3] File [E:/SeniorProject/PollutionProject/SeniorProject/Saved/Config/Windows/Scalability.ini]
[2020.04.09-15.51.20:012][  0]LogConfig: Setting CVar [[r.SkeletalMeshLODBias:0]]
[2020.04.09-15.51.20:012][  0]LogConfig: Setting CVar [[r.ViewDistanceScale:1.0]]
[2020.04.09-15.51.20:012][  0]LogConfig: Applying CVar settings from Section [AntiAliasingQuality@3] File [E:/SeniorProject/PollutionProject/SeniorProject/Saved/Config/Windows/Scalability.ini]
[2020.04.09-15.51.20:012][  0]LogConfig: Setting CVar [[r.PostProcessAAQuality:4]]
[2020.04.09-15.51.20:012][  0]LogConfig: Applying CVar settings from Section [ShadowQuality@3] File [E:/SeniorProject/PollutionProject/SeniorProject/Saved/Config/Windows/Scalability.ini]
[2020.04.09-15.51.20:012][  0]LogConfig: Setting CVar [[r.LightFunctionQuality:1]]
[2020.04.09-15.51.20:012][  0]LogConfig: Setting CVar [[r.ShadowQuality:5]]
[2020.04.09-15.51.20:013][  0]LogConfig: Setting CVar [[r.Shadow.CSM.MaxCascades:10]]
[2020.04.09-15.51.20:013][  0]LogConfig: Setting CVar [[r.Shadow.MaxResolution:2048]]
[2020.04.09-15.51.20:013][  0]LogConfig: Setting CVar [[r.Shadow.MaxCSMResolution:2048]]
[2020.04.09-15.51.20:013][  0]LogConfig: Setting CVar [[r.Shadow.RadiusThreshold:0.01]]
[2020.04.09-15.51.20:013][  0]LogConfig: Setting CVar [[r.Shadow.DistanceScale:1.0]]
[2020.04.09-15.51.20:013][  0]LogConfig: Setting CVar [[r.Shadow.CSM.TransitionScale:1.0]]
[2020.04.09-15.51.20:013][  0]LogConfig: Setting CVar [[r.Shadow.PreShadowResolutionFactor:1.0]]
[2020.04.09-15.51.20:013][  0]LogConfig: Setting CVar [[r.DistanceFieldShadowing:1]]
[2020.04.09-15.51.20:013][  0]LogConfig: Setting CVar [[r.DistanceFieldAO:1]]
[2020.04.09-15.51.20:013][  0]LogConfig: Setting CVar [[r.AOQuality:2]]
[2020.04.09-15.51.20:013][  0]LogConfig: Setting CVar [[r.VolumetricFog:1]]
[2020.04.09-15.51.20:013][  0]LogConfig: Setting CVar [[r.VolumetricFog.GridPixelSize:8]]
[2020.04.09-15.51.20:014][  0]LogConfig: Setting CVar [[r.VolumetricFog.GridSizeZ:128]]
[2020.04.09-15.51.20:014][  0]LogConfig: Setting CVar [[r.VolumetricFog.HistoryMissSupersampleCount:4]]
[2020.04.09-15.51.20:014][  0]LogConfig: Setting CVar [[r.LightMaxDrawDistanceScale:1]]
[2020.04.09-15.51.20:014][  0]LogConfig: Setting CVar [[r.CapsuleShadows:1]]
[2020.04.09-15.51.20:014][  0]LogConfig: Applying CVar settings from Section [PostProcessQuality@3] File [E:/SeniorProject/PollutionProject/SeniorProject/Saved/Config/Windows/Scalability.ini]
[2020.04.09-15.51.20:015][  0]LogConfig: Setting CVar [[r.MotionBlurQuality:4]]
[2020.04.09-15.51.20:015][  0]LogConfig: Setting CVar [[r.AmbientOcclusionMipLevelFactor:0.4]]
[2020.04.09-15.51.20:015][  0]LogConfig: Setting CVar [[r.AmbientOcclusionMaxQuality:100]]
[2020.04.09-15.51.20:015][  0]LogConfig: Setting CVar [[r.AmbientOcclusionLevels:-1]]
[2020.04.09-15.51.20:015][  0]LogConfig: Setting CVar [[r.AmbientOcclusionRadiusScale:1.0]]
[2020.04.09-15.51.20:015][  0]LogConfig: Setting CVar [[r.DepthOfFieldQuality:2]]
[2020.04.09-15.51.20:015][  0]LogConfig: Setting CVar [[r.RenderTargetPoolMin:400]]
[2020.04.09-15.51.20:015][  0]LogConfig: Setting CVar [[r.LensFlareQuality:2]]
[2020.04.09-15.51.20:015][  0]LogConfig: Setting CVar [[r.SceneColorFringeQuality:1]]
[2020.04.09-15.51.20:015][  0]LogConfig: Setting CVar [[r.EyeAdaptationQuality:2]]
[2020.04.09-15.51.20:016][  0]LogConfig: Setting CVar [[r.BloomQuality:5]]
[2020.04.09-15.51.20:016][  0]LogConfig: Setting CVar [[r.FastBlurThreshold:100]]
[2020.04.09-15.51.20:016][  0]LogConfig: Setting CVar [[r.Upscale.Quality:3]]
[2020.04.09-15.51.20:016][  0]LogConfig: Setting CVar [[r.Tonemapper.GrainQuantization:1]]
[2020.04.09-15.51.20:016][  0]LogConfig: Setting CVar [[r.LightShaftQuality:1]]
[2020.04.09-15.51.20:016][  0]LogConfig: Setting CVar [[r.Filter.SizeScale:1]]
[2020.04.09-15.51.20:016][  0]LogConfig: Setting CVar [[r.Tonemapper.Quality:5]]
[2020.04.09-15.51.20:016][  0]LogConfig: Setting CVar [[r.DOF.Gather.AccumulatorQuality:1        ; higher gathering accumulator quality]]
[2020.04.09-15.51.20:016][  0]LogConfig: Setting CVar [[r.DOF.Gather.PostfilterMethod:1          ; Median3x3 postfilering method]]
[2020.04.09-15.51.20:016][  0]LogConfig: Setting CVar [[r.DOF.Gather.EnableBokehSettings:0       ; no bokeh simulation when gathering]]
[2020.04.09-15.51.20:017][  0]LogConfig: Setting CVar [[r.DOF.Gather.RingCount:4                 ; medium number of samples when gathering]]
[2020.04.09-15.51.20:017][  0]LogConfig: Setting CVar [[r.DOF.Scatter.ForegroundCompositing:1    ; additive foreground scattering]]
[2020.04.09-15.51.20:017][  0]LogConfig: Setting CVar [[r.DOF.Scatter.BackgroundCompositing:2    ; additive background scattering]]
[2020.04.09-15.51.20:017][  0]LogConfig: Setting CVar [[r.DOF.Scatter.EnableBokehSettings:1      ; bokeh simulation when scattering]]
[2020.04.09-15.51.20:017][  0]LogConfig: Setting CVar [[r.DOF.Scatter.MaxSpriteRatio:0.1         ; only a maximum of 10% of scattered bokeh]]
[2020.04.09-15.51.20:017][  0]LogConfig: Setting CVar [[r.DOF.Recombine.Quality:1                ; cheap slight out of focus]]
[2020.04.09-15.51.20:017][  0]LogConfig: Setting CVar [[r.DOF.Recombine.EnableBokehSettings:0    ; no bokeh simulation on slight out of focus]]
[2020.04.09-15.51.20:017][  0]LogConfig: Setting CVar [[r.DOF.TemporalAAQuality:1                ; more stable temporal accumulation]]
[2020.04.09-15.51.20:018][  0]LogConfig: Setting CVar [[r.DOF.Kernel.MaxForegroundRadius:0.025]]
[2020.04.09-15.51.20:018][  0]LogConfig: Setting CVar [[r.DOF.Kernel.MaxBackgroundRadius:0.025]]
[2020.04.09-15.51.20:018][  0]LogConfig: Applying CVar settings from Section [TextureQuality@3] File [E:/SeniorProject/PollutionProject/SeniorProject/Saved/Config/Windows/Scalability.ini]
[2020.04.09-15.51.20:018][  0]LogConfig: Setting CVar [[r.Streaming.MipBias:0]]
[2020.04.09-15.51.20:018][  0]LogConfig: Setting CVar [[r.Streaming.AmortizeCPUToGPUCopy:0]]
[2020.04.09-15.51.20:018][  0]LogConfig: Setting CVar [[r.Streaming.MaxNumTexturesToStreamPerFrame:0]]
[2020.04.09-15.51.20:018][  0]LogConfig: Setting CVar [[r.Streaming.Boost:1]]
[2020.04.09-15.51.20:018][  0]LogConfig: Setting CVar [[r.MaxAnisotropy:8]]
[2020.04.09-15.51.20:018][  0]LogConfig: Setting CVar [[r.Streaming.LimitPoolSizeToVRAM:0]]
[2020.04.09-15.51.20:018][  0]LogConfig: Setting CVar [[r.Streaming.PoolSize:1000]]
[2020.04.09-15.51.20:018][  0]LogConfig: Setting CVar [[r.Streaming.MaxEffectiveScreenSize:0]]
[2020.04.09-15.51.20:018][  0]LogConfig: Applying CVar settings from Section [EffectsQuality@3] File [E:/SeniorProject/PollutionProject/SeniorProject/Saved/Config/Windows/Scalability.ini]
[2020.04.09-15.51.20:019][  0]LogConfig: Setting CVar [[r.TranslucencyLightingVolumeDim:64]]
[2020.04.09-15.51.20:019][  0]LogConfig: Setting CVar [[r.RefractionQuality:2]]
[2020.04.09-15.51.20:019][  0]LogConfig: Setting CVar [[r.SSR.Quality:3]]
[2020.04.09-15.51.20:019][  0]LogConfig: Setting CVar [[r.SceneColorFormat:4]]
[2020.04.09-15.51.20:019][  0]LogConfig: Setting CVar [[r.DetailMode:2]]
[2020.04.09-15.51.20:019][  0]LogConfig: Setting CVar [[r.TranslucencyVolumeBlur:1]]
[2020.04.09-15.51.20:019][  0]LogConfig: Setting CVar [[r.MaterialQualityLevel:1 ; High quality]]
[2020.04.09-15.51.20:019][  0]LogConfig: Setting CVar [[r.SSS.Scale:1]]
[2020.04.09-15.51.20:019][  0]LogConfig: Setting CVar [[r.SSS.SampleSet:2]]
[2020.04.09-15.51.20:019][  0]LogConfig: Setting CVar [[r.SSS.Quality:1]]
[2020.04.09-15.51.20:019][  0]LogConfig: Setting CVar [[r.SSS.HalfRes:1]]
[2020.04.09-15.51.20:020][  0]LogConfig: Setting CVar [[r.EmitterSpawnRateScale:1.0]]
[2020.04.09-15.51.20:020][  0]LogConfig: Setting CVar [[r.ParticleLightQuality:2]]
[2020.04.09-15.51.20:020][  0]LogConfig: Applying CVar settings from Section [FoliageQuality@3] File [E:/SeniorProject/PollutionProject/SeniorProject/Saved/Config/Windows/Scalability.ini]
[2020.04.09-15.51.20:020][  0]LogConfig: Setting CVar [[foliage.DensityScale:1.0]]
[2020.04.09-15.51.20:020][  0]LogConfig: Setting CVar [[grass.DensityScale:1.0]]
[2020.04.09-15.51.20:020][  0]LogInit: Selected Device Profile: [Windows]
[2020.04.09-15.51.20:020][  0]LogInit: Applying CVar settings loaded from the selected device profile: [Windows]
[2020.04.09-15.51.20:051][  0]LogHAL: Display: Platform has ~ 16 GB [17116258304 / 17179869184 / 16], which maps to Larger [LargestMinGB=32, LargerMinGB=12, DefaultMinGB=8, SmallerMinGB=6, SmallestMinGB=0)
[2020.04.09-15.51.20:052][  0]LogConfig: Setting CVar [[r.Vulkan.UseRealUBs:0		; Required until we fix HLR fall-out]]
[2020.04.09-15.51.20:052][  0]LogInit: Going up to parent DeviceProfile []
[2020.04.09-15.51.20:053][  0]LogConfig: Applying CVar settings from Section [ViewDistanceQuality@3] File [E:/SeniorProject/PollutionProject/SeniorProject/Saved/Config/Windows/Scalability.ini]
[2020.04.09-15.51.20:053][  0]LogConfig: Setting CVar [[r.SkeletalMeshLODBias:0]]
[2020.04.09-15.51.20:053][  0]LogConfig: Setting CVar [[r.ViewDistanceScale:1.0]]
[2020.04.09-15.51.20:053][  0]LogConfig: Applying CVar settings from Section [AntiAliasingQuality@3] File [E:/SeniorProject/PollutionProject/SeniorProject/Saved/Config/Windows/Scalability.ini]
[2020.04.09-15.51.20:053][  0]LogConfig: Setting CVar [[r.PostProcessAAQuality:4]]
[2020.04.09-15.51.20:053][  0]LogConfig: Applying CVar settings from Section [ShadowQuality@3] File [E:/SeniorProject/PollutionProject/SeniorProject/Saved/Config/Windows/Scalability.ini]
[2020.04.09-15.51.20:053][  0]LogConfig: Setting CVar [[r.LightFunctionQuality:1]]
[2020.04.09-15.51.20:053][  0]LogConfig: Setting CVar [[r.ShadowQuality:5]]
[2020.04.09-15.51.20:053][  0]LogConfig: Setting CVar [[r.Shadow.CSM.MaxCascades:10]]
[2020.04.09-15.51.20:053][  0]LogConfig: Setting CVar [[r.Shadow.MaxResolution:2048]]
[2020.04.09-15.51.20:053][  0]LogConfig: Setting CVar [[r.Shadow.MaxCSMResolution:2048]]
[2020.04.09-15.51.20:053][  0]LogConfig: Setting CVar [[r.Shadow.RadiusThreshold:0.01]]
[2020.04.09-15.51.20:053][  0]LogConfig: Setting CVar [[r.Shadow.DistanceScale:1.0]]
[2020.04.09-15.51.20:053][  0]LogConfig: Setting CVar [[r.Shadow.CSM.TransitionScale:1.0]]
[2020.04.09-15.51.20:054][  0]LogConfig: Setting CVar [[r.Shadow.PreShadowResolutionFactor:1.0]]
[2020.04.09-15.51.20:054][  0]LogConfig: Setting CVar [[r.DistanceFieldShadowing:1]]
[2020.04.09-15.51.20:054][  0]LogConfig: Setting CVar [[r.DistanceFieldAO:1]]
[2020.04.09-15.51.20:054][  0]LogConfig: Setting CVar [[r.AOQuality:2]]
[2020.04.09-15.51.20:054][  0]LogConfig: Setting CVar [[r.VolumetricFog:1]]
[2020.04.09-15.51.20:054][  0]LogConfig: Setting CVar [[r.VolumetricFog.GridPixelSize:8]]
[2020.04.09-15.51.20:054][  0]LogConfig: Setting CVar [[r.VolumetricFog.GridSizeZ:128]]
[2020.04.09-15.51.20:054][  0]LogConfig: Setting CVar [[r.VolumetricFog.HistoryMissSupersampleCount:4]]
[2020.04.09-15.51.20:054][  0]LogConfig: Setting CVar [[r.LightMaxDrawDistanceScale:1]]
[2020.04.09-15.51.20:054][  0]LogConfig: Setting CVar [[r.CapsuleShadows:1]]
[2020.04.09-15.51.20:054][  0]LogConfig: Applying CVar settings from Section [PostProcessQuality@3] File [E:/SeniorProject/PollutionProject/SeniorProject/Saved/Config/Windows/Scalability.ini]
[2020.04.09-15.51.20:054][  0]LogConfig: Setting CVar [[r.MotionBlurQuality:4]]
[2020.04.09-15.51.20:055][  0]LogConfig: Setting CVar [[r.AmbientOcclusionMipLevelFactor:0.4]]
[2020.04.09-15.51.20:055][  0]LogConfig: Setting CVar [[r.AmbientOcclusionMaxQuality:100]]
[2020.04.09-15.51.20:055][  0]LogConfig: Setting CVar [[r.AmbientOcclusionLevels:-1]]
[2020.04.09-15.51.20:055][  0]LogConfig: Setting CVar [[r.AmbientOcclusionRadiusScale:1.0]]
[2020.04.09-15.51.20:055][  0]LogConfig: Setting CVar [[r.DepthOfFieldQuality:2]]
[2020.04.09-15.51.20:055][  0]LogConfig: Setting CVar [[r.RenderTargetPoolMin:400]]
[2020.04.09-15.51.20:055][  0]LogConfig: Setting CVar [[r.LensFlareQuality:2]]
[2020.04.09-15.51.20:055][  0]LogConfig: Setting CVar [[r.SceneColorFringeQuality:1]]
[2020.04.09-15.51.20:055][  0]LogConfig: Setting CVar [[r.EyeAdaptationQuality:2]]
[2020.04.09-15.51.20:055][  0]LogConfig: Setting CVar [[r.BloomQuality:5]]
[2020.04.09-15.51.20:055][  0]LogConfig: Setting CVar [[r.FastBlurThreshold:100]]
[2020.04.09-15.51.20:055][  0]LogConfig: Setting CVar [[r.Upscale.Quality:3]]
[2020.04.09-15.51.20:056][  0]LogConfig: Setting CVar [[r.Tonemapper.GrainQuantization:1]]
[2020.04.09-15.51.20:056][  0]LogConfig: Setting CVar [[r.LightShaftQuality:1]]
[2020.04.09-15.51.20:056][  0]LogConfig: Setting CVar [[r.Filter.SizeScale:1]]
[2020.04.09-15.51.20:056][  0]LogConfig: Setting CVar [[r.Tonemapper.Quality:5]]
[2020.04.09-15.51.20:056][  0]LogConfig: Setting CVar [[r.DOF.Gather.AccumulatorQuality:1        ; higher gathering accumulator quality]]
[2020.04.09-15.51.20:056][  0]LogConfig: Setting CVar [[r.DOF.Gather.PostfilterMethod:1          ; Median3x3 postfilering method]]
[2020.04.09-15.51.20:056][  0]LogConfig: Setting CVar [[r.DOF.Gather.EnableBokehSettings:0       ; no bokeh simulation when gathering]]
[2020.04.09-15.51.20:056][  0]LogConfig: Setting CVar [[r.DOF.Gather.RingCount:4                 ; medium number of samples when gathering]]
[2020.04.09-15.51.20:056][  0]LogConfig: Setting CVar [[r.DOF.Scatter.ForegroundCompositing:1    ; additive foreground scattering]]
[2020.04.09-15.51.20:057][  0]LogConfig: Setting CVar [[r.DOF.Scatter.BackgroundCompositing:2    ; additive background scattering]]
[2020.04.09-15.51.20:057][  0]LogConfig: Setting CVar [[r.DOF.Scatter.EnableBokehSettings:1      ; bokeh simulation when scattering]]
[2020.04.09-15.51.20:057][  0]LogConfig: Setting CVar [[r.DOF.Scatter.MaxSpriteRatio:0.1         ; only a maximum of 10% of scattered bokeh]]
[2020.04.09-15.51.20:057][  0]LogConfig: Setting CVar [[r.DOF.Recombine.Quality:1                ; cheap slight out of focus]]
[2020.04.09-15.51.20:057][  0]LogConfig: Setting CVar [[r.DOF.Recombine.EnableBokehSettings:0    ; no bokeh simulation on slight out of focus]]
[2020.04.09-15.51.20:057][  0]LogConfig: Setting CVar [[r.DOF.TemporalAAQuality:1                ; more stable temporal accumulation]]
[2020.04.09-15.51.20:057][  0]LogConfig: Setting CVar [[r.DOF.Kernel.MaxForegroundRadius:0.025]]
[2020.04.09-15.51.20:057][  0]LogConfig: Setting CVar [[r.DOF.Kernel.MaxBackgroundRadius:0.025]]
[2020.04.09-15.51.20:057][  0]LogConfig: Applying CVar settings from Section [TextureQuality@3] File [E:/SeniorProject/PollutionProject/SeniorProject/Saved/Config/Windows/Scalability.ini]
[2020.04.09-15.51.20:057][  0]LogConfig: Setting CVar [[r.Streaming.MipBias:0]]
[2020.04.09-15.51.20:058][  0]LogConfig: Setting CVar [[r.Streaming.AmortizeCPUToGPUCopy:0]]
[2020.04.09-15.51.20:058][  0]LogConfig: Setting CVar [[r.Streaming.MaxNumTexturesToStreamPerFrame:0]]
[2020.04.09-15.51.20:058][  0]LogConfig: Setting CVar [[r.Streaming.Boost:1]]
[2020.04.09-15.51.20:058][  0]LogConfig: Setting CVar [[r.MaxAnisotropy:8]]
[2020.04.09-15.51.20:058][  0]LogConfig: Setting CVar [[r.Streaming.LimitPoolSizeToVRAM:0]]
[2020.04.09-15.51.20:058][  0]LogConfig: Setting CVar [[r.Streaming.PoolSize:1000]]
[2020.04.09-15.51.20:058][  0]LogConfig: Setting CVar [[r.Streaming.MaxEffectiveScreenSize:0]]
[2020.04.09-15.51.20:058][  0]LogConfig: Applying CVar settings from Section [EffectsQuality@3] File [E:/SeniorProject/PollutionProject/SeniorProject/Saved/Config/Windows/Scalability.ini]
[2020.04.09-15.51.20:058][  0]LogConfig: Setting CVar [[r.TranslucencyLightingVolumeDim:64]]
[2020.04.09-15.51.20:058][  0]LogConfig: Setting CVar [[r.RefractionQuality:2]]
[2020.04.09-15.51.20:058][  0]LogConfig: Setting CVar [[r.SSR.Quality:3]]
[2020.04.09-15.51.20:058][  0]LogConfig: Setting CVar [[r.SceneColorFormat:4]]
[2020.04.09-15.51.20:058][  0]LogConfig: Setting CVar [[r.DetailMode:2]]
[2020.04.09-15.51.20:059][  0]LogConfig: Setting CVar [[r.TranslucencyVolumeBlur:1]]
[2020.04.09-15.51.20:059][  0]LogConfig: Setting CVar [[r.MaterialQualityLevel:1 ; High quality]]
[2020.04.09-15.51.20:059][  0]LogConfig: Setting CVar [[r.SSS.Scale:1]]
[2020.04.09-15.51.20:059][  0]LogConfig: Setting CVar [[r.SSS.SampleSet:2]]
[2020.04.09-15.51.20:059][  0]LogConfig: Setting CVar [[r.SSS.Quality:1]]
[2020.04.09-15.51.20:059][  0]LogConfig: Setting CVar [[r.SSS.HalfRes:1]]
[2020.04.09-15.51.20:059][  0]LogConfig: Setting CVar [[r.EmitterSpawnRateScale:1.0]]
[2020.04.09-15.51.20:059][  0]LogConfig: Setting CVar [[r.ParticleLightQuality:2]]
[2020.04.09-15.51.20:059][  0]LogConfig: Applying CVar settings from Section [FoliageQuality@3] File [E:/SeniorProject/PollutionProject/SeniorProject/Saved/Config/Windows/Scalability.ini]
[2020.04.09-15.51.20:059][  0]LogConfig: Setting CVar [[foliage.DensityScale:1.0]]
[2020.04.09-15.51.20:059][  0]LogConfig: Setting CVar [[grass.DensityScale:1.0]]
[2020.04.09-15.51.20:059][  0]LogConfig: Applying CVar settings from Section [Startup] File [../../../Engine/Config/ConsoleVariables.ini]
[2020.04.09-15.51.20:060][  0]LogConfig: Setting CVar [[net.UseAdaptiveNetUpdateFrequency:0]]
[2020.04.09-15.51.20:060][  0]LogConfig: Setting CVar [[p.chaos.AllowCreatePhysxBodies:1]]
[2020.04.09-15.51.20:060][  0]LogConfig: Applying CVar settings from Section [ConsoleVariables] File [E:/SeniorProject/PollutionProject/SeniorProject/Saved/Config/Windows/Engine.ini]
[2020.04.09-15.51.20:060][  0]LogInit: Computer: GREGSPC
[2020.04.09-15.51.20:060][  0]LogInit: User: Gregory
[2020.04.09-15.51.20:060][  0]LogInit: CPU Page size=4096, Cores=4
[2020.04.09-15.51.20:060][  0]LogInit: High frequency timer resolution =10.000000 MHz
[2020.04.09-15.51.20:061][  0]LogMemory: Memory total: Physical=15.9GB (16GB approx)
[2020.04.09-15.51.20:061][  0]LogMemory: Platform Memory Stats for Windows
[2020.04.09-15.51.20:061][  0]LogMemory: Process Physical Memory: 102.47 MB used, 102.47 MB peak
[2020.04.09-15.51.20:061][  0]LogMemory: Process Virtual Memory: 104.16 MB used, 104.16 MB peak
[2020.04.09-15.51.20:061][  0]LogMemory: Physical Memory: 11366.73 MB used,  4956.61 MB free, 16323.34 MB total
[2020.04.09-15.51.20:061][  0]LogMemory: Virtual Memory: 4670.20 MB used,  134213056.00 MB free, 134217728.00 MB total
[2020.04.09-15.51.20:953][  0]LogInit: Using OS detected language (en-US).
[2020.04.09-15.51.20:953][  0]LogInit: Using OS detected locale (en-US).
[2020.04.09-15.51.20:953][  0]LogTextLocalizationManager: No specific localization for 'en-US' exists, so the 'en' localization will be used.
[2020.04.09-15.51.21:523][  0]LogInit: Setting process to per monitor DPI aware
[2020.04.09-15.51.21:725][  0]LogSlate: New Slate User Created.  User Index 0, Is Virtual User: 0
[2020.04.09-15.51.21:725][  0]LogSlate: Slate User Registered.  User Index 0, Is Virtual User: 0
[2020.04.09-15.51.24:826][  0]LogHMD: Failed to initialize OpenVR with code 126
[2020.04.09-15.51.24:827][  0]LogD3D11RHI: D3D11 adapters:
[2020.04.09-15.51.24:950][  0]LogD3D11RHI:    0. 'NVIDIA GeForce RTX 2080' (Feature Level 11_0)
[2020.04.09-15.51.24:950][  0]LogD3D11RHI:       8010/0/8161 MB DedicatedVideo/DedicatedSystem/SharedSystem, Outputs:4, VendorId:0x10de
[2020.04.09-15.51.25:031][  0]LogD3D11RHI:    1. 'Microsoft Basic Render Driver' (Feature Level 11_0)
[2020.04.09-15.51.25:031][  0]LogD3D11RHI:       0/0/8161 MB DedicatedVideo/DedicatedSystem/SharedSystem, Outputs:0, VendorId:0x1414
[2020.04.09-15.51.25:031][  0]LogD3D11RHI: Chosen D3D11 Adapter: 0
[2020.04.09-15.51.25:045][  0]LogD3D11RHI: Creating new Direct3DDevice
[2020.04.09-15.51.25:045][  0]LogD3D11RHI:     GPU DeviceId: 0x1e87 (for the marketing name, search the web for "GPU Device Id")
[2020.04.09-15.51.25:045][  0]LogWindows: EnumDisplayDevices:
[2020.04.09-15.51.25:046][  0]LogWindows:    0. 'NVIDIA GeForce RTX 2080' (P:1 D:1)
[2020.04.09-15.51.25:047][  0]LogWindows:    1. 'NVIDIA GeForce RTX 2080' (P:0 D:1)
[2020.04.09-15.51.25:048][  0]LogWindows:    2. 'NVIDIA GeForce RTX 2080' (P:0 D:1)
[2020.04.09-15.51.25:048][  0]LogWindows:    3. 'NVIDIA GeForce RTX 2080' (P:0 D:1)
[2020.04.09-15.51.25:048][  0]LogWindows: DebugString: FoundDriverCount:4 
[2020.04.09-15.51.25:048][  0]LogD3D11RHI:     Adapter Name: NVIDIA GeForce RTX 2080
[2020.04.09-15.51.25:049][  0]LogD3D11RHI:   Driver Version: 432.00 (internal:26.21.14.3200, unified:432.00)
[2020.04.09-15.51.25:049][  0]LogD3D11RHI:      Driver Date: 7-24-2019
[2020.04.09-15.51.25:049][  0]LogRHI: Texture pool is 5607 MB (70% of 8010 MB)
[2020.04.09-15.51.25:115][  0]LogD3D11RHI: Async texture creation enabled
[2020.04.09-15.51.25:143][  0]LogRendererCore: FGlobalReadBuffer::InitRHI
[2020.04.09-15.51.25:144][  0]LogRendererCore: FGlobalReadBuffer::InitRHI
[2020.04.09-15.51.25:144][  0]LogRendererCore: FGlobalReadBuffer::InitRHI
[2020.04.09-15.51.25:152][  0]LogD3D11RHI: GPU Timing Frequency: 1000.000000 (Debug: 2 1)
[2020.04.09-15.51.25:738][  0]LogTemp: Display: Module 'AllDesktopTargetPlatform' loaded TargetPlatform 'AllDesktop'
[2020.04.09-15.51.25:810][  0]LogTemp: Display: Module 'MacClientTargetPlatform' loaded TargetPlatform 'MacClient'
[2020.04.09-15.51.25:875][  0]LogTemp: Display: Module 'MacNoEditorTargetPlatform' loaded TargetPlatform 'MacNoEditor'
[2020.04.09-15.51.25:956][  0]LogTemp: Display: Module 'MacServerTargetPlatform' loaded TargetPlatform 'MacServer'
[2020.04.09-15.51.26:078][  0]LogTemp: Display: Module 'MacTargetPlatform' loaded TargetPlatform 'Mac'
[2020.04.09-15.51.26:145][  0]LogTemp: Display: Module 'WindowsClientTargetPlatform' loaded TargetPlatform 'WindowsClient'
[2020.04.09-15.51.26:201][  0]LogTemp: Display: Module 'WindowsNoEditorTargetPlatform' loaded TargetPlatform 'WindowsNoEditor'
[2020.04.09-15.51.26:303][  0]LogTemp: Display: Module 'WindowsServerTargetPlatform' loaded TargetPlatform 'WindowsServer'
[2020.04.09-15.51.26:405][  0]LogTemp: Display: Module 'WindowsTargetPlatform' loaded TargetPlatform 'Windows'
[2020.04.09-15.51.26:560][  0]LogTemp: Display: Module 'AndroidTargetPlatform' loaded TargetPlatform 'Android'
[2020.04.09-15.51.26:560][  0]LogTemp: Display: Module 'AndroidTargetPlatform' loaded TargetPlatform 'Android_ASTC'
[2020.04.09-15.51.26:560][  0]LogTemp: Display: Module 'AndroidTargetPlatform' loaded TargetPlatform 'Android_ATC'
[2020.04.09-15.51.26:560][  0]LogTemp: Display: Module 'AndroidTargetPlatform' loaded TargetPlatform 'Android_DXT'
[2020.04.09-15.51.26:560][  0]LogTemp: Display: Module 'AndroidTargetPlatform' loaded TargetPlatform 'Android_ETC1'
[2020.04.09-15.51.26:560][  0]LogTemp: Display: Module 'AndroidTargetPlatform' loaded TargetPlatform 'Android_ETC1a'
[2020.04.09-15.51.26:560][  0]LogTemp: Display: Module 'AndroidTargetPlatform' loaded TargetPlatform 'Android_ETC2'
[2020.04.09-15.51.26:560][  0]LogTemp: Display: Module 'AndroidTargetPlatform' loaded TargetPlatform 'Android_PVRTC'
[2020.04.09-15.51.26:560][  0]LogTemp: Display: Module 'AndroidTargetPlatform' loaded TargetPlatform 'AndroidClient'
[2020.04.09-15.51.26:560][  0]LogTemp: Display: Module 'AndroidTargetPlatform' loaded TargetPlatform 'Android_ASTCClient'
[2020.04.09-15.51.26:560][  0]LogTemp: Display: Module 'AndroidTargetPlatform' loaded TargetPlatform 'Android_ATCClient'
[2020.04.09-15.51.26:561][  0]LogTemp: Display: Module 'AndroidTargetPlatform' loaded TargetPlatform 'Android_DXTClient'
[2020.04.09-15.51.26:561][  0]LogTemp: Display: Module 'AndroidTargetPlatform' loaded TargetPlatform 'Android_ETC1Client'
[2020.04.09-15.51.26:561][  0]LogTemp: Display: Module 'AndroidTargetPlatform' loaded TargetPlatform 'Android_ETC1aClient'
[2020.04.09-15.51.26:561][  0]LogTemp: Display: Module 'AndroidTargetPlatform' loaded TargetPlatform 'Android_ETC2Client'
[2020.04.09-15.51.26:561][  0]LogTemp: Display: Module 'AndroidTargetPlatform' loaded TargetPlatform 'Android_PVRTCClient'
[2020.04.09-15.51.26:561][  0]LogTemp: Display: Module 'AndroidTargetPlatform' loaded TargetPlatform 'Android_Multi'
[2020.04.09-15.51.26:561][  0]LogTemp: Display: Module 'AndroidTargetPlatform' loaded TargetPlatform 'Android_MultiClient'
[2020.04.09-15.51.26:607][  0]LogTemp: Display: Module 'HTML5TargetPlatform' loaded TargetPlatform 'HTML5'
[2020.04.09-15.51.26:823][  0]LogTemp: Display: Module 'IOSTargetPlatform' loaded TargetPlatform 'IOSClient'
[2020.04.09-15.51.26:823][  0]LogTemp: Display: Module 'IOSTargetPlatform' loaded TargetPlatform 'IOS'
[2020.04.09-15.51.26:868][  0]LogTemp: Display: Module 'TVOSTargetPlatform' loaded TargetPlatform 'TVOSClient'
[2020.04.09-15.51.26:869][  0]LogTemp: Display: Module 'TVOSTargetPlatform' loaded TargetPlatform 'TVOS'
[2020.04.09-15.51.26:920][  0]LogTemp: Display: Module 'LinuxClientTargetPlatform' loaded TargetPlatform 'LinuxClient'
[2020.04.09-15.51.26:961][  0]LogTemp: Display: Module 'LinuxNoEditorTargetPlatform' loaded TargetPlatform 'LinuxNoEditor'
[2020.04.09-15.51.27:010][  0]LogTemp: Display: Module 'LinuxServerTargetPlatform' loaded TargetPlatform 'LinuxServer'
[2020.04.09-15.51.27:063][  0]LogTemp: Display: Module 'LinuxTargetPlatform' loaded TargetPlatform 'Linux'
[2020.04.09-15.51.27:154][  0]LogTemp: Display: Module 'LuminTargetPlatform' loaded TargetPlatform 'Lumin'
[2020.04.09-15.51.27:154][  0]LogTemp: Display: Module 'LuminTargetPlatform' loaded TargetPlatform 'LuminClient'
[2020.04.09-15.51.27:154][  0]LogTargetPlatformManager: Display: Building Assets For Windows
[2020.04.09-15.51.27:283][  0]LogAudioDebug: Display: Lib vorbis DLL was dynamically loaded.
[2020.04.09-15.51.28:482][  0]LogShaderCompilers: Guid format shader working directory is 0 characters bigger than the processId version (E:/SeniorProject/PollutionProject/SeniorProject/Intermediate/Shaders/WorkingDirectory/17600/).
[2020.04.09-15.51.28:483][  0]LogShaderCompilers: Cleaned the shader compiler working directory 'C:/Users/Gregory/AppData/Local/Temp/UnrealShaderWorkingDir/14EF355F49CB80975E94A4AF1EEA521D/'.
[2020.04.09-15.51.28:494][  0]LogXGEController: Cleaning working directory: C:/Users/Gregory/AppData/Local/Temp/UnrealXGEWorkingDir/
[2020.04.09-15.51.28:495][  0]LogXGEController: Cannot use XGE Controller as Incredibuild is not installed on this machine.
[2020.04.09-15.51.28:495][  0]LogShaderCompilers: Cannot use XGE Shader Compiler as Incredibuild is not installed on this machine.
[2020.04.09-15.51.28:495][  0]LogShaderCompilers: Display: Using Local Shader Compiler.
[2020.04.09-15.51.32:623][  0]LogDerivedDataCache: Display: Max Cache Size: 512 MB
[2020.04.09-15.51.33:548][  0]LogDerivedDataCache: Loaded boot cache 0.92s 73MB C:/Users/Gregory/AppData/Local/UnrealEngine/4.22/DerivedDataCache/Boot.ddc.
[2020.04.09-15.51.33:548][  0]LogDerivedDataCache: Display: Loaded Boot cache: C:/Users/Gregory/AppData/Local/UnrealEngine/4.22/DerivedDataCache/Boot.ddc
[2020.04.09-15.51.33:548][  0]LogDerivedDataCache: FDerivedDataBackendGraph:  Pak pak cache file E:/SeniorProject/PollutionProject/SeniorProject/DerivedDataCache/DDC.ddp not found, will not use a pak cache.
[2020.04.09-15.51.33:548][  0]LogDerivedDataCache: Unable to find inner node Pak for hierarchical cache Hierarchy.
[2020.04.09-15.51.33:548][  0]LogDerivedDataCache: FDerivedDataBackendGraph:  CompressedPak pak cache file E:/SeniorProject/PollutionProject/SeniorProject/DerivedDataCache/Compressed.ddp not found, will not use a pak cache.
[2020.04.09-15.51.33:548][  0]LogDerivedDataCache: Unable to find inner node CompressedPak for hierarchical cache Hierarchy.
[2020.04.09-15.51.33:559][  0]LogDerivedDataCache: Display: Pak cache opened for reading ../../../Engine/DerivedDataCache/Compressed.ddp.
[2020.04.09-15.51.33:576][  0]LogDerivedDataCache: Display: Pak cache opened for reading ../../../Enterprise/DerivedDataCache/Compressed.ddp.
[2020.04.09-15.51.33:589][  0]LogDerivedDataCache: Using Local data cache path C:/Users/Gregory/AppData/Local/UnrealEngine/Common/DerivedDataCache: Writable
[2020.04.09-15.51.33:589][  0]LogDerivedDataCache: Shared data cache path not found in *engine.ini, will not use an Shared cache.
[2020.04.09-15.51.33:589][  0]LogDerivedDataCache: Unable to find inner node Shared for hierarchical cache Hierarchy.
[2020.04.09-15.51.33:609][  0]LogMaterial: Verifying Global Shaders for PCD3D_SM5
[2020.04.09-15.51.33:621][  0]LogSlate: Using FreeType 2.6.0
[2020.04.09-15.51.33:622][  0]LogSlate: SlateFontServices - WITH_FREETYPE: 1, WITH_HARFBUZZ: 1
[2020.04.09-15.51.34:028][  0]LogAssetRegistry: FAssetRegistry took 0.0379 seconds to start up
[2020.04.09-15.51.34:588][  0]LogInit: Selected Device Profile: [Windows]
[2020.04.09-15.51.35:942][  0]LogMeshReduction: Using QuadricMeshReduction for automatic static mesh reduction
[2020.04.09-15.51.35:942][  0]LogMeshReduction: Using SimplygonMeshReduction for automatic skeletal mesh reduction
[2020.04.09-15.51.35:943][  0]LogMeshReduction: Using ProxyLODMeshReduction for automatic mesh merging
[2020.04.09-15.51.35:943][  0]LogMeshReduction: No distributed automatic mesh merging module available
[2020.04.09-15.51.35:943][  0]LogMeshMerging: No distributed automatic mesh merging module available
[2020.04.09-15.51.35:956][  0]LogNetVersion: SeniorProject 1.0.0, NetCL: 5660361, EngineNetVer: 10, GameNetVer: 0 (Checksum: 993350713)
[2020.04.09-15.51.37:120][  0]LogPackageLocalizationCache: Processed 16 localized package path(s) for 1 prioritized culture(s) in 0.064321 seconds
[2020.04.09-15.51.37:125][  0]LogUObjectArray: 42205 objects as part of root set at end of initial load.
[2020.04.09-15.51.37:125][  0]LogUObjectAllocator: 7325032 out of 0 bytes used by permanent object pool.
[2020.04.09-15.51.37:125][  0]LogUObjectArray: CloseDisregardForGC: 0/0 objects in disregard for GC pool
[2020.04.09-15.52.00:821][  0]LogTcpMessaging: Initializing TcpMessaging bridge
[2020.04.09-15.52.00:918][  0]LogUdpMessaging: Initializing bridge on interface 0.0.0.0:0 to multicast group 230.0.0.1:6666.
[2020.04.09-15.52.01:527][  0]LogOutputDevice: Error: Ensure condition failed: AttachmentRules.LocationRule == EAttachmentRule::KeepRelative && AttachmentRules.RotationRule == EAttachmentRule::KeepRelative && AttachmentRules.ScaleRule == EAttachmentRule::KeepRelative [File:D:\Build\++UE4\Sync\Engine\Source\Runtime\Engine\Private\Components\SceneComponent.cpp] [Line: 1786] 
AttachToComponent when called from a constructor is only setting up attachment and will always be treated as KeepRelative. Consider calling SetupAttachment directly instead.

[2020.04.09-15.52.01:527][  0]LogStats:             FDebug::EnsureFailed -  0.000 s
[2020.04.09-15.52.13:998][  0]SourceControl: Source control is disabled
[2020.04.09-15.52.18:482][  0]LogAndroidPermission: UAndroidPermissionCallbackProxy::GetInstance
[2020.04.09-15.52.19:223][  0]LogOcInput: OculusInput pre-init called
[2020.04.09-15.52.23:367][  0]LogWindows: Failed to load 'libalias_api.dll' (GetLastError=126)
[2020.04.09-15.52.23:367][  0]LogWindows: File 'libalias_api.dll' does not exist
[2020.04.09-15.52.23:371][  0]LogWindows: Failed to load 'libalias_api.dll' (GetLastError=126)
[2020.04.09-15.52.23:371][  0]LogWindows: File 'libalias_api.dll' does not exist
[2020.04.09-15.52.23:917][  0]LogEngine: Initializing Engine...
[2020.04.09-15.52.23:967][  0]LogHMD: Failed to initialize OpenVR with code 126
[2020.04.09-15.52.23:968][  0]LogStats: UGameplayTagsManager::InitializeManager -  0.000 s
[2020.04.09-15.52.24:220][  0]LogInit: Initializing FReadOnlyCVARCache
[2020.04.09-15.52.24:371][  0]LogAIModule: Creating AISystem for world Untitled
[2020.04.09-15.52.24:549][  0]LogInit: XAudio2 using 'Headset Earphone (2- Corsair HS70 Wireless Gaming Headset)' : 2 channels at 48 kHz using 16 bits per sample (channel mask 0x3)
[2020.04.09-15.52.24:636][  0]LogInit: FAudioDevice initialized.
[2020.04.09-15.52.24:637][  0]LogNetVersion: Set ProjectVersion to 1.0.0.0. Version Checksum will be recalculated on next use.
[2020.04.09-15.52.24:868][  0]LogDerivedDataCache: Saved boot cache 0.23s 73MB C:/Users/Gregory/AppData/Local/UnrealEngine/4.22/DerivedDataCache/Boot.ddc.
[2020.04.09-15.52.24:882][  0]LogInit: Texture streaming: Enabled
[2020.04.09-15.52.25:216][  0]LogEngineSessionManager: EngineSessionManager initialized
[2020.04.09-15.52.25:217][  0]LogEngineSessionManager: EngineSessionManager sent abnormal shutdown report. Type=Crashed, SessionId={F7646FBC-41FD-B9F2-EF4B-A48FAEFD03B0}
[2020.04.09-15.52.25:380][  0]LogInit: Transaction tracking system initialized
[2020.04.09-15.52.25:834][  0]BlueprintLog: New page: Editor Load
[2020.04.09-15.52.28:109][  0]LocalizationService: Localization service is disabled
[2020.04.09-15.52.29:846][  0]LogFileCache: Scanning file cache for directory 'E:/SeniorProject/PollutionProject/SeniorProject/Content/' took 0.02s
[2020.04.09-15.52.29:851][  0]LogCook: Display: Max memory allowance for cook 16384mb min free memory 0mb
[2020.04.09-15.52.29:852][  0]LogCook: Display: Mobile HDR setting 1
[2020.04.09-15.52.35:223][  0]Cmd: MAP LOAD FILE="E:/SeniorProject/PollutionProject/SeniorProject/Content/Levels/GreyBoxLVL4.umap" TEMPLATE=0 SHOWPROGRESS=1 FEATURELEVEL=3
[2020.04.09-15.52.35:223][  0]LightingResults: New page: Lighting Build
[2020.04.09-15.52.35:267][  0]MapCheck: New page: Map Check
[2020.04.09-15.52.35:267][  0]LightingResults: New page: Lighting Build
[2020.04.09-15.52.35:288][  0]LogUObjectHash: Compacting FUObjectHashTables data took   1.83ms
[2020.04.09-15.52.36:528][  0]LogLinker: Warning: Asset 'E:/SeniorProject/PollutionProject/SeniorProject/Content/Materials/MF_ConvolveTexture.uasset' has been saved with empty engine version. The asset will be loaded but may be incompatible.
[2020.04.09-15.52.36:529][  0]LogLinker: Warning: Asset 'E:/SeniorProject/PollutionProject/SeniorProject/Content/Materials/MF_ExtractDepth.uasset' has been saved with empty engine version. The asset will be loaded but may be incompatible.
[2020.04.09-15.52.36:529][  0]LogLinker: Warning: Asset 'E:/SeniorProject/PollutionProject/SeniorProject/Content/Materials/MF_SampleSceneTextureNeighbourUVs.uasset' has been saved with empty engine version. The asset will be loaded but may be incompatible.
[2020.04.09-15.53.00:184][  0]LogAIModule: Creating AISystem for world GreyBoxLVL4
[2020.04.09-15.53.03:625][  0]LogEditorServer: Finished looking for orphan Actors (0.001 secs)
[2020.04.09-15.53.03:795][  0]LogUObjectHash: Compacting FUObjectHashTables data took   3.82ms
[2020.04.09-15.53.03:808][  0]Cmd: MAP CHECKDEP NOCLEARLOG
[2020.04.09-15.53.03:809][  0]MapCheck: Map check complete: 0 Error(s), 0 Warning(s), took 0.709ms to complete.
[2020.04.09-15.53.03:809][  0]LogFileHelpers: Loading map 'GreyBoxLVL4' took 28.586
[2020.04.09-15.53.04:203][  0]LogSlate: Updating window title bar state: overlay mode, drag disabled, window buttons hidden, title bar hidden
[2020.04.09-15.53.04:214][  0]LogSlate: Updating window title bar state: overlay mode, drag disabled, window buttons hidden, title bar hidden
[2020.04.09-15.53.04:224][  0]LogSlate: Updating window title bar state: overlay mode, drag disabled, window buttons hidden, title bar hidden
[2020.04.09-15.53.04:236][  0]LogSlate: Updating window title bar state: overlay mode, drag disabled, window buttons hidden, title bar hidden
[2020.04.09-15.53.04:315][  0]LogCollectionManager: Loaded 0 collections in 0.003561 seconds
[2020.04.09-15.53.04:375][  0]LogFileCache: Scanning file cache for directory 'E:/SeniorProject/PollutionProject/SeniorProject/Saved/Collections/' took 0.01s
[2020.04.09-15.53.04:376][  0]LogFileCache: Scanning file cache for directory 'E:/SeniorProject/PollutionProject/SeniorProject/Content/Developers/Gregory/Collections/' took 0.01s
[2020.04.09-15.53.04:376][  0]LogFileCache: Scanning file cache for directory 'E:/SeniorProject/PollutionProject/SeniorProject/Content/Collections/' took 0.00s
[2020.04.09-15.53.04:376][  0]LogCollectionManager: Rebuilt the GUID cache for 0 collections in 0.000002 seconds
[2020.04.09-15.53.04:390][  0]LogContentBrowser: Native class hierarchy populated in 0.0133 seconds. Added 2876 classes and 729 folders.
[2020.04.09-15.53.04:406][  0]LogContentBrowser: Native class hierarchy updated for 'WidgetCarousel' in 0.0003 seconds. Added 0 classes and 0 folders.
[2020.04.09-15.53.04:435][  0]LogPakFile: Registered encryption key '00000000000000000000000000000000': 0 pak files mounted, 0 remain pending
[2020.04.09-15.53.04:487][  0]LogPakFile: Registered encryption key '00000000000000000000000000000000': 0 pak files mounted, 0 remain pending
[2020.04.09-15.53.04:518][  0]LogPakFile: Registered encryption key '00000000000000000000000000000000': 0 pak files mounted, 0 remain pending
[2020.04.09-15.53.04:534][  0]LogPakFile: Registered encryption key '00000000000000000000000000000000': 0 pak files mounted, 0 remain pending
[2020.04.09-15.53.04:550][  0]LogPakFile: Registered encryption key '00000000000000000000000000000000': 0 pak files mounted, 0 remain pending
[2020.04.09-15.53.04:566][  0]LogPakFile: Registered encryption key '00000000000000000000000000000000': 0 pak files mounted, 0 remain pending
[2020.04.09-15.53.04:587][  0]LogPakFile: Registered encryption key '00000000000000000000000000000000': 0 pak files mounted, 0 remain pending
[2020.04.09-15.53.04:604][  0]LogPakFile: Registered encryption key '00000000000000000000000000000000': 0 pak files mounted, 0 remain pending
[2020.04.09-15.53.04:622][  0]LogPakFile: Registered encryption key '00000000000000000000000000000000': 0 pak files mounted, 0 remain pending
[2020.04.09-15.53.04:652][  0]LogPakFile: Registered encryption key '00000000000000000000000000000000': 0 pak files mounted, 0 remain pending
[2020.04.09-15.53.04:707][  0]LogPakFile: Registered encryption key '00000000000000000000000000000000': 0 pak files mounted, 0 remain pending
[2020.04.09-15.53.04:723][  0]LogPakFile: Registered encryption key '00000000000000000000000000000000': 0 pak files mounted, 0 remain pending
[2020.04.09-15.53.04:733][  0]LogPakFile: Registered encryption key '00000000000000000000000000000000': 0 pak files mounted, 0 remain pending
[2020.04.09-15.53.04:748][  0]LogPakFile: Registered encryption key '00000000000000000000000000000000': 0 pak files mounted, 0 remain pending
[2020.04.09-15.53.04:760][  0]LogPakFile: Registered encryption key '00000000000000000000000000000000': 0 pak files mounted, 0 remain pending
[2020.04.09-15.53.04:779][  0]LogPakFile: Registered encryption key '00000000000000000000000000000000': 0 pak files mounted, 0 remain pending
[2020.04.09-15.53.04:817][  0]LogPakFile: Registered encryption key '00000000000000000000000000000000': 0 pak files mounted, 0 remain pending
[2020.04.09-15.53.04:822][  0]LogPakFile: Registered encryption key '00000000000000000000000000000000': 0 pak files mounted, 0 remain pending
[2020.04.09-15.53.04:854][  0]LogPakFile: Registered encryption key '00000000000000000000000000000000': 0 pak files mounted, 0 remain pending
[2020.04.09-15.53.04:864][  0]LogPakFile: Registered encryption key '00000000000000000000000000000000': 0 pak files mounted, 0 remain pending
[2020.04.09-15.53.04:884][  0]LogPakFile: Registered encryption key '00000000000000000000000000000000': 0 pak files mounted, 0 remain pending
[2020.04.09-15.53.04:899][  0]LogPakFile: Registered encryption key '00000000000000000000000000000000': 0 pak files mounted, 0 remain pending
[2020.04.09-15.53.04:920][  0]LogPakFile: Registered encryption key '00000000000000000000000000000000': 0 pak files mounted, 0 remain pending
[2020.04.09-15.53.04:941][  0]LogPakFile: Registered encryption key '00000000000000000000000000000000': 0 pak files mounted, 0 remain pending
[2020.04.09-15.53.04:955][  0]LogPakFile: Registered encryption key '00000000000000000000000000000000': 0 pak files mounted, 0 remain pending
[2020.04.09-15.53.04:973][  0]LogPakFile: Registered encryption key '00000000000000000000000000000000': 0 pak files mounted, 0 remain pending
[2020.04.09-15.53.04:986][  0]LogPakFile: Registered encryption key '00000000000000000000000000000000': 0 pak files mounted, 0 remain pending
[2020.04.09-15.53.04:999][  0]LogPakFile: Registered encryption key '00000000000000000000000000000000': 0 pak files mounted, 0 remain pending
[2020.04.09-15.53.06:391][  0]LogContentBrowser: Native class hierarchy updated for 'AddContentDialog' in 0.0003 seconds. Added 0 classes and 0 folders.
[2020.04.09-15.53.06:409][  0]LogContentBrowser: Native class hierarchy updated for 'SceneOutliner' in 0.0003 seconds. Added 1 classes and 0 folders.
[2020.04.09-15.53.06:483][  0]LogSlate: Took 0.000213 seconds to synchronously load lazily loaded font '../../../Engine/Content/Slate/Fonts/Roboto-Regular.ttf' (155K)
[2020.04.09-15.53.06:487][  0]LogSlate: Took 0.000422 seconds to synchronously load lazily loaded font '../../../Engine/Content/Slate/Fonts/Roboto-Bold.ttf' (160K)
[2020.04.09-15.53.06:522][  0]LogSlate: Took 0.025818 seconds to synchronously load lazily loaded font '../../../Engine/Content/Editor/Slate/Fonts/FontAwesome.ttf' (139K)
[2020.04.09-15.53.06:630][  0]LogRenderer: Reallocating scene render targets to support 1176x580 Format 10 NumSamples 1 (Frame:1).
[2020.04.09-15.53.06:722][  0]LogStaticMesh: Allocated 512x413x64 distance field atlas = 25.8Mb, with 169 objects containing 23.1Mb backing data
[2020.04.09-15.53.07:312][  0]LogContentBrowser: Native class hierarchy updated for 'HierarchicalLODOutliner' in 0.0003 seconds. Added 0 classes and 0 folders.
[2020.04.09-15.53.07:312][  0]LogLoad: (Engine Initialization) Total time: 112.75 seconds
[2020.04.09-15.53.07:312][  0]LogLoad: (Engine Initialization) Total Blueprint compile time: 0.00 seconds
[2020.04.09-15.53.07:391][  0]LogContentStreaming: Texture pool size now 1000 MB
[2020.04.09-15.53.07:507][  0]LogSlate: Took 0.078760 seconds to synchronously load lazily loaded font '../../../Engine/Content/Slate/Fonts/Roboto-Light.ttf' (167K)
[2020.04.09-15.53.07:590][  1]LogAssetRegistry: Asset discovery search completed in 93.5883 seconds
[2020.04.09-15.53.07:593][  1]LogCollectionManager: Rebuilt the object cache for 0 collections in 0.000000 seconds (found 0 objects)
[2020.04.09-15.53.07:593][  1]LogCollectionManager: Fixed up redirectors for 0 collections in 0.000178 seconds (updated 0 objects)
[2020.04.09-15.53.12:543][225]LogFileCache: Retrieving MD5 hashes for directory 'E:/SeniorProject/PollutionProject/SeniorProject/Content/' took 5.21s
[2020.04.09-15.53.13:910][254]LogSlate: FSceneViewport::OnFocusLost() reason 0
[2020.04.09-15.53.44:987][122]LogTemp: Repeating last play command: Selected Viewport
[2020.04.09-15.53.45:024][122]LogBlueprintUserMessages: Early PlayInEditor Detection: Level '/Game/Levels/GreyBoxLVL4.GreyBoxLVL4:PersistentLevel' has LevelScriptBlueprint '/Game/Levels/GreyBoxLVL4.GreyBoxLVL4:PersistentLevel.GreyBoxLVL4' with GeneratedClass '/Game/Levels/GreyBoxLVL4.GreyBoxLVL4_C' with ClassGeneratedBy '/Game/Levels/GreyBoxLVL4.GreyBoxLVL4:PersistentLevel.GreyBoxLVL4'
[2020.04.09-15.53.45:025][122]LogPlayLevel: PlayLevel: No blueprints needed recompiling
[2020.04.09-15.53.45:088][122]PIE: New page: PIE session: GreyBoxLVL4 (Apr 9, 2020, 7:53:45 AM)
[2020.04.09-15.53.45:138][122]LogPlayLevel: Creating play world package: /Game/Levels/UEDPIE_0_GreyBoxLVL4
[2020.04.09-15.53.45:648][122]LogPlayLevel: PIE: StaticDuplicateObject took: (0.509710s)
[2020.04.09-15.53.45:649][122]LogAIModule: Creating AISystem for world GreyBoxLVL4
[2020.04.09-15.53.45:650][122]LogPlayLevel: PIE: World Init took: (0.001440s)
[2020.04.09-15.53.45:651][122]LogPlayLevel: PIE: Created PIE world by copying editor world from /Game/Levels/GreyBoxLVL4.GreyBoxLVL4 to /Game/Levels/UEDPIE_0_GreyBoxLVL4.GreyBoxLVL4 (0.512906s)
[2020.04.09-15.53.45:678][122]LogUObjectHash: Compacting FUObjectHashTables data took   1.62ms
[2020.04.09-15.53.45:850][122]LogInit: XAudio2 using 'Headset Earphone (2- Corsair HS70 Wireless Gaming Headset)' : 2 channels at 48 kHz using 16 bits per sample (channel mask 0x3)
[2020.04.09-15.53.45:871][122]LogInit: FAudioDevice initialized.
[2020.04.09-15.53.46:089][122]LogLoad: Game class is 'FirstPersonGameMode_C'
[2020.04.09-15.53.46:371][122]LogWorld: Bringing World /Game/Levels/UEDPIE_0_GreyBoxLVL4.GreyBoxLVL4 up for play (max tick rate 0) at 2020.04.09-11.53.46
[2020.04.09-15.53.46:484][122]LogWorld: Bringing up level for play took: 0.362092
[2020.04.09-15.53.46:580][122]LogContentBrowser: Native class hierarchy updated for 'MovieSceneCapture' in 0.0004 seconds. Added 20 classes and 0 folders.
[2020.04.09-15.53.46:602][122]LogScript: Warning: Script Msg: Attempted to access index 0 from array 'CallFunc_GetAllActorsOfClass_OutActors' of length 0 in '/Game/BP/Checkpoint.Checkpoint_C:ExecuteUbergraph_Checkpoint'!
[2020.04.09-15.53.46:602][122]LogScript: Warning: Script Msg: Attempted to access index 0 from array 'CallFunc_GetAllActorsOfClass_OutActors' of length 0 in '/Game/BP/Checkpoint.Checkpoint_C:ExecuteUbergraph_Checkpoint'!
[2020.04.09-15.53.46:602][122]LogScript: Warning: Script Msg: Attempted to access index 0 from array 'CallFunc_GetAllActorsOfClass_OutActors' of length 0 in '/Game/BP/OutroTrigger.OutroTrigger_C:ExecuteUbergraph_OutroTrigger'!
[2020.04.09-15.53.46:602][122]LogScript: Warning: Script Msg: Attempted to access index 0 from array 'CallFunc_GetAllActorsOfClass_OutActors' of length 0 in '/Game/BP/Respawn.Respawn_C:ExecuteUbergraph_Respawn'!
[2020.04.09-15.53.46:603][122]LogScript: Warning: Script Msg: Attempted to access index 0 from array 'CallFunc_GetAllActorsOfClass_OutActors' of length 0 in '/Game/BP/Respawn.Respawn_C:ExecuteUbergraph_Respawn'!
[2020.04.09-15.53.46:605][122]LogScript: Warning: Script Msg: Attempted to access index 0 from array 'CallFunc_GetAllActorsOfClass_OutActors' of length 0 in '/Game/Materials/FinishStopper.FinishStopper_C:ExecuteUbergraph_FinishStopper'!
[2020.04.09-15.53.46:610][122]PIE: Play in editor start time for /Game/Levels/UEDPIE_0_GreyBoxLVL4 1.395
[2020.04.09-15.53.46:611][122]LogBlueprintUserMessages: Late PlayInEditor Detection: Level '/Game/Levels/GreyBoxLVL4.GreyBoxLVL4:PersistentLevel' has LevelScriptBlueprint '/Game/Levels/GreyBoxLVL4.GreyBoxLVL4:PersistentLevel.GreyBoxLVL4' with GeneratedClass '/Game/Levels/GreyBoxLVL4.GreyBoxLVL4_C' with ClassGeneratedBy '/Game/Levels/GreyBoxLVL4.GreyBoxLVL4:PersistentLevel.GreyBoxLVL4'
[2020.04.09-15.53.48:543][223]LogBlueprintUserMessages: Early EndPlayMap Detection: Level '/Game/Levels/GreyBoxLVL4.GreyBoxLVL4:PersistentLevel' has LevelScriptBlueprint '/Game/Levels/GreyBoxLVL4.GreyBoxLVL4:PersistentLevel.GreyBoxLVL4' with GeneratedClass '/Game/Levels/GreyBoxLVL4.GreyBoxLVL4_C' with ClassGeneratedBy '/Game/Levels/GreyBoxLVL4.GreyBoxLVL4:PersistentLevel.GreyBoxLVL4'
[2020.04.09-15.53.48:556][223]LogSlate: Updating window title bar state: overlay mode, drag disabled, window buttons hidden, title bar hidden
[2020.04.09-15.53.48:651][223]LogPlayLevel: Display: Shutting down PIE online subsystems
[2020.04.09-15.53.48:652][223]LogBlueprintUserMessages: Late EndPlayMap Detection: Level '/Game/Levels/GreyBoxLVL4.GreyBoxLVL4:PersistentLevel' has LevelScriptBlueprint '/Game/Levels/GreyBoxLVL4.GreyBoxLVL4:PersistentLevel.GreyBoxLVL4' with GeneratedClass '/Game/Levels/GreyBoxLVL4.GreyBoxLVL4_C' with ClassGeneratedBy '/Game/Levels/GreyBoxLVL4.GreyBoxLVL4:PersistentLevel.GreyBoxLVL4'
[2020.04.09-15.53.48:686][223]LogSlate: Updating window title bar state: overlay mode, drag disabled, window buttons hidden, title bar hidden
[2020.04.09-15.53.48:767][223]LogUObjectHash: Compacting FUObjectHashTables data took   3.92ms
[2020.04.09-15.53.48:821][224]LogPlayLevel: Display: Destroying online subsystem :Context_2
[2020.04.09-15.53.49:538][275]LogSlate: FSceneViewport::OnFocusLost() reason 0
[2020.04.09-15.53.59:956][739]LogSlate: FSceneViewport::OnFocusLost() reason 0
[2020.04.09-15.54.00:056][742]LogTemp: Repeating last play command: Selected Viewport
[2020.04.09-15.54.00:088][742]LogBlueprintUserMessages: Early PlayInEditor Detection: Level '/Game/Levels/GreyBoxLVL4.GreyBoxLVL4:PersistentLevel' has LevelScriptBlueprint '/Game/Levels/GreyBoxLVL4.GreyBoxLVL4:PersistentLevel.GreyBoxLVL4' with GeneratedClass '/Game/Levels/GreyBoxLVL4.GreyBoxLVL4_C' with ClassGeneratedBy '/Game/Levels/GreyBoxLVL4.GreyBoxLVL4:PersistentLevel.GreyBoxLVL4'
[2020.04.09-15.54.00:088][742]LogPlayLevel: PlayLevel: No blueprints needed recompiling
[2020.04.09-15.54.00:089][742]PIE: New page: PIE session: GreyBoxLVL4 (Apr 9, 2020, 7:54:00 AM)
[2020.04.09-15.54.00:089][742]LogPlayLevel: Creating play world package: /Game/Levels/UEDPIE_0_GreyBoxLVL4
[2020.04.09-15.54.00:460][742]LogPlayLevel: PIE: StaticDuplicateObject took: (0.370942s)
[2020.04.09-15.54.00:461][742]LogAIModule: Creating AISystem for world GreyBoxLVL4
[2020.04.09-15.54.00:461][742]LogPlayLevel: PIE: World Init took: (0.000788s)
[2020.04.09-15.54.00:462][742]LogPlayLevel: PIE: Created PIE world by copying editor world from /Game/Levels/GreyBoxLVL4.GreyBoxLVL4 to /Game/Levels/UEDPIE_0_GreyBoxLVL4.GreyBoxLVL4 (0.373206s)
[2020.04.09-15.54.00:487][742]LogUObjectHash: Compacting FUObjectHashTables data took   1.76ms
[2020.04.09-15.54.00:638][742]LogInit: XAudio2 using 'Headset Earphone (2- Corsair HS70 Wireless Gaming Headset)' : 2 channels at 48 kHz using 16 bits per sample (channel mask 0x3)
[2020.04.09-15.54.00:657][742]LogInit: FAudioDevice initialized.
[2020.04.09-15.54.00:695][742]LogLoad: Game class is 'FirstPersonGameMode_C'
[2020.04.09-15.54.00:912][742]LogWorld: Bringing World /Game/Levels/UEDPIE_0_GreyBoxLVL4.GreyBoxLVL4 up for play (max tick rate 0) at 2020.04.09-11.54.00
[2020.04.09-15.54.00:920][742]LogWorld: Bringing up level for play took: 0.224910
[2020.04.09-15.54.00:934][742]LogScript: Warning: Script Msg: Attempted to access index 0 from array 'CallFunc_GetAllActorsOfClass_OutActors' of length 0 in '/Game/BP/Checkpoint.Checkpoint_C:ExecuteUbergraph_Checkpoint'!
[2020.04.09-15.54.00:935][742]LogScript: Warning: Script Msg: Attempted to access index 0 from array 'CallFunc_GetAllActorsOfClass_OutActors' of length 0 in '/Game/BP/Checkpoint.Checkpoint_C:ExecuteUbergraph_Checkpoint'!
[2020.04.09-15.54.00:935][742]LogScript: Warning: Script Msg: Attempted to access index 0 from array 'CallFunc_GetAllActorsOfClass_OutActors' of length 0 in '/Game/BP/OutroTrigger.OutroTrigger_C:ExecuteUbergraph_OutroTrigger'!
[2020.04.09-15.54.00:935][742]LogScript: Warning: Script Msg: Attempted to access index 0 from array 'CallFunc_GetAllActorsOfClass_OutActors' of length 0 in '/Game/BP/Respawn.Respawn_C:ExecuteUbergraph_Respawn'!
[2020.04.09-15.54.00:935][742]LogScript: Warning: Script Msg: Attempted to access index 0 from array 'CallFunc_GetAllActorsOfClass_OutActors' of length 0 in '/Game/BP/Respawn.Respawn_C:ExecuteUbergraph_Respawn'!
[2020.04.09-15.54.00:938][742]LogScript: Warning: Script Msg: Attempted to access index 0 from array 'CallFunc_GetAllActorsOfClass_OutActors' of length 0 in '/Game/Materials/FinishStopper.FinishStopper_C:ExecuteUbergraph_FinishStopper'!
[2020.04.09-15.54.00:940][742]PIE: Play in editor start time for /Game/Levels/UEDPIE_0_GreyBoxLVL4 1.726
[2020.04.09-15.54.00:942][742]LogBlueprintUserMessages: Late PlayInEditor Detection: Level '/Game/Levels/GreyBoxLVL4.GreyBoxLVL4:PersistentLevel' has LevelScriptBlueprint '/Game/Levels/GreyBoxLVL4.GreyBoxLVL4:PersistentLevel.GreyBoxLVL4' with GeneratedClass '/Game/Levels/GreyBoxLVL4.GreyBoxLVL4_C' with ClassGeneratedBy '/Game/Levels/GreyBoxLVL4.GreyBoxLVL4:PersistentLevel.GreyBoxLVL4'
[2020.04.09-15.55.04:070][294]PIE: Warning: Mobility of /Game/Levels/UEDPIE_0_GreyBoxLVL4.GreyBoxLVL4:PersistentLevel.FlashLight_BluePrint : StaticMeshComponent0 has to be 'Movable' if you'd like to move. 
[2020.04.09-15.55.04:292][294]PIE: Warning: Mobility of /Game/Levels/UEDPIE_0_GreyBoxLVL4.GreyBoxLVL4:PersistentLevel.FlashLight_BluePrint : StaticMeshComponent0 has to be 'Movable' if you'd like to move. 
[2020.04.09-15.55.41:272][759]LogSlate: FSceneViewport::OnFocusLost() reason 2
