Log file open, 01/10/20 17:23:53
LogWindows: Failed to load 'aqProf.dll' (GetLastError=126)
LogWindows: File 'aqProf.dll' does not exist
LogWindows: Failed to load 'VtuneApi.dll' (GetLastError=126)
LogWindows: File 'VtuneApi.dll' does not exist
LogWindows: Failed to load 'VtuneApi32e.dll' (GetLastError=126)
LogWindows: File 'VtuneApi32e.dll' does not exist
LogConsoleResponse: Display: Failed to find resolution value strings in scalability ini. Falling back to default.
LogInit: Display: Running engine for game: SeniorProject
LogPakFile: Registered encryption key '00000000000000000000000000000000': 0 pak files mounted, 0 remain pending
LogPlatformFile: Not using cached read wrapper
LogTaskGraph: Started task graph with 5 named threads and 23 total threads with 3 sets of task threads.
LogStats: Stats thread started at 0.646632
LogD3D11RHI: Loaded GFSDK_Aftermath_Lib.x64.dll
LogICUInternationalization: ICU TimeZone Detection - Raw Offset: -5:00, Platform Override: ''
LogPluginManager: Mounting plugin Paper2D
LogPluginManager: Mounting plugin AISupport
LogPluginManager: Mounting plugin LightPropagationVolume
LogPluginManager: Mounting plugin ActorLayerUtilities
LogPluginManager: Mounting plugin AnimationSharing
LogPluginManager: Mounting plugin CLionSourceCodeAccess
LogPluginManager: Mounting plugin CodeLiteSourceCodeAccess
LogPluginManager: Mounting plugin GitSourceControl
LogPluginManager: Mounting plugin KDevelopSourceCodeAccess
LogPluginManager: Mounting plugin NullSourceCodeAccess
LogPluginManager: Mounting plugin PerforceSourceControl
LogPluginManager: Mounting plugin SubversionSourceControl
LogPluginManager: Mounting plugin UObjectPlugin
LogPluginManager: Mounting plugin VisualStudioCodeSourceCodeAccess
LogPluginManager: Mounting plugin VisualStudioSourceCodeAccess
LogPluginManager: Mounting plugin XCodeSourceCodeAccess
LogPluginManager: Mounting plugin AssetManagerEditor
LogPluginManager: Mounting plugin CryptoKeys
LogPluginManager: Mounting plugin DataValidation
LogPluginManager: Mounting plugin EditorScriptingUtilities
LogPluginManager: Mounting plugin FacialAnimation
LogPluginManager: Mounting plugin GameplayTagsEditor
LogPluginManager: Mounting plugin GLTFImporter
LogPluginManager: Mounting plugin MacGraphicsSwitching
LogPluginManager: Mounting plugin MaterialAnalyzer
LogPluginManager: Mounting plugin MeshEditor
LogPluginManager: Mounting plugin MobileLauncherProfileWizard
LogPluginManager: Mounting plugin PluginBrowser
LogPluginManager: Mounting plugin SpeedTreeImporter
LogPluginManager: Mounting plugin DatasmithContent
LogPluginManager: Mounting plugin VariantManagerContent
LogPluginManager: Mounting plugin AlembicImporter
LogPluginManager: Mounting plugin AppleImageUtils
LogPluginManager: Mounting plugin AppleVision
LogPluginManager: Mounting plugin BackChannel
LogPluginManager: Mounting plugin BlastPlugin
LogPluginManager: Mounting plugin ChaosSolverPlugin
LogPluginManager: Mounting plugin CharacterAI
LogPluginManager: Mounting plugin GeometryCache
LogPluginManager: Mounting plugin GeometryCollectionPlugin
LogPluginManager: Mounting plugin HTML5Networking
LogPluginManager: Mounting plugin ProxyLODPlugin
LogPluginManager: Mounting plugin SkeletalReduction
LogPluginManager: Mounting plugin MagicLeap
LogPluginManager: Mounting plugin MagicLeapMedia
LogPluginManager: Mounting plugin AndroidMedia
LogPluginManager: Mounting plugin AvfMedia
LogPluginManager: Mounting plugin ImgMedia
LogPluginManager: Mounting plugin LinearTimecode
LogPluginManager: Mounting plugin MediaCompositing
LogPluginManager: Mounting plugin MediaPlayerEditor
LogPluginManager: Mounting plugin WebMMedia
LogPluginManager: Mounting plugin WmfMedia
LogPluginManager: Mounting plugin TcpMessaging
LogPluginManager: Mounting plugin UdpMessaging
LogPluginManager: Mounting plugin ActorSequence
LogPluginManager: Mounting plugin LevelSequenceEditor
LogPluginManager: Mounting plugin MatineeToLevelSequence
LogPluginManager: Mounting plugin NetcodeUnitTest
LogPluginManager: Mounting plugin NUTUnrealEngine4
LogPluginManager: Mounting plugin OnlineSubsystemGooglePlay
LogPluginManager: Mounting plugin OnlineSubsystemIOS
LogPluginManager: Mounting plugin OnlineSubsystem
LogPluginManager: Mounting plugin OnlineSubsystemNull
LogPluginManager: Mounting plugin OnlineSubsystemUtils
LogPluginManager: Mounting plugin LauncherChunkInstaller
LogPluginManager: Mounting plugin AndroidDeviceProfileSelector
LogPluginManager: Mounting plugin AndroidMoviePlayer
LogPluginManager: Mounting plugin AndroidPermission
LogPluginManager: Mounting plugin AppleMoviePlayer
LogPluginManager: Mounting plugin ArchVisCharacter
LogPluginManager: Mounting plugin AudioCapture
LogPluginManager: Mounting plugin CableComponent
LogPluginManager: Mounting plugin CustomMeshComponent
LogPluginManager: Mounting plugin EditableMesh
LogPluginManager: Mounting plugin ExampleDeviceProfileSelector
LogPluginManager: Mounting plugin Firebase
LogPluginManager: Mounting plugin GoogleCloudMessaging
LogPluginManager: Mounting plugin IOSDeviceProfileSelector
LogPluginManager: Mounting plugin LinuxDeviceProfileSelector
LogPluginManager: Mounting plugin LocationServicesBPLibrary
LogPluginManager: Mounting plugin MobilePatchingUtils
LogPluginManager: Mounting plugin OculusVR
LogPluginManager: Mounting plugin PhysXVehicles
LogPluginManager: Mounting plugin ProceduralMeshComponent
LogPluginManager: Mounting plugin RuntimePhysXCooking
LogPluginManager: Mounting plugin SignificanceManager
LogPluginManager: Mounting plugin SteamVR
LogPluginManager: Mounting plugin WebMMoviePlayer
LogPluginManager: Mounting plugin WindowsMoviePlayer
LogPluginManager: Mounting plugin DatasmithCADImporter
LogPluginManager: Mounting plugin DatasmithDataPrepEditor
LogPluginManager: Mounting plugin DatasmithFBXImporter
LogPluginManager: Mounting plugin DatasmithGLTFImporter
LogPluginManager: Mounting plugin DatasmithImporter
LogPluginManager: Mounting plugin MDLImporter
LogPluginManager: Mounting plugin StaticMeshEditorExtension
LogPluginManager: Mounting plugin VariantManager
LogInit: Using libcurl 7.55.1-DEV
LogInit:  - built for x86_64-pc-win32
LogInit:  - supports SSL with OpenSSL/1.1.1
LogInit:  - supports HTTP deflate (compression) using libz 1.2.8
LogInit:  - other features:
LogInit:      CURL_VERSION_SSL
LogInit:      CURL_VERSION_LIBZ
LogInit:      CURL_VERSION_IPV6
LogInit:      CURL_VERSION_ASYNCHDNS
LogInit:      CURL_VERSION_LARGEFILE
LogInit:      CURL_VERSION_IDN
LogInit:  CurlRequestOptions (configurable via config and command line):
LogInit:  - bVerifyPeer = true  - Libcurl will verify peer certificate
LogInit:  - bUseHttpProxy = false  - Libcurl will NOT use HTTP proxy
LogInit:  - bDontReuseConnections = false  - Libcurl will reuse connections
LogInit:  - MaxHostConnections = 16  - Libcurl will limit the number of connections to a host
LogInit:  - LocalHostAddr = Default
LogInit:  - BufferSize = 65536
LogInit: WinSock: version 1.1 (2.2), MaxSocks=32767, MaxUdp=65467
LogHMD: Failed initializing OVRPlugin 1.32.0
LogInit: Build: ++UE4+Release-4.22-CL-7053642
LogInit: Engine Version: 4.22.3-7053642+++UE4+Release-4.22
LogInit: Compatible Engine Version: 4.22.0-5660361+++UE4+Release-4.22
LogInit: Net CL: 5660361
LogInit: OS: Windows 10 (Release 1903) (), CPU: Intel(R) Core(TM) i7-6700K CPU @ 4.00GHz, GPU: NVIDIA GeForce RTX 2080
LogInit: Compiled (64-bit): Jun 18 2019 03:09:11
LogInit: Compiled with Visual C++: 19.16.27025.01
LogInit: Build Configuration: Development
LogInit: Branch Name: ++UE4+Release-4.22
LogInit: Command Line:  -skipcompile
LogInit: Base Directory: C:/Program Files/Epic Games/UE_4.22/Engine/Binaries/Win64/
LogInit: Installed Engine Build: 1
LogDevObjectVersion: Number of dev versions registered: 23
LogDevObjectVersion:   Dev-Blueprints (B0D832E4-1F89-4F0D-ACCF-7EB736FD4AA2): 10
LogDevObjectVersion:   Dev-Build (E1C64328-A22C-4D53-A36C-8E866417BD8C): 0
LogDevObjectVersion:   Dev-Core (375EC13C-06E4-48FB-B500-84F0262A717E): 3
LogDevObjectVersion:   Dev-Editor (E4B068ED-F494-42E9-A231-DA0B2E46BB41): 30
LogDevObjectVersion:   Dev-Framework (CFFC743F-43B0-4480-9391-14DF171D2073): 35
LogDevObjectVersion:   Dev-Mobile (B02B49B5-BB20-44E9-A304-32B752E40360): 2
LogDevObjectVersion:   Dev-Networking (A4E4105C-59A1-49B5-A7C5-40C4547EDFEE): 0
LogDevObjectVersion:   Dev-Online (39C831C9-5AE6-47DC-9A44-9C173E1C8E7C): 0
LogDevObjectVersion:   Dev-Physics (78F01B33-EBEA-4F98-B9B4-84EACCB95AA2): 0
LogDevObjectVersion:   Dev-Platform (6631380F-2D4D-43E0-8009-CF276956A95A): 0
LogDevObjectVersion:   Dev-Rendering (12F88B9F-8875-4AFC-A67C-D90C383ABD29): 28
LogDevObjectVersion:   Dev-Sequencer (7B5AE74C-D270-4C10-A958-57980B212A5A): 11
LogDevObjectVersion:   Dev-VR (D7296918-1DD6-4BDD-9DE2-64A83CC13884): 2
LogDevObjectVersion:   Dev-LoadTimes (C2A15278-BFE7-4AFE-6C17-90FF531DF755): 1
LogDevObjectVersion:   Private-Geometry (6EACA3D4-40EC-4CC1-B786-8BED09428FC5): 3
LogDevObjectVersion:   Dev-AnimPhys (29E575DD-E0A3-4627-9D10-D276232CDCEA): 17
LogDevObjectVersion:   Dev-Anim (AF43A65D-7FD3-4947-9873-3E8ED9C1BB05): 2
LogDevObjectVersion:   Dev-ReflectionCapture (6B266CEC-1EC7-4B8F-A30B-E4D90942FC07): 1
LogDevObjectVersion:   Dev-Automation (0DF73D61-A23F-47EA-B727-89E90C41499A): 1
LogDevObjectVersion:   FortniteMain (601D1886-AC64-4F84-AA16-D3DE0DEAC7D6): 25
LogDevObjectVersion:   Dev-Enterprise (9DFFBCD6-494F-0158-E221-12823C92A888): 6
LogDevObjectVersion:   Dev-Niagara (F2AED0AC-9AFE-416F-8664-AA7FFA26D6FC): 1
LogDevObjectVersion:   Dev-Destruction (174F1F0B-B4C6-45A5-B13F-2EE8D0FB917D): 2
LogInit: Presizing for max 16777216 objects, including 0 objects not considered by GC, pre-allocating 0 bytes for permanent pool.
LogInit: Object subsystem initialized
LogConfig: Setting CVar [[con.DebugEarlyDefault:1]]
LogConfig: Setting CVar [[r.setres:1280x720]]
[2020.01.10-22.23.57:167][  0]LogConfig: Setting CVar [[r.VSync:0]]
[2020.01.10-22.23.57:167][  0]LogConfig: Setting CVar [[r.RHICmdBypass:0]]
[2020.01.10-22.23.57:167][  0]LogConfig: Applying CVar settings from Section [/Script/Engine.RendererSettings] File [E:/SeniorProject/PollutionProject/SeniorProject/Saved/Config/Windows/Engine.ini]
[2020.01.10-22.23.57:167][  0]LogConfig: Setting CVar [[r.GPUCrashDebugging:0]]
[2020.01.10-22.23.57:167][  0]LogConfig: Setting CVar [[r.DefaultFeature.AutoExposure.ExtendDefaultLuminanceRange:1]]
[2020.01.10-22.23.57:167][  0]LogConfig: Setting CVar [[r.GenerateMeshDistanceFields:1]]
[2020.01.10-22.23.57:167][  0]LogConfig: Applying CVar settings from Section [/Script/Engine.RendererOverrideSettings] File [E:/SeniorProject/PollutionProject/SeniorProject/Saved/Config/Windows/Engine.ini]
[2020.01.10-22.23.57:167][  0]LogConfig: Applying CVar settings from Section [/Script/Engine.StreamingSettings] File [E:/SeniorProject/PollutionProject/SeniorProject/Saved/Config/Windows/Engine.ini]
[2020.01.10-22.23.57:167][  0]LogConfig: Setting CVar [[s.MinBulkDataSizeForAsyncLoading:131072]]
[2020.01.10-22.23.57:167][  0]LogConfig: Setting CVar [[s.AsyncLoadingThreadEnabled:0]]
[2020.01.10-22.23.57:168][  0]LogConfig: Setting CVar [[s.EventDrivenLoaderEnabled:1]]
[2020.01.10-22.23.57:168][  0]LogConfig: Setting CVar [[s.WarnIfTimeLimitExceeded:0]]
[2020.01.10-22.23.57:168][  0]LogConfig: Setting CVar [[s.TimeLimitExceededMultiplier:1.5]]
[2020.01.10-22.23.57:168][  0]LogConfig: Setting CVar [[s.TimeLimitExceededMinTime:0.005]]
[2020.01.10-22.23.57:168][  0]LogConfig: Setting CVar [[s.UseBackgroundLevelStreaming:1]]
[2020.01.10-22.23.57:168][  0]LogConfig: Setting CVar [[s.PriorityAsyncLoadingExtraTime:15.0]]
[2020.01.10-22.23.57:168][  0]LogConfig: Setting CVar [[s.LevelStreamingActorsUpdateTimeLimit:5.0]]
[2020.01.10-22.23.57:168][  0]LogConfig: Setting CVar [[s.PriorityLevelStreamingActorsUpdateExtraTime:5.0]]
[2020.01.10-22.23.57:168][  0]LogConfig: Setting CVar [[s.LevelStreamingComponentsRegistrationGranularity:10]]
[2020.01.10-22.23.57:168][  0]LogConfig: Setting CVar [[s.UnregisterComponentsTimeLimit:1.0]]
[2020.01.10-22.23.57:168][  0]LogConfig: Setting CVar [[s.LevelStreamingComponentsUnregistrationGranularity:5]]
[2020.01.10-22.23.57:168][  0]LogConfig: Applying CVar settings from Section [/Script/Engine.GarbageCollectionSettings] File [E:/SeniorProject/PollutionProject/SeniorProject/Saved/Config/Windows/Engine.ini]
[2020.01.10-22.23.57:168][  0]LogConfig: Setting CVar [[gc.MaxObjectsNotConsideredByGC:1]]
[2020.01.10-22.23.57:168][  0]LogConfig: Setting CVar [[gc.SizeOfPermanentObjectPool:0]]
[2020.01.10-22.23.57:168][  0]LogConfig: Setting CVar [[gc.FlushStreamingOnGC:0]]
[2020.01.10-22.23.57:168][  0]LogConfig: Setting CVar [[gc.NumRetriesBeforeForcingGC:10]]
[2020.01.10-22.23.57:169][  0]LogConfig: Setting CVar [[gc.AllowParallelGC:1]]
[2020.01.10-22.23.57:169][  0]LogConfig: Setting CVar [[gc.TimeBetweenPurgingPendingKillObjects:61.1]]
[2020.01.10-22.23.57:169][  0]LogConfig: Setting CVar [[gc.MaxObjectsInEditor:16777216]]
[2020.01.10-22.23.57:169][  0]LogConfig: Setting CVar [[gc.IncrementalBeginDestroyEnabled:1]]
[2020.01.10-22.23.57:169][  0]LogConfig: Setting CVar [[gc.CreateGCClusters:1]]
[2020.01.10-22.23.57:169][  0]LogConfig: Setting CVar [[gc.MinGCClusterSize:5]]
[2020.01.10-22.23.57:169][  0]LogConfig: Setting CVar [[gc.ActorClusteringEnabled:0]]
[2020.01.10-22.23.57:169][  0]LogConfig: Setting CVar [[gc.BlueprintClusteringEnabled:0]]
[2020.01.10-22.23.57:169][  0]LogConfig: Setting CVar [[gc.UseDisregardForGCOnDedicatedServers:0]]
[2020.01.10-22.23.57:169][  0]LogConfig: Applying CVar settings from Section [/Script/Engine.NetworkSettings] File [E:/SeniorProject/PollutionProject/SeniorProject/Saved/Config/Windows/Engine.ini]
[2020.01.10-22.23.57:170][  0]LogConfig: Applying CVar settings from Section [/Script/UnrealEd.CookerSettings] File [E:/SeniorProject/PollutionProject/SeniorProject/Saved/Config/Windows/Engine.ini]
[2020.01.10-22.23.57:208][  0]LogConfig: Applying CVar settings from Section [ViewDistanceQuality@3] File [E:/SeniorProject/PollutionProject/SeniorProject/Saved/Config/Windows/Scalability.ini]
[2020.01.10-22.23.57:208][  0]LogConfig: Setting CVar [[r.SkeletalMeshLODBias:0]]
[2020.01.10-22.23.57:208][  0]LogConfig: Setting CVar [[r.ViewDistanceScale:1.0]]
[2020.01.10-22.23.57:208][  0]LogConfig: Applying CVar settings from Section [AntiAliasingQuality@3] File [E:/SeniorProject/PollutionProject/SeniorProject/Saved/Config/Windows/Scalability.ini]
[2020.01.10-22.23.57:208][  0]LogConfig: Setting CVar [[r.PostProcessAAQuality:4]]
[2020.01.10-22.23.57:209][  0]LogConfig: Applying CVar settings from Section [ShadowQuality@3] File [E:/SeniorProject/PollutionProject/SeniorProject/Saved/Config/Windows/Scalability.ini]
[2020.01.10-22.23.57:209][  0]LogConfig: Setting CVar [[r.LightFunctionQuality:1]]
[2020.01.10-22.23.57:209][  0]LogConfig: Setting CVar [[r.ShadowQuality:5]]
[2020.01.10-22.23.57:209][  0]LogConfig: Setting CVar [[r.Shadow.CSM.MaxCascades:10]]
[2020.01.10-22.23.57:209][  0]LogConfig: Setting CVar [[r.Shadow.MaxResolution:2048]]
[2020.01.10-22.23.57:209][  0]LogConfig: Setting CVar [[r.Shadow.MaxCSMResolution:2048]]
[2020.01.10-22.23.57:209][  0]LogConfig: Setting CVar [[r.Shadow.RadiusThreshold:0.01]]
[2020.01.10-22.23.57:209][  0]LogConfig: Setting CVar [[r.Shadow.DistanceScale:1.0]]
[2020.01.10-22.23.57:209][  0]LogConfig: Setting CVar [[r.Shadow.CSM.TransitionScale:1.0]]
[2020.01.10-22.23.57:209][  0]LogConfig: Setting CVar [[r.Shadow.PreShadowResolutionFactor:1.0]]
[2020.01.10-22.23.57:209][  0]LogConfig: Setting CVar [[r.DistanceFieldShadowing:1]]
[2020.01.10-22.23.57:209][  0]LogConfig: Setting CVar [[r.DistanceFieldAO:1]]
[2020.01.10-22.23.57:209][  0]LogConfig: Setting CVar [[r.AOQuality:2]]
[2020.01.10-22.23.57:209][  0]LogConfig: Setting CVar [[r.VolumetricFog:1]]
[2020.01.10-22.23.57:209][  0]LogConfig: Setting CVar [[r.VolumetricFog.GridPixelSize:8]]
[2020.01.10-22.23.57:210][  0]LogConfig: Setting CVar [[r.VolumetricFog.GridSizeZ:128]]
[2020.01.10-22.23.57:210][  0]LogConfig: Setting CVar [[r.VolumetricFog.HistoryMissSupersampleCount:4]]
[2020.01.10-22.23.57:210][  0]LogConfig: Setting CVar [[r.LightMaxDrawDistanceScale:1]]
[2020.01.10-22.23.57:210][  0]LogConfig: Setting CVar [[r.CapsuleShadows:1]]
[2020.01.10-22.23.57:210][  0]LogConfig: Applying CVar settings from Section [PostProcessQuality@3] File [E:/SeniorProject/PollutionProject/SeniorProject/Saved/Config/Windows/Scalability.ini]
[2020.01.10-22.23.57:210][  0]LogConfig: Setting CVar [[r.MotionBlurQuality:4]]
[2020.01.10-22.23.57:210][  0]LogConfig: Setting CVar [[r.AmbientOcclusionMipLevelFactor:0.4]]
[2020.01.10-22.23.57:210][  0]LogConfig: Setting CVar [[r.AmbientOcclusionMaxQuality:100]]
[2020.01.10-22.23.57:210][  0]LogConfig: Setting CVar [[r.AmbientOcclusionLevels:-1]]
[2020.01.10-22.23.57:210][  0]LogConfig: Setting CVar [[r.AmbientOcclusionRadiusScale:1.0]]
[2020.01.10-22.23.57:210][  0]LogConfig: Setting CVar [[r.DepthOfFieldQuality:2]]
[2020.01.10-22.23.57:210][  0]LogConfig: Setting CVar [[r.RenderTargetPoolMin:400]]
[2020.01.10-22.23.57:210][  0]LogConfig: Setting CVar [[r.LensFlareQuality:2]]
[2020.01.10-22.23.57:210][  0]LogConfig: Setting CVar [[r.SceneColorFringeQuality:1]]
[2020.01.10-22.23.57:210][  0]LogConfig: Setting CVar [[r.EyeAdaptationQuality:2]]
[2020.01.10-22.23.57:210][  0]LogConfig: Setting CVar [[r.BloomQuality:5]]
[2020.01.10-22.23.57:210][  0]LogConfig: Setting CVar [[r.FastBlurThreshold:100]]
[2020.01.10-22.23.57:210][  0]LogConfig: Setting CVar [[r.Upscale.Quality:3]]
[2020.01.10-22.23.57:211][  0]LogConfig: Setting CVar [[r.Tonemapper.GrainQuantization:1]]
[2020.01.10-22.23.57:211][  0]LogConfig: Setting CVar [[r.LightShaftQuality:1]]
[2020.01.10-22.23.57:211][  0]LogConfig: Setting CVar [[r.Filter.SizeScale:1]]
[2020.01.10-22.23.57:211][  0]LogConfig: Setting CVar [[r.Tonemapper.Quality:5]]
[2020.01.10-22.23.57:211][  0]LogConfig: Setting CVar [[r.DOF.Gather.AccumulatorQuality:1        ; higher gathering accumulator quality]]
[2020.01.10-22.23.57:211][  0]LogConfig: Setting CVar [[r.DOF.Gather.PostfilterMethod:1          ; Median3x3 postfilering method]]
[2020.01.10-22.23.57:211][  0]LogConfig: Setting CVar [[r.DOF.Gather.EnableBokehSettings:0       ; no bokeh simulation when gathering]]
[2020.01.10-22.23.57:211][  0]LogConfig: Setting CVar [[r.DOF.Gather.RingCount:4                 ; medium number of samples when gathering]]
[2020.01.10-22.23.57:211][  0]LogConfig: Setting CVar [[r.DOF.Scatter.ForegroundCompositing:1    ; additive foreground scattering]]
[2020.01.10-22.23.57:211][  0]LogConfig: Setting CVar [[r.DOF.Scatter.BackgroundCompositing:2    ; additive background scattering]]
[2020.01.10-22.23.57:211][  0]LogConfig: Setting CVar [[r.DOF.Scatter.EnableBokehSettings:1      ; bokeh simulation when scattering]]
[2020.01.10-22.23.57:211][  0]LogConfig: Setting CVar [[r.DOF.Scatter.MaxSpriteRatio:0.1         ; only a maximum of 10% of scattered bokeh]]
[2020.01.10-22.23.57:211][  0]LogConfig: Setting CVar [[r.DOF.Recombine.Quality:1                ; cheap slight out of focus]]
[2020.01.10-22.23.57:211][  0]LogConfig: Setting CVar [[r.DOF.Recombine.EnableBokehSettings:0    ; no bokeh simulation on slight out of focus]]
[2020.01.10-22.23.57:211][  0]LogConfig: Setting CVar [[r.DOF.TemporalAAQuality:1                ; more stable temporal accumulation]]
[2020.01.10-22.23.57:211][  0]LogConfig: Setting CVar [[r.DOF.Kernel.MaxForegroundRadius:0.025]]
[2020.01.10-22.23.57:211][  0]LogConfig: Setting CVar [[r.DOF.Kernel.MaxBackgroundRadius:0.025]]
[2020.01.10-22.23.57:211][  0]LogConfig: Applying CVar settings from Section [TextureQuality@3] File [E:/SeniorProject/PollutionProject/SeniorProject/Saved/Config/Windows/Scalability.ini]
[2020.01.10-22.23.57:212][  0]LogConfig: Setting CVar [[r.Streaming.MipBias:0]]
[2020.01.10-22.23.57:212][  0]LogConfig: Setting CVar [[r.Streaming.AmortizeCPUToGPUCopy:0]]
[2020.01.10-22.23.57:212][  0]LogConfig: Setting CVar [[r.Streaming.MaxNumTexturesToStreamPerFrame:0]]
[2020.01.10-22.23.57:212][  0]LogConfig: Setting CVar [[r.Streaming.Boost:1]]
[2020.01.10-22.23.57:212][  0]LogConfig: Setting CVar [[r.MaxAnisotropy:8]]
[2020.01.10-22.23.57:212][  0]LogConfig: Setting CVar [[r.Streaming.LimitPoolSizeToVRAM:0]]
[2020.01.10-22.23.57:212][  0]LogConfig: Setting CVar [[r.Streaming.PoolSize:1000]]
[2020.01.10-22.23.57:212][  0]LogConfig: Setting CVar [[r.Streaming.MaxEffectiveScreenSize:0]]
[2020.01.10-22.23.57:212][  0]LogConfig: Applying CVar settings from Section [EffectsQuality@3] File [E:/SeniorProject/PollutionProject/SeniorProject/Saved/Config/Windows/Scalability.ini]
[2020.01.10-22.23.57:212][  0]LogConfig: Setting CVar [[r.TranslucencyLightingVolumeDim:64]]
[2020.01.10-22.23.57:212][  0]LogConfig: Setting CVar [[r.RefractionQuality:2]]
[2020.01.10-22.23.57:212][  0]LogConfig: Setting CVar [[r.SSR.Quality:3]]
[2020.01.10-22.23.57:212][  0]LogConfig: Setting CVar [[r.SceneColorFormat:4]]
[2020.01.10-22.23.57:212][  0]LogConfig: Setting CVar [[r.DetailMode:2]]
[2020.01.10-22.23.57:212][  0]LogConfig: Setting CVar [[r.TranslucencyVolumeBlur:1]]
[2020.01.10-22.23.57:212][  0]LogConfig: Setting CVar [[r.MaterialQualityLevel:1 ; High quality]]
[2020.01.10-22.23.57:212][  0]LogConfig: Setting CVar [[r.SSS.Scale:1]]
[2020.01.10-22.23.57:212][  0]LogConfig: Setting CVar [[r.SSS.SampleSet:2]]
[2020.01.10-22.23.57:212][  0]LogConfig: Setting CVar [[r.SSS.Quality:1]]
[2020.01.10-22.23.57:212][  0]LogConfig: Setting CVar [[r.SSS.HalfRes:1]]
[2020.01.10-22.23.57:212][  0]LogConfig: Setting CVar [[r.EmitterSpawnRateScale:1.0]]
[2020.01.10-22.23.57:212][  0]LogConfig: Setting CVar [[r.ParticleLightQuality:2]]
[2020.01.10-22.23.57:213][  0]LogConfig: Applying CVar settings from Section [FoliageQuality@3] File [E:/SeniorProject/PollutionProject/SeniorProject/Saved/Config/Windows/Scalability.ini]
[2020.01.10-22.23.57:213][  0]LogConfig: Setting CVar [[foliage.DensityScale:1.0]]
[2020.01.10-22.23.57:213][  0]LogConfig: Setting CVar [[grass.DensityScale:1.0]]
[2020.01.10-22.23.57:213][  0]LogInit: Selected Device Profile: [Windows]
[2020.01.10-22.23.57:213][  0]LogInit: Applying CVar settings loaded from the selected device profile: [Windows]
[2020.01.10-22.23.57:247][  0]LogHAL: Display: Platform has ~ 16 GB [17116258304 / 17179869184 / 16], which maps to Larger [LargestMinGB=32, LargerMinGB=12, DefaultMinGB=8, SmallerMinGB=6, SmallestMinGB=0)
[2020.01.10-22.23.57:247][  0]LogConfig: Setting CVar [[r.Vulkan.UseRealUBs:0		; Required until we fix HLR fall-out]]
[2020.01.10-22.23.57:247][  0]LogInit: Going up to parent DeviceProfile []
[2020.01.10-22.23.57:247][  0]LogConfig: Applying CVar settings from Section [ViewDistanceQuality@3] File [E:/SeniorProject/PollutionProject/SeniorProject/Saved/Config/Windows/Scalability.ini]
[2020.01.10-22.23.57:248][  0]LogConfig: Setting CVar [[r.SkeletalMeshLODBias:0]]
[2020.01.10-22.23.57:248][  0]LogConfig: Setting CVar [[r.ViewDistanceScale:1.0]]
[2020.01.10-22.23.57:248][  0]LogConfig: Applying CVar settings from Section [AntiAliasingQuality@3] File [E:/SeniorProject/PollutionProject/SeniorProject/Saved/Config/Windows/Scalability.ini]
[2020.01.10-22.23.57:248][  0]LogConfig: Setting CVar [[r.PostProcessAAQuality:4]]
[2020.01.10-22.23.57:248][  0]LogConfig: Applying CVar settings from Section [ShadowQuality@3] File [E:/SeniorProject/PollutionProject/SeniorProject/Saved/Config/Windows/Scalability.ini]
[2020.01.10-22.23.57:248][  0]LogConfig: Setting CVar [[r.LightFunctionQuality:1]]
[2020.01.10-22.23.57:248][  0]LogConfig: Setting CVar [[r.ShadowQuality:5]]
[2020.01.10-22.23.57:248][  0]LogConfig: Setting CVar [[r.Shadow.CSM.MaxCascades:10]]
[2020.01.10-22.23.57:248][  0]LogConfig: Setting CVar [[r.Shadow.MaxResolution:2048]]
[2020.01.10-22.23.57:248][  0]LogConfig: Setting CVar [[r.Shadow.MaxCSMResolution:2048]]
[2020.01.10-22.23.57:248][  0]LogConfig: Setting CVar [[r.Shadow.RadiusThreshold:0.01]]
[2020.01.10-22.23.57:248][  0]LogConfig: Setting CVar [[r.Shadow.DistanceScale:1.0]]
[2020.01.10-22.23.57:248][  0]LogConfig: Setting CVar [[r.Shadow.CSM.TransitionScale:1.0]]
[2020.01.10-22.23.57:248][  0]LogConfig: Setting CVar [[r.Shadow.PreShadowResolutionFactor:1.0]]
[2020.01.10-22.23.57:248][  0]LogConfig: Setting CVar [[r.DistanceFieldShadowing:1]]
[2020.01.10-22.23.57:249][  0]LogConfig: Setting CVar [[r.DistanceFieldAO:1]]
[2020.01.10-22.23.57:249][  0]LogConfig: Setting CVar [[r.AOQuality:2]]
[2020.01.10-22.23.57:249][  0]LogConfig: Setting CVar [[r.VolumetricFog:1]]
[2020.01.10-22.23.57:249][  0]LogConfig: Setting CVar [[r.VolumetricFog.GridPixelSize:8]]
[2020.01.10-22.23.57:249][  0]LogConfig: Setting CVar [[r.VolumetricFog.GridSizeZ:128]]
[2020.01.10-22.23.57:249][  0]LogConfig: Setting CVar [[r.VolumetricFog.HistoryMissSupersampleCount:4]]
[2020.01.10-22.23.57:249][  0]LogConfig: Setting CVar [[r.LightMaxDrawDistanceScale:1]]
[2020.01.10-22.23.57:249][  0]LogConfig: Setting CVar [[r.CapsuleShadows:1]]
[2020.01.10-22.23.57:249][  0]LogConfig: Applying CVar settings from Section [PostProcessQuality@3] File [E:/SeniorProject/PollutionProject/SeniorProject/Saved/Config/Windows/Scalability.ini]
[2020.01.10-22.23.57:249][  0]LogConfig: Setting CVar [[r.MotionBlurQuality:4]]
[2020.01.10-22.23.57:249][  0]LogConfig: Setting CVar [[r.AmbientOcclusionMipLevelFactor:0.4]]
[2020.01.10-22.23.57:249][  0]LogConfig: Setting CVar [[r.AmbientOcclusionMaxQuality:100]]
[2020.01.10-22.23.57:249][  0]LogConfig: Setting CVar [[r.AmbientOcclusionLevels:-1]]
[2020.01.10-22.23.57:249][  0]LogConfig: Setting CVar [[r.AmbientOcclusionRadiusScale:1.0]]
[2020.01.10-22.23.57:249][  0]LogConfig: Setting CVar [[r.DepthOfFieldQuality:2]]
[2020.01.10-22.23.57:249][  0]LogConfig: Setting CVar [[r.RenderTargetPoolMin:400]]
[2020.01.10-22.23.57:250][  0]LogConfig: Setting CVar [[r.LensFlareQuality:2]]
[2020.01.10-22.23.57:250][  0]LogConfig: Setting CVar [[r.SceneColorFringeQuality:1]]
[2020.01.10-22.23.57:250][  0]LogConfig: Setting CVar [[r.EyeAdaptationQuality:2]]
[2020.01.10-22.23.57:250][  0]LogConfig: Setting CVar [[r.BloomQuality:5]]
[2020.01.10-22.23.57:250][  0]LogConfig: Setting CVar [[r.FastBlurThreshold:100]]
[2020.01.10-22.23.57:250][  0]LogConfig: Setting CVar [[r.Upscale.Quality:3]]
[2020.01.10-22.23.57:250][  0]LogConfig: Setting CVar [[r.Tonemapper.GrainQuantization:1]]
[2020.01.10-22.23.57:250][  0]LogConfig: Setting CVar [[r.LightShaftQuality:1]]
[2020.01.10-22.23.57:250][  0]LogConfig: Setting CVar [[r.Filter.SizeScale:1]]
[2020.01.10-22.23.57:250][  0]LogConfig: Setting CVar [[r.Tonemapper.Quality:5]]
[2020.01.10-22.23.57:250][  0]LogConfig: Setting CVar [[r.DOF.Gather.AccumulatorQuality:1        ; higher gathering accumulator quality]]
[2020.01.10-22.23.57:250][  0]LogConfig: Setting CVar [[r.DOF.Gather.PostfilterMethod:1          ; Median3x3 postfilering method]]
[2020.01.10-22.23.57:250][  0]LogConfig: Setting CVar [[r.DOF.Gather.EnableBokehSettings:0       ; no bokeh simulation when gathering]]
[2020.01.10-22.23.57:251][  0]LogConfig: Setting CVar [[r.DOF.Gather.RingCount:4                 ; medium number of samples when gathering]]
[2020.01.10-22.23.57:251][  0]LogConfig: Setting CVar [[r.DOF.Scatter.ForegroundCompositing:1    ; additive foreground scattering]]
[2020.01.10-22.23.57:251][  0]LogConfig: Setting CVar [[r.DOF.Scatter.BackgroundCompositing:2    ; additive background scattering]]
[2020.01.10-22.23.57:251][  0]LogConfig: Setting CVar [[r.DOF.Scatter.EnableBokehSettings:1      ; bokeh simulation when scattering]]
[2020.01.10-22.23.57:251][  0]LogConfig: Setting CVar [[r.DOF.Scatter.MaxSpriteRatio:0.1         ; only a maximum of 10% of scattered bokeh]]
[2020.01.10-22.23.57:251][  0]LogConfig: Setting CVar [[r.DOF.Recombine.Quality:1                ; cheap slight out of focus]]
[2020.01.10-22.23.57:251][  0]LogConfig: Setting CVar [[r.DOF.Recombine.EnableBokehSettings:0    ; no bokeh simulation on slight out of focus]]
[2020.01.10-22.23.57:251][  0]LogConfig: Setting CVar [[r.DOF.TemporalAAQuality:1                ; more stable temporal accumulation]]
[2020.01.10-22.23.57:251][  0]LogConfig: Setting CVar [[r.DOF.Kernel.MaxForegroundRadius:0.025]]
[2020.01.10-22.23.57:251][  0]LogConfig: Setting CVar [[r.DOF.Kernel.MaxBackgroundRadius:0.025]]
[2020.01.10-22.23.57:251][  0]LogConfig: Applying CVar settings from Section [TextureQuality@3] File [E:/SeniorProject/PollutionProject/SeniorProject/Saved/Config/Windows/Scalability.ini]
[2020.01.10-22.23.57:251][  0]LogConfig: Setting CVar [[r.Streaming.MipBias:0]]
[2020.01.10-22.23.57:251][  0]LogConfig: Setting CVar [[r.Streaming.AmortizeCPUToGPUCopy:0]]
[2020.01.10-22.23.57:251][  0]LogConfig: Setting CVar [[r.Streaming.MaxNumTexturesToStreamPerFrame:0]]
[2020.01.10-22.23.57:251][  0]LogConfig: Setting CVar [[r.Streaming.Boost:1]]
[2020.01.10-22.23.57:251][  0]LogConfig: Setting CVar [[r.MaxAnisotropy:8]]
[2020.01.10-22.23.57:251][  0]LogConfig: Setting CVar [[r.Streaming.LimitPoolSizeToVRAM:0]]
[2020.01.10-22.23.57:252][  0]LogConfig: Setting CVar [[r.Streaming.PoolSize:1000]]
[2020.01.10-22.23.57:252][  0]LogConfig: Setting CVar [[r.Streaming.MaxEffectiveScreenSize:0]]
[2020.01.10-22.23.57:252][  0]LogConfig: Applying CVar settings from Section [EffectsQuality@3] File [E:/SeniorProject/PollutionProject/SeniorProject/Saved/Config/Windows/Scalability.ini]
[2020.01.10-22.23.57:252][  0]LogConfig: Setting CVar [[r.TranslucencyLightingVolumeDim:64]]
[2020.01.10-22.23.57:252][  0]LogConfig: Setting CVar [[r.RefractionQuality:2]]
[2020.01.10-22.23.57:252][  0]LogConfig: Setting CVar [[r.SSR.Quality:3]]
[2020.01.10-22.23.57:252][  0]LogConfig: Setting CVar [[r.SceneColorFormat:4]]
[2020.01.10-22.23.57:252][  0]LogConfig: Setting CVar [[r.DetailMode:2]]
[2020.01.10-22.23.57:252][  0]LogConfig: Setting CVar [[r.TranslucencyVolumeBlur:1]]
[2020.01.10-22.23.57:252][  0]LogConfig: Setting CVar [[r.MaterialQualityLevel:1 ; High quality]]
[2020.01.10-22.23.57:252][  0]LogConfig: Setting CVar [[r.SSS.Scale:1]]
[2020.01.10-22.23.57:252][  0]LogConfig: Setting CVar [[r.SSS.SampleSet:2]]
[2020.01.10-22.23.57:252][  0]LogConfig: Setting CVar [[r.SSS.Quality:1]]
[2020.01.10-22.23.57:252][  0]LogConfig: Setting CVar [[r.SSS.HalfRes:1]]
[2020.01.10-22.23.57:252][  0]LogConfig: Setting CVar [[r.EmitterSpawnRateScale:1.0]]
[2020.01.10-22.23.57:252][  0]LogConfig: Setting CVar [[r.ParticleLightQuality:2]]
[2020.01.10-22.23.57:253][  0]LogConfig: Applying CVar settings from Section [FoliageQuality@3] File [E:/SeniorProject/PollutionProject/SeniorProject/Saved/Config/Windows/Scalability.ini]
[2020.01.10-22.23.57:253][  0]LogConfig: Setting CVar [[foliage.DensityScale:1.0]]
[2020.01.10-22.23.57:253][  0]LogConfig: Setting CVar [[grass.DensityScale:1.0]]
[2020.01.10-22.23.57:253][  0]LogConfig: Applying CVar settings from Section [Startup] File [../../../Engine/Config/ConsoleVariables.ini]
[2020.01.10-22.23.57:253][  0]LogConfig: Setting CVar [[net.UseAdaptiveNetUpdateFrequency:0]]
[2020.01.10-22.23.57:253][  0]LogConfig: Setting CVar [[p.chaos.AllowCreatePhysxBodies:1]]
[2020.01.10-22.23.57:253][  0]LogConfig: Applying CVar settings from Section [ConsoleVariables] File [E:/SeniorProject/PollutionProject/SeniorProject/Saved/Config/Windows/Engine.ini]
[2020.01.10-22.23.57:253][  0]LogInit: Computer: GREGSPC
[2020.01.10-22.23.57:254][  0]LogInit: User: Gregory
[2020.01.10-22.23.57:254][  0]LogInit: CPU Page size=4096, Cores=4
[2020.01.10-22.23.57:254][  0]LogInit: High frequency timer resolution =10.000000 MHz
[2020.01.10-22.23.57:254][  0]LogMemory: Memory total: Physical=15.9GB (16GB approx)
[2020.01.10-22.23.57:254][  0]LogMemory: Platform Memory Stats for Windows
[2020.01.10-22.23.57:254][  0]LogMemory: Process Physical Memory: 104.02 MB used, 104.02 MB peak
[2020.01.10-22.23.57:254][  0]LogMemory: Process Virtual Memory: 107.21 MB used, 107.21 MB peak
[2020.01.10-22.23.57:254][  0]LogMemory: Physical Memory: 9001.40 MB used,  7321.93 MB free, 16323.34 MB total
[2020.01.10-22.23.57:254][  0]LogMemory: Virtual Memory: 4676.28 MB used,  134213048.00 MB free, 134217728.00 MB total
[2020.01.10-22.23.58:056][  0]LogInit: Using OS detected language (en-US).
[2020.01.10-22.23.58:056][  0]LogInit: Using OS detected locale (en-US).
[2020.01.10-22.23.58:056][  0]LogTextLocalizationManager: No specific localization for 'en-US' exists, so the 'en' localization will be used.
[2020.01.10-22.23.58:218][  0]LogInit: Setting process to per monitor DPI aware
[2020.01.10-22.23.58:413][  0]LogSlate: New Slate User Created.  User Index 0, Is Virtual User: 0
[2020.01.10-22.23.58:413][  0]LogSlate: Slate User Registered.  User Index 0, Is Virtual User: 0
[2020.01.10-22.23.58:822][  0]LogHMD: Failed to initialize OpenVR with code 126
[2020.01.10-22.23.58:822][  0]LogD3D11RHI: D3D11 adapters:
[2020.01.10-22.23.58:931][  0]LogD3D11RHI:    0. 'NVIDIA GeForce RTX 2080' (Feature Level 11_0)
[2020.01.10-22.23.58:932][  0]LogD3D11RHI:       8010/0/8161 MB DedicatedVideo/DedicatedSystem/SharedSystem, Outputs:4, VendorId:0x10de
[2020.01.10-22.23.58:978][  0]LogD3D11RHI:    1. 'Microsoft Basic Render Driver' (Feature Level 11_0)
[2020.01.10-22.23.58:978][  0]LogD3D11RHI:       0/0/8161 MB DedicatedVideo/DedicatedSystem/SharedSystem, Outputs:0, VendorId:0x1414
[2020.01.10-22.23.58:978][  0]LogD3D11RHI: Chosen D3D11 Adapter: 0
[2020.01.10-22.23.58:987][  0]LogD3D11RHI: Creating new Direct3DDevice
[2020.01.10-22.23.58:987][  0]LogD3D11RHI:     GPU DeviceId: 0x1e87 (for the marketing name, search the web for "GPU Device Id")
[2020.01.10-22.23.58:987][  0]LogWindows: EnumDisplayDevices:
[2020.01.10-22.23.58:987][  0]LogWindows:    0. 'NVIDIA GeForce RTX 2080' (P:1 D:1)
[2020.01.10-22.23.58:988][  0]LogWindows:    1. 'NVIDIA GeForce RTX 2080' (P:0 D:1)
[2020.01.10-22.23.58:988][  0]LogWindows:    2. 'NVIDIA GeForce RTX 2080' (P:0 D:1)
[2020.01.10-22.23.58:989][  0]LogWindows:    3. 'NVIDIA GeForce RTX 2080' (P:0 D:1)
[2020.01.10-22.23.58:989][  0]LogWindows: DebugString: FoundDriverCount:4 
[2020.01.10-22.23.58:989][  0]LogD3D11RHI:     Adapter Name: NVIDIA GeForce RTX 2080
[2020.01.10-22.23.58:989][  0]LogD3D11RHI:   Driver Version: 432.00 (internal:26.21.14.3200, unified:432.00)
[2020.01.10-22.23.58:989][  0]LogD3D11RHI:      Driver Date: 7-24-2019
[2020.01.10-22.23.58:989][  0]LogRHI: Texture pool is 5607 MB (70% of 8010 MB)
[2020.01.10-22.23.59:042][  0]LogD3D11RHI: Async texture creation enabled
[2020.01.10-22.23.59:062][  0]LogRendererCore: FGlobalReadBuffer::InitRHI
[2020.01.10-22.23.59:063][  0]LogRendererCore: FGlobalReadBuffer::InitRHI
[2020.01.10-22.23.59:063][  0]LogRendererCore: FGlobalReadBuffer::InitRHI
[2020.01.10-22.23.59:075][  0]LogD3D11RHI: GPU Timing Frequency: 1000.000000 (Debug: 2 1)
[2020.01.10-22.23.59:634][  0]LogTemp: Display: Module 'AllDesktopTargetPlatform' loaded TargetPlatform 'AllDesktop'
[2020.01.10-22.23.59:689][  0]LogTemp: Display: Module 'MacClientTargetPlatform' loaded TargetPlatform 'MacClient'
[2020.01.10-22.23.59:747][  0]LogTemp: Display: Module 'MacNoEditorTargetPlatform' loaded TargetPlatform 'MacNoEditor'
[2020.01.10-22.23.59:859][  0]LogTemp: Display: Module 'MacServerTargetPlatform' loaded TargetPlatform 'MacServer'
[2020.01.10-22.23.59:935][  0]LogTemp: Display: Module 'MacTargetPlatform' loaded TargetPlatform 'Mac'
[2020.01.10-22.24.00:013][  0]LogTemp: Display: Module 'WindowsClientTargetPlatform' loaded TargetPlatform 'WindowsClient'
[2020.01.10-22.24.00:114][  0]LogTemp: Display: Module 'WindowsNoEditorTargetPlatform' loaded TargetPlatform 'WindowsNoEditor'
[2020.01.10-22.24.00:235][  0]LogTemp: Display: Module 'WindowsServerTargetPlatform' loaded TargetPlatform 'WindowsServer'
[2020.01.10-22.24.00:365][  0]LogTemp: Display: Module 'WindowsTargetPlatform' loaded TargetPlatform 'Windows'
[2020.01.10-22.24.00:549][  0]LogTemp: Display: Module 'AndroidTargetPlatform' loaded TargetPlatform 'Android'
[2020.01.10-22.24.00:549][  0]LogTemp: Display: Module 'AndroidTargetPlatform' loaded TargetPlatform 'Android_ASTC'
[2020.01.10-22.24.00:549][  0]LogTemp: Display: Module 'AndroidTargetPlatform' loaded TargetPlatform 'Android_ATC'
[2020.01.10-22.24.00:549][  0]LogTemp: Display: Module 'AndroidTargetPlatform' loaded TargetPlatform 'Android_DXT'
[2020.01.10-22.24.00:549][  0]LogTemp: Display: Module 'AndroidTargetPlatform' loaded TargetPlatform 'Android_ETC1'
[2020.01.10-22.24.00:549][  0]LogTemp: Display: Module 'AndroidTargetPlatform' loaded TargetPlatform 'Android_ETC1a'
[2020.01.10-22.24.00:550][  0]LogTemp: Display: Module 'AndroidTargetPlatform' loaded TargetPlatform 'Android_ETC2'
[2020.01.10-22.24.00:550][  0]LogTemp: Display: Module 'AndroidTargetPlatform' loaded TargetPlatform 'Android_PVRTC'
[2020.01.10-22.24.00:550][  0]LogTemp: Display: Module 'AndroidTargetPlatform' loaded TargetPlatform 'AndroidClient'
[2020.01.10-22.24.00:550][  0]LogTemp: Display: Module 'AndroidTargetPlatform' loaded TargetPlatform 'Android_ASTCClient'
[2020.01.10-22.24.00:550][  0]LogTemp: Display: Module 'AndroidTargetPlatform' loaded TargetPlatform 'Android_ATCClient'
[2020.01.10-22.24.00:550][  0]LogTemp: Display: Module 'AndroidTargetPlatform' loaded TargetPlatform 'Android_DXTClient'
[2020.01.10-22.24.00:550][  0]LogTemp: Display: Module 'AndroidTargetPlatform' loaded TargetPlatform 'Android_ETC1Client'
[2020.01.10-22.24.00:550][  0]LogTemp: Display: Module 'AndroidTargetPlatform' loaded TargetPlatform 'Android_ETC1aClient'
[2020.01.10-22.24.00:550][  0]LogTemp: Display: Module 'AndroidTargetPlatform' loaded TargetPlatform 'Android_ETC2Client'
[2020.01.10-22.24.00:550][  0]LogTemp: Display: Module 'AndroidTargetPlatform' loaded TargetPlatform 'Android_PVRTCClient'
[2020.01.10-22.24.00:550][  0]LogTemp: Display: Module 'AndroidTargetPlatform' loaded TargetPlatform 'Android_Multi'
[2020.01.10-22.24.00:550][  0]LogTemp: Display: Module 'AndroidTargetPlatform' loaded TargetPlatform 'Android_MultiClient'
[2020.01.10-22.24.00:575][  0]LogTemp: Display: Module 'HTML5TargetPlatform' loaded TargetPlatform 'HTML5'
[2020.01.10-22.24.00:786][  0]LogTemp: Display: Module 'IOSTargetPlatform' loaded TargetPlatform 'IOSClient'
[2020.01.10-22.24.00:786][  0]LogTemp: Display: Module 'IOSTargetPlatform' loaded TargetPlatform 'IOS'
[2020.01.10-22.24.00:833][  0]LogTemp: Display: Module 'TVOSTargetPlatform' loaded TargetPlatform 'TVOSClient'
[2020.01.10-22.24.00:833][  0]LogTemp: Display: Module 'TVOSTargetPlatform' loaded TargetPlatform 'TVOS'
[2020.01.10-22.24.00:867][  0]LogTemp: Display: Module 'LinuxClientTargetPlatform' loaded TargetPlatform 'LinuxClient'
[2020.01.10-22.24.00:931][  0]LogTemp: Display: Module 'LinuxNoEditorTargetPlatform' loaded TargetPlatform 'LinuxNoEditor'
[2020.01.10-22.24.00:968][  0]LogTemp: Display: Module 'LinuxServerTargetPlatform' loaded TargetPlatform 'LinuxServer'
[2020.01.10-22.24.01:045][  0]LogTemp: Display: Module 'LinuxTargetPlatform' loaded TargetPlatform 'Linux'
[2020.01.10-22.24.01:109][  0]LogTemp: Display: Module 'LuminTargetPlatform' loaded TargetPlatform 'Lumin'
[2020.01.10-22.24.01:109][  0]LogTemp: Display: Module 'LuminTargetPlatform' loaded TargetPlatform 'LuminClient'
[2020.01.10-22.24.01:109][  0]LogTargetPlatformManager: Display: Building Assets For Windows
[2020.01.10-22.24.01:241][  0]LogAudioDebug: Display: Lib vorbis DLL was dynamically loaded.
[2020.01.10-22.24.03:039][  0]LogShaderCompilers: Guid format shader working directory is 0 characters bigger than the processId version (E:/SeniorProject/PollutionProject/SeniorProject/Intermediate/Shaders/WorkingDirectory/19240/).
[2020.01.10-22.24.03:039][  0]LogShaderCompilers: Cleaned the shader compiler working directory 'C:/Users/Gregory/AppData/Local/Temp/UnrealShaderWorkingDir/9D001B014F2B7A42CBA8A2A2A75040B5/'.
[2020.01.10-22.24.03:042][  0]LogXGEController: Cleaning working directory: C:/Users/Gregory/AppData/Local/Temp/UnrealXGEWorkingDir/
[2020.01.10-22.24.03:042][  0]LogXGEController: Cannot use XGE Controller as Incredibuild is not installed on this machine.
[2020.01.10-22.24.03:042][  0]LogShaderCompilers: Cannot use XGE Shader Compiler as Incredibuild is not installed on this machine.
[2020.01.10-22.24.03:042][  0]LogShaderCompilers: Display: Using Local Shader Compiler.
[2020.01.10-22.24.08:366][  0]LogDerivedDataCache: Display: Max Cache Size: 512 MB
[2020.01.10-22.24.08:438][  0]LogDerivedDataCache: Loaded boot cache 0.07s 73MB C:/Users/Gregory/AppData/Local/UnrealEngine/4.22/DerivedDataCache/Boot.ddc.
[2020.01.10-22.24.08:438][  0]LogDerivedDataCache: Display: Loaded Boot cache: C:/Users/Gregory/AppData/Local/UnrealEngine/4.22/DerivedDataCache/Boot.ddc
[2020.01.10-22.24.08:439][  0]LogDerivedDataCache: FDerivedDataBackendGraph:  Pak pak cache file E:/SeniorProject/PollutionProject/SeniorProject/DerivedDataCache/DDC.ddp not found, will not use a pak cache.
[2020.01.10-22.24.08:439][  0]LogDerivedDataCache: Unable to find inner node Pak for hierarchical cache Hierarchy.
[2020.01.10-22.24.08:439][  0]LogDerivedDataCache: FDerivedDataBackendGraph:  CompressedPak pak cache file E:/SeniorProject/PollutionProject/SeniorProject/DerivedDataCache/Compressed.ddp not found, will not use a pak cache.
[2020.01.10-22.24.08:439][  0]LogDerivedDataCache: Unable to find inner node CompressedPak for hierarchical cache Hierarchy.
[2020.01.10-22.24.08:450][  0]LogDerivedDataCache: Display: Pak cache opened for reading ../../../Engine/DerivedDataCache/Compressed.ddp.
[2020.01.10-22.24.08:453][  0]LogDerivedDataCache: Display: Pak cache opened for reading ../../../Enterprise/DerivedDataCache/Compressed.ddp.
[2020.01.10-22.24.08:467][  0]LogDerivedDataCache: Using Local data cache path C:/Users/Gregory/AppData/Local/UnrealEngine/Common/DerivedDataCache: Writable
[2020.01.10-22.24.08:467][  0]LogDerivedDataCache: Shared data cache path not found in *engine.ini, will not use an Shared cache.
[2020.01.10-22.24.08:467][  0]LogDerivedDataCache: Unable to find inner node Shared for hierarchical cache Hierarchy.
[2020.01.10-22.24.08:499][  0]LogMaterial: Verifying Global Shaders for PCD3D_SM5
[2020.01.10-22.24.08:508][  0]LogSlate: Using FreeType 2.6.0
[2020.01.10-22.24.08:533][  0]LogSlate: SlateFontServices - WITH_FREETYPE: 1, WITH_HARFBUZZ: 1
[2020.01.10-22.24.08:641][  0]LogAssetRegistry: FAssetRegistry took 0.0347 seconds to start up
[2020.01.10-22.24.08:965][  0]LogInit: Selected Device Profile: [Windows]
[2020.01.10-22.24.10:537][  0]LogMeshReduction: Using QuadricMeshReduction for automatic static mesh reduction
[2020.01.10-22.24.10:537][  0]LogMeshReduction: Using SimplygonMeshReduction for automatic skeletal mesh reduction
[2020.01.10-22.24.10:538][  0]LogMeshReduction: Using ProxyLODMeshReduction for automatic mesh merging
[2020.01.10-22.24.10:538][  0]LogMeshReduction: No distributed automatic mesh merging module available
[2020.01.10-22.24.10:538][  0]LogMeshMerging: No distributed automatic mesh merging module available
[2020.01.10-22.24.10:683][  0]LogNetVersion: SeniorProject 1.0.0, NetCL: 5660361, EngineNetVer: 10, GameNetVer: 0 (Checksum: 993350713)
[2020.01.10-22.24.11:213][  0]LogPackageLocalizationCache: Processed 16 localized package path(s) for 1 prioritized culture(s) in 0.064582 seconds
[2020.01.10-22.24.11:225][  0]LogUObjectArray: 42205 objects as part of root set at end of initial load.
[2020.01.10-22.24.11:225][  0]LogUObjectAllocator: 7325032 out of 0 bytes used by permanent object pool.
[2020.01.10-22.24.11:225][  0]LogUObjectArray: CloseDisregardForGC: 0/0 objects in disregard for GC pool
[2020.01.10-22.24.18:866][  0]LogTcpMessaging: Initializing TcpMessaging bridge
[2020.01.10-22.24.18:982][  0]LogUdpMessaging: Initializing bridge on interface 0.0.0.0:0 to multicast group 230.0.0.1:6666.
[2020.01.10-22.24.20:251][  0]LogOutputDevice: Error: Ensure condition failed: AttachmentRules.LocationRule == EAttachmentRule::KeepRelative && AttachmentRules.RotationRule == EAttachmentRule::KeepRelative && AttachmentRules.ScaleRule == EAttachmentRule::KeepRelative [File:D:\Build\++UE4\Sync\Engine\Source\Runtime\Engine\Private\Components\SceneComponent.cpp] [Line: 1786] 
AttachToComponent when called from a constructor is only setting up attachment and will always be treated as KeepRelative. Consider calling SetupAttachment directly instead.

[2020.01.10-22.24.20:251][  0]LogStats:             FDebug::EnsureFailed -  0.000 s
[2020.01.10-22.24.41:208][  0]SourceControl: Source control is disabled
[2020.01.10-22.24.54:160][  0]LogAndroidPermission: UAndroidPermissionCallbackProxy::GetInstance
[2020.01.10-22.24.55:375][  0]LogOcInput: OculusInput pre-init called
[2020.01.10-22.26.30:975][  0]LogWindows: Failed to load 'libalias_api.dll' (GetLastError=126)
[2020.01.10-22.26.30:975][  0]LogWindows: File 'libalias_api.dll' does not exist
[2020.01.10-22.26.30:976][  0]LogWindows: Failed to load 'libalias_api.dll' (GetLastError=126)
[2020.01.10-22.26.30:977][  0]LogWindows: File 'libalias_api.dll' does not exist
[2020.01.10-22.26.31:347][  0]LogEngine: Initializing Engine...
[2020.01.10-22.26.31:597][  0]LogHMD: Failed to initialize OpenVR with code 126
[2020.01.10-22.26.31:598][  0]LogStats: UGameplayTagsManager::InitializeManager -  0.000 s
[2020.01.10-22.26.31:891][  0]LogInit: Initializing FReadOnlyCVARCache
[2020.01.10-22.26.32:002][  0]LogAIModule: Creating AISystem for world Untitled
[2020.01.10-22.26.32:174][  0]LogInit: XAudio2 using 'Headset Earphone (2- Corsair HS70 Wireless Gaming Headset)' : 2 channels at 48 kHz using 16 bits per sample (channel mask 0x3)
[2020.01.10-22.26.32:218][  0]LogInit: FAudioDevice initialized.
[2020.01.10-22.26.32:218][  0]LogNetVersion: Set ProjectVersion to 1.0.0.0. Version Checksum will be recalculated on next use.
[2020.01.10-22.26.32:433][  0]LogDerivedDataCache: Saved boot cache 0.21s 73MB C:/Users/Gregory/AppData/Local/UnrealEngine/4.22/DerivedDataCache/Boot.ddc.
[2020.01.10-22.26.32:445][  0]LogInit: Texture streaming: Enabled
[2020.01.10-22.26.32:706][  0]LogEngineSessionManager: EngineSessionManager initialized
[2020.01.10-22.26.33:044][  0]LogInit: Transaction tracking system initialized
[2020.01.10-22.26.33:624][  0]BlueprintLog: New page: Editor Load
[2020.01.10-22.26.36:182][  0]LocalizationService: Localization service is disabled
[2020.01.10-22.26.38:132][  0]LogFileCache: Scanning file cache for directory 'E:/SeniorProject/PollutionProject/SeniorProject/Content/' took 0.03s
[2020.01.10-22.26.38:133][  0]LogCook: Display: Max memory allowance for cook 16384mb min free memory 0mb
[2020.01.10-22.26.38:133][  0]LogCook: Display: Mobile HDR setting 1
[2020.01.10-22.26.44:281][  0]Cmd: MAP LOAD FILE="E:/SeniorProject/PollutionProject/SeniorProject/Content/Levels/GreyBoxLVL4.umap" TEMPLATE=0 SHOWPROGRESS=1 FEATURELEVEL=3
[2020.01.10-22.26.44:281][  0]LightingResults: New page: Lighting Build
[2020.01.10-22.26.44:285][  0]MapCheck: New page: Map Check
[2020.01.10-22.26.44:285][  0]LightingResults: New page: Lighting Build
[2020.01.10-22.26.44:479][  0]LogUObjectHash: Compacting FUObjectHashTables data took   2.48ms
[2020.01.10-22.26.53:295][  0]LogStaticMesh: Building static mesh testFront5...
[2020.01.10-22.26.53:556][  0]LogStaticMesh: Built static mesh [0.28s] /Game/Assets/LowPolyAssets/testFront5.testFront5
[2020.01.10-22.26.53:851][  0]LogStaticMesh: Building static mesh testFront4...
[2020.01.10-22.26.53:882][  0]LogStaticMesh: Built static mesh [0.03s] /Game/Assets/LowPolyAssets/testFront4.testFront4
[2020.01.10-22.26.53:885][  0]LogStaticMesh: Building static mesh testFront3...
[2020.01.10-22.26.53:893][  0]LogStaticMesh: Built static mesh [0.01s] /Game/Assets/LowPolyAssets/testFront3.testFront3
[2020.01.10-22.26.53:976][  0]LogStaticMesh: Building static mesh testFront2...
[2020.01.10-22.26.53:979][  0]LogStaticMesh: Built static mesh [0.04s] /Game/Assets/LowPolyAssets/testFront2.testFront2
[2020.01.10-22.26.53:980][  0]LogStaticMesh: Building static mesh testFront...
[2020.01.10-22.26.53:986][  0]LogStaticMesh: Built static mesh [0.01s] /Game/Assets/LowPolyAssets/testFront.testFront
[2020.01.10-22.26.54:017][  0]LogMaterial: Display: Missing cached shader map for material 08_-_Default, compiling. 
[2020.01.10-22.26.54:522][  0]LogStaticMesh: Building static mesh testDoor...
[2020.01.10-22.26.54:525][  0]LogStaticMesh: Built static mesh [0.00s] /Game/Assets/LowPolyAssets/testDoor.testDoor
[2020.01.10-22.27.06:416][  0]LogMeshUtilities: Finished distance field build in 3.1s - 64x37x64 distance field, 1020 triangles, Range [-0.1, 0.7], testFront5
[2020.01.10-22.27.06:416][  0]LogMeshUtilities: Finished distance field build in 0.2s - 27x11x57 distance field, 174 triangles, Range [-0.1, 0.5], testDoor
[2020.01.10-22.27.06:416][  0]LogMeshUtilities: Finished distance field build in 2.4s - 64x41x64 distance field, 496 triangles, Range [-0.3, 0.9], testFront
[2020.01.10-22.27.06:416][  0]LogMeshUtilities: Finished distance field build in 1.5s - 35x47x64 distance field, 284 triangles, Range [-0.1, 0.6], testFront2
[2020.01.10-22.27.06:416][  0]LogMeshUtilities: Finished distance field build in 0.8s - 39x22x62 distance field, 582 triangles, Range [-0.1, 0.7], testFront3
[2020.01.10-22.27.06:416][  0]LogMeshUtilities: Finished distance field build in 1.5s - 38x38x64 distance field, 1142 triangles, Range [-0.2, 0.7], testFront4
[2020.01.10-22.27.06:899][  0]LogAIModule: Creating AISystem for world GreyBoxLVL4
[2020.01.10-22.27.09:093][  0]LogEditorServer: Finished looking for orphan Actors (0.001 secs)
[2020.01.10-22.27.09:387][  0]LogUObjectHash: Compacting FUObjectHashTables data took   4.19ms
[2020.01.10-22.27.09:388][  0]Cmd: MAP CHECKDEP NOCLEARLOG
[2020.01.10-22.27.09:389][  0]MapCheck: Map check complete: 0 Error(s), 0 Warning(s), took 0.929ms to complete.
[2020.01.10-22.27.09:389][  0]LogFileHelpers: Loading map 'GreyBoxLVL4' took 25.108
[2020.01.10-22.27.11:377][  0]LogSlate: Updating window title bar state: overlay mode, drag disabled, window buttons hidden, title bar hidden
[2020.01.10-22.27.11:406][  0]LogSlate: Updating window title bar state: overlay mode, drag disabled, window buttons hidden, title bar hidden
[2020.01.10-22.27.11:415][  0]LogSlate: Updating window title bar state: overlay mode, drag disabled, window buttons hidden, title bar hidden
[2020.01.10-22.27.11:427][  0]LogSlate: Updating window title bar state: overlay mode, drag disabled, window buttons hidden, title bar hidden
[2020.01.10-22.27.11:687][  0]LogCollectionManager: Loaded 0 collections in 0.002485 seconds
[2020.01.10-22.27.11:821][  0]LogFileCache: Scanning file cache for directory 'E:/SeniorProject/PollutionProject/SeniorProject/Saved/Collections/' took 0.01s
[2020.01.10-22.27.11:821][  0]LogFileCache: Scanning file cache for directory 'E:/SeniorProject/PollutionProject/SeniorProject/Content/Developers/Gregory/Collections/' took 0.00s
[2020.01.10-22.27.11:821][  0]LogFileCache: Scanning file cache for directory 'E:/SeniorProject/PollutionProject/SeniorProject/Content/Collections/' took 0.00s
[2020.01.10-22.27.11:822][  0]LogCollectionManager: Rebuilt the GUID cache for 0 collections in 0.000001 seconds
[2020.01.10-22.27.11:834][  0]LogContentBrowser: Native class hierarchy populated in 0.0116 seconds. Added 2875 classes and 729 folders.
[2020.01.10-22.27.12:082][  0]LogContentBrowser: Native class hierarchy updated for 'WidgetCarousel' in 0.0003 seconds. Added 0 classes and 0 folders.
[2020.01.10-22.27.12:162][  0]LogPakFile: Registered encryption key '00000000000000000000000000000000': 0 pak files mounted, 0 remain pending
[2020.01.10-22.27.12:226][  0]LogPakFile: Registered encryption key '00000000000000000000000000000000': 0 pak files mounted, 0 remain pending
[2020.01.10-22.27.12:272][  0]LogPakFile: Registered encryption key '00000000000000000000000000000000': 0 pak files mounted, 0 remain pending
[2020.01.10-22.27.12:296][  0]LogPakFile: Registered encryption key '00000000000000000000000000000000': 0 pak files mounted, 0 remain pending
[2020.01.10-22.27.12:312][  0]LogPakFile: Registered encryption key '00000000000000000000000000000000': 0 pak files mounted, 0 remain pending
[2020.01.10-22.27.12:328][  0]LogPakFile: Registered encryption key '00000000000000000000000000000000': 0 pak files mounted, 0 remain pending
[2020.01.10-22.27.12:348][  0]LogPakFile: Registered encryption key '00000000000000000000000000000000': 0 pak files mounted, 0 remain pending
[2020.01.10-22.27.12:383][  0]LogPakFile: Registered encryption key '00000000000000000000000000000000': 0 pak files mounted, 0 remain pending
[2020.01.10-22.27.12:433][  0]LogPakFile: Registered encryption key '00000000000000000000000000000000': 0 pak files mounted, 0 remain pending
[2020.01.10-22.27.12:450][  0]LogPakFile: Registered encryption key '00000000000000000000000000000000': 0 pak files mounted, 0 remain pending
[2020.01.10-22.27.12:464][  0]LogPakFile: Registered encryption key '00000000000000000000000000000000': 0 pak files mounted, 0 remain pending
[2020.01.10-22.27.12:477][  0]LogPakFile: Registered encryption key '00000000000000000000000000000000': 0 pak files mounted, 0 remain pending
[2020.01.10-22.27.12:491][  0]LogPakFile: Registered encryption key '00000000000000000000000000000000': 0 pak files mounted, 0 remain pending
[2020.01.10-22.27.12:505][  0]LogPakFile: Registered encryption key '00000000000000000000000000000000': 0 pak files mounted, 0 remain pending
[2020.01.10-22.27.12:523][  0]LogPakFile: Registered encryption key '00000000000000000000000000000000': 0 pak files mounted, 0 remain pending
[2020.01.10-22.27.12:541][  0]LogPakFile: Registered encryption key '00000000000000000000000000000000': 0 pak files mounted, 0 remain pending
[2020.01.10-22.27.12:577][  0]LogPakFile: Registered encryption key '00000000000000000000000000000000': 0 pak files mounted, 0 remain pending
[2020.01.10-22.27.12:612][  0]LogPakFile: Registered encryption key '00000000000000000000000000000000': 0 pak files mounted, 0 remain pending
[2020.01.10-22.27.12:625][  0]LogPakFile: Registered encryption key '00000000000000000000000000000000': 0 pak files mounted, 0 remain pending
[2020.01.10-22.27.12:635][  0]LogPakFile: Registered encryption key '00000000000000000000000000000000': 0 pak files mounted, 0 remain pending
[2020.01.10-22.27.12:654][  0]LogPakFile: Registered encryption key '00000000000000000000000000000000': 0 pak files mounted, 0 remain pending
[2020.01.10-22.27.12:665][  0]LogPakFile: Registered encryption key '00000000000000000000000000000000': 0 pak files mounted, 0 remain pending
[2020.01.10-22.27.12:681][  0]LogPakFile: Registered encryption key '00000000000000000000000000000000': 0 pak files mounted, 0 remain pending
[2020.01.10-22.27.12:699][  0]LogPakFile: Registered encryption key '00000000000000000000000000000000': 0 pak files mounted, 0 remain pending
[2020.01.10-22.27.12:717][  0]LogPakFile: Registered encryption key '00000000000000000000000000000000': 0 pak files mounted, 0 remain pending
[2020.01.10-22.27.12:732][  0]LogPakFile: Registered encryption key '00000000000000000000000000000000': 0 pak files mounted, 0 remain pending
[2020.01.10-22.27.12:747][  0]LogPakFile: Registered encryption key '00000000000000000000000000000000': 0 pak files mounted, 0 remain pending
[2020.01.10-22.27.12:795][  0]LogPakFile: Registered encryption key '00000000000000000000000000000000': 0 pak files mounted, 0 remain pending
[2020.01.10-22.27.14:662][  0]LogContentBrowser: Native class hierarchy updated for 'AddContentDialog' in 0.0003 seconds. Added 0 classes and 0 folders.
[2020.01.10-22.27.14:695][  0]LogContentBrowser: Native class hierarchy updated for 'SceneOutliner' in 0.0003 seconds. Added 1 classes and 0 folders.
[2020.01.10-22.27.15:682][  0]LogSlate: Took 0.011955 seconds to synchronously load lazily loaded font '../../../Engine/Content/Slate/Fonts/Roboto-Regular.ttf' (155K)
[2020.01.10-22.27.15:733][  0]LogSlate: Took 0.039668 seconds to synchronously load lazily loaded font '../../../Engine/Content/Slate/Fonts/Roboto-Bold.ttf' (160K)
[2020.01.10-22.27.15:835][  0]LogSlate: Took 0.033546 seconds to synchronously load lazily loaded font '../../../Engine/Content/Editor/Slate/Fonts/FontAwesome.ttf' (139K)
[2020.01.10-22.27.16:693][  0]LogRenderer: Reallocating scene render targets to support 1004x552 Format 10 NumSamples 1 (Frame:1).
[2020.01.10-22.27.16:968][  0]LogStaticMesh: Allocated 512x320x64 distance field atlas = 20.0Mb, with 87 objects containing 16.0Mb backing data
[2020.01.10-22.27.18:105][  0]LogSlate: Took 0.064022 seconds to synchronously load lazily loaded font '../../../Engine/Content/Slate/Fonts/Roboto-Light.ttf' (167K)
[2020.01.10-22.27.18:694][  0]LogContentBrowser: Native class hierarchy updated for 'HierarchicalLODOutliner' in 0.0003 seconds. Added 0 classes and 0 folders.
[2020.01.10-22.27.18:694][  0]LogLoad: (Engine Initialization) Total time: 207.63 seconds
[2020.01.10-22.27.18:694][  0]LogLoad: (Engine Initialization) Total Blueprint compile time: 0.00 seconds
[2020.01.10-22.27.18:874][  0]LogContentStreaming: Texture pool size now 1000 MB
[2020.01.10-22.27.19:240][  1]LogAssetRegistry: Asset discovery search completed in 190.6231 seconds
[2020.01.10-22.27.19:243][  1]LogCollectionManager: Rebuilt the object cache for 0 collections in 0.000001 seconds (found 0 objects)
[2020.01.10-22.27.19:244][  1]LogCollectionManager: Fixed up redirectors for 0 collections in 0.000316 seconds (updated 0 objects)
[2020.01.10-22.27.24:174][333]LogFileCache: Retrieving MD5 hashes for directory 'E:/SeniorProject/PollutionProject/SeniorProject/Content/' took 5.41s
[2020.01.10-22.27.41:868][228]LogSlate: FSceneViewport::OnFocusLost() reason 0
[2020.01.10-22.27.44:111][395]LogSlate: FSceneViewport::OnFocusLost() reason 0
[2020.01.10-22.27.45:628][510]LogEditorViewport: Clicking on Actor (context menu): StaticMeshActor (testFront5)
[2020.01.10-22.27.46:766][510]LogSlate: FSceneViewport::OnFocusLost() reason 2
[2020.01.10-22.27.46:834][510]LogEditorViewport: Clicking on Actor (context menu): PlayerStart (Player Start)
[2020.01.10-22.27.46:963][510]LogSlate: FSceneViewport::OnFocusLost() reason 2
[2020.01.10-22.27.47:004][510]LogEditorViewport: Clicking on Actor (context menu): StaticMeshActor (testFront5)
[2020.01.10-22.27.47:111][510]LogSlate: FSceneViewport::OnFocusLost() reason 2
[2020.01.10-22.27.47:880][576]LogEditorViewport: Clicking on Actor (LMB): StaticMeshActor (testFront)
[2020.01.10-22.27.50:900][833]LogEditorViewport: Clicking on Actor (context menu): StaticMeshActor (Building1)
[2020.01.10-22.27.50:955][833]LogSlate: FSceneViewport::OnFocusLost() reason 2
[2020.01.10-22.27.51:747][916]LogEditorViewport: Clicking on Actor (LMB): StaticMeshActor (Building23)
[2020.01.10-22.27.53:413][ 33]LogSlate: FSceneViewport::OnFocusLost() reason 0
[2020.01.10-22.28.01:135][800]LogSlate: Took 0.000198 seconds to synchronously load lazily loaded font '../../../Engine/Content/Slate/Fonts/Roboto-Light.ttf' (167K)
[2020.01.10-22.28.02:638][800]LogAIModule: Creating AISystem for world PlayTest
[2020.01.10-22.28.02:702][800]LogAssetEditorManager: Opening Asset editor for World /Game/Levels/PlayTest.PlayTest
[2020.01.10-22.28.02:822][800]LogUObjectHash: Compacting FUObjectHashTables data took   3.42ms
[2020.01.10-22.28.02:830][800]Cmd: MAP LOAD FILE="E:/SeniorProject/PollutionProject/SeniorProject/Content/Levels/PlayTest.umap" TEMPLATE=0 SHOWPROGRESS=1 FEATURELEVEL=3
[2020.01.10-22.28.02:831][800]LightingResults: New page: Lighting Build
[2020.01.10-22.28.02:831][800]LoadErrors: New page: Loading map: PlayTest.umap
[2020.01.10-22.28.02:952][800]MapCheck: New page: Map Check
[2020.01.10-22.28.02:952][800]LightingResults: New page: Lighting Build
[2020.01.10-22.28.03:025][800]LogUObjectHash: Compacting FUObjectHashTables data took   2.26ms
[2020.01.10-22.28.03:059][800]LogEditorServer: Finished looking for orphan Actors (0.000 secs)
[2020.01.10-22.28.03:082][800]LogUObjectHash: Compacting FUObjectHashTables data took   1.50ms
[2020.01.10-22.28.03:131][800]Cmd: MAP CHECKDEP NOCLEARLOG
[2020.01.10-22.28.03:132][800]MapCheck: Map check complete: 0 Error(s), 0 Warning(s), took 0.113ms to complete.
[2020.01.10-22.28.03:132][800]LogFileHelpers: Loading map 'PlayTest' took 0.306
[2020.01.10-22.28.03:230][802]LogStaticMesh: Allocated 512x343x64 distance field atlas = 21.4Mb, with 98 objects containing 18.7Mb backing data
[2020.01.10-22.28.03:639][829]LogSlate: FSceneViewport::OnFocusLost() reason 0
[2020.01.10-22.28.03:860][843]LogAIModule: Creating AISystem for world TestArea
[2020.01.10-22.28.03:863][843]LogAssetEditorManager: Opening Asset editor for World /Game/Levels/TestArea.TestArea
[2020.01.10-22.28.03:887][843]LogUObjectHash: Compacting FUObjectHashTables data took   1.29ms
[2020.01.10-22.28.03:889][843]Cmd: MAP LOAD FILE="E:/SeniorProject/PollutionProject/SeniorProject/Content/Levels/TestArea.umap" TEMPLATE=0 SHOWPROGRESS=1 FEATURELEVEL=3
[2020.01.10-22.28.03:889][843]LightingResults: New page: Lighting Build
[2020.01.10-22.28.03:890][843]LoadErrors: New page: Loading map: TestArea.umap
[2020.01.10-22.28.03:891][843]MapCheck: New page: Map Check
[2020.01.10-22.28.03:891][843]LightingResults: New page: Lighting Build
[2020.01.10-22.28.03:921][843]LogUObjectHash: Compacting FUObjectHashTables data took   2.50ms
[2020.01.10-22.28.03:951][843]LogEditorServer: Finished looking for orphan Actors (0.000 secs)
[2020.01.10-22.28.03:979][843]LogUObjectHash: Compacting FUObjectHashTables data took   2.33ms
[2020.01.10-22.28.04:032][843]Cmd: MAP CHECKDEP NOCLEARLOG
[2020.01.10-22.28.04:032][843]MapCheck: Map check complete: 0 Error(s), 0 Warning(s), took 0.08ms to complete.
[2020.01.10-22.28.04:032][843]LogFileHelpers: Loading map 'TestArea' took 0.145
[2020.01.10-22.28.04:836][916]LogSlate: FSceneViewport::OnFocusLost() reason 0
[2020.01.10-22.28.05:001][931]LogAIModule: Creating AISystem for world PlayTest
[2020.01.10-22.28.05:015][931]LogAssetEditorManager: Opening Asset editor for World /Game/Levels/PlayTest.PlayTest
[2020.01.10-22.28.05:040][931]LogUObjectHash: Compacting FUObjectHashTables data took   2.28ms
[2020.01.10-22.28.05:041][931]Cmd: MAP LOAD FILE="E:/SeniorProject/PollutionProject/SeniorProject/Content/Levels/PlayTest.umap" TEMPLATE=0 SHOWPROGRESS=1 FEATURELEVEL=3
[2020.01.10-22.28.05:041][931]LightingResults: New page: Lighting Build
[2020.01.10-22.28.05:042][931]LoadErrors: New page: Loading map: PlayTest.umap
[2020.01.10-22.28.05:042][931]MapCheck: New page: Map Check
[2020.01.10-22.28.05:042][931]LightingResults: New page: Lighting Build
[2020.01.10-22.28.05:065][931]LogUObjectHash: Compacting FUObjectHashTables data took   1.93ms
[2020.01.10-22.28.05:079][931]LogEditorServer: Finished looking for orphan Actors (0.000 secs)
[2020.01.10-22.28.05:106][931]LogUObjectHash: Compacting FUObjectHashTables data took   2.54ms
[2020.01.10-22.28.05:162][931]Cmd: MAP CHECKDEP NOCLEARLOG
[2020.01.10-22.28.05:162][931]MapCheck: Map check complete: 0 Error(s), 0 Warning(s), took 0.126ms to complete.
[2020.01.10-22.28.05:163][931]LogFileHelpers: Loading map 'PlayTest' took 0.122
[2020.01.10-22.28.05:264][932]LogStaticMesh: Allocated 512x343x64 distance field atlas = 21.4Mb, with 99 objects containing 18.9Mb backing data
[2020.01.10-22.28.09:313][394]LogSlate: FSceneViewport::OnFocusLost() reason 0
[2020.01.10-22.28.33:945][124]LogSlate: FSceneViewport::OnFocusLost() reason 2
[2020.01.10-22.28.34:188][149]LogSlate: FSceneViewport::OnFocusLost() reason 2
[2020.01.10-22.28.34:548][190]LogSlate: FSceneViewport::OnFocusLost() reason 2
[2020.01.10-22.28.35:677][318]LogSlate: FSceneViewport::OnFocusLost() reason 2
[2020.01.10-22.28.37:883][427]LogSlate: Took 0.016706 seconds to synchronously load lazily loaded font '../../../Engine/Content/Slate/Fonts/Roboto-Italic.ttf' (157K)
[2020.01.10-22.29.23:219][408]LogConsoleManager: Warning: Console object named 'ActorComponents.Enable' already exists but is being registered again, but we weren't expected it to be! (FConsoleManager::AddConsoleObject)
[2020.01.10-22.32.44:083][804]LogSlate: FSceneViewport::OnFocusLost() reason 0
[2020.01.10-22.32.46:035][976]Cmd: EDIT COPY
[2020.01.10-22.32.46:332][976]Cmd: EDIT PASTE
[2020.01.10-22.32.54:360][797]LogSlate: FSceneViewport::OnFocusLost() reason 0
[2020.01.10-22.33.01:702][587]LogAssetEditorManager: Opening Asset editor for SoundWave /Game/Assets/Recording/Audio/NewAudioAllison/A02.A02
[2020.01.10-22.33.06:475][ 22]LogAssetEditorManager: Opening Asset editor for SoundClass /Game/AllisonSoundClass.AllisonSoundClass
[2020.01.10-22.33.06:812][ 22]LogSlate: Took 0.021068 seconds to synchronously load lazily loaded font '../../../Engine/Content/Slate/Fonts/Roboto-BoldCondensed.ttf' (158K)
[2020.01.10-22.33.21:928][340]LogSlate: FSceneViewport::OnFocusLost() reason 2
[2020.01.10-22.33.24:638][592]LogSlate: FSceneViewport::OnFocusLost() reason 2
[2020.01.10-22.33.44:996][437]LogSlate: FSceneViewport::OnFocusLost() reason 2
[2020.01.10-22.33.45:025][437]Cmd: OBJ SAVEPACKAGE PACKAGE="/Game/AllisonSoundClass" FILE="E:/SeniorProject/PollutionProject/SeniorProject/Content/AllisonSoundClass.uasset" SILENT=true
[2020.01.10-22.33.45:136][437]LogSavePackage: Moving 'E:/SeniorProject/PollutionProject/SeniorProject/Saved/AllisonSoundClassCDBC7D554DA459C0191C8AB32C6AC9BD.tmp' to 'E:/SeniorProject/PollutionProject/SeniorProject/Content/AllisonSoundClass.uasset'
[2020.01.10-22.33.45:387][456]LogSlate: FSceneViewport::OnFocusLost() reason 0
[2020.01.10-22.33.46:746][569]LogSlate: FSceneViewport::OnFocusLost() reason 2
[2020.01.10-22.33.46:777][569]Cmd: OBJ SAVEPACKAGE PACKAGE="/Game/Assets/Recording/Audio/NewAudioAllison/A02" FILE="E:/SeniorProject/PollutionProject/SeniorProject/Content/Assets/Recording/Audio/NewAudioAllison/A02.uasset" SILENT=true
[2020.01.10-22.33.46:839][569]LogSavePackage: Moving 'E:/SeniorProject/PollutionProject/SeniorProject/Saved/A029CC1B23345E2DFF07D61BCAA3C6BC223.tmp' to 'E:/SeniorProject/PollutionProject/SeniorProject/Content/Assets/Recording/Audio/NewAudioAllison/A02.uasset'
[2020.01.10-22.33.48:328][695]LogSlate: FSceneViewport::OnFocusLost() reason 0
[2020.01.10-22.33.52:872][118]LogSlate: FSceneViewport::OnFocusLost() reason 2
[2020.01.10-22.33.52:884][118]Cmd: OBJ SAVEPACKAGE PACKAGE="/Game/Assets/Recording/Audio/NewAudioAllison/A02" FILE="E:/SeniorProject/PollutionProject/SeniorProject/Content/Assets/Recording/Audio/NewAudioAllison/A02.uasset" SILENT=true
[2020.01.10-22.33.52:910][118]LogSavePackage: Moving 'E:/SeniorProject/PollutionProject/SeniorProject/Saved/A02582983BC45D0327229AFE08C6F34FE57.tmp' to 'E:/SeniorProject/PollutionProject/SeniorProject/Content/Assets/Recording/Audio/NewAudioAllison/A02.uasset'
[2020.01.10-22.34.00:462][798]LogSlate: FSceneViewport::OnFocusLost() reason 0
[2020.01.10-22.34.11:051][773]LogAssetEditorManager: Opening Asset editor for SoundWave /Game/Assets/Recording/Audio/NewAudioAllison/A07.A07
[2020.01.10-22.34.17:586][346]LogSlate: FSceneViewport::OnFocusLost() reason 2
[2020.01.10-22.34.17:606][346]Cmd: OBJ SAVEPACKAGE PACKAGE="/Game/Assets/Recording/Audio/NewAudioAllison/A07" FILE="E:/SeniorProject/PollutionProject/SeniorProject/Content/Assets/Recording/Audio/NewAudioAllison/A07.uasset" SILENT=true
[2020.01.10-22.34.17:649][346]LogSavePackage: Moving 'E:/SeniorProject/PollutionProject/SeniorProject/Saved/A07E2E0789D43EA231C2A3A379A3F6582AC.tmp' to 'E:/SeniorProject/PollutionProject/SeniorProject/Content/Assets/Recording/Audio/NewAudioAllison/A07.uasset'
[2020.01.10-22.34.19:680][518]LogSlate: FSceneViewport::OnFocusLost() reason 2
[2020.01.10-22.34.23:322][798]LogAssetEditorManager: Opening Asset editor for SoundWave /Game/Assets/Recording/Audio/NewAudioAllison/A08.A08
[2020.01.10-22.34.36:762][859]LogSlate: FSceneViewport::OnFocusLost() reason 2
[2020.01.10-22.34.36:784][859]Cmd: OBJ SAVEPACKAGE PACKAGE="/Game/Assets/Recording/Audio/NewAudioAllison/A08" FILE="E:/SeniorProject/PollutionProject/SeniorProject/Content/Assets/Recording/Audio/NewAudioAllison/A08.uasset" SILENT=true
[2020.01.10-22.34.36:819][859]LogSavePackage: Moving 'E:/SeniorProject/PollutionProject/SeniorProject/Saved/A08A7E3F01D45C8AC251E3C6D956A334F48.tmp' to 'E:/SeniorProject/PollutionProject/SeniorProject/Content/Assets/Recording/Audio/NewAudioAllison/A08.uasset'
[2020.01.10-22.34.38:542][ 11]LogSlate: FSceneViewport::OnFocusLost() reason 0
[2020.01.10-22.34.43:389][470]LogSlate: FSceneViewport::OnFocusLost() reason 0
[2020.01.10-22.34.53:429][548]LogSlate: FSceneViewport::OnFocusLost() reason 0
[2020.01.10-22.34.53:595][566]LogTemp: Repeating last play command: Selected Viewport
[2020.01.10-22.34.53:647][566]LogBlueprintUserMessages: Early PlayInEditor Detection: Level '/Game/Levels/PlayTest.PlayTest:PersistentLevel' has LevelScriptBlueprint '/Game/Levels/PlayTest.PlayTest:PersistentLevel.PlayTest' with GeneratedClass '/Game/Levels/PlayTest.PlayTest_C' with ClassGeneratedBy '/Game/Levels/PlayTest.PlayTest:PersistentLevel.PlayTest'
[2020.01.10-22.34.53:668][566]LogPlayLevel: PlayLevel: No blueprints needed recompiling
[2020.01.10-22.34.53:688][566]PIE: New page: PIE session: PlayTest (Jan 10, 2020, 12:34:53 PM)
[2020.01.10-22.34.53:733][566]LogPlayLevel: Creating play world package: /Game/Levels/UEDPIE_0_PlayTest
[2020.01.10-22.34.53:785][566]LogPlayLevel: PIE: StaticDuplicateObject took: (0.051158s)
[2020.01.10-22.34.53:786][566]LogAIModule: Creating AISystem for world PlayTest
[2020.01.10-22.34.53:811][566]LogPlayLevel: PIE: World Init took: (0.025451s)
[2020.01.10-22.34.53:811][566]LogPlayLevel: PIE: Created PIE world by copying editor world from /Game/Levels/PlayTest.PlayTest to /Game/Levels/UEDPIE_0_PlayTest.PlayTest (0.077323s)
[2020.01.10-22.34.53:838][566]LogUObjectHash: Compacting FUObjectHashTables data took   1.54ms
[2020.01.10-22.34.53:994][566]LogInit: XAudio2 using 'Headset Earphone (2- Corsair HS70 Wireless Gaming Headset)' : 2 channels at 48 kHz using 16 bits per sample (channel mask 0x3)
[2020.01.10-22.34.54:013][566]LogInit: FAudioDevice initialized.
[2020.01.10-22.34.54:100][566]LogLoad: Game class is 'FirstPersonGameMode_C'
[2020.01.10-22.34.54:296][566]LogWorld: Bringing World /Game/Levels/UEDPIE_0_PlayTest.PlayTest up for play (max tick rate 0) at 2020.01.10-17.34.54
[2020.01.10-22.34.54:351][566]LogWorld: Bringing up level for play took: 0.057769
[2020.01.10-22.34.54:488][566]LogContentBrowser: Native class hierarchy updated for 'MovieSceneCapture' in 0.0004 seconds. Added 20 classes and 0 folders.
[2020.01.10-22.34.54:532][566]PIE: Play in editor start time for /Game/Levels/UEDPIE_0_PlayTest 1.317
[2020.01.10-22.34.54:532][566]LogBlueprintUserMessages: Late PlayInEditor Detection: Level '/Game/Levels/PlayTest.PlayTest:PersistentLevel' has LevelScriptBlueprint '/Game/Levels/PlayTest.PlayTest:PersistentLevel.PlayTest' with GeneratedClass '/Game/Levels/PlayTest.PlayTest_C' with ClassGeneratedBy '/Game/Levels/PlayTest.PlayTest:PersistentLevel.PlayTest'
[2020.01.10-22.35.06:950][807]LogSlate: FSceneViewport::OnFocusLost() reason 0
[2020.01.10-22.35.07:268][841]LogBlueprintUserMessages: Early EndPlayMap Detection: Level '/Game/Levels/PlayTest.PlayTest:PersistentLevel' has LevelScriptBlueprint '/Game/Levels/PlayTest.PlayTest:PersistentLevel.PlayTest' with GeneratedClass '/Game/Levels/PlayTest.PlayTest_C' with ClassGeneratedBy '/Game/Levels/PlayTest.PlayTest:PersistentLevel.PlayTest'
[2020.01.10-22.35.07:306][841]LogSlate: Updating window title bar state: overlay mode, drag disabled, window buttons hidden, title bar hidden
[2020.01.10-22.35.07:346][841]LogPlayLevel: Display: Shutting down PIE online subsystems
[2020.01.10-22.35.07:347][841]LogBlueprintUserMessages: Late EndPlayMap Detection: Level '/Game/Levels/PlayTest.PlayTest:PersistentLevel' has LevelScriptBlueprint '/Game/Levels/PlayTest.PlayTest:PersistentLevel.PlayTest' with GeneratedClass '/Game/Levels/PlayTest.PlayTest_C' with ClassGeneratedBy '/Game/Levels/PlayTest.PlayTest:PersistentLevel.PlayTest'
[2020.01.10-22.35.07:377][841]LogSlate: Updating window title bar state: overlay mode, drag disabled, window buttons hidden, title bar hidden
[2020.01.10-22.35.07:395][841]LogUObjectHash: Compacting FUObjectHashTables data took   2.11ms
[2020.01.10-22.35.07:423][842]LogPlayLevel: Display: Destroying online subsystem :Context_4
[2020.01.10-22.35.50:437][666]LogSlate: FSceneViewport::OnFocusLost() reason 0
[2020.01.10-22.35.50:566][679]LogTemp: Repeating last play command: Selected Viewport
[2020.01.10-22.35.50:682][679]LogBlueprintUserMessages: Early PlayInEditor Detection: Level '/Game/Levels/PlayTest.PlayTest:PersistentLevel' has LevelScriptBlueprint '/Game/Levels/PlayTest.PlayTest:PersistentLevel.PlayTest' with GeneratedClass '/Game/Levels/PlayTest.PlayTest_C' with ClassGeneratedBy '/Game/Levels/PlayTest.PlayTest:PersistentLevel.PlayTest'
[2020.01.10-22.35.50:683][679]LogPlayLevel: PlayLevel: No blueprints needed recompiling
[2020.01.10-22.35.50:683][679]PIE: New page: PIE session: PlayTest (Jan 10, 2020, 12:35:50 PM)
[2020.01.10-22.35.50:683][679]LogPlayLevel: Creating play world package: /Game/Levels/UEDPIE_0_PlayTest
[2020.01.10-22.35.50:695][679]LogPlayLevel: PIE: StaticDuplicateObject took: (0.011839s)
[2020.01.10-22.35.50:696][679]LogAIModule: Creating AISystem for world PlayTest
[2020.01.10-22.35.50:696][679]LogPlayLevel: PIE: World Init took: (0.000841s)
[2020.01.10-22.35.50:696][679]LogPlayLevel: PIE: Created PIE world by copying editor world from /Game/Levels/PlayTest.PlayTest to /Game/Levels/UEDPIE_0_PlayTest.PlayTest (0.013116s)
[2020.01.10-22.35.50:718][679]LogUObjectHash: Compacting FUObjectHashTables data took   1.15ms
[2020.01.10-22.35.50:884][679]LogInit: XAudio2 using 'Headset Earphone (2- Corsair HS70 Wireless Gaming Headset)' : 2 channels at 48 kHz using 16 bits per sample (channel mask 0x3)
[2020.01.10-22.35.50:903][679]LogInit: FAudioDevice initialized.
[2020.01.10-22.35.50:943][679]LogLoad: Game class is 'FirstPersonGameMode_C'
[2020.01.10-22.35.50:949][679]LogWorld: Bringing World /Game/Levels/UEDPIE_0_PlayTest.PlayTest up for play (max tick rate 0) at 2020.01.10-17.35.50
[2020.01.10-22.35.50:950][679]LogWorld: Bringing up level for play took: 0.005727
[2020.01.10-22.35.50:964][679]PIE: Play in editor start time for /Game/Levels/UEDPIE_0_PlayTest -0.25
[2020.01.10-22.35.50:965][679]LogBlueprintUserMessages: Late PlayInEditor Detection: Level '/Game/Levels/PlayTest.PlayTest:PersistentLevel' has LevelScriptBlueprint '/Game/Levels/PlayTest.PlayTest:PersistentLevel.PlayTest' with GeneratedClass '/Game/Levels/PlayTest.PlayTest_C' with ClassGeneratedBy '/Game/Levels/PlayTest.PlayTest:PersistentLevel.PlayTest'
