Log file open, 02/13/20 16:18:21
LogWindows: Failed to load 'aqProf.dll' (GetLastError=126)
LogWindows: File 'aqProf.dll' does not exist
LogWindows: Failed to load 'VtuneApi.dll' (GetLastError=126)
LogWindows: File 'VtuneApi.dll' does not exist
LogWindows: Failed to load 'VtuneApi32e.dll' (GetLastError=126)
LogWindows: File 'VtuneApi32e.dll' does not exist
LogConsoleResponse: Display: Failed to find resolution value strings in scalability ini. Falling back to default.
LogInit: Display: Running engine for game: SeniorProject
LogPakFile: Registered encryption key '00000000000000000000000000000000': 0 pak files mounted, 0 remain pending
LogPlatformFile: Not using cached read wrapper
LogTaskGraph: Started task graph with 5 named threads and 23 total threads with 3 sets of task threads.
LogStats: Stats thread started at 4.095434
LogD3D11RHI: Loaded GFSDK_Aftermath_Lib.x64.dll
LogICUInternationalization: ICU TimeZone Detection - Raw Offset: -5:00, Platform Override: ''
LogPluginManager: Mounting plugin Paper2D
LogPluginManager: Mounting plugin AISupport
LogPluginManager: Mounting plugin LightPropagationVolume
LogPluginManager: Mounting plugin ActorLayerUtilities
LogPluginManager: Mounting plugin AnimationSharing
LogPluginManager: Mounting plugin CLionSourceCodeAccess
LogPluginManager: Mounting plugin CodeLiteSourceCodeAccess
LogPluginManager: Mounting plugin GitSourceControl
LogPluginManager: Mounting plugin KDevelopSourceCodeAccess
LogPluginManager: Mounting plugin NullSourceCodeAccess
LogPluginManager: Mounting plugin PerforceSourceControl
LogPluginManager: Mounting plugin SubversionSourceControl
LogPluginManager: Mounting plugin UObjectPlugin
LogPluginManager: Mounting plugin VisualStudioCodeSourceCodeAccess
LogPluginManager: Mounting plugin VisualStudioSourceCodeAccess
LogPluginManager: Mounting plugin XCodeSourceCodeAccess
LogPluginManager: Mounting plugin AssetManagerEditor
LogPluginManager: Mounting plugin CryptoKeys
LogPluginManager: Mounting plugin DataValidation
LogPluginManager: Mounting plugin EditorScriptingUtilities
LogPluginManager: Mounting plugin FacialAnimation
LogPluginManager: Mounting plugin GameplayTagsEditor
LogPluginManager: Mounting plugin GLTFImporter
LogPluginManager: Mounting plugin MacGraphicsSwitching
LogPluginManager: Mounting plugin MaterialAnalyzer
LogPluginManager: Mounting plugin MeshEditor
LogPluginManager: Mounting plugin MobileLauncherProfileWizard
LogPluginManager: Mounting plugin PluginBrowser
LogPluginManager: Mounting plugin SpeedTreeImporter
LogPluginManager: Mounting plugin DatasmithContent
LogPluginManager: Mounting plugin VariantManagerContent
LogPluginManager: Mounting plugin AlembicImporter
LogPluginManager: Mounting plugin AppleImageUtils
LogPluginManager: Mounting plugin AppleVision
LogPluginManager: Mounting plugin BackChannel
LogPluginManager: Mounting plugin BlastPlugin
LogPluginManager: Mounting plugin ChaosSolverPlugin
LogPluginManager: Mounting plugin CharacterAI
LogPluginManager: Mounting plugin GeometryCache
LogPluginManager: Mounting plugin GeometryCollectionPlugin
LogPluginManager: Mounting plugin HTML5Networking
LogPluginManager: Mounting plugin ProxyLODPlugin
LogPluginManager: Mounting plugin SkeletalReduction
LogPluginManager: Mounting plugin MagicLeap
LogPluginManager: Mounting plugin MagicLeapMedia
LogPluginManager: Mounting plugin AndroidMedia
LogPluginManager: Mounting plugin AvfMedia
LogPluginManager: Mounting plugin ImgMedia
LogPluginManager: Mounting plugin LinearTimecode
LogPluginManager: Mounting plugin MediaCompositing
LogPluginManager: Mounting plugin MediaPlayerEditor
LogPluginManager: Mounting plugin WebMMedia
LogPluginManager: Mounting plugin WmfMedia
LogPluginManager: Mounting plugin TcpMessaging
LogPluginManager: Mounting plugin UdpMessaging
LogPluginManager: Mounting plugin ActorSequence
LogPluginManager: Mounting plugin LevelSequenceEditor
LogPluginManager: Mounting plugin MatineeToLevelSequence
LogPluginManager: Mounting plugin NetcodeUnitTest
LogPluginManager: Mounting plugin NUTUnrealEngine4
LogPluginManager: Mounting plugin OnlineSubsystemGooglePlay
LogPluginManager: Mounting plugin OnlineSubsystemIOS
LogPluginManager: Mounting plugin OnlineSubsystem
LogPluginManager: Mounting plugin OnlineSubsystemNull
LogPluginManager: Mounting plugin OnlineSubsystemUtils
LogPluginManager: Mounting plugin LauncherChunkInstaller
LogPluginManager: Mounting plugin AndroidDeviceProfileSelector
LogPluginManager: Mounting plugin AndroidMoviePlayer
LogPluginManager: Mounting plugin AndroidPermission
LogPluginManager: Mounting plugin AppleMoviePlayer
LogPluginManager: Mounting plugin ArchVisCharacter
LogPluginManager: Mounting plugin AudioCapture
LogPluginManager: Mounting plugin CableComponent
LogPluginManager: Mounting plugin CustomMeshComponent
LogPluginManager: Mounting plugin EditableMesh
LogPluginManager: Mounting plugin ExampleDeviceProfileSelector
LogPluginManager: Mounting plugin Firebase
LogPluginManager: Mounting plugin GoogleCloudMessaging
LogPluginManager: Mounting plugin IOSDeviceProfileSelector
LogPluginManager: Mounting plugin LinuxDeviceProfileSelector
LogPluginManager: Mounting plugin LocationServicesBPLibrary
LogPluginManager: Mounting plugin MobilePatchingUtils
LogPluginManager: Mounting plugin OculusVR
LogPluginManager: Mounting plugin PhysXVehicles
LogPluginManager: Mounting plugin ProceduralMeshComponent
LogPluginManager: Mounting plugin RuntimePhysXCooking
LogPluginManager: Mounting plugin SignificanceManager
LogPluginManager: Mounting plugin SteamVR
LogPluginManager: Mounting plugin WebMMoviePlayer
LogPluginManager: Mounting plugin WindowsMoviePlayer
LogPluginManager: Mounting plugin DatasmithCADImporter
LogPluginManager: Mounting plugin DatasmithDataPrepEditor
LogPluginManager: Mounting plugin DatasmithFBXImporter
LogPluginManager: Mounting plugin DatasmithGLTFImporter
LogPluginManager: Mounting plugin DatasmithImporter
LogPluginManager: Mounting plugin MDLImporter
LogPluginManager: Mounting plugin StaticMeshEditorExtension
LogPluginManager: Mounting plugin VariantManager
LogInit: Using libcurl 7.55.1-DEV
LogInit:  - built for x86_64-pc-win32
LogInit:  - supports SSL with OpenSSL/1.1.1
LogInit:  - supports HTTP deflate (compression) using libz 1.2.8
LogInit:  - other features:
LogInit:      CURL_VERSION_SSL
LogInit:      CURL_VERSION_LIBZ
LogInit:      CURL_VERSION_IPV6
LogInit:      CURL_VERSION_ASYNCHDNS
LogInit:      CURL_VERSION_LARGEFILE
LogInit:      CURL_VERSION_IDN
LogInit:  CurlRequestOptions (configurable via config and command line):
LogInit:  - bVerifyPeer = true  - Libcurl will verify peer certificate
LogInit:  - bUseHttpProxy = false  - Libcurl will NOT use HTTP proxy
LogInit:  - bDontReuseConnections = false  - Libcurl will reuse connections
LogInit:  - MaxHostConnections = 16  - Libcurl will limit the number of connections to a host
LogInit:  - LocalHostAddr = Default
LogInit:  - BufferSize = 65536
LogInit: WinSock: version 1.1 (2.2), MaxSocks=32767, MaxUdp=65467
LogHMD: Failed initializing OVRPlugin 1.32.0
LogInit: Build: ++UE4+Release-4.22-CL-7053642
LogInit: Engine Version: 4.22.3-7053642+++UE4+Release-4.22
LogInit: Compatible Engine Version: 4.22.0-5660361+++UE4+Release-4.22
LogInit: Net CL: 5660361
LogInit: OS: Windows 10 (Release 1903) (), CPU: Intel(R) Core(TM) i7-7700HQ CPU @ 2.80GHz, GPU: NVIDIA GeForce GTX 1070
LogInit: Compiled (64-bit): Jun 18 2019 03:09:11
LogInit: Compiled with Visual C++: 19.16.27025.01
LogInit: Build Configuration: Development
LogInit: Branch Name: ++UE4+Release-4.22
LogInit: Command Line:  -skipcompile
LogInit: Base Directory: D:/TheBestGame/UE_4.22/Engine/Binaries/Win64/
LogInit: Installed Engine Build: 1
LogDevObjectVersion: Number of dev versions registered: 23
LogDevObjectVersion:   Dev-Blueprints (B0D832E4-1F89-4F0D-ACCF-7EB736FD4AA2): 10
LogDevObjectVersion:   Dev-Build (E1C64328-A22C-4D53-A36C-8E866417BD8C): 0
LogDevObjectVersion:   Dev-Core (375EC13C-06E4-48FB-B500-84F0262A717E): 3
LogDevObjectVersion:   Dev-Editor (E4B068ED-F494-42E9-A231-DA0B2E46BB41): 30
LogDevObjectVersion:   Dev-Framework (CFFC743F-43B0-4480-9391-14DF171D2073): 35
LogDevObjectVersion:   Dev-Mobile (B02B49B5-BB20-44E9-A304-32B752E40360): 2
LogDevObjectVersion:   Dev-Networking (A4E4105C-59A1-49B5-A7C5-40C4547EDFEE): 0
LogDevObjectVersion:   Dev-Online (39C831C9-5AE6-47DC-9A44-9C173E1C8E7C): 0
LogDevObjectVersion:   Dev-Physics (78F01B33-EBEA-4F98-B9B4-84EACCB95AA2): 0
LogDevObjectVersion:   Dev-Platform (6631380F-2D4D-43E0-8009-CF276956A95A): 0
LogDevObjectVersion:   Dev-Rendering (12F88B9F-8875-4AFC-A67C-D90C383ABD29): 28
LogDevObjectVersion:   Dev-Sequencer (7B5AE74C-D270-4C10-A958-57980B212A5A): 11
LogDevObjectVersion:   Dev-VR (D7296918-1DD6-4BDD-9DE2-64A83CC13884): 2
LogDevObjectVersion:   Dev-LoadTimes (C2A15278-BFE7-4AFE-6C17-90FF531DF755): 1
LogDevObjectVersion:   Private-Geometry (6EACA3D4-40EC-4CC1-B786-8BED09428FC5): 3
LogDevObjectVersion:   Dev-AnimPhys (29E575DD-E0A3-4627-9D10-D276232CDCEA): 17
LogDevObjectVersion:   Dev-Anim (AF43A65D-7FD3-4947-9873-3E8ED9C1BB05): 2
LogDevObjectVersion:   Dev-ReflectionCapture (6B266CEC-1EC7-4B8F-A30B-E4D90942FC07): 1
LogDevObjectVersion:   Dev-Automation (0DF73D61-A23F-47EA-B727-89E90C41499A): 1
LogDevObjectVersion:   FortniteMain (601D1886-AC64-4F84-AA16-D3DE0DEAC7D6): 25
LogDevObjectVersion:   Dev-Enterprise (9DFFBCD6-494F-0158-E221-12823C92A888): 6
LogDevObjectVersion:   Dev-Niagara (F2AED0AC-9AFE-416F-8664-AA7FFA26D6FC): 1
LogDevObjectVersion:   Dev-Destruction (174F1F0B-B4C6-45A5-B13F-2EE8D0FB917D): 2
LogInit: Presizing for max 16777216 objects, including 0 objects not considered by GC, pre-allocating 0 bytes for permanent pool.
LogInit: Object subsystem initialized
LogConfig: Setting CVar [[con.DebugEarlyDefault:1]]
LogConfig: Setting CVar [[r.setres:1280x720]]
[2020.02.13-21.18.25:018][  0]LogConfig: Setting CVar [[r.VSync:0]]
[2020.02.13-21.18.25:018][  0]LogConfig: Setting CVar [[r.RHICmdBypass:0]]
[2020.02.13-21.18.25:020][  0]LogConfig: Applying CVar settings from Section [/Script/Engine.RendererSettings] File [C:/SeniorProject/PollutionProject/SeniorProject/Saved/Config/Windows/Engine.ini]
[2020.02.13-21.18.25:020][  0]LogConfig: Setting CVar [[r.GPUCrashDebugging:0]]
[2020.02.13-21.18.25:020][  0]LogConfig: Setting CVar [[r.DefaultFeature.AutoExposure.ExtendDefaultLuminanceRange:1]]
[2020.02.13-21.18.25:020][  0]LogConfig: Setting CVar [[r.GenerateMeshDistanceFields:1]]
[2020.02.13-21.18.25:020][  0]LogConfig: Applying CVar settings from Section [/Script/Engine.RendererOverrideSettings] File [C:/SeniorProject/PollutionProject/SeniorProject/Saved/Config/Windows/Engine.ini]
[2020.02.13-21.18.25:020][  0]LogConfig: Applying CVar settings from Section [/Script/Engine.StreamingSettings] File [C:/SeniorProject/PollutionProject/SeniorProject/Saved/Config/Windows/Engine.ini]
[2020.02.13-21.18.25:020][  0]LogConfig: Setting CVar [[s.MinBulkDataSizeForAsyncLoading:131072]]
[2020.02.13-21.18.25:020][  0]LogConfig: Setting CVar [[s.AsyncLoadingThreadEnabled:0]]
[2020.02.13-21.18.25:020][  0]LogConfig: Setting CVar [[s.EventDrivenLoaderEnabled:1]]
[2020.02.13-21.18.25:020][  0]LogConfig: Setting CVar [[s.WarnIfTimeLimitExceeded:0]]
[2020.02.13-21.18.25:020][  0]LogConfig: Setting CVar [[s.TimeLimitExceededMultiplier:1.5]]
[2020.02.13-21.18.25:020][  0]LogConfig: Setting CVar [[s.TimeLimitExceededMinTime:0.005]]
[2020.02.13-21.18.25:020][  0]LogConfig: Setting CVar [[s.UseBackgroundLevelStreaming:1]]
[2020.02.13-21.18.25:020][  0]LogConfig: Setting CVar [[s.PriorityAsyncLoadingExtraTime:15.0]]
[2020.02.13-21.18.25:020][  0]LogConfig: Setting CVar [[s.LevelStreamingActorsUpdateTimeLimit:5.0]]
[2020.02.13-21.18.25:020][  0]LogConfig: Setting CVar [[s.PriorityLevelStreamingActorsUpdateExtraTime:5.0]]
[2020.02.13-21.18.25:020][  0]LogConfig: Setting CVar [[s.LevelStreamingComponentsRegistrationGranularity:10]]
[2020.02.13-21.18.25:020][  0]LogConfig: Setting CVar [[s.UnregisterComponentsTimeLimit:1.0]]
[2020.02.13-21.18.25:020][  0]LogConfig: Setting CVar [[s.LevelStreamingComponentsUnregistrationGranularity:5]]
[2020.02.13-21.18.25:021][  0]LogConfig: Applying CVar settings from Section [/Script/Engine.GarbageCollectionSettings] File [C:/SeniorProject/PollutionProject/SeniorProject/Saved/Config/Windows/Engine.ini]
[2020.02.13-21.18.25:021][  0]LogConfig: Setting CVar [[gc.MaxObjectsNotConsideredByGC:1]]
[2020.02.13-21.18.25:021][  0]LogConfig: Setting CVar [[gc.SizeOfPermanentObjectPool:0]]
[2020.02.13-21.18.25:021][  0]LogConfig: Setting CVar [[gc.FlushStreamingOnGC:0]]
[2020.02.13-21.18.25:021][  0]LogConfig: Setting CVar [[gc.NumRetriesBeforeForcingGC:10]]
[2020.02.13-21.18.25:021][  0]LogConfig: Setting CVar [[gc.AllowParallelGC:1]]
[2020.02.13-21.18.25:021][  0]LogConfig: Setting CVar [[gc.TimeBetweenPurgingPendingKillObjects:61.1]]
[2020.02.13-21.18.25:021][  0]LogConfig: Setting CVar [[gc.MaxObjectsInEditor:16777216]]
[2020.02.13-21.18.25:021][  0]LogConfig: Setting CVar [[gc.IncrementalBeginDestroyEnabled:1]]
[2020.02.13-21.18.25:022][  0]LogConfig: Setting CVar [[gc.CreateGCClusters:1]]
[2020.02.13-21.18.25:022][  0]LogConfig: Setting CVar [[gc.MinGCClusterSize:5]]
[2020.02.13-21.18.25:022][  0]LogConfig: Setting CVar [[gc.ActorClusteringEnabled:0]]
[2020.02.13-21.18.25:022][  0]LogConfig: Setting CVar [[gc.BlueprintClusteringEnabled:0]]
[2020.02.13-21.18.25:022][  0]LogConfig: Setting CVar [[gc.UseDisregardForGCOnDedicatedServers:0]]
[2020.02.13-21.18.25:022][  0]LogConfig: Applying CVar settings from Section [/Script/Engine.NetworkSettings] File [C:/SeniorProject/PollutionProject/SeniorProject/Saved/Config/Windows/Engine.ini]
[2020.02.13-21.18.25:022][  0]LogConfig: Applying CVar settings from Section [/Script/UnrealEd.CookerSettings] File [C:/SeniorProject/PollutionProject/SeniorProject/Saved/Config/Windows/Engine.ini]
[2020.02.13-21.18.25:104][  0]LogConfig: Applying CVar settings from Section [ViewDistanceQuality@3] File [C:/SeniorProject/PollutionProject/SeniorProject/Saved/Config/Windows/Scalability.ini]
[2020.02.13-21.18.25:104][  0]LogConfig: Setting CVar [[r.SkeletalMeshLODBias:0]]
[2020.02.13-21.18.25:104][  0]LogConfig: Setting CVar [[r.ViewDistanceScale:1.0]]
[2020.02.13-21.18.25:104][  0]LogConfig: Applying CVar settings from Section [AntiAliasingQuality@3] File [C:/SeniorProject/PollutionProject/SeniorProject/Saved/Config/Windows/Scalability.ini]
[2020.02.13-21.18.25:104][  0]LogConfig: Setting CVar [[r.PostProcessAAQuality:4]]
[2020.02.13-21.18.25:104][  0]LogConfig: Applying CVar settings from Section [ShadowQuality@3] File [C:/SeniorProject/PollutionProject/SeniorProject/Saved/Config/Windows/Scalability.ini]
[2020.02.13-21.18.25:105][  0]LogConfig: Setting CVar [[r.LightFunctionQuality:1]]
[2020.02.13-21.18.25:105][  0]LogConfig: Setting CVar [[r.ShadowQuality:5]]
[2020.02.13-21.18.25:105][  0]LogConfig: Setting CVar [[r.Shadow.CSM.MaxCascades:10]]
[2020.02.13-21.18.25:105][  0]LogConfig: Setting CVar [[r.Shadow.MaxResolution:2048]]
[2020.02.13-21.18.25:105][  0]LogConfig: Setting CVar [[r.Shadow.MaxCSMResolution:2048]]
[2020.02.13-21.18.25:105][  0]LogConfig: Setting CVar [[r.Shadow.RadiusThreshold:0.01]]
[2020.02.13-21.18.25:105][  0]LogConfig: Setting CVar [[r.Shadow.DistanceScale:1.0]]
[2020.02.13-21.18.25:105][  0]LogConfig: Setting CVar [[r.Shadow.CSM.TransitionScale:1.0]]
[2020.02.13-21.18.25:105][  0]LogConfig: Setting CVar [[r.Shadow.PreShadowResolutionFactor:1.0]]
[2020.02.13-21.18.25:106][  0]LogConfig: Setting CVar [[r.DistanceFieldShadowing:1]]
[2020.02.13-21.18.25:106][  0]LogConfig: Setting CVar [[r.DistanceFieldAO:1]]
[2020.02.13-21.18.25:106][  0]LogConfig: Setting CVar [[r.AOQuality:2]]
[2020.02.13-21.18.25:106][  0]LogConfig: Setting CVar [[r.VolumetricFog:1]]
[2020.02.13-21.18.25:106][  0]LogConfig: Setting CVar [[r.VolumetricFog.GridPixelSize:8]]
[2020.02.13-21.18.25:106][  0]LogConfig: Setting CVar [[r.VolumetricFog.GridSizeZ:128]]
[2020.02.13-21.18.25:106][  0]LogConfig: Setting CVar [[r.VolumetricFog.HistoryMissSupersampleCount:4]]
[2020.02.13-21.18.25:106][  0]LogConfig: Setting CVar [[r.LightMaxDrawDistanceScale:1]]
[2020.02.13-21.18.25:106][  0]LogConfig: Setting CVar [[r.CapsuleShadows:1]]
[2020.02.13-21.18.25:106][  0]LogConfig: Applying CVar settings from Section [PostProcessQuality@3] File [C:/SeniorProject/PollutionProject/SeniorProject/Saved/Config/Windows/Scalability.ini]
[2020.02.13-21.18.25:107][  0]LogConfig: Setting CVar [[r.MotionBlurQuality:4]]
[2020.02.13-21.18.25:107][  0]LogConfig: Setting CVar [[r.AmbientOcclusionMipLevelFactor:0.4]]
[2020.02.13-21.18.25:107][  0]LogConfig: Setting CVar [[r.AmbientOcclusionMaxQuality:100]]
[2020.02.13-21.18.25:107][  0]LogConfig: Setting CVar [[r.AmbientOcclusionLevels:-1]]
[2020.02.13-21.18.25:107][  0]LogConfig: Setting CVar [[r.AmbientOcclusionRadiusScale:1.0]]
[2020.02.13-21.18.25:107][  0]LogConfig: Setting CVar [[r.DepthOfFieldQuality:2]]
[2020.02.13-21.18.25:107][  0]LogConfig: Setting CVar [[r.RenderTargetPoolMin:400]]
[2020.02.13-21.18.25:107][  0]LogConfig: Setting CVar [[r.LensFlareQuality:2]]
[2020.02.13-21.18.25:107][  0]LogConfig: Setting CVar [[r.SceneColorFringeQuality:1]]
[2020.02.13-21.18.25:107][  0]LogConfig: Setting CVar [[r.EyeAdaptationQuality:2]]
[2020.02.13-21.18.25:107][  0]LogConfig: Setting CVar [[r.BloomQuality:5]]
[2020.02.13-21.18.25:108][  0]LogConfig: Setting CVar [[r.FastBlurThreshold:100]]
[2020.02.13-21.18.25:108][  0]LogConfig: Setting CVar [[r.Upscale.Quality:3]]
[2020.02.13-21.18.25:108][  0]LogConfig: Setting CVar [[r.Tonemapper.GrainQuantization:1]]
[2020.02.13-21.18.25:108][  0]LogConfig: Setting CVar [[r.LightShaftQuality:1]]
[2020.02.13-21.18.25:108][  0]LogConfig: Setting CVar [[r.Filter.SizeScale:1]]
[2020.02.13-21.18.25:108][  0]LogConfig: Setting CVar [[r.Tonemapper.Quality:5]]
[2020.02.13-21.18.25:108][  0]LogConfig: Setting CVar [[r.DOF.Gather.AccumulatorQuality:1        ; higher gathering accumulator quality]]
[2020.02.13-21.18.25:108][  0]LogConfig: Setting CVar [[r.DOF.Gather.PostfilterMethod:1          ; Median3x3 postfilering method]]
[2020.02.13-21.18.25:108][  0]LogConfig: Setting CVar [[r.DOF.Gather.EnableBokehSettings:0       ; no bokeh simulation when gathering]]
[2020.02.13-21.18.25:108][  0]LogConfig: Setting CVar [[r.DOF.Gather.RingCount:4                 ; medium number of samples when gathering]]
[2020.02.13-21.18.25:108][  0]LogConfig: Setting CVar [[r.DOF.Scatter.ForegroundCompositing:1    ; additive foreground scattering]]
[2020.02.13-21.18.25:108][  0]LogConfig: Setting CVar [[r.DOF.Scatter.BackgroundCompositing:2    ; additive background scattering]]
[2020.02.13-21.18.25:109][  0]LogConfig: Setting CVar [[r.DOF.Scatter.EnableBokehSettings:1      ; bokeh simulation when scattering]]
[2020.02.13-21.18.25:109][  0]LogConfig: Setting CVar [[r.DOF.Scatter.MaxSpriteRatio:0.1         ; only a maximum of 10% of scattered bokeh]]
[2020.02.13-21.18.25:109][  0]LogConfig: Setting CVar [[r.DOF.Recombine.Quality:1                ; cheap slight out of focus]]
[2020.02.13-21.18.25:109][  0]LogConfig: Setting CVar [[r.DOF.Recombine.EnableBokehSettings:0    ; no bokeh simulation on slight out of focus]]
[2020.02.13-21.18.25:109][  0]LogConfig: Setting CVar [[r.DOF.TemporalAAQuality:1                ; more stable temporal accumulation]]
[2020.02.13-21.18.25:109][  0]LogConfig: Setting CVar [[r.DOF.Kernel.MaxForegroundRadius:0.025]]
[2020.02.13-21.18.25:109][  0]LogConfig: Setting CVar [[r.DOF.Kernel.MaxBackgroundRadius:0.025]]
[2020.02.13-21.18.25:109][  0]LogConfig: Applying CVar settings from Section [TextureQuality@3] File [C:/SeniorProject/PollutionProject/SeniorProject/Saved/Config/Windows/Scalability.ini]
[2020.02.13-21.18.25:109][  0]LogConfig: Setting CVar [[r.Streaming.MipBias:0]]
[2020.02.13-21.18.25:109][  0]LogConfig: Setting CVar [[r.Streaming.AmortizeCPUToGPUCopy:0]]
[2020.02.13-21.18.25:109][  0]LogConfig: Setting CVar [[r.Streaming.MaxNumTexturesToStreamPerFrame:0]]
[2020.02.13-21.18.25:109][  0]LogConfig: Setting CVar [[r.Streaming.Boost:1]]
[2020.02.13-21.18.25:109][  0]LogConfig: Setting CVar [[r.MaxAnisotropy:8]]
[2020.02.13-21.18.25:110][  0]LogConfig: Setting CVar [[r.Streaming.LimitPoolSizeToVRAM:0]]
[2020.02.13-21.18.25:110][  0]LogConfig: Setting CVar [[r.Streaming.PoolSize:1000]]
[2020.02.13-21.18.25:110][  0]LogConfig: Setting CVar [[r.Streaming.MaxEffectiveScreenSize:0]]
[2020.02.13-21.18.25:110][  0]LogConfig: Applying CVar settings from Section [EffectsQuality@3] File [C:/SeniorProject/PollutionProject/SeniorProject/Saved/Config/Windows/Scalability.ini]
[2020.02.13-21.18.25:110][  0]LogConfig: Setting CVar [[r.TranslucencyLightingVolumeDim:64]]
[2020.02.13-21.18.25:110][  0]LogConfig: Setting CVar [[r.RefractionQuality:2]]
[2020.02.13-21.18.25:110][  0]LogConfig: Setting CVar [[r.SSR.Quality:3]]
[2020.02.13-21.18.25:110][  0]LogConfig: Setting CVar [[r.SceneColorFormat:4]]
[2020.02.13-21.18.25:110][  0]LogConfig: Setting CVar [[r.DetailMode:2]]
[2020.02.13-21.18.25:110][  0]LogConfig: Setting CVar [[r.TranslucencyVolumeBlur:1]]
[2020.02.13-21.18.25:110][  0]LogConfig: Setting CVar [[r.MaterialQualityLevel:1 ; High quality]]
[2020.02.13-21.18.25:111][  0]LogConfig: Setting CVar [[r.SSS.Scale:1]]
[2020.02.13-21.18.25:111][  0]LogConfig: Setting CVar [[r.SSS.SampleSet:2]]
[2020.02.13-21.18.25:111][  0]LogConfig: Setting CVar [[r.SSS.Quality:1]]
[2020.02.13-21.18.25:111][  0]LogConfig: Setting CVar [[r.SSS.HalfRes:1]]
[2020.02.13-21.18.25:111][  0]LogConfig: Setting CVar [[r.EmitterSpawnRateScale:1.0]]
[2020.02.13-21.18.25:111][  0]LogConfig: Setting CVar [[r.ParticleLightQuality:2]]
[2020.02.13-21.18.25:111][  0]LogConfig: Applying CVar settings from Section [FoliageQuality@3] File [C:/SeniorProject/PollutionProject/SeniorProject/Saved/Config/Windows/Scalability.ini]
[2020.02.13-21.18.25:111][  0]LogConfig: Setting CVar [[foliage.DensityScale:1.0]]
[2020.02.13-21.18.25:111][  0]LogConfig: Setting CVar [[grass.DensityScale:1.0]]
[2020.02.13-21.18.25:118][  0]LogInit: Selected Device Profile: [Windows]
[2020.02.13-21.18.25:118][  0]LogInit: Applying CVar settings loaded from the selected device profile: [Windows]
[2020.02.13-21.18.25:184][  0]LogHAL: Display: Platform has ~ 16 GB [17130708992 / 17179869184 / 16], which maps to Larger [LargestMinGB=32, LargerMinGB=12, DefaultMinGB=8, SmallerMinGB=6, SmallestMinGB=0)
[2020.02.13-21.18.25:194][  0]LogConfig: Setting CVar [[r.Vulkan.UseRealUBs:0		; Required until we fix HLR fall-out]]
[2020.02.13-21.18.25:195][  0]LogInit: Going up to parent DeviceProfile []
[2020.02.13-21.18.25:213][  0]LogConfig: Applying CVar settings from Section [ViewDistanceQuality@3] File [C:/SeniorProject/PollutionProject/SeniorProject/Saved/Config/Windows/Scalability.ini]
[2020.02.13-21.18.25:213][  0]LogConfig: Setting CVar [[r.SkeletalMeshLODBias:0]]
[2020.02.13-21.18.25:213][  0]LogConfig: Setting CVar [[r.ViewDistanceScale:1.0]]
[2020.02.13-21.18.25:214][  0]LogConfig: Applying CVar settings from Section [AntiAliasingQuality@3] File [C:/SeniorProject/PollutionProject/SeniorProject/Saved/Config/Windows/Scalability.ini]
[2020.02.13-21.18.25:214][  0]LogConfig: Setting CVar [[r.PostProcessAAQuality:4]]
[2020.02.13-21.18.25:214][  0]LogConfig: Applying CVar settings from Section [ShadowQuality@3] File [C:/SeniorProject/PollutionProject/SeniorProject/Saved/Config/Windows/Scalability.ini]
[2020.02.13-21.18.25:214][  0]LogConfig: Setting CVar [[r.LightFunctionQuality:1]]
[2020.02.13-21.18.25:214][  0]LogConfig: Setting CVar [[r.ShadowQuality:5]]
[2020.02.13-21.18.25:214][  0]LogConfig: Setting CVar [[r.Shadow.CSM.MaxCascades:10]]
[2020.02.13-21.18.25:214][  0]LogConfig: Setting CVar [[r.Shadow.MaxResolution:2048]]
[2020.02.13-21.18.25:214][  0]LogConfig: Setting CVar [[r.Shadow.MaxCSMResolution:2048]]
[2020.02.13-21.18.25:214][  0]LogConfig: Setting CVar [[r.Shadow.RadiusThreshold:0.01]]
[2020.02.13-21.18.25:214][  0]LogConfig: Setting CVar [[r.Shadow.DistanceScale:1.0]]
[2020.02.13-21.18.25:214][  0]LogConfig: Setting CVar [[r.Shadow.CSM.TransitionScale:1.0]]
[2020.02.13-21.18.25:214][  0]LogConfig: Setting CVar [[r.Shadow.PreShadowResolutionFactor:1.0]]
[2020.02.13-21.18.25:214][  0]LogConfig: Setting CVar [[r.DistanceFieldShadowing:1]]
[2020.02.13-21.18.25:214][  0]LogConfig: Setting CVar [[r.DistanceFieldAO:1]]
[2020.02.13-21.18.25:215][  0]LogConfig: Setting CVar [[r.AOQuality:2]]
[2020.02.13-21.18.25:215][  0]LogConfig: Setting CVar [[r.VolumetricFog:1]]
[2020.02.13-21.18.25:215][  0]LogConfig: Setting CVar [[r.VolumetricFog.GridPixelSize:8]]
[2020.02.13-21.18.25:215][  0]LogConfig: Setting CVar [[r.VolumetricFog.GridSizeZ:128]]
[2020.02.13-21.18.25:215][  0]LogConfig: Setting CVar [[r.VolumetricFog.HistoryMissSupersampleCount:4]]
[2020.02.13-21.18.25:215][  0]LogConfig: Setting CVar [[r.LightMaxDrawDistanceScale:1]]
[2020.02.13-21.18.25:215][  0]LogConfig: Setting CVar [[r.CapsuleShadows:1]]
[2020.02.13-21.18.25:215][  0]LogConfig: Applying CVar settings from Section [PostProcessQuality@3] File [C:/SeniorProject/PollutionProject/SeniorProject/Saved/Config/Windows/Scalability.ini]
[2020.02.13-21.18.25:215][  0]LogConfig: Setting CVar [[r.MotionBlurQuality:4]]
[2020.02.13-21.18.25:215][  0]LogConfig: Setting CVar [[r.AmbientOcclusionMipLevelFactor:0.4]]
[2020.02.13-21.18.25:216][  0]LogConfig: Setting CVar [[r.AmbientOcclusionMaxQuality:100]]
[2020.02.13-21.18.25:216][  0]LogConfig: Setting CVar [[r.AmbientOcclusionLevels:-1]]
[2020.02.13-21.18.25:216][  0]LogConfig: Setting CVar [[r.AmbientOcclusionRadiusScale:1.0]]
[2020.02.13-21.18.25:216][  0]LogConfig: Setting CVar [[r.DepthOfFieldQuality:2]]
[2020.02.13-21.18.25:216][  0]LogConfig: Setting CVar [[r.RenderTargetPoolMin:400]]
[2020.02.13-21.18.25:216][  0]LogConfig: Setting CVar [[r.LensFlareQuality:2]]
[2020.02.13-21.18.25:216][  0]LogConfig: Setting CVar [[r.SceneColorFringeQuality:1]]
[2020.02.13-21.18.25:216][  0]LogConfig: Setting CVar [[r.EyeAdaptationQuality:2]]
[2020.02.13-21.18.25:216][  0]LogConfig: Setting CVar [[r.BloomQuality:5]]
[2020.02.13-21.18.25:216][  0]LogConfig: Setting CVar [[r.FastBlurThreshold:100]]
[2020.02.13-21.18.25:217][  0]LogConfig: Setting CVar [[r.Upscale.Quality:3]]
[2020.02.13-21.18.25:217][  0]LogConfig: Setting CVar [[r.Tonemapper.GrainQuantization:1]]
[2020.02.13-21.18.25:217][  0]LogConfig: Setting CVar [[r.LightShaftQuality:1]]
[2020.02.13-21.18.25:217][  0]LogConfig: Setting CVar [[r.Filter.SizeScale:1]]
[2020.02.13-21.18.25:217][  0]LogConfig: Setting CVar [[r.Tonemapper.Quality:5]]
[2020.02.13-21.18.25:217][  0]LogConfig: Setting CVar [[r.DOF.Gather.AccumulatorQuality:1        ; higher gathering accumulator quality]]
[2020.02.13-21.18.25:217][  0]LogConfig: Setting CVar [[r.DOF.Gather.PostfilterMethod:1          ; Median3x3 postfilering method]]
[2020.02.13-21.18.25:217][  0]LogConfig: Setting CVar [[r.DOF.Gather.EnableBokehSettings:0       ; no bokeh simulation when gathering]]
[2020.02.13-21.18.25:217][  0]LogConfig: Setting CVar [[r.DOF.Gather.RingCount:4                 ; medium number of samples when gathering]]
[2020.02.13-21.18.25:217][  0]LogConfig: Setting CVar [[r.DOF.Scatter.ForegroundCompositing:1    ; additive foreground scattering]]
[2020.02.13-21.18.25:218][  0]LogConfig: Setting CVar [[r.DOF.Scatter.BackgroundCompositing:2    ; additive background scattering]]
[2020.02.13-21.18.25:218][  0]LogConfig: Setting CVar [[r.DOF.Scatter.EnableBokehSettings:1      ; bokeh simulation when scattering]]
[2020.02.13-21.18.25:218][  0]LogConfig: Setting CVar [[r.DOF.Scatter.MaxSpriteRatio:0.1         ; only a maximum of 10% of scattered bokeh]]
[2020.02.13-21.18.25:218][  0]LogConfig: Setting CVar [[r.DOF.Recombine.Quality:1                ; cheap slight out of focus]]
[2020.02.13-21.18.25:218][  0]LogConfig: Setting CVar [[r.DOF.Recombine.EnableBokehSettings:0    ; no bokeh simulation on slight out of focus]]
[2020.02.13-21.18.25:218][  0]LogConfig: Setting CVar [[r.DOF.TemporalAAQuality:1                ; more stable temporal accumulation]]
[2020.02.13-21.18.25:218][  0]LogConfig: Setting CVar [[r.DOF.Kernel.MaxForegroundRadius:0.025]]
[2020.02.13-21.18.25:218][  0]LogConfig: Setting CVar [[r.DOF.Kernel.MaxBackgroundRadius:0.025]]
[2020.02.13-21.18.25:218][  0]LogConfig: Applying CVar settings from Section [TextureQuality@3] File [C:/SeniorProject/PollutionProject/SeniorProject/Saved/Config/Windows/Scalability.ini]
[2020.02.13-21.18.25:218][  0]LogConfig: Setting CVar [[r.Streaming.MipBias:0]]
[2020.02.13-21.18.25:218][  0]LogConfig: Setting CVar [[r.Streaming.AmortizeCPUToGPUCopy:0]]
[2020.02.13-21.18.25:219][  0]LogConfig: Setting CVar [[r.Streaming.MaxNumTexturesToStreamPerFrame:0]]
[2020.02.13-21.18.25:219][  0]LogConfig: Setting CVar [[r.Streaming.Boost:1]]
[2020.02.13-21.18.25:219][  0]LogConfig: Setting CVar [[r.MaxAnisotropy:8]]
[2020.02.13-21.18.25:219][  0]LogConfig: Setting CVar [[r.Streaming.LimitPoolSizeToVRAM:0]]
[2020.02.13-21.18.25:219][  0]LogConfig: Setting CVar [[r.Streaming.PoolSize:1000]]
[2020.02.13-21.18.25:219][  0]LogConfig: Setting CVar [[r.Streaming.MaxEffectiveScreenSize:0]]
[2020.02.13-21.18.25:219][  0]LogConfig: Applying CVar settings from Section [EffectsQuality@3] File [C:/SeniorProject/PollutionProject/SeniorProject/Saved/Config/Windows/Scalability.ini]
[2020.02.13-21.18.25:219][  0]LogConfig: Setting CVar [[r.TranslucencyLightingVolumeDim:64]]
[2020.02.13-21.18.25:219][  0]LogConfig: Setting CVar [[r.RefractionQuality:2]]
[2020.02.13-21.18.25:219][  0]LogConfig: Setting CVar [[r.SSR.Quality:3]]
[2020.02.13-21.18.25:219][  0]LogConfig: Setting CVar [[r.SceneColorFormat:4]]
[2020.02.13-21.18.25:219][  0]LogConfig: Setting CVar [[r.DetailMode:2]]
[2020.02.13-21.18.25:219][  0]LogConfig: Setting CVar [[r.TranslucencyVolumeBlur:1]]
[2020.02.13-21.18.25:219][  0]LogConfig: Setting CVar [[r.MaterialQualityLevel:1 ; High quality]]
[2020.02.13-21.18.25:219][  0]LogConfig: Setting CVar [[r.SSS.Scale:1]]
[2020.02.13-21.18.25:220][  0]LogConfig: Setting CVar [[r.SSS.SampleSet:2]]
[2020.02.13-21.18.25:220][  0]LogConfig: Setting CVar [[r.SSS.Quality:1]]
[2020.02.13-21.18.25:220][  0]LogConfig: Setting CVar [[r.SSS.HalfRes:1]]
[2020.02.13-21.18.25:220][  0]LogConfig: Setting CVar [[r.EmitterSpawnRateScale:1.0]]
[2020.02.13-21.18.25:220][  0]LogConfig: Setting CVar [[r.ParticleLightQuality:2]]
[2020.02.13-21.18.25:220][  0]LogConfig: Applying CVar settings from Section [FoliageQuality@3] File [C:/SeniorProject/PollutionProject/SeniorProject/Saved/Config/Windows/Scalability.ini]
[2020.02.13-21.18.25:220][  0]LogConfig: Setting CVar [[foliage.DensityScale:1.0]]
[2020.02.13-21.18.25:220][  0]LogConfig: Setting CVar [[grass.DensityScale:1.0]]
[2020.02.13-21.18.25:220][  0]LogConfig: Applying CVar settings from Section [Startup] File [../../../Engine/Config/ConsoleVariables.ini]
[2020.02.13-21.18.25:220][  0]LogConfig: Setting CVar [[net.UseAdaptiveNetUpdateFrequency:0]]
[2020.02.13-21.18.25:220][  0]LogConfig: Setting CVar [[p.chaos.AllowCreatePhysxBodies:1]]
[2020.02.13-21.18.25:220][  0]LogConfig: Applying CVar settings from Section [ConsoleVariables] File [C:/SeniorProject/PollutionProject/SeniorProject/Saved/Config/Windows/Engine.ini]
[2020.02.13-21.18.25:253][  0]LogInit: Computer: DESKTOP-L1LT82N
[2020.02.13-21.18.25:253][  0]LogInit: User: Greg
[2020.02.13-21.18.25:253][  0]LogInit: CPU Page size=4096, Cores=4
[2020.02.13-21.18.25:253][  0]LogInit: High frequency timer resolution =10.000000 MHz
[2020.02.13-21.18.25:254][  0]LogMemory: Memory total: Physical=16.0GB (16GB approx)
[2020.02.13-21.18.25:254][  0]LogMemory: Platform Memory Stats for Windows
[2020.02.13-21.18.25:254][  0]LogMemory: Process Physical Memory: 104.29 MB used, 104.30 MB peak
[2020.02.13-21.18.25:254][  0]LogMemory: Process Virtual Memory: 106.47 MB used, 106.47 MB peak
[2020.02.13-21.18.25:254][  0]LogMemory: Physical Memory: 9401.08 MB used,  6936.04 MB free, 16337.12 MB total
[2020.02.13-21.18.25:255][  0]LogMemory: Virtual Memory: 4676.29 MB used,  134213048.00 MB free, 134217728.00 MB total
[2020.02.13-21.18.28:353][  0]LogInit: Using OS detected language (en-US).
[2020.02.13-21.18.28:353][  0]LogInit: Using OS detected locale (en-US).
[2020.02.13-21.18.28:399][  0]LogTextLocalizationManager: No specific localization for 'en-US' exists, so the 'en' localization will be used.
[2020.02.13-21.18.29:253][  0]LogInit: Setting process to per monitor DPI aware
[2020.02.13-21.18.30:148][  0]LogSlate: New Slate User Created.  User Index 0, Is Virtual User: 0
[2020.02.13-21.18.30:148][  0]LogSlate: Slate User Registered.  User Index 0, Is Virtual User: 0
[2020.02.13-21.18.35:026][  0]LogHMD: Failed to initialize OpenVR with code 110
[2020.02.13-21.18.35:026][  0]LogD3D11RHI: D3D11 adapters:
[2020.02.13-21.18.35:140][  0]LogD3D11RHI:    0. 'NVIDIA GeForce GTX 1070' (Feature Level 11_0)
[2020.02.13-21.18.35:140][  0]LogD3D11RHI:       8089/0/8168 MB DedicatedVideo/DedicatedSystem/SharedSystem, Outputs:1, VendorId:0x10de
[2020.02.13-21.18.35:152][  0]LogD3D11RHI:    1. 'Microsoft Basic Render Driver' (Feature Level 11_0)
[2020.02.13-21.18.35:152][  0]LogD3D11RHI:       0/0/8168 MB DedicatedVideo/DedicatedSystem/SharedSystem, Outputs:0, VendorId:0x1414
[2020.02.13-21.18.35:152][  0]LogD3D11RHI: Chosen D3D11 Adapter: 0
[2020.02.13-21.18.35:222][  0]LogD3D11RHI: Creating new Direct3DDevice
[2020.02.13-21.18.35:223][  0]LogD3D11RHI:     GPU DeviceId: 0x1be1 (for the marketing name, search the web for "GPU Device Id")
[2020.02.13-21.18.35:239][  0]LogWindows: EnumDisplayDevices:
[2020.02.13-21.18.35:239][  0]LogWindows:    0. 'NVIDIA GeForce GTX 1070' (P:1 D:1)
[2020.02.13-21.18.35:240][  0]LogWindows:    1. 'NVIDIA GeForce GTX 1070' (P:0 D:0)
[2020.02.13-21.18.35:240][  0]LogWindows:    2. 'NVIDIA GeForce GTX 1070' (P:0 D:0)
[2020.02.13-21.18.35:240][  0]LogWindows:    3. 'NVIDIA GeForce GTX 1070' (P:0 D:0)
[2020.02.13-21.18.35:241][  0]LogWindows: DebugString: FoundDriverCount:4 
[2020.02.13-21.18.35:241][  0]LogD3D11RHI:     Adapter Name: NVIDIA GeForce GTX 1070
[2020.02.13-21.18.35:241][  0]LogD3D11RHI:   Driver Version: 388.57 (internal:23.21.13.8857, unified:388.57)
[2020.02.13-21.18.35:241][  0]LogD3D11RHI:      Driver Date: 12-4-2017
[2020.02.13-21.18.35:241][  0]LogRHI: Texture pool is 5662 MB (70% of 8089 MB)
[2020.02.13-21.18.35:302][  0]LogD3D11RHI: Async texture creation enabled
[2020.02.13-21.18.35:492][  0]LogRendererCore: FGlobalReadBuffer::InitRHI
[2020.02.13-21.18.35:499][  0]LogRendererCore: FGlobalReadBuffer::InitRHI
[2020.02.13-21.18.35:499][  0]LogRendererCore: FGlobalReadBuffer::InitRHI
[2020.02.13-21.18.35:564][  0]LogD3D11RHI: GPU Timing Frequency: 1000.000000 (Debug: 2 1)
[2020.02.13-21.18.36:281][  0]LogTemp: Display: Module 'AllDesktopTargetPlatform' loaded TargetPlatform 'AllDesktop'
[2020.02.13-21.18.36:340][  0]LogTemp: Display: Module 'MacClientTargetPlatform' loaded TargetPlatform 'MacClient'
[2020.02.13-21.18.36:378][  0]LogTemp: Display: Module 'MacNoEditorTargetPlatform' loaded TargetPlatform 'MacNoEditor'
[2020.02.13-21.18.36:411][  0]LogTemp: Display: Module 'MacServerTargetPlatform' loaded TargetPlatform 'MacServer'
[2020.02.13-21.18.36:477][  0]LogTemp: Display: Module 'MacTargetPlatform' loaded TargetPlatform 'Mac'
[2020.02.13-21.18.36:532][  0]LogTemp: Display: Module 'WindowsClientTargetPlatform' loaded TargetPlatform 'WindowsClient'
[2020.02.13-21.18.36:571][  0]LogTemp: Display: Module 'WindowsNoEditorTargetPlatform' loaded TargetPlatform 'WindowsNoEditor'
[2020.02.13-21.18.36:603][  0]LogTemp: Display: Module 'WindowsServerTargetPlatform' loaded TargetPlatform 'WindowsServer'
[2020.02.13-21.18.36:633][  0]LogTemp: Display: Module 'WindowsTargetPlatform' loaded TargetPlatform 'Windows'
[2020.02.13-21.18.36:779][  0]LogTemp: Display: Module 'AndroidTargetPlatform' loaded TargetPlatform 'Android'
[2020.02.13-21.18.36:780][  0]LogTemp: Display: Module 'AndroidTargetPlatform' loaded TargetPlatform 'Android_ASTC'
[2020.02.13-21.18.36:780][  0]LogTemp: Display: Module 'AndroidTargetPlatform' loaded TargetPlatform 'Android_ATC'
[2020.02.13-21.18.36:780][  0]LogTemp: Display: Module 'AndroidTargetPlatform' loaded TargetPlatform 'Android_DXT'
[2020.02.13-21.18.36:780][  0]LogTemp: Display: Module 'AndroidTargetPlatform' loaded TargetPlatform 'Android_ETC1'
[2020.02.13-21.18.36:780][  0]LogTemp: Display: Module 'AndroidTargetPlatform' loaded TargetPlatform 'Android_ETC1a'
[2020.02.13-21.18.36:780][  0]LogTemp: Display: Module 'AndroidTargetPlatform' loaded TargetPlatform 'Android_ETC2'
[2020.02.13-21.18.36:780][  0]LogTemp: Display: Module 'AndroidTargetPlatform' loaded TargetPlatform 'Android_PVRTC'
[2020.02.13-21.18.36:780][  0]LogTemp: Display: Module 'AndroidTargetPlatform' loaded TargetPlatform 'AndroidClient'
[2020.02.13-21.18.36:781][  0]LogTemp: Display: Module 'AndroidTargetPlatform' loaded TargetPlatform 'Android_ASTCClient'
[2020.02.13-21.18.36:781][  0]LogTemp: Display: Module 'AndroidTargetPlatform' loaded TargetPlatform 'Android_ATCClient'
[2020.02.13-21.18.36:781][  0]LogTemp: Display: Module 'AndroidTargetPlatform' loaded TargetPlatform 'Android_DXTClient'
[2020.02.13-21.18.36:781][  0]LogTemp: Display: Module 'AndroidTargetPlatform' loaded TargetPlatform 'Android_ETC1Client'
[2020.02.13-21.18.36:781][  0]LogTemp: Display: Module 'AndroidTargetPlatform' loaded TargetPlatform 'Android_ETC1aClient'
[2020.02.13-21.18.36:781][  0]LogTemp: Display: Module 'AndroidTargetPlatform' loaded TargetPlatform 'Android_ETC2Client'
[2020.02.13-21.18.36:781][  0]LogTemp: Display: Module 'AndroidTargetPlatform' loaded TargetPlatform 'Android_PVRTCClient'
[2020.02.13-21.18.36:781][  0]LogTemp: Display: Module 'AndroidTargetPlatform' loaded TargetPlatform 'Android_Multi'
[2020.02.13-21.18.36:781][  0]LogTemp: Display: Module 'AndroidTargetPlatform' loaded TargetPlatform 'Android_MultiClient'
[2020.02.13-21.18.36:812][  0]LogTemp: Display: Module 'HTML5TargetPlatform' loaded TargetPlatform 'HTML5'
[2020.02.13-21.18.36:979][  0]LogTemp: Display: Module 'IOSTargetPlatform' loaded TargetPlatform 'IOSClient'
[2020.02.13-21.18.36:979][  0]LogTemp: Display: Module 'IOSTargetPlatform' loaded TargetPlatform 'IOS'
[2020.02.13-21.18.37:035][  0]LogTemp: Display: Module 'TVOSTargetPlatform' loaded TargetPlatform 'TVOSClient'
[2020.02.13-21.18.37:035][  0]LogTemp: Display: Module 'TVOSTargetPlatform' loaded TargetPlatform 'TVOS'
[2020.02.13-21.18.37:087][  0]LogTemp: Display: Module 'LinuxClientTargetPlatform' loaded TargetPlatform 'LinuxClient'
[2020.02.13-21.18.37:123][  0]LogTemp: Display: Module 'LinuxNoEditorTargetPlatform' loaded TargetPlatform 'LinuxNoEditor'
[2020.02.13-21.18.37:171][  0]LogTemp: Display: Module 'LinuxServerTargetPlatform' loaded TargetPlatform 'LinuxServer'
[2020.02.13-21.18.37:234][  0]LogTemp: Display: Module 'LinuxTargetPlatform' loaded TargetPlatform 'Linux'
[2020.02.13-21.18.37:310][  0]LogTemp: Display: Module 'LuminTargetPlatform' loaded TargetPlatform 'Lumin'
[2020.02.13-21.18.37:311][  0]LogTemp: Display: Module 'LuminTargetPlatform' loaded TargetPlatform 'LuminClient'
[2020.02.13-21.18.37:311][  0]LogTargetPlatformManager: Display: Building Assets For Windows
[2020.02.13-21.18.37:556][  0]LogAudioDebug: Display: Lib vorbis DLL was dynamically loaded.
[2020.02.13-21.18.39:128][  0]LogShaderCompilers: Guid format shader working directory is -2 characters bigger than the processId version (C:/SeniorProject/PollutionProject/SeniorProject/Intermediate/Shaders/WorkingDirectory/2632/).
[2020.02.13-21.18.39:129][  0]LogShaderCompilers: Cleaned the shader compiler working directory 'C:/Users/Greg/AppData/Local/Temp/UnrealShaderWorkingDir/A51B21A645C953801FFE1EB31305B021/'.
[2020.02.13-21.18.39:208][  0]LogXGEController: Cleaning working directory: C:/Users/Greg/AppData/Local/Temp/UnrealXGEWorkingDir/
[2020.02.13-21.18.39:209][  0]LogXGEController: Cannot use XGE Controller as Incredibuild is not installed on this machine.
[2020.02.13-21.18.39:209][  0]LogShaderCompilers: Cannot use XGE Shader Compiler as Incredibuild is not installed on this machine.
[2020.02.13-21.18.39:209][  0]LogShaderCompilers: Display: Using Local Shader Compiler.
[2020.02.13-21.18.46:261][  0]LogDerivedDataCache: Display: Max Cache Size: 512 MB
[2020.02.13-21.18.46:610][  0]LogDerivedDataCache: Loaded boot cache 0.34s 73MB C:/Users/Greg/AppData/Local/UnrealEngine/4.22/DerivedDataCache/Boot.ddc.
[2020.02.13-21.18.46:610][  0]LogDerivedDataCache: Display: Loaded Boot cache: C:/Users/Greg/AppData/Local/UnrealEngine/4.22/DerivedDataCache/Boot.ddc
[2020.02.13-21.18.46:611][  0]LogDerivedDataCache: FDerivedDataBackendGraph:  Pak pak cache file C:/SeniorProject/PollutionProject/SeniorProject/DerivedDataCache/DDC.ddp not found, will not use a pak cache.
[2020.02.13-21.18.46:611][  0]LogDerivedDataCache: Unable to find inner node Pak for hierarchical cache Hierarchy.
[2020.02.13-21.18.46:611][  0]LogDerivedDataCache: FDerivedDataBackendGraph:  CompressedPak pak cache file C:/SeniorProject/PollutionProject/SeniorProject/DerivedDataCache/Compressed.ddp not found, will not use a pak cache.
[2020.02.13-21.18.46:611][  0]LogDerivedDataCache: Unable to find inner node CompressedPak for hierarchical cache Hierarchy.
[2020.02.13-21.18.46:699][  0]LogDerivedDataCache: Display: Pak cache opened for reading ../../../Engine/DerivedDataCache/Compressed.ddp.
[2020.02.13-21.18.46:757][  0]LogDerivedDataCache: Display: Pak cache opened for reading ../../../Enterprise/DerivedDataCache/Compressed.ddp.
[2020.02.13-21.18.46:771][  0]LogDerivedDataCache: Using Local data cache path C:/Users/Greg/AppData/Local/UnrealEngine/Common/DerivedDataCache: Writable
[2020.02.13-21.18.46:772][  0]LogDerivedDataCache: Shared data cache path not found in *engine.ini, will not use an Shared cache.
[2020.02.13-21.18.46:772][  0]LogDerivedDataCache: Unable to find inner node Shared for hierarchical cache Hierarchy.
[2020.02.13-21.18.46:895][  0]LogMaterial: Verifying Global Shaders for PCD3D_SM5
[2020.02.13-21.18.46:997][  0]LogSlate: Using FreeType 2.6.0
[2020.02.13-21.18.47:131][  0]LogSlate: SlateFontServices - WITH_FREETYPE: 1, WITH_HARFBUZZ: 1
[2020.02.13-21.18.48:585][  0]LogAssetRegistry: FAssetRegistry took 0.0439 seconds to start up
[2020.02.13-21.18.59:848][  0]LogInit: Selected Device Profile: [Windows]
[2020.02.13-21.19.04:356][  0]LogMeshReduction: Using QuadricMeshReduction for automatic static mesh reduction
[2020.02.13-21.19.04:356][  0]LogMeshReduction: Using SimplygonMeshReduction for automatic skeletal mesh reduction
[2020.02.13-21.19.04:356][  0]LogMeshReduction: Using ProxyLODMeshReduction for automatic mesh merging
[2020.02.13-21.19.04:357][  0]LogMeshReduction: No distributed automatic mesh merging module available
[2020.02.13-21.19.04:379][  0]LogMeshMerging: No distributed automatic mesh merging module available
[2020.02.13-21.19.05:894][  0]LogNetVersion: SeniorProject 1.0.0, NetCL: 5660361, EngineNetVer: 10, GameNetVer: 0 (Checksum: 993350713)
[2020.02.13-21.19.17:271][  0]LogPackageLocalizationCache: Processed 16 localized package path(s) for 1 prioritized culture(s) in 0.188246 seconds
[2020.02.13-21.19.17:359][  0]LogUObjectArray: 42205 objects as part of root set at end of initial load.
[2020.02.13-21.19.17:360][  0]LogUObjectAllocator: 7325032 out of 0 bytes used by permanent object pool.
[2020.02.13-21.19.17:360][  0]LogUObjectArray: CloseDisregardForGC: 0/0 objects in disregard for GC pool
[2020.02.13-21.19.45:121][  0]LogTcpMessaging: Initializing TcpMessaging bridge
[2020.02.13-21.19.45:171][  0]LogUdpMessaging: Initializing bridge on interface 0.0.0.0:0 to multicast group 230.0.0.1:6666.
[2020.02.13-21.19.45:692][  0]LogOutputDevice: Error: Ensure condition failed: AttachmentRules.LocationRule == EAttachmentRule::KeepRelative && AttachmentRules.RotationRule == EAttachmentRule::KeepRelative && AttachmentRules.ScaleRule == EAttachmentRule::KeepRelative [File:D:\Build\++UE4\Sync\Engine\Source\Runtime\Engine\Private\Components\SceneComponent.cpp] [Line: 1786] 
AttachToComponent when called from a constructor is only setting up attachment and will always be treated as KeepRelative. Consider calling SetupAttachment directly instead.

[2020.02.13-21.19.45:692][  0]LogStats:             FDebug::EnsureFailed -  0.013 s
[2020.02.13-21.19.50:203][  0]SourceControl: Source control is disabled
[2020.02.13-21.19.56:859][  0]LogAndroidPermission: UAndroidPermissionCallbackProxy::GetInstance
[2020.02.13-21.19.57:319][  0]LogOcInput: OculusInput pre-init called
[2020.02.13-21.20.09:113][  0]LogEngine: Initializing Engine...
[2020.02.13-21.20.09:220][  0]LogHMD: Failed to initialize OpenVR with code 110
[2020.02.13-21.20.09:263][  0]LogStats: UGameplayTagsManager::InitializeManager -  0.012 s
[2020.02.13-21.20.09:869][  0]LogInit: Initializing FReadOnlyCVARCache
[2020.02.13-21.20.10:707][  0]LogAIModule: Creating AISystem for world Untitled
[2020.02.13-21.20.11:183][  0]LogInit: XAudio2 using 'Headphones (Bose AE2 SoundLink Stereo)' : 2 channels at 44.1 kHz using 16 bits per sample (channel mask 0x3)
[2020.02.13-21.20.11:227][  0]LogInit: FAudioDevice initialized.
[2020.02.13-21.20.11:235][  0]LogNetVersion: Set ProjectVersion to 1.0.0.0. Version Checksum will be recalculated on next use.
[2020.02.13-21.20.11:417][  0]LogDerivedDataCache: Saved boot cache 0.18s 73MB C:/Users/Greg/AppData/Local/UnrealEngine/4.22/DerivedDataCache/Boot.ddc.
[2020.02.13-21.20.11:428][  0]LogInit: Texture streaming: Enabled
[2020.02.13-21.20.11:700][  0]LogEngineSessionManager: EngineSessionManager initialized
[2020.02.13-21.20.12:027][  0]LogInit: Transaction tracking system initialized
[2020.02.13-21.20.12:615][  0]BlueprintLog: New page: Editor Load
[2020.02.13-21.20.14:558][  0]LocalizationService: Localization service is disabled
[2020.02.13-21.20.20:581][  0]LogCook: Display: Max memory allowance for cook 16384mb min free memory 0mb
[2020.02.13-21.20.20:585][  0]LogFileCache: Scanning file cache for directory 'C:/SeniorProject/PollutionProject/SeniorProject/Content/' took 0.08s
[2020.02.13-21.20.20:586][  0]LogCook: Display: Mobile HDR setting 1
[2020.02.13-21.20.25:884][  0]Cmd: MAP LOAD FILE="C:/SeniorProject/PollutionProject/SeniorProject/Content/Levels/GreyBoxLVL4.umap" TEMPLATE=0 SHOWPROGRESS=1 FEATURELEVEL=3
[2020.02.13-21.20.25:913][  0]LightingResults: New page: Lighting Build
[2020.02.13-21.20.26:118][  0]MapCheck: New page: Map Check
[2020.02.13-21.20.26:118][  0]LightingResults: New page: Lighting Build
[2020.02.13-21.20.26:885][  0]LogUObjectHash: Compacting FUObjectHashTables data took  15.93ms
[2020.02.13-21.20.32:380][  0]LogMaterial: Display: Missing cached shader map for material XMat, compiling. 
[2020.02.13-21.20.39:788][  0]LogShaderCompilers: Display: Shaders left to compile 60
[2020.02.13-21.20.39:788][  0]LogShaderCompilers: Display: Shaders left to compile 50
[2020.02.13-21.20.39:788][  0]LogShaderCompilers: Display: Shaders left to compile 40
[2020.02.13-21.20.39:788][  0]LogShaderCompilers: Display: Shaders left to compile 30
[2020.02.13-21.20.39:788][  0]LogShaderCompilers: Display: Shaders left to compile 20
[2020.02.13-21.20.39:789][  0]LogShaderCompilers: Display: Shaders left to compile 10
[2020.02.13-21.20.39:812][  0]LogAIModule: Creating AISystem for world GreyBoxLVL4
[2020.02.13-21.20.43:460][  0]LogEditorServer: Finished looking for orphan Actors (0.000 secs)
[2020.02.13-21.20.43:951][  0]LogUObjectHash: Compacting FUObjectHashTables data took   3.74ms
[2020.02.13-21.20.43:999][  0]Cmd: MAP CHECKDEP NOCLEARLOG
[2020.02.13-21.20.44:035][  0]MapCheck: Map check complete: 0 Error(s), 0 Warning(s), took 28.565ms to complete.
[2020.02.13-21.20.44:048][  0]LogFileHelpers: Loading map 'GreyBoxLVL4' took 18.187
[2020.02.13-21.20.48:134][  0]LogSlate: Updating window title bar state: overlay mode, drag disabled, window buttons hidden, title bar hidden
[2020.02.13-21.20.48:178][  0]LogSlate: Updating window title bar state: overlay mode, drag disabled, window buttons hidden, title bar hidden
[2020.02.13-21.20.48:188][  0]LogSlate: Updating window title bar state: overlay mode, drag disabled, window buttons hidden, title bar hidden
[2020.02.13-21.20.48:199][  0]LogSlate: Updating window title bar state: overlay mode, drag disabled, window buttons hidden, title bar hidden
[2020.02.13-21.20.48:410][  0]LogCollectionManager: Loaded 0 collections in 0.001948 seconds
[2020.02.13-21.20.48:789][  0]LogFileCache: Scanning file cache for directory 'C:/SeniorProject/PollutionProject/SeniorProject/Saved/Collections/' took 0.02s
[2020.02.13-21.20.48:790][  0]LogFileCache: Scanning file cache for directory 'C:/SeniorProject/PollutionProject/SeniorProject/Content/Developers/Greg/Collections/' took 0.02s
[2020.02.13-21.20.48:790][  0]LogFileCache: Scanning file cache for directory 'C:/SeniorProject/PollutionProject/SeniorProject/Content/Collections/' took 0.02s
[2020.02.13-21.20.48:790][  0]LogCollectionManager: Rebuilt the GUID cache for 0 collections in 0.000000 seconds
[2020.02.13-21.20.48:908][  0]LogContentBrowser: Native class hierarchy populated in 0.0778 seconds. Added 2875 classes and 729 folders.
[2020.02.13-21.20.49:144][  0]LogContentBrowser: Native class hierarchy updated for 'WidgetCarousel' in 0.0006 seconds. Added 0 classes and 0 folders.
[2020.02.13-21.20.49:233][  0]LogPakFile: Registered encryption key '00000000000000000000000000000000': 0 pak files mounted, 0 remain pending
[2020.02.13-21.20.49:318][  0]LogPakFile: Registered encryption key '00000000000000000000000000000000': 0 pak files mounted, 0 remain pending
[2020.02.13-21.20.49:343][  0]LogPakFile: Registered encryption key '00000000000000000000000000000000': 0 pak files mounted, 0 remain pending
[2020.02.13-21.20.49:362][  0]LogPakFile: Registered encryption key '00000000000000000000000000000000': 0 pak files mounted, 0 remain pending
[2020.02.13-21.20.49:387][  0]LogPakFile: Registered encryption key '00000000000000000000000000000000': 0 pak files mounted, 0 remain pending
[2020.02.13-21.20.49:406][  0]LogPakFile: Registered encryption key '00000000000000000000000000000000': 0 pak files mounted, 0 remain pending
[2020.02.13-21.20.49:417][  0]LogPakFile: Registered encryption key '00000000000000000000000000000000': 0 pak files mounted, 0 remain pending
[2020.02.13-21.20.49:442][  0]LogPakFile: Registered encryption key '00000000000000000000000000000000': 0 pak files mounted, 0 remain pending
[2020.02.13-21.20.49:452][  0]LogPakFile: Registered encryption key '00000000000000000000000000000000': 0 pak files mounted, 0 remain pending
[2020.02.13-21.20.49:471][  0]LogPakFile: Registered encryption key '00000000000000000000000000000000': 0 pak files mounted, 0 remain pending
[2020.02.13-21.20.49:483][  0]LogPakFile: Registered encryption key '00000000000000000000000000000000': 0 pak files mounted, 0 remain pending
[2020.02.13-21.20.49:491][  0]LogPakFile: Registered encryption key '00000000000000000000000000000000': 0 pak files mounted, 0 remain pending
[2020.02.13-21.20.49:510][  0]LogPakFile: Registered encryption key '00000000000000000000000000000000': 0 pak files mounted, 0 remain pending
[2020.02.13-21.20.49:520][  0]LogPakFile: Registered encryption key '00000000000000000000000000000000': 0 pak files mounted, 0 remain pending
[2020.02.13-21.20.49:541][  0]LogPakFile: Registered encryption key '00000000000000000000000000000000': 0 pak files mounted, 0 remain pending
[2020.02.13-21.20.49:554][  0]LogPakFile: Registered encryption key '00000000000000000000000000000000': 0 pak files mounted, 0 remain pending
[2020.02.13-21.20.49:611][  0]LogPakFile: Registered encryption key '00000000000000000000000000000000': 0 pak files mounted, 0 remain pending
[2020.02.13-21.20.49:627][  0]LogPakFile: Registered encryption key '00000000000000000000000000000000': 0 pak files mounted, 0 remain pending
[2020.02.13-21.20.49:645][  0]LogPakFile: Registered encryption key '00000000000000000000000000000000': 0 pak files mounted, 0 remain pending
[2020.02.13-21.20.49:665][  0]LogPakFile: Registered encryption key '00000000000000000000000000000000': 0 pak files mounted, 0 remain pending
[2020.02.13-21.20.49:690][  0]LogPakFile: Registered encryption key '00000000000000000000000000000000': 0 pak files mounted, 0 remain pending
[2020.02.13-21.20.49:701][  0]LogPakFile: Registered encryption key '00000000000000000000000000000000': 0 pak files mounted, 0 remain pending
[2020.02.13-21.20.49:721][  0]LogPakFile: Registered encryption key '00000000000000000000000000000000': 0 pak files mounted, 0 remain pending
[2020.02.13-21.20.49:745][  0]LogPakFile: Registered encryption key '00000000000000000000000000000000': 0 pak files mounted, 0 remain pending
[2020.02.13-21.20.49:767][  0]LogPakFile: Registered encryption key '00000000000000000000000000000000': 0 pak files mounted, 0 remain pending
[2020.02.13-21.20.49:788][  0]LogPakFile: Registered encryption key '00000000000000000000000000000000': 0 pak files mounted, 0 remain pending
[2020.02.13-21.20.49:806][  0]LogPakFile: Registered encryption key '00000000000000000000000000000000': 0 pak files mounted, 0 remain pending
[2020.02.13-21.20.49:845][  0]LogPakFile: Registered encryption key '00000000000000000000000000000000': 0 pak files mounted, 0 remain pending
[2020.02.13-21.20.50:839][  0]LogContentBrowser: Native class hierarchy updated for 'AddContentDialog' in 0.0006 seconds. Added 0 classes and 0 folders.
[2020.02.13-21.20.50:940][  0]LogContentBrowser: Native class hierarchy updated for 'SceneOutliner' in 0.0007 seconds. Added 1 classes and 0 folders.
[2020.02.13-21.20.51:417][  0]LogSlate: Took 0.034232 seconds to synchronously load lazily loaded font '../../../Engine/Content/Slate/Fonts/Roboto-Regular.ttf' (155K)
[2020.02.13-21.20.51:511][  0]LogSlate: Took 0.023455 seconds to synchronously load lazily loaded font '../../../Engine/Content/Slate/Fonts/Roboto-Bold.ttf' (160K)
[2020.02.13-21.20.51:630][  0]LogSlate: Took 0.020561 seconds to synchronously load lazily loaded font '../../../Engine/Content/Editor/Slate/Fonts/FontAwesome.ttf' (139K)
[2020.02.13-21.20.52:711][  0]LogRenderer: Reallocating scene render targets to support 968x312 Format 10 NumSamples 1 (Frame:1).
[2020.02.13-21.20.53:221][  0]LogStaticMesh: Allocated 512x384x64 distance field atlas = 24.0Mb, with 148 objects containing 20.6Mb backing data
[2020.02.13-21.20.54:227][  0]LogSlate: Took 0.022096 seconds to synchronously load lazily loaded font '../../../Engine/Content/Slate/Fonts/Roboto-Light.ttf' (167K)
[2020.02.13-21.20.54:896][  0]LogContentBrowser: Native class hierarchy updated for 'HierarchicalLODOutliner' in 0.0004 seconds. Added 0 classes and 0 folders.
[2020.02.13-21.20.54:897][  0]LogLoad: (Engine Initialization) Total time: 162.56 seconds
[2020.02.13-21.20.54:897][  0]LogLoad: (Engine Initialization) Total Blueprint compile time: 0.00 seconds
[2020.02.13-21.20.55:025][  0]LogSlate: FSceneViewport::OnFocusLost() reason 2
[2020.02.13-21.20.57:580][  0]LogContentStreaming: Texture pool size now 1000 MB
[2020.02.13-21.21.01:257][  4]LogAssetRegistry: Asset discovery search completed in 132.7021 seconds
[2020.02.13-21.21.01:281][  4]LogCollectionManager: Rebuilt the object cache for 0 collections in 0.000000 seconds (found 0 objects)
[2020.02.13-21.21.01:281][  4]LogCollectionManager: Fixed up redirectors for 0 collections in 0.015591 seconds (updated 0 objects)
[2020.02.13-21.21.04:698][ 14]LogFileCache: Retrieving MD5 hashes for directory 'C:/SeniorProject/PollutionProject/SeniorProject/Content/' took 9.34s
[2020.02.13-21.21.18:040][136]LogSlate: FSceneViewport::OnFocusLost() reason 0
[2020.02.13-21.21.18:131][140]LogTemp: Repeating last play command: Selected Viewport
[2020.02.13-21.21.18:225][140]LogBlueprintUserMessages: Early PlayInEditor Detection: Level '/Game/Levels/GreyBoxLVL4.GreyBoxLVL4:PersistentLevel' has LevelScriptBlueprint '/Game/Levels/GreyBoxLVL4.GreyBoxLVL4:PersistentLevel.GreyBoxLVL4' with GeneratedClass '/Game/Levels/GreyBoxLVL4.GreyBoxLVL4_C' with ClassGeneratedBy '/Game/Levels/GreyBoxLVL4.GreyBoxLVL4:PersistentLevel.GreyBoxLVL4'
[2020.02.13-21.21.18:258][140]LogPlayLevel: PlayLevel: No blueprints needed recompiling
[2020.02.13-21.21.18:382][140]PIE: New page: PIE session: GreyBoxLVL4 (Feb 13, 2020, 11:21:18 AM)
[2020.02.13-21.21.18:682][140]LogPlayLevel: Creating play world package: /Game/Levels/UEDPIE_0_GreyBoxLVL4
[2020.02.13-21.21.19:589][140]LogPlayLevel: PIE: StaticDuplicateObject took: (0.906432s)
[2020.02.13-21.21.19:608][140]LogAIModule: Creating AISystem for world GreyBoxLVL4
[2020.02.13-21.21.19:619][140]LogPlayLevel: PIE: World Init took: (0.029219s)
[2020.02.13-21.21.19:620][140]LogPlayLevel: PIE: Created PIE world by copying editor world from /Game/Levels/GreyBoxLVL4.GreyBoxLVL4 to /Game/Levels/UEDPIE_0_GreyBoxLVL4.GreyBoxLVL4 (0.937405s)
[2020.02.13-21.21.19:663][140]LogUObjectHash: Compacting FUObjectHashTables data took   1.73ms
[2020.02.13-21.21.19:813][140]LogInit: XAudio2 using 'Headphones (Bose AE2 SoundLink Stereo)' : 2 channels at 44.1 kHz using 16 bits per sample (channel mask 0x3)
[2020.02.13-21.21.19:836][140]LogInit: FAudioDevice initialized.
[2020.02.13-21.21.20:150][140]LogLoad: Game class is 'FirstPersonGameMode_C'
[2020.02.13-21.21.20:624][140]LogWorld: Bringing World /Game/Levels/UEDPIE_0_GreyBoxLVL4.GreyBoxLVL4 up for play (max tick rate 60) at 2020.02.13-16.21.20
[2020.02.13-21.21.21:346][140]LogWorld: Bringing up level for play took: 0.952267
[2020.02.13-21.21.21:948][140]LogContentBrowser: Native class hierarchy updated for 'MovieSceneCapture' in 0.0007 seconds. Added 20 classes and 0 folders.
[2020.02.13-21.21.21:970][140]LogScript: Warning: Script Msg: Attempted to access index 0 from array 'CallFunc_GetAllActorsOfClass_OutActors' of length 0 in '/Game/BP/Log.Log_C:ExecuteUbergraph_Log'!
[2020.02.13-21.21.21:971][140]LogScript: Warning: Script Msg: Attempted to access index 0 from array 'CallFunc_GetAllActorsOfClass_OutActors' of length 0 in '/Game/FinishStopper.FinishStopper_C:ExecuteUbergraph_FinishStopper'!
[2020.02.13-21.21.21:971][140]LogScript: Warning: Script Msg: Attempted to access index 0 from array 'CallFunc_GetAllActorsOfClass_OutActors' of length 0 in '/Game/BP/Checkpoint.Checkpoint_C:ExecuteUbergraph_Checkpoint'!
[2020.02.13-21.21.21:971][140]LogScript: Warning: Script Msg: Attempted to access index 0 from array 'CallFunc_GetAllActorsOfClass_OutActors' of length 0 in '/Game/BP/Checkpoint.Checkpoint_C:ExecuteUbergraph_Checkpoint'!
[2020.02.13-21.21.21:972][140]LogScript: Warning: Script Msg: Attempted to access index 0 from array 'CallFunc_GetAllActorsOfClass_OutActors' of length 0 in '/Game/BP/OutroTrigger.OutroTrigger_C:ExecuteUbergraph_OutroTrigger'!
[2020.02.13-21.21.21:984][140]LogScript: Warning: Script Msg: Attempted to access index 0 from array 'CallFunc_GetAllActorsOfClass_OutActors' of length 0 in '/Game/BP/InteractiveLog.InteractiveLog_C:ExecuteUbergraph_InteractiveLog'!
[2020.02.13-21.21.21:984][140]LogScript: Warning: Script Msg: Attempted to access index 0 from array 'CallFunc_GetAllActorsOfClass_OutActors' of length 0 in '/Game/BP/Respawn.Respawn_C:ExecuteUbergraph_Respawn'!
[2020.02.13-21.21.21:985][140]LogScript: Warning: Script Msg: Attempted to access index 0 from array 'CallFunc_GetAllActorsOfClass_OutActors' of length 0 in '/Game/BP/Respawn.Respawn_C:ExecuteUbergraph_Respawn'!
[2020.02.13-21.21.22:454][140]PIE: Play in editor start time for /Game/Levels/UEDPIE_0_GreyBoxLVL4 3.363
[2020.02.13-21.21.22:479][140]LogBlueprintUserMessages: Late PlayInEditor Detection: Level '/Game/Levels/GreyBoxLVL4.GreyBoxLVL4:PersistentLevel' has LevelScriptBlueprint '/Game/Levels/GreyBoxLVL4.GreyBoxLVL4:PersistentLevel.GreyBoxLVL4' with GeneratedClass '/Game/Levels/GreyBoxLVL4.GreyBoxLVL4_C' with ClassGeneratedBy '/Game/Levels/GreyBoxLVL4.GreyBoxLVL4:PersistentLevel.GreyBoxLVL4'
[2020.02.13-21.21.31:029][518]LogSlate: FSceneViewport::OnFocusLost() reason 2
