Log file open, 04/23/20 17:08:31
LogWindows: Failed to load 'aqProf.dll' (GetLastError=126)
LogWindows: File 'aqProf.dll' does not exist
LogWindows: Failed to load 'VtuneApi.dll' (GetLastError=126)
LogWindows: File 'VtuneApi.dll' does not exist
LogWindows: Failed to load 'VtuneApi32e.dll' (GetLastError=126)
LogWindows: File 'VtuneApi32e.dll' does not exist
LogConsoleResponse: Display: Failed to find resolution value strings in scalability ini. Falling back to default.
LogInit: Display: Running engine for game: SeniorProject
LogPakFile: Registered encryption key '00000000000000000000000000000000': 0 pak files mounted, 0 remain pending
LogPlatformFile: Not using cached read wrapper
LogTaskGraph: Started task graph with 5 named threads and 23 total threads with 3 sets of task threads.
LogStats: Stats thread started at 0.412676
LogD3D11RHI: Loaded GFSDK_Aftermath_Lib.x64.dll
LogICUInternationalization: ICU TimeZone Detection - Raw Offset: -5:00, Platform Override: ''
LogPluginManager: Mounting plugin Paper2D
LogPluginManager: Mounting plugin AISupport
LogPluginManager: Mounting plugin LightPropagationVolume
LogPluginManager: Mounting plugin ActorLayerUtilities
LogPluginManager: Mounting plugin AnimationSharing
LogPluginManager: Mounting plugin CLionSourceCodeAccess
LogPluginManager: Mounting plugin CodeLiteSourceCodeAccess
LogPluginManager: Mounting plugin GitSourceControl
LogPluginManager: Mounting plugin KDevelopSourceCodeAccess
LogPluginManager: Mounting plugin NullSourceCodeAccess
LogPluginManager: Mounting plugin PerforceSourceControl
LogPluginManager: Mounting plugin SubversionSourceControl
LogPluginManager: Mounting plugin UObjectPlugin
LogPluginManager: Mounting plugin VisualStudioCodeSourceCodeAccess
LogPluginManager: Mounting plugin VisualStudioSourceCodeAccess
LogPluginManager: Mounting plugin XCodeSourceCodeAccess
LogPluginManager: Mounting plugin AssetManagerEditor
LogPluginManager: Mounting plugin CryptoKeys
LogPluginManager: Mounting plugin DataValidation
LogPluginManager: Mounting plugin EditorScriptingUtilities
LogPluginManager: Mounting plugin FacialAnimation
LogPluginManager: Mounting plugin GameplayTagsEditor
LogPluginManager: Mounting plugin GLTFImporter
LogPluginManager: Mounting plugin MacGraphicsSwitching
LogPluginManager: Mounting plugin MaterialAnalyzer
LogPluginManager: Mounting plugin MeshEditor
LogPluginManager: Mounting plugin MobileLauncherProfileWizard
LogPluginManager: Mounting plugin PluginBrowser
LogPluginManager: Mounting plugin SpeedTreeImporter
LogPluginManager: Mounting plugin DatasmithContent
LogPluginManager: Mounting plugin VariantManagerContent
LogPluginManager: Mounting plugin AlembicImporter
LogPluginManager: Mounting plugin AppleImageUtils
LogPluginManager: Mounting plugin AppleVision
LogPluginManager: Mounting plugin BackChannel
LogPluginManager: Mounting plugin BlastPlugin
LogPluginManager: Mounting plugin ChaosSolverPlugin
LogPluginManager: Mounting plugin CharacterAI
LogPluginManager: Mounting plugin GeometryCache
LogPluginManager: Mounting plugin GeometryCollectionPlugin
LogPluginManager: Mounting plugin HTML5Networking
LogPluginManager: Mounting plugin ProxyLODPlugin
LogPluginManager: Mounting plugin SkeletalReduction
LogPluginManager: Mounting plugin MagicLeap
LogPluginManager: Mounting plugin MagicLeapMedia
LogPluginManager: Mounting plugin AndroidMedia
LogPluginManager: Mounting plugin AvfMedia
LogPluginManager: Mounting plugin ImgMedia
LogPluginManager: Mounting plugin LinearTimecode
LogPluginManager: Mounting plugin MediaCompositing
LogPluginManager: Mounting plugin MediaPlayerEditor
LogPluginManager: Mounting plugin WebMMedia
LogPluginManager: Mounting plugin WmfMedia
LogPluginManager: Mounting plugin TcpMessaging
LogPluginManager: Mounting plugin UdpMessaging
LogPluginManager: Mounting plugin ActorSequence
LogPluginManager: Mounting plugin LevelSequenceEditor
LogPluginManager: Mounting plugin MatineeToLevelSequence
LogPluginManager: Mounting plugin NetcodeUnitTest
LogPluginManager: Mounting plugin NUTUnrealEngine4
LogPluginManager: Mounting plugin OnlineSubsystemGooglePlay
LogPluginManager: Mounting plugin OnlineSubsystemIOS
LogPluginManager: Mounting plugin OnlineSubsystem
LogPluginManager: Mounting plugin OnlineSubsystemNull
LogPluginManager: Mounting plugin OnlineSubsystemUtils
LogPluginManager: Mounting plugin LauncherChunkInstaller
LogPluginManager: Mounting plugin AndroidDeviceProfileSelector
LogPluginManager: Mounting plugin AndroidMoviePlayer
LogPluginManager: Mounting plugin AndroidPermission
LogPluginManager: Mounting plugin AppleMoviePlayer
LogPluginManager: Mounting plugin ArchVisCharacter
LogPluginManager: Mounting plugin AudioCapture
LogPluginManager: Mounting plugin CableComponent
LogPluginManager: Mounting plugin CustomMeshComponent
LogPluginManager: Mounting plugin EditableMesh
LogPluginManager: Mounting plugin ExampleDeviceProfileSelector
LogPluginManager: Mounting plugin Firebase
LogPluginManager: Mounting plugin GoogleCloudMessaging
LogPluginManager: Mounting plugin IOSDeviceProfileSelector
LogPluginManager: Mounting plugin LinuxDeviceProfileSelector
LogPluginManager: Mounting plugin LocationServicesBPLibrary
LogPluginManager: Mounting plugin MobilePatchingUtils
LogPluginManager: Mounting plugin OculusVR
LogPluginManager: Mounting plugin PhysXVehicles
LogPluginManager: Mounting plugin ProceduralMeshComponent
LogPluginManager: Mounting plugin RuntimePhysXCooking
LogPluginManager: Mounting plugin SignificanceManager
LogPluginManager: Mounting plugin SteamVR
LogPluginManager: Mounting plugin WebMMoviePlayer
LogPluginManager: Mounting plugin WindowsMoviePlayer
LogPluginManager: Mounting plugin DatasmithCADImporter
LogPluginManager: Mounting plugin DatasmithDataPrepEditor
LogPluginManager: Mounting plugin DatasmithFBXImporter
LogPluginManager: Mounting plugin DatasmithGLTFImporter
LogPluginManager: Mounting plugin DatasmithImporter
LogPluginManager: Mounting plugin MDLImporter
LogPluginManager: Mounting plugin StaticMeshEditorExtension
LogPluginManager: Mounting plugin VariantManager
LogInit: Using libcurl 7.55.1-DEV
LogInit:  - built for x86_64-pc-win32
LogInit:  - supports SSL with OpenSSL/1.1.1
LogInit:  - supports HTTP deflate (compression) using libz 1.2.8
LogInit:  - other features:
LogInit:      CURL_VERSION_SSL
LogInit:      CURL_VERSION_LIBZ
LogInit:      CURL_VERSION_IPV6
LogInit:      CURL_VERSION_ASYNCHDNS
LogInit:      CURL_VERSION_LARGEFILE
LogInit:      CURL_VERSION_IDN
LogInit:  CurlRequestOptions (configurable via config and command line):
LogInit:  - bVerifyPeer = true  - Libcurl will verify peer certificate
LogInit:  - bUseHttpProxy = false  - Libcurl will NOT use HTTP proxy
LogInit:  - bDontReuseConnections = false  - Libcurl will reuse connections
LogInit:  - MaxHostConnections = 16  - Libcurl will limit the number of connections to a host
LogInit:  - LocalHostAddr = Default
LogInit:  - BufferSize = 65536
LogInit: WinSock: version 1.1 (2.2), MaxSocks=32767, MaxUdp=65467
LogHMD: Failed initializing OVRPlugin 1.32.0
LogInit: Build: ++UE4+Release-4.22-CL-7053642
LogInit: Engine Version: 4.22.3-7053642+++UE4+Release-4.22
LogInit: Compatible Engine Version: 4.22.0-5660361+++UE4+Release-4.22
LogInit: Net CL: 5660361
LogInit: OS: Windows 10 (Release 1903) (), CPU: Intel(R) Core(TM) i7-6700K CPU @ 4.00GHz, GPU: NVIDIA GeForce RTX 2080
LogInit: Compiled (64-bit): Jun 18 2019 03:09:11
LogInit: Compiled with Visual C++: 19.16.27025.01
LogInit: Build Configuration: Development
LogInit: Branch Name: ++UE4+Release-4.22
LogInit: Command Line:  -skipcompile
LogInit: Base Directory: C:/Program Files/Epic Games/UE_4.22/Engine/Binaries/Win64/
LogInit: Installed Engine Build: 1
LogDevObjectVersion: Number of dev versions registered: 23
LogDevObjectVersion:   Dev-Blueprints (B0D832E4-1F89-4F0D-ACCF-7EB736FD4AA2): 10
LogDevObjectVersion:   Dev-Build (E1C64328-A22C-4D53-A36C-8E866417BD8C): 0
LogDevObjectVersion:   Dev-Core (375EC13C-06E4-48FB-B500-84F0262A717E): 3
LogDevObjectVersion:   Dev-Editor (E4B068ED-F494-42E9-A231-DA0B2E46BB41): 30
LogDevObjectVersion:   Dev-Framework (CFFC743F-43B0-4480-9391-14DF171D2073): 35
LogDevObjectVersion:   Dev-Mobile (B02B49B5-BB20-44E9-A304-32B752E40360): 2
LogDevObjectVersion:   Dev-Networking (A4E4105C-59A1-49B5-A7C5-40C4547EDFEE): 0
LogDevObjectVersion:   Dev-Online (39C831C9-5AE6-47DC-9A44-9C173E1C8E7C): 0
LogDevObjectVersion:   Dev-Physics (78F01B33-EBEA-4F98-B9B4-84EACCB95AA2): 0
LogDevObjectVersion:   Dev-Platform (6631380F-2D4D-43E0-8009-CF276956A95A): 0
LogDevObjectVersion:   Dev-Rendering (12F88B9F-8875-4AFC-A67C-D90C383ABD29): 28
LogDevObjectVersion:   Dev-Sequencer (7B5AE74C-D270-4C10-A958-57980B212A5A): 11
LogDevObjectVersion:   Dev-VR (D7296918-1DD6-4BDD-9DE2-64A83CC13884): 2
LogDevObjectVersion:   Dev-LoadTimes (C2A15278-BFE7-4AFE-6C17-90FF531DF755): 1
LogDevObjectVersion:   Private-Geometry (6EACA3D4-40EC-4CC1-B786-8BED09428FC5): 3
LogDevObjectVersion:   Dev-AnimPhys (29E575DD-E0A3-4627-9D10-D276232CDCEA): 17
LogDevObjectVersion:   Dev-Anim (AF43A65D-7FD3-4947-9873-3E8ED9C1BB05): 2
LogDevObjectVersion:   Dev-ReflectionCapture (6B266CEC-1EC7-4B8F-A30B-E4D90942FC07): 1
LogDevObjectVersion:   Dev-Automation (0DF73D61-A23F-47EA-B727-89E90C41499A): 1
LogDevObjectVersion:   FortniteMain (601D1886-AC64-4F84-AA16-D3DE0DEAC7D6): 25
LogDevObjectVersion:   Dev-Enterprise (9DFFBCD6-494F-0158-E221-12823C92A888): 6
LogDevObjectVersion:   Dev-Niagara (F2AED0AC-9AFE-416F-8664-AA7FFA26D6FC): 1
LogDevObjectVersion:   Dev-Destruction (174F1F0B-B4C6-45A5-B13F-2EE8D0FB917D): 2
LogInit: Presizing for max 16777216 objects, including 0 objects not considered by GC, pre-allocating 0 bytes for permanent pool.
LogInit: Object subsystem initialized
LogConfig: Setting CVar [[con.DebugEarlyDefault:1]]
LogConfig: Setting CVar [[r.setres:1280x720]]
[2020.04.23-21.08.33:504][  0]LogConfig: Setting CVar [[r.VSync:0]]
[2020.04.23-21.08.33:504][  0]LogConfig: Setting CVar [[r.RHICmdBypass:0]]
[2020.04.23-21.08.33:504][  0]LogConfig: Applying CVar settings from Section [/Script/Engine.RendererSettings] File [E:/SeniorProject/PollutionProject/SeniorProject/Saved/Config/Windows/Engine.ini]
[2020.04.23-21.08.33:504][  0]LogConfig: Setting CVar [[r.GPUCrashDebugging:0]]
[2020.04.23-21.08.33:504][  0]LogConfig: Setting CVar [[r.DefaultFeature.AutoExposure.ExtendDefaultLuminanceRange:1]]
[2020.04.23-21.08.33:504][  0]LogConfig: Setting CVar [[r.GenerateMeshDistanceFields:1]]
[2020.04.23-21.08.33:504][  0]LogConfig: Applying CVar settings from Section [/Script/Engine.RendererOverrideSettings] File [E:/SeniorProject/PollutionProject/SeniorProject/Saved/Config/Windows/Engine.ini]
[2020.04.23-21.08.33:504][  0]LogConfig: Applying CVar settings from Section [/Script/Engine.StreamingSettings] File [E:/SeniorProject/PollutionProject/SeniorProject/Saved/Config/Windows/Engine.ini]
[2020.04.23-21.08.33:504][  0]LogConfig: Setting CVar [[s.MinBulkDataSizeForAsyncLoading:131072]]
[2020.04.23-21.08.33:505][  0]LogConfig: Setting CVar [[s.AsyncLoadingThreadEnabled:0]]
[2020.04.23-21.08.33:505][  0]LogConfig: Setting CVar [[s.EventDrivenLoaderEnabled:1]]
[2020.04.23-21.08.33:505][  0]LogConfig: Setting CVar [[s.WarnIfTimeLimitExceeded:0]]
[2020.04.23-21.08.33:505][  0]LogConfig: Setting CVar [[s.TimeLimitExceededMultiplier:1.5]]
[2020.04.23-21.08.33:505][  0]LogConfig: Setting CVar [[s.TimeLimitExceededMinTime:0.005]]
[2020.04.23-21.08.33:505][  0]LogConfig: Setting CVar [[s.UseBackgroundLevelStreaming:1]]
[2020.04.23-21.08.33:505][  0]LogConfig: Setting CVar [[s.PriorityAsyncLoadingExtraTime:15.0]]
[2020.04.23-21.08.33:505][  0]LogConfig: Setting CVar [[s.LevelStreamingActorsUpdateTimeLimit:5.0]]
[2020.04.23-21.08.33:505][  0]LogConfig: Setting CVar [[s.PriorityLevelStreamingActorsUpdateExtraTime:5.0]]
[2020.04.23-21.08.33:505][  0]LogConfig: Setting CVar [[s.LevelStreamingComponentsRegistrationGranularity:10]]
[2020.04.23-21.08.33:505][  0]LogConfig: Setting CVar [[s.UnregisterComponentsTimeLimit:1.0]]
[2020.04.23-21.08.33:505][  0]LogConfig: Setting CVar [[s.LevelStreamingComponentsUnregistrationGranularity:5]]
[2020.04.23-21.08.33:505][  0]LogConfig: Applying CVar settings from Section [/Script/Engine.GarbageCollectionSettings] File [E:/SeniorProject/PollutionProject/SeniorProject/Saved/Config/Windows/Engine.ini]
[2020.04.23-21.08.33:505][  0]LogConfig: Setting CVar [[gc.MaxObjectsNotConsideredByGC:1]]
[2020.04.23-21.08.33:505][  0]LogConfig: Setting CVar [[gc.SizeOfPermanentObjectPool:0]]
[2020.04.23-21.08.33:505][  0]LogConfig: Setting CVar [[gc.FlushStreamingOnGC:0]]
[2020.04.23-21.08.33:506][  0]LogConfig: Setting CVar [[gc.NumRetriesBeforeForcingGC:10]]
[2020.04.23-21.08.33:506][  0]LogConfig: Setting CVar [[gc.AllowParallelGC:1]]
[2020.04.23-21.08.33:506][  0]LogConfig: Setting CVar [[gc.TimeBetweenPurgingPendingKillObjects:61.1]]
[2020.04.23-21.08.33:506][  0]LogConfig: Setting CVar [[gc.MaxObjectsInEditor:16777216]]
[2020.04.23-21.08.33:506][  0]LogConfig: Setting CVar [[gc.IncrementalBeginDestroyEnabled:1]]
[2020.04.23-21.08.33:506][  0]LogConfig: Setting CVar [[gc.CreateGCClusters:1]]
[2020.04.23-21.08.33:506][  0]LogConfig: Setting CVar [[gc.MinGCClusterSize:5]]
[2020.04.23-21.08.33:506][  0]LogConfig: Setting CVar [[gc.ActorClusteringEnabled:0]]
[2020.04.23-21.08.33:506][  0]LogConfig: Setting CVar [[gc.BlueprintClusteringEnabled:0]]
[2020.04.23-21.08.33:506][  0]LogConfig: Setting CVar [[gc.UseDisregardForGCOnDedicatedServers:0]]
[2020.04.23-21.08.33:506][  0]LogConfig: Applying CVar settings from Section [/Script/Engine.NetworkSettings] File [E:/SeniorProject/PollutionProject/SeniorProject/Saved/Config/Windows/Engine.ini]
[2020.04.23-21.08.33:506][  0]LogConfig: Applying CVar settings from Section [/Script/UnrealEd.CookerSettings] File [E:/SeniorProject/PollutionProject/SeniorProject/Saved/Config/Windows/Engine.ini]
[2020.04.23-21.08.33:538][  0]LogConfig: Applying CVar settings from Section [ViewDistanceQuality@3] File [E:/SeniorProject/PollutionProject/SeniorProject/Saved/Config/Windows/Scalability.ini]
[2020.04.23-21.08.33:538][  0]LogConfig: Setting CVar [[r.SkeletalMeshLODBias:0]]
[2020.04.23-21.08.33:538][  0]LogConfig: Setting CVar [[r.ViewDistanceScale:1.0]]
[2020.04.23-21.08.33:538][  0]LogConfig: Applying CVar settings from Section [AntiAliasingQuality@3] File [E:/SeniorProject/PollutionProject/SeniorProject/Saved/Config/Windows/Scalability.ini]
[2020.04.23-21.08.33:538][  0]LogConfig: Setting CVar [[r.PostProcessAAQuality:4]]
[2020.04.23-21.08.33:538][  0]LogConfig: Applying CVar settings from Section [ShadowQuality@3] File [E:/SeniorProject/PollutionProject/SeniorProject/Saved/Config/Windows/Scalability.ini]
[2020.04.23-21.08.33:538][  0]LogConfig: Setting CVar [[r.LightFunctionQuality:1]]
[2020.04.23-21.08.33:538][  0]LogConfig: Setting CVar [[r.ShadowQuality:5]]
[2020.04.23-21.08.33:538][  0]LogConfig: Setting CVar [[r.Shadow.CSM.MaxCascades:10]]
[2020.04.23-21.08.33:538][  0]LogConfig: Setting CVar [[r.Shadow.MaxResolution:2048]]
[2020.04.23-21.08.33:538][  0]LogConfig: Setting CVar [[r.Shadow.MaxCSMResolution:2048]]
[2020.04.23-21.08.33:538][  0]LogConfig: Setting CVar [[r.Shadow.RadiusThreshold:0.01]]
[2020.04.23-21.08.33:538][  0]LogConfig: Setting CVar [[r.Shadow.DistanceScale:1.0]]
[2020.04.23-21.08.33:539][  0]LogConfig: Setting CVar [[r.Shadow.CSM.TransitionScale:1.0]]
[2020.04.23-21.08.33:539][  0]LogConfig: Setting CVar [[r.Shadow.PreShadowResolutionFactor:1.0]]
[2020.04.23-21.08.33:539][  0]LogConfig: Setting CVar [[r.DistanceFieldShadowing:1]]
[2020.04.23-21.08.33:539][  0]LogConfig: Setting CVar [[r.DistanceFieldAO:1]]
[2020.04.23-21.08.33:539][  0]LogConfig: Setting CVar [[r.AOQuality:2]]
[2020.04.23-21.08.33:539][  0]LogConfig: Setting CVar [[r.VolumetricFog:1]]
[2020.04.23-21.08.33:539][  0]LogConfig: Setting CVar [[r.VolumetricFog.GridPixelSize:8]]
[2020.04.23-21.08.33:539][  0]LogConfig: Setting CVar [[r.VolumetricFog.GridSizeZ:128]]
[2020.04.23-21.08.33:539][  0]LogConfig: Setting CVar [[r.VolumetricFog.HistoryMissSupersampleCount:4]]
[2020.04.23-21.08.33:539][  0]LogConfig: Setting CVar [[r.LightMaxDrawDistanceScale:1]]
[2020.04.23-21.08.33:539][  0]LogConfig: Setting CVar [[r.CapsuleShadows:1]]
[2020.04.23-21.08.33:539][  0]LogConfig: Applying CVar settings from Section [PostProcessQuality@3] File [E:/SeniorProject/PollutionProject/SeniorProject/Saved/Config/Windows/Scalability.ini]
[2020.04.23-21.08.33:539][  0]LogConfig: Setting CVar [[r.MotionBlurQuality:4]]
[2020.04.23-21.08.33:539][  0]LogConfig: Setting CVar [[r.AmbientOcclusionMipLevelFactor:0.4]]
[2020.04.23-21.08.33:539][  0]LogConfig: Setting CVar [[r.AmbientOcclusionMaxQuality:100]]
[2020.04.23-21.08.33:540][  0]LogConfig: Setting CVar [[r.AmbientOcclusionLevels:-1]]
[2020.04.23-21.08.33:540][  0]LogConfig: Setting CVar [[r.AmbientOcclusionRadiusScale:1.0]]
[2020.04.23-21.08.33:540][  0]LogConfig: Setting CVar [[r.DepthOfFieldQuality:2]]
[2020.04.23-21.08.33:540][  0]LogConfig: Setting CVar [[r.RenderTargetPoolMin:400]]
[2020.04.23-21.08.33:540][  0]LogConfig: Setting CVar [[r.LensFlareQuality:2]]
[2020.04.23-21.08.33:540][  0]LogConfig: Setting CVar [[r.SceneColorFringeQuality:1]]
[2020.04.23-21.08.33:540][  0]LogConfig: Setting CVar [[r.EyeAdaptationQuality:2]]
[2020.04.23-21.08.33:540][  0]LogConfig: Setting CVar [[r.BloomQuality:5]]
[2020.04.23-21.08.33:540][  0]LogConfig: Setting CVar [[r.FastBlurThreshold:100]]
[2020.04.23-21.08.33:540][  0]LogConfig: Setting CVar [[r.Upscale.Quality:3]]
[2020.04.23-21.08.33:540][  0]LogConfig: Setting CVar [[r.Tonemapper.GrainQuantization:1]]
[2020.04.23-21.08.33:540][  0]LogConfig: Setting CVar [[r.LightShaftQuality:1]]
[2020.04.23-21.08.33:540][  0]LogConfig: Setting CVar [[r.Filter.SizeScale:1]]
[2020.04.23-21.08.33:540][  0]LogConfig: Setting CVar [[r.Tonemapper.Quality:5]]
[2020.04.23-21.08.33:540][  0]LogConfig: Setting CVar [[r.DOF.Gather.AccumulatorQuality:1        ; higher gathering accumulator quality]]
[2020.04.23-21.08.33:540][  0]LogConfig: Setting CVar [[r.DOF.Gather.PostfilterMethod:1          ; Median3x3 postfilering method]]
[2020.04.23-21.08.33:540][  0]LogConfig: Setting CVar [[r.DOF.Gather.EnableBokehSettings:0       ; no bokeh simulation when gathering]]
[2020.04.23-21.08.33:541][  0]LogConfig: Setting CVar [[r.DOF.Gather.RingCount:4                 ; medium number of samples when gathering]]
[2020.04.23-21.08.33:541][  0]LogConfig: Setting CVar [[r.DOF.Scatter.ForegroundCompositing:1    ; additive foreground scattering]]
[2020.04.23-21.08.33:541][  0]LogConfig: Setting CVar [[r.DOF.Scatter.BackgroundCompositing:2    ; additive background scattering]]
[2020.04.23-21.08.33:541][  0]LogConfig: Setting CVar [[r.DOF.Scatter.EnableBokehSettings:1      ; bokeh simulation when scattering]]
[2020.04.23-21.08.33:541][  0]LogConfig: Setting CVar [[r.DOF.Scatter.MaxSpriteRatio:0.1         ; only a maximum of 10% of scattered bokeh]]
[2020.04.23-21.08.33:541][  0]LogConfig: Setting CVar [[r.DOF.Recombine.Quality:1                ; cheap slight out of focus]]
[2020.04.23-21.08.33:541][  0]LogConfig: Setting CVar [[r.DOF.Recombine.EnableBokehSettings:0    ; no bokeh simulation on slight out of focus]]
[2020.04.23-21.08.33:541][  0]LogConfig: Setting CVar [[r.DOF.TemporalAAQuality:1                ; more stable temporal accumulation]]
[2020.04.23-21.08.33:541][  0]LogConfig: Setting CVar [[r.DOF.Kernel.MaxForegroundRadius:0.025]]
[2020.04.23-21.08.33:541][  0]LogConfig: Setting CVar [[r.DOF.Kernel.MaxBackgroundRadius:0.025]]
[2020.04.23-21.08.33:541][  0]LogConfig: Applying CVar settings from Section [TextureQuality@3] File [E:/SeniorProject/PollutionProject/SeniorProject/Saved/Config/Windows/Scalability.ini]
[2020.04.23-21.08.33:541][  0]LogConfig: Setting CVar [[r.Streaming.MipBias:0]]
[2020.04.23-21.08.33:541][  0]LogConfig: Setting CVar [[r.Streaming.AmortizeCPUToGPUCopy:0]]
[2020.04.23-21.08.33:541][  0]LogConfig: Setting CVar [[r.Streaming.MaxNumTexturesToStreamPerFrame:0]]
[2020.04.23-21.08.33:541][  0]LogConfig: Setting CVar [[r.Streaming.Boost:1]]
[2020.04.23-21.08.33:541][  0]LogConfig: Setting CVar [[r.MaxAnisotropy:8]]
[2020.04.23-21.08.33:541][  0]LogConfig: Setting CVar [[r.Streaming.LimitPoolSizeToVRAM:0]]
[2020.04.23-21.08.33:541][  0]LogConfig: Setting CVar [[r.Streaming.PoolSize:1000]]
[2020.04.23-21.08.33:541][  0]LogConfig: Setting CVar [[r.Streaming.MaxEffectiveScreenSize:0]]
[2020.04.23-21.08.33:542][  0]LogConfig: Applying CVar settings from Section [EffectsQuality@3] File [E:/SeniorProject/PollutionProject/SeniorProject/Saved/Config/Windows/Scalability.ini]
[2020.04.23-21.08.33:542][  0]LogConfig: Setting CVar [[r.TranslucencyLightingVolumeDim:64]]
[2020.04.23-21.08.33:542][  0]LogConfig: Setting CVar [[r.RefractionQuality:2]]
[2020.04.23-21.08.33:542][  0]LogConfig: Setting CVar [[r.SSR.Quality:3]]
[2020.04.23-21.08.33:542][  0]LogConfig: Setting CVar [[r.SceneColorFormat:4]]
[2020.04.23-21.08.33:542][  0]LogConfig: Setting CVar [[r.DetailMode:2]]
[2020.04.23-21.08.33:542][  0]LogConfig: Setting CVar [[r.TranslucencyVolumeBlur:1]]
[2020.04.23-21.08.33:542][  0]LogConfig: Setting CVar [[r.MaterialQualityLevel:1 ; High quality]]
[2020.04.23-21.08.33:542][  0]LogConfig: Setting CVar [[r.SSS.Scale:1]]
[2020.04.23-21.08.33:542][  0]LogConfig: Setting CVar [[r.SSS.SampleSet:2]]
[2020.04.23-21.08.33:542][  0]LogConfig: Setting CVar [[r.SSS.Quality:1]]
[2020.04.23-21.08.33:542][  0]LogConfig: Setting CVar [[r.SSS.HalfRes:1]]
[2020.04.23-21.08.33:542][  0]LogConfig: Setting CVar [[r.EmitterSpawnRateScale:1.0]]
[2020.04.23-21.08.33:542][  0]LogConfig: Setting CVar [[r.ParticleLightQuality:2]]
[2020.04.23-21.08.33:542][  0]LogConfig: Applying CVar settings from Section [FoliageQuality@3] File [E:/SeniorProject/PollutionProject/SeniorProject/Saved/Config/Windows/Scalability.ini]
[2020.04.23-21.08.33:542][  0]LogConfig: Setting CVar [[foliage.DensityScale:1.0]]
[2020.04.23-21.08.33:542][  0]LogConfig: Setting CVar [[grass.DensityScale:1.0]]
[2020.04.23-21.08.33:543][  0]LogInit: Selected Device Profile: [Windows]
[2020.04.23-21.08.33:543][  0]LogInit: Applying CVar settings loaded from the selected device profile: [Windows]
[2020.04.23-21.08.33:584][  0]LogHAL: Display: Platform has ~ 16 GB [17116258304 / 17179869184 / 16], which maps to Larger [LargestMinGB=32, LargerMinGB=12, DefaultMinGB=8, SmallerMinGB=6, SmallestMinGB=0)
[2020.04.23-21.08.33:584][  0]LogConfig: Setting CVar [[r.Vulkan.UseRealUBs:0		; Required until we fix HLR fall-out]]
[2020.04.23-21.08.33:584][  0]LogInit: Going up to parent DeviceProfile []
[2020.04.23-21.08.33:585][  0]LogConfig: Applying CVar settings from Section [ViewDistanceQuality@3] File [E:/SeniorProject/PollutionProject/SeniorProject/Saved/Config/Windows/Scalability.ini]
[2020.04.23-21.08.33:585][  0]LogConfig: Setting CVar [[r.SkeletalMeshLODBias:0]]
[2020.04.23-21.08.33:585][  0]LogConfig: Setting CVar [[r.ViewDistanceScale:1.0]]
[2020.04.23-21.08.33:585][  0]LogConfig: Applying CVar settings from Section [AntiAliasingQuality@3] File [E:/SeniorProject/PollutionProject/SeniorProject/Saved/Config/Windows/Scalability.ini]
[2020.04.23-21.08.33:585][  0]LogConfig: Setting CVar [[r.PostProcessAAQuality:4]]
[2020.04.23-21.08.33:585][  0]LogConfig: Applying CVar settings from Section [ShadowQuality@3] File [E:/SeniorProject/PollutionProject/SeniorProject/Saved/Config/Windows/Scalability.ini]
[2020.04.23-21.08.33:585][  0]LogConfig: Setting CVar [[r.LightFunctionQuality:1]]
[2020.04.23-21.08.33:585][  0]LogConfig: Setting CVar [[r.ShadowQuality:5]]
[2020.04.23-21.08.33:585][  0]LogConfig: Setting CVar [[r.Shadow.CSM.MaxCascades:10]]
[2020.04.23-21.08.33:585][  0]LogConfig: Setting CVar [[r.Shadow.MaxResolution:2048]]
[2020.04.23-21.08.33:585][  0]LogConfig: Setting CVar [[r.Shadow.MaxCSMResolution:2048]]
[2020.04.23-21.08.33:585][  0]LogConfig: Setting CVar [[r.Shadow.RadiusThreshold:0.01]]
[2020.04.23-21.08.33:585][  0]LogConfig: Setting CVar [[r.Shadow.DistanceScale:1.0]]
[2020.04.23-21.08.33:585][  0]LogConfig: Setting CVar [[r.Shadow.CSM.TransitionScale:1.0]]
[2020.04.23-21.08.33:585][  0]LogConfig: Setting CVar [[r.Shadow.PreShadowResolutionFactor:1.0]]
[2020.04.23-21.08.33:586][  0]LogConfig: Setting CVar [[r.DistanceFieldShadowing:1]]
[2020.04.23-21.08.33:586][  0]LogConfig: Setting CVar [[r.DistanceFieldAO:1]]
[2020.04.23-21.08.33:586][  0]LogConfig: Setting CVar [[r.AOQuality:2]]
[2020.04.23-21.08.33:586][  0]LogConfig: Setting CVar [[r.VolumetricFog:1]]
[2020.04.23-21.08.33:586][  0]LogConfig: Setting CVar [[r.VolumetricFog.GridPixelSize:8]]
[2020.04.23-21.08.33:586][  0]LogConfig: Setting CVar [[r.VolumetricFog.GridSizeZ:128]]
[2020.04.23-21.08.33:586][  0]LogConfig: Setting CVar [[r.VolumetricFog.HistoryMissSupersampleCount:4]]
[2020.04.23-21.08.33:586][  0]LogConfig: Setting CVar [[r.LightMaxDrawDistanceScale:1]]
[2020.04.23-21.08.33:586][  0]LogConfig: Setting CVar [[r.CapsuleShadows:1]]
[2020.04.23-21.08.33:586][  0]LogConfig: Applying CVar settings from Section [PostProcessQuality@3] File [E:/SeniorProject/PollutionProject/SeniorProject/Saved/Config/Windows/Scalability.ini]
[2020.04.23-21.08.33:586][  0]LogConfig: Setting CVar [[r.MotionBlurQuality:4]]
[2020.04.23-21.08.33:586][  0]LogConfig: Setting CVar [[r.AmbientOcclusionMipLevelFactor:0.4]]
[2020.04.23-21.08.33:587][  0]LogConfig: Setting CVar [[r.AmbientOcclusionMaxQuality:100]]
[2020.04.23-21.08.33:587][  0]LogConfig: Setting CVar [[r.AmbientOcclusionLevels:-1]]
[2020.04.23-21.08.33:587][  0]LogConfig: Setting CVar [[r.AmbientOcclusionRadiusScale:1.0]]
[2020.04.23-21.08.33:587][  0]LogConfig: Setting CVar [[r.DepthOfFieldQuality:2]]
[2020.04.23-21.08.33:587][  0]LogConfig: Setting CVar [[r.RenderTargetPoolMin:400]]
[2020.04.23-21.08.33:587][  0]LogConfig: Setting CVar [[r.LensFlareQuality:2]]
[2020.04.23-21.08.33:587][  0]LogConfig: Setting CVar [[r.SceneColorFringeQuality:1]]
[2020.04.23-21.08.33:587][  0]LogConfig: Setting CVar [[r.EyeAdaptationQuality:2]]
[2020.04.23-21.08.33:587][  0]LogConfig: Setting CVar [[r.BloomQuality:5]]
[2020.04.23-21.08.33:587][  0]LogConfig: Setting CVar [[r.FastBlurThreshold:100]]
[2020.04.23-21.08.33:587][  0]LogConfig: Setting CVar [[r.Upscale.Quality:3]]
[2020.04.23-21.08.33:587][  0]LogConfig: Setting CVar [[r.Tonemapper.GrainQuantization:1]]
[2020.04.23-21.08.33:588][  0]LogConfig: Setting CVar [[r.LightShaftQuality:1]]
[2020.04.23-21.08.33:588][  0]LogConfig: Setting CVar [[r.Filter.SizeScale:1]]
[2020.04.23-21.08.33:588][  0]LogConfig: Setting CVar [[r.Tonemapper.Quality:5]]
[2020.04.23-21.08.33:588][  0]LogConfig: Setting CVar [[r.DOF.Gather.AccumulatorQuality:1        ; higher gathering accumulator quality]]
[2020.04.23-21.08.33:588][  0]LogConfig: Setting CVar [[r.DOF.Gather.PostfilterMethod:1          ; Median3x3 postfilering method]]
[2020.04.23-21.08.33:588][  0]LogConfig: Setting CVar [[r.DOF.Gather.EnableBokehSettings:0       ; no bokeh simulation when gathering]]
[2020.04.23-21.08.33:588][  0]LogConfig: Setting CVar [[r.DOF.Gather.RingCount:4                 ; medium number of samples when gathering]]
[2020.04.23-21.08.33:588][  0]LogConfig: Setting CVar [[r.DOF.Scatter.ForegroundCompositing:1    ; additive foreground scattering]]
[2020.04.23-21.08.33:588][  0]LogConfig: Setting CVar [[r.DOF.Scatter.BackgroundCompositing:2    ; additive background scattering]]
[2020.04.23-21.08.33:588][  0]LogConfig: Setting CVar [[r.DOF.Scatter.EnableBokehSettings:1      ; bokeh simulation when scattering]]
[2020.04.23-21.08.33:588][  0]LogConfig: Setting CVar [[r.DOF.Scatter.MaxSpriteRatio:0.1         ; only a maximum of 10% of scattered bokeh]]
[2020.04.23-21.08.33:588][  0]LogConfig: Setting CVar [[r.DOF.Recombine.Quality:1                ; cheap slight out of focus]]
[2020.04.23-21.08.33:588][  0]LogConfig: Setting CVar [[r.DOF.Recombine.EnableBokehSettings:0    ; no bokeh simulation on slight out of focus]]
[2020.04.23-21.08.33:588][  0]LogConfig: Setting CVar [[r.DOF.TemporalAAQuality:1                ; more stable temporal accumulation]]
[2020.04.23-21.08.33:589][  0]LogConfig: Setting CVar [[r.DOF.Kernel.MaxForegroundRadius:0.025]]
[2020.04.23-21.08.33:589][  0]LogConfig: Setting CVar [[r.DOF.Kernel.MaxBackgroundRadius:0.025]]
[2020.04.23-21.08.33:589][  0]LogConfig: Applying CVar settings from Section [TextureQuality@3] File [E:/SeniorProject/PollutionProject/SeniorProject/Saved/Config/Windows/Scalability.ini]
[2020.04.23-21.08.33:589][  0]LogConfig: Setting CVar [[r.Streaming.MipBias:0]]
[2020.04.23-21.08.33:589][  0]LogConfig: Setting CVar [[r.Streaming.AmortizeCPUToGPUCopy:0]]
[2020.04.23-21.08.33:589][  0]LogConfig: Setting CVar [[r.Streaming.MaxNumTexturesToStreamPerFrame:0]]
[2020.04.23-21.08.33:589][  0]LogConfig: Setting CVar [[r.Streaming.Boost:1]]
[2020.04.23-21.08.33:589][  0]LogConfig: Setting CVar [[r.MaxAnisotropy:8]]
[2020.04.23-21.08.33:589][  0]LogConfig: Setting CVar [[r.Streaming.LimitPoolSizeToVRAM:0]]
[2020.04.23-21.08.33:589][  0]LogConfig: Setting CVar [[r.Streaming.PoolSize:1000]]
[2020.04.23-21.08.33:589][  0]LogConfig: Setting CVar [[r.Streaming.MaxEffectiveScreenSize:0]]
[2020.04.23-21.08.33:589][  0]LogConfig: Applying CVar settings from Section [EffectsQuality@3] File [E:/SeniorProject/PollutionProject/SeniorProject/Saved/Config/Windows/Scalability.ini]
[2020.04.23-21.08.33:589][  0]LogConfig: Setting CVar [[r.TranslucencyLightingVolumeDim:64]]
[2020.04.23-21.08.33:589][  0]LogConfig: Setting CVar [[r.RefractionQuality:2]]
[2020.04.23-21.08.33:589][  0]LogConfig: Setting CVar [[r.SSR.Quality:3]]
[2020.04.23-21.08.33:590][  0]LogConfig: Setting CVar [[r.SceneColorFormat:4]]
[2020.04.23-21.08.33:590][  0]LogConfig: Setting CVar [[r.DetailMode:2]]
[2020.04.23-21.08.33:590][  0]LogConfig: Setting CVar [[r.TranslucencyVolumeBlur:1]]
[2020.04.23-21.08.33:590][  0]LogConfig: Setting CVar [[r.MaterialQualityLevel:1 ; High quality]]
[2020.04.23-21.08.33:590][  0]LogConfig: Setting CVar [[r.SSS.Scale:1]]
[2020.04.23-21.08.33:590][  0]LogConfig: Setting CVar [[r.SSS.SampleSet:2]]
[2020.04.23-21.08.33:590][  0]LogConfig: Setting CVar [[r.SSS.Quality:1]]
[2020.04.23-21.08.33:590][  0]LogConfig: Setting CVar [[r.SSS.HalfRes:1]]
[2020.04.23-21.08.33:590][  0]LogConfig: Setting CVar [[r.EmitterSpawnRateScale:1.0]]
[2020.04.23-21.08.33:590][  0]LogConfig: Setting CVar [[r.ParticleLightQuality:2]]
[2020.04.23-21.08.33:590][  0]LogConfig: Applying CVar settings from Section [FoliageQuality@3] File [E:/SeniorProject/PollutionProject/SeniorProject/Saved/Config/Windows/Scalability.ini]
[2020.04.23-21.08.33:590][  0]LogConfig: Setting CVar [[foliage.DensityScale:1.0]]
[2020.04.23-21.08.33:590][  0]LogConfig: Setting CVar [[grass.DensityScale:1.0]]
[2020.04.23-21.08.33:590][  0]LogConfig: Applying CVar settings from Section [Startup] File [../../../Engine/Config/ConsoleVariables.ini]
[2020.04.23-21.08.33:591][  0]LogConfig: Setting CVar [[net.UseAdaptiveNetUpdateFrequency:0]]
[2020.04.23-21.08.33:591][  0]LogConfig: Setting CVar [[p.chaos.AllowCreatePhysxBodies:1]]
[2020.04.23-21.08.33:591][  0]LogConfig: Applying CVar settings from Section [ConsoleVariables] File [E:/SeniorProject/PollutionProject/SeniorProject/Saved/Config/Windows/Engine.ini]
[2020.04.23-21.08.33:591][  0]LogInit: Computer: GREGSPC
[2020.04.23-21.08.33:591][  0]LogInit: User: Gregory
[2020.04.23-21.08.33:591][  0]LogInit: CPU Page size=4096, Cores=4
[2020.04.23-21.08.33:591][  0]LogInit: High frequency timer resolution =10.000000 MHz
[2020.04.23-21.08.33:591][  0]LogMemory: Memory total: Physical=15.9GB (16GB approx)
[2020.04.23-21.08.33:591][  0]LogMemory: Platform Memory Stats for Windows
[2020.04.23-21.08.33:591][  0]LogMemory: Process Physical Memory: 103.10 MB used, 103.10 MB peak
[2020.04.23-21.08.33:592][  0]LogMemory: Process Virtual Memory: 104.11 MB used, 104.11 MB peak
[2020.04.23-21.08.33:592][  0]LogMemory: Physical Memory: 10435.23 MB used,  5888.10 MB free, 16323.34 MB total
[2020.04.23-21.08.33:592][  0]LogMemory: Virtual Memory: 4670.20 MB used,  134213056.00 MB free, 134217728.00 MB total
[2020.04.23-21.08.34:005][  0]LogInit: Using OS detected language (en-US).
[2020.04.23-21.08.34:005][  0]LogInit: Using OS detected locale (en-US).
[2020.04.23-21.08.34:005][  0]LogTextLocalizationManager: No specific localization for 'en-US' exists, so the 'en' localization will be used.
[2020.04.23-21.08.34:275][  0]LogInit: Setting process to per monitor DPI aware
[2020.04.23-21.08.34:486][  0]LogSlate: New Slate User Created.  User Index 0, Is Virtual User: 0
[2020.04.23-21.08.34:487][  0]LogSlate: Slate User Registered.  User Index 0, Is Virtual User: 0
[2020.04.23-21.08.39:423][  0]LogHMD: Failed to initialize OpenVR with code 126
[2020.04.23-21.08.39:423][  0]LogD3D11RHI: D3D11 adapters:
[2020.04.23-21.08.39:531][  0]LogD3D11RHI:    0. 'NVIDIA GeForce RTX 2080' (Feature Level 11_0)
[2020.04.23-21.08.39:532][  0]LogD3D11RHI:       8010/0/8161 MB DedicatedVideo/DedicatedSystem/SharedSystem, Outputs:4, VendorId:0x10de
[2020.04.23-21.08.39:538][  0]LogD3D11RHI:    1. 'Microsoft Basic Render Driver' (Feature Level 11_0)
[2020.04.23-21.08.39:539][  0]LogD3D11RHI:       0/0/8161 MB DedicatedVideo/DedicatedSystem/SharedSystem, Outputs:0, VendorId:0x1414
[2020.04.23-21.08.39:539][  0]LogD3D11RHI: Chosen D3D11 Adapter: 0
[2020.04.23-21.08.39:548][  0]LogD3D11RHI: Creating new Direct3DDevice
[2020.04.23-21.08.39:549][  0]LogD3D11RHI:     GPU DeviceId: 0x1e87 (for the marketing name, search the web for "GPU Device Id")
[2020.04.23-21.08.39:549][  0]LogWindows: EnumDisplayDevices:
[2020.04.23-21.08.39:549][  0]LogWindows:    0. 'NVIDIA GeForce RTX 2080' (P:1 D:1)
[2020.04.23-21.08.39:549][  0]LogWindows:    1. 'NVIDIA GeForce RTX 2080' (P:0 D:1)
[2020.04.23-21.08.39:550][  0]LogWindows:    2. 'NVIDIA GeForce RTX 2080' (P:0 D:1)
[2020.04.23-21.08.39:550][  0]LogWindows:    3. 'NVIDIA GeForce RTX 2080' (P:0 D:1)
[2020.04.23-21.08.39:550][  0]LogWindows: DebugString: FoundDriverCount:4 
[2020.04.23-21.08.39:550][  0]LogD3D11RHI:     Adapter Name: NVIDIA GeForce RTX 2080
[2020.04.23-21.08.39:551][  0]LogD3D11RHI:   Driver Version: 432.00 (internal:26.21.14.3200, unified:432.00)
[2020.04.23-21.08.39:551][  0]LogD3D11RHI:      Driver Date: 7-24-2019
[2020.04.23-21.08.39:551][  0]LogRHI: Texture pool is 5607 MB (70% of 8010 MB)
[2020.04.23-21.08.39:621][  0]LogD3D11RHI: Async texture creation enabled
[2020.04.23-21.08.39:640][  0]LogRendererCore: FGlobalReadBuffer::InitRHI
[2020.04.23-21.08.39:641][  0]LogRendererCore: FGlobalReadBuffer::InitRHI
[2020.04.23-21.08.39:641][  0]LogRendererCore: FGlobalReadBuffer::InitRHI
[2020.04.23-21.08.39:655][  0]LogD3D11RHI: GPU Timing Frequency: 1000.000000 (Debug: 2 2)
[2020.04.23-21.08.40:182][  0]LogTemp: Display: Module 'AllDesktopTargetPlatform' loaded TargetPlatform 'AllDesktop'
[2020.04.23-21.08.40:205][  0]LogTemp: Display: Module 'MacClientTargetPlatform' loaded TargetPlatform 'MacClient'
[2020.04.23-21.08.40:227][  0]LogTemp: Display: Module 'MacNoEditorTargetPlatform' loaded TargetPlatform 'MacNoEditor'
[2020.04.23-21.08.40:247][  0]LogTemp: Display: Module 'MacServerTargetPlatform' loaded TargetPlatform 'MacServer'
[2020.04.23-21.08.40:302][  0]LogTemp: Display: Module 'MacTargetPlatform' loaded TargetPlatform 'Mac'
[2020.04.23-21.08.40:326][  0]LogTemp: Display: Module 'WindowsClientTargetPlatform' loaded TargetPlatform 'WindowsClient'
[2020.04.23-21.08.40:348][  0]LogTemp: Display: Module 'WindowsNoEditorTargetPlatform' loaded TargetPlatform 'WindowsNoEditor'
[2020.04.23-21.08.40:372][  0]LogTemp: Display: Module 'WindowsServerTargetPlatform' loaded TargetPlatform 'WindowsServer'
[2020.04.23-21.08.40:402][  0]LogTemp: Display: Module 'WindowsTargetPlatform' loaded TargetPlatform 'Windows'
[2020.04.23-21.08.40:500][  0]LogTemp: Display: Module 'AndroidTargetPlatform' loaded TargetPlatform 'Android'
[2020.04.23-21.08.40:501][  0]LogTemp: Display: Module 'AndroidTargetPlatform' loaded TargetPlatform 'Android_ASTC'
[2020.04.23-21.08.40:501][  0]LogTemp: Display: Module 'AndroidTargetPlatform' loaded TargetPlatform 'Android_ATC'
[2020.04.23-21.08.40:501][  0]LogTemp: Display: Module 'AndroidTargetPlatform' loaded TargetPlatform 'Android_DXT'
[2020.04.23-21.08.40:501][  0]LogTemp: Display: Module 'AndroidTargetPlatform' loaded TargetPlatform 'Android_ETC1'
[2020.04.23-21.08.40:501][  0]LogTemp: Display: Module 'AndroidTargetPlatform' loaded TargetPlatform 'Android_ETC1a'
[2020.04.23-21.08.40:501][  0]LogTemp: Display: Module 'AndroidTargetPlatform' loaded TargetPlatform 'Android_ETC2'
[2020.04.23-21.08.40:501][  0]LogTemp: Display: Module 'AndroidTargetPlatform' loaded TargetPlatform 'Android_PVRTC'
[2020.04.23-21.08.40:501][  0]LogTemp: Display: Module 'AndroidTargetPlatform' loaded TargetPlatform 'AndroidClient'
[2020.04.23-21.08.40:501][  0]LogTemp: Display: Module 'AndroidTargetPlatform' loaded TargetPlatform 'Android_ASTCClient'
[2020.04.23-21.08.40:501][  0]LogTemp: Display: Module 'AndroidTargetPlatform' loaded TargetPlatform 'Android_ATCClient'
[2020.04.23-21.08.40:501][  0]LogTemp: Display: Module 'AndroidTargetPlatform' loaded TargetPlatform 'Android_DXTClient'
[2020.04.23-21.08.40:501][  0]LogTemp: Display: Module 'AndroidTargetPlatform' loaded TargetPlatform 'Android_ETC1Client'
[2020.04.23-21.08.40:502][  0]LogTemp: Display: Module 'AndroidTargetPlatform' loaded TargetPlatform 'Android_ETC1aClient'
[2020.04.23-21.08.40:502][  0]LogTemp: Display: Module 'AndroidTargetPlatform' loaded TargetPlatform 'Android_ETC2Client'
[2020.04.23-21.08.40:502][  0]LogTemp: Display: Module 'AndroidTargetPlatform' loaded TargetPlatform 'Android_PVRTCClient'
[2020.04.23-21.08.40:502][  0]LogTemp: Display: Module 'AndroidTargetPlatform' loaded TargetPlatform 'Android_Multi'
[2020.04.23-21.08.40:502][  0]LogTemp: Display: Module 'AndroidTargetPlatform' loaded TargetPlatform 'Android_MultiClient'
[2020.04.23-21.08.40:512][  0]LogTemp: Display: Module 'HTML5TargetPlatform' loaded TargetPlatform 'HTML5'
[2020.04.23-21.08.40:631][  0]LogTemp: Display: Module 'IOSTargetPlatform' loaded TargetPlatform 'IOSClient'
[2020.04.23-21.08.40:631][  0]LogTemp: Display: Module 'IOSTargetPlatform' loaded TargetPlatform 'IOS'
[2020.04.23-21.08.40:657][  0]LogTemp: Display: Module 'TVOSTargetPlatform' loaded TargetPlatform 'TVOSClient'
[2020.04.23-21.08.40:657][  0]LogTemp: Display: Module 'TVOSTargetPlatform' loaded TargetPlatform 'TVOS'
[2020.04.23-21.08.40:676][  0]LogTemp: Display: Module 'LinuxClientTargetPlatform' loaded TargetPlatform 'LinuxClient'
[2020.04.23-21.08.40:691][  0]LogTemp: Display: Module 'LinuxNoEditorTargetPlatform' loaded TargetPlatform 'LinuxNoEditor'
[2020.04.23-21.08.40:710][  0]LogTemp: Display: Module 'LinuxServerTargetPlatform' loaded TargetPlatform 'LinuxServer'
[2020.04.23-21.08.40:768][  0]LogTemp: Display: Module 'LinuxTargetPlatform' loaded TargetPlatform 'Linux'
[2020.04.23-21.08.40:842][  0]LogTemp: Display: Module 'LuminTargetPlatform' loaded TargetPlatform 'Lumin'
[2020.04.23-21.08.40:842][  0]LogTemp: Display: Module 'LuminTargetPlatform' loaded TargetPlatform 'LuminClient'
[2020.04.23-21.08.40:842][  0]LogTargetPlatformManager: Display: Building Assets For Windows
[2020.04.23-21.08.40:887][  0]LogAudioDebug: Display: Lib vorbis DLL was dynamically loaded.
[2020.04.23-21.08.41:298][  0]LogShaderCompilers: Guid format shader working directory is 0 characters bigger than the processId version (E:/SeniorProject/PollutionProject/SeniorProject/Intermediate/Shaders/WorkingDirectory/16620/).
[2020.04.23-21.08.41:299][  0]LogShaderCompilers: Cleaned the shader compiler working directory 'C:/Users/Gregory/AppData/Local/Temp/UnrealShaderWorkingDir/135C14494B843B0BC266CC956E788825/'.
[2020.04.23-21.08.41:302][  0]LogXGEController: Cleaning working directory: C:/Users/Gregory/AppData/Local/Temp/UnrealXGEWorkingDir/
[2020.04.23-21.08.41:303][  0]LogXGEController: Cannot use XGE Controller as Incredibuild is not installed on this machine.
[2020.04.23-21.08.41:303][  0]LogShaderCompilers: Cannot use XGE Shader Compiler as Incredibuild is not installed on this machine.
[2020.04.23-21.08.41:303][  0]LogShaderCompilers: Display: Using Local Shader Compiler.
[2020.04.23-21.08.47:206][  0]LogDerivedDataCache: Display: Max Cache Size: 512 MB
[2020.04.23-21.08.47:517][  0]LogDerivedDataCache: Loaded boot cache 0.31s 73MB C:/Users/Gregory/AppData/Local/UnrealEngine/4.22/DerivedDataCache/Boot.ddc.
[2020.04.23-21.08.47:517][  0]LogDerivedDataCache: Display: Loaded Boot cache: C:/Users/Gregory/AppData/Local/UnrealEngine/4.22/DerivedDataCache/Boot.ddc
[2020.04.23-21.08.47:517][  0]LogDerivedDataCache: FDerivedDataBackendGraph:  Pak pak cache file E:/SeniorProject/PollutionProject/SeniorProject/DerivedDataCache/DDC.ddp not found, will not use a pak cache.
[2020.04.23-21.08.47:518][  0]LogDerivedDataCache: Unable to find inner node Pak for hierarchical cache Hierarchy.
[2020.04.23-21.08.47:518][  0]LogDerivedDataCache: FDerivedDataBackendGraph:  CompressedPak pak cache file E:/SeniorProject/PollutionProject/SeniorProject/DerivedDataCache/Compressed.ddp not found, will not use a pak cache.
[2020.04.23-21.08.47:518][  0]LogDerivedDataCache: Unable to find inner node CompressedPak for hierarchical cache Hierarchy.
[2020.04.23-21.08.47:529][  0]LogDerivedDataCache: Display: Pak cache opened for reading ../../../Engine/DerivedDataCache/Compressed.ddp.
[2020.04.23-21.08.47:532][  0]LogDerivedDataCache: Display: Pak cache opened for reading ../../../Enterprise/DerivedDataCache/Compressed.ddp.
[2020.04.23-21.08.47:545][  0]LogDerivedDataCache: Using Local data cache path C:/Users/Gregory/AppData/Local/UnrealEngine/Common/DerivedDataCache: Writable
[2020.04.23-21.08.47:545][  0]LogDerivedDataCache: Shared data cache path not found in *engine.ini, will not use an Shared cache.
[2020.04.23-21.08.47:545][  0]LogDerivedDataCache: Unable to find inner node Shared for hierarchical cache Hierarchy.
[2020.04.23-21.08.47:567][  0]LogMaterial: Verifying Global Shaders for PCD3D_SM5
[2020.04.23-21.08.47:568][  0]LogSlate: Using FreeType 2.6.0
[2020.04.23-21.08.47:569][  0]LogSlate: SlateFontServices - WITH_FREETYPE: 1, WITH_HARFBUZZ: 1
[2020.04.23-21.08.48:966][  0]LogAssetRegistry: FAssetRegistry took 0.0382 seconds to start up
[2020.04.23-21.08.49:294][  0]LogInit: Selected Device Profile: [Windows]
[2020.04.23-21.08.49:764][  0]LogMeshReduction: Using QuadricMeshReduction for automatic static mesh reduction
[2020.04.23-21.08.49:764][  0]LogMeshReduction: Using SimplygonMeshReduction for automatic skeletal mesh reduction
[2020.04.23-21.08.49:764][  0]LogMeshReduction: Using ProxyLODMeshReduction for automatic mesh merging
[2020.04.23-21.08.49:764][  0]LogMeshReduction: No distributed automatic mesh merging module available
[2020.04.23-21.08.49:764][  0]LogMeshMerging: No distributed automatic mesh merging module available
[2020.04.23-21.08.49:781][  0]LogNetVersion: SeniorProject 1.0.0, NetCL: 5660361, EngineNetVer: 10, GameNetVer: 0 (Checksum: 993350713)
[2020.04.23-21.08.50:277][  0]LogPackageLocalizationCache: Processed 16 localized package path(s) for 1 prioritized culture(s) in 0.064280 seconds
[2020.04.23-21.08.50:283][  0]LogUObjectArray: 42205 objects as part of root set at end of initial load.
[2020.04.23-21.08.50:283][  0]LogUObjectAllocator: 7325032 out of 0 bytes used by permanent object pool.
[2020.04.23-21.08.50:283][  0]LogUObjectArray: CloseDisregardForGC: 0/0 objects in disregard for GC pool
[2020.04.23-21.09.10:512][  0]LogTcpMessaging: Initializing TcpMessaging bridge
[2020.04.23-21.09.10:590][  0]LogUdpMessaging: Initializing bridge on interface 0.0.0.0:0 to multicast group 230.0.0.1:6666.
[2020.04.23-21.09.10:965][  0]LogOutputDevice: Error: Ensure condition failed: AttachmentRules.LocationRule == EAttachmentRule::KeepRelative && AttachmentRules.RotationRule == EAttachmentRule::KeepRelative && AttachmentRules.ScaleRule == EAttachmentRule::KeepRelative [File:D:\Build\++UE4\Sync\Engine\Source\Runtime\Engine\Private\Components\SceneComponent.cpp] [Line: 1786] 
AttachToComponent when called from a constructor is only setting up attachment and will always be treated as KeepRelative. Consider calling SetupAttachment directly instead.

[2020.04.23-21.09.10:965][  0]LogStats:             FDebug::EnsureFailed -  0.000 s
[2020.04.23-21.09.16:066][  0]SourceControl: Source control is disabled
[2020.04.23-21.09.18:275][  0]LogAndroidPermission: UAndroidPermissionCallbackProxy::GetInstance
[2020.04.23-21.09.18:789][  0]LogOcInput: OculusInput pre-init called
[2020.04.23-21.09.21:747][  0]LogWindows: Failed to load 'libalias_api.dll' (GetLastError=126)
[2020.04.23-21.09.21:747][  0]LogWindows: File 'libalias_api.dll' does not exist
[2020.04.23-21.09.21:749][  0]LogWindows: Failed to load 'libalias_api.dll' (GetLastError=126)
[2020.04.23-21.09.21:749][  0]LogWindows: File 'libalias_api.dll' does not exist
[2020.04.23-21.09.22:002][  0]LogEngine: Initializing Engine...
[2020.04.23-21.09.22:045][  0]LogHMD: Failed to initialize OpenVR with code 126
[2020.04.23-21.09.22:046][  0]LogStats: UGameplayTagsManager::InitializeManager -  0.000 s
[2020.04.23-21.09.22:272][  0]LogInit: Initializing FReadOnlyCVARCache
[2020.04.23-21.09.22:315][  0]LogAIModule: Creating AISystem for world Untitled
[2020.04.23-21.09.22:556][  0]LogInit: XAudio2 using 'Headset Earphone (2- Corsair HS70 Wireless Gaming Headset)' : 2 channels at 48 kHz using 16 bits per sample (channel mask 0x3)
[2020.04.23-21.09.22:594][  0]LogInit: FAudioDevice initialized.
[2020.04.23-21.09.22:595][  0]LogNetVersion: Set ProjectVersion to 1.0.0.0. Version Checksum will be recalculated on next use.
[2020.04.23-21.09.22:851][  0]LogDerivedDataCache: Saved boot cache 0.26s 73MB C:/Users/Gregory/AppData/Local/UnrealEngine/4.22/DerivedDataCache/Boot.ddc.
[2020.04.23-21.09.22:863][  0]LogInit: Texture streaming: Enabled
[2020.04.23-21.09.22:983][  0]LogEngineSessionManager: EngineSessionManager initialized
[2020.04.23-21.09.22:983][  0]LogEngineSessionManager: EngineSessionManager sent abnormal shutdown report. Type=Debugger, SessionId={9889E1E8-4C03-E7FB-15AE-09B14B7913B1}
[2020.04.23-21.09.23:103][  0]LogInit: Transaction tracking system initialized
[2020.04.23-21.09.23:312][  0]BlueprintLog: New page: Editor Load
[2020.04.23-21.09.24:444][  0]LocalizationService: Localization service is disabled
[2020.04.23-21.09.25:183][  0]LogCook: Display: Max memory allowance for cook 16384mb min free memory 0mb
[2020.04.23-21.09.25:184][  0]LogCook: Display: Mobile HDR setting 1
[2020.04.23-21.09.25:616][  0]LogFileCache: Scanning file cache for directory 'E:/SeniorProject/PollutionProject/SeniorProject/Content/' took 0.03s
[2020.04.23-21.09.28:144][  0]Cmd: MAP LOAD FILE="E:/SeniorProject/PollutionProject/SeniorProject/Content/Levels/GreyBoxLVL4.umap" TEMPLATE=0 SHOWPROGRESS=1 FEATURELEVEL=3
[2020.04.23-21.09.28:144][  0]LightingResults: New page: Lighting Build
[2020.04.23-21.09.28:148][  0]MapCheck: New page: Map Check
[2020.04.23-21.09.28:148][  0]LightingResults: New page: Lighting Build
[2020.04.23-21.09.28:180][  0]LogUObjectHash: Compacting FUObjectHashTables data took   2.73ms
[2020.04.23-21.09.29:185][  0]LogLinker: Warning: Asset 'E:/SeniorProject/PollutionProject/SeniorProject/Content/Materials/MF_ConvolveTexture.uasset' has been saved with empty engine version. The asset will be loaded but may be incompatible.
[2020.04.23-21.09.29:187][  0]LogLinker: Warning: Asset 'E:/SeniorProject/PollutionProject/SeniorProject/Content/Materials/MF_ExtractDepth.uasset' has been saved with empty engine version. The asset will be loaded but may be incompatible.
[2020.04.23-21.09.29:188][  0]LogLinker: Warning: Asset 'E:/SeniorProject/PollutionProject/SeniorProject/Content/Materials/MF_SampleSceneTextureNeighbourUVs.uasset' has been saved with empty engine version. The asset will be loaded but may be incompatible.
[2020.04.23-21.09.55:021][  0]LogAIModule: Creating AISystem for world GreyBoxLVL4
[2020.04.23-21.09.57:779][  0]LogEditorServer: Finished looking for orphan Actors (0.001 secs)
[2020.04.23-21.09.58:001][  0]LogUObjectHash: Compacting FUObjectHashTables data took   8.40ms
[2020.04.23-21.09.58:001][  0]Cmd: MAP CHECKDEP NOCLEARLOG
[2020.04.23-21.09.58:004][  0]MapCheck: Map check complete: 0 Error(s), 0 Warning(s), took 2.002ms to complete.
[2020.04.23-21.09.58:004][  0]LogFileHelpers: Loading map 'GreyBoxLVL4' took 29.860
[2020.04.23-21.09.58:338][  0]LogSlate: Updating window title bar state: overlay mode, drag disabled, window buttons hidden, title bar hidden
[2020.04.23-21.09.58:360][  0]LogSlate: Updating window title bar state: overlay mode, drag disabled, window buttons hidden, title bar hidden
[2020.04.23-21.09.58:378][  0]LogSlate: Updating window title bar state: overlay mode, drag disabled, window buttons hidden, title bar hidden
[2020.04.23-21.09.58:394][  0]LogSlate: Updating window title bar state: overlay mode, drag disabled, window buttons hidden, title bar hidden
[2020.04.23-21.09.58:472][  0]LogCollectionManager: Loaded 0 collections in 0.004484 seconds
[2020.04.23-21.09.58:527][  0]LogFileCache: Scanning file cache for directory 'E:/SeniorProject/PollutionProject/SeniorProject/Saved/Collections/' took 0.01s
[2020.04.23-21.09.58:528][  0]LogFileCache: Scanning file cache for directory 'E:/SeniorProject/PollutionProject/SeniorProject/Content/Developers/Gregory/Collections/' took 0.02s
[2020.04.23-21.09.58:528][  0]LogFileCache: Scanning file cache for directory 'E:/SeniorProject/PollutionProject/SeniorProject/Content/Collections/' took 0.02s
[2020.04.23-21.09.58:528][  0]LogCollectionManager: Rebuilt the GUID cache for 0 collections in 0.000001 seconds
[2020.04.23-21.09.58:542][  0]LogContentBrowser: Native class hierarchy populated in 0.0143 seconds. Added 2876 classes and 729 folders.
[2020.04.23-21.09.58:551][  0]LogContentBrowser: Native class hierarchy updated for 'WidgetCarousel' in 0.0003 seconds. Added 0 classes and 0 folders.
[2020.04.23-21.09.58:595][  0]LogPakFile: Registered encryption key '00000000000000000000000000000000': 0 pak files mounted, 0 remain pending
[2020.04.23-21.09.58:597][  0]LogPakFile: Registered encryption key '00000000000000000000000000000000': 0 pak files mounted, 0 remain pending
[2020.04.23-21.09.58:599][  0]LogPakFile: Registered encryption key '00000000000000000000000000000000': 0 pak files mounted, 0 remain pending
[2020.04.23-21.09.58:601][  0]LogPakFile: Registered encryption key '00000000000000000000000000000000': 0 pak files mounted, 0 remain pending
[2020.04.23-21.09.58:602][  0]LogPakFile: Registered encryption key '00000000000000000000000000000000': 0 pak files mounted, 0 remain pending
[2020.04.23-21.09.58:603][  0]LogPakFile: Registered encryption key '00000000000000000000000000000000': 0 pak files mounted, 0 remain pending
[2020.04.23-21.09.58:605][  0]LogPakFile: Registered encryption key '00000000000000000000000000000000': 0 pak files mounted, 0 remain pending
[2020.04.23-21.09.58:606][  0]LogPakFile: Registered encryption key '00000000000000000000000000000000': 0 pak files mounted, 0 remain pending
[2020.04.23-21.09.58:607][  0]LogPakFile: Registered encryption key '00000000000000000000000000000000': 0 pak files mounted, 0 remain pending
[2020.04.23-21.09.58:608][  0]LogPakFile: Registered encryption key '00000000000000000000000000000000': 0 pak files mounted, 0 remain pending
[2020.04.23-21.09.58:610][  0]LogPakFile: Registered encryption key '00000000000000000000000000000000': 0 pak files mounted, 0 remain pending
[2020.04.23-21.09.58:611][  0]LogPakFile: Registered encryption key '00000000000000000000000000000000': 0 pak files mounted, 0 remain pending
[2020.04.23-21.09.58:612][  0]LogPakFile: Registered encryption key '00000000000000000000000000000000': 0 pak files mounted, 0 remain pending
[2020.04.23-21.09.58:613][  0]LogPakFile: Registered encryption key '00000000000000000000000000000000': 0 pak files mounted, 0 remain pending
[2020.04.23-21.09.58:614][  0]LogPakFile: Registered encryption key '00000000000000000000000000000000': 0 pak files mounted, 0 remain pending
[2020.04.23-21.09.58:615][  0]LogPakFile: Registered encryption key '00000000000000000000000000000000': 0 pak files mounted, 0 remain pending
[2020.04.23-21.09.58:616][  0]LogPakFile: Registered encryption key '00000000000000000000000000000000': 0 pak files mounted, 0 remain pending
[2020.04.23-21.09.58:617][  0]LogPakFile: Registered encryption key '00000000000000000000000000000000': 0 pak files mounted, 0 remain pending
[2020.04.23-21.09.58:618][  0]LogPakFile: Registered encryption key '00000000000000000000000000000000': 0 pak files mounted, 0 remain pending
[2020.04.23-21.09.58:619][  0]LogPakFile: Registered encryption key '00000000000000000000000000000000': 0 pak files mounted, 0 remain pending
[2020.04.23-21.09.58:620][  0]LogPakFile: Registered encryption key '00000000000000000000000000000000': 0 pak files mounted, 0 remain pending
[2020.04.23-21.09.58:622][  0]LogPakFile: Registered encryption key '00000000000000000000000000000000': 0 pak files mounted, 0 remain pending
[2020.04.23-21.09.58:624][  0]LogPakFile: Registered encryption key '00000000000000000000000000000000': 0 pak files mounted, 0 remain pending
[2020.04.23-21.09.58:625][  0]LogPakFile: Registered encryption key '00000000000000000000000000000000': 0 pak files mounted, 0 remain pending
[2020.04.23-21.09.58:626][  0]LogPakFile: Registered encryption key '00000000000000000000000000000000': 0 pak files mounted, 0 remain pending
[2020.04.23-21.09.58:628][  0]LogPakFile: Registered encryption key '00000000000000000000000000000000': 0 pak files mounted, 0 remain pending
[2020.04.23-21.09.58:630][  0]LogPakFile: Registered encryption key '00000000000000000000000000000000': 0 pak files mounted, 0 remain pending
[2020.04.23-21.09.58:631][  0]LogPakFile: Registered encryption key '00000000000000000000000000000000': 0 pak files mounted, 0 remain pending
[2020.04.23-21.09.59:416][  0]LogContentBrowser: Native class hierarchy updated for 'AddContentDialog' in 0.0003 seconds. Added 0 classes and 0 folders.
[2020.04.23-21.09.59:422][  0]LogContentBrowser: Native class hierarchy updated for 'SceneOutliner' in 0.0004 seconds. Added 1 classes and 0 folders.
[2020.04.23-21.09.59:519][  0]LogSlate: Took 0.038300 seconds to synchronously load lazily loaded font '../../../Engine/Content/Slate/Fonts/Roboto-Regular.ttf' (155K)
[2020.04.23-21.09.59:562][  0]LogSlate: Took 0.039699 seconds to synchronously load lazily loaded font '../../../Engine/Content/Slate/Fonts/Roboto-Bold.ttf' (160K)
[2020.04.23-21.09.59:611][  0]LogSlate: Took 0.042136 seconds to synchronously load lazily loaded font '../../../Engine/Content/Editor/Slate/Fonts/FontAwesome.ttf' (139K)
[2020.04.23-21.09.59:628][  0]LogSlate: Took 0.016444 seconds to synchronously load lazily loaded font '../../../Engine/Content/Slate/Fonts/DroidSansMono.ttf' (77K)
[2020.04.23-21.09.59:814][  0]LogRenderer: Reallocating scene render targets to support 1176x580 Format 10 NumSamples 1 (Frame:1).
[2020.04.23-21.09.59:921][  0]LogStaticMesh: Allocated 512x432x64 distance field atlas = 27.0Mb, with 168 objects containing 22.2Mb backing data
[2020.04.23-21.10.00:388][  0]LogContentBrowser: Native class hierarchy updated for 'HierarchicalLODOutliner' in 0.0008 seconds. Added 0 classes and 0 folders.
[2020.04.23-21.10.00:389][  0]LogLoad: (Engine Initialization) Total time: 90.72 seconds
[2020.04.23-21.10.00:389][  0]LogLoad: (Engine Initialization) Total Blueprint compile time: 0.00 seconds
[2020.04.23-21.10.00:484][  0]LogContentStreaming: Texture pool size now 1000 MB
[2020.04.23-21.10.00:592][  1]LogAssetRegistry: Asset discovery search completed in 71.6529 seconds
[2020.04.23-21.10.00:600][  1]LogCollectionManager: Rebuilt the object cache for 0 collections in 0.000001 seconds (found 0 objects)
[2020.04.23-21.10.00:601][  1]LogCollectionManager: Fixed up redirectors for 0 collections in 0.000999 seconds (updated 0 objects)
[2020.04.23-21.10.08:303][ 67]LogSlate: FSceneViewport::OnFocusLost() reason 0
[2020.04.23-21.10.08:374][ 72]LogTemp: Repeating last play command: Selected Viewport
[2020.04.23-21.10.08:423][ 72]LogBlueprintUserMessages: Early PlayInEditor Detection: Level '/Game/Levels/GreyBoxLVL4.GreyBoxLVL4:PersistentLevel' has LevelScriptBlueprint '/Game/Levels/GreyBoxLVL4.GreyBoxLVL4:PersistentLevel.GreyBoxLVL4' with GeneratedClass '/Game/Levels/GreyBoxLVL4.GreyBoxLVL4_C' with ClassGeneratedBy '/Game/Levels/GreyBoxLVL4.GreyBoxLVL4:PersistentLevel.GreyBoxLVL4'
[2020.04.23-21.10.08:424][ 72]LogPlayLevel: PlayLevel: No blueprints needed recompiling
[2020.04.23-21.10.08:425][ 72]PIE: New page: PIE session: GreyBoxLVL4 (Apr 23, 2020, 1:10:08 PM)
[2020.04.23-21.10.08:444][ 72]LogPlayLevel: Creating play world package: /Game/Levels/UEDPIE_0_GreyBoxLVL4
[2020.04.23-21.10.09:039][ 72]LogPlayLevel: PIE: StaticDuplicateObject took: (0.594829s)
[2020.04.23-21.10.09:040][ 72]LogAIModule: Creating AISystem for world GreyBoxLVL4
[2020.04.23-21.10.09:041][ 72]LogPlayLevel: PIE: World Init took: (0.001428s)
[2020.04.23-21.10.09:042][ 72]LogPlayLevel: PIE: Created PIE world by copying editor world from /Game/Levels/GreyBoxLVL4.GreyBoxLVL4 to /Game/Levels/UEDPIE_0_GreyBoxLVL4.GreyBoxLVL4 (0.598470s)
[2020.04.23-21.10.09:077][ 72]LogUObjectHash: Compacting FUObjectHashTables data took   4.91ms
[2020.04.23-21.10.09:249][ 72]LogInit: XAudio2 using 'Headset Earphone (2- Corsair HS70 Wireless Gaming Headset)' : 2 channels at 48 kHz using 16 bits per sample (channel mask 0x3)
[2020.04.23-21.10.09:270][ 72]LogInit: FAudioDevice initialized.
[2020.04.23-21.10.09:350][ 72]LogLoad: Game class is 'FirstPersonGameMode_C'
[2020.04.23-21.10.09:614][ 72]LogWorld: Bringing World /Game/Levels/UEDPIE_0_GreyBoxLVL4.GreyBoxLVL4 up for play (max tick rate 0) at 2020.04.23-17.10.09
[2020.04.23-21.10.09:779][ 72]LogWorld: Bringing up level for play took: 0.426682
[2020.04.23-21.10.09:819][ 72]LogContentBrowser: Native class hierarchy updated for 'MovieSceneCapture' in 0.0007 seconds. Added 20 classes and 0 folders.
[2020.04.23-21.10.09:821][ 72]LogScript: Warning: Script Msg: Attempted to access index 0 from array 'CallFunc_GetAllActorsOfClass_OutActors' of length 0 in '/Game/BP/Checkpoint.Checkpoint_C:ExecuteUbergraph_Checkpoint'!
[2020.04.23-21.10.09:821][ 72]LogScript: Warning: Script Msg: Attempted to access index 0 from array 'CallFunc_GetAllActorsOfClass_OutActors' of length 0 in '/Game/BP/Checkpoint.Checkpoint_C:ExecuteUbergraph_Checkpoint'!
[2020.04.23-21.10.09:822][ 72]LogScript: Warning: Script Msg: Attempted to access index 0 from array 'CallFunc_GetAllActorsOfClass_OutActors' of length 0 in '/Game/BP/OutroTrigger.OutroTrigger_C:ExecuteUbergraph_OutroTrigger'!
[2020.04.23-21.10.09:822][ 72]LogScript: Warning: Script Msg: Attempted to access index 0 from array 'CallFunc_GetAllActorsOfClass_OutActors' of length 0 in '/Game/BP/Respawn.Respawn_C:ExecuteUbergraph_Respawn'!
[2020.04.23-21.10.09:823][ 72]LogScript: Warning: Script Msg: Attempted to access index 0 from array 'CallFunc_GetAllActorsOfClass_OutActors' of length 0 in '/Game/BP/Respawn.Respawn_C:ExecuteUbergraph_Respawn'!
[2020.04.23-21.10.09:828][ 72]LogScript: Warning: Script Msg: Attempted to access index 0 from array 'CallFunc_GetAllActorsOfClass_OutActors' of length 0 in '/Game/Materials/FinishStopper.FinishStopper_C:ExecuteUbergraph_FinishStopper'!
[2020.04.23-21.10.09:834][ 72]PIE: Play in editor start time for /Game/Levels/UEDPIE_0_GreyBoxLVL4 1.62
[2020.04.23-21.10.09:836][ 72]LogBlueprintUserMessages: Late PlayInEditor Detection: Level '/Game/Levels/GreyBoxLVL4.GreyBoxLVL4:PersistentLevel' has LevelScriptBlueprint '/Game/Levels/GreyBoxLVL4.GreyBoxLVL4:PersistentLevel.GreyBoxLVL4' with GeneratedClass '/Game/Levels/GreyBoxLVL4.GreyBoxLVL4_C' with ClassGeneratedBy '/Game/Levels/GreyBoxLVL4.GreyBoxLVL4:PersistentLevel.GreyBoxLVL4'
[2020.04.23-21.10.10:571][100]LogFileCache: Retrieving MD5 hashes for directory 'E:/SeniorProject/PollutionProject/SeniorProject/Content/' took 10.15s
[2020.04.23-21.10.26:428][136]LogScript: Warning: Accessed None trying to read property Sequence
	FlairGun_Prefab_C /Game/Levels/UEDPIE_0_GreyBoxLVL4.GreyBoxLVL4:PersistentLevel.FlairGun_Prefab
	Function /Game/Assets/FlairGunFire/FlairGun_Old/FlairGun_Prefab.FlairGun_Prefab_C:ExecuteUbergraph_FlairGun_Prefab:0095
[2020.04.23-21.10.26:429][136]PIE: Error: Blueprint Runtime Error: "Accessed None trying to read property Sequence". Blueprint:  FlairGun_Prefab Function:  Execute Ubergraph Flair Gun Prefab Graph:  EventGraph Node:  Play
[2020.04.23-21.10.26:429][136]LogScript: Warning: Accessed None trying to read property CallFunc_GetSequencePlayer_ReturnValue
	FlairGun_Prefab_C /Game/Levels/UEDPIE_0_GreyBoxLVL4.GreyBoxLVL4:PersistentLevel.FlairGun_Prefab
	Function /Game/Assets/FlairGunFire/FlairGun_Old/FlairGun_Prefab.FlairGun_Prefab_C:ExecuteUbergraph_FlairGun_Prefab:00B6
[2020.04.23-21.10.26:430][136]PIE: Error: Blueprint Runtime Error: "Accessed None trying to read property CallFunc_GetSequencePlayer_ReturnValue". Blueprint:  FlairGun_Prefab Function:  Execute Ubergraph Flair Gun Prefab Graph:  EventGraph Node:  Play
[2020.04.23-21.10.26:430][136]LogScript: Warning: Accessed None trying to read property Sequence
	FlairGun_Prefab_C /Game/Levels/UEDPIE_0_GreyBoxLVL4.GreyBoxLVL4:PersistentLevel.FlairGun_Prefab
	Function /Game/Assets/FlairGunFire/FlairGun_Old/FlairGun_Prefab.FlairGun_Prefab_C:ExecuteUbergraph_FlairGun_Prefab:00E1
[2020.04.23-21.10.26:431][136]PIE: Error: Blueprint Runtime Error: "Accessed None trying to read property Sequence". Blueprint:  FlairGun_Prefab Function:  Execute Ubergraph Flair Gun Prefab Graph:  EventGraph Node:  Delay
[2020.04.23-21.10.26:431][136]LogScript: Warning: Accessed None trying to read property CallFunc_GetSequencePlayer_ReturnValue
	FlairGun_Prefab_C /Game/Levels/UEDPIE_0_GreyBoxLVL4.GreyBoxLVL4:PersistentLevel.FlairGun_Prefab
	Function /Game/Assets/FlairGunFire/FlairGun_Old/FlairGun_Prefab.FlairGun_Prefab_C:ExecuteUbergraph_FlairGun_Prefab:0113
[2020.04.23-21.10.26:431][136]PIE: Error: Blueprint Runtime Error: "Accessed None trying to read property CallFunc_GetSequencePlayer_ReturnValue". Blueprint:  FlairGun_Prefab Function:  Execute Ubergraph Flair Gun Prefab Graph:  EventGraph Node:  Delay
[2020.04.23-21.10.26:434][136]LogScript: Warning: Accessed None trying to read property Sequence
	FlairGun_Prefab_C /Game/Levels/UEDPIE_0_GreyBoxLVL4.GreyBoxLVL4:PersistentLevel.FlairGun_Prefab
	Function /Game/Assets/FlairGunFire/FlairGun_Old/FlairGun_Prefab.FlairGun_Prefab_C:ExecuteUbergraph_FlairGun_Prefab:0025
[2020.04.23-21.10.26:434][136]PIE: Error: Blueprint Runtime Error: "Accessed None trying to read property Sequence". Blueprint:  FlairGun_Prefab Function:  Execute Ubergraph Flair Gun Prefab Graph:  EventGraph Node:  Stop
[2020.04.23-21.10.26:434][136]LogScript: Warning: Accessed None trying to read property CallFunc_GetSequencePlayer_ReturnValue
	FlairGun_Prefab_C /Game/Levels/UEDPIE_0_GreyBoxLVL4.GreyBoxLVL4:PersistentLevel.FlairGun_Prefab
	Function /Game/Assets/FlairGunFire/FlairGun_Old/FlairGun_Prefab.FlairGun_Prefab_C:ExecuteUbergraph_FlairGun_Prefab:0046
[2020.04.23-21.10.26:435][136]PIE: Error: Blueprint Runtime Error: "Accessed None trying to read property CallFunc_GetSequencePlayer_ReturnValue". Blueprint:  FlairGun_Prefab Function:  Execute Ubergraph Flair Gun Prefab Graph:  EventGraph Node:  Stop
[2020.04.23-21.10.26:633][144]LogScript: Warning: Accessed None trying to read property Sequence
	FlairGun_Prefab_C /Game/Levels/UEDPIE_0_GreyBoxLVL4.GreyBoxLVL4:PersistentLevel.FlairGun_Prefab
	Function /Game/Assets/FlairGunFire/FlairGun_Old/FlairGun_Prefab.FlairGun_Prefab_C:ExecuteUbergraph_FlairGun_Prefab:0095
[2020.04.23-21.10.26:633][144]PIE: Error: Blueprint Runtime Error: "Accessed None trying to read property Sequence". Blueprint:  FlairGun_Prefab Function:  Execute Ubergraph Flair Gun Prefab Graph:  EventGraph Node:  Play
[2020.04.23-21.10.26:634][144]LogScript: Warning: Accessed None trying to read property CallFunc_GetSequencePlayer_ReturnValue
	FlairGun_Prefab_C /Game/Levels/UEDPIE_0_GreyBoxLVL4.GreyBoxLVL4:PersistentLevel.FlairGun_Prefab
	Function /Game/Assets/FlairGunFire/FlairGun_Old/FlairGun_Prefab.FlairGun_Prefab_C:ExecuteUbergraph_FlairGun_Prefab:00B6
[2020.04.23-21.10.26:634][144]PIE: Error: Blueprint Runtime Error: "Accessed None trying to read property CallFunc_GetSequencePlayer_ReturnValue". Blueprint:  FlairGun_Prefab Function:  Execute Ubergraph Flair Gun Prefab Graph:  EventGraph Node:  Play
[2020.04.23-21.10.26:635][144]LogScript: Warning: Accessed None trying to read property Sequence
	FlairGun_Prefab_C /Game/Levels/UEDPIE_0_GreyBoxLVL4.GreyBoxLVL4:PersistentLevel.FlairGun_Prefab
	Function /Game/Assets/FlairGunFire/FlairGun_Old/FlairGun_Prefab.FlairGun_Prefab_C:ExecuteUbergraph_FlairGun_Prefab:00E1
[2020.04.23-21.10.26:635][144]PIE: Error: Blueprint Runtime Error: "Accessed None trying to read property Sequence". Blueprint:  FlairGun_Prefab Function:  Execute Ubergraph Flair Gun Prefab Graph:  EventGraph Node:  Delay
[2020.04.23-21.10.26:636][144]LogScript: Warning: Accessed None trying to read property CallFunc_GetSequencePlayer_ReturnValue
	FlairGun_Prefab_C /Game/Levels/UEDPIE_0_GreyBoxLVL4.GreyBoxLVL4:PersistentLevel.FlairGun_Prefab
	Function /Game/Assets/FlairGunFire/FlairGun_Old/FlairGun_Prefab.FlairGun_Prefab_C:ExecuteUbergraph_FlairGun_Prefab:0113
[2020.04.23-21.10.26:637][144]PIE: Error: Blueprint Runtime Error: "Accessed None trying to read property CallFunc_GetSequencePlayer_ReturnValue". Blueprint:  FlairGun_Prefab Function:  Execute Ubergraph Flair Gun Prefab Graph:  EventGraph Node:  Delay
[2020.04.23-21.10.26:644][144]LogScript: Warning: Accessed None trying to read property Sequence
	FlairGun_Prefab_C /Game/Levels/UEDPIE_0_GreyBoxLVL4.GreyBoxLVL4:PersistentLevel.FlairGun_Prefab
	Function /Game/Assets/FlairGunFire/FlairGun_Old/FlairGun_Prefab.FlairGun_Prefab_C:ExecuteUbergraph_FlairGun_Prefab:0025
[2020.04.23-21.10.26:645][144]PIE: Error: Blueprint Runtime Error: "Accessed None trying to read property Sequence". Blueprint:  FlairGun_Prefab Function:  Execute Ubergraph Flair Gun Prefab Graph:  EventGraph Node:  Stop
[2020.04.23-21.10.26:645][144]LogScript: Warning: Accessed None trying to read property CallFunc_GetSequencePlayer_ReturnValue
	FlairGun_Prefab_C /Game/Levels/UEDPIE_0_GreyBoxLVL4.GreyBoxLVL4:PersistentLevel.FlairGun_Prefab
	Function /Game/Assets/FlairGunFire/FlairGun_Old/FlairGun_Prefab.FlairGun_Prefab_C:ExecuteUbergraph_FlairGun_Prefab:0046
[2020.04.23-21.10.26:646][144]PIE: Error: Blueprint Runtime Error: "Accessed None trying to read property CallFunc_GetSequencePlayer_ReturnValue". Blueprint:  FlairGun_Prefab Function:  Execute Ubergraph Flair Gun Prefab Graph:  EventGraph Node:  Stop
[2020.04.23-21.10.27:193][169]LogScript: Warning: Accessed None trying to read property Sequence
	FlairGun_Prefab_C /Game/Levels/UEDPIE_0_GreyBoxLVL4.GreyBoxLVL4:PersistentLevel.FlairGun_Prefab
	Function /Game/Assets/FlairGunFire/FlairGun_Old/FlairGun_Prefab.FlairGun_Prefab_C:ExecuteUbergraph_FlairGun_Prefab:0095
[2020.04.23-21.10.27:194][169]PIE: Error: Blueprint Runtime Error: "Accessed None trying to read property Sequence". Blueprint:  FlairGun_Prefab Function:  Execute Ubergraph Flair Gun Prefab Graph:  EventGraph Node:  Play
[2020.04.23-21.10.27:194][169]LogScript: Warning: Accessed None trying to read property CallFunc_GetSequencePlayer_ReturnValue
	FlairGun_Prefab_C /Game/Levels/UEDPIE_0_GreyBoxLVL4.GreyBoxLVL4:PersistentLevel.FlairGun_Prefab
	Function /Game/Assets/FlairGunFire/FlairGun_Old/FlairGun_Prefab.FlairGun_Prefab_C:ExecuteUbergraph_FlairGun_Prefab:00B6
[2020.04.23-21.10.27:195][169]PIE: Error: Blueprint Runtime Error: "Accessed None trying to read property CallFunc_GetSequencePlayer_ReturnValue". Blueprint:  FlairGun_Prefab Function:  Execute Ubergraph Flair Gun Prefab Graph:  EventGraph Node:  Play
[2020.04.23-21.10.27:196][169]LogScript: Warning: Accessed None trying to read property Sequence
	FlairGun_Prefab_C /Game/Levels/UEDPIE_0_GreyBoxLVL4.GreyBoxLVL4:PersistentLevel.FlairGun_Prefab
	Function /Game/Assets/FlairGunFire/FlairGun_Old/FlairGun_Prefab.FlairGun_Prefab_C:ExecuteUbergraph_FlairGun_Prefab:00E1
[2020.04.23-21.10.27:196][169]PIE: Error: Blueprint Runtime Error: "Accessed None trying to read property Sequence". Blueprint:  FlairGun_Prefab Function:  Execute Ubergraph Flair Gun Prefab Graph:  EventGraph Node:  Delay
[2020.04.23-21.10.27:196][169]LogScript: Warning: Accessed None trying to read property CallFunc_GetSequencePlayer_ReturnValue
	FlairGun_Prefab_C /Game/Levels/UEDPIE_0_GreyBoxLVL4.GreyBoxLVL4:PersistentLevel.FlairGun_Prefab
	Function /Game/Assets/FlairGunFire/FlairGun_Old/FlairGun_Prefab.FlairGun_Prefab_C:ExecuteUbergraph_FlairGun_Prefab:0113
[2020.04.23-21.10.27:197][169]PIE: Error: Blueprint Runtime Error: "Accessed None trying to read property CallFunc_GetSequencePlayer_ReturnValue". Blueprint:  FlairGun_Prefab Function:  Execute Ubergraph Flair Gun Prefab Graph:  EventGraph Node:  Delay
[2020.04.23-21.10.27:199][169]LogScript: Warning: Accessed None trying to read property Sequence
	FlairGun_Prefab_C /Game/Levels/UEDPIE_0_GreyBoxLVL4.GreyBoxLVL4:PersistentLevel.FlairGun_Prefab
	Function /Game/Assets/FlairGunFire/FlairGun_Old/FlairGun_Prefab.FlairGun_Prefab_C:ExecuteUbergraph_FlairGun_Prefab:0025
[2020.04.23-21.10.27:199][169]PIE: Error: Blueprint Runtime Error: "Accessed None trying to read property Sequence". Blueprint:  FlairGun_Prefab Function:  Execute Ubergraph Flair Gun Prefab Graph:  EventGraph Node:  Stop
[2020.04.23-21.10.27:200][169]PIE: Error: Blueprint Runtime Error: "Accessed None trying to read property CallFunc_GetSequencePlayer_ReturnValue". Blueprint:  FlairGun_Prefab Function:  Execute Ubergraph Flair Gun Prefab Graph:  EventGraph Node:  Stop
[2020.04.23-21.10.27:403][179]PIE: Error: Blueprint Runtime Error: "Accessed None trying to read property Sequence". Blueprint:  FlairGun_Prefab Function:  Execute Ubergraph Flair Gun Prefab Graph:  EventGraph Node:  Play
[2020.04.23-21.10.27:404][179]PIE: Error: Blueprint Runtime Error: "Accessed None trying to read property CallFunc_GetSequencePlayer_ReturnValue". Blueprint:  FlairGun_Prefab Function:  Execute Ubergraph Flair Gun Prefab Graph:  EventGraph Node:  Play
[2020.04.23-21.10.27:405][179]PIE: Error: Blueprint Runtime Error: "Accessed None trying to read property Sequence". Blueprint:  FlairGun_Prefab Function:  Execute Ubergraph Flair Gun Prefab Graph:  EventGraph Node:  Delay
[2020.04.23-21.10.27:406][179]PIE: Error: Blueprint Runtime Error: "Accessed None trying to read property CallFunc_GetSequencePlayer_ReturnValue". Blueprint:  FlairGun_Prefab Function:  Execute Ubergraph Flair Gun Prefab Graph:  EventGraph Node:  Delay
[2020.04.23-21.10.27:409][179]PIE: Error: Blueprint Runtime Error: "Accessed None trying to read property Sequence". Blueprint:  FlairGun_Prefab Function:  Execute Ubergraph Flair Gun Prefab Graph:  EventGraph Node:  Stop
[2020.04.23-21.10.27:409][179]PIE: Error: Blueprint Runtime Error: "Accessed None trying to read property CallFunc_GetSequencePlayer_ReturnValue". Blueprint:  FlairGun_Prefab Function:  Execute Ubergraph Flair Gun Prefab Graph:  EventGraph Node:  Stop
[2020.04.23-21.10.27:791][197]PIE: Error: Blueprint Runtime Error: "Accessed None trying to read property Sequence". Blueprint:  FlairGun_Prefab Function:  Execute Ubergraph Flair Gun Prefab Graph:  EventGraph Node:  Play
[2020.04.23-21.10.27:791][197]PIE: Error: Blueprint Runtime Error: "Accessed None trying to read property CallFunc_GetSequencePlayer_ReturnValue". Blueprint:  FlairGun_Prefab Function:  Execute Ubergraph Flair Gun Prefab Graph:  EventGraph Node:  Play
[2020.04.23-21.10.27:792][197]PIE: Error: Blueprint Runtime Error: "Accessed None trying to read property Sequence". Blueprint:  FlairGun_Prefab Function:  Execute Ubergraph Flair Gun Prefab Graph:  EventGraph Node:  Delay
[2020.04.23-21.10.27:792][197]PIE: Error: Blueprint Runtime Error: "Accessed None trying to read property CallFunc_GetSequencePlayer_ReturnValue". Blueprint:  FlairGun_Prefab Function:  Execute Ubergraph Flair Gun Prefab Graph:  EventGraph Node:  Delay
[2020.04.23-21.10.27:794][197]PIE: Error: Blueprint Runtime Error: "Accessed None trying to read property Sequence". Blueprint:  FlairGun_Prefab Function:  Execute Ubergraph Flair Gun Prefab Graph:  EventGraph Node:  Stop
[2020.04.23-21.10.27:794][197]PIE: Error: Blueprint Runtime Error: "Accessed None trying to read property CallFunc_GetSequencePlayer_ReturnValue". Blueprint:  FlairGun_Prefab Function:  Execute Ubergraph Flair Gun Prefab Graph:  EventGraph Node:  Stop
[2020.04.23-21.10.28:005][206]PIE: Error: Blueprint Runtime Error: "Accessed None trying to read property Sequence". Blueprint:  FlairGun_Prefab Function:  Execute Ubergraph Flair Gun Prefab Graph:  EventGraph Node:  Play
[2020.04.23-21.10.28:006][206]PIE: Error: Blueprint Runtime Error: "Accessed None trying to read property CallFunc_GetSequencePlayer_ReturnValue". Blueprint:  FlairGun_Prefab Function:  Execute Ubergraph Flair Gun Prefab Graph:  EventGraph Node:  Play
[2020.04.23-21.10.28:007][206]PIE: Error: Blueprint Runtime Error: "Accessed None trying to read property Sequence". Blueprint:  FlairGun_Prefab Function:  Execute Ubergraph Flair Gun Prefab Graph:  EventGraph Node:  Delay
[2020.04.23-21.10.28:007][206]PIE: Error: Blueprint Runtime Error: "Accessed None trying to read property CallFunc_GetSequencePlayer_ReturnValue". Blueprint:  FlairGun_Prefab Function:  Execute Ubergraph Flair Gun Prefab Graph:  EventGraph Node:  Delay
[2020.04.23-21.10.28:009][206]PIE: Error: Blueprint Runtime Error: "Accessed None trying to read property Sequence". Blueprint:  FlairGun_Prefab Function:  Execute Ubergraph Flair Gun Prefab Graph:  EventGraph Node:  Stop
[2020.04.23-21.10.28:010][206]PIE: Error: Blueprint Runtime Error: "Accessed None trying to read property CallFunc_GetSequencePlayer_ReturnValue". Blueprint:  FlairGun_Prefab Function:  Execute Ubergraph Flair Gun Prefab Graph:  EventGraph Node:  Stop
[2020.04.23-21.10.28:384][224]PIE: Error: Blueprint Runtime Error: "Accessed None trying to read property Sequence". Blueprint:  FlairGun_Prefab Function:  Execute Ubergraph Flair Gun Prefab Graph:  EventGraph Node:  Play
[2020.04.23-21.10.28:384][224]PIE: Error: Blueprint Runtime Error: "Accessed None trying to read property CallFunc_GetSequencePlayer_ReturnValue". Blueprint:  FlairGun_Prefab Function:  Execute Ubergraph Flair Gun Prefab Graph:  EventGraph Node:  Play
[2020.04.23-21.10.28:384][224]PIE: Error: Blueprint Runtime Error: "Accessed None trying to read property Sequence". Blueprint:  FlairGun_Prefab Function:  Execute Ubergraph Flair Gun Prefab Graph:  EventGraph Node:  Delay
[2020.04.23-21.10.28:385][224]PIE: Error: Blueprint Runtime Error: "Accessed None trying to read property CallFunc_GetSequencePlayer_ReturnValue". Blueprint:  FlairGun_Prefab Function:  Execute Ubergraph Flair Gun Prefab Graph:  EventGraph Node:  Delay
[2020.04.23-21.10.28:390][224]PIE: Error: Blueprint Runtime Error: "Accessed None trying to read property Sequence". Blueprint:  FlairGun_Prefab Function:  Execute Ubergraph Flair Gun Prefab Graph:  EventGraph Node:  Stop
[2020.04.23-21.10.28:391][224]PIE: Error: Blueprint Runtime Error: "Accessed None trying to read property CallFunc_GetSequencePlayer_ReturnValue". Blueprint:  FlairGun_Prefab Function:  Execute Ubergraph Flair Gun Prefab Graph:  EventGraph Node:  Stop
[2020.04.23-21.10.28:587][234]PIE: Error: Blueprint Runtime Error: "Accessed None trying to read property Sequence". Blueprint:  FlairGun_Prefab Function:  Execute Ubergraph Flair Gun Prefab Graph:  EventGraph Node:  Play
[2020.04.23-21.10.28:588][234]PIE: Error: Blueprint Runtime Error: "Accessed None trying to read property CallFunc_GetSequencePlayer_ReturnValue". Blueprint:  FlairGun_Prefab Function:  Execute Ubergraph Flair Gun Prefab Graph:  EventGraph Node:  Play
[2020.04.23-21.10.28:588][234]PIE: Error: Blueprint Runtime Error: "Accessed None trying to read property Sequence". Blueprint:  FlairGun_Prefab Function:  Execute Ubergraph Flair Gun Prefab Graph:  EventGraph Node:  Delay
[2020.04.23-21.10.28:589][234]PIE: Error: Blueprint Runtime Error: "Accessed None trying to read property CallFunc_GetSequencePlayer_ReturnValue". Blueprint:  FlairGun_Prefab Function:  Execute Ubergraph Flair Gun Prefab Graph:  EventGraph Node:  Delay
[2020.04.23-21.10.28:592][234]PIE: Error: Blueprint Runtime Error: "Accessed None trying to read property Sequence". Blueprint:  FlairGun_Prefab Function:  Execute Ubergraph Flair Gun Prefab Graph:  EventGraph Node:  Stop
[2020.04.23-21.10.28:593][234]PIE: Error: Blueprint Runtime Error: "Accessed None trying to read property CallFunc_GetSequencePlayer_ReturnValue". Blueprint:  FlairGun_Prefab Function:  Execute Ubergraph Flair Gun Prefab Graph:  EventGraph Node:  Stop
[2020.04.23-21.10.29:249][263]PIE: Error: Blueprint Runtime Error: "Accessed None trying to read property Sequence". Blueprint:  FlairGun_Prefab Function:  Execute Ubergraph Flair Gun Prefab Graph:  EventGraph Node:  Play
[2020.04.23-21.10.29:250][263]PIE: Error: Blueprint Runtime Error: "Accessed None trying to read property CallFunc_GetSequencePlayer_ReturnValue". Blueprint:  FlairGun_Prefab Function:  Execute Ubergraph Flair Gun Prefab Graph:  EventGraph Node:  Play
[2020.04.23-21.10.29:251][263]PIE: Error: Blueprint Runtime Error: "Accessed None trying to read property Sequence". Blueprint:  FlairGun_Prefab Function:  Execute Ubergraph Flair Gun Prefab Graph:  EventGraph Node:  Delay
[2020.04.23-21.10.29:251][263]PIE: Error: Blueprint Runtime Error: "Accessed None trying to read property CallFunc_GetSequencePlayer_ReturnValue". Blueprint:  FlairGun_Prefab Function:  Execute Ubergraph Flair Gun Prefab Graph:  EventGraph Node:  Delay
[2020.04.23-21.10.29:253][263]PIE: Error: Blueprint Runtime Error: "Accessed None trying to read property Sequence". Blueprint:  FlairGun_Prefab Function:  Execute Ubergraph Flair Gun Prefab Graph:  EventGraph Node:  Stop
[2020.04.23-21.10.29:254][263]PIE: Error: Blueprint Runtime Error: "Accessed None trying to read property CallFunc_GetSequencePlayer_ReturnValue". Blueprint:  FlairGun_Prefab Function:  Execute Ubergraph Flair Gun Prefab Graph:  EventGraph Node:  Stop
[2020.04.23-21.10.29:642][280]PIE: Error: Blueprint Runtime Error: "Accessed None trying to read property Sequence". Blueprint:  FlairGun_Prefab Function:  Execute Ubergraph Flair Gun Prefab Graph:  EventGraph Node:  Play
[2020.04.23-21.10.29:643][280]PIE: Error: Blueprint Runtime Error: "Accessed None trying to read property CallFunc_GetSequencePlayer_ReturnValue". Blueprint:  FlairGun_Prefab Function:  Execute Ubergraph Flair Gun Prefab Graph:  EventGraph Node:  Play
[2020.04.23-21.10.29:643][280]PIE: Error: Blueprint Runtime Error: "Accessed None trying to read property Sequence". Blueprint:  FlairGun_Prefab Function:  Execute Ubergraph Flair Gun Prefab Graph:  EventGraph Node:  Delay
[2020.04.23-21.10.29:644][280]PIE: Error: Blueprint Runtime Error: "Accessed None trying to read property CallFunc_GetSequencePlayer_ReturnValue". Blueprint:  FlairGun_Prefab Function:  Execute Ubergraph Flair Gun Prefab Graph:  EventGraph Node:  Delay
[2020.04.23-21.10.29:645][280]PIE: Error: Blueprint Runtime Error: "Accessed None trying to read property Sequence". Blueprint:  FlairGun_Prefab Function:  Execute Ubergraph Flair Gun Prefab Graph:  EventGraph Node:  Stop
[2020.04.23-21.10.29:646][280]PIE: Error: Blueprint Runtime Error: "Accessed None trying to read property CallFunc_GetSequencePlayer_ReturnValue". Blueprint:  FlairGun_Prefab Function:  Execute Ubergraph Flair Gun Prefab Graph:  EventGraph Node:  Stop
[2020.04.23-21.10.30:653][327]LogSlate: FSceneViewport::OnFocusLost() reason 2
[2020.04.23-21.10.40:283][778]LogBlueprintUserMessages: Early EndPlayMap Detection: Level '/Game/Levels/GreyBoxLVL4.GreyBoxLVL4:PersistentLevel' has LevelScriptBlueprint '/Game/Levels/GreyBoxLVL4.GreyBoxLVL4:PersistentLevel.GreyBoxLVL4' with GeneratedClass '/Game/Levels/GreyBoxLVL4.GreyBoxLVL4_C' with ClassGeneratedBy '/Game/Levels/GreyBoxLVL4.GreyBoxLVL4:PersistentLevel.GreyBoxLVL4'
[2020.04.23-21.10.40:284][778]LogSlate: Updating window title bar state: overlay mode, drag disabled, window buttons hidden, title bar hidden
[2020.04.23-21.10.40:394][778]LogPlayLevel: Display: Shutting down PIE online subsystems
[2020.04.23-21.10.40:395][778]LogBlueprintUserMessages: Late EndPlayMap Detection: Level '/Game/Levels/GreyBoxLVL4.GreyBoxLVL4:PersistentLevel' has LevelScriptBlueprint '/Game/Levels/GreyBoxLVL4.GreyBoxLVL4:PersistentLevel.GreyBoxLVL4' with GeneratedClass '/Game/Levels/GreyBoxLVL4.GreyBoxLVL4_C' with ClassGeneratedBy '/Game/Levels/GreyBoxLVL4.GreyBoxLVL4:PersistentLevel.GreyBoxLVL4'
[2020.04.23-21.10.40:468][778]LogSlate: Updating window title bar state: overlay mode, drag disabled, window buttons hidden, title bar hidden
[2020.04.23-21.10.40:524][778]LogUObjectHash: Compacting FUObjectHashTables data took   3.08ms
[2020.04.23-21.10.40:563][778]LogSlate: FSceneViewport::OnFocusLost() reason 2
[2020.04.23-21.10.40:722][779]LogPlayLevel: Display: Destroying online subsystem :Context_1
[2020.04.23-21.10.41:925][810]LogSlate: Window 'Message Log' being destroyed
[2020.04.23-21.10.41:966][810]LogSlate: Window 'Message Log' being destroyed
