Log file open, 11/28/19 21:02:54
LogWindows: Failed to load 'aqProf.dll' (GetLastError=126)
LogWindows: File 'aqProf.dll' does not exist
LogWindows: Failed to load 'VtuneApi.dll' (GetLastError=126)
LogWindows: File 'VtuneApi.dll' does not exist
LogWindows: Failed to load 'VtuneApi32e.dll' (GetLastError=126)
LogWindows: File 'VtuneApi32e.dll' does not exist
LogConsoleResponse: Display: Failed to find resolution value strings in scalability ini. Falling back to default.
LogInit: Display: Running engine for game: SeniorProject
LogPakFile: Registered encryption key '00000000000000000000000000000000': 0 pak files mounted, 0 remain pending
LogPlatformFile: Not using cached read wrapper
LogTaskGraph: Started task graph with 5 named threads and 23 total threads with 3 sets of task threads.
LogStats: Stats thread started at 0.280196
LogD3D11RHI: Loaded GFSDK_Aftermath_Lib.x64.dll
LogICUInternationalization: ICU TimeZone Detection - Raw Offset: -5:00, Platform Override: ''
LogPluginManager: Mounting plugin Paper2D
LogPluginManager: Mounting plugin AISupport
LogPluginManager: Mounting plugin LightPropagationVolume
LogPluginManager: Mounting plugin ActorLayerUtilities
LogPluginManager: Mounting plugin AnimationSharing
LogPluginManager: Mounting plugin CLionSourceCodeAccess
LogPluginManager: Mounting plugin CodeLiteSourceCodeAccess
LogPluginManager: Mounting plugin GitSourceControl
LogPluginManager: Mounting plugin KDevelopSourceCodeAccess
LogPluginManager: Mounting plugin NullSourceCodeAccess
LogPluginManager: Mounting plugin PerforceSourceControl
LogPluginManager: Mounting plugin SubversionSourceControl
LogPluginManager: Mounting plugin UObjectPlugin
LogPluginManager: Mounting plugin VisualStudioCodeSourceCodeAccess
LogPluginManager: Mounting plugin VisualStudioSourceCodeAccess
LogPluginManager: Mounting plugin XCodeSourceCodeAccess
LogPluginManager: Mounting plugin AssetManagerEditor
LogPluginManager: Mounting plugin CryptoKeys
LogPluginManager: Mounting plugin DataValidation
LogPluginManager: Mounting plugin EditorScriptingUtilities
LogPluginManager: Mounting plugin FacialAnimation
LogPluginManager: Mounting plugin GameplayTagsEditor
LogPluginManager: Mounting plugin GLTFImporter
LogPluginManager: Mounting plugin MacGraphicsSwitching
LogPluginManager: Mounting plugin MaterialAnalyzer
LogPluginManager: Mounting plugin MeshEditor
LogPluginManager: Mounting plugin MobileLauncherProfileWizard
LogPluginManager: Mounting plugin PluginBrowser
LogPluginManager: Mounting plugin SpeedTreeImporter
LogPluginManager: Mounting plugin DatasmithContent
LogPluginManager: Mounting plugin VariantManagerContent
LogPluginManager: Mounting plugin AlembicImporter
LogPluginManager: Mounting plugin AppleImageUtils
LogPluginManager: Mounting plugin AppleVision
LogPluginManager: Mounting plugin BackChannel
LogPluginManager: Mounting plugin BlastPlugin
LogPluginManager: Mounting plugin ChaosSolverPlugin
LogPluginManager: Mounting plugin CharacterAI
LogPluginManager: Mounting plugin GeometryCache
LogPluginManager: Mounting plugin GeometryCollectionPlugin
LogPluginManager: Mounting plugin HTML5Networking
LogPluginManager: Mounting plugin ProxyLODPlugin
LogPluginManager: Mounting plugin SkeletalReduction
LogPluginManager: Mounting plugin MagicLeap
LogPluginManager: Mounting plugin MagicLeapMedia
LogPluginManager: Mounting plugin AndroidMedia
LogPluginManager: Mounting plugin AvfMedia
LogPluginManager: Mounting plugin ImgMedia
LogPluginManager: Mounting plugin LinearTimecode
LogPluginManager: Mounting plugin MediaCompositing
LogPluginManager: Mounting plugin MediaPlayerEditor
LogPluginManager: Mounting plugin WebMMedia
LogPluginManager: Mounting plugin WmfMedia
LogPluginManager: Mounting plugin TcpMessaging
LogPluginManager: Mounting plugin UdpMessaging
LogPluginManager: Mounting plugin ActorSequence
LogPluginManager: Mounting plugin LevelSequenceEditor
LogPluginManager: Mounting plugin MatineeToLevelSequence
LogPluginManager: Mounting plugin NetcodeUnitTest
LogPluginManager: Mounting plugin NUTUnrealEngine4
LogPluginManager: Mounting plugin OnlineSubsystemGooglePlay
LogPluginManager: Mounting plugin OnlineSubsystemIOS
LogPluginManager: Mounting plugin OnlineSubsystem
LogPluginManager: Mounting plugin OnlineSubsystemNull
LogPluginManager: Mounting plugin OnlineSubsystemUtils
LogPluginManager: Mounting plugin LauncherChunkInstaller
LogPluginManager: Mounting plugin AndroidDeviceProfileSelector
LogPluginManager: Mounting plugin AndroidMoviePlayer
LogPluginManager: Mounting plugin AndroidPermission
LogPluginManager: Mounting plugin AppleMoviePlayer
LogPluginManager: Mounting plugin ArchVisCharacter
LogPluginManager: Mounting plugin AudioCapture
LogPluginManager: Mounting plugin CableComponent
LogPluginManager: Mounting plugin CustomMeshComponent
LogPluginManager: Mounting plugin EditableMesh
LogPluginManager: Mounting plugin ExampleDeviceProfileSelector
LogPluginManager: Mounting plugin Firebase
LogPluginManager: Mounting plugin GoogleCloudMessaging
LogPluginManager: Mounting plugin IOSDeviceProfileSelector
LogPluginManager: Mounting plugin LinuxDeviceProfileSelector
LogPluginManager: Mounting plugin LocationServicesBPLibrary
LogPluginManager: Mounting plugin MobilePatchingUtils
LogPluginManager: Mounting plugin OculusVR
LogPluginManager: Mounting plugin PhysXVehicles
LogPluginManager: Mounting plugin ProceduralMeshComponent
LogPluginManager: Mounting plugin RuntimePhysXCooking
LogPluginManager: Mounting plugin SignificanceManager
LogPluginManager: Mounting plugin SteamVR
LogPluginManager: Mounting plugin WebMMoviePlayer
LogPluginManager: Mounting plugin WindowsMoviePlayer
LogPluginManager: Mounting plugin DatasmithCADImporter
LogPluginManager: Mounting plugin DatasmithDataPrepEditor
LogPluginManager: Mounting plugin DatasmithFBXImporter
LogPluginManager: Mounting plugin DatasmithGLTFImporter
LogPluginManager: Mounting plugin DatasmithImporter
LogPluginManager: Mounting plugin MDLImporter
LogPluginManager: Mounting plugin StaticMeshEditorExtension
LogPluginManager: Mounting plugin VariantManager
LogInit: Using libcurl 7.55.1-DEV
LogInit:  - built for x86_64-pc-win32
LogInit:  - supports SSL with OpenSSL/1.1.1
LogInit:  - supports HTTP deflate (compression) using libz 1.2.8
LogInit:  - other features:
LogInit:      CURL_VERSION_SSL
LogInit:      CURL_VERSION_LIBZ
LogInit:      CURL_VERSION_IPV6
LogInit:      CURL_VERSION_ASYNCHDNS
LogInit:      CURL_VERSION_LARGEFILE
LogInit:      CURL_VERSION_IDN
LogInit:  CurlRequestOptions (configurable via config and command line):
LogInit:  - bVerifyPeer = true  - Libcurl will verify peer certificate
LogInit:  - bUseHttpProxy = false  - Libcurl will NOT use HTTP proxy
LogInit:  - bDontReuseConnections = false  - Libcurl will reuse connections
LogInit:  - MaxHostConnections = 16  - Libcurl will limit the number of connections to a host
LogInit:  - LocalHostAddr = Default
LogInit:  - BufferSize = 65536
LogInit: WinSock: version 1.1 (2.2), MaxSocks=32767, MaxUdp=65467
LogHMD: Failed initializing OVRPlugin 1.32.0
LogInit: Build: ++UE4+Release-4.22-CL-7053642
LogInit: Engine Version: 4.22.3-7053642+++UE4+Release-4.22
LogInit: Compatible Engine Version: 4.22.0-5660361+++UE4+Release-4.22
LogInit: Net CL: 5660361
LogInit: OS: Windows 10 (Release 1903) (), CPU: Intel(R) Core(TM) i7-6700K CPU @ 4.00GHz, GPU: NVIDIA GeForce RTX 2080
LogInit: Compiled (64-bit): Jun 18 2019 03:09:11
LogInit: Compiled with Visual C++: 19.16.27025.01
LogInit: Build Configuration: Development
LogInit: Branch Name: ++UE4+Release-4.22
LogInit: Command Line: 
LogInit: Base Directory: C:/Program Files/Epic Games/UE_4.22/Engine/Binaries/Win64/
LogInit: Installed Engine Build: 1
LogDevObjectVersion: Number of dev versions registered: 23
LogDevObjectVersion:   Dev-Blueprints (B0D832E4-1F89-4F0D-ACCF-7EB736FD4AA2): 10
LogDevObjectVersion:   Dev-Build (E1C64328-A22C-4D53-A36C-8E866417BD8C): 0
LogDevObjectVersion:   Dev-Core (375EC13C-06E4-48FB-B500-84F0262A717E): 3
LogDevObjectVersion:   Dev-Editor (E4B068ED-F494-42E9-A231-DA0B2E46BB41): 30
LogDevObjectVersion:   Dev-Framework (CFFC743F-43B0-4480-9391-14DF171D2073): 35
LogDevObjectVersion:   Dev-Mobile (B02B49B5-BB20-44E9-A304-32B752E40360): 2
LogDevObjectVersion:   Dev-Networking (A4E4105C-59A1-49B5-A7C5-40C4547EDFEE): 0
LogDevObjectVersion:   Dev-Online (39C831C9-5AE6-47DC-9A44-9C173E1C8E7C): 0
LogDevObjectVersion:   Dev-Physics (78F01B33-EBEA-4F98-B9B4-84EACCB95AA2): 0
LogDevObjectVersion:   Dev-Platform (6631380F-2D4D-43E0-8009-CF276956A95A): 0
LogDevObjectVersion:   Dev-Rendering (12F88B9F-8875-4AFC-A67C-D90C383ABD29): 28
LogDevObjectVersion:   Dev-Sequencer (7B5AE74C-D270-4C10-A958-57980B212A5A): 11
LogDevObjectVersion:   Dev-VR (D7296918-1DD6-4BDD-9DE2-64A83CC13884): 2
LogDevObjectVersion:   Dev-LoadTimes (C2A15278-BFE7-4AFE-6C17-90FF531DF755): 1
LogDevObjectVersion:   Private-Geometry (6EACA3D4-40EC-4CC1-B786-8BED09428FC5): 3
LogDevObjectVersion:   Dev-AnimPhys (29E575DD-E0A3-4627-9D10-D276232CDCEA): 17
LogDevObjectVersion:   Dev-Anim (AF43A65D-7FD3-4947-9873-3E8ED9C1BB05): 2
LogDevObjectVersion:   Dev-ReflectionCapture (6B266CEC-1EC7-4B8F-A30B-E4D90942FC07): 1
LogDevObjectVersion:   Dev-Automation (0DF73D61-A23F-47EA-B727-89E90C41499A): 1
LogDevObjectVersion:   FortniteMain (601D1886-AC64-4F84-AA16-D3DE0DEAC7D6): 25
LogDevObjectVersion:   Dev-Enterprise (9DFFBCD6-494F-0158-E221-12823C92A888): 6
LogDevObjectVersion:   Dev-Niagara (F2AED0AC-9AFE-416F-8664-AA7FFA26D6FC): 1
LogDevObjectVersion:   Dev-Destruction (174F1F0B-B4C6-45A5-B13F-2EE8D0FB917D): 2
LogInit: Presizing for max 16777216 objects, including 0 objects not considered by GC, pre-allocating 0 bytes for permanent pool.
LogInit: Object subsystem initialized
LogConfig: Setting CVar [[con.DebugEarlyDefault:1]]
LogConfig: Setting CVar [[r.setres:1280x720]]
[2019.11.29-02.02.55:082][  0]LogConfig: Setting CVar [[r.VSync:0]]
[2019.11.29-02.02.55:082][  0]LogConfig: Setting CVar [[r.RHICmdBypass:0]]
[2019.11.29-02.02.55:082][  0]LogConfig: Applying CVar settings from Section [/Script/Engine.RendererSettings] File [E:/SeniorProject/PollutionProject/SeniorProject/Saved/Config/Windows/Engine.ini]
[2019.11.29-02.02.55:082][  0]LogConfig: Setting CVar [[r.GPUCrashDebugging:0]]
[2019.11.29-02.02.55:082][  0]LogConfig: Setting CVar [[r.DefaultFeature.AutoExposure.ExtendDefaultLuminanceRange:1]]
[2019.11.29-02.02.55:082][  0]LogConfig: Setting CVar [[r.GenerateMeshDistanceFields:1]]
[2019.11.29-02.02.55:082][  0]LogConfig: Applying CVar settings from Section [/Script/Engine.RendererOverrideSettings] File [E:/SeniorProject/PollutionProject/SeniorProject/Saved/Config/Windows/Engine.ini]
[2019.11.29-02.02.55:082][  0]LogConfig: Applying CVar settings from Section [/Script/Engine.StreamingSettings] File [E:/SeniorProject/PollutionProject/SeniorProject/Saved/Config/Windows/Engine.ini]
[2019.11.29-02.02.55:082][  0]LogConfig: Setting CVar [[s.MinBulkDataSizeForAsyncLoading:131072]]
[2019.11.29-02.02.55:082][  0]LogConfig: Setting CVar [[s.AsyncLoadingThreadEnabled:0]]
[2019.11.29-02.02.55:082][  0]LogConfig: Setting CVar [[s.EventDrivenLoaderEnabled:1]]
[2019.11.29-02.02.55:082][  0]LogConfig: Setting CVar [[s.WarnIfTimeLimitExceeded:0]]
[2019.11.29-02.02.55:082][  0]LogConfig: Setting CVar [[s.TimeLimitExceededMultiplier:1.5]]
[2019.11.29-02.02.55:082][  0]LogConfig: Setting CVar [[s.TimeLimitExceededMinTime:0.005]]
[2019.11.29-02.02.55:082][  0]LogConfig: Setting CVar [[s.UseBackgroundLevelStreaming:1]]
[2019.11.29-02.02.55:082][  0]LogConfig: Setting CVar [[s.PriorityAsyncLoadingExtraTime:15.0]]
[2019.11.29-02.02.55:082][  0]LogConfig: Setting CVar [[s.LevelStreamingActorsUpdateTimeLimit:5.0]]
[2019.11.29-02.02.55:082][  0]LogConfig: Setting CVar [[s.PriorityLevelStreamingActorsUpdateExtraTime:5.0]]
[2019.11.29-02.02.55:083][  0]LogConfig: Setting CVar [[s.LevelStreamingComponentsRegistrationGranularity:10]]
[2019.11.29-02.02.55:083][  0]LogConfig: Setting CVar [[s.UnregisterComponentsTimeLimit:1.0]]
[2019.11.29-02.02.55:083][  0]LogConfig: Setting CVar [[s.LevelStreamingComponentsUnregistrationGranularity:5]]
[2019.11.29-02.02.55:083][  0]LogConfig: Applying CVar settings from Section [/Script/Engine.GarbageCollectionSettings] File [E:/SeniorProject/PollutionProject/SeniorProject/Saved/Config/Windows/Engine.ini]
[2019.11.29-02.02.55:083][  0]LogConfig: Setting CVar [[gc.MaxObjectsNotConsideredByGC:1]]
[2019.11.29-02.02.55:083][  0]LogConfig: Setting CVar [[gc.SizeOfPermanentObjectPool:0]]
[2019.11.29-02.02.55:083][  0]LogConfig: Setting CVar [[gc.FlushStreamingOnGC:0]]
[2019.11.29-02.02.55:083][  0]LogConfig: Setting CVar [[gc.NumRetriesBeforeForcingGC:10]]
[2019.11.29-02.02.55:083][  0]LogConfig: Setting CVar [[gc.AllowParallelGC:1]]
[2019.11.29-02.02.55:083][  0]LogConfig: Setting CVar [[gc.TimeBetweenPurgingPendingKillObjects:61.1]]
[2019.11.29-02.02.55:083][  0]LogConfig: Setting CVar [[gc.MaxObjectsInEditor:16777216]]
[2019.11.29-02.02.55:083][  0]LogConfig: Setting CVar [[gc.IncrementalBeginDestroyEnabled:1]]
[2019.11.29-02.02.55:083][  0]LogConfig: Setting CVar [[gc.CreateGCClusters:1]]
[2019.11.29-02.02.55:083][  0]LogConfig: Setting CVar [[gc.MinGCClusterSize:5]]
[2019.11.29-02.02.55:083][  0]LogConfig: Setting CVar [[gc.ActorClusteringEnabled:0]]
[2019.11.29-02.02.55:083][  0]LogConfig: Setting CVar [[gc.BlueprintClusteringEnabled:0]]
[2019.11.29-02.02.55:083][  0]LogConfig: Setting CVar [[gc.UseDisregardForGCOnDedicatedServers:0]]
[2019.11.29-02.02.55:083][  0]LogConfig: Applying CVar settings from Section [/Script/Engine.NetworkSettings] File [E:/SeniorProject/PollutionProject/SeniorProject/Saved/Config/Windows/Engine.ini]
[2019.11.29-02.02.55:083][  0]LogConfig: Applying CVar settings from Section [/Script/UnrealEd.CookerSettings] File [E:/SeniorProject/PollutionProject/SeniorProject/Saved/Config/Windows/Engine.ini]
[2019.11.29-02.02.55:105][  0]LogConfig: Applying CVar settings from Section [ViewDistanceQuality@3] File [E:/SeniorProject/PollutionProject/SeniorProject/Saved/Config/Windows/Scalability.ini]
[2019.11.29-02.02.55:106][  0]LogConfig: Setting CVar [[r.SkeletalMeshLODBias:0]]
[2019.11.29-02.02.55:106][  0]LogConfig: Setting CVar [[r.ViewDistanceScale:1.0]]
[2019.11.29-02.02.55:106][  0]LogConfig: Applying CVar settings from Section [AntiAliasingQuality@3] File [E:/SeniorProject/PollutionProject/SeniorProject/Saved/Config/Windows/Scalability.ini]
[2019.11.29-02.02.55:106][  0]LogConfig: Setting CVar [[r.PostProcessAAQuality:4]]
[2019.11.29-02.02.55:106][  0]LogConfig: Applying CVar settings from Section [ShadowQuality@3] File [E:/SeniorProject/PollutionProject/SeniorProject/Saved/Config/Windows/Scalability.ini]
[2019.11.29-02.02.55:106][  0]LogConfig: Setting CVar [[r.LightFunctionQuality:1]]
[2019.11.29-02.02.55:106][  0]LogConfig: Setting CVar [[r.ShadowQuality:5]]
[2019.11.29-02.02.55:106][  0]LogConfig: Setting CVar [[r.Shadow.CSM.MaxCascades:10]]
[2019.11.29-02.02.55:106][  0]LogConfig: Setting CVar [[r.Shadow.MaxResolution:2048]]
[2019.11.29-02.02.55:106][  0]LogConfig: Setting CVar [[r.Shadow.MaxCSMResolution:2048]]
[2019.11.29-02.02.55:106][  0]LogConfig: Setting CVar [[r.Shadow.RadiusThreshold:0.01]]
[2019.11.29-02.02.55:106][  0]LogConfig: Setting CVar [[r.Shadow.DistanceScale:1.0]]
[2019.11.29-02.02.55:106][  0]LogConfig: Setting CVar [[r.Shadow.CSM.TransitionScale:1.0]]
[2019.11.29-02.02.55:106][  0]LogConfig: Setting CVar [[r.Shadow.PreShadowResolutionFactor:1.0]]
[2019.11.29-02.02.55:106][  0]LogConfig: Setting CVar [[r.DistanceFieldShadowing:1]]
[2019.11.29-02.02.55:106][  0]LogConfig: Setting CVar [[r.DistanceFieldAO:1]]
[2019.11.29-02.02.55:106][  0]LogConfig: Setting CVar [[r.AOQuality:2]]
[2019.11.29-02.02.55:106][  0]LogConfig: Setting CVar [[r.VolumetricFog:1]]
[2019.11.29-02.02.55:106][  0]LogConfig: Setting CVar [[r.VolumetricFog.GridPixelSize:8]]
[2019.11.29-02.02.55:106][  0]LogConfig: Setting CVar [[r.VolumetricFog.GridSizeZ:128]]
[2019.11.29-02.02.55:106][  0]LogConfig: Setting CVar [[r.VolumetricFog.HistoryMissSupersampleCount:4]]
[2019.11.29-02.02.55:106][  0]LogConfig: Setting CVar [[r.LightMaxDrawDistanceScale:1]]
[2019.11.29-02.02.55:106][  0]LogConfig: Setting CVar [[r.CapsuleShadows:1]]
[2019.11.29-02.02.55:106][  0]LogConfig: Applying CVar settings from Section [PostProcessQuality@3] File [E:/SeniorProject/PollutionProject/SeniorProject/Saved/Config/Windows/Scalability.ini]
[2019.11.29-02.02.55:106][  0]LogConfig: Setting CVar [[r.MotionBlurQuality:4]]
[2019.11.29-02.02.55:106][  0]LogConfig: Setting CVar [[r.AmbientOcclusionMipLevelFactor:0.4]]
[2019.11.29-02.02.55:106][  0]LogConfig: Setting CVar [[r.AmbientOcclusionMaxQuality:100]]
[2019.11.29-02.02.55:106][  0]LogConfig: Setting CVar [[r.AmbientOcclusionLevels:-1]]
[2019.11.29-02.02.55:106][  0]LogConfig: Setting CVar [[r.AmbientOcclusionRadiusScale:1.0]]
[2019.11.29-02.02.55:106][  0]LogConfig: Setting CVar [[r.DepthOfFieldQuality:2]]
[2019.11.29-02.02.55:106][  0]LogConfig: Setting CVar [[r.RenderTargetPoolMin:400]]
[2019.11.29-02.02.55:106][  0]LogConfig: Setting CVar [[r.LensFlareQuality:2]]
[2019.11.29-02.02.55:106][  0]LogConfig: Setting CVar [[r.SceneColorFringeQuality:1]]
[2019.11.29-02.02.55:106][  0]LogConfig: Setting CVar [[r.EyeAdaptationQuality:2]]
[2019.11.29-02.02.55:106][  0]LogConfig: Setting CVar [[r.BloomQuality:5]]
[2019.11.29-02.02.55:106][  0]LogConfig: Setting CVar [[r.FastBlurThreshold:100]]
[2019.11.29-02.02.55:106][  0]LogConfig: Setting CVar [[r.Upscale.Quality:3]]
[2019.11.29-02.02.55:106][  0]LogConfig: Setting CVar [[r.Tonemapper.GrainQuantization:1]]
[2019.11.29-02.02.55:106][  0]LogConfig: Setting CVar [[r.LightShaftQuality:1]]
[2019.11.29-02.02.55:106][  0]LogConfig: Setting CVar [[r.Filter.SizeScale:1]]
[2019.11.29-02.02.55:106][  0]LogConfig: Setting CVar [[r.Tonemapper.Quality:5]]
[2019.11.29-02.02.55:106][  0]LogConfig: Setting CVar [[r.DOF.Gather.AccumulatorQuality:1        ; higher gathering accumulator quality]]
[2019.11.29-02.02.55:106][  0]LogConfig: Setting CVar [[r.DOF.Gather.PostfilterMethod:1          ; Median3x3 postfilering method]]
[2019.11.29-02.02.55:106][  0]LogConfig: Setting CVar [[r.DOF.Gather.EnableBokehSettings:0       ; no bokeh simulation when gathering]]
[2019.11.29-02.02.55:106][  0]LogConfig: Setting CVar [[r.DOF.Gather.RingCount:4                 ; medium number of samples when gathering]]
[2019.11.29-02.02.55:106][  0]LogConfig: Setting CVar [[r.DOF.Scatter.ForegroundCompositing:1    ; additive foreground scattering]]
[2019.11.29-02.02.55:106][  0]LogConfig: Setting CVar [[r.DOF.Scatter.BackgroundCompositing:2    ; additive background scattering]]
[2019.11.29-02.02.55:106][  0]LogConfig: Setting CVar [[r.DOF.Scatter.EnableBokehSettings:1      ; bokeh simulation when scattering]]
[2019.11.29-02.02.55:106][  0]LogConfig: Setting CVar [[r.DOF.Scatter.MaxSpriteRatio:0.1         ; only a maximum of 10% of scattered bokeh]]
[2019.11.29-02.02.55:106][  0]LogConfig: Setting CVar [[r.DOF.Recombine.Quality:1                ; cheap slight out of focus]]
[2019.11.29-02.02.55:106][  0]LogConfig: Setting CVar [[r.DOF.Recombine.EnableBokehSettings:0    ; no bokeh simulation on slight out of focus]]
[2019.11.29-02.02.55:106][  0]LogConfig: Setting CVar [[r.DOF.TemporalAAQuality:1                ; more stable temporal accumulation]]
[2019.11.29-02.02.55:106][  0]LogConfig: Setting CVar [[r.DOF.Kernel.MaxForegroundRadius:0.025]]
[2019.11.29-02.02.55:106][  0]LogConfig: Setting CVar [[r.DOF.Kernel.MaxBackgroundRadius:0.025]]
[2019.11.29-02.02.55:107][  0]LogConfig: Applying CVar settings from Section [TextureQuality@3] File [E:/SeniorProject/PollutionProject/SeniorProject/Saved/Config/Windows/Scalability.ini]
[2019.11.29-02.02.55:107][  0]LogConfig: Setting CVar [[r.Streaming.MipBias:0]]
[2019.11.29-02.02.55:107][  0]LogConfig: Setting CVar [[r.Streaming.AmortizeCPUToGPUCopy:0]]
[2019.11.29-02.02.55:107][  0]LogConfig: Setting CVar [[r.Streaming.MaxNumTexturesToStreamPerFrame:0]]
[2019.11.29-02.02.55:107][  0]LogConfig: Setting CVar [[r.Streaming.Boost:1]]
[2019.11.29-02.02.55:107][  0]LogConfig: Setting CVar [[r.MaxAnisotropy:8]]
[2019.11.29-02.02.55:107][  0]LogConfig: Setting CVar [[r.Streaming.LimitPoolSizeToVRAM:0]]
[2019.11.29-02.02.55:107][  0]LogConfig: Setting CVar [[r.Streaming.PoolSize:1000]]
[2019.11.29-02.02.55:107][  0]LogConfig: Setting CVar [[r.Streaming.MaxEffectiveScreenSize:0]]
[2019.11.29-02.02.55:107][  0]LogConfig: Applying CVar settings from Section [EffectsQuality@3] File [E:/SeniorProject/PollutionProject/SeniorProject/Saved/Config/Windows/Scalability.ini]
[2019.11.29-02.02.55:107][  0]LogConfig: Setting CVar [[r.TranslucencyLightingVolumeDim:64]]
[2019.11.29-02.02.55:107][  0]LogConfig: Setting CVar [[r.RefractionQuality:2]]
[2019.11.29-02.02.55:107][  0]LogConfig: Setting CVar [[r.SSR.Quality:3]]
[2019.11.29-02.02.55:107][  0]LogConfig: Setting CVar [[r.SceneColorFormat:4]]
[2019.11.29-02.02.55:107][  0]LogConfig: Setting CVar [[r.DetailMode:2]]
[2019.11.29-02.02.55:107][  0]LogConfig: Setting CVar [[r.TranslucencyVolumeBlur:1]]
[2019.11.29-02.02.55:107][  0]LogConfig: Setting CVar [[r.MaterialQualityLevel:1 ; High quality]]
[2019.11.29-02.02.55:107][  0]LogConfig: Setting CVar [[r.SSS.Scale:1]]
[2019.11.29-02.02.55:107][  0]LogConfig: Setting CVar [[r.SSS.SampleSet:2]]
[2019.11.29-02.02.55:107][  0]LogConfig: Setting CVar [[r.SSS.Quality:1]]
[2019.11.29-02.02.55:107][  0]LogConfig: Setting CVar [[r.SSS.HalfRes:1]]
[2019.11.29-02.02.55:107][  0]LogConfig: Setting CVar [[r.EmitterSpawnRateScale:1.0]]
[2019.11.29-02.02.55:107][  0]LogConfig: Setting CVar [[r.ParticleLightQuality:2]]
[2019.11.29-02.02.55:107][  0]LogConfig: Applying CVar settings from Section [FoliageQuality@3] File [E:/SeniorProject/PollutionProject/SeniorProject/Saved/Config/Windows/Scalability.ini]
[2019.11.29-02.02.55:107][  0]LogConfig: Setting CVar [[foliage.DensityScale:1.0]]
[2019.11.29-02.02.55:107][  0]LogConfig: Setting CVar [[grass.DensityScale:1.0]]
[2019.11.29-02.02.55:107][  0]LogInit: Selected Device Profile: [Windows]
[2019.11.29-02.02.55:107][  0]LogInit: Applying CVar settings loaded from the selected device profile: [Windows]
[2019.11.29-02.02.55:118][  0]LogHAL: Display: Platform has ~ 16 GB [17116258304 / 17179869184 / 16], which maps to Larger [LargestMinGB=32, LargerMinGB=12, DefaultMinGB=8, SmallerMinGB=6, SmallestMinGB=0)
[2019.11.29-02.02.55:119][  0]LogConfig: Setting CVar [[r.Vulkan.UseRealUBs:0		; Required until we fix HLR fall-out]]
[2019.11.29-02.02.55:119][  0]LogInit: Going up to parent DeviceProfile []
[2019.11.29-02.02.55:119][  0]LogConfig: Applying CVar settings from Section [ViewDistanceQuality@3] File [E:/SeniorProject/PollutionProject/SeniorProject/Saved/Config/Windows/Scalability.ini]
[2019.11.29-02.02.55:119][  0]LogConfig: Setting CVar [[r.SkeletalMeshLODBias:0]]
[2019.11.29-02.02.55:119][  0]LogConfig: Setting CVar [[r.ViewDistanceScale:1.0]]
[2019.11.29-02.02.55:119][  0]LogConfig: Applying CVar settings from Section [AntiAliasingQuality@3] File [E:/SeniorProject/PollutionProject/SeniorProject/Saved/Config/Windows/Scalability.ini]
[2019.11.29-02.02.55:119][  0]LogConfig: Setting CVar [[r.PostProcessAAQuality:4]]
[2019.11.29-02.02.55:119][  0]LogConfig: Applying CVar settings from Section [ShadowQuality@3] File [E:/SeniorProject/PollutionProject/SeniorProject/Saved/Config/Windows/Scalability.ini]
[2019.11.29-02.02.55:119][  0]LogConfig: Setting CVar [[r.LightFunctionQuality:1]]
[2019.11.29-02.02.55:119][  0]LogConfig: Setting CVar [[r.ShadowQuality:5]]
[2019.11.29-02.02.55:119][  0]LogConfig: Setting CVar [[r.Shadow.CSM.MaxCascades:10]]
[2019.11.29-02.02.55:119][  0]LogConfig: Setting CVar [[r.Shadow.MaxResolution:2048]]
[2019.11.29-02.02.55:119][  0]LogConfig: Setting CVar [[r.Shadow.MaxCSMResolution:2048]]
[2019.11.29-02.02.55:119][  0]LogConfig: Setting CVar [[r.Shadow.RadiusThreshold:0.01]]
[2019.11.29-02.02.55:119][  0]LogConfig: Setting CVar [[r.Shadow.DistanceScale:1.0]]
[2019.11.29-02.02.55:119][  0]LogConfig: Setting CVar [[r.Shadow.CSM.TransitionScale:1.0]]
[2019.11.29-02.02.55:119][  0]LogConfig: Setting CVar [[r.Shadow.PreShadowResolutionFactor:1.0]]
[2019.11.29-02.02.55:119][  0]LogConfig: Setting CVar [[r.DistanceFieldShadowing:1]]
[2019.11.29-02.02.55:119][  0]LogConfig: Setting CVar [[r.DistanceFieldAO:1]]
[2019.11.29-02.02.55:119][  0]LogConfig: Setting CVar [[r.AOQuality:2]]
[2019.11.29-02.02.55:119][  0]LogConfig: Setting CVar [[r.VolumetricFog:1]]
[2019.11.29-02.02.55:119][  0]LogConfig: Setting CVar [[r.VolumetricFog.GridPixelSize:8]]
[2019.11.29-02.02.55:119][  0]LogConfig: Setting CVar [[r.VolumetricFog.GridSizeZ:128]]
[2019.11.29-02.02.55:119][  0]LogConfig: Setting CVar [[r.VolumetricFog.HistoryMissSupersampleCount:4]]
[2019.11.29-02.02.55:119][  0]LogConfig: Setting CVar [[r.LightMaxDrawDistanceScale:1]]
[2019.11.29-02.02.55:119][  0]LogConfig: Setting CVar [[r.CapsuleShadows:1]]
[2019.11.29-02.02.55:119][  0]LogConfig: Applying CVar settings from Section [PostProcessQuality@3] File [E:/SeniorProject/PollutionProject/SeniorProject/Saved/Config/Windows/Scalability.ini]
[2019.11.29-02.02.55:119][  0]LogConfig: Setting CVar [[r.MotionBlurQuality:4]]
[2019.11.29-02.02.55:119][  0]LogConfig: Setting CVar [[r.AmbientOcclusionMipLevelFactor:0.4]]
[2019.11.29-02.02.55:119][  0]LogConfig: Setting CVar [[r.AmbientOcclusionMaxQuality:100]]
[2019.11.29-02.02.55:119][  0]LogConfig: Setting CVar [[r.AmbientOcclusionLevels:-1]]
[2019.11.29-02.02.55:120][  0]LogConfig: Setting CVar [[r.AmbientOcclusionRadiusScale:1.0]]
[2019.11.29-02.02.55:120][  0]LogConfig: Setting CVar [[r.DepthOfFieldQuality:2]]
[2019.11.29-02.02.55:120][  0]LogConfig: Setting CVar [[r.RenderTargetPoolMin:400]]
[2019.11.29-02.02.55:120][  0]LogConfig: Setting CVar [[r.LensFlareQuality:2]]
[2019.11.29-02.02.55:120][  0]LogConfig: Setting CVar [[r.SceneColorFringeQuality:1]]
[2019.11.29-02.02.55:120][  0]LogConfig: Setting CVar [[r.EyeAdaptationQuality:2]]
[2019.11.29-02.02.55:120][  0]LogConfig: Setting CVar [[r.BloomQuality:5]]
[2019.11.29-02.02.55:120][  0]LogConfig: Setting CVar [[r.FastBlurThreshold:100]]
[2019.11.29-02.02.55:120][  0]LogConfig: Setting CVar [[r.Upscale.Quality:3]]
[2019.11.29-02.02.55:120][  0]LogConfig: Setting CVar [[r.Tonemapper.GrainQuantization:1]]
[2019.11.29-02.02.55:120][  0]LogConfig: Setting CVar [[r.LightShaftQuality:1]]
[2019.11.29-02.02.55:120][  0]LogConfig: Setting CVar [[r.Filter.SizeScale:1]]
[2019.11.29-02.02.55:120][  0]LogConfig: Setting CVar [[r.Tonemapper.Quality:5]]
[2019.11.29-02.02.55:120][  0]LogConfig: Setting CVar [[r.DOF.Gather.AccumulatorQuality:1        ; higher gathering accumulator quality]]
[2019.11.29-02.02.55:120][  0]LogConfig: Setting CVar [[r.DOF.Gather.PostfilterMethod:1          ; Median3x3 postfilering method]]
[2019.11.29-02.02.55:120][  0]LogConfig: Setting CVar [[r.DOF.Gather.EnableBokehSettings:0       ; no bokeh simulation when gathering]]
[2019.11.29-02.02.55:120][  0]LogConfig: Setting CVar [[r.DOF.Gather.RingCount:4                 ; medium number of samples when gathering]]
[2019.11.29-02.02.55:120][  0]LogConfig: Setting CVar [[r.DOF.Scatter.ForegroundCompositing:1    ; additive foreground scattering]]
[2019.11.29-02.02.55:120][  0]LogConfig: Setting CVar [[r.DOF.Scatter.BackgroundCompositing:2    ; additive background scattering]]
[2019.11.29-02.02.55:120][  0]LogConfig: Setting CVar [[r.DOF.Scatter.EnableBokehSettings:1      ; bokeh simulation when scattering]]
[2019.11.29-02.02.55:120][  0]LogConfig: Setting CVar [[r.DOF.Scatter.MaxSpriteRatio:0.1         ; only a maximum of 10% of scattered bokeh]]
[2019.11.29-02.02.55:120][  0]LogConfig: Setting CVar [[r.DOF.Recombine.Quality:1                ; cheap slight out of focus]]
[2019.11.29-02.02.55:120][  0]LogConfig: Setting CVar [[r.DOF.Recombine.EnableBokehSettings:0    ; no bokeh simulation on slight out of focus]]
[2019.11.29-02.02.55:120][  0]LogConfig: Setting CVar [[r.DOF.TemporalAAQuality:1                ; more stable temporal accumulation]]
[2019.11.29-02.02.55:120][  0]LogConfig: Setting CVar [[r.DOF.Kernel.MaxForegroundRadius:0.025]]
[2019.11.29-02.02.55:120][  0]LogConfig: Setting CVar [[r.DOF.Kernel.MaxBackgroundRadius:0.025]]
[2019.11.29-02.02.55:120][  0]LogConfig: Applying CVar settings from Section [TextureQuality@3] File [E:/SeniorProject/PollutionProject/SeniorProject/Saved/Config/Windows/Scalability.ini]
[2019.11.29-02.02.55:120][  0]LogConfig: Setting CVar [[r.Streaming.MipBias:0]]
[2019.11.29-02.02.55:120][  0]LogConfig: Setting CVar [[r.Streaming.AmortizeCPUToGPUCopy:0]]
[2019.11.29-02.02.55:120][  0]LogConfig: Setting CVar [[r.Streaming.MaxNumTexturesToStreamPerFrame:0]]
[2019.11.29-02.02.55:120][  0]LogConfig: Setting CVar [[r.Streaming.Boost:1]]
[2019.11.29-02.02.55:120][  0]LogConfig: Setting CVar [[r.MaxAnisotropy:8]]
[2019.11.29-02.02.55:120][  0]LogConfig: Setting CVar [[r.Streaming.LimitPoolSizeToVRAM:0]]
[2019.11.29-02.02.55:120][  0]LogConfig: Setting CVar [[r.Streaming.PoolSize:1000]]
[2019.11.29-02.02.55:120][  0]LogConfig: Setting CVar [[r.Streaming.MaxEffectiveScreenSize:0]]
[2019.11.29-02.02.55:120][  0]LogConfig: Applying CVar settings from Section [EffectsQuality@3] File [E:/SeniorProject/PollutionProject/SeniorProject/Saved/Config/Windows/Scalability.ini]
[2019.11.29-02.02.55:120][  0]LogConfig: Setting CVar [[r.TranslucencyLightingVolumeDim:64]]
[2019.11.29-02.02.55:120][  0]LogConfig: Setting CVar [[r.RefractionQuality:2]]
[2019.11.29-02.02.55:120][  0]LogConfig: Setting CVar [[r.SSR.Quality:3]]
[2019.11.29-02.02.55:120][  0]LogConfig: Setting CVar [[r.SceneColorFormat:4]]
[2019.11.29-02.02.55:120][  0]LogConfig: Setting CVar [[r.DetailMode:2]]
[2019.11.29-02.02.55:120][  0]LogConfig: Setting CVar [[r.TranslucencyVolumeBlur:1]]
[2019.11.29-02.02.55:120][  0]LogConfig: Setting CVar [[r.MaterialQualityLevel:1 ; High quality]]
[2019.11.29-02.02.55:120][  0]LogConfig: Setting CVar [[r.SSS.Scale:1]]
[2019.11.29-02.02.55:120][  0]LogConfig: Setting CVar [[r.SSS.SampleSet:2]]
[2019.11.29-02.02.55:120][  0]LogConfig: Setting CVar [[r.SSS.Quality:1]]
[2019.11.29-02.02.55:120][  0]LogConfig: Setting CVar [[r.SSS.HalfRes:1]]
[2019.11.29-02.02.55:120][  0]LogConfig: Setting CVar [[r.EmitterSpawnRateScale:1.0]]
[2019.11.29-02.02.55:120][  0]LogConfig: Setting CVar [[r.ParticleLightQuality:2]]
[2019.11.29-02.02.55:120][  0]LogConfig: Applying CVar settings from Section [FoliageQuality@3] File [E:/SeniorProject/PollutionProject/SeniorProject/Saved/Config/Windows/Scalability.ini]
[2019.11.29-02.02.55:121][  0]LogConfig: Setting CVar [[foliage.DensityScale:1.0]]
[2019.11.29-02.02.55:121][  0]LogConfig: Setting CVar [[grass.DensityScale:1.0]]
[2019.11.29-02.02.55:121][  0]LogConfig: Applying CVar settings from Section [Startup] File [../../../Engine/Config/ConsoleVariables.ini]
[2019.11.29-02.02.55:121][  0]LogConfig: Setting CVar [[net.UseAdaptiveNetUpdateFrequency:0]]
[2019.11.29-02.02.55:121][  0]LogConfig: Setting CVar [[p.chaos.AllowCreatePhysxBodies:1]]
[2019.11.29-02.02.55:121][  0]LogConfig: Applying CVar settings from Section [ConsoleVariables] File [E:/SeniorProject/PollutionProject/SeniorProject/Saved/Config/Windows/Engine.ini]
[2019.11.29-02.02.55:121][  0]LogInit: Computer: GREGSPC
[2019.11.29-02.02.55:121][  0]LogInit: User: Gregory
[2019.11.29-02.02.55:121][  0]LogInit: CPU Page size=4096, Cores=4
[2019.11.29-02.02.55:121][  0]LogInit: High frequency timer resolution =10.000000 MHz
[2019.11.29-02.02.55:121][  0]LogMemory: Memory total: Physical=15.9GB (16GB approx)
[2019.11.29-02.02.55:122][  0]LogMemory: Platform Memory Stats for Windows
[2019.11.29-02.02.55:122][  0]LogMemory: Process Physical Memory: 102.89 MB used, 102.89 MB peak
[2019.11.29-02.02.55:122][  0]LogMemory: Process Virtual Memory: 106.40 MB used, 106.40 MB peak
[2019.11.29-02.02.55:122][  0]LogMemory: Physical Memory: 9107.54 MB used,  7215.79 MB free, 16323.34 MB total
[2019.11.29-02.02.55:122][  0]LogMemory: Virtual Memory: 4676.26 MB used,  134213048.00 MB free, 134217728.00 MB total
[2019.11.29-02.02.55:144][  0]LogInit: Using OS detected language (en-US).
[2019.11.29-02.02.55:144][  0]LogInit: Using OS detected locale (en-US).
[2019.11.29-02.02.55:145][  0]LogTextLocalizationManager: No specific localization for 'en-US' exists, so the 'en' localization will be used.
[2019.11.29-02.02.55:320][  0]LogInit: Setting process to per monitor DPI aware
[2019.11.29-02.02.55:393][  0]LogSlate: New Slate User Created.  User Index 0, Is Virtual User: 0
[2019.11.29-02.02.55:393][  0]LogSlate: Slate User Registered.  User Index 0, Is Virtual User: 0
[2019.11.29-02.02.55:609][  0]LogHMD: Failed to initialize OpenVR with code 126
[2019.11.29-02.02.55:609][  0]LogD3D11RHI: D3D11 adapters:
[2019.11.29-02.02.55:670][  0]LogD3D11RHI:    0. 'NVIDIA GeForce RTX 2080' (Feature Level 11_0)
[2019.11.29-02.02.55:670][  0]LogD3D11RHI:       8010/0/8161 MB DedicatedVideo/DedicatedSystem/SharedSystem, Outputs:4, VendorId:0x10de
[2019.11.29-02.02.55:674][  0]LogD3D11RHI:    1. 'Microsoft Basic Render Driver' (Feature Level 11_0)
[2019.11.29-02.02.55:674][  0]LogD3D11RHI:       0/0/8161 MB DedicatedVideo/DedicatedSystem/SharedSystem, Outputs:0, VendorId:0x1414
[2019.11.29-02.02.55:674][  0]LogD3D11RHI: Chosen D3D11 Adapter: 0
[2019.11.29-02.02.55:682][  0]LogD3D11RHI: Creating new Direct3DDevice
[2019.11.29-02.02.55:682][  0]LogD3D11RHI:     GPU DeviceId: 0x1e87 (for the marketing name, search the web for "GPU Device Id")
[2019.11.29-02.02.55:682][  0]LogWindows: EnumDisplayDevices:
[2019.11.29-02.02.55:682][  0]LogWindows:    0. 'NVIDIA GeForce RTX 2080' (P:1 D:1)
[2019.11.29-02.02.55:682][  0]LogWindows:    1. 'NVIDIA GeForce RTX 2080' (P:0 D:1)
[2019.11.29-02.02.55:682][  0]LogWindows:    2. 'NVIDIA GeForce RTX 2080' (P:0 D:1)
[2019.11.29-02.02.55:683][  0]LogWindows:    3. 'NVIDIA GeForce RTX 2080' (P:0 D:1)
[2019.11.29-02.02.55:683][  0]LogWindows: DebugString: FoundDriverCount:4 
[2019.11.29-02.02.55:683][  0]LogD3D11RHI:     Adapter Name: NVIDIA GeForce RTX 2080
[2019.11.29-02.02.55:683][  0]LogD3D11RHI:   Driver Version: 431.36 (internal:26.21.14.3136, unified:431.36)
[2019.11.29-02.02.55:683][  0]LogD3D11RHI:      Driver Date: 7-3-2019
[2019.11.29-02.02.55:683][  0]LogRHI: Texture pool is 5607 MB (70% of 8010 MB)
[2019.11.29-02.02.55:724][  0]LogD3D11RHI: Async texture creation enabled
[2019.11.29-02.02.55:732][  0]LogRendererCore: FGlobalReadBuffer::InitRHI
[2019.11.29-02.02.55:732][  0]LogRendererCore: FGlobalReadBuffer::InitRHI
[2019.11.29-02.02.55:732][  0]LogRendererCore: FGlobalReadBuffer::InitRHI
[2019.11.29-02.02.55:745][  0]LogD3D11RHI: GPU Timing Frequency: 1000.000000 (Debug: 2 2)
[2019.11.29-02.02.56:325][  0]LogTemp: Display: Module 'AllDesktopTargetPlatform' loaded TargetPlatform 'AllDesktop'
[2019.11.29-02.02.56:338][  0]LogTemp: Display: Module 'MacClientTargetPlatform' loaded TargetPlatform 'MacClient'
[2019.11.29-02.02.56:355][  0]LogTemp: Display: Module 'MacNoEditorTargetPlatform' loaded TargetPlatform 'MacNoEditor'
[2019.11.29-02.02.56:369][  0]LogTemp: Display: Module 'MacServerTargetPlatform' loaded TargetPlatform 'MacServer'
[2019.11.29-02.02.56:382][  0]LogTemp: Display: Module 'MacTargetPlatform' loaded TargetPlatform 'Mac'
[2019.11.29-02.02.56:397][  0]LogTemp: Display: Module 'WindowsClientTargetPlatform' loaded TargetPlatform 'WindowsClient'
[2019.11.29-02.02.56:413][  0]LogTemp: Display: Module 'WindowsNoEditorTargetPlatform' loaded TargetPlatform 'WindowsNoEditor'
[2019.11.29-02.02.56:427][  0]LogTemp: Display: Module 'WindowsServerTargetPlatform' loaded TargetPlatform 'WindowsServer'
[2019.11.29-02.02.56:433][  0]LogTemp: Display: Module 'WindowsTargetPlatform' loaded TargetPlatform 'Windows'
[2019.11.29-02.02.56:518][  0]LogTemp: Display: Module 'AndroidTargetPlatform' loaded TargetPlatform 'Android'
[2019.11.29-02.02.56:518][  0]LogTemp: Display: Module 'AndroidTargetPlatform' loaded TargetPlatform 'Android_ASTC'
[2019.11.29-02.02.56:518][  0]LogTemp: Display: Module 'AndroidTargetPlatform' loaded TargetPlatform 'Android_ATC'
[2019.11.29-02.02.56:518][  0]LogTemp: Display: Module 'AndroidTargetPlatform' loaded TargetPlatform 'Android_DXT'
[2019.11.29-02.02.56:518][  0]LogTemp: Display: Module 'AndroidTargetPlatform' loaded TargetPlatform 'Android_ETC1'
[2019.11.29-02.02.56:518][  0]LogTemp: Display: Module 'AndroidTargetPlatform' loaded TargetPlatform 'Android_ETC1a'
[2019.11.29-02.02.56:518][  0]LogTemp: Display: Module 'AndroidTargetPlatform' loaded TargetPlatform 'Android_ETC2'
[2019.11.29-02.02.56:518][  0]LogTemp: Display: Module 'AndroidTargetPlatform' loaded TargetPlatform 'Android_PVRTC'
[2019.11.29-02.02.56:518][  0]LogTemp: Display: Module 'AndroidTargetPlatform' loaded TargetPlatform 'AndroidClient'
[2019.11.29-02.02.56:518][  0]LogTemp: Display: Module 'AndroidTargetPlatform' loaded TargetPlatform 'Android_ASTCClient'
[2019.11.29-02.02.56:518][  0]LogTemp: Display: Module 'AndroidTargetPlatform' loaded TargetPlatform 'Android_ATCClient'
[2019.11.29-02.02.56:518][  0]LogTemp: Display: Module 'AndroidTargetPlatform' loaded TargetPlatform 'Android_DXTClient'
[2019.11.29-02.02.56:518][  0]LogTemp: Display: Module 'AndroidTargetPlatform' loaded TargetPlatform 'Android_ETC1Client'
[2019.11.29-02.02.56:518][  0]LogTemp: Display: Module 'AndroidTargetPlatform' loaded TargetPlatform 'Android_ETC1aClient'
[2019.11.29-02.02.56:518][  0]LogTemp: Display: Module 'AndroidTargetPlatform' loaded TargetPlatform 'Android_ETC2Client'
[2019.11.29-02.02.56:518][  0]LogTemp: Display: Module 'AndroidTargetPlatform' loaded TargetPlatform 'Android_PVRTCClient'
[2019.11.29-02.02.56:518][  0]LogTemp: Display: Module 'AndroidTargetPlatform' loaded TargetPlatform 'Android_Multi'
[2019.11.29-02.02.56:518][  0]LogTemp: Display: Module 'AndroidTargetPlatform' loaded TargetPlatform 'Android_MultiClient'
[2019.11.29-02.02.56:520][  0]LogTemp: Display: Module 'HTML5TargetPlatform' loaded TargetPlatform 'HTML5'
[2019.11.29-02.02.56:567][  0]LogTemp: Display: Module 'IOSTargetPlatform' loaded TargetPlatform 'IOSClient'
[2019.11.29-02.02.56:567][  0]LogTemp: Display: Module 'IOSTargetPlatform' loaded TargetPlatform 'IOS'
[2019.11.29-02.02.56:594][  0]LogTemp: Display: Module 'TVOSTargetPlatform' loaded TargetPlatform 'TVOSClient'
[2019.11.29-02.02.56:594][  0]LogTemp: Display: Module 'TVOSTargetPlatform' loaded TargetPlatform 'TVOS'
[2019.11.29-02.02.56:608][  0]LogTemp: Display: Module 'LinuxClientTargetPlatform' loaded TargetPlatform 'LinuxClient'
[2019.11.29-02.02.56:618][  0]LogTemp: Display: Module 'LinuxNoEditorTargetPlatform' loaded TargetPlatform 'LinuxNoEditor'
[2019.11.29-02.02.56:629][  0]LogTemp: Display: Module 'LinuxServerTargetPlatform' loaded TargetPlatform 'LinuxServer'
[2019.11.29-02.02.56:641][  0]LogTemp: Display: Module 'LinuxTargetPlatform' loaded TargetPlatform 'Linux'
[2019.11.29-02.02.56:692][  0]LogTemp: Display: Module 'LuminTargetPlatform' loaded TargetPlatform 'Lumin'
[2019.11.29-02.02.56:692][  0]LogTemp: Display: Module 'LuminTargetPlatform' loaded TargetPlatform 'LuminClient'
[2019.11.29-02.02.56:692][  0]LogTargetPlatformManager: Display: Building Assets For Windows
[2019.11.29-02.02.56:699][  0]LogAudioDebug: Display: Lib vorbis DLL was dynamically loaded.
[2019.11.29-02.02.56:751][  0]LogShaderCompilers: Guid format shader working directory is 0 characters bigger than the processId version (E:/SeniorProject/PollutionProject/SeniorProject/Intermediate/Shaders/WorkingDirectory/16588/).
[2019.11.29-02.02.56:751][  0]LogShaderCompilers: Cleaned the shader compiler working directory 'C:/Users/Gregory/AppData/Local/Temp/UnrealShaderWorkingDir/E401ED48482FCC90BCAD3198217D582B/'.
[2019.11.29-02.02.56:754][  0]LogXGEController: Cannot use XGE Controller as Incredibuild is not installed on this machine.
[2019.11.29-02.02.56:754][  0]LogShaderCompilers: Cannot use XGE Shader Compiler as Incredibuild is not installed on this machine.
[2019.11.29-02.02.56:754][  0]LogShaderCompilers: Display: Using Local Shader Compiler.
[2019.11.29-02.02.57:292][  0]LogDerivedDataCache: Display: Max Cache Size: 512 MB
[2019.11.29-02.02.57:359][  0]LogDerivedDataCache: Loaded boot cache 0.07s 73MB C:/Users/Gregory/AppData/Local/UnrealEngine/4.22/DerivedDataCache/Boot.ddc.
[2019.11.29-02.02.57:359][  0]LogDerivedDataCache: Display: Loaded Boot cache: C:/Users/Gregory/AppData/Local/UnrealEngine/4.22/DerivedDataCache/Boot.ddc
[2019.11.29-02.02.57:359][  0]LogDerivedDataCache: FDerivedDataBackendGraph:  Pak pak cache file E:/SeniorProject/PollutionProject/SeniorProject/DerivedDataCache/DDC.ddp not found, will not use a pak cache.
[2019.11.29-02.02.57:359][  0]LogDerivedDataCache: Unable to find inner node Pak for hierarchical cache Hierarchy.
[2019.11.29-02.02.57:360][  0]LogDerivedDataCache: FDerivedDataBackendGraph:  CompressedPak pak cache file E:/SeniorProject/PollutionProject/SeniorProject/DerivedDataCache/Compressed.ddp not found, will not use a pak cache.
[2019.11.29-02.02.57:360][  0]LogDerivedDataCache: Unable to find inner node CompressedPak for hierarchical cache Hierarchy.
[2019.11.29-02.02.57:371][  0]LogDerivedDataCache: Display: Pak cache opened for reading ../../../Engine/DerivedDataCache/Compressed.ddp.
[2019.11.29-02.02.57:374][  0]LogDerivedDataCache: Display: Pak cache opened for reading ../../../Enterprise/DerivedDataCache/Compressed.ddp.
[2019.11.29-02.02.57:386][  0]LogDerivedDataCache: Using Local data cache path C:/Users/Gregory/AppData/Local/UnrealEngine/Common/DerivedDataCache: Writable
[2019.11.29-02.02.57:386][  0]LogDerivedDataCache: Shared data cache path not found in *engine.ini, will not use an Shared cache.
[2019.11.29-02.02.57:386][  0]LogDerivedDataCache: Unable to find inner node Shared for hierarchical cache Hierarchy.
[2019.11.29-02.02.57:410][  0]LogMaterial: Verifying Global Shaders for PCD3D_SM5
[2019.11.29-02.02.57:411][  0]LogSlate: Using FreeType 2.6.0
[2019.11.29-02.02.57:412][  0]LogSlate: SlateFontServices - WITH_FREETYPE: 1, WITH_HARFBUZZ: 1
[2019.11.29-02.02.57:494][  0]LogAssetRegistry: FAssetRegistry took 0.0341 seconds to start up
[2019.11.29-02.02.57:792][  0]LogInit: Selected Device Profile: [Windows]
[2019.11.29-02.02.57:917][  0]LogMeshReduction: Using QuadricMeshReduction for automatic static mesh reduction
[2019.11.29-02.02.57:917][  0]LogMeshReduction: Using SimplygonMeshReduction for automatic skeletal mesh reduction
[2019.11.29-02.02.57:917][  0]LogMeshReduction: Using ProxyLODMeshReduction for automatic mesh merging
[2019.11.29-02.02.57:917][  0]LogMeshReduction: No distributed automatic mesh merging module available
[2019.11.29-02.02.57:917][  0]LogMeshMerging: No distributed automatic mesh merging module available
[2019.11.29-02.02.57:929][  0]LogNetVersion: SeniorProject 1.0.0, NetCL: 5660361, EngineNetVer: 10, GameNetVer: 0 (Checksum: 993350713)
[2019.11.29-02.02.58:375][  0]LogPackageLocalizationCache: Processed 16 localized package path(s) for 1 prioritized culture(s) in 0.058079 seconds
[2019.11.29-02.02.58:382][  0]LogUObjectArray: 42205 objects as part of root set at end of initial load.
[2019.11.29-02.02.58:382][  0]LogUObjectAllocator: 7325032 out of 0 bytes used by permanent object pool.
[2019.11.29-02.02.58:382][  0]LogUObjectArray: CloseDisregardForGC: 0/0 objects in disregard for GC pool
[2019.11.29-02.02.59:143][  0]LogTcpMessaging: Initializing TcpMessaging bridge
[2019.11.29-02.02.59:157][  0]LogUdpMessaging: Initializing bridge on interface 0.0.0.0:0 to multicast group 230.0.0.1:6666.
[2019.11.29-02.02.59:276][  0]SourceControl: Source control is disabled
[2019.11.29-02.03.00:677][  0]LogAndroidPermission: UAndroidPermissionCallbackProxy::GetInstance
[2019.11.29-02.03.01:076][  0]LogOcInput: OculusInput pre-init called
[2019.11.29-02.03.03:483][  0]LogWindows: Failed to load 'libalias_api.dll' (GetLastError=126)
[2019.11.29-02.03.03:483][  0]LogWindows: File 'libalias_api.dll' does not exist
[2019.11.29-02.03.03:485][  0]LogWindows: Failed to load 'libalias_api.dll' (GetLastError=126)
[2019.11.29-02.03.03:485][  0]LogWindows: File 'libalias_api.dll' does not exist
[2019.11.29-02.03.03:633][  0]LogEngine: Initializing Engine...
[2019.11.29-02.03.03:665][  0]LogHMD: Failed to initialize OpenVR with code 126
[2019.11.29-02.03.03:666][  0]LogStats: UGameplayTagsManager::InitializeManager -  0.000 s
[2019.11.29-02.03.04:026][  0]LogInit: Initializing FReadOnlyCVARCache
[2019.11.29-02.03.04:042][  0]LogAIModule: Creating AISystem for world Untitled
[2019.11.29-02.03.04:217][  0]LogInit: XAudio2 using 'Headset Earphone (3- Corsair HS70 Wireless Gaming Headset)' : 2 channels at 48 kHz using 16 bits per sample (channel mask 0x3)
[2019.11.29-02.03.04:262][  0]LogInit: FAudioDevice initialized.
[2019.11.29-02.03.04:262][  0]LogNetVersion: Set ProjectVersion to 1.0.0.0. Version Checksum will be recalculated on next use.
[2019.11.29-02.03.04:765][  0]LogDerivedDataCache: Saved boot cache 0.50s 73MB C:/Users/Gregory/AppData/Local/UnrealEngine/4.22/DerivedDataCache/Boot.ddc.
[2019.11.29-02.03.04:773][  0]LogInit: Texture streaming: Enabled
[2019.11.29-02.03.04:797][  0]LogEngineSessionManager: EngineSessionManager initialized
[2019.11.29-02.03.04:831][  0]LogInit: Transaction tracking system initialized
[2019.11.29-02.03.04:864][  0]BlueprintLog: New page: Editor Load
[2019.11.29-02.03.05:003][  0]LocalizationService: Localization service is disabled
[2019.11.29-02.03.05:409][  0]LogFileCache: Scanning file cache for directory 'E:/SeniorProject/PollutionProject/SeniorProject/Content/' took 0.02s
[2019.11.29-02.03.05:409][  0]LogCook: Display: Max memory allowance for cook 16384mb min free memory 0mb
[2019.11.29-02.03.05:409][  0]LogCook: Display: Mobile HDR setting 1
[2019.11.29-02.03.09:181][  0]Cmd: MAP LOAD FILE="E:/SeniorProject/PollutionProject/SeniorProject/Content/Levels/GreyBoxLVL3.umap" TEMPLATE=0 SHOWPROGRESS=1 FEATURELEVEL=3
[2019.11.29-02.03.09:182][  0]LightingResults: New page: Lighting Build
[2019.11.29-02.03.09:187][  0]MapCheck: New page: Map Check
[2019.11.29-02.03.09:187][  0]LightingResults: New page: Lighting Build
[2019.11.29-02.03.09:213][  0]LogUObjectHash: Compacting FUObjectHashTables data took   1.41ms
[2019.11.29-02.03.17:823][  0]LogAIModule: Creating AISystem for world GreyBoxLVL3
[2019.11.29-02.03.21:269][  0]LogEditorServer: Finished looking for orphan Actors (0.000 secs)
[2019.11.29-02.03.21:308][  0]LogUObjectHash: Compacting FUObjectHashTables data took   2.73ms
[2019.11.29-02.03.21:308][  0]Cmd: MAP CHECKDEP NOCLEARLOG
[2019.11.29-02.03.21:308][  0]MapCheck: Map check complete: 0 Error(s), 0 Warning(s), took 0.164ms to complete.
[2019.11.29-02.03.21:308][  0]LogFileHelpers: Loading map 'GreyBoxLVL3' took 12.127
[2019.11.29-02.03.21:618][  0]LogSlate: Updating window title bar state: overlay mode, drag disabled, window buttons hidden, title bar hidden
[2019.11.29-02.03.21:629][  0]LogSlate: Updating window title bar state: overlay mode, drag disabled, window buttons hidden, title bar hidden
[2019.11.29-02.03.21:640][  0]LogSlate: Updating window title bar state: overlay mode, drag disabled, window buttons hidden, title bar hidden
[2019.11.29-02.03.21:649][  0]LogSlate: Updating window title bar state: overlay mode, drag disabled, window buttons hidden, title bar hidden
[2019.11.29-02.03.21:656][  0]LogCollectionManager: Loaded 0 collections in 0.001837 seconds
[2019.11.29-02.03.21:673][  0]LogFileCache: Scanning file cache for directory 'E:/SeniorProject/PollutionProject/SeniorProject/Saved/Collections/' took 0.01s
[2019.11.29-02.03.21:673][  0]LogFileCache: Scanning file cache for directory 'E:/SeniorProject/PollutionProject/SeniorProject/Content/Developers/Gregory/Collections/' took 0.00s
[2019.11.29-02.03.21:673][  0]LogFileCache: Scanning file cache for directory 'E:/SeniorProject/PollutionProject/SeniorProject/Content/Collections/' took 0.00s
[2019.11.29-02.03.21:673][  0]LogCollectionManager: Rebuilt the GUID cache for 0 collections in 0.000000 seconds
[2019.11.29-02.03.21:686][  0]LogContentBrowser: Native class hierarchy populated in 0.0128 seconds. Added 2867 classes and 728 folders.
[2019.11.29-02.03.21:692][  0]LogContentBrowser: Native class hierarchy updated for 'WidgetCarousel' in 0.0003 seconds. Added 0 classes and 0 folders.
[2019.11.29-02.03.21:868][  0]LogPakFile: Registered encryption key '00000000000000000000000000000000': 0 pak files mounted, 0 remain pending
[2019.11.29-02.03.21:868][  0]LogPakFile: Registered encryption key '00000000000000000000000000000000': 0 pak files mounted, 0 remain pending
[2019.11.29-02.03.21:869][  0]LogPakFile: Registered encryption key '00000000000000000000000000000000': 0 pak files mounted, 0 remain pending
[2019.11.29-02.03.21:869][  0]LogPakFile: Registered encryption key '00000000000000000000000000000000': 0 pak files mounted, 0 remain pending
[2019.11.29-02.03.21:870][  0]LogPakFile: Registered encryption key '00000000000000000000000000000000': 0 pak files mounted, 0 remain pending
[2019.11.29-02.03.21:870][  0]LogPakFile: Registered encryption key '00000000000000000000000000000000': 0 pak files mounted, 0 remain pending
[2019.11.29-02.03.21:871][  0]LogPakFile: Registered encryption key '00000000000000000000000000000000': 0 pak files mounted, 0 remain pending
[2019.11.29-02.03.21:871][  0]LogPakFile: Registered encryption key '00000000000000000000000000000000': 0 pak files mounted, 0 remain pending
[2019.11.29-02.03.21:871][  0]LogPakFile: Registered encryption key '00000000000000000000000000000000': 0 pak files mounted, 0 remain pending
[2019.11.29-02.03.21:872][  0]LogPakFile: Registered encryption key '00000000000000000000000000000000': 0 pak files mounted, 0 remain pending
[2019.11.29-02.03.21:872][  0]LogPakFile: Registered encryption key '00000000000000000000000000000000': 0 pak files mounted, 0 remain pending
[2019.11.29-02.03.21:873][  0]LogPakFile: Registered encryption key '00000000000000000000000000000000': 0 pak files mounted, 0 remain pending
[2019.11.29-02.03.21:873][  0]LogPakFile: Registered encryption key '00000000000000000000000000000000': 0 pak files mounted, 0 remain pending
[2019.11.29-02.03.21:873][  0]LogPakFile: Registered encryption key '00000000000000000000000000000000': 0 pak files mounted, 0 remain pending
[2019.11.29-02.03.21:874][  0]LogPakFile: Registered encryption key '00000000000000000000000000000000': 0 pak files mounted, 0 remain pending
[2019.11.29-02.03.21:874][  0]LogPakFile: Registered encryption key '00000000000000000000000000000000': 0 pak files mounted, 0 remain pending
[2019.11.29-02.03.21:875][  0]LogPakFile: Registered encryption key '00000000000000000000000000000000': 0 pak files mounted, 0 remain pending
[2019.11.29-02.03.21:875][  0]LogPakFile: Registered encryption key '00000000000000000000000000000000': 0 pak files mounted, 0 remain pending
[2019.11.29-02.03.21:875][  0]LogPakFile: Registered encryption key '00000000000000000000000000000000': 0 pak files mounted, 0 remain pending
[2019.11.29-02.03.21:876][  0]LogPakFile: Registered encryption key '00000000000000000000000000000000': 0 pak files mounted, 0 remain pending
[2019.11.29-02.03.21:876][  0]LogPakFile: Registered encryption key '00000000000000000000000000000000': 0 pak files mounted, 0 remain pending
[2019.11.29-02.03.21:876][  0]LogPakFile: Registered encryption key '00000000000000000000000000000000': 0 pak files mounted, 0 remain pending
[2019.11.29-02.03.21:877][  0]LogPakFile: Registered encryption key '00000000000000000000000000000000': 0 pak files mounted, 0 remain pending
[2019.11.29-02.03.21:877][  0]LogPakFile: Registered encryption key '00000000000000000000000000000000': 0 pak files mounted, 0 remain pending
[2019.11.29-02.03.21:878][  0]LogPakFile: Registered encryption key '00000000000000000000000000000000': 0 pak files mounted, 0 remain pending
[2019.11.29-02.03.21:878][  0]LogPakFile: Registered encryption key '00000000000000000000000000000000': 0 pak files mounted, 0 remain pending
[2019.11.29-02.03.21:878][  0]LogPakFile: Registered encryption key '00000000000000000000000000000000': 0 pak files mounted, 0 remain pending
[2019.11.29-02.03.21:879][  0]LogPakFile: Registered encryption key '00000000000000000000000000000000': 0 pak files mounted, 0 remain pending
[2019.11.29-02.03.23:633][  0]LogContentBrowser: Native class hierarchy updated for 'AddContentDialog' in 0.0003 seconds. Added 0 classes and 0 folders.
[2019.11.29-02.03.23:654][  0]LogContentBrowser: Native class hierarchy updated for 'SceneOutliner' in 0.0004 seconds. Added 1 classes and 0 folders.
[2019.11.29-02.03.23:762][  0]LogSlate: Took 0.061039 seconds to synchronously load lazily loaded font '../../../Engine/Content/Slate/Fonts/Roboto-Regular.ttf' (155K)
[2019.11.29-02.03.23:780][  0]LogSlate: Took 0.016431 seconds to synchronously load lazily loaded font '../../../Engine/Content/Slate/Fonts/Roboto-Bold.ttf' (160K)
[2019.11.29-02.03.23:800][  0]LogSlate: Took 0.017039 seconds to synchronously load lazily loaded font '../../../Engine/Content/Editor/Slate/Fonts/FontAwesome.ttf' (139K)
[2019.11.29-02.03.23:881][  0]LogRenderer: Reallocating scene render targets to support 1136x604 Format 10 NumSamples 1 (Frame:1).
[2019.11.29-02.03.24:112][  0]LogSlate: Took 0.152578 seconds to synchronously load lazily loaded font '../../../Engine/Content/Slate/Fonts/Roboto-Light.ttf' (167K)
[2019.11.29-02.03.24:241][  0]LogContentBrowser: Native class hierarchy updated for 'HierarchicalLODOutliner' in 0.0003 seconds. Added 0 classes and 0 folders.
[2019.11.29-02.03.24:241][  0]LogLoad: (Engine Initialization) Total time: 31.48 seconds
[2019.11.29-02.03.24:241][  0]LogLoad: (Engine Initialization) Total Blueprint compile time: 0.00 seconds
[2019.11.29-02.03.24:358][  0]LogContentStreaming: Texture pool size now 1000 MB
[2019.11.29-02.03.24:715][  3]LogStaticMesh: Allocated 512x320x64 distance field atlas = 20.0Mb, with 77 objects containing 14.9Mb backing data
[2019.11.29-02.03.29:425][220]LogFileCache: Retrieving MD5 hashes for directory 'E:/SeniorProject/PollutionProject/SeniorProject/Content/' took 5.16s
[2019.11.29-02.03.56:680][841]LogAssetRegistry: Asset discovery search completed in 59.2105 seconds
[2019.11.29-02.03.56:682][841]LogCollectionManager: Rebuilt the object cache for 0 collections in 0.000001 seconds (found 0 objects)
[2019.11.29-02.03.56:682][841]LogCollectionManager: Fixed up redirectors for 0 collections in 0.000062 seconds (updated 0 objects)
[2019.11.29-02.06.27:552][292]LogSlate: FSceneViewport::OnFocusLost() reason 0
[2019.11.29-02.06.31:546][618]LogSlate: Took 0.015587 seconds to synchronously load lazily loaded font '../../../Engine/Content/Slate/Fonts/Roboto-Light.ttf' (167K)
[2019.11.29-02.06.32:016][618]LogTexture: Display: Building textures: Texture2D_58 (BGRA8, 512X512)
[2019.11.29-02.06.32:017][618]LogTexture: Display: Building textures: Texture2D_63 (BGRA8, 512X512)
[2019.11.29-02.06.32:109][618]LogTexture: Display: Building textures: NewsPaperHeadLines (AutoDXT, 1024X1024)
[2019.11.29-02.06.32:109][618]LogStaticMesh: Building static mesh Building1...
[2019.11.29-02.06.32:277][618]LogStaticMesh: Built static mesh [0.17s] /Game/Assets/LowPolyAssets/Building1.Building1
[2019.11.29-02.06.32:323][618]LogStaticMesh: Building static mesh Building2...
[2019.11.29-02.06.32:719][618]LogStaticMesh: Built static mesh [0.40s] /Game/Assets/LowPolyAssets/Building2.Building2
[2019.11.29-02.06.32:942][618]LogStaticMesh: Building static mesh N10...
[2019.11.29-02.06.32:944][618]LogStaticMesh: Built static mesh [0.00s] /Game/Assets/Newspapers/N10.N10
[2019.11.29-02.06.32:945][618]LogStaticMesh: Building static mesh N11...
[2019.11.29-02.06.32:947][618]LogStaticMesh: Built static mesh [0.00s] /Game/Assets/Newspapers/N11.N11
[2019.11.29-02.06.32:947][618]LogStaticMesh: Building static mesh N12...
[2019.11.29-02.06.32:949][618]LogStaticMesh: Built static mesh [0.00s] /Game/Assets/Newspapers/N12.N12
[2019.11.29-02.06.32:949][618]LogStaticMesh: Building static mesh N1...
[2019.11.29-02.06.32:951][618]LogStaticMesh: Built static mesh [0.00s] /Game/Assets/Newspapers/N1.N1
[2019.11.29-02.06.32:951][618]LogStaticMesh: Building static mesh N2...
[2019.11.29-02.06.32:952][618]LogStaticMesh: Built static mesh [0.00s] /Game/Assets/Newspapers/N2.N2
[2019.11.29-02.06.32:953][618]LogStaticMesh: Building static mesh N3...
[2019.11.29-02.06.32:954][618]LogStaticMesh: Built static mesh [0.00s] /Game/Assets/Newspapers/N3.N3
[2019.11.29-02.06.32:955][618]LogStaticMesh: Building static mesh N5...
[2019.11.29-02.06.32:956][618]LogStaticMesh: Built static mesh [0.00s] /Game/Assets/Newspapers/N5.N5
[2019.11.29-02.06.32:957][618]LogStaticMesh: Building static mesh N6...
[2019.11.29-02.06.32:958][618]LogStaticMesh: Built static mesh [0.00s] /Game/Assets/Newspapers/N6.N6
[2019.11.29-02.06.32:959][618]LogStaticMesh: Building static mesh N7...
[2019.11.29-02.06.32:960][618]LogStaticMesh: Built static mesh [0.00s] /Game/Assets/Newspapers/N7.N7
[2019.11.29-02.06.32:961][618]LogStaticMesh: Building static mesh N8...
[2019.11.29-02.06.32:962][618]LogStaticMesh: Built static mesh [0.00s] /Game/Assets/Newspapers/N8.N8
[2019.11.29-02.06.32:962][618]LogStaticMesh: Building static mesh N9...
[2019.11.29-02.06.32:964][618]LogStaticMesh: Built static mesh [0.00s] /Game/Assets/Newspapers/N9.N9
[2019.11.29-02.06.33:352][618]LogMaterial: Display: Missing cached shader map for material Newspapermaterail, compiling. 
[2019.11.29-02.06.33:764][618]LogAIModule: Creating AISystem for world GreyBoxLVL4
[2019.11.29-02.06.33:871][618]LogAssetEditorManager: Opening Asset editor for World /Game/Levels/GreyBoxLVL4.GreyBoxLVL4
[2019.11.29-02.06.34:017][618]LogUObjectHash: Compacting FUObjectHashTables data took   3.23ms
[2019.11.29-02.06.34:018][618]Cmd: MAP LOAD FILE="E:/SeniorProject/PollutionProject/SeniorProject/Content/Levels/GreyBoxLVL4.umap" TEMPLATE=0 SHOWPROGRESS=1 FEATURELEVEL=3
[2019.11.29-02.06.34:018][618]LightingResults: New page: Lighting Build
[2019.11.29-02.06.34:019][618]LoadErrors: New page: Loading map: GreyBoxLVL4.umap
[2019.11.29-02.06.34:024][618]MapCheck: New page: Map Check
[2019.11.29-02.06.34:024][618]LightingResults: New page: Lighting Build
[2019.11.29-02.06.34:095][618]LogUObjectHash: Compacting FUObjectHashTables data took   3.92ms
[2019.11.29-02.06.35:248][618]LogEditorServer: Finished looking for orphan Actors (0.000 secs)
[2019.11.29-02.06.35:396][618]LogUObjectHash: Compacting FUObjectHashTables data took   2.45ms
[2019.11.29-02.06.35:461][618]Cmd: MAP CHECKDEP NOCLEARLOG
[2019.11.29-02.06.35:466][618]MapCheck: Map check complete: 0 Error(s), 0 Warning(s), took 5.231ms to complete.
[2019.11.29-02.06.35:466][618]LogFileHelpers: Loading map 'GreyBoxLVL4' took 1.449
[2019.11.29-02.06.39:766][903]LogMeshUtilities: Finished distance field build in 7.4s - 64x64x64 distance field, 5604 triangles, Range [-0.4, 0.5], Building1
[2019.11.29-02.06.39:799][905]LogMeshUtilities: Discarded distance field for N9 as mesh was not closed!  Assign a two-sided material to fix.
[2019.11.29-02.06.39:799][905]LogMeshUtilities: Finished distance field build in 0.0s - 8x13x8 distance field, 32 triangles, Range [-0.2, 0.8], N9
[2019.11.29-02.06.39:817][905]LogMeshUtilities: Discarded distance field for N8 as mesh was not closed!  Assign a two-sided material to fix.
[2019.11.29-02.06.39:817][905]LogMeshUtilities: Finished distance field build in 0.0s - 8x13x8 distance field, 32 triangles, Range [-0.2, 0.8], N8
[2019.11.29-02.06.39:843][907]LogMeshUtilities: Discarded distance field for N7 as mesh was not closed!  Assign a two-sided material to fix.
[2019.11.29-02.06.39:844][907]LogMeshUtilities: Finished distance field build in 0.0s - 8x13x8 distance field, 32 triangles, Range [-0.2, 0.8], N7
[2019.11.29-02.06.39:870][908]LogMeshUtilities: Discarded distance field for N6 as mesh was not closed!  Assign a two-sided material to fix.
[2019.11.29-02.06.39:870][908]LogMeshUtilities: Finished distance field build in 0.0s - 8x13x8 distance field, 32 triangles, Range [-0.2, 0.8], N6
[2019.11.29-02.06.39:893][909]LogMeshUtilities: Discarded distance field for N5 as mesh was not closed!  Assign a two-sided material to fix.
[2019.11.29-02.06.39:893][909]LogMeshUtilities: Finished distance field build in 0.0s - 8x13x8 distance field, 32 triangles, Range [-0.2, 0.8], N5
[2019.11.29-02.06.39:926][911]LogMeshUtilities: Discarded distance field for N3 as mesh was not closed!  Assign a two-sided material to fix.
[2019.11.29-02.06.39:926][911]LogMeshUtilities: Finished distance field build in 0.0s - 8x13x8 distance field, 32 triangles, Range [-0.2, 0.8], N3
[2019.11.29-02.06.39:950][912]LogMeshUtilities: Discarded distance field for N2 as mesh was not closed!  Assign a two-sided material to fix.
[2019.11.29-02.06.39:950][912]LogMeshUtilities: Finished distance field build in 0.0s - 8x13x8 distance field, 32 triangles, Range [-0.2, 0.8], N2
[2019.11.29-02.06.39:977][913]LogMeshUtilities: Discarded distance field for N1 as mesh was not closed!  Assign a two-sided material to fix.
[2019.11.29-02.06.39:977][913]LogMeshUtilities: Finished distance field build in 0.0s - 8x13x8 distance field, 32 triangles, Range [-0.2, 0.8], N1
[2019.11.29-02.06.40:012][915]LogMeshUtilities: Discarded distance field for N12 as mesh was not closed!  Assign a two-sided material to fix.
[2019.11.29-02.06.40:012][915]LogMeshUtilities: Finished distance field build in 0.0s - 8x13x8 distance field, 32 triangles, Range [-0.2, 0.8], N12
[2019.11.29-02.06.40:042][917]LogMeshUtilities: Discarded distance field for N11 as mesh was not closed!  Assign a two-sided material to fix.
[2019.11.29-02.06.40:042][917]LogMeshUtilities: Finished distance field build in 0.0s - 8x13x8 distance field, 32 triangles, Range [-0.2, 0.8], N11
[2019.11.29-02.06.40:065][918]LogMeshUtilities: Discarded distance field for N10 as mesh was not closed!  Assign a two-sided material to fix.
[2019.11.29-02.06.40:065][918]LogMeshUtilities: Finished distance field build in 0.0s - 8x13x8 distance field, 32 triangles, Range [-0.2, 0.8], N10
[2019.11.29-02.06.46:236][119]LogSlate: FSceneViewport::OnFocusLost() reason 0
[2019.11.29-02.06.47:731][194]LogMeshUtilities: Finished distance field build in 7.7s - 64x64x64 distance field, 6686 triangles, Range [-0.4, 0.5], Building2
[2019.11.29-02.06.53:336][665]LogStaticMesh: Allocated 512x357x64 distance field atlas = 22.3Mb, with 91 objects containing 18.0Mb backing data
[2019.11.29-02.11.55:873][671]LogEditorViewport: Clicking on Actor (context menu): Landscape (Landscape)
[2019.11.29-02.11.55:952][671]LogSlate: FSceneViewport::OnFocusLost() reason 2
[2019.11.29-02.12.02:531][273]LogEditorViewport: Clicking on Actor (LMB): StaticMeshActor (Barrier16)
[2019.11.29-02.12.06:188][578]LogEditorViewport: Clicking on Actor (CTRL LMB): StaticMeshActor (Barrier19)
[2019.11.29-02.12.07:650][697]LogEditorViewport: Clicking on Actor (CTRL LMB): StaticMeshActor (Barrier21)
[2019.11.29-02.12.20:249][810]LogEditorViewport: Clicking on Actor (LMB): StaticMeshActor (Barrier20)
[2019.11.29-02.13.41:069][639]LogEditorViewport: Clicking on Actor (LMB): StaticMeshActor (Barrier19)
[2019.11.29-02.13.41:511][662]LogEditorViewport: Clicking on Actor (LMB): Landscape (Landscape)
[2019.11.29-02.13.42:243][726]LogEditorViewport: Clicking on Actor (LMB): StaticMeshActor (Barrier18)
[2019.11.29-02.13.48:301][288]LogSlate: FSceneViewport::OnFocusLost() reason 0
[2019.11.29-02.13.56:748][851]LogSlate: Window 'Pick Parent Class' being destroyed
[2019.11.29-02.14.06:675][639]LogAssetEditorManager: Opening Asset editor for Blueprint /Game/BP/TrailScene.TrailScene
[2019.11.29-02.14.07:147][639]LogContentBrowser: Native class hierarchy updated for 'BlueprintGraph' in 0.0006 seconds. Added 121 classes and 0 folders.
[2019.11.29-02.14.08:581][639]LogRenderer: Reallocating scene render targets to support 1144x712 Format 10 NumSamples 1 (Frame:1).
[2019.11.29-02.14.08:645][641]LogStaticMesh: Allocated 512x384x64 distance field atlas = 24.0Mb, with 92 objects containing 18.2Mb backing data
[2019.11.29-02.14.20:350][402]LogSlate: Took 0.020229 seconds to synchronously load lazily loaded font '../../../Engine/Content/Slate/Fonts/Roboto-Italic.ttf' (157K)
[2019.11.29-02.14.21:269][456]LogSlate: Took 0.019621 seconds to synchronously load lazily loaded font '../../../Engine/Content/Slate/Fonts/Roboto-BoldCondensed.ttf' (158K)
[2019.11.29-02.14.36:468][397]LogAssetEditorManager: Opening Asset editor for Blueprint /Game/BP/SleepingBagInteraction.SleepingBagInteraction
[2019.11.29-02.21.18:470][  2]LogSlate: FSceneViewport::OnFocusLost() reason 2
[2019.11.29-02.21.27:976][630]LogSlate: FSceneViewport::OnFocusLost() reason 0
[2019.11.29-02.22.29:234][182]LogUObjectHash: Compacting FUObjectHashTables data took   3.57ms
[2019.11.29-02.22.31:387][182]LogSavePackage: Moving 'E:/SeniorProject/PollutionProject/SeniorProject/Saved/GreyBoxLVL4_Auto15DCF4BFA4A9F5323F4F15B82144E3611.tmp' to 'E:/SeniorProject/PollutionProject/SeniorProject/Saved/Autosaves/Game/Levels/GreyBoxLVL4_Auto1.umap'
[2019.11.29-02.22.31:400][182]LogFileHelpers: Editor autosave (incl. sublevels) for '/Game/Levels/GreyBoxLVL4' took 2.206
[2019.11.29-02.22.31:400][182]LogFileHelpers: Editor autosave (incl. sublevels) for all levels took 2.206
[2019.11.29-02.22.31:403][182]OBJ SavePackage: Generating thumbnails for [1] asset(s) in package [/Game/BP/SleepingBagInteraction] ([1] browsable assets)...
[2019.11.29-02.22.31:419][182]OBJ SavePackage:     Rendered thumbnail for [Blueprint /Game/BP/SleepingBagInteraction.SleepingBagInteraction]
[2019.11.29-02.22.31:420][182]OBJ SavePackage: Finished generating thumbnails for package [/Game/BP/SleepingBagInteraction]
[2019.11.29-02.22.31:571][182]LogSavePackage: Moving 'E:/SeniorProject/PollutionProject/SeniorProject/Saved/SleepingBagInteraction_Auto160115B3D4984319D55B39E8F9FE29BA2.tmp' to 'E:/SeniorProject/PollutionProject/SeniorProject/Saved/Autosaves/Game/BP/SleepingBagInteraction_Auto1.uasset'
[2019.11.29-02.22.31:573][182]OBJ SavePackage: Generating thumbnails for [0] asset(s) in package [/Game/BP/TrailScene] ([1] browsable assets)...
[2019.11.29-02.22.31:573][182]OBJ SavePackage: Finished generating thumbnails for package [/Game/BP/TrailScene]
[2019.11.29-02.22.31:573][182]Cmd: OBJ SAVEPACKAGE PACKAGE="/Game/BP/TrailScene" FILE="E:/SeniorProject/PollutionProject/SeniorProject/Saved/Autosaves/Game/BP/TrailScene_Auto1.uasset" SILENT=false AUTOSAVING=true
[2019.11.29-02.22.31:605][182]LogSavePackage: Moving 'E:/SeniorProject/PollutionProject/SeniorProject/Saved/TrailScene_Auto1566191004540747CD4BD539DD8F2444D.tmp' to 'E:/SeniorProject/PollutionProject/SeniorProject/Saved/Autosaves/Game/BP/TrailScene_Auto1.uasset'
[2019.11.29-02.22.31:608][182]LogFileHelpers: Auto-saving content packages took 0.206
[2019.11.29-02.23.48:333][810]LogSlate: Window 'Delete Variable' being destroyed
[2019.11.29-02.23.51:560][  7]LogSlate: FSceneViewport::OnFocusLost() reason 0
[2019.11.29-02.23.55:415][239]LogSlate: Took 0.017283 seconds to synchronously load lazily loaded font '../../../Engine/Content/Slate/Fonts/Roboto-BoldCondensedItalic.ttf' (160K)
[2019.11.29-02.24.02:739][733]BlueprintLog: New page: Compile TrailScene
[2019.11.29-02.24.02:954][733]LogUObjectHash: Compacting FUObjectHashTables data took   3.23ms
[2019.11.29-02.24.03:415][749]LogSlate: FSceneViewport::OnFocusLost() reason 2
[2019.11.29-02.24.03:421][749]Cmd: OBJ SAVEPACKAGE PACKAGE="/Game/BP/TrailScene" FILE="E:/SeniorProject/PollutionProject/SeniorProject/Content/BP/TrailScene.uasset" SILENT=true
[2019.11.29-02.24.03:446][749]LogSavePackage: Moving 'E:/SeniorProject/PollutionProject/SeniorProject/Saved/TrailSceneE93D8A0845149695CC5FDAA0481A903C.tmp' to 'E:/SeniorProject/PollutionProject/SeniorProject/Content/BP/TrailScene.uasset'
[2019.11.29-02.24.22:443][898]BlueprintLog: New page: Compile TrailScene
[2019.11.29-02.24.22:634][898]LogUObjectHash: Compacting FUObjectHashTables data took   2.96ms
[2019.11.29-02.24.23:054][915]Cmd: OBJ SAVEPACKAGE PACKAGE="/Game/BP/TrailScene" FILE="E:/SeniorProject/PollutionProject/SeniorProject/Content/BP/TrailScene.uasset" SILENT=true
[2019.11.29-02.24.23:080][915]LogSavePackage: Moving 'E:/SeniorProject/PollutionProject/SeniorProject/Saved/TrailScene1B016B8C4BF81A64DD8970BB5A9E0641.tmp' to 'E:/SeniorProject/PollutionProject/SeniorProject/Content/BP/TrailScene.uasset'
[2019.11.29-02.24.30:651][383]Cmd: OBJ SAVEPACKAGE PACKAGE="/Game/BP/TrailScene" FILE="E:/SeniorProject/PollutionProject/SeniorProject/Content/BP/TrailScene.uasset" SILENT=true
[2019.11.29-02.24.30:670][383]LogSavePackage: Moving 'E:/SeniorProject/PollutionProject/SeniorProject/Saved/TrailSceneCF43BF77471BD2045C7E1D8786FB1DCE.tmp' to 'E:/SeniorProject/PollutionProject/SeniorProject/Content/BP/TrailScene.uasset'
[2019.11.29-02.24.41:645][127]LogEditorTransaction: Undo Move Node
[2019.11.29-02.24.43:808][240]LogEditorTransaction: Redo Move Node
[2019.11.29-02.24.46:344][398]LogEditorTransaction: Undo Move Node
[2019.11.29-02.24.46:842][422]LogEditorTransaction: Undo Move Node
[2019.11.29-02.24.47:774][476]LogEditorTransaction: Undo Move Node
[2019.11.29-02.24.52:275][738]Cmd: TRANSACTION UNDO
[2019.11.29-02.24.52:275][738]LogEditorTransaction: Undo Comment Changed
[2019.11.29-02.24.53:471][804]LogEditorTransaction: Undo Comment Bubble Visibility
[2019.11.29-02.24.54:509][861]LogEditorTransaction: Undo Create Pin Link
[2019.11.29-02.24.55:194][901]LogEditorTransaction: Undo Move Nodes
[2019.11.29-02.24.55:863][941]LogEditorTransaction: Undo Paste clipboard contents
[2019.11.29-02.24.56:987][ 17]LogEditorTransaction: Undo Create Pin Link
[2019.11.29-02.24.57:934][ 82]LogEditorTransaction: Undo Add Node
[2019.11.29-02.24.58:600][124]LogEditorTransaction: Undo Change Parameter Type
[2019.11.29-02.24.59:994][216]LogEditorTransaction: Redo Change Parameter Type
[2019.11.29-02.25.00:193][222]LogEditorTransaction: Redo Add Node
[2019.11.29-02.25.00:351][227]LogEditorTransaction: Redo Create Pin Link
[2019.11.29-02.25.00:507][232]LogEditorTransaction: Redo Paste clipboard contents
[2019.11.29-02.25.00:689][238]LogEditorTransaction: Redo Move Nodes
[2019.11.29-02.25.00:880][244]LogEditorTransaction: Redo Create Pin Link
[2019.11.29-02.25.01:070][250]LogEditorTransaction: Redo Comment Bubble Visibility
[2019.11.29-02.25.01:240][255]LogEditorTransaction: Redo Comment Changed
[2019.11.29-02.25.07:784][662]BlueprintLog: New page: Compile SleepingBagInteraction
[2019.11.29-02.25.07:999][662]LogUObjectHash: Compacting FUObjectHashTables data took   3.23ms
[2019.11.29-02.25.08:453][675]Cmd: OBJ SAVEPACKAGE PACKAGE="/Game/BP/SleepingBagInteraction" FILE="E:/SeniorProject/PollutionProject/SeniorProject/Content/BP/SleepingBagInteraction.uasset" SILENT=true
[2019.11.29-02.25.08:500][675]LogSavePackage: Moving 'E:/SeniorProject/PollutionProject/SeniorProject/Saved/SleepingBagInteraction74E89EAC49699CDAB06C4C90970407D3.tmp' to 'E:/SeniorProject/PollutionProject/SeniorProject/Content/BP/SleepingBagInteraction.uasset'
[2019.11.29-02.25.14:794][ 88]BlueprintLog: New page: Compile TrailScene
[2019.11.29-02.25.14:987][ 88]LogUObjectHash: Compacting FUObjectHashTables data took   2.89ms
[2019.11.29-02.25.15:789][129]Cmd: OBJ SAVEPACKAGE PACKAGE="/Game/BP/TrailScene" FILE="E:/SeniorProject/PollutionProject/SeniorProject/Content/BP/TrailScene.uasset" SILENT=true
[2019.11.29-02.25.15:811][129]LogSavePackage: Moving 'E:/SeniorProject/PollutionProject/SeniorProject/Saved/TrailScene0EE0324749300E37CFCDF4BCE8C4CC47.tmp' to 'E:/SeniorProject/PollutionProject/SeniorProject/Content/BP/TrailScene.uasset'
[2019.11.29-02.26.19:119][154]BlueprintLog: New page: Compile TrailScene
[2019.11.29-02.26.19:348][154]LogUObjectHash: Compacting FUObjectHashTables data took   3.71ms
[2019.11.29-02.26.19:803][170]Cmd: OBJ SAVEPACKAGE PACKAGE="/Game/BP/TrailScene" FILE="E:/SeniorProject/PollutionProject/SeniorProject/Content/BP/TrailScene.uasset" SILENT=true
[2019.11.29-02.26.19:833][170]LogSavePackage: Moving 'E:/SeniorProject/PollutionProject/SeniorProject/Saved/TrailSceneB000D7A14C90BF18906FC18D035E7CD1.tmp' to 'E:/SeniorProject/PollutionProject/SeniorProject/Content/BP/TrailScene.uasset'
[2019.11.29-02.27.14:806][513]BlueprintLog: New page: Compile TrailScene
[2019.11.29-02.27.15:024][513]LogUObjectHash: Compacting FUObjectHashTables data took   3.07ms
[2019.11.29-02.27.15:615][536]Cmd: OBJ SAVEPACKAGE PACKAGE="/Game/BP/TrailScene" FILE="E:/SeniorProject/PollutionProject/SeniorProject/Content/BP/TrailScene.uasset" SILENT=true
[2019.11.29-02.27.15:644][536]LogSavePackage: Moving 'E:/SeniorProject/PollutionProject/SeniorProject/Saved/TrailScene6DDD9B324AFB4C272E71328A3B2B1167.tmp' to 'E:/SeniorProject/PollutionProject/SeniorProject/Content/BP/TrailScene.uasset'
[2019.11.29-02.32.31:999][778]LogUObjectHash: Compacting FUObjectHashTables data took   3.03ms
[2019.11.29-02.32.33:936][778]LogSavePackage: Moving 'E:/SeniorProject/PollutionProject/SeniorProject/Saved/GreyBoxLVL4_Auto22E578AC34FF2CC55CE93EABD75481F3D.tmp' to 'E:/SeniorProject/PollutionProject/SeniorProject/Saved/Autosaves/Game/Levels/GreyBoxLVL4_Auto2.umap'
[2019.11.29-02.32.33:941][778]LogFileHelpers: Editor autosave (incl. sublevels) for '/Game/Levels/GreyBoxLVL4' took 1.971
[2019.11.29-02.32.33:941][778]LogFileHelpers: Editor autosave (incl. sublevels) for all levels took 1.971
[2019.11.29-02.32.33:944][778]OBJ SavePackage: Generating thumbnails for [0] asset(s) in package [/Game/BP/TrailScene] ([1] browsable assets)...
[2019.11.29-02.32.33:944][778]OBJ SavePackage: Finished generating thumbnails for package [/Game/BP/TrailScene]
[2019.11.29-02.32.33:944][778]Cmd: OBJ SAVEPACKAGE PACKAGE="/Game/BP/TrailScene" FILE="E:/SeniorProject/PollutionProject/SeniorProject/Saved/Autosaves/Game/BP/TrailScene_Auto2.uasset" SILENT=false AUTOSAVING=true
[2019.11.29-02.32.33:972][778]LogSavePackage: Moving 'E:/SeniorProject/PollutionProject/SeniorProject/Saved/TrailScene_Auto246BD6F8F4C628ED45245BD8A33FF3AD3.tmp' to 'E:/SeniorProject/PollutionProject/SeniorProject/Saved/Autosaves/Game/BP/TrailScene_Auto2.uasset'
[2019.11.29-02.32.33:972][778]LogFileHelpers: Auto-saving content packages took 0.029
[2019.11.29-02.42.03:579][481]LogInit: XAudio2 using 'HDMI (NVIDIA High Definition Audio)' : 2 channels at 48 kHz using 16 bits per sample (channel mask 0x3)
[2019.11.29-05.19.24:634][729]LogHttp: Warning: 000002057AFE0B80: request failed, libcurl error: 6 (Couldn't resolve host name)
[2019.11.29-05.19.24:634][729]LogHttp: Warning: 000002057AFE0B80: libcurl info message cache 0 (Connection 87 seems to be dead!)
[2019.11.29-05.19.24:634][729]LogHttp: Warning: 000002057AFE0B80: libcurl info message cache 1 (Closing connection 87)
[2019.11.29-05.19.24:634][729]LogHttp: Warning: 000002057AFE0B80: libcurl info message cache 2 (TLSv1.2 (OUT), TLS alert, Client hello (1):)
[2019.11.29-05.19.24:634][729]LogHttp: Warning: 000002057AFE0B80: libcurl info message cache 3 (Could not resolve host: datarouter.ol.epicgames.com)
[2019.11.29-05.19.24:634][729]LogHttp: Warning: 000002057AFE0B80: libcurl info message cache 4 (Closing connection 88)
[2019.11.29-05.19.24:968][730]LogHttp: Warning: Retry exhausted on https://datarouter.ol.epicgames.com/datarouter/api/v1/public/data?SessionID=%7BCE44436E-4D12-1D86-33CA-3B9B19E14D77%7D&AppID=UEEditor.Rocket.Release&AppVersion=4.22.3-7053642%2B%2B%2BUE4%2BRelease-4.22&UserID=51bfa0b045cbf14adcb461b1b05e0e89%7C2e8b1b4f078b4bcfacfd31f9b30f3716%7Cbdc763f3-2d52-4c7c-9d3b-0a7386c2f1cc&AppEnvironment=datacollector-binary&UploadType=eteventstream
