Log file open, 01/04/20 12:13:41
LogWindows: Failed to load 'aqProf.dll' (GetLastError=126)
LogWindows: File 'aqProf.dll' does not exist
LogWindows: Failed to load 'VtuneApi.dll' (GetLastError=126)
LogWindows: File 'VtuneApi.dll' does not exist
LogWindows: Failed to load 'VtuneApi32e.dll' (GetLastError=126)
LogWindows: File 'VtuneApi32e.dll' does not exist
LogConsoleResponse: Display: Failed to find resolution value strings in scalability ini. Falling back to default.
LogInit: Display: Running engine for game: SeniorProject
LogPakFile: Registered encryption key '00000000000000000000000000000000': 0 pak files mounted, 0 remain pending
LogPlatformFile: Not using cached read wrapper
LogTaskGraph: Started task graph with 5 named threads and 23 total threads with 3 sets of task threads.
LogStats: Stats thread started at 2.354932
LogD3D11RHI: Loaded GFSDK_Aftermath_Lib.x64.dll
LogICUInternationalization: ICU TimeZone Detection - Raw Offset: -5:00, Platform Override: ''
LogPluginManager: Mounting plugin Paper2D
LogPluginManager: Mounting plugin AISupport
LogPluginManager: Mounting plugin LightPropagationVolume
LogPluginManager: Mounting plugin ActorLayerUtilities
LogPluginManager: Mounting plugin AnimationSharing
LogPluginManager: Mounting plugin CLionSourceCodeAccess
LogPluginManager: Mounting plugin CodeLiteSourceCodeAccess
LogPluginManager: Mounting plugin GitSourceControl
LogPluginManager: Mounting plugin KDevelopSourceCodeAccess
LogPluginManager: Mounting plugin NullSourceCodeAccess
LogPluginManager: Mounting plugin PerforceSourceControl
LogPluginManager: Mounting plugin SubversionSourceControl
LogPluginManager: Mounting plugin UObjectPlugin
LogPluginManager: Mounting plugin VisualStudioCodeSourceCodeAccess
LogPluginManager: Mounting plugin VisualStudioSourceCodeAccess
LogPluginManager: Mounting plugin XCodeSourceCodeAccess
LogPluginManager: Mounting plugin AssetManagerEditor
LogPluginManager: Mounting plugin CryptoKeys
LogPluginManager: Mounting plugin DataValidation
LogPluginManager: Mounting plugin EditorScriptingUtilities
LogPluginManager: Mounting plugin FacialAnimation
LogPluginManager: Mounting plugin GameplayTagsEditor
LogPluginManager: Mounting plugin GLTFImporter
LogPluginManager: Mounting plugin MacGraphicsSwitching
LogPluginManager: Mounting plugin MaterialAnalyzer
LogPluginManager: Mounting plugin MeshEditor
LogPluginManager: Mounting plugin MobileLauncherProfileWizard
LogPluginManager: Mounting plugin PluginBrowser
LogPluginManager: Mounting plugin SpeedTreeImporter
LogPluginManager: Mounting plugin DatasmithContent
LogPluginManager: Mounting plugin VariantManagerContent
LogPluginManager: Mounting plugin AlembicImporter
LogPluginManager: Mounting plugin AppleImageUtils
LogPluginManager: Mounting plugin AppleVision
LogPluginManager: Mounting plugin BackChannel
LogPluginManager: Mounting plugin BlastPlugin
LogPluginManager: Mounting plugin ChaosSolverPlugin
LogPluginManager: Mounting plugin CharacterAI
LogPluginManager: Mounting plugin GeometryCache
LogPluginManager: Mounting plugin GeometryCollectionPlugin
LogPluginManager: Mounting plugin HTML5Networking
LogPluginManager: Mounting plugin ProxyLODPlugin
LogPluginManager: Mounting plugin SkeletalReduction
LogPluginManager: Mounting plugin MagicLeap
LogPluginManager: Mounting plugin MagicLeapMedia
LogPluginManager: Mounting plugin AndroidMedia
LogPluginManager: Mounting plugin AvfMedia
LogPluginManager: Mounting plugin ImgMedia
LogPluginManager: Mounting plugin LinearTimecode
LogPluginManager: Mounting plugin MediaCompositing
LogPluginManager: Mounting plugin MediaPlayerEditor
LogPluginManager: Mounting plugin WebMMedia
LogPluginManager: Mounting plugin WmfMedia
LogPluginManager: Mounting plugin TcpMessaging
LogPluginManager: Mounting plugin UdpMessaging
LogPluginManager: Mounting plugin ActorSequence
LogPluginManager: Mounting plugin LevelSequenceEditor
LogPluginManager: Mounting plugin MatineeToLevelSequence
LogPluginManager: Mounting plugin NetcodeUnitTest
LogPluginManager: Mounting plugin NUTUnrealEngine4
LogPluginManager: Mounting plugin OnlineSubsystemGooglePlay
LogPluginManager: Mounting plugin OnlineSubsystemIOS
LogPluginManager: Mounting plugin OnlineSubsystem
LogPluginManager: Mounting plugin OnlineSubsystemNull
LogPluginManager: Mounting plugin OnlineSubsystemUtils
LogPluginManager: Mounting plugin LauncherChunkInstaller
LogPluginManager: Mounting plugin AndroidDeviceProfileSelector
LogPluginManager: Mounting plugin AndroidMoviePlayer
LogPluginManager: Mounting plugin AndroidPermission
LogPluginManager: Mounting plugin AppleMoviePlayer
LogPluginManager: Mounting plugin ArchVisCharacter
LogPluginManager: Mounting plugin AudioCapture
LogPluginManager: Mounting plugin CableComponent
LogPluginManager: Mounting plugin CustomMeshComponent
LogPluginManager: Mounting plugin EditableMesh
LogPluginManager: Mounting plugin ExampleDeviceProfileSelector
LogPluginManager: Mounting plugin Firebase
LogPluginManager: Mounting plugin GoogleCloudMessaging
LogPluginManager: Mounting plugin IOSDeviceProfileSelector
LogPluginManager: Mounting plugin LinuxDeviceProfileSelector
LogPluginManager: Mounting plugin LocationServicesBPLibrary
LogPluginManager: Mounting plugin MobilePatchingUtils
LogPluginManager: Mounting plugin OculusVR
LogPluginManager: Mounting plugin PhysXVehicles
LogPluginManager: Mounting plugin ProceduralMeshComponent
LogPluginManager: Mounting plugin RuntimePhysXCooking
LogPluginManager: Mounting plugin SignificanceManager
LogPluginManager: Mounting plugin SteamVR
LogPluginManager: Mounting plugin WebMMoviePlayer
LogPluginManager: Mounting plugin WindowsMoviePlayer
LogPluginManager: Mounting plugin DatasmithCADImporter
LogPluginManager: Mounting plugin DatasmithDataPrepEditor
LogPluginManager: Mounting plugin DatasmithFBXImporter
LogPluginManager: Mounting plugin DatasmithGLTFImporter
LogPluginManager: Mounting plugin DatasmithImporter
LogPluginManager: Mounting plugin MDLImporter
LogPluginManager: Mounting plugin StaticMeshEditorExtension
LogPluginManager: Mounting plugin VariantManager
LogInit: Using libcurl 7.55.1-DEV
LogInit:  - built for x86_64-pc-win32
LogInit:  - supports SSL with OpenSSL/1.1.1
LogInit:  - supports HTTP deflate (compression) using libz 1.2.8
LogInit:  - other features:
LogInit:      CURL_VERSION_SSL
LogInit:      CURL_VERSION_LIBZ
LogInit:      CURL_VERSION_IPV6
LogInit:      CURL_VERSION_ASYNCHDNS
LogInit:      CURL_VERSION_LARGEFILE
LogInit:      CURL_VERSION_IDN
LogInit:  CurlRequestOptions (configurable via config and command line):
LogInit:  - bVerifyPeer = true  - Libcurl will verify peer certificate
LogInit:  - bUseHttpProxy = false  - Libcurl will NOT use HTTP proxy
LogInit:  - bDontReuseConnections = false  - Libcurl will reuse connections
LogInit:  - MaxHostConnections = 16  - Libcurl will limit the number of connections to a host
LogInit:  - LocalHostAddr = Default
LogInit:  - BufferSize = 65536
LogInit: WinSock: version 1.1 (2.2), MaxSocks=32767, MaxUdp=65467
LogHMD: Failed initializing OVRPlugin 1.32.0
LogInit: Build: ++UE4+Release-4.22-CL-7053642
LogInit: Engine Version: 4.22.3-7053642+++UE4+Release-4.22
LogInit: Compatible Engine Version: 4.22.0-5660361+++UE4+Release-4.22
LogInit: Net CL: 5660361
LogInit: OS: Windows 10 (Release 1903) (), CPU: Intel(R) Core(TM) i7-6700K CPU @ 4.00GHz, GPU: NVIDIA GeForce RTX 2080
LogInit: Compiled (64-bit): Jun 18 2019 03:09:11
LogInit: Compiled with Visual C++: 19.16.27025.01
LogInit: Build Configuration: Development
LogInit: Branch Name: ++UE4+Release-4.22
LogInit: Command Line:  -skipcompile
LogInit: Base Directory: C:/Program Files/Epic Games/UE_4.22/Engine/Binaries/Win64/
LogInit: Installed Engine Build: 1
LogDevObjectVersion: Number of dev versions registered: 23
LogDevObjectVersion:   Dev-Blueprints (B0D832E4-1F89-4F0D-ACCF-7EB736FD4AA2): 10
LogDevObjectVersion:   Dev-Build (E1C64328-A22C-4D53-A36C-8E866417BD8C): 0
LogDevObjectVersion:   Dev-Core (375EC13C-06E4-48FB-B500-84F0262A717E): 3
LogDevObjectVersion:   Dev-Editor (E4B068ED-F494-42E9-A231-DA0B2E46BB41): 30
LogDevObjectVersion:   Dev-Framework (CFFC743F-43B0-4480-9391-14DF171D2073): 35
LogDevObjectVersion:   Dev-Mobile (B02B49B5-BB20-44E9-A304-32B752E40360): 2
LogDevObjectVersion:   Dev-Networking (A4E4105C-59A1-49B5-A7C5-40C4547EDFEE): 0
LogDevObjectVersion:   Dev-Online (39C831C9-5AE6-47DC-9A44-9C173E1C8E7C): 0
LogDevObjectVersion:   Dev-Physics (78F01B33-EBEA-4F98-B9B4-84EACCB95AA2): 0
LogDevObjectVersion:   Dev-Platform (6631380F-2D4D-43E0-8009-CF276956A95A): 0
LogDevObjectVersion:   Dev-Rendering (12F88B9F-8875-4AFC-A67C-D90C383ABD29): 28
LogDevObjectVersion:   Dev-Sequencer (7B5AE74C-D270-4C10-A958-57980B212A5A): 11
LogDevObjectVersion:   Dev-VR (D7296918-1DD6-4BDD-9DE2-64A83CC13884): 2
LogDevObjectVersion:   Dev-LoadTimes (C2A15278-BFE7-4AFE-6C17-90FF531DF755): 1
LogDevObjectVersion:   Private-Geometry (6EACA3D4-40EC-4CC1-B786-8BED09428FC5): 3
LogDevObjectVersion:   Dev-AnimPhys (29E575DD-E0A3-4627-9D10-D276232CDCEA): 17
LogDevObjectVersion:   Dev-Anim (AF43A65D-7FD3-4947-9873-3E8ED9C1BB05): 2
LogDevObjectVersion:   Dev-ReflectionCapture (6B266CEC-1EC7-4B8F-A30B-E4D90942FC07): 1
LogDevObjectVersion:   Dev-Automation (0DF73D61-A23F-47EA-B727-89E90C41499A): 1
LogDevObjectVersion:   FortniteMain (601D1886-AC64-4F84-AA16-D3DE0DEAC7D6): 25
LogDevObjectVersion:   Dev-Enterprise (9DFFBCD6-494F-0158-E221-12823C92A888): 6
LogDevObjectVersion:   Dev-Niagara (F2AED0AC-9AFE-416F-8664-AA7FFA26D6FC): 1
LogDevObjectVersion:   Dev-Destruction (174F1F0B-B4C6-45A5-B13F-2EE8D0FB917D): 2
LogInit: Presizing for max 16777216 objects, including 0 objects not considered by GC, pre-allocating 0 bytes for permanent pool.
LogInit: Object subsystem initialized
LogConfig: Setting CVar [[con.DebugEarlyDefault:1]]
LogConfig: Setting CVar [[r.setres:1280x720]]
[2020.01.04-17.13.47:835][  0]LogConfig: Setting CVar [[r.VSync:0]]
[2020.01.04-17.13.47:835][  0]LogConfig: Setting CVar [[r.RHICmdBypass:0]]
[2020.01.04-17.13.47:836][  0]LogConfig: Applying CVar settings from Section [/Script/Engine.RendererSettings] File [E:/SeniorProject/PollutionProject/SeniorProject/Saved/Config/Windows/Engine.ini]
[2020.01.04-17.13.47:836][  0]LogConfig: Setting CVar [[r.GPUCrashDebugging:0]]
[2020.01.04-17.13.47:836][  0]LogConfig: Setting CVar [[r.DefaultFeature.AutoExposure.ExtendDefaultLuminanceRange:1]]
[2020.01.04-17.13.47:836][  0]LogConfig: Setting CVar [[r.GenerateMeshDistanceFields:1]]
[2020.01.04-17.13.47:836][  0]LogConfig: Applying CVar settings from Section [/Script/Engine.RendererOverrideSettings] File [E:/SeniorProject/PollutionProject/SeniorProject/Saved/Config/Windows/Engine.ini]
[2020.01.04-17.13.47:836][  0]LogConfig: Applying CVar settings from Section [/Script/Engine.StreamingSettings] File [E:/SeniorProject/PollutionProject/SeniorProject/Saved/Config/Windows/Engine.ini]
[2020.01.04-17.13.47:836][  0]LogConfig: Setting CVar [[s.MinBulkDataSizeForAsyncLoading:131072]]
[2020.01.04-17.13.47:837][  0]LogConfig: Setting CVar [[s.AsyncLoadingThreadEnabled:0]]
[2020.01.04-17.13.47:837][  0]LogConfig: Setting CVar [[s.EventDrivenLoaderEnabled:1]]
[2020.01.04-17.13.47:837][  0]LogConfig: Setting CVar [[s.WarnIfTimeLimitExceeded:0]]
[2020.01.04-17.13.47:837][  0]LogConfig: Setting CVar [[s.TimeLimitExceededMultiplier:1.5]]
[2020.01.04-17.13.47:837][  0]LogConfig: Setting CVar [[s.TimeLimitExceededMinTime:0.005]]
[2020.01.04-17.13.47:837][  0]LogConfig: Setting CVar [[s.UseBackgroundLevelStreaming:1]]
[2020.01.04-17.13.47:837][  0]LogConfig: Setting CVar [[s.PriorityAsyncLoadingExtraTime:15.0]]
[2020.01.04-17.13.47:837][  0]LogConfig: Setting CVar [[s.LevelStreamingActorsUpdateTimeLimit:5.0]]
[2020.01.04-17.13.47:837][  0]LogConfig: Setting CVar [[s.PriorityLevelStreamingActorsUpdateExtraTime:5.0]]
[2020.01.04-17.13.47:837][  0]LogConfig: Setting CVar [[s.LevelStreamingComponentsRegistrationGranularity:10]]
[2020.01.04-17.13.47:837][  0]LogConfig: Setting CVar [[s.UnregisterComponentsTimeLimit:1.0]]
[2020.01.04-17.13.47:837][  0]LogConfig: Setting CVar [[s.LevelStreamingComponentsUnregistrationGranularity:5]]
[2020.01.04-17.13.47:837][  0]LogConfig: Applying CVar settings from Section [/Script/Engine.GarbageCollectionSettings] File [E:/SeniorProject/PollutionProject/SeniorProject/Saved/Config/Windows/Engine.ini]
[2020.01.04-17.13.47:837][  0]LogConfig: Setting CVar [[gc.MaxObjectsNotConsideredByGC:1]]
[2020.01.04-17.13.47:837][  0]LogConfig: Setting CVar [[gc.SizeOfPermanentObjectPool:0]]
[2020.01.04-17.13.47:838][  0]LogConfig: Setting CVar [[gc.FlushStreamingOnGC:0]]
[2020.01.04-17.13.47:838][  0]LogConfig: Setting CVar [[gc.NumRetriesBeforeForcingGC:10]]
[2020.01.04-17.13.47:838][  0]LogConfig: Setting CVar [[gc.AllowParallelGC:1]]
[2020.01.04-17.13.47:838][  0]LogConfig: Setting CVar [[gc.TimeBetweenPurgingPendingKillObjects:61.1]]
[2020.01.04-17.13.47:838][  0]LogConfig: Setting CVar [[gc.MaxObjectsInEditor:16777216]]
[2020.01.04-17.13.47:838][  0]LogConfig: Setting CVar [[gc.IncrementalBeginDestroyEnabled:1]]
[2020.01.04-17.13.47:838][  0]LogConfig: Setting CVar [[gc.CreateGCClusters:1]]
[2020.01.04-17.13.47:838][  0]LogConfig: Setting CVar [[gc.MinGCClusterSize:5]]
[2020.01.04-17.13.47:838][  0]LogConfig: Setting CVar [[gc.ActorClusteringEnabled:0]]
[2020.01.04-17.13.47:838][  0]LogConfig: Setting CVar [[gc.BlueprintClusteringEnabled:0]]
[2020.01.04-17.13.47:838][  0]LogConfig: Setting CVar [[gc.UseDisregardForGCOnDedicatedServers:0]]
[2020.01.04-17.13.47:838][  0]LogConfig: Applying CVar settings from Section [/Script/Engine.NetworkSettings] File [E:/SeniorProject/PollutionProject/SeniorProject/Saved/Config/Windows/Engine.ini]
[2020.01.04-17.13.47:838][  0]LogConfig: Applying CVar settings from Section [/Script/UnrealEd.CookerSettings] File [E:/SeniorProject/PollutionProject/SeniorProject/Saved/Config/Windows/Engine.ini]
[2020.01.04-17.13.47:964][  0]LogConfig: Applying CVar settings from Section [ViewDistanceQuality@3] File [E:/SeniorProject/PollutionProject/SeniorProject/Saved/Config/Windows/Scalability.ini]
[2020.01.04-17.13.47:964][  0]LogConfig: Setting CVar [[r.SkeletalMeshLODBias:0]]
[2020.01.04-17.13.47:964][  0]LogConfig: Setting CVar [[r.ViewDistanceScale:1.0]]
[2020.01.04-17.13.47:964][  0]LogConfig: Applying CVar settings from Section [AntiAliasingQuality@3] File [E:/SeniorProject/PollutionProject/SeniorProject/Saved/Config/Windows/Scalability.ini]
[2020.01.04-17.13.47:964][  0]LogConfig: Setting CVar [[r.PostProcessAAQuality:4]]
[2020.01.04-17.13.47:964][  0]LogConfig: Applying CVar settings from Section [ShadowQuality@3] File [E:/SeniorProject/PollutionProject/SeniorProject/Saved/Config/Windows/Scalability.ini]
[2020.01.04-17.13.47:964][  0]LogConfig: Setting CVar [[r.LightFunctionQuality:1]]
[2020.01.04-17.13.47:964][  0]LogConfig: Setting CVar [[r.ShadowQuality:5]]
[2020.01.04-17.13.47:964][  0]LogConfig: Setting CVar [[r.Shadow.CSM.MaxCascades:10]]
[2020.01.04-17.13.47:964][  0]LogConfig: Setting CVar [[r.Shadow.MaxResolution:2048]]
[2020.01.04-17.13.47:964][  0]LogConfig: Setting CVar [[r.Shadow.MaxCSMResolution:2048]]
[2020.01.04-17.13.47:964][  0]LogConfig: Setting CVar [[r.Shadow.RadiusThreshold:0.01]]
[2020.01.04-17.13.47:964][  0]LogConfig: Setting CVar [[r.Shadow.DistanceScale:1.0]]
[2020.01.04-17.13.47:965][  0]LogConfig: Setting CVar [[r.Shadow.CSM.TransitionScale:1.0]]
[2020.01.04-17.13.47:965][  0]LogConfig: Setting CVar [[r.Shadow.PreShadowResolutionFactor:1.0]]
[2020.01.04-17.13.47:965][  0]LogConfig: Setting CVar [[r.DistanceFieldShadowing:1]]
[2020.01.04-17.13.47:965][  0]LogConfig: Setting CVar [[r.DistanceFieldAO:1]]
[2020.01.04-17.13.47:965][  0]LogConfig: Setting CVar [[r.AOQuality:2]]
[2020.01.04-17.13.47:965][  0]LogConfig: Setting CVar [[r.VolumetricFog:1]]
[2020.01.04-17.13.47:965][  0]LogConfig: Setting CVar [[r.VolumetricFog.GridPixelSize:8]]
[2020.01.04-17.13.47:965][  0]LogConfig: Setting CVar [[r.VolumetricFog.GridSizeZ:128]]
[2020.01.04-17.13.47:965][  0]LogConfig: Setting CVar [[r.VolumetricFog.HistoryMissSupersampleCount:4]]
[2020.01.04-17.13.47:965][  0]LogConfig: Setting CVar [[r.LightMaxDrawDistanceScale:1]]
[2020.01.04-17.13.47:965][  0]LogConfig: Setting CVar [[r.CapsuleShadows:1]]
[2020.01.04-17.13.47:965][  0]LogConfig: Applying CVar settings from Section [PostProcessQuality@3] File [E:/SeniorProject/PollutionProject/SeniorProject/Saved/Config/Windows/Scalability.ini]
[2020.01.04-17.13.47:965][  0]LogConfig: Setting CVar [[r.MotionBlurQuality:4]]
[2020.01.04-17.13.47:965][  0]LogConfig: Setting CVar [[r.AmbientOcclusionMipLevelFactor:0.4]]
[2020.01.04-17.13.47:965][  0]LogConfig: Setting CVar [[r.AmbientOcclusionMaxQuality:100]]
[2020.01.04-17.13.47:965][  0]LogConfig: Setting CVar [[r.AmbientOcclusionLevels:-1]]
[2020.01.04-17.13.47:965][  0]LogConfig: Setting CVar [[r.AmbientOcclusionRadiusScale:1.0]]
[2020.01.04-17.13.47:966][  0]LogConfig: Setting CVar [[r.DepthOfFieldQuality:2]]
[2020.01.04-17.13.47:966][  0]LogConfig: Setting CVar [[r.RenderTargetPoolMin:400]]
[2020.01.04-17.13.47:966][  0]LogConfig: Setting CVar [[r.LensFlareQuality:2]]
[2020.01.04-17.13.47:966][  0]LogConfig: Setting CVar [[r.SceneColorFringeQuality:1]]
[2020.01.04-17.13.47:966][  0]LogConfig: Setting CVar [[r.EyeAdaptationQuality:2]]
[2020.01.04-17.13.47:966][  0]LogConfig: Setting CVar [[r.BloomQuality:5]]
[2020.01.04-17.13.47:966][  0]LogConfig: Setting CVar [[r.FastBlurThreshold:100]]
[2020.01.04-17.13.47:966][  0]LogConfig: Setting CVar [[r.Upscale.Quality:3]]
[2020.01.04-17.13.47:966][  0]LogConfig: Setting CVar [[r.Tonemapper.GrainQuantization:1]]
[2020.01.04-17.13.47:966][  0]LogConfig: Setting CVar [[r.LightShaftQuality:1]]
[2020.01.04-17.13.47:966][  0]LogConfig: Setting CVar [[r.Filter.SizeScale:1]]
[2020.01.04-17.13.47:966][  0]LogConfig: Setting CVar [[r.Tonemapper.Quality:5]]
[2020.01.04-17.13.47:966][  0]LogConfig: Setting CVar [[r.DOF.Gather.AccumulatorQuality:1        ; higher gathering accumulator quality]]
[2020.01.04-17.13.47:966][  0]LogConfig: Setting CVar [[r.DOF.Gather.PostfilterMethod:1          ; Median3x3 postfilering method]]
[2020.01.04-17.13.47:966][  0]LogConfig: Setting CVar [[r.DOF.Gather.EnableBokehSettings:0       ; no bokeh simulation when gathering]]
[2020.01.04-17.13.47:966][  0]LogConfig: Setting CVar [[r.DOF.Gather.RingCount:4                 ; medium number of samples when gathering]]
[2020.01.04-17.13.47:966][  0]LogConfig: Setting CVar [[r.DOF.Scatter.ForegroundCompositing:1    ; additive foreground scattering]]
[2020.01.04-17.13.47:966][  0]LogConfig: Setting CVar [[r.DOF.Scatter.BackgroundCompositing:2    ; additive background scattering]]
[2020.01.04-17.13.47:967][  0]LogConfig: Setting CVar [[r.DOF.Scatter.EnableBokehSettings:1      ; bokeh simulation when scattering]]
[2020.01.04-17.13.47:967][  0]LogConfig: Setting CVar [[r.DOF.Scatter.MaxSpriteRatio:0.1         ; only a maximum of 10% of scattered bokeh]]
[2020.01.04-17.13.47:967][  0]LogConfig: Setting CVar [[r.DOF.Recombine.Quality:1                ; cheap slight out of focus]]
[2020.01.04-17.13.47:967][  0]LogConfig: Setting CVar [[r.DOF.Recombine.EnableBokehSettings:0    ; no bokeh simulation on slight out of focus]]
[2020.01.04-17.13.47:967][  0]LogConfig: Setting CVar [[r.DOF.TemporalAAQuality:1                ; more stable temporal accumulation]]
[2020.01.04-17.13.47:967][  0]LogConfig: Setting CVar [[r.DOF.Kernel.MaxForegroundRadius:0.025]]
[2020.01.04-17.13.47:967][  0]LogConfig: Setting CVar [[r.DOF.Kernel.MaxBackgroundRadius:0.025]]
[2020.01.04-17.13.47:967][  0]LogConfig: Applying CVar settings from Section [TextureQuality@3] File [E:/SeniorProject/PollutionProject/SeniorProject/Saved/Config/Windows/Scalability.ini]
[2020.01.04-17.13.47:967][  0]LogConfig: Setting CVar [[r.Streaming.MipBias:0]]
[2020.01.04-17.13.47:967][  0]LogConfig: Setting CVar [[r.Streaming.AmortizeCPUToGPUCopy:0]]
[2020.01.04-17.13.47:967][  0]LogConfig: Setting CVar [[r.Streaming.MaxNumTexturesToStreamPerFrame:0]]
[2020.01.04-17.13.47:967][  0]LogConfig: Setting CVar [[r.Streaming.Boost:1]]
[2020.01.04-17.13.47:967][  0]LogConfig: Setting CVar [[r.MaxAnisotropy:8]]
[2020.01.04-17.13.47:967][  0]LogConfig: Setting CVar [[r.Streaming.LimitPoolSizeToVRAM:0]]
[2020.01.04-17.13.47:967][  0]LogConfig: Setting CVar [[r.Streaming.PoolSize:1000]]
[2020.01.04-17.13.47:967][  0]LogConfig: Setting CVar [[r.Streaming.MaxEffectiveScreenSize:0]]
[2020.01.04-17.13.47:967][  0]LogConfig: Applying CVar settings from Section [EffectsQuality@3] File [E:/SeniorProject/PollutionProject/SeniorProject/Saved/Config/Windows/Scalability.ini]
[2020.01.04-17.13.47:968][  0]LogConfig: Setting CVar [[r.TranslucencyLightingVolumeDim:64]]
[2020.01.04-17.13.47:968][  0]LogConfig: Setting CVar [[r.RefractionQuality:2]]
[2020.01.04-17.13.47:968][  0]LogConfig: Setting CVar [[r.SSR.Quality:3]]
[2020.01.04-17.13.47:968][  0]LogConfig: Setting CVar [[r.SceneColorFormat:4]]
[2020.01.04-17.13.47:968][  0]LogConfig: Setting CVar [[r.DetailMode:2]]
[2020.01.04-17.13.47:968][  0]LogConfig: Setting CVar [[r.TranslucencyVolumeBlur:1]]
[2020.01.04-17.13.47:968][  0]LogConfig: Setting CVar [[r.MaterialQualityLevel:1 ; High quality]]
[2020.01.04-17.13.47:968][  0]LogConfig: Setting CVar [[r.SSS.Scale:1]]
[2020.01.04-17.13.47:968][  0]LogConfig: Setting CVar [[r.SSS.SampleSet:2]]
[2020.01.04-17.13.47:968][  0]LogConfig: Setting CVar [[r.SSS.Quality:1]]
[2020.01.04-17.13.47:968][  0]LogConfig: Setting CVar [[r.SSS.HalfRes:1]]
[2020.01.04-17.13.47:968][  0]LogConfig: Setting CVar [[r.EmitterSpawnRateScale:1.0]]
[2020.01.04-17.13.47:968][  0]LogConfig: Setting CVar [[r.ParticleLightQuality:2]]
[2020.01.04-17.13.47:968][  0]LogConfig: Applying CVar settings from Section [FoliageQuality@3] File [E:/SeniorProject/PollutionProject/SeniorProject/Saved/Config/Windows/Scalability.ini]
[2020.01.04-17.13.47:968][  0]LogConfig: Setting CVar [[foliage.DensityScale:1.0]]
[2020.01.04-17.13.47:968][  0]LogConfig: Setting CVar [[grass.DensityScale:1.0]]
[2020.01.04-17.13.47:987][  0]LogInit: Selected Device Profile: [Windows]
[2020.01.04-17.13.47:993][  0]LogInit: Applying CVar settings loaded from the selected device profile: [Windows]
[2020.01.04-17.13.48:163][  0]LogHAL: Display: Platform has ~ 16 GB [17116258304 / 17179869184 / 16], which maps to Larger [LargestMinGB=32, LargerMinGB=12, DefaultMinGB=8, SmallerMinGB=6, SmallestMinGB=0)
[2020.01.04-17.13.48:164][  0]LogConfig: Setting CVar [[r.Vulkan.UseRealUBs:0		; Required until we fix HLR fall-out]]
[2020.01.04-17.13.48:164][  0]LogInit: Going up to parent DeviceProfile []
[2020.01.04-17.13.48:164][  0]LogConfig: Applying CVar settings from Section [ViewDistanceQuality@3] File [E:/SeniorProject/PollutionProject/SeniorProject/Saved/Config/Windows/Scalability.ini]
[2020.01.04-17.13.48:164][  0]LogConfig: Setting CVar [[r.SkeletalMeshLODBias:0]]
[2020.01.04-17.13.48:164][  0]LogConfig: Setting CVar [[r.ViewDistanceScale:1.0]]
[2020.01.04-17.13.48:165][  0]LogConfig: Applying CVar settings from Section [AntiAliasingQuality@3] File [E:/SeniorProject/PollutionProject/SeniorProject/Saved/Config/Windows/Scalability.ini]
[2020.01.04-17.13.48:165][  0]LogConfig: Setting CVar [[r.PostProcessAAQuality:4]]
[2020.01.04-17.13.48:165][  0]LogConfig: Applying CVar settings from Section [ShadowQuality@3] File [E:/SeniorProject/PollutionProject/SeniorProject/Saved/Config/Windows/Scalability.ini]
[2020.01.04-17.13.48:165][  0]LogConfig: Setting CVar [[r.LightFunctionQuality:1]]
[2020.01.04-17.13.48:165][  0]LogConfig: Setting CVar [[r.ShadowQuality:5]]
[2020.01.04-17.13.48:165][  0]LogConfig: Setting CVar [[r.Shadow.CSM.MaxCascades:10]]
[2020.01.04-17.13.48:165][  0]LogConfig: Setting CVar [[r.Shadow.MaxResolution:2048]]
[2020.01.04-17.13.48:165][  0]LogConfig: Setting CVar [[r.Shadow.MaxCSMResolution:2048]]
[2020.01.04-17.13.48:165][  0]LogConfig: Setting CVar [[r.Shadow.RadiusThreshold:0.01]]
[2020.01.04-17.13.48:165][  0]LogConfig: Setting CVar [[r.Shadow.DistanceScale:1.0]]
[2020.01.04-17.13.48:165][  0]LogConfig: Setting CVar [[r.Shadow.CSM.TransitionScale:1.0]]
[2020.01.04-17.13.48:165][  0]LogConfig: Setting CVar [[r.Shadow.PreShadowResolutionFactor:1.0]]
[2020.01.04-17.13.48:165][  0]LogConfig: Setting CVar [[r.DistanceFieldShadowing:1]]
[2020.01.04-17.13.48:165][  0]LogConfig: Setting CVar [[r.DistanceFieldAO:1]]
[2020.01.04-17.13.48:165][  0]LogConfig: Setting CVar [[r.AOQuality:2]]
[2020.01.04-17.13.48:165][  0]LogConfig: Setting CVar [[r.VolumetricFog:1]]
[2020.01.04-17.13.48:166][  0]LogConfig: Setting CVar [[r.VolumetricFog.GridPixelSize:8]]
[2020.01.04-17.13.48:166][  0]LogConfig: Setting CVar [[r.VolumetricFog.GridSizeZ:128]]
[2020.01.04-17.13.48:166][  0]LogConfig: Setting CVar [[r.VolumetricFog.HistoryMissSupersampleCount:4]]
[2020.01.04-17.13.48:166][  0]LogConfig: Setting CVar [[r.LightMaxDrawDistanceScale:1]]
[2020.01.04-17.13.48:166][  0]LogConfig: Setting CVar [[r.CapsuleShadows:1]]
[2020.01.04-17.13.48:166][  0]LogConfig: Applying CVar settings from Section [PostProcessQuality@3] File [E:/SeniorProject/PollutionProject/SeniorProject/Saved/Config/Windows/Scalability.ini]
[2020.01.04-17.13.48:166][  0]LogConfig: Setting CVar [[r.MotionBlurQuality:4]]
[2020.01.04-17.13.48:166][  0]LogConfig: Setting CVar [[r.AmbientOcclusionMipLevelFactor:0.4]]
[2020.01.04-17.13.48:166][  0]LogConfig: Setting CVar [[r.AmbientOcclusionMaxQuality:100]]
[2020.01.04-17.13.48:166][  0]LogConfig: Setting CVar [[r.AmbientOcclusionLevels:-1]]
[2020.01.04-17.13.48:166][  0]LogConfig: Setting CVar [[r.AmbientOcclusionRadiusScale:1.0]]
[2020.01.04-17.13.48:166][  0]LogConfig: Setting CVar [[r.DepthOfFieldQuality:2]]
[2020.01.04-17.13.48:166][  0]LogConfig: Setting CVar [[r.RenderTargetPoolMin:400]]
[2020.01.04-17.13.48:166][  0]LogConfig: Setting CVar [[r.LensFlareQuality:2]]
[2020.01.04-17.13.48:166][  0]LogConfig: Setting CVar [[r.SceneColorFringeQuality:1]]
[2020.01.04-17.13.48:166][  0]LogConfig: Setting CVar [[r.EyeAdaptationQuality:2]]
[2020.01.04-17.13.48:166][  0]LogConfig: Setting CVar [[r.BloomQuality:5]]
[2020.01.04-17.13.48:166][  0]LogConfig: Setting CVar [[r.FastBlurThreshold:100]]
[2020.01.04-17.13.48:167][  0]LogConfig: Setting CVar [[r.Upscale.Quality:3]]
[2020.01.04-17.13.48:167][  0]LogConfig: Setting CVar [[r.Tonemapper.GrainQuantization:1]]
[2020.01.04-17.13.48:167][  0]LogConfig: Setting CVar [[r.LightShaftQuality:1]]
[2020.01.04-17.13.48:167][  0]LogConfig: Setting CVar [[r.Filter.SizeScale:1]]
[2020.01.04-17.13.48:167][  0]LogConfig: Setting CVar [[r.Tonemapper.Quality:5]]
[2020.01.04-17.13.48:167][  0]LogConfig: Setting CVar [[r.DOF.Gather.AccumulatorQuality:1        ; higher gathering accumulator quality]]
[2020.01.04-17.13.48:167][  0]LogConfig: Setting CVar [[r.DOF.Gather.PostfilterMethod:1          ; Median3x3 postfilering method]]
[2020.01.04-17.13.48:167][  0]LogConfig: Setting CVar [[r.DOF.Gather.EnableBokehSettings:0       ; no bokeh simulation when gathering]]
[2020.01.04-17.13.48:167][  0]LogConfig: Setting CVar [[r.DOF.Gather.RingCount:4                 ; medium number of samples when gathering]]
[2020.01.04-17.13.48:167][  0]LogConfig: Setting CVar [[r.DOF.Scatter.ForegroundCompositing:1    ; additive foreground scattering]]
[2020.01.04-17.13.48:167][  0]LogConfig: Setting CVar [[r.DOF.Scatter.BackgroundCompositing:2    ; additive background scattering]]
[2020.01.04-17.13.48:167][  0]LogConfig: Setting CVar [[r.DOF.Scatter.EnableBokehSettings:1      ; bokeh simulation when scattering]]
[2020.01.04-17.13.48:167][  0]LogConfig: Setting CVar [[r.DOF.Scatter.MaxSpriteRatio:0.1         ; only a maximum of 10% of scattered bokeh]]
[2020.01.04-17.13.48:167][  0]LogConfig: Setting CVar [[r.DOF.Recombine.Quality:1                ; cheap slight out of focus]]
[2020.01.04-17.13.48:167][  0]LogConfig: Setting CVar [[r.DOF.Recombine.EnableBokehSettings:0    ; no bokeh simulation on slight out of focus]]
[2020.01.04-17.13.48:167][  0]LogConfig: Setting CVar [[r.DOF.TemporalAAQuality:1                ; more stable temporal accumulation]]
[2020.01.04-17.13.48:167][  0]LogConfig: Setting CVar [[r.DOF.Kernel.MaxForegroundRadius:0.025]]
[2020.01.04-17.13.48:167][  0]LogConfig: Setting CVar [[r.DOF.Kernel.MaxBackgroundRadius:0.025]]
[2020.01.04-17.13.48:167][  0]LogConfig: Applying CVar settings from Section [TextureQuality@3] File [E:/SeniorProject/PollutionProject/SeniorProject/Saved/Config/Windows/Scalability.ini]
[2020.01.04-17.13.48:168][  0]LogConfig: Setting CVar [[r.Streaming.MipBias:0]]
[2020.01.04-17.13.48:168][  0]LogConfig: Setting CVar [[r.Streaming.AmortizeCPUToGPUCopy:0]]
[2020.01.04-17.13.48:168][  0]LogConfig: Setting CVar [[r.Streaming.MaxNumTexturesToStreamPerFrame:0]]
[2020.01.04-17.13.48:168][  0]LogConfig: Setting CVar [[r.Streaming.Boost:1]]
[2020.01.04-17.13.48:168][  0]LogConfig: Setting CVar [[r.MaxAnisotropy:8]]
[2020.01.04-17.13.48:168][  0]LogConfig: Setting CVar [[r.Streaming.LimitPoolSizeToVRAM:0]]
[2020.01.04-17.13.48:168][  0]LogConfig: Setting CVar [[r.Streaming.PoolSize:1000]]
[2020.01.04-17.13.48:168][  0]LogConfig: Setting CVar [[r.Streaming.MaxEffectiveScreenSize:0]]
[2020.01.04-17.13.48:168][  0]LogConfig: Applying CVar settings from Section [EffectsQuality@3] File [E:/SeniorProject/PollutionProject/SeniorProject/Saved/Config/Windows/Scalability.ini]
[2020.01.04-17.13.48:168][  0]LogConfig: Setting CVar [[r.TranslucencyLightingVolumeDim:64]]
[2020.01.04-17.13.48:168][  0]LogConfig: Setting CVar [[r.RefractionQuality:2]]
[2020.01.04-17.13.48:168][  0]LogConfig: Setting CVar [[r.SSR.Quality:3]]
[2020.01.04-17.13.48:168][  0]LogConfig: Setting CVar [[r.SceneColorFormat:4]]
[2020.01.04-17.13.48:168][  0]LogConfig: Setting CVar [[r.DetailMode:2]]
[2020.01.04-17.13.48:168][  0]LogConfig: Setting CVar [[r.TranslucencyVolumeBlur:1]]
[2020.01.04-17.13.48:168][  0]LogConfig: Setting CVar [[r.MaterialQualityLevel:1 ; High quality]]
[2020.01.04-17.13.48:169][  0]LogConfig: Setting CVar [[r.SSS.Scale:1]]
[2020.01.04-17.13.48:169][  0]LogConfig: Setting CVar [[r.SSS.SampleSet:2]]
[2020.01.04-17.13.48:169][  0]LogConfig: Setting CVar [[r.SSS.Quality:1]]
[2020.01.04-17.13.48:169][  0]LogConfig: Setting CVar [[r.SSS.HalfRes:1]]
[2020.01.04-17.13.48:169][  0]LogConfig: Setting CVar [[r.EmitterSpawnRateScale:1.0]]
[2020.01.04-17.13.48:169][  0]LogConfig: Setting CVar [[r.ParticleLightQuality:2]]
[2020.01.04-17.13.48:169][  0]LogConfig: Applying CVar settings from Section [FoliageQuality@3] File [E:/SeniorProject/PollutionProject/SeniorProject/Saved/Config/Windows/Scalability.ini]
[2020.01.04-17.13.48:169][  0]LogConfig: Setting CVar [[foliage.DensityScale:1.0]]
[2020.01.04-17.13.48:169][  0]LogConfig: Setting CVar [[grass.DensityScale:1.0]]
[2020.01.04-17.13.48:169][  0]LogConfig: Applying CVar settings from Section [Startup] File [../../../Engine/Config/ConsoleVariables.ini]
[2020.01.04-17.13.48:169][  0]LogConfig: Setting CVar [[net.UseAdaptiveNetUpdateFrequency:0]]
[2020.01.04-17.13.48:170][  0]LogConfig: Setting CVar [[p.chaos.AllowCreatePhysxBodies:1]]
[2020.01.04-17.13.48:170][  0]LogConfig: Applying CVar settings from Section [ConsoleVariables] File [E:/SeniorProject/PollutionProject/SeniorProject/Saved/Config/Windows/Engine.ini]
[2020.01.04-17.13.48:183][  0]LogInit: Computer: GREGSPC
[2020.01.04-17.13.48:183][  0]LogInit: User: Gregory
[2020.01.04-17.13.48:183][  0]LogInit: CPU Page size=4096, Cores=4
[2020.01.04-17.13.48:183][  0]LogInit: High frequency timer resolution =10.000000 MHz
[2020.01.04-17.13.48:191][  0]LogMemory: Memory total: Physical=15.9GB (16GB approx)
[2020.01.04-17.13.48:191][  0]LogMemory: Platform Memory Stats for Windows
[2020.01.04-17.13.48:191][  0]LogMemory: Process Physical Memory: 104.50 MB used, 104.50 MB peak
[2020.01.04-17.13.48:191][  0]LogMemory: Process Virtual Memory: 105.50 MB used, 105.50 MB peak
[2020.01.04-17.13.48:191][  0]LogMemory: Physical Memory: 9890.22 MB used,  6433.11 MB free, 16323.34 MB total
[2020.01.04-17.13.48:191][  0]LogMemory: Virtual Memory: 4674.71 MB used,  134213056.00 MB free, 134217728.00 MB total
[2020.01.04-17.13.49:749][  0]LogInit: Using OS detected language (en-US).
[2020.01.04-17.13.49:749][  0]LogInit: Using OS detected locale (en-US).
[2020.01.04-17.13.49:770][  0]LogTextLocalizationManager: No specific localization for 'en-US' exists, so the 'en' localization will be used.
[2020.01.04-17.13.50:472][  0]LogInit: Setting process to per monitor DPI aware
[2020.01.04-17.13.51:377][  0]LogSlate: New Slate User Created.  User Index 0, Is Virtual User: 0
[2020.01.04-17.13.51:377][  0]LogSlate: Slate User Registered.  User Index 0, Is Virtual User: 0
[2020.01.04-17.13.56:958][  0]LogHMD: Failed to initialize OpenVR with code 126
[2020.01.04-17.13.56:958][  0]LogD3D11RHI: D3D11 adapters:
[2020.01.04-17.13.57:284][  0]LogD3D11RHI:    0. 'NVIDIA GeForce RTX 2080' (Feature Level 11_0)
[2020.01.04-17.13.57:284][  0]LogD3D11RHI:       8010/0/8161 MB DedicatedVideo/DedicatedSystem/SharedSystem, Outputs:4, VendorId:0x10de
[2020.01.04-17.13.57:327][  0]LogD3D11RHI:    1. 'Microsoft Basic Render Driver' (Feature Level 11_0)
[2020.01.04-17.13.57:327][  0]LogD3D11RHI:       0/0/8161 MB DedicatedVideo/DedicatedSystem/SharedSystem, Outputs:0, VendorId:0x1414
[2020.01.04-17.13.57:328][  0]LogD3D11RHI: Chosen D3D11 Adapter: 0
[2020.01.04-17.13.57:336][  0]LogD3D11RHI: Creating new Direct3DDevice
[2020.01.04-17.13.57:336][  0]LogD3D11RHI:     GPU DeviceId: 0x1e87 (for the marketing name, search the web for "GPU Device Id")
[2020.01.04-17.13.57:340][  0]LogWindows: EnumDisplayDevices:
[2020.01.04-17.13.57:340][  0]LogWindows:    0. 'NVIDIA GeForce RTX 2080' (P:1 D:1)
[2020.01.04-17.13.57:340][  0]LogWindows:    1. 'NVIDIA GeForce RTX 2080' (P:0 D:1)
[2020.01.04-17.13.57:340][  0]LogWindows:    2. 'NVIDIA GeForce RTX 2080' (P:0 D:1)
[2020.01.04-17.13.57:341][  0]LogWindows:    3. 'NVIDIA GeForce RTX 2080' (P:0 D:1)
[2020.01.04-17.13.57:341][  0]LogWindows: DebugString: FoundDriverCount:4 
[2020.01.04-17.13.57:341][  0]LogD3D11RHI:     Adapter Name: NVIDIA GeForce RTX 2080
[2020.01.04-17.13.57:352][  0]LogD3D11RHI:   Driver Version: 432.00 (internal:26.21.14.3200, unified:432.00)
[2020.01.04-17.13.57:352][  0]LogD3D11RHI:      Driver Date: 7-24-2019
[2020.01.04-17.13.57:352][  0]LogRHI: Texture pool is 5607 MB (70% of 8010 MB)
[2020.01.04-17.13.57:499][  0]LogD3D11RHI: Async texture creation enabled
[2020.01.04-17.13.57:807][  0]LogRendererCore: FGlobalReadBuffer::InitRHI
[2020.01.04-17.13.57:817][  0]LogRendererCore: FGlobalReadBuffer::InitRHI
[2020.01.04-17.13.57:817][  0]LogRendererCore: FGlobalReadBuffer::InitRHI
[2020.01.04-17.13.57:874][  0]LogD3D11RHI: GPU Timing Frequency: 1000.000000 (Debug: 2 1)
[2020.01.04-17.13.58:709][  0]LogTemp: Display: Module 'AllDesktopTargetPlatform' loaded TargetPlatform 'AllDesktop'
[2020.01.04-17.13.58:787][  0]LogTemp: Display: Module 'MacClientTargetPlatform' loaded TargetPlatform 'MacClient'
[2020.01.04-17.13.58:867][  0]LogTemp: Display: Module 'MacNoEditorTargetPlatform' loaded TargetPlatform 'MacNoEditor'
[2020.01.04-17.13.59:034][  0]LogTemp: Display: Module 'MacServerTargetPlatform' loaded TargetPlatform 'MacServer'
[2020.01.04-17.13.59:150][  0]LogTemp: Display: Module 'MacTargetPlatform' loaded TargetPlatform 'Mac'
[2020.01.04-17.13.59:407][  0]LogTemp: Display: Module 'WindowsClientTargetPlatform' loaded TargetPlatform 'WindowsClient'
[2020.01.04-17.13.59:850][  0]LogTemp: Display: Module 'WindowsNoEditorTargetPlatform' loaded TargetPlatform 'WindowsNoEditor'
[2020.01.04-17.14.00:093][  0]LogTemp: Display: Module 'WindowsServerTargetPlatform' loaded TargetPlatform 'WindowsServer'
[2020.01.04-17.14.00:236][  0]LogTemp: Display: Module 'WindowsTargetPlatform' loaded TargetPlatform 'Windows'
[2020.01.04-17.14.00:364][  0]LogTemp: Display: Module 'AndroidTargetPlatform' loaded TargetPlatform 'Android'
[2020.01.04-17.14.00:364][  0]LogTemp: Display: Module 'AndroidTargetPlatform' loaded TargetPlatform 'Android_ASTC'
[2020.01.04-17.14.00:364][  0]LogTemp: Display: Module 'AndroidTargetPlatform' loaded TargetPlatform 'Android_ATC'
[2020.01.04-17.14.00:364][  0]LogTemp: Display: Module 'AndroidTargetPlatform' loaded TargetPlatform 'Android_DXT'
[2020.01.04-17.14.00:364][  0]LogTemp: Display: Module 'AndroidTargetPlatform' loaded TargetPlatform 'Android_ETC1'
[2020.01.04-17.14.00:364][  0]LogTemp: Display: Module 'AndroidTargetPlatform' loaded TargetPlatform 'Android_ETC1a'
[2020.01.04-17.14.00:364][  0]LogTemp: Display: Module 'AndroidTargetPlatform' loaded TargetPlatform 'Android_ETC2'
[2020.01.04-17.14.00:364][  0]LogTemp: Display: Module 'AndroidTargetPlatform' loaded TargetPlatform 'Android_PVRTC'
[2020.01.04-17.14.00:364][  0]LogTemp: Display: Module 'AndroidTargetPlatform' loaded TargetPlatform 'AndroidClient'
[2020.01.04-17.14.00:364][  0]LogTemp: Display: Module 'AndroidTargetPlatform' loaded TargetPlatform 'Android_ASTCClient'
[2020.01.04-17.14.00:365][  0]LogTemp: Display: Module 'AndroidTargetPlatform' loaded TargetPlatform 'Android_ATCClient'
[2020.01.04-17.14.00:365][  0]LogTemp: Display: Module 'AndroidTargetPlatform' loaded TargetPlatform 'Android_DXTClient'
[2020.01.04-17.14.00:365][  0]LogTemp: Display: Module 'AndroidTargetPlatform' loaded TargetPlatform 'Android_ETC1Client'
[2020.01.04-17.14.00:365][  0]LogTemp: Display: Module 'AndroidTargetPlatform' loaded TargetPlatform 'Android_ETC1aClient'
[2020.01.04-17.14.00:365][  0]LogTemp: Display: Module 'AndroidTargetPlatform' loaded TargetPlatform 'Android_ETC2Client'
[2020.01.04-17.14.00:365][  0]LogTemp: Display: Module 'AndroidTargetPlatform' loaded TargetPlatform 'Android_PVRTCClient'
[2020.01.04-17.14.00:365][  0]LogTemp: Display: Module 'AndroidTargetPlatform' loaded TargetPlatform 'Android_Multi'
[2020.01.04-17.14.00:365][  0]LogTemp: Display: Module 'AndroidTargetPlatform' loaded TargetPlatform 'Android_MultiClient'
[2020.01.04-17.14.00:390][  0]LogTemp: Display: Module 'HTML5TargetPlatform' loaded TargetPlatform 'HTML5'
[2020.01.04-17.14.00:620][  0]LogTemp: Display: Module 'IOSTargetPlatform' loaded TargetPlatform 'IOSClient'
[2020.01.04-17.14.00:620][  0]LogTemp: Display: Module 'IOSTargetPlatform' loaded TargetPlatform 'IOS'
[2020.01.04-17.14.00:671][  0]LogTemp: Display: Module 'TVOSTargetPlatform' loaded TargetPlatform 'TVOSClient'
[2020.01.04-17.14.00:671][  0]LogTemp: Display: Module 'TVOSTargetPlatform' loaded TargetPlatform 'TVOS'
[2020.01.04-17.14.00:716][  0]LogTemp: Display: Module 'LinuxClientTargetPlatform' loaded TargetPlatform 'LinuxClient'
[2020.01.04-17.14.00:761][  0]LogTemp: Display: Module 'LinuxNoEditorTargetPlatform' loaded TargetPlatform 'LinuxNoEditor'
[2020.01.04-17.14.00:799][  0]LogTemp: Display: Module 'LinuxServerTargetPlatform' loaded TargetPlatform 'LinuxServer'
[2020.01.04-17.14.00:868][  0]LogTemp: Display: Module 'LinuxTargetPlatform' loaded TargetPlatform 'Linux'
[2020.01.04-17.14.00:941][  0]LogTemp: Display: Module 'LuminTargetPlatform' loaded TargetPlatform 'Lumin'
[2020.01.04-17.14.00:941][  0]LogTemp: Display: Module 'LuminTargetPlatform' loaded TargetPlatform 'LuminClient'
[2020.01.04-17.14.00:941][  0]LogTargetPlatformManager: Display: Building Assets For Windows
[2020.01.04-17.14.01:346][  0]LogAudioDebug: Display: Lib vorbis DLL was dynamically loaded.
[2020.01.04-17.14.04:792][  0]LogShaderCompilers: Guid format shader working directory is 1 characters bigger than the processId version (E:/SeniorProject/PollutionProject/SeniorProject/Intermediate/Shaders/WorkingDirectory/3276/).
[2020.01.04-17.14.04:792][  0]LogShaderCompilers: Cleaned the shader compiler working directory 'C:/Users/Gregory/AppData/Local/Temp/UnrealShaderWorkingDir/7FBA47C3457F73BEF84BF5B23DB3919A/'.
[2020.01.04-17.14.04:828][  0]LogXGEController: Cleaning working directory: C:/Users/Gregory/AppData/Local/Temp/UnrealXGEWorkingDir/
[2020.01.04-17.14.04:829][  0]LogXGEController: Cannot use XGE Controller as Incredibuild is not installed on this machine.
[2020.01.04-17.14.04:830][  0]LogShaderCompilers: Cannot use XGE Shader Compiler as Incredibuild is not installed on this machine.
[2020.01.04-17.14.04:830][  0]LogShaderCompilers: Display: Using Local Shader Compiler.
[2020.01.04-17.14.18:024][  0]LogDerivedDataCache: Display: Max Cache Size: 512 MB
[2020.01.04-17.14.19:051][  0]LogDerivedDataCache: Loaded boot cache 1.01s 73MB C:/Users/Gregory/AppData/Local/UnrealEngine/4.22/DerivedDataCache/Boot.ddc.
[2020.01.04-17.14.19:051][  0]LogDerivedDataCache: Display: Loaded Boot cache: C:/Users/Gregory/AppData/Local/UnrealEngine/4.22/DerivedDataCache/Boot.ddc
[2020.01.04-17.14.19:051][  0]LogDerivedDataCache: FDerivedDataBackendGraph:  Pak pak cache file E:/SeniorProject/PollutionProject/SeniorProject/DerivedDataCache/DDC.ddp not found, will not use a pak cache.
[2020.01.04-17.14.19:051][  0]LogDerivedDataCache: Unable to find inner node Pak for hierarchical cache Hierarchy.
[2020.01.04-17.14.19:052][  0]LogDerivedDataCache: FDerivedDataBackendGraph:  CompressedPak pak cache file E:/SeniorProject/PollutionProject/SeniorProject/DerivedDataCache/Compressed.ddp not found, will not use a pak cache.
[2020.01.04-17.14.19:052][  0]LogDerivedDataCache: Unable to find inner node CompressedPak for hierarchical cache Hierarchy.
[2020.01.04-17.14.19:165][  0]LogDerivedDataCache: Display: Pak cache opened for reading ../../../Engine/DerivedDataCache/Compressed.ddp.
[2020.01.04-17.14.19:222][  0]LogDerivedDataCache: Display: Pak cache opened for reading ../../../Enterprise/DerivedDataCache/Compressed.ddp.
[2020.01.04-17.14.19:271][  0]LogDerivedDataCache: Using Local data cache path C:/Users/Gregory/AppData/Local/UnrealEngine/Common/DerivedDataCache: Writable
[2020.01.04-17.14.19:271][  0]LogDerivedDataCache: Shared data cache path not found in *engine.ini, will not use an Shared cache.
[2020.01.04-17.14.19:271][  0]LogDerivedDataCache: Unable to find inner node Shared for hierarchical cache Hierarchy.
[2020.01.04-17.14.19:334][  0]LogMaterial: Verifying Global Shaders for PCD3D_SM5
[2020.01.04-17.14.19:429][  0]LogSlate: Using FreeType 2.6.0
[2020.01.04-17.14.19:620][  0]LogSlate: SlateFontServices - WITH_FREETYPE: 1, WITH_HARFBUZZ: 1
[2020.01.04-17.14.21:397][  0]LogAssetRegistry: FAssetRegistry took 0.0537 seconds to start up
[2020.01.04-17.14.27:077][  0]LogInit: Selected Device Profile: [Windows]
[2020.01.04-17.14.29:485][  0]LogMeshReduction: Using QuadricMeshReduction for automatic static mesh reduction
[2020.01.04-17.14.29:485][  0]LogMeshReduction: Using SimplygonMeshReduction for automatic skeletal mesh reduction
[2020.01.04-17.14.29:485][  0]LogMeshReduction: Using ProxyLODMeshReduction for automatic mesh merging
[2020.01.04-17.14.29:485][  0]LogMeshReduction: No distributed automatic mesh merging module available
[2020.01.04-17.14.29:486][  0]LogMeshMerging: No distributed automatic mesh merging module available
[2020.01.04-17.14.30:656][  0]LogNetVersion: SeniorProject 1.0.0, NetCL: 5660361, EngineNetVer: 10, GameNetVer: 0 (Checksum: 993350713)
[2020.01.04-17.14.39:993][  0]LogPackageLocalizationCache: Processed 16 localized package path(s) for 1 prioritized culture(s) in 0.235550 seconds
[2020.01.04-17.14.40:032][  0]LogUObjectArray: 42205 objects as part of root set at end of initial load.
[2020.01.04-17.14.40:032][  0]LogUObjectAllocator: 7325032 out of 0 bytes used by permanent object pool.
[2020.01.04-17.14.40:032][  0]LogUObjectArray: CloseDisregardForGC: 0/0 objects in disregard for GC pool
[2020.01.04-17.15.11:652][  0]LogTcpMessaging: Initializing TcpMessaging bridge
[2020.01.04-17.15.11:777][  0]LogUdpMessaging: Initializing bridge on interface 0.0.0.0:0 to multicast group 230.0.0.1:6666.
[2020.01.04-17.15.13:351][  0]LogOutputDevice: Error: Ensure condition failed: AttachmentRules.LocationRule == EAttachmentRule::KeepRelative && AttachmentRules.RotationRule == EAttachmentRule::KeepRelative && AttachmentRules.ScaleRule == EAttachmentRule::KeepRelative [File:D:\Build\++UE4\Sync\Engine\Source\Runtime\Engine\Private\Components\SceneComponent.cpp] [Line: 1786] 
AttachToComponent when called from a constructor is only setting up attachment and will always be treated as KeepRelative. Consider calling SetupAttachment directly instead.

[2020.01.04-17.15.13:351][  0]LogStats:             FDebug::EnsureFailed -  0.010 s
[2020.01.04-17.15.36:030][  0]SourceControl: Source control is disabled
[2020.01.04-17.15.45:773][  0]LogAndroidPermission: UAndroidPermissionCallbackProxy::GetInstance
[2020.01.04-17.15.47:054][  0]LogOcInput: OculusInput pre-init called
[2020.01.04-17.16.04:241][  0]LogWindows: Failed to load 'libalias_api.dll' (GetLastError=126)
[2020.01.04-17.16.04:241][  0]LogWindows: File 'libalias_api.dll' does not exist
[2020.01.04-17.16.04:243][  0]LogWindows: Failed to load 'libalias_api.dll' (GetLastError=126)
[2020.01.04-17.16.04:243][  0]LogWindows: File 'libalias_api.dll' does not exist
[2020.01.04-17.16.06:863][  0]LogEngine: Initializing Engine...
[2020.01.04-17.16.07:053][  0]LogHMD: Failed to initialize OpenVR with code 126
[2020.01.04-17.16.07:112][  0]LogStats: UGameplayTagsManager::InitializeManager -  0.016 s
[2020.01.04-17.16.08:298][  0]LogInit: Initializing FReadOnlyCVARCache
[2020.01.04-17.16.09:290][  0]LogAIModule: Creating AISystem for world Untitled
[2020.01.04-17.16.09:820][  0]LogInit: XAudio2 using 'Headset Earphone (2- Corsair HS70 Wireless Gaming Headset)' : 2 channels at 48 kHz using 16 bits per sample (channel mask 0x3)
[2020.01.04-17.16.09:901][  0]LogInit: FAudioDevice initialized.
[2020.01.04-17.16.09:902][  0]LogNetVersion: Set ProjectVersion to 1.0.0.0. Version Checksum will be recalculated on next use.
[2020.01.04-17.16.10:132][  0]LogDerivedDataCache: Saved boot cache 0.23s 73MB C:/Users/Gregory/AppData/Local/UnrealEngine/4.22/DerivedDataCache/Boot.ddc.
[2020.01.04-17.16.10:141][  0]LogInit: Texture streaming: Enabled
[2020.01.04-17.16.10:698][  0]LogEngineSessionManager: EngineSessionManager initialized
[2020.01.04-17.16.10:698][  0]LogEngineSessionManager: EngineSessionManager sent abnormal shutdown report. Type=AbnormalShutdown, SessionId={27B2551A-4EB6-9958-5099-D8A87B602890}
[2020.01.04-17.16.10:698][  0]LogEngineSessionManager: EngineSessionManager sent abnormal shutdown report. Type=Debugger, SessionId={4D28123C-46F6-3A64-0810-CF92ADC62D1F}
[2020.01.04-17.16.10:698][  0]LogEngineSessionManager: EngineSessionManager sent abnormal shutdown report. Type=Debugger, SessionId={4F4F54B8-466B-CAAD-58CE-D6AE74811994}
[2020.01.04-17.16.11:475][  0]LogInit: Transaction tracking system initialized
[2020.01.04-17.16.12:430][  0]BlueprintLog: New page: Editor Load
[2020.01.04-17.16.15:891][  0]LocalizationService: Localization service is disabled
[2020.01.04-17.16.20:399][  0]LogFileCache: Scanning file cache for directory 'E:/SeniorProject/PollutionProject/SeniorProject/Content/' took 0.03s
[2020.01.04-17.16.20:400][  0]LogCook: Display: Max memory allowance for cook 16384mb min free memory 0mb
[2020.01.04-17.16.20:400][  0]LogCook: Display: Mobile HDR setting 1
[2020.01.04-17.16.30:707][  0]Cmd: MAP LOAD FILE="E:/SeniorProject/PollutionProject/SeniorProject/Content/Levels/GreyBoxLVL4.umap" TEMPLATE=0 SHOWPROGRESS=1 FEATURELEVEL=3
[2020.01.04-17.16.30:751][  0]LightingResults: New page: Lighting Build
[2020.01.04-17.16.31:300][  0]MapCheck: New page: Map Check
[2020.01.04-17.16.31:300][  0]LightingResults: New page: Lighting Build
[2020.01.04-17.16.32:207][  0]LogUObjectHash: Compacting FUObjectHashTables data took   1.57ms
[2020.01.04-17.17.04:925][  0]LogAIModule: Creating AISystem for world GreyBoxLVL4
[2020.01.04-17.17.08:675][  0]LogEditorServer: Finished looking for orphan Actors (0.001 secs)
[2020.01.04-17.17.09:141][  0]LogUObjectHash: Compacting FUObjectHashTables data took   3.22ms
[2020.01.04-17.17.09:148][  0]Cmd: MAP CHECKDEP NOCLEARLOG
[2020.01.04-17.17.09:176][  0]MapCheck: Map check complete: 0 Error(s), 0 Warning(s), took 14.911ms to complete.
[2020.01.04-17.17.09:186][  0]LogFileHelpers: Loading map 'GreyBoxLVL4' took 38.523
[2020.01.04-17.17.12:934][  0]LogSlate: Updating window title bar state: overlay mode, drag disabled, window buttons hidden, title bar hidden
[2020.01.04-17.17.12:980][  0]LogSlate: Updating window title bar state: overlay mode, drag disabled, window buttons hidden, title bar hidden
[2020.01.04-17.17.12:991][  0]LogSlate: Updating window title bar state: overlay mode, drag disabled, window buttons hidden, title bar hidden
[2020.01.04-17.17.13:003][  0]LogSlate: Updating window title bar state: overlay mode, drag disabled, window buttons hidden, title bar hidden
[2020.01.04-17.17.13:227][  0]LogCollectionManager: Loaded 0 collections in 0.002564 seconds
[2020.01.04-17.17.13:424][  0]LogFileCache: Scanning file cache for directory 'E:/SeniorProject/PollutionProject/SeniorProject/Saved/Collections/' took 0.01s
[2020.01.04-17.17.13:424][  0]LogFileCache: Scanning file cache for directory 'E:/SeniorProject/PollutionProject/SeniorProject/Content/Developers/Gregory/Collections/' took 0.00s
[2020.01.04-17.17.13:424][  0]LogFileCache: Scanning file cache for directory 'E:/SeniorProject/PollutionProject/SeniorProject/Content/Collections/' took 0.00s
[2020.01.04-17.17.13:424][  0]LogCollectionManager: Rebuilt the GUID cache for 0 collections in 0.000000 seconds
[2020.01.04-17.17.13:470][  0]LogContentBrowser: Native class hierarchy populated in 0.0283 seconds. Added 2875 classes and 729 folders.
[2020.01.04-17.17.13:621][  0]LogContentBrowser: Native class hierarchy updated for 'WidgetCarousel' in 0.0004 seconds. Added 0 classes and 0 folders.
[2020.01.04-17.17.13:701][  0]LogPakFile: Registered encryption key '00000000000000000000000000000000': 0 pak files mounted, 0 remain pending
[2020.01.04-17.17.13:798][  0]LogPakFile: Registered encryption key '00000000000000000000000000000000': 0 pak files mounted, 0 remain pending
[2020.01.04-17.17.13:827][  0]LogPakFile: Registered encryption key '00000000000000000000000000000000': 0 pak files mounted, 0 remain pending
[2020.01.04-17.17.13:860][  0]LogPakFile: Registered encryption key '00000000000000000000000000000000': 0 pak files mounted, 0 remain pending
[2020.01.04-17.17.13:876][  0]LogPakFile: Registered encryption key '00000000000000000000000000000000': 0 pak files mounted, 0 remain pending
[2020.01.04-17.17.13:892][  0]LogPakFile: Registered encryption key '00000000000000000000000000000000': 0 pak files mounted, 0 remain pending
[2020.01.04-17.17.13:913][  0]LogPakFile: Registered encryption key '00000000000000000000000000000000': 0 pak files mounted, 0 remain pending
[2020.01.04-17.17.13:929][  0]LogPakFile: Registered encryption key '00000000000000000000000000000000': 0 pak files mounted, 0 remain pending
[2020.01.04-17.17.13:938][  0]LogPakFile: Registered encryption key '00000000000000000000000000000000': 0 pak files mounted, 0 remain pending
[2020.01.04-17.17.13:973][  0]LogPakFile: Registered encryption key '00000000000000000000000000000000': 0 pak files mounted, 0 remain pending
[2020.01.04-17.17.13:995][  0]LogPakFile: Registered encryption key '00000000000000000000000000000000': 0 pak files mounted, 0 remain pending
[2020.01.04-17.17.14:008][  0]LogPakFile: Registered encryption key '00000000000000000000000000000000': 0 pak files mounted, 0 remain pending
[2020.01.04-17.17.14:022][  0]LogPakFile: Registered encryption key '00000000000000000000000000000000': 0 pak files mounted, 0 remain pending
[2020.01.04-17.17.14:033][  0]LogPakFile: Registered encryption key '00000000000000000000000000000000': 0 pak files mounted, 0 remain pending
[2020.01.04-17.17.14:078][  0]LogPakFile: Registered encryption key '00000000000000000000000000000000': 0 pak files mounted, 0 remain pending
[2020.01.04-17.17.14:095][  0]LogPakFile: Registered encryption key '00000000000000000000000000000000': 0 pak files mounted, 0 remain pending
[2020.01.04-17.17.14:130][  0]LogPakFile: Registered encryption key '00000000000000000000000000000000': 0 pak files mounted, 0 remain pending
[2020.01.04-17.17.14:135][  0]LogPakFile: Registered encryption key '00000000000000000000000000000000': 0 pak files mounted, 0 remain pending
[2020.01.04-17.17.14:155][  0]LogPakFile: Registered encryption key '00000000000000000000000000000000': 0 pak files mounted, 0 remain pending
[2020.01.04-17.17.14:165][  0]LogPakFile: Registered encryption key '00000000000000000000000000000000': 0 pak files mounted, 0 remain pending
[2020.01.04-17.17.14:185][  0]LogPakFile: Registered encryption key '00000000000000000000000000000000': 0 pak files mounted, 0 remain pending
[2020.01.04-17.17.14:309][  0]LogPakFile: Registered encryption key '00000000000000000000000000000000': 0 pak files mounted, 0 remain pending
[2020.01.04-17.17.14:328][  0]LogPakFile: Registered encryption key '00000000000000000000000000000000': 0 pak files mounted, 0 remain pending
[2020.01.04-17.17.14:339][  0]LogPakFile: Registered encryption key '00000000000000000000000000000000': 0 pak files mounted, 0 remain pending
[2020.01.04-17.17.14:356][  0]LogPakFile: Registered encryption key '00000000000000000000000000000000': 0 pak files mounted, 0 remain pending
[2020.01.04-17.17.14:388][  0]LogPakFile: Registered encryption key '00000000000000000000000000000000': 0 pak files mounted, 0 remain pending
[2020.01.04-17.17.14:415][  0]LogPakFile: Registered encryption key '00000000000000000000000000000000': 0 pak files mounted, 0 remain pending
[2020.01.04-17.17.14:451][  0]LogPakFile: Registered encryption key '00000000000000000000000000000000': 0 pak files mounted, 0 remain pending
[2020.01.04-17.17.16:101][  0]LogContentBrowser: Native class hierarchy updated for 'AddContentDialog' in 0.0003 seconds. Added 0 classes and 0 folders.
[2020.01.04-17.17.16:137][  0]LogContentBrowser: Native class hierarchy updated for 'SceneOutliner' in 0.0004 seconds. Added 1 classes and 0 folders.
[2020.01.04-17.17.17:008][  0]LogSlate: Took 0.015716 seconds to synchronously load lazily loaded font '../../../Engine/Content/Slate/Fonts/Roboto-Regular.ttf' (155K)
[2020.01.04-17.17.17:059][  0]LogSlate: Took 0.039946 seconds to synchronously load lazily loaded font '../../../Engine/Content/Slate/Fonts/Roboto-Bold.ttf' (160K)
[2020.01.04-17.17.17:157][  0]LogSlate: Took 0.018258 seconds to synchronously load lazily loaded font '../../../Engine/Content/Editor/Slate/Fonts/FontAwesome.ttf' (139K)
[2020.01.04-17.17.18:024][  0]LogRenderer: Reallocating scene render targets to support 1004x552 Format 10 NumSamples 1 (Frame:1).
[2020.01.04-17.17.18:395][  0]LogStaticMesh: Allocated 512x320x64 distance field atlas = 20.0Mb, with 87 objects containing 16.0Mb backing data
[2020.01.04-17.17.19:792][  0]LogSlate: Took 0.052601 seconds to synchronously load lazily loaded font '../../../Engine/Content/Slate/Fonts/Roboto-Light.ttf' (167K)
[2020.01.04-17.17.20:401][  0]LogContentBrowser: Native class hierarchy updated for 'HierarchicalLODOutliner' in 0.0003 seconds. Added 0 classes and 0 folders.
[2020.01.04-17.17.20:401][  0]LogLoad: (Engine Initialization) Total time: 224.47 seconds
[2020.01.04-17.17.20:401][  0]LogLoad: (Engine Initialization) Total Blueprint compile time: 0.00 seconds
[2020.01.04-17.17.21:172][  0]LogContentStreaming: Texture pool size now 1000 MB
[2020.01.04-17.17.22:596][  4]LogAssetRegistry: Asset discovery search completed in 181.2247 seconds
[2020.01.04-17.17.22:630][  4]LogCollectionManager: Rebuilt the object cache for 0 collections in 0.000000 seconds (found 0 objects)
[2020.01.04-17.17.22:630][  4]LogCollectionManager: Fixed up redirectors for 0 collections in 0.017353 seconds (updated 0 objects)
[2020.01.04-17.17.26:671][ 74]LogFileCache: Retrieving MD5 hashes for directory 'E:/SeniorProject/PollutionProject/SeniorProject/Content/' took 6.12s
[2020.01.04-17.17.33:997][523]LogSlate: FSceneViewport::OnFocusLost() reason 0
[2020.01.04-17.17.52:285][235]LogSlate: Took 0.000239 seconds to synchronously load lazily loaded font '../../../Engine/Content/Slate/Fonts/Roboto-Light.ttf' (167K)
[2020.01.04-17.17.54:368][235]LogAIModule: Creating AISystem for world PlayTest
[2020.01.04-17.17.54:457][235]LogAssetEditorManager: Opening Asset editor for World /Game/Levels/PlayTest.PlayTest
[2020.01.04-17.17.54:616][235]LogUObjectHash: Compacting FUObjectHashTables data took   2.70ms
[2020.01.04-17.17.54:660][235]Cmd: MAP LOAD FILE="E:/SeniorProject/PollutionProject/SeniorProject/Content/Levels/PlayTest.umap" TEMPLATE=0 SHOWPROGRESS=1 FEATURELEVEL=3
[2020.01.04-17.17.54:661][235]LightingResults: New page: Lighting Build
[2020.01.04-17.17.54:662][235]LoadErrors: New page: Loading map: PlayTest.umap
[2020.01.04-17.17.54:816][235]MapCheck: New page: Map Check
[2020.01.04-17.17.54:816][235]LightingResults: New page: Lighting Build
[2020.01.04-17.17.55:012][235]LogUObjectHash: Compacting FUObjectHashTables data took   3.05ms
[2020.01.04-17.17.55:086][235]LogEditorServer: Finished looking for orphan Actors (0.000 secs)
[2020.01.04-17.17.55:115][235]LogUObjectHash: Compacting FUObjectHashTables data took   2.11ms
[2020.01.04-17.17.55:166][235]Cmd: MAP CHECKDEP NOCLEARLOG
[2020.01.04-17.17.55:167][235]MapCheck: Map check complete: 0 Error(s), 0 Warning(s), took 0.19ms to complete.
[2020.01.04-17.17.55:167][235]LogFileHelpers: Loading map 'PlayTest' took 0.549
[2020.01.04-17.18.54:035][749]LogTemp: Repeating last play command: Selected Viewport
[2020.01.04-17.18.54:249][749]LogBlueprintUserMessages: Early PlayInEditor Detection: Level '/Game/Levels/PlayTest.PlayTest:PersistentLevel' has LevelScriptBlueprint '/Game/Levels/PlayTest.PlayTest:PersistentLevel.PlayTest' with GeneratedClass '/Game/Levels/PlayTest.PlayTest_C' with ClassGeneratedBy '/Game/Levels/PlayTest.PlayTest:PersistentLevel.PlayTest'
[2020.01.04-17.18.54:286][749]LogPlayLevel: PlayLevel: No blueprints needed recompiling
[2020.01.04-17.18.54:307][749]PIE: New page: PIE session: PlayTest (Jan 4, 2020, 7:18:54 AM)
[2020.01.04-17.18.54:412][749]LogPlayLevel: Creating play world package: /Game/Levels/UEDPIE_0_PlayTest
[2020.01.04-17.18.54:464][749]LogPlayLevel: PIE: StaticDuplicateObject took: (0.051592s)
[2020.01.04-17.18.54:481][749]LogAIModule: Creating AISystem for world PlayTest
[2020.01.04-17.18.54:498][749]LogPlayLevel: PIE: World Init took: (0.034067s)
[2020.01.04-17.18.54:498][749]LogPlayLevel: PIE: Created PIE world by copying editor world from /Game/Levels/PlayTest.PlayTest to /Game/Levels/UEDPIE_0_PlayTest.PlayTest (0.086201s)
[2020.01.04-17.18.54:517][749]LogUObjectHash: Compacting FUObjectHashTables data took   1.21ms
[2020.01.04-17.18.54:686][749]LogInit: XAudio2 using 'Headset Earphone (2- Corsair HS70 Wireless Gaming Headset)' : 2 channels at 48 kHz using 16 bits per sample (channel mask 0x3)
[2020.01.04-17.18.54:703][749]LogInit: FAudioDevice initialized.
[2020.01.04-17.18.54:845][749]LogLoad: Game class is 'FirstPersonGameMode_C'
[2020.01.04-17.18.55:001][749]LogWorld: Bringing World /Game/Levels/UEDPIE_0_PlayTest.PlayTest up for play (max tick rate 0) at 2020.01.04-12.18.55
[2020.01.04-17.18.55:254][749]LogWorld: Bringing up level for play took: 0.266016
[2020.01.04-17.18.55:432][749]LogContentBrowser: Native class hierarchy updated for 'MovieSceneCapture' in 0.0004 seconds. Added 20 classes and 0 folders.
[2020.01.04-17.18.55:509][749]PIE: Play in editor start time for /Game/Levels/UEDPIE_0_PlayTest 1.617
[2020.01.04-17.18.55:509][749]LogBlueprintUserMessages: Late PlayInEditor Detection: Level '/Game/Levels/PlayTest.PlayTest:PersistentLevel' has LevelScriptBlueprint '/Game/Levels/PlayTest.PlayTest:PersistentLevel.PlayTest' with GeneratedClass '/Game/Levels/PlayTest.PlayTest_C' with ClassGeneratedBy '/Game/Levels/PlayTest.PlayTest:PersistentLevel.PlayTest'
[2020.01.04-17.18.59:415][115]LogSlate: FSceneViewport::OnFocusLost() reason 0
[2020.01.04-17.19.06:683][872]LogSlate: FSceneViewport::OnFocusLost() reason 0
[2020.01.04-17.19.11:941][462]LogSlate: FSceneViewport::OnFocusLost() reason 0
[2020.01.04-17.19.19:586][289]LogBlueprintUserMessages: Early EndPlayMap Detection: Level '/Game/Levels/PlayTest.PlayTest:PersistentLevel' has LevelScriptBlueprint '/Game/Levels/PlayTest.PlayTest:PersistentLevel.PlayTest' with GeneratedClass '/Game/Levels/PlayTest.PlayTest_C' with ClassGeneratedBy '/Game/Levels/PlayTest.PlayTest:PersistentLevel.PlayTest'
[2020.01.04-17.19.19:645][289]LogSlate: Updating window title bar state: overlay mode, drag disabled, window buttons hidden, title bar hidden
[2020.01.04-17.19.19:699][289]LogPlayLevel: Display: Shutting down PIE online subsystems
[2020.01.04-17.19.19:699][289]LogBlueprintUserMessages: Late EndPlayMap Detection: Level '/Game/Levels/PlayTest.PlayTest:PersistentLevel' has LevelScriptBlueprint '/Game/Levels/PlayTest.PlayTest:PersistentLevel.PlayTest' with GeneratedClass '/Game/Levels/PlayTest.PlayTest_C' with ClassGeneratedBy '/Game/Levels/PlayTest.PlayTest:PersistentLevel.PlayTest'
[2020.01.04-17.19.19:735][289]LogSlate: Updating window title bar state: overlay mode, drag disabled, window buttons hidden, title bar hidden
[2020.01.04-17.19.19:780][289]LogUObjectHash: Compacting FUObjectHashTables data took   2.21ms
[2020.01.04-17.19.19:813][290]LogPlayLevel: Display: Destroying online subsystem :Context_2
