Log file open, 04/09/20 10:47:57
LogWindows: Failed to load 'aqProf.dll' (GetLastError=126)
LogWindows: File 'aqProf.dll' does not exist
LogWindows: Failed to load 'VtuneApi.dll' (GetLastError=126)
LogWindows: File 'VtuneApi.dll' does not exist
LogWindows: Failed to load 'VtuneApi32e.dll' (GetLastError=126)
LogWindows: File 'VtuneApi32e.dll' does not exist
LogConsoleResponse: Display: Failed to find resolution value strings in scalability ini. Falling back to default.
LogInit: Display: Running engine for game: SeniorProject
LogPakFile: Registered encryption key '00000000000000000000000000000000': 0 pak files mounted, 0 remain pending
LogPlatformFile: Not using cached read wrapper
LogTaskGraph: Started task graph with 5 named threads and 23 total threads with 3 sets of task threads.
LogStats: Stats thread started at 0.812564
LogD3D11RHI: Loaded GFSDK_Aftermath_Lib.x64.dll
LogICUInternationalization: ICU TimeZone Detection - Raw Offset: -5:00, Platform Override: ''
LogPluginManager: Mounting plugin Paper2D
LogPluginManager: Mounting plugin AISupport
LogPluginManager: Mounting plugin LightPropagationVolume
LogPluginManager: Mounting plugin ActorLayerUtilities
LogPluginManager: Mounting plugin AnimationSharing
LogPluginManager: Mounting plugin CLionSourceCodeAccess
LogPluginManager: Mounting plugin CodeLiteSourceCodeAccess
LogPluginManager: Mounting plugin GitSourceControl
LogPluginManager: Mounting plugin KDevelopSourceCodeAccess
LogPluginManager: Mounting plugin NullSourceCodeAccess
LogPluginManager: Mounting plugin PerforceSourceControl
LogPluginManager: Mounting plugin SubversionSourceControl
LogPluginManager: Mounting plugin UObjectPlugin
LogPluginManager: Mounting plugin VisualStudioCodeSourceCodeAccess
LogPluginManager: Mounting plugin VisualStudioSourceCodeAccess
LogPluginManager: Mounting plugin XCodeSourceCodeAccess
LogPluginManager: Mounting plugin AssetManagerEditor
LogPluginManager: Mounting plugin CryptoKeys
LogPluginManager: Mounting plugin DataValidation
LogPluginManager: Mounting plugin EditorScriptingUtilities
LogPluginManager: Mounting plugin FacialAnimation
LogPluginManager: Mounting plugin GameplayTagsEditor
LogPluginManager: Mounting plugin GLTFImporter
LogPluginManager: Mounting plugin MacGraphicsSwitching
LogPluginManager: Mounting plugin MaterialAnalyzer
LogPluginManager: Mounting plugin MeshEditor
LogPluginManager: Mounting plugin MobileLauncherProfileWizard
LogPluginManager: Mounting plugin PluginBrowser
LogPluginManager: Mounting plugin SpeedTreeImporter
LogPluginManager: Mounting plugin DatasmithContent
LogPluginManager: Mounting plugin VariantManagerContent
LogPluginManager: Mounting plugin AlembicImporter
LogPluginManager: Mounting plugin AppleImageUtils
LogPluginManager: Mounting plugin AppleVision
LogPluginManager: Mounting plugin BackChannel
LogPluginManager: Mounting plugin BlastPlugin
LogPluginManager: Mounting plugin ChaosSolverPlugin
LogPluginManager: Mounting plugin CharacterAI
LogPluginManager: Mounting plugin GeometryCache
LogPluginManager: Mounting plugin GeometryCollectionPlugin
LogPluginManager: Mounting plugin HTML5Networking
LogPluginManager: Mounting plugin ProxyLODPlugin
LogPluginManager: Mounting plugin SkeletalReduction
LogPluginManager: Mounting plugin MagicLeap
LogPluginManager: Mounting plugin MagicLeapMedia
LogPluginManager: Mounting plugin AndroidMedia
LogPluginManager: Mounting plugin AvfMedia
LogPluginManager: Mounting plugin ImgMedia
LogPluginManager: Mounting plugin LinearTimecode
LogPluginManager: Mounting plugin MediaCompositing
LogPluginManager: Mounting plugin MediaPlayerEditor
LogPluginManager: Mounting plugin WebMMedia
LogPluginManager: Mounting plugin WmfMedia
LogPluginManager: Mounting plugin TcpMessaging
LogPluginManager: Mounting plugin UdpMessaging
LogPluginManager: Mounting plugin ActorSequence
LogPluginManager: Mounting plugin LevelSequenceEditor
LogPluginManager: Mounting plugin MatineeToLevelSequence
LogPluginManager: Mounting plugin NetcodeUnitTest
LogPluginManager: Mounting plugin NUTUnrealEngine4
LogPluginManager: Mounting plugin OnlineSubsystemGooglePlay
LogPluginManager: Mounting plugin OnlineSubsystemIOS
LogPluginManager: Mounting plugin OnlineSubsystem
LogPluginManager: Mounting plugin OnlineSubsystemNull
LogPluginManager: Mounting plugin OnlineSubsystemUtils
LogPluginManager: Mounting plugin LauncherChunkInstaller
LogPluginManager: Mounting plugin AndroidDeviceProfileSelector
LogPluginManager: Mounting plugin AndroidMoviePlayer
LogPluginManager: Mounting plugin AndroidPermission
LogPluginManager: Mounting plugin AppleMoviePlayer
LogPluginManager: Mounting plugin ArchVisCharacter
LogPluginManager: Mounting plugin AudioCapture
LogPluginManager: Mounting plugin CableComponent
LogPluginManager: Mounting plugin CustomMeshComponent
LogPluginManager: Mounting plugin EditableMesh
LogPluginManager: Mounting plugin ExampleDeviceProfileSelector
LogPluginManager: Mounting plugin Firebase
LogPluginManager: Mounting plugin GoogleCloudMessaging
LogPluginManager: Mounting plugin IOSDeviceProfileSelector
LogPluginManager: Mounting plugin LinuxDeviceProfileSelector
LogPluginManager: Mounting plugin LocationServicesBPLibrary
LogPluginManager: Mounting plugin MobilePatchingUtils
LogPluginManager: Mounting plugin OculusVR
LogPluginManager: Mounting plugin PhysXVehicles
LogPluginManager: Mounting plugin ProceduralMeshComponent
LogPluginManager: Mounting plugin RuntimePhysXCooking
LogPluginManager: Mounting plugin SignificanceManager
LogPluginManager: Mounting plugin SteamVR
LogPluginManager: Mounting plugin WebMMoviePlayer
LogPluginManager: Mounting plugin WindowsMoviePlayer
LogPluginManager: Mounting plugin DatasmithCADImporter
LogPluginManager: Mounting plugin DatasmithDataPrepEditor
LogPluginManager: Mounting plugin DatasmithFBXImporter
LogPluginManager: Mounting plugin DatasmithGLTFImporter
LogPluginManager: Mounting plugin DatasmithImporter
LogPluginManager: Mounting plugin MDLImporter
LogPluginManager: Mounting plugin StaticMeshEditorExtension
LogPluginManager: Mounting plugin VariantManager
LogInit: Using libcurl 7.55.1-DEV
LogInit:  - built for x86_64-pc-win32
LogInit:  - supports SSL with OpenSSL/1.1.1
LogInit:  - supports HTTP deflate (compression) using libz 1.2.8
LogInit:  - other features:
LogInit:      CURL_VERSION_SSL
LogInit:      CURL_VERSION_LIBZ
LogInit:      CURL_VERSION_IPV6
LogInit:      CURL_VERSION_ASYNCHDNS
LogInit:      CURL_VERSION_LARGEFILE
LogInit:      CURL_VERSION_IDN
LogInit:  CurlRequestOptions (configurable via config and command line):
LogInit:  - bVerifyPeer = true  - Libcurl will verify peer certificate
LogInit:  - bUseHttpProxy = false  - Libcurl will NOT use HTTP proxy
LogInit:  - bDontReuseConnections = false  - Libcurl will reuse connections
LogInit:  - MaxHostConnections = 16  - Libcurl will limit the number of connections to a host
LogInit:  - LocalHostAddr = Default
LogInit:  - BufferSize = 65536
LogInit: WinSock: version 1.1 (2.2), MaxSocks=32767, MaxUdp=65467
LogHMD: Failed initializing OVRPlugin 1.32.0
LogInit: Build: ++UE4+Release-4.22-CL-7053642
LogInit: Engine Version: 4.22.3-7053642+++UE4+Release-4.22
LogInit: Compatible Engine Version: 4.22.0-5660361+++UE4+Release-4.22
LogInit: Net CL: 5660361
LogInit: OS: Windows 10 (Release 1903) (), CPU: Intel(R) Core(TM) i7-6700K CPU @ 4.00GHz, GPU: NVIDIA GeForce RTX 2080
LogInit: Compiled (64-bit): Jun 18 2019 03:09:11
LogInit: Compiled with Visual C++: 19.16.27025.01
LogInit: Build Configuration: Development
LogInit: Branch Name: ++UE4+Release-4.22
LogInit: Command Line:  -skipcompile
LogInit: Base Directory: C:/Program Files/Epic Games/UE_4.22/Engine/Binaries/Win64/
LogInit: Installed Engine Build: 1
LogDevObjectVersion: Number of dev versions registered: 23
LogDevObjectVersion:   Dev-Blueprints (B0D832E4-1F89-4F0D-ACCF-7EB736FD4AA2): 10
LogDevObjectVersion:   Dev-Build (E1C64328-A22C-4D53-A36C-8E866417BD8C): 0
LogDevObjectVersion:   Dev-Core (375EC13C-06E4-48FB-B500-84F0262A717E): 3
LogDevObjectVersion:   Dev-Editor (E4B068ED-F494-42E9-A231-DA0B2E46BB41): 30
LogDevObjectVersion:   Dev-Framework (CFFC743F-43B0-4480-9391-14DF171D2073): 35
LogDevObjectVersion:   Dev-Mobile (B02B49B5-BB20-44E9-A304-32B752E40360): 2
LogDevObjectVersion:   Dev-Networking (A4E4105C-59A1-49B5-A7C5-40C4547EDFEE): 0
LogDevObjectVersion:   Dev-Online (39C831C9-5AE6-47DC-9A44-9C173E1C8E7C): 0
LogDevObjectVersion:   Dev-Physics (78F01B33-EBEA-4F98-B9B4-84EACCB95AA2): 0
LogDevObjectVersion:   Dev-Platform (6631380F-2D4D-43E0-8009-CF276956A95A): 0
LogDevObjectVersion:   Dev-Rendering (12F88B9F-8875-4AFC-A67C-D90C383ABD29): 28
LogDevObjectVersion:   Dev-Sequencer (7B5AE74C-D270-4C10-A958-57980B212A5A): 11
LogDevObjectVersion:   Dev-VR (D7296918-1DD6-4BDD-9DE2-64A83CC13884): 2
LogDevObjectVersion:   Dev-LoadTimes (C2A15278-BFE7-4AFE-6C17-90FF531DF755): 1
LogDevObjectVersion:   Private-Geometry (6EACA3D4-40EC-4CC1-B786-8BED09428FC5): 3
LogDevObjectVersion:   Dev-AnimPhys (29E575DD-E0A3-4627-9D10-D276232CDCEA): 17
LogDevObjectVersion:   Dev-Anim (AF43A65D-7FD3-4947-9873-3E8ED9C1BB05): 2
LogDevObjectVersion:   Dev-ReflectionCapture (6B266CEC-1EC7-4B8F-A30B-E4D90942FC07): 1
LogDevObjectVersion:   Dev-Automation (0DF73D61-A23F-47EA-B727-89E90C41499A): 1
LogDevObjectVersion:   FortniteMain (601D1886-AC64-4F84-AA16-D3DE0DEAC7D6): 25
LogDevObjectVersion:   Dev-Enterprise (9DFFBCD6-494F-0158-E221-12823C92A888): 6
LogDevObjectVersion:   Dev-Niagara (F2AED0AC-9AFE-416F-8664-AA7FFA26D6FC): 1
LogDevObjectVersion:   Dev-Destruction (174F1F0B-B4C6-45A5-B13F-2EE8D0FB917D): 2
LogInit: Presizing for max 16777216 objects, including 0 objects not considered by GC, pre-allocating 0 bytes for permanent pool.
LogInit: Object subsystem initialized
LogConfig: Setting CVar [[con.DebugEarlyDefault:1]]
LogConfig: Setting CVar [[r.setres:1280x720]]
[2020.04.09-14.48.03:804][  0]LogConfig: Setting CVar [[r.VSync:0]]
[2020.04.09-14.48.03:804][  0]LogConfig: Setting CVar [[r.RHICmdBypass:0]]
[2020.04.09-14.48.03:804][  0]LogConfig: Applying CVar settings from Section [/Script/Engine.RendererSettings] File [E:/SeniorProject/PollutionProject/SeniorProject/Saved/Config/Windows/Engine.ini]
[2020.04.09-14.48.03:804][  0]LogConfig: Setting CVar [[r.GPUCrashDebugging:0]]
[2020.04.09-14.48.03:804][  0]LogConfig: Setting CVar [[r.DefaultFeature.AutoExposure.ExtendDefaultLuminanceRange:1]]
[2020.04.09-14.48.03:804][  0]LogConfig: Setting CVar [[r.GenerateMeshDistanceFields:1]]
[2020.04.09-14.48.03:804][  0]LogConfig: Applying CVar settings from Section [/Script/Engine.RendererOverrideSettings] File [E:/SeniorProject/PollutionProject/SeniorProject/Saved/Config/Windows/Engine.ini]
[2020.04.09-14.48.03:804][  0]LogConfig: Applying CVar settings from Section [/Script/Engine.StreamingSettings] File [E:/SeniorProject/PollutionProject/SeniorProject/Saved/Config/Windows/Engine.ini]
[2020.04.09-14.48.03:804][  0]LogConfig: Setting CVar [[s.MinBulkDataSizeForAsyncLoading:131072]]
[2020.04.09-14.48.03:804][  0]LogConfig: Setting CVar [[s.AsyncLoadingThreadEnabled:0]]
[2020.04.09-14.48.03:804][  0]LogConfig: Setting CVar [[s.EventDrivenLoaderEnabled:1]]
[2020.04.09-14.48.03:804][  0]LogConfig: Setting CVar [[s.WarnIfTimeLimitExceeded:0]]
[2020.04.09-14.48.03:804][  0]LogConfig: Setting CVar [[s.TimeLimitExceededMultiplier:1.5]]
[2020.04.09-14.48.03:804][  0]LogConfig: Setting CVar [[s.TimeLimitExceededMinTime:0.005]]
[2020.04.09-14.48.03:805][  0]LogConfig: Setting CVar [[s.UseBackgroundLevelStreaming:1]]
[2020.04.09-14.48.03:805][  0]LogConfig: Setting CVar [[s.PriorityAsyncLoadingExtraTime:15.0]]
[2020.04.09-14.48.03:805][  0]LogConfig: Setting CVar [[s.LevelStreamingActorsUpdateTimeLimit:5.0]]
[2020.04.09-14.48.03:805][  0]LogConfig: Setting CVar [[s.PriorityLevelStreamingActorsUpdateExtraTime:5.0]]
[2020.04.09-14.48.03:805][  0]LogConfig: Setting CVar [[s.LevelStreamingComponentsRegistrationGranularity:10]]
[2020.04.09-14.48.03:805][  0]LogConfig: Setting CVar [[s.UnregisterComponentsTimeLimit:1.0]]
[2020.04.09-14.48.03:805][  0]LogConfig: Setting CVar [[s.LevelStreamingComponentsUnregistrationGranularity:5]]
[2020.04.09-14.48.03:805][  0]LogConfig: Applying CVar settings from Section [/Script/Engine.GarbageCollectionSettings] File [E:/SeniorProject/PollutionProject/SeniorProject/Saved/Config/Windows/Engine.ini]
[2020.04.09-14.48.03:805][  0]LogConfig: Setting CVar [[gc.MaxObjectsNotConsideredByGC:1]]
[2020.04.09-14.48.03:805][  0]LogConfig: Setting CVar [[gc.SizeOfPermanentObjectPool:0]]
[2020.04.09-14.48.03:805][  0]LogConfig: Setting CVar [[gc.FlushStreamingOnGC:0]]
[2020.04.09-14.48.03:805][  0]LogConfig: Setting CVar [[gc.NumRetriesBeforeForcingGC:10]]
[2020.04.09-14.48.03:805][  0]LogConfig: Setting CVar [[gc.AllowParallelGC:1]]
[2020.04.09-14.48.03:805][  0]LogConfig: Setting CVar [[gc.TimeBetweenPurgingPendingKillObjects:61.1]]
[2020.04.09-14.48.03:806][  0]LogConfig: Setting CVar [[gc.MaxObjectsInEditor:16777216]]
[2020.04.09-14.48.03:806][  0]LogConfig: Setting CVar [[gc.IncrementalBeginDestroyEnabled:1]]
[2020.04.09-14.48.03:806][  0]LogConfig: Setting CVar [[gc.CreateGCClusters:1]]
[2020.04.09-14.48.03:806][  0]LogConfig: Setting CVar [[gc.MinGCClusterSize:5]]
[2020.04.09-14.48.03:806][  0]LogConfig: Setting CVar [[gc.ActorClusteringEnabled:0]]
[2020.04.09-14.48.03:806][  0]LogConfig: Setting CVar [[gc.BlueprintClusteringEnabled:0]]
[2020.04.09-14.48.03:806][  0]LogConfig: Setting CVar [[gc.UseDisregardForGCOnDedicatedServers:0]]
[2020.04.09-14.48.03:806][  0]LogConfig: Applying CVar settings from Section [/Script/Engine.NetworkSettings] File [E:/SeniorProject/PollutionProject/SeniorProject/Saved/Config/Windows/Engine.ini]
[2020.04.09-14.48.03:806][  0]LogConfig: Applying CVar settings from Section [/Script/UnrealEd.CookerSettings] File [E:/SeniorProject/PollutionProject/SeniorProject/Saved/Config/Windows/Engine.ini]
[2020.04.09-14.48.03:869][  0]LogConfig: Applying CVar settings from Section [ViewDistanceQuality@3] File [E:/SeniorProject/PollutionProject/SeniorProject/Saved/Config/Windows/Scalability.ini]
[2020.04.09-14.48.03:869][  0]LogConfig: Setting CVar [[r.SkeletalMeshLODBias:0]]
[2020.04.09-14.48.03:869][  0]LogConfig: Setting CVar [[r.ViewDistanceScale:1.0]]
[2020.04.09-14.48.03:869][  0]LogConfig: Applying CVar settings from Section [AntiAliasingQuality@3] File [E:/SeniorProject/PollutionProject/SeniorProject/Saved/Config/Windows/Scalability.ini]
[2020.04.09-14.48.03:870][  0]LogConfig: Setting CVar [[r.PostProcessAAQuality:4]]
[2020.04.09-14.48.03:870][  0]LogConfig: Applying CVar settings from Section [ShadowQuality@3] File [E:/SeniorProject/PollutionProject/SeniorProject/Saved/Config/Windows/Scalability.ini]
[2020.04.09-14.48.03:870][  0]LogConfig: Setting CVar [[r.LightFunctionQuality:1]]
[2020.04.09-14.48.03:870][  0]LogConfig: Setting CVar [[r.ShadowQuality:5]]
[2020.04.09-14.48.03:870][  0]LogConfig: Setting CVar [[r.Shadow.CSM.MaxCascades:10]]
[2020.04.09-14.48.03:870][  0]LogConfig: Setting CVar [[r.Shadow.MaxResolution:2048]]
[2020.04.09-14.48.03:870][  0]LogConfig: Setting CVar [[r.Shadow.MaxCSMResolution:2048]]
[2020.04.09-14.48.03:870][  0]LogConfig: Setting CVar [[r.Shadow.RadiusThreshold:0.01]]
[2020.04.09-14.48.03:870][  0]LogConfig: Setting CVar [[r.Shadow.DistanceScale:1.0]]
[2020.04.09-14.48.03:870][  0]LogConfig: Setting CVar [[r.Shadow.CSM.TransitionScale:1.0]]
[2020.04.09-14.48.03:870][  0]LogConfig: Setting CVar [[r.Shadow.PreShadowResolutionFactor:1.0]]
[2020.04.09-14.48.03:870][  0]LogConfig: Setting CVar [[r.DistanceFieldShadowing:1]]
[2020.04.09-14.48.03:870][  0]LogConfig: Setting CVar [[r.DistanceFieldAO:1]]
[2020.04.09-14.48.03:870][  0]LogConfig: Setting CVar [[r.AOQuality:2]]
[2020.04.09-14.48.03:870][  0]LogConfig: Setting CVar [[r.VolumetricFog:1]]
[2020.04.09-14.48.03:870][  0]LogConfig: Setting CVar [[r.VolumetricFog.GridPixelSize:8]]
[2020.04.09-14.48.03:870][  0]LogConfig: Setting CVar [[r.VolumetricFog.GridSizeZ:128]]
[2020.04.09-14.48.03:871][  0]LogConfig: Setting CVar [[r.VolumetricFog.HistoryMissSupersampleCount:4]]
[2020.04.09-14.48.03:871][  0]LogConfig: Setting CVar [[r.LightMaxDrawDistanceScale:1]]
[2020.04.09-14.48.03:871][  0]LogConfig: Setting CVar [[r.CapsuleShadows:1]]
[2020.04.09-14.48.03:871][  0]LogConfig: Applying CVar settings from Section [PostProcessQuality@3] File [E:/SeniorProject/PollutionProject/SeniorProject/Saved/Config/Windows/Scalability.ini]
[2020.04.09-14.48.03:871][  0]LogConfig: Setting CVar [[r.MotionBlurQuality:4]]
[2020.04.09-14.48.03:871][  0]LogConfig: Setting CVar [[r.AmbientOcclusionMipLevelFactor:0.4]]
[2020.04.09-14.48.03:871][  0]LogConfig: Setting CVar [[r.AmbientOcclusionMaxQuality:100]]
[2020.04.09-14.48.03:871][  0]LogConfig: Setting CVar [[r.AmbientOcclusionLevels:-1]]
[2020.04.09-14.48.03:871][  0]LogConfig: Setting CVar [[r.AmbientOcclusionRadiusScale:1.0]]
[2020.04.09-14.48.03:871][  0]LogConfig: Setting CVar [[r.DepthOfFieldQuality:2]]
[2020.04.09-14.48.03:871][  0]LogConfig: Setting CVar [[r.RenderTargetPoolMin:400]]
[2020.04.09-14.48.03:871][  0]LogConfig: Setting CVar [[r.LensFlareQuality:2]]
[2020.04.09-14.48.03:871][  0]LogConfig: Setting CVar [[r.SceneColorFringeQuality:1]]
[2020.04.09-14.48.03:871][  0]LogConfig: Setting CVar [[r.EyeAdaptationQuality:2]]
[2020.04.09-14.48.03:871][  0]LogConfig: Setting CVar [[r.BloomQuality:5]]
[2020.04.09-14.48.03:871][  0]LogConfig: Setting CVar [[r.FastBlurThreshold:100]]
[2020.04.09-14.48.03:872][  0]LogConfig: Setting CVar [[r.Upscale.Quality:3]]
[2020.04.09-14.48.03:872][  0]LogConfig: Setting CVar [[r.Tonemapper.GrainQuantization:1]]
[2020.04.09-14.48.03:872][  0]LogConfig: Setting CVar [[r.LightShaftQuality:1]]
[2020.04.09-14.48.03:872][  0]LogConfig: Setting CVar [[r.Filter.SizeScale:1]]
[2020.04.09-14.48.03:872][  0]LogConfig: Setting CVar [[r.Tonemapper.Quality:5]]
[2020.04.09-14.48.03:872][  0]LogConfig: Setting CVar [[r.DOF.Gather.AccumulatorQuality:1        ; higher gathering accumulator quality]]
[2020.04.09-14.48.03:872][  0]LogConfig: Setting CVar [[r.DOF.Gather.PostfilterMethod:1          ; Median3x3 postfilering method]]
[2020.04.09-14.48.03:872][  0]LogConfig: Setting CVar [[r.DOF.Gather.EnableBokehSettings:0       ; no bokeh simulation when gathering]]
[2020.04.09-14.48.03:872][  0]LogConfig: Setting CVar [[r.DOF.Gather.RingCount:4                 ; medium number of samples when gathering]]
[2020.04.09-14.48.03:872][  0]LogConfig: Setting CVar [[r.DOF.Scatter.ForegroundCompositing:1    ; additive foreground scattering]]
[2020.04.09-14.48.03:872][  0]LogConfig: Setting CVar [[r.DOF.Scatter.BackgroundCompositing:2    ; additive background scattering]]
[2020.04.09-14.48.03:872][  0]LogConfig: Setting CVar [[r.DOF.Scatter.EnableBokehSettings:1      ; bokeh simulation when scattering]]
[2020.04.09-14.48.03:872][  0]LogConfig: Setting CVar [[r.DOF.Scatter.MaxSpriteRatio:0.1         ; only a maximum of 10% of scattered bokeh]]
[2020.04.09-14.48.03:872][  0]LogConfig: Setting CVar [[r.DOF.Recombine.Quality:1                ; cheap slight out of focus]]
[2020.04.09-14.48.03:872][  0]LogConfig: Setting CVar [[r.DOF.Recombine.EnableBokehSettings:0    ; no bokeh simulation on slight out of focus]]
[2020.04.09-14.48.03:872][  0]LogConfig: Setting CVar [[r.DOF.TemporalAAQuality:1                ; more stable temporal accumulation]]
[2020.04.09-14.48.03:872][  0]LogConfig: Setting CVar [[r.DOF.Kernel.MaxForegroundRadius:0.025]]
[2020.04.09-14.48.03:872][  0]LogConfig: Setting CVar [[r.DOF.Kernel.MaxBackgroundRadius:0.025]]
[2020.04.09-14.48.03:873][  0]LogConfig: Applying CVar settings from Section [TextureQuality@3] File [E:/SeniorProject/PollutionProject/SeniorProject/Saved/Config/Windows/Scalability.ini]
[2020.04.09-14.48.03:873][  0]LogConfig: Setting CVar [[r.Streaming.MipBias:0]]
[2020.04.09-14.48.03:873][  0]LogConfig: Setting CVar [[r.Streaming.AmortizeCPUToGPUCopy:0]]
[2020.04.09-14.48.03:873][  0]LogConfig: Setting CVar [[r.Streaming.MaxNumTexturesToStreamPerFrame:0]]
[2020.04.09-14.48.03:873][  0]LogConfig: Setting CVar [[r.Streaming.Boost:1]]
[2020.04.09-14.48.03:873][  0]LogConfig: Setting CVar [[r.MaxAnisotropy:8]]
[2020.04.09-14.48.03:873][  0]LogConfig: Setting CVar [[r.Streaming.LimitPoolSizeToVRAM:0]]
[2020.04.09-14.48.03:873][  0]LogConfig: Setting CVar [[r.Streaming.PoolSize:1000]]
[2020.04.09-14.48.03:873][  0]LogConfig: Setting CVar [[r.Streaming.MaxEffectiveScreenSize:0]]
[2020.04.09-14.48.03:873][  0]LogConfig: Applying CVar settings from Section [EffectsQuality@3] File [E:/SeniorProject/PollutionProject/SeniorProject/Saved/Config/Windows/Scalability.ini]
[2020.04.09-14.48.03:873][  0]LogConfig: Setting CVar [[r.TranslucencyLightingVolumeDim:64]]
[2020.04.09-14.48.03:874][  0]LogConfig: Setting CVar [[r.RefractionQuality:2]]
[2020.04.09-14.48.03:874][  0]LogConfig: Setting CVar [[r.SSR.Quality:3]]
[2020.04.09-14.48.03:874][  0]LogConfig: Setting CVar [[r.SceneColorFormat:4]]
[2020.04.09-14.48.03:874][  0]LogConfig: Setting CVar [[r.DetailMode:2]]
[2020.04.09-14.48.03:874][  0]LogConfig: Setting CVar [[r.TranslucencyVolumeBlur:1]]
[2020.04.09-14.48.03:874][  0]LogConfig: Setting CVar [[r.MaterialQualityLevel:1 ; High quality]]
[2020.04.09-14.48.03:874][  0]LogConfig: Setting CVar [[r.SSS.Scale:1]]
[2020.04.09-14.48.03:874][  0]LogConfig: Setting CVar [[r.SSS.SampleSet:2]]
[2020.04.09-14.48.03:874][  0]LogConfig: Setting CVar [[r.SSS.Quality:1]]
[2020.04.09-14.48.03:874][  0]LogConfig: Setting CVar [[r.SSS.HalfRes:1]]
[2020.04.09-14.48.03:874][  0]LogConfig: Setting CVar [[r.EmitterSpawnRateScale:1.0]]
[2020.04.09-14.48.03:874][  0]LogConfig: Setting CVar [[r.ParticleLightQuality:2]]
[2020.04.09-14.48.03:886][  0]LogConfig: Applying CVar settings from Section [FoliageQuality@3] File [E:/SeniorProject/PollutionProject/SeniorProject/Saved/Config/Windows/Scalability.ini]
[2020.04.09-14.48.03:886][  0]LogConfig: Setting CVar [[foliage.DensityScale:1.0]]
[2020.04.09-14.48.03:886][  0]LogConfig: Setting CVar [[grass.DensityScale:1.0]]
[2020.04.09-14.48.03:886][  0]LogInit: Selected Device Profile: [Windows]
[2020.04.09-14.48.03:886][  0]LogInit: Applying CVar settings loaded from the selected device profile: [Windows]
[2020.04.09-14.48.03:933][  0]LogHAL: Display: Platform has ~ 16 GB [17116258304 / 17179869184 / 16], which maps to Larger [LargestMinGB=32, LargerMinGB=12, DefaultMinGB=8, SmallerMinGB=6, SmallestMinGB=0)
[2020.04.09-14.48.03:934][  0]LogConfig: Setting CVar [[r.Vulkan.UseRealUBs:0		; Required until we fix HLR fall-out]]
[2020.04.09-14.48.03:934][  0]LogInit: Going up to parent DeviceProfile []
[2020.04.09-14.48.03:935][  0]LogConfig: Applying CVar settings from Section [ViewDistanceQuality@3] File [E:/SeniorProject/PollutionProject/SeniorProject/Saved/Config/Windows/Scalability.ini]
[2020.04.09-14.48.03:936][  0]LogConfig: Setting CVar [[r.SkeletalMeshLODBias:0]]
[2020.04.09-14.48.03:937][  0]LogConfig: Setting CVar [[r.ViewDistanceScale:1.0]]
[2020.04.09-14.48.03:937][  0]LogConfig: Applying CVar settings from Section [AntiAliasingQuality@3] File [E:/SeniorProject/PollutionProject/SeniorProject/Saved/Config/Windows/Scalability.ini]
[2020.04.09-14.48.03:938][  0]LogConfig: Setting CVar [[r.PostProcessAAQuality:4]]
[2020.04.09-14.48.03:939][  0]LogConfig: Applying CVar settings from Section [ShadowQuality@3] File [E:/SeniorProject/PollutionProject/SeniorProject/Saved/Config/Windows/Scalability.ini]
[2020.04.09-14.48.03:940][  0]LogConfig: Setting CVar [[r.LightFunctionQuality:1]]
[2020.04.09-14.48.03:941][  0]LogConfig: Setting CVar [[r.ShadowQuality:5]]
[2020.04.09-14.48.03:942][  0]LogConfig: Setting CVar [[r.Shadow.CSM.MaxCascades:10]]
[2020.04.09-14.48.03:942][  0]LogConfig: Setting CVar [[r.Shadow.MaxResolution:2048]]
[2020.04.09-14.48.03:942][  0]LogConfig: Setting CVar [[r.Shadow.MaxCSMResolution:2048]]
[2020.04.09-14.48.03:943][  0]LogConfig: Setting CVar [[r.Shadow.RadiusThreshold:0.01]]
[2020.04.09-14.48.03:943][  0]LogConfig: Setting CVar [[r.Shadow.DistanceScale:1.0]]
[2020.04.09-14.48.03:943][  0]LogConfig: Setting CVar [[r.Shadow.CSM.TransitionScale:1.0]]
[2020.04.09-14.48.03:943][  0]LogConfig: Setting CVar [[r.Shadow.PreShadowResolutionFactor:1.0]]
[2020.04.09-14.48.03:943][  0]LogConfig: Setting CVar [[r.DistanceFieldShadowing:1]]
[2020.04.09-14.48.03:943][  0]LogConfig: Setting CVar [[r.DistanceFieldAO:1]]
[2020.04.09-14.48.03:943][  0]LogConfig: Setting CVar [[r.AOQuality:2]]
[2020.04.09-14.48.03:943][  0]LogConfig: Setting CVar [[r.VolumetricFog:1]]
[2020.04.09-14.48.03:943][  0]LogConfig: Setting CVar [[r.VolumetricFog.GridPixelSize:8]]
[2020.04.09-14.48.03:944][  0]LogConfig: Setting CVar [[r.VolumetricFog.GridSizeZ:128]]
[2020.04.09-14.48.03:944][  0]LogConfig: Setting CVar [[r.VolumetricFog.HistoryMissSupersampleCount:4]]
[2020.04.09-14.48.03:944][  0]LogConfig: Setting CVar [[r.LightMaxDrawDistanceScale:1]]
[2020.04.09-14.48.03:944][  0]LogConfig: Setting CVar [[r.CapsuleShadows:1]]
[2020.04.09-14.48.03:944][  0]LogConfig: Applying CVar settings from Section [PostProcessQuality@3] File [E:/SeniorProject/PollutionProject/SeniorProject/Saved/Config/Windows/Scalability.ini]
[2020.04.09-14.48.03:944][  0]LogConfig: Setting CVar [[r.MotionBlurQuality:4]]
[2020.04.09-14.48.03:944][  0]LogConfig: Setting CVar [[r.AmbientOcclusionMipLevelFactor:0.4]]
[2020.04.09-14.48.03:944][  0]LogConfig: Setting CVar [[r.AmbientOcclusionMaxQuality:100]]
[2020.04.09-14.48.03:944][  0]LogConfig: Setting CVar [[r.AmbientOcclusionLevels:-1]]
[2020.04.09-14.48.03:944][  0]LogConfig: Setting CVar [[r.AmbientOcclusionRadiusScale:1.0]]
[2020.04.09-14.48.03:944][  0]LogConfig: Setting CVar [[r.DepthOfFieldQuality:2]]
[2020.04.09-14.48.03:944][  0]LogConfig: Setting CVar [[r.RenderTargetPoolMin:400]]
[2020.04.09-14.48.03:944][  0]LogConfig: Setting CVar [[r.LensFlareQuality:2]]
[2020.04.09-14.48.03:945][  0]LogConfig: Setting CVar [[r.SceneColorFringeQuality:1]]
[2020.04.09-14.48.03:945][  0]LogConfig: Setting CVar [[r.EyeAdaptationQuality:2]]
[2020.04.09-14.48.03:945][  0]LogConfig: Setting CVar [[r.BloomQuality:5]]
[2020.04.09-14.48.03:945][  0]LogConfig: Setting CVar [[r.FastBlurThreshold:100]]
[2020.04.09-14.48.03:945][  0]LogConfig: Setting CVar [[r.Upscale.Quality:3]]
[2020.04.09-14.48.03:945][  0]LogConfig: Setting CVar [[r.Tonemapper.GrainQuantization:1]]
[2020.04.09-14.48.03:945][  0]LogConfig: Setting CVar [[r.LightShaftQuality:1]]
[2020.04.09-14.48.03:945][  0]LogConfig: Setting CVar [[r.Filter.SizeScale:1]]
[2020.04.09-14.48.03:945][  0]LogConfig: Setting CVar [[r.Tonemapper.Quality:5]]
[2020.04.09-14.48.03:945][  0]LogConfig: Setting CVar [[r.DOF.Gather.AccumulatorQuality:1        ; higher gathering accumulator quality]]
[2020.04.09-14.48.03:945][  0]LogConfig: Setting CVar [[r.DOF.Gather.PostfilterMethod:1          ; Median3x3 postfilering method]]
[2020.04.09-14.48.03:945][  0]LogConfig: Setting CVar [[r.DOF.Gather.EnableBokehSettings:0       ; no bokeh simulation when gathering]]
[2020.04.09-14.48.03:945][  0]LogConfig: Setting CVar [[r.DOF.Gather.RingCount:4                 ; medium number of samples when gathering]]
[2020.04.09-14.48.03:945][  0]LogConfig: Setting CVar [[r.DOF.Scatter.ForegroundCompositing:1    ; additive foreground scattering]]
[2020.04.09-14.48.03:945][  0]LogConfig: Setting CVar [[r.DOF.Scatter.BackgroundCompositing:2    ; additive background scattering]]
[2020.04.09-14.48.03:946][  0]LogConfig: Setting CVar [[r.DOF.Scatter.EnableBokehSettings:1      ; bokeh simulation when scattering]]
[2020.04.09-14.48.03:946][  0]LogConfig: Setting CVar [[r.DOF.Scatter.MaxSpriteRatio:0.1         ; only a maximum of 10% of scattered bokeh]]
[2020.04.09-14.48.03:946][  0]LogConfig: Setting CVar [[r.DOF.Recombine.Quality:1                ; cheap slight out of focus]]
[2020.04.09-14.48.03:946][  0]LogConfig: Setting CVar [[r.DOF.Recombine.EnableBokehSettings:0    ; no bokeh simulation on slight out of focus]]
[2020.04.09-14.48.03:946][  0]LogConfig: Setting CVar [[r.DOF.TemporalAAQuality:1                ; more stable temporal accumulation]]
[2020.04.09-14.48.03:947][  0]LogConfig: Setting CVar [[r.DOF.Kernel.MaxForegroundRadius:0.025]]
[2020.04.09-14.48.03:947][  0]LogConfig: Setting CVar [[r.DOF.Kernel.MaxBackgroundRadius:0.025]]
[2020.04.09-14.48.03:947][  0]LogConfig: Applying CVar settings from Section [TextureQuality@3] File [E:/SeniorProject/PollutionProject/SeniorProject/Saved/Config/Windows/Scalability.ini]
[2020.04.09-14.48.03:947][  0]LogConfig: Setting CVar [[r.Streaming.MipBias:0]]
[2020.04.09-14.48.03:948][  0]LogConfig: Setting CVar [[r.Streaming.AmortizeCPUToGPUCopy:0]]
[2020.04.09-14.48.03:948][  0]LogConfig: Setting CVar [[r.Streaming.MaxNumTexturesToStreamPerFrame:0]]
[2020.04.09-14.48.03:948][  0]LogConfig: Setting CVar [[r.Streaming.Boost:1]]
[2020.04.09-14.48.03:948][  0]LogConfig: Setting CVar [[r.MaxAnisotropy:8]]
[2020.04.09-14.48.03:948][  0]LogConfig: Setting CVar [[r.Streaming.LimitPoolSizeToVRAM:0]]
[2020.04.09-14.48.03:948][  0]LogConfig: Setting CVar [[r.Streaming.PoolSize:1000]]
[2020.04.09-14.48.03:948][  0]LogConfig: Setting CVar [[r.Streaming.MaxEffectiveScreenSize:0]]
[2020.04.09-14.48.03:948][  0]LogConfig: Applying CVar settings from Section [EffectsQuality@3] File [E:/SeniorProject/PollutionProject/SeniorProject/Saved/Config/Windows/Scalability.ini]
[2020.04.09-14.48.03:948][  0]LogConfig: Setting CVar [[r.TranslucencyLightingVolumeDim:64]]
[2020.04.09-14.48.03:948][  0]LogConfig: Setting CVar [[r.RefractionQuality:2]]
[2020.04.09-14.48.03:948][  0]LogConfig: Setting CVar [[r.SSR.Quality:3]]
[2020.04.09-14.48.03:948][  0]LogConfig: Setting CVar [[r.SceneColorFormat:4]]
[2020.04.09-14.48.03:948][  0]LogConfig: Setting CVar [[r.DetailMode:2]]
[2020.04.09-14.48.03:948][  0]LogConfig: Setting CVar [[r.TranslucencyVolumeBlur:1]]
[2020.04.09-14.48.03:948][  0]LogConfig: Setting CVar [[r.MaterialQualityLevel:1 ; High quality]]
[2020.04.09-14.48.03:948][  0]LogConfig: Setting CVar [[r.SSS.Scale:1]]
[2020.04.09-14.48.03:949][  0]LogConfig: Setting CVar [[r.SSS.SampleSet:2]]
[2020.04.09-14.48.03:949][  0]LogConfig: Setting CVar [[r.SSS.Quality:1]]
[2020.04.09-14.48.03:949][  0]LogConfig: Setting CVar [[r.SSS.HalfRes:1]]
[2020.04.09-14.48.03:949][  0]LogConfig: Setting CVar [[r.EmitterSpawnRateScale:1.0]]
[2020.04.09-14.48.03:949][  0]LogConfig: Setting CVar [[r.ParticleLightQuality:2]]
[2020.04.09-14.48.03:949][  0]LogConfig: Applying CVar settings from Section [FoliageQuality@3] File [E:/SeniorProject/PollutionProject/SeniorProject/Saved/Config/Windows/Scalability.ini]
[2020.04.09-14.48.03:949][  0]LogConfig: Setting CVar [[foliage.DensityScale:1.0]]
[2020.04.09-14.48.03:949][  0]LogConfig: Setting CVar [[grass.DensityScale:1.0]]
[2020.04.09-14.48.03:949][  0]LogConfig: Applying CVar settings from Section [Startup] File [../../../Engine/Config/ConsoleVariables.ini]
[2020.04.09-14.48.03:950][  0]LogConfig: Setting CVar [[net.UseAdaptiveNetUpdateFrequency:0]]
[2020.04.09-14.48.03:950][  0]LogConfig: Setting CVar [[p.chaos.AllowCreatePhysxBodies:1]]
[2020.04.09-14.48.03:950][  0]LogConfig: Applying CVar settings from Section [ConsoleVariables] File [E:/SeniorProject/PollutionProject/SeniorProject/Saved/Config/Windows/Engine.ini]
[2020.04.09-14.48.03:950][  0]LogInit: Computer: GREGSPC
[2020.04.09-14.48.03:950][  0]LogInit: User: Gregory
[2020.04.09-14.48.03:950][  0]LogInit: CPU Page size=4096, Cores=4
[2020.04.09-14.48.03:950][  0]LogInit: High frequency timer resolution =10.000000 MHz
[2020.04.09-14.48.03:950][  0]LogMemory: Memory total: Physical=15.9GB (16GB approx)
[2020.04.09-14.48.03:950][  0]LogMemory: Platform Memory Stats for Windows
[2020.04.09-14.48.03:951][  0]LogMemory: Process Physical Memory: 102.46 MB used, 102.47 MB peak
[2020.04.09-14.48.03:951][  0]LogMemory: Process Virtual Memory: 104.31 MB used, 104.31 MB peak
[2020.04.09-14.48.03:951][  0]LogMemory: Physical Memory: 12741.00 MB used,  3582.33 MB free, 16323.34 MB total
[2020.04.09-14.48.03:951][  0]LogMemory: Virtual Memory: 4670.20 MB used,  134213056.00 MB free, 134217728.00 MB total
[2020.04.09-14.48.05:550][  0]LogInit: Using OS detected language (en-US).
[2020.04.09-14.48.05:550][  0]LogInit: Using OS detected locale (en-US).
[2020.04.09-14.48.05:589][  0]LogTextLocalizationManager: No specific localization for 'en-US' exists, so the 'en' localization will be used.
[2020.04.09-14.48.06:503][  0]LogInit: Setting process to per monitor DPI aware
[2020.04.09-14.48.07:193][  0]LogSlate: New Slate User Created.  User Index 0, Is Virtual User: 0
[2020.04.09-14.48.07:193][  0]LogSlate: Slate User Registered.  User Index 0, Is Virtual User: 0
[2020.04.09-14.48.13:187][  0]LogHMD: Failed to initialize OpenVR with code 126
[2020.04.09-14.48.13:187][  0]LogD3D11RHI: D3D11 adapters:
[2020.04.09-14.48.14:971][  0]LogD3D11RHI:    0. 'NVIDIA GeForce RTX 2080' (Feature Level 11_0)
[2020.04.09-14.48.14:971][  0]LogD3D11RHI:       8010/0/8161 MB DedicatedVideo/DedicatedSystem/SharedSystem, Outputs:4, VendorId:0x10de
[2020.04.09-14.48.15:082][  0]LogD3D11RHI:    1. 'Microsoft Basic Render Driver' (Feature Level 11_0)
[2020.04.09-14.48.15:082][  0]LogD3D11RHI:       0/0/8161 MB DedicatedVideo/DedicatedSystem/SharedSystem, Outputs:0, VendorId:0x1414
[2020.04.09-14.48.15:082][  0]LogD3D11RHI: Chosen D3D11 Adapter: 0
[2020.04.09-14.48.15:090][  0]LogD3D11RHI: Creating new Direct3DDevice
[2020.04.09-14.48.15:091][  0]LogD3D11RHI:     GPU DeviceId: 0x1e87 (for the marketing name, search the web for "GPU Device Id")
[2020.04.09-14.48.15:091][  0]LogWindows: EnumDisplayDevices:
[2020.04.09-14.48.15:091][  0]LogWindows:    0. 'NVIDIA GeForce RTX 2080' (P:1 D:1)
[2020.04.09-14.48.15:091][  0]LogWindows:    1. 'NVIDIA GeForce RTX 2080' (P:0 D:1)
[2020.04.09-14.48.15:092][  0]LogWindows:    2. 'NVIDIA GeForce RTX 2080' (P:0 D:1)
[2020.04.09-14.48.15:092][  0]LogWindows:    3. 'NVIDIA GeForce RTX 2080' (P:0 D:1)
[2020.04.09-14.48.15:092][  0]LogWindows: DebugString: FoundDriverCount:4 
[2020.04.09-14.48.15:092][  0]LogD3D11RHI:     Adapter Name: NVIDIA GeForce RTX 2080
[2020.04.09-14.48.15:092][  0]LogD3D11RHI:   Driver Version: 432.00 (internal:26.21.14.3200, unified:432.00)
[2020.04.09-14.48.15:092][  0]LogD3D11RHI:      Driver Date: 7-24-2019
[2020.04.09-14.48.15:093][  0]LogRHI: Texture pool is 5607 MB (70% of 8010 MB)
[2020.04.09-14.48.15:144][  0]LogD3D11RHI: Async texture creation enabled
[2020.04.09-14.48.15:212][  0]LogRendererCore: FGlobalReadBuffer::InitRHI
[2020.04.09-14.48.15:213][  0]LogRendererCore: FGlobalReadBuffer::InitRHI
[2020.04.09-14.48.15:213][  0]LogRendererCore: FGlobalReadBuffer::InitRHI
[2020.04.09-14.48.15:257][  0]LogD3D11RHI: GPU Timing Frequency: 1000.000000 (Debug: 2 1)
[2020.04.09-14.48.15:873][  0]LogTemp: Display: Module 'AllDesktopTargetPlatform' loaded TargetPlatform 'AllDesktop'
[2020.04.09-14.48.15:952][  0]LogTemp: Display: Module 'MacClientTargetPlatform' loaded TargetPlatform 'MacClient'
[2020.04.09-14.48.16:057][  0]LogTemp: Display: Module 'MacNoEditorTargetPlatform' loaded TargetPlatform 'MacNoEditor'
[2020.04.09-14.48.16:212][  0]LogTemp: Display: Module 'MacServerTargetPlatform' loaded TargetPlatform 'MacServer'
[2020.04.09-14.48.16:304][  0]LogTemp: Display: Module 'MacTargetPlatform' loaded TargetPlatform 'Mac'
[2020.04.09-14.48.16:383][  0]LogTemp: Display: Module 'WindowsClientTargetPlatform' loaded TargetPlatform 'WindowsClient'
[2020.04.09-14.48.16:681][  0]LogTemp: Display: Module 'WindowsNoEditorTargetPlatform' loaded TargetPlatform 'WindowsNoEditor'
[2020.04.09-14.48.16:749][  0]LogTemp: Display: Module 'WindowsServerTargetPlatform' loaded TargetPlatform 'WindowsServer'
[2020.04.09-14.48.16:823][  0]LogTemp: Display: Module 'WindowsTargetPlatform' loaded TargetPlatform 'Windows'
[2020.04.09-14.48.16:970][  0]LogTemp: Display: Module 'AndroidTargetPlatform' loaded TargetPlatform 'Android'
[2020.04.09-14.48.16:970][  0]LogTemp: Display: Module 'AndroidTargetPlatform' loaded TargetPlatform 'Android_ASTC'
[2020.04.09-14.48.16:970][  0]LogTemp: Display: Module 'AndroidTargetPlatform' loaded TargetPlatform 'Android_ATC'
[2020.04.09-14.48.16:970][  0]LogTemp: Display: Module 'AndroidTargetPlatform' loaded TargetPlatform 'Android_DXT'
[2020.04.09-14.48.16:970][  0]LogTemp: Display: Module 'AndroidTargetPlatform' loaded TargetPlatform 'Android_ETC1'
[2020.04.09-14.48.16:970][  0]LogTemp: Display: Module 'AndroidTargetPlatform' loaded TargetPlatform 'Android_ETC1a'
[2020.04.09-14.48.16:970][  0]LogTemp: Display: Module 'AndroidTargetPlatform' loaded TargetPlatform 'Android_ETC2'
[2020.04.09-14.48.16:970][  0]LogTemp: Display: Module 'AndroidTargetPlatform' loaded TargetPlatform 'Android_PVRTC'
[2020.04.09-14.48.16:970][  0]LogTemp: Display: Module 'AndroidTargetPlatform' loaded TargetPlatform 'AndroidClient'
[2020.04.09-14.48.16:970][  0]LogTemp: Display: Module 'AndroidTargetPlatform' loaded TargetPlatform 'Android_ASTCClient'
[2020.04.09-14.48.16:970][  0]LogTemp: Display: Module 'AndroidTargetPlatform' loaded TargetPlatform 'Android_ATCClient'
[2020.04.09-14.48.16:971][  0]LogTemp: Display: Module 'AndroidTargetPlatform' loaded TargetPlatform 'Android_DXTClient'
[2020.04.09-14.48.16:971][  0]LogTemp: Display: Module 'AndroidTargetPlatform' loaded TargetPlatform 'Android_ETC1Client'
[2020.04.09-14.48.16:971][  0]LogTemp: Display: Module 'AndroidTargetPlatform' loaded TargetPlatform 'Android_ETC1aClient'
[2020.04.09-14.48.16:971][  0]LogTemp: Display: Module 'AndroidTargetPlatform' loaded TargetPlatform 'Android_ETC2Client'
[2020.04.09-14.48.16:971][  0]LogTemp: Display: Module 'AndroidTargetPlatform' loaded TargetPlatform 'Android_PVRTCClient'
[2020.04.09-14.48.16:971][  0]LogTemp: Display: Module 'AndroidTargetPlatform' loaded TargetPlatform 'Android_Multi'
[2020.04.09-14.48.16:971][  0]LogTemp: Display: Module 'AndroidTargetPlatform' loaded TargetPlatform 'Android_MultiClient'
[2020.04.09-14.48.17:036][  0]LogTemp: Display: Module 'HTML5TargetPlatform' loaded TargetPlatform 'HTML5'
[2020.04.09-14.48.17:323][  0]LogTemp: Display: Module 'IOSTargetPlatform' loaded TargetPlatform 'IOSClient'
[2020.04.09-14.48.17:323][  0]LogTemp: Display: Module 'IOSTargetPlatform' loaded TargetPlatform 'IOS'
[2020.04.09-14.48.17:375][  0]LogTemp: Display: Module 'TVOSTargetPlatform' loaded TargetPlatform 'TVOSClient'
[2020.04.09-14.48.17:375][  0]LogTemp: Display: Module 'TVOSTargetPlatform' loaded TargetPlatform 'TVOS'
[2020.04.09-14.48.17:420][  0]LogTemp: Display: Module 'LinuxClientTargetPlatform' loaded TargetPlatform 'LinuxClient'
[2020.04.09-14.48.17:520][  0]LogTemp: Display: Module 'LinuxNoEditorTargetPlatform' loaded TargetPlatform 'LinuxNoEditor'
[2020.04.09-14.48.17:588][  0]LogTemp: Display: Module 'LinuxServerTargetPlatform' loaded TargetPlatform 'LinuxServer'
[2020.04.09-14.48.17:700][  0]LogTemp: Display: Module 'LinuxTargetPlatform' loaded TargetPlatform 'Linux'
[2020.04.09-14.48.17:785][  0]LogTemp: Display: Module 'LuminTargetPlatform' loaded TargetPlatform 'Lumin'
[2020.04.09-14.48.17:785][  0]LogTemp: Display: Module 'LuminTargetPlatform' loaded TargetPlatform 'LuminClient'
[2020.04.09-14.48.17:785][  0]LogTargetPlatformManager: Display: Building Assets For Windows
[2020.04.09-14.48.17:967][  0]LogAudioDebug: Display: Lib vorbis DLL was dynamically loaded.
[2020.04.09-14.48.19:548][  0]LogShaderCompilers: Guid format shader working directory is 1 characters bigger than the processId version (E:/SeniorProject/PollutionProject/SeniorProject/Intermediate/Shaders/WorkingDirectory/7792/).
[2020.04.09-14.48.19:548][  0]LogShaderCompilers: Cleaned the shader compiler working directory 'C:/Users/Gregory/AppData/Local/Temp/UnrealShaderWorkingDir/CF3E39104877B0D7C251B3991F31B14E/'.
[2020.04.09-14.48.19:562][  0]LogXGEController: Cannot use XGE Controller as Incredibuild is not installed on this machine.
[2020.04.09-14.48.19:562][  0]LogShaderCompilers: Cannot use XGE Shader Compiler as Incredibuild is not installed on this machine.
[2020.04.09-14.48.19:562][  0]LogShaderCompilers: Display: Using Local Shader Compiler.
[2020.04.09-14.48.30:679][  0]LogDerivedDataCache: Display: Max Cache Size: 512 MB
[2020.04.09-14.48.31:740][  0]LogDerivedDataCache: Loaded boot cache 1.06s 73MB C:/Users/Gregory/AppData/Local/UnrealEngine/4.22/DerivedDataCache/Boot.ddc.
[2020.04.09-14.48.31:741][  0]LogDerivedDataCache: Display: Loaded Boot cache: C:/Users/Gregory/AppData/Local/UnrealEngine/4.22/DerivedDataCache/Boot.ddc
[2020.04.09-14.48.31:741][  0]LogDerivedDataCache: FDerivedDataBackendGraph:  Pak pak cache file E:/SeniorProject/PollutionProject/SeniorProject/DerivedDataCache/DDC.ddp not found, will not use a pak cache.
[2020.04.09-14.48.31:741][  0]LogDerivedDataCache: Unable to find inner node Pak for hierarchical cache Hierarchy.
[2020.04.09-14.48.31:741][  0]LogDerivedDataCache: FDerivedDataBackendGraph:  CompressedPak pak cache file E:/SeniorProject/PollutionProject/SeniorProject/DerivedDataCache/Compressed.ddp not found, will not use a pak cache.
[2020.04.09-14.48.31:741][  0]LogDerivedDataCache: Unable to find inner node CompressedPak for hierarchical cache Hierarchy.
[2020.04.09-14.48.31:770][  0]LogDerivedDataCache: Display: Pak cache opened for reading ../../../Engine/DerivedDataCache/Compressed.ddp.
[2020.04.09-14.48.31:773][  0]LogDerivedDataCache: Display: Pak cache opened for reading ../../../Enterprise/DerivedDataCache/Compressed.ddp.
[2020.04.09-14.48.31:786][  0]LogDerivedDataCache: Using Local data cache path C:/Users/Gregory/AppData/Local/UnrealEngine/Common/DerivedDataCache: Writable
[2020.04.09-14.48.31:786][  0]LogDerivedDataCache: Shared data cache path not found in *engine.ini, will not use an Shared cache.
[2020.04.09-14.48.31:786][  0]LogDerivedDataCache: Unable to find inner node Shared for hierarchical cache Hierarchy.
[2020.04.09-14.48.31:809][  0]LogMaterial: Verifying Global Shaders for PCD3D_SM5
[2020.04.09-14.48.31:822][  0]LogSlate: Using FreeType 2.6.0
[2020.04.09-14.48.31:903][  0]LogSlate: SlateFontServices - WITH_FREETYPE: 1, WITH_HARFBUZZ: 1
[2020.04.09-14.48.33:543][  0]LogAssetRegistry: FAssetRegistry took 0.0357 seconds to start up
[2020.04.09-14.48.35:139][  0]LogInit: Selected Device Profile: [Windows]
[2020.04.09-14.48.41:613][  0]LogMeshReduction: Using QuadricMeshReduction for automatic static mesh reduction
[2020.04.09-14.48.41:613][  0]LogMeshReduction: Using SimplygonMeshReduction for automatic skeletal mesh reduction
[2020.04.09-14.48.41:613][  0]LogMeshReduction: Using ProxyLODMeshReduction for automatic mesh merging
[2020.04.09-14.48.41:614][  0]LogMeshReduction: No distributed automatic mesh merging module available
[2020.04.09-14.48.41:614][  0]LogMeshMerging: No distributed automatic mesh merging module available
[2020.04.09-14.48.41:745][  0]LogNetVersion: SeniorProject 1.0.0, NetCL: 5660361, EngineNetVer: 10, GameNetVer: 0 (Checksum: 993350713)
[2020.04.09-14.48.43:942][  0]LogPackageLocalizationCache: Processed 16 localized package path(s) for 1 prioritized culture(s) in 0.069928 seconds
[2020.04.09-14.48.43:949][  0]LogUObjectArray: 42205 objects as part of root set at end of initial load.
[2020.04.09-14.48.43:949][  0]LogUObjectAllocator: 7325032 out of 0 bytes used by permanent object pool.
[2020.04.09-14.48.43:950][  0]LogUObjectArray: CloseDisregardForGC: 0/0 objects in disregard for GC pool
[2020.04.09-14.49.15:364][  0]LogTcpMessaging: Initializing TcpMessaging bridge
[2020.04.09-14.49.15:445][  0]LogUdpMessaging: Initializing bridge on interface 0.0.0.0:0 to multicast group 230.0.0.1:6666.
[2020.04.09-14.49.16:260][  0]LogOutputDevice: Error: Ensure condition failed: AttachmentRules.LocationRule == EAttachmentRule::KeepRelative && AttachmentRules.RotationRule == EAttachmentRule::KeepRelative && AttachmentRules.ScaleRule == EAttachmentRule::KeepRelative [File:D:\Build\++UE4\Sync\Engine\Source\Runtime\Engine\Private\Components\SceneComponent.cpp] [Line: 1786] 
AttachToComponent when called from a constructor is only setting up attachment and will always be treated as KeepRelative. Consider calling SetupAttachment directly instead.

[2020.04.09-14.49.16:260][  0]LogStats:             FDebug::EnsureFailed -  0.000 s
[2020.04.09-14.49.55:662][  0]SourceControl: Source control is disabled
[2020.04.09-14.50.02:454][  0]LogAndroidPermission: UAndroidPermissionCallbackProxy::GetInstance
[2020.04.09-14.50.03:345][  0]LogOcInput: OculusInput pre-init called
[2020.04.09-14.50.08:849][  0]LogWindows: Failed to load 'libalias_api.dll' (GetLastError=126)
[2020.04.09-14.50.08:849][  0]LogWindows: File 'libalias_api.dll' does not exist
[2020.04.09-14.50.08:851][  0]LogWindows: Failed to load 'libalias_api.dll' (GetLastError=126)
[2020.04.09-14.50.08:851][  0]LogWindows: File 'libalias_api.dll' does not exist
[2020.04.09-14.50.09:591][  0]LogEngine: Initializing Engine...
[2020.04.09-14.50.09:645][  0]LogHMD: Failed to initialize OpenVR with code 126
[2020.04.09-14.50.09:666][  0]LogStats: UGameplayTagsManager::InitializeManager -  0.020 s
[2020.04.09-14.50.09:954][  0]LogInit: Initializing FReadOnlyCVARCache
[2020.04.09-14.50.10:274][  0]LogAIModule: Creating AISystem for world Untitled
[2020.04.09-14.50.10:469][  0]LogInit: XAudio2 using 'Headset Earphone (2- Corsair HS70 Wireless Gaming Headset)' : 2 channels at 48 kHz using 16 bits per sample (channel mask 0x3)
[2020.04.09-14.50.10:519][  0]LogInit: FAudioDevice initialized.
[2020.04.09-14.50.10:520][  0]LogNetVersion: Set ProjectVersion to 1.0.0.0. Version Checksum will be recalculated on next use.
[2020.04.09-14.50.10:762][  0]LogDerivedDataCache: Saved boot cache 0.24s 73MB C:/Users/Gregory/AppData/Local/UnrealEngine/4.22/DerivedDataCache/Boot.ddc.
[2020.04.09-14.50.10:772][  0]LogInit: Texture streaming: Enabled
[2020.04.09-14.50.11:314][  0]LogEngineSessionManager: EngineSessionManager initialized
[2020.04.09-14.50.12:075][  0]LogInit: Transaction tracking system initialized
[2020.04.09-14.50.12:608][  0]BlueprintLog: New page: Editor Load
[2020.04.09-14.50.16:112][  0]LocalizationService: Localization service is disabled
[2020.04.09-14.50.19:774][  0]LogFileCache: Scanning file cache for directory 'E:/SeniorProject/PollutionProject/SeniorProject/Content/' took 0.02s
[2020.04.09-14.50.19:774][  0]LogCook: Display: Max memory allowance for cook 16384mb min free memory 0mb
[2020.04.09-14.50.19:775][  0]LogCook: Display: Mobile HDR setting 1
[2020.04.09-14.50.27:572][  0]LogSlate: Took 0.128478 seconds to synchronously load lazily loaded font '../../../Engine/Content/Slate/Fonts/Roboto-Regular.ttf' (155K)
[2020.04.09-14.52.43:441][  0]LogSlate: Window 'Restore Packages' being destroyed
[2020.04.09-14.52.43:457][  0]LogWindowsTextInputMethodSystem: Display: IME system now deactivated.
[2020.04.09-14.52.43:463][  0]LogWindowsTextInputMethodSystem: Display: IME system now deactivated.
[2020.04.09-14.52.43:767][  0]LogWindowsTextInputMethodSystem: Display: IME system now deactivated.
[2020.04.09-14.52.43:768][  0]LogWindowsTextInputMethodSystem: Display: IME system now deactivated.
[2020.04.09-14.52.43:823][  0]Cmd: MAP LOAD FILE="E:/SeniorProject/PollutionProject/SeniorProject/Content/Levels/GreyBoxLVL4.umap" TEMPLATE=0 SHOWPROGRESS=1 FEATURELEVEL=3
[2020.04.09-14.52.43:824][  0]LightingResults: New page: Lighting Build
[2020.04.09-14.52.43:848][  0]MapCheck: New page: Map Check
[2020.04.09-14.52.43:848][  0]LightingResults: New page: Lighting Build
[2020.04.09-14.52.43:923][  0]LogUObjectHash: Compacting FUObjectHashTables data took   2.33ms
[2020.04.09-14.52.45:146][  0]LogLinker: Warning: Asset 'E:/SeniorProject/PollutionProject/SeniorProject/Content/Materials/MF_ConvolveTexture.uasset' has been saved with empty engine version. The asset will be loaded but may be incompatible.
[2020.04.09-14.52.45:148][  0]LogLinker: Warning: Asset 'E:/SeniorProject/PollutionProject/SeniorProject/Content/Materials/MF_ExtractDepth.uasset' has been saved with empty engine version. The asset will be loaded but may be incompatible.
[2020.04.09-14.52.45:148][  0]LogLinker: Warning: Asset 'E:/SeniorProject/PollutionProject/SeniorProject/Content/Materials/MF_SampleSceneTextureNeighbourUVs.uasset' has been saved with empty engine version. The asset will be loaded but may be incompatible.
[2020.04.09-14.53.23:233][  0]LogAIModule: Creating AISystem for world GreyBoxLVL4
[2020.04.09-14.53.26:727][  0]LogEditorServer: Finished looking for orphan Actors (0.000 secs)
[2020.04.09-14.53.27:084][  0]LogUObjectHash: Compacting FUObjectHashTables data took   4.05ms
[2020.04.09-14.53.27:093][  0]Cmd: MAP CHECKDEP NOCLEARLOG
[2020.04.09-14.53.27:104][  0]MapCheck: Map check complete: 0 Error(s), 0 Warning(s), took 1.11ms to complete.
[2020.04.09-14.53.27:114][  0]LogFileHelpers: Loading map 'GreyBoxLVL4' took 43.290
[2020.04.09-14.53.28:047][  0]LogSlate: Updating window title bar state: overlay mode, drag disabled, window buttons hidden, title bar hidden
[2020.04.09-14.53.28:081][  0]LogSlate: Updating window title bar state: overlay mode, drag disabled, window buttons hidden, title bar hidden
[2020.04.09-14.53.28:088][  0]LogSlate: Updating window title bar state: overlay mode, drag disabled, window buttons hidden, title bar hidden
[2020.04.09-14.53.28:095][  0]LogSlate: Updating window title bar state: overlay mode, drag disabled, window buttons hidden, title bar hidden
[2020.04.09-14.53.28:311][  0]LogCollectionManager: Loaded 0 collections in 0.003244 seconds
[2020.04.09-14.53.28:453][  0]LogFileCache: Scanning file cache for directory 'E:/SeniorProject/PollutionProject/SeniorProject/Saved/Collections/' took 0.01s
[2020.04.09-14.53.28:453][  0]LogFileCache: Scanning file cache for directory 'E:/SeniorProject/PollutionProject/SeniorProject/Content/Developers/Gregory/Collections/' took 0.00s
[2020.04.09-14.53.28:453][  0]LogFileCache: Scanning file cache for directory 'E:/SeniorProject/PollutionProject/SeniorProject/Content/Collections/' took 0.00s
[2020.04.09-14.53.28:453][  0]LogCollectionManager: Rebuilt the GUID cache for 0 collections in 0.000000 seconds
[2020.04.09-14.53.28:495][  0]LogContentBrowser: Native class hierarchy populated in 0.0422 seconds. Added 2876 classes and 729 folders.
[2020.04.09-14.53.28:583][  0]LogContentBrowser: Native class hierarchy updated for 'WidgetCarousel' in 0.0003 seconds. Added 0 classes and 0 folders.
[2020.04.09-14.53.28:675][  0]LogPakFile: Registered encryption key '00000000000000000000000000000000': 0 pak files mounted, 0 remain pending
[2020.04.09-14.53.28:750][  0]LogPakFile: Registered encryption key '00000000000000000000000000000000': 0 pak files mounted, 0 remain pending
[2020.04.09-14.53.28:775][  0]LogPakFile: Registered encryption key '00000000000000000000000000000000': 0 pak files mounted, 0 remain pending
[2020.04.09-14.53.28:794][  0]LogPakFile: Registered encryption key '00000000000000000000000000000000': 0 pak files mounted, 0 remain pending
[2020.04.09-14.53.28:810][  0]LogPakFile: Registered encryption key '00000000000000000000000000000000': 0 pak files mounted, 0 remain pending
[2020.04.09-14.53.28:827][  0]LogPakFile: Registered encryption key '00000000000000000000000000000000': 0 pak files mounted, 0 remain pending
[2020.04.09-14.53.28:847][  0]LogPakFile: Registered encryption key '00000000000000000000000000000000': 0 pak files mounted, 0 remain pending
[2020.04.09-14.53.28:863][  0]LogPakFile: Registered encryption key '00000000000000000000000000000000': 0 pak files mounted, 0 remain pending
[2020.04.09-14.53.28:872][  0]LogPakFile: Registered encryption key '00000000000000000000000000000000': 0 pak files mounted, 0 remain pending
[2020.04.09-14.53.28:904][  0]LogPakFile: Registered encryption key '00000000000000000000000000000000': 0 pak files mounted, 0 remain pending
[2020.04.09-14.53.28:930][  0]LogPakFile: Registered encryption key '00000000000000000000000000000000': 0 pak files mounted, 0 remain pending
[2020.04.09-14.53.28:943][  0]LogPakFile: Registered encryption key '00000000000000000000000000000000': 0 pak files mounted, 0 remain pending
[2020.04.09-14.53.28:959][  0]LogPakFile: Registered encryption key '00000000000000000000000000000000': 0 pak files mounted, 0 remain pending
[2020.04.09-14.53.28:975][  0]LogPakFile: Registered encryption key '00000000000000000000000000000000': 0 pak files mounted, 0 remain pending
[2020.04.09-14.53.28:989][  0]LogPakFile: Registered encryption key '00000000000000000000000000000000': 0 pak files mounted, 0 remain pending
[2020.04.09-14.53.29:007][  0]LogPakFile: Registered encryption key '00000000000000000000000000000000': 0 pak files mounted, 0 remain pending
[2020.04.09-14.53.29:043][  0]LogPakFile: Registered encryption key '00000000000000000000000000000000': 0 pak files mounted, 0 remain pending
[2020.04.09-14.53.29:049][  0]LogPakFile: Registered encryption key '00000000000000000000000000000000': 0 pak files mounted, 0 remain pending
[2020.04.09-14.53.29:064][  0]LogPakFile: Registered encryption key '00000000000000000000000000000000': 0 pak files mounted, 0 remain pending
[2020.04.09-14.53.29:074][  0]LogPakFile: Registered encryption key '00000000000000000000000000000000': 0 pak files mounted, 0 remain pending
[2020.04.09-14.53.29:096][  0]LogPakFile: Registered encryption key '00000000000000000000000000000000': 0 pak files mounted, 0 remain pending
[2020.04.09-14.53.29:113][  0]LogPakFile: Registered encryption key '00000000000000000000000000000000': 0 pak files mounted, 0 remain pending
[2020.04.09-14.53.29:128][  0]LogPakFile: Registered encryption key '00000000000000000000000000000000': 0 pak files mounted, 0 remain pending
[2020.04.09-14.53.29:142][  0]LogPakFile: Registered encryption key '00000000000000000000000000000000': 0 pak files mounted, 0 remain pending
[2020.04.09-14.53.29:156][  0]LogPakFile: Registered encryption key '00000000000000000000000000000000': 0 pak files mounted, 0 remain pending
[2020.04.09-14.53.29:172][  0]LogPakFile: Registered encryption key '00000000000000000000000000000000': 0 pak files mounted, 0 remain pending
[2020.04.09-14.53.29:187][  0]LogPakFile: Registered encryption key '00000000000000000000000000000000': 0 pak files mounted, 0 remain pending
[2020.04.09-14.53.29:201][  0]LogPakFile: Registered encryption key '00000000000000000000000000000000': 0 pak files mounted, 0 remain pending
[2020.04.09-14.53.31:135][  0]LogContentBrowser: Native class hierarchy updated for 'AddContentDialog' in 0.0003 seconds. Added 0 classes and 0 folders.
[2020.04.09-14.53.31:149][  0]LogContentBrowser: Native class hierarchy updated for 'SceneOutliner' in 0.0003 seconds. Added 1 classes and 0 folders.
[2020.04.09-14.53.31:502][  0]LogSlate: Took 0.045700 seconds to synchronously load lazily loaded font '../../../Engine/Content/Slate/Fonts/Roboto-Bold.ttf' (160K)
[2020.04.09-14.53.31:654][  0]LogSlate: Took 0.130613 seconds to synchronously load lazily loaded font '../../../Engine/Content/Editor/Slate/Fonts/FontAwesome.ttf' (139K)
[2020.04.09-14.53.31:889][  0]LogRenderer: Reallocating scene render targets to support 1176x580 Format 10 NumSamples 1 (Frame:1).
[2020.04.09-14.53.32:184][  0]LogStaticMesh: Allocated 512x413x64 distance field atlas = 25.8Mb, with 169 objects containing 23.1Mb backing data
[2020.04.09-14.53.32:801][  0]LogContentBrowser: Native class hierarchy updated for 'HierarchicalLODOutliner' in 0.0004 seconds. Added 0 classes and 0 folders.
[2020.04.09-14.53.32:801][  0]LogLoad: (Engine Initialization) Total time: 339.47 seconds
[2020.04.09-14.53.32:801][  0]LogLoad: (Engine Initialization) Total Blueprint compile time: 0.00 seconds
[2020.04.09-14.53.33:041][  0]LogContentStreaming: Texture pool size now 1000 MB
[2020.04.09-14.53.33:160][  0]LogSlate: Took 0.011500 seconds to synchronously load lazily loaded font '../../../Engine/Content/Slate/Fonts/Roboto-Light.ttf' (167K)
[2020.04.09-14.53.33:796][  3]LogAssetRegistry: Asset discovery search completed in 300.2781 seconds
[2020.04.09-14.53.33:802][  3]LogCollectionManager: Rebuilt the object cache for 0 collections in 0.000001 seconds (found 0 objects)
[2020.04.09-14.53.33:803][  3]LogCollectionManager: Fixed up redirectors for 0 collections in 0.000310 seconds (updated 0 objects)
[2020.04.09-14.53.37:122][ 13]LogSlate: FSceneViewport::OnFocusLost() reason 0
[2020.04.09-14.53.38:285][ 96]LogFileCache: Retrieving MD5 hashes for directory 'E:/SeniorProject/PollutionProject/SeniorProject/Content/' took 5.35s
[2020.04.09-14.53.46:555][310]LogEditorViewport: Clicking on Actor (context menu): Wood_02_Dock_Blueprint_Blueprint_C (Wood_02_Dock_Blueprint_Blueprint51)
[2020.04.09-14.53.48:342][310]LogSlate: FSceneViewport::OnFocusLost() reason 2
[2020.04.09-14.53.53:640][524]LogSlate: FSceneViewport::OnFocusLost() reason 0
[2020.04.09-14.53.58:660][805]LogEditorViewport: Clicking on Actor (context menu): Landscape (Landscape)
[2020.04.09-14.53.58:766][805]LogSlate: FSceneViewport::OnFocusLost() reason 2
[2020.04.09-14.54.00:952][951]LogSlate: FSceneViewport::OnFocusLost() reason 0
[2020.04.09-14.54.11:322][331]LogSlate: FSceneViewport::OnFocusLost() reason 0
[2020.04.09-14.54.11:414][339]LogTemp: Repeating last play command: Selected Viewport
[2020.04.09-14.54.11:475][339]LogBlueprintUserMessages: Early PlayInEditor Detection: Level '/Game/Levels/GreyBoxLVL4.GreyBoxLVL4:PersistentLevel' has LevelScriptBlueprint '/Game/Levels/GreyBoxLVL4.GreyBoxLVL4:PersistentLevel.GreyBoxLVL4' with GeneratedClass '/Game/Levels/GreyBoxLVL4.GreyBoxLVL4_C' with ClassGeneratedBy '/Game/Levels/GreyBoxLVL4.GreyBoxLVL4:PersistentLevel.GreyBoxLVL4'
[2020.04.09-14.54.11:508][339]LogPlayLevel: PlayLevel: No blueprints needed recompiling
[2020.04.09-14.54.11:566][339]PIE: New page: PIE session: GreyBoxLVL4 (Apr 9, 2020, 6:54:11 AM)
[2020.04.09-14.54.11:694][339]LogPlayLevel: Creating play world package: /Game/Levels/UEDPIE_0_GreyBoxLVL4
[2020.04.09-14.54.12:101][339]LogPlayLevel: PIE: StaticDuplicateObject took: (0.406827s)
[2020.04.09-14.54.12:120][339]LogAIModule: Creating AISystem for world GreyBoxLVL4
[2020.04.09-14.54.12:171][339]LogPlayLevel: PIE: World Init took: (0.069942s)
[2020.04.09-14.54.12:172][339]LogPlayLevel: PIE: Created PIE world by copying editor world from /Game/Levels/GreyBoxLVL4.GreyBoxLVL4 to /Game/Levels/UEDPIE_0_GreyBoxLVL4.GreyBoxLVL4 (0.478008s)
[2020.04.09-14.54.12:199][339]LogUObjectHash: Compacting FUObjectHashTables data took   2.65ms
[2020.04.09-14.54.12:366][339]LogInit: XAudio2 using 'Headset Earphone (2- Corsair HS70 Wireless Gaming Headset)' : 2 channels at 48 kHz using 16 bits per sample (channel mask 0x3)
[2020.04.09-14.54.12:386][339]LogInit: FAudioDevice initialized.
[2020.04.09-14.54.12:541][339]LogLoad: Game class is 'FirstPersonGameMode_C'
[2020.04.09-14.54.12:961][339]LogWorld: Bringing World /Game/Levels/UEDPIE_0_GreyBoxLVL4.GreyBoxLVL4 up for play (max tick rate 0) at 2020.04.09-10.54.12
[2020.04.09-14.54.13:284][339]LogWorld: Bringing up level for play took: 0.579810
[2020.04.09-14.54.13:441][339]LogContentBrowser: Native class hierarchy updated for 'MovieSceneCapture' in 0.0006 seconds. Added 20 classes and 0 folders.
[2020.04.09-14.54.13:459][339]LogScript: Warning: Script Msg: Attempted to access index 0 from array 'CallFunc_GetAllActorsOfClass_OutActors' of length 0 in '/Game/BP/Checkpoint.Checkpoint_C:ExecuteUbergraph_Checkpoint'!
[2020.04.09-14.54.13:459][339]LogScript: Warning: Script Msg: Attempted to access index 0 from array 'CallFunc_GetAllActorsOfClass_OutActors' of length 0 in '/Game/BP/Checkpoint.Checkpoint_C:ExecuteUbergraph_Checkpoint'!
[2020.04.09-14.54.13:459][339]LogScript: Warning: Script Msg: Attempted to access index 0 from array 'CallFunc_GetAllActorsOfClass_OutActors' of length 0 in '/Game/BP/OutroTrigger.OutroTrigger_C:ExecuteUbergraph_OutroTrigger'!
[2020.04.09-14.54.13:460][339]LogScript: Warning: Script Msg: Attempted to access index 0 from array 'CallFunc_GetAllActorsOfClass_OutActors' of length 0 in '/Game/BP/Respawn.Respawn_C:ExecuteUbergraph_Respawn'!
[2020.04.09-14.54.13:460][339]LogScript: Warning: Script Msg: Attempted to access index 0 from array 'CallFunc_GetAllActorsOfClass_OutActors' of length 0 in '/Game/BP/Respawn.Respawn_C:ExecuteUbergraph_Respawn'!
[2020.04.09-14.54.13:462][339]LogScript: Warning: Script Msg: Attempted to access index 0 from array 'CallFunc_GetAllActorsOfClass_OutActors' of length 0 in '/Game/Materials/FinishStopper.FinishStopper_C:ExecuteUbergraph_FinishStopper'!
[2020.04.09-14.54.17:206][339]PIE: Play in editor start time for /Game/Levels/UEDPIE_0_GreyBoxLVL4 5.992
[2020.04.09-14.54.17:208][339]LogBlueprintUserMessages: Late PlayInEditor Detection: Level '/Game/Levels/GreyBoxLVL4.GreyBoxLVL4:PersistentLevel' has LevelScriptBlueprint '/Game/Levels/GreyBoxLVL4.GreyBoxLVL4:PersistentLevel.GreyBoxLVL4' with GeneratedClass '/Game/Levels/GreyBoxLVL4.GreyBoxLVL4_C' with ClassGeneratedBy '/Game/Levels/GreyBoxLVL4.GreyBoxLVL4:PersistentLevel.GreyBoxLVL4'
[2020.04.09-14.54.42:746][233]LogBlueprintUserMessages: Early EndPlayMap Detection: Level '/Game/Levels/GreyBoxLVL4.GreyBoxLVL4:PersistentLevel' has LevelScriptBlueprint '/Game/Levels/GreyBoxLVL4.GreyBoxLVL4:PersistentLevel.GreyBoxLVL4' with GeneratedClass '/Game/Levels/GreyBoxLVL4.GreyBoxLVL4_C' with ClassGeneratedBy '/Game/Levels/GreyBoxLVL4.GreyBoxLVL4:PersistentLevel.GreyBoxLVL4'
[2020.04.09-14.54.42:799][233]LogSlate: Updating window title bar state: overlay mode, drag disabled, window buttons hidden, title bar hidden
[2020.04.09-14.54.42:969][233]LogPlayLevel: Display: Shutting down PIE online subsystems
[2020.04.09-14.54.42:971][233]LogBlueprintUserMessages: Late EndPlayMap Detection: Level '/Game/Levels/GreyBoxLVL4.GreyBoxLVL4:PersistentLevel' has LevelScriptBlueprint '/Game/Levels/GreyBoxLVL4.GreyBoxLVL4:PersistentLevel.GreyBoxLVL4' with GeneratedClass '/Game/Levels/GreyBoxLVL4.GreyBoxLVL4_C' with ClassGeneratedBy '/Game/Levels/GreyBoxLVL4.GreyBoxLVL4:PersistentLevel.GreyBoxLVL4'
[2020.04.09-14.54.43:116][233]LogSlate: Updating window title bar state: overlay mode, drag disabled, window buttons hidden, title bar hidden
[2020.04.09-14.54.43:362][233]LogUObjectHash: Compacting FUObjectHashTables data took   2.76ms
[2020.04.09-14.54.43:390][234]LogPlayLevel: Display: Destroying online subsystem :Context_2
[2020.04.09-14.54.43:441][238]LogSlate: FSceneViewport::OnFocusLost() reason 0
[2020.04.09-14.54.44:612][317]LogTemp: Repeating last play command: Selected Viewport
[2020.04.09-14.54.44:640][317]LogBlueprintUserMessages: Early PlayInEditor Detection: Level '/Game/Levels/GreyBoxLVL4.GreyBoxLVL4:PersistentLevel' has LevelScriptBlueprint '/Game/Levels/GreyBoxLVL4.GreyBoxLVL4:PersistentLevel.GreyBoxLVL4' with GeneratedClass '/Game/Levels/GreyBoxLVL4.GreyBoxLVL4_C' with ClassGeneratedBy '/Game/Levels/GreyBoxLVL4.GreyBoxLVL4:PersistentLevel.GreyBoxLVL4'
[2020.04.09-14.54.44:640][317]LogPlayLevel: PlayLevel: No blueprints needed recompiling
[2020.04.09-14.54.44:640][317]PIE: New page: PIE session: GreyBoxLVL4 (Apr 9, 2020, 6:54:44 AM)
[2020.04.09-14.54.44:641][317]LogPlayLevel: Creating play world package: /Game/Levels/UEDPIE_0_GreyBoxLVL4
[2020.04.09-14.54.44:974][317]LogPlayLevel: PIE: StaticDuplicateObject took: (0.333620s)
[2020.04.09-14.54.44:975][317]LogAIModule: Creating AISystem for world GreyBoxLVL4
[2020.04.09-14.54.44:983][317]LogPlayLevel: PIE: World Init took: (0.008691s)
[2020.04.09-14.54.44:984][317]LogPlayLevel: PIE: Created PIE world by copying editor world from /Game/Levels/GreyBoxLVL4.GreyBoxLVL4 to /Game/Levels/UEDPIE_0_GreyBoxLVL4.GreyBoxLVL4 (0.343527s)
[2020.04.09-14.54.45:009][317]LogUObjectHash: Compacting FUObjectHashTables data took   1.61ms
[2020.04.09-14.54.45:160][317]LogInit: XAudio2 using 'Headset Earphone (2- Corsair HS70 Wireless Gaming Headset)' : 2 channels at 48 kHz using 16 bits per sample (channel mask 0x3)
[2020.04.09-14.54.45:179][317]LogInit: FAudioDevice initialized.
[2020.04.09-14.54.45:219][317]LogLoad: Game class is 'FirstPersonGameMode_C'
[2020.04.09-14.54.45:461][317]LogWorld: Bringing World /Game/Levels/UEDPIE_0_GreyBoxLVL4.GreyBoxLVL4 up for play (max tick rate 3) at 2020.04.09-10.54.45
[2020.04.09-14.54.45:469][317]LogWorld: Bringing up level for play took: 0.249566
[2020.04.09-14.54.45:483][317]LogScript: Warning: Script Msg: Attempted to access index 0 from array 'CallFunc_GetAllActorsOfClass_OutActors' of length 0 in '/Game/BP/Checkpoint.Checkpoint_C:ExecuteUbergraph_Checkpoint'!
[2020.04.09-14.54.45:483][317]LogScript: Warning: Script Msg: Attempted to access index 0 from array 'CallFunc_GetAllActorsOfClass_OutActors' of length 0 in '/Game/BP/Checkpoint.Checkpoint_C:ExecuteUbergraph_Checkpoint'!
[2020.04.09-14.54.45:483][317]LogScript: Warning: Script Msg: Attempted to access index 0 from array 'CallFunc_GetAllActorsOfClass_OutActors' of length 0 in '/Game/BP/OutroTrigger.OutroTrigger_C:ExecuteUbergraph_OutroTrigger'!
[2020.04.09-14.54.45:483][317]LogScript: Warning: Script Msg: Attempted to access index 0 from array 'CallFunc_GetAllActorsOfClass_OutActors' of length 0 in '/Game/BP/Respawn.Respawn_C:ExecuteUbergraph_Respawn'!
[2020.04.09-14.54.45:483][317]LogScript: Warning: Script Msg: Attempted to access index 0 from array 'CallFunc_GetAllActorsOfClass_OutActors' of length 0 in '/Game/BP/Respawn.Respawn_C:ExecuteUbergraph_Respawn'!
[2020.04.09-14.54.45:487][317]LogScript: Warning: Script Msg: Attempted to access index 0 from array 'CallFunc_GetAllActorsOfClass_OutActors' of length 0 in '/Game/Materials/FinishStopper.FinishStopper_C:ExecuteUbergraph_FinishStopper'!
[2020.04.09-14.54.45:489][317]PIE: Play in editor start time for /Game/Levels/UEDPIE_0_GreyBoxLVL4 0.274
[2020.04.09-14.54.45:491][317]LogBlueprintUserMessages: Late PlayInEditor Detection: Level '/Game/Levels/GreyBoxLVL4.GreyBoxLVL4:PersistentLevel' has LevelScriptBlueprint '/Game/Levels/GreyBoxLVL4.GreyBoxLVL4:PersistentLevel.GreyBoxLVL4' with GeneratedClass '/Game/Levels/GreyBoxLVL4.GreyBoxLVL4_C' with ClassGeneratedBy '/Game/Levels/GreyBoxLVL4.GreyBoxLVL4:PersistentLevel.GreyBoxLVL4'
[2020.04.09-14.56.38:365][988]LogBlueprintUserMessages: Early EndPlayMap Detection: Level '/Game/Levels/GreyBoxLVL4.GreyBoxLVL4:PersistentLevel' has LevelScriptBlueprint '/Game/Levels/GreyBoxLVL4.GreyBoxLVL4:PersistentLevel.GreyBoxLVL4' with GeneratedClass '/Game/Levels/GreyBoxLVL4.GreyBoxLVL4_C' with ClassGeneratedBy '/Game/Levels/GreyBoxLVL4.GreyBoxLVL4:PersistentLevel.GreyBoxLVL4'
[2020.04.09-14.56.38:366][988]LogSlate: Updating window title bar state: overlay mode, drag disabled, window buttons hidden, title bar hidden
[2020.04.09-14.56.38:459][988]LogPlayLevel: Display: Shutting down PIE online subsystems
[2020.04.09-14.56.38:460][988]LogBlueprintUserMessages: Late EndPlayMap Detection: Level '/Game/Levels/GreyBoxLVL4.GreyBoxLVL4:PersistentLevel' has LevelScriptBlueprint '/Game/Levels/GreyBoxLVL4.GreyBoxLVL4:PersistentLevel.GreyBoxLVL4' with GeneratedClass '/Game/Levels/GreyBoxLVL4.GreyBoxLVL4_C' with ClassGeneratedBy '/Game/Levels/GreyBoxLVL4.GreyBoxLVL4:PersistentLevel.GreyBoxLVL4'
[2020.04.09-14.56.38:495][988]LogSlate: Updating window title bar state: overlay mode, drag disabled, window buttons hidden, title bar hidden
[2020.04.09-14.56.38:536][988]LogUObjectHash: Compacting FUObjectHashTables data took   1.68ms
[2020.04.09-14.56.38:557][989]LogPlayLevel: Display: Destroying online subsystem :Context_3
[2020.04.09-14.56.56:537][ 88]LogSlate: FSceneViewport::OnFocusLost() reason 0
[2020.04.09-14.56.57:299][101]LogSlate: Took 0.018587 seconds to synchronously load lazily loaded font '../../../Engine/Content/Slate/Fonts/Roboto-Italic.ttf' (157K)
[2020.04.09-14.57.29:922][680]LogEditorViewport: Clicking on Actor (LMB): FlashLight_BluePrint_C (FlashLight_BluePrint)
[2020.04.09-14.57.32:834][923]LogSlate: FSceneViewport::OnFocusLost() reason 0
[2020.04.09-14.57.34:923][ 69]LogSlate: Took 0.000231 seconds to synchronously load lazily loaded font '../../../Engine/Content/Slate/Fonts/Roboto-Light.ttf' (167K)
[2020.04.09-14.57.34:957][ 69]LogAssetEditorManager: Opening Asset editor for Blueprint /Game/Blueprints/FlashLight_BluePrint.FlashLight_BluePrint
[2020.04.09-14.57.35:894][ 69]LogContentBrowser: Native class hierarchy updated for 'BlueprintGraph' in 0.0006 seconds. Added 121 classes and 0 folders.
[2020.04.09-14.57.37:556][ 69]LogSlate: Took 0.035623 seconds to synchronously load lazily loaded font '../../../Engine/Content/Slate/Fonts/Roboto-BoldCondensed.ttf' (158K)
[2020.04.09-14.57.38:040][ 72]LogStaticMesh: Allocated 512x413x64 distance field atlas = 25.8Mb, with 171 objects containing 23.4Mb backing data
[2020.04.09-14.57.50:598][927]LogSlate: Window 'FlashLight_BluePrint' being destroyed
[2020.04.09-14.57.50:603][927]LogSlate: Window 'FlashLight_BluePrint' being destroyed
[2020.04.09-14.58.08:003][310]LogTemp: Repeating last play command: Selected Viewport
[2020.04.09-14.58.08:035][310]LogBlueprintUserMessages: Early PlayInEditor Detection: Level '/Game/Levels/GreyBoxLVL4.GreyBoxLVL4:PersistentLevel' has LevelScriptBlueprint '/Game/Levels/GreyBoxLVL4.GreyBoxLVL4:PersistentLevel.GreyBoxLVL4' with GeneratedClass '/Game/Levels/GreyBoxLVL4.GreyBoxLVL4_C' with ClassGeneratedBy '/Game/Levels/GreyBoxLVL4.GreyBoxLVL4:PersistentLevel.GreyBoxLVL4'
[2020.04.09-14.58.08:035][310]LogPlayLevel: PlayLevel: No blueprints needed recompiling
[2020.04.09-14.58.08:035][310]PIE: New page: PIE session: GreyBoxLVL4 (Apr 9, 2020, 6:58:08 AM)
[2020.04.09-14.58.08:035][310]LogPlayLevel: Creating play world package: /Game/Levels/UEDPIE_0_GreyBoxLVL4
[2020.04.09-14.58.08:434][310]LogPlayLevel: PIE: StaticDuplicateObject took: (0.398036s)
[2020.04.09-14.58.08:435][310]LogAIModule: Creating AISystem for world GreyBoxLVL4
[2020.04.09-14.58.08:436][310]LogPlayLevel: PIE: World Init took: (0.001268s)
[2020.04.09-14.58.08:436][310]LogPlayLevel: PIE: Created PIE world by copying editor world from /Game/Levels/GreyBoxLVL4.GreyBoxLVL4 to /Game/Levels/UEDPIE_0_GreyBoxLVL4.GreyBoxLVL4 (0.400467s)
[2020.04.09-14.58.08:495][310]LogUObjectHash: Compacting FUObjectHashTables data took   4.01ms
[2020.04.09-14.58.08:650][310]LogInit: XAudio2 using 'Headset Earphone (2- Corsair HS70 Wireless Gaming Headset)' : 2 channels at 48 kHz using 16 bits per sample (channel mask 0x3)
[2020.04.09-14.58.08:672][310]LogInit: FAudioDevice initialized.
[2020.04.09-14.58.08:704][310]LogLoad: Game class is 'FirstPersonGameMode_C'
[2020.04.09-14.58.08:914][310]LogWorld: Bringing World /Game/Levels/UEDPIE_0_GreyBoxLVL4.GreyBoxLVL4 up for play (max tick rate 0) at 2020.04.09-10.58.08
[2020.04.09-14.58.08:920][310]LogWorld: Bringing up level for play took: 0.215574
[2020.04.09-14.58.08:934][310]LogScript: Warning: Script Msg: Attempted to access index 0 from array 'CallFunc_GetAllActorsOfClass_OutActors' of length 0 in '/Game/BP/Checkpoint.Checkpoint_C:ExecuteUbergraph_Checkpoint'!
[2020.04.09-14.58.08:934][310]LogScript: Warning: Script Msg: Attempted to access index 0 from array 'CallFunc_GetAllActorsOfClass_OutActors' of length 0 in '/Game/BP/Checkpoint.Checkpoint_C:ExecuteUbergraph_Checkpoint'!
[2020.04.09-14.58.08:934][310]LogScript: Warning: Script Msg: Attempted to access index 0 from array 'CallFunc_GetAllActorsOfClass_OutActors' of length 0 in '/Game/BP/OutroTrigger.OutroTrigger_C:ExecuteUbergraph_OutroTrigger'!
[2020.04.09-14.58.08:934][310]LogScript: Warning: Script Msg: Attempted to access index 0 from array 'CallFunc_GetAllActorsOfClass_OutActors' of length 0 in '/Game/BP/Respawn.Respawn_C:ExecuteUbergraph_Respawn'!
[2020.04.09-14.58.08:934][310]LogScript: Warning: Script Msg: Attempted to access index 0 from array 'CallFunc_GetAllActorsOfClass_OutActors' of length 0 in '/Game/BP/Respawn.Respawn_C:ExecuteUbergraph_Respawn'!
[2020.04.09-14.58.08:938][310]LogScript: Warning: Script Msg: Attempted to access index 0 from array 'CallFunc_GetAllActorsOfClass_OutActors' of length 0 in '/Game/Materials/FinishStopper.FinishStopper_C:ExecuteUbergraph_FinishStopper'!
[2020.04.09-14.58.08:941][310]PIE: Play in editor start time for /Game/Levels/UEDPIE_0_GreyBoxLVL4 1.727
[2020.04.09-14.58.08:943][310]LogBlueprintUserMessages: Late PlayInEditor Detection: Level '/Game/Levels/GreyBoxLVL4.GreyBoxLVL4:PersistentLevel' has LevelScriptBlueprint '/Game/Levels/GreyBoxLVL4.GreyBoxLVL4:PersistentLevel.GreyBoxLVL4' with GeneratedClass '/Game/Levels/GreyBoxLVL4.GreyBoxLVL4_C' with ClassGeneratedBy '/Game/Levels/GreyBoxLVL4.GreyBoxLVL4:PersistentLevel.GreyBoxLVL4'
[2020.04.09-14.58.34:153][817]LogSlate: FSceneViewport::OnFocusLost() reason 2
[2020.04.09-15.00.14:823][ 97]LogBlueprintUserMessages: Early EndPlayMap Detection: Level '/Game/Levels/GreyBoxLVL4.GreyBoxLVL4:PersistentLevel' has LevelScriptBlueprint '/Game/Levels/GreyBoxLVL4.GreyBoxLVL4:PersistentLevel.GreyBoxLVL4' with GeneratedClass '/Game/Levels/GreyBoxLVL4.GreyBoxLVL4_C' with ClassGeneratedBy '/Game/Levels/GreyBoxLVL4.GreyBoxLVL4:PersistentLevel.GreyBoxLVL4'
[2020.04.09-15.00.14:824][ 97]LogSlate: Updating window title bar state: overlay mode, drag disabled, window buttons hidden, title bar hidden
[2020.04.09-15.00.14:904][ 97]LogPlayLevel: Display: Shutting down PIE online subsystems
[2020.04.09-15.00.14:905][ 97]LogBlueprintUserMessages: Late EndPlayMap Detection: Level '/Game/Levels/GreyBoxLVL4.GreyBoxLVL4:PersistentLevel' has LevelScriptBlueprint '/Game/Levels/GreyBoxLVL4.GreyBoxLVL4:PersistentLevel.GreyBoxLVL4' with GeneratedClass '/Game/Levels/GreyBoxLVL4.GreyBoxLVL4_C' with ClassGeneratedBy '/Game/Levels/GreyBoxLVL4.GreyBoxLVL4:PersistentLevel.GreyBoxLVL4'
[2020.04.09-15.00.14:970][ 97]LogSlate: Updating window title bar state: overlay mode, drag disabled, window buttons hidden, title bar hidden
[2020.04.09-15.00.14:991][ 97]LogUObjectHash: Compacting FUObjectHashTables data took   3.47ms
[2020.04.09-15.00.15:035][ 98]LogPlayLevel: Display: Destroying online subsystem :Context_23
[2020.04.09-15.00.16:398][208]LogSlate: FSceneViewport::OnFocusLost() reason 0
[2020.04.09-15.00.32:866][240]LogUnrealEdMisc: Warning: Heartbeat event firing too frequently (19.809 sec). This should never happen. Something is wrong with the timer delegate!
[2020.04.09-15.00.37:298][484]LogTemp: Repeating last play command: Selected Viewport
[2020.04.09-15.00.37:329][484]LogBlueprintUserMessages: Early PlayInEditor Detection: Level '/Game/Levels/GreyBoxLVL4.GreyBoxLVL4:PersistentLevel' has LevelScriptBlueprint '/Game/Levels/GreyBoxLVL4.GreyBoxLVL4:PersistentLevel.GreyBoxLVL4' with GeneratedClass '/Game/Levels/GreyBoxLVL4.GreyBoxLVL4_C' with ClassGeneratedBy '/Game/Levels/GreyBoxLVL4.GreyBoxLVL4:PersistentLevel.GreyBoxLVL4'
[2020.04.09-15.00.37:330][484]LogPlayLevel: PlayLevel: No blueprints needed recompiling
[2020.04.09-15.00.37:330][484]PIE: New page: PIE session: GreyBoxLVL4 (Apr 9, 2020, 7:00:37 AM)
[2020.04.09-15.00.37:330][484]LogPlayLevel: Creating play world package: /Game/Levels/UEDPIE_0_GreyBoxLVL4
[2020.04.09-15.00.37:706][484]LogPlayLevel: PIE: StaticDuplicateObject took: (0.376550s)
[2020.04.09-15.00.37:707][484]LogAIModule: Creating AISystem for world GreyBoxLVL4
[2020.04.09-15.00.37:708][484]LogPlayLevel: PIE: World Init took: (0.001150s)
[2020.04.09-15.00.37:709][484]LogPlayLevel: PIE: Created PIE world by copying editor world from /Game/Levels/GreyBoxLVL4.GreyBoxLVL4 to /Game/Levels/UEDPIE_0_GreyBoxLVL4.GreyBoxLVL4 (0.379022s)
[2020.04.09-15.00.37:738][484]LogUObjectHash: Compacting FUObjectHashTables data took   1.97ms
[2020.04.09-15.00.37:897][484]LogInit: XAudio2 using 'Headset Earphone (2- Corsair HS70 Wireless Gaming Headset)' : 2 channels at 48 kHz using 16 bits per sample (channel mask 0x3)
[2020.04.09-15.00.37:916][484]LogInit: FAudioDevice initialized.
[2020.04.09-15.00.37:950][484]LogLoad: Game class is 'FirstPersonGameMode_C'
[2020.04.09-15.00.38:150][484]LogWorld: Bringing World /Game/Levels/UEDPIE_0_GreyBoxLVL4.GreyBoxLVL4 up for play (max tick rate 0) at 2020.04.09-11.00.38
[2020.04.09-15.00.38:156][484]LogWorld: Bringing up level for play took: 0.206341
[2020.04.09-15.00.38:171][484]LogScript: Warning: Script Msg: Attempted to access index 0 from array 'CallFunc_GetAllActorsOfClass_OutActors' of length 0 in '/Game/BP/Checkpoint.Checkpoint_C:ExecuteUbergraph_Checkpoint'!
[2020.04.09-15.00.38:171][484]LogScript: Warning: Script Msg: Attempted to access index 0 from array 'CallFunc_GetAllActorsOfClass_OutActors' of length 0 in '/Game/BP/Checkpoint.Checkpoint_C:ExecuteUbergraph_Checkpoint'!
[2020.04.09-15.00.38:172][484]LogScript: Warning: Script Msg: Attempted to access index 0 from array 'CallFunc_GetAllActorsOfClass_OutActors' of length 0 in '/Game/BP/OutroTrigger.OutroTrigger_C:ExecuteUbergraph_OutroTrigger'!
[2020.04.09-15.00.38:172][484]LogScript: Warning: Script Msg: Attempted to access index 0 from array 'CallFunc_GetAllActorsOfClass_OutActors' of length 0 in '/Game/BP/Respawn.Respawn_C:ExecuteUbergraph_Respawn'!
[2020.04.09-15.00.38:172][484]LogScript: Warning: Script Msg: Attempted to access index 0 from array 'CallFunc_GetAllActorsOfClass_OutActors' of length 0 in '/Game/BP/Respawn.Respawn_C:ExecuteUbergraph_Respawn'!
[2020.04.09-15.00.38:174][484]LogScript: Warning: Script Msg: Attempted to access index 0 from array 'CallFunc_GetAllActorsOfClass_OutActors' of length 0 in '/Game/Materials/FinishStopper.FinishStopper_C:ExecuteUbergraph_FinishStopper'!
[2020.04.09-15.00.38:177][484]PIE: Play in editor start time for /Game/Levels/UEDPIE_0_GreyBoxLVL4 0.963
[2020.04.09-15.00.38:179][484]LogBlueprintUserMessages: Late PlayInEditor Detection: Level '/Game/Levels/GreyBoxLVL4.GreyBoxLVL4:PersistentLevel' has LevelScriptBlueprint '/Game/Levels/GreyBoxLVL4.GreyBoxLVL4:PersistentLevel.GreyBoxLVL4' with GeneratedClass '/Game/Levels/GreyBoxLVL4.GreyBoxLVL4_C' with ClassGeneratedBy '/Game/Levels/GreyBoxLVL4.GreyBoxLVL4:PersistentLevel.GreyBoxLVL4'
[2020.04.09-15.00.53:977][875]PIE: Warning: Mobility of /Game/Levels/UEDPIE_0_GreyBoxLVL4.GreyBoxLVL4:PersistentLevel.FlashLight_BluePrint : StaticMeshComponent0 has to be 'Movable' if you'd like to move. 
[2020.04.09-15.00.53:977][875]PIE: Warning: Mobility of /Game/Levels/UEDPIE_0_GreyBoxLVL4.GreyBoxLVL4:PersistentLevel.FlashLight_BluePrint : StaticMeshComponent0 has to be 'Movable' if you'd like to move. 
[2020.04.09-15.00.53:980][875]LogOutputDevice: Warning: 

Script Stack (0 frames):

