Log file open, 05/06/20 19:09:59
LogWindows: Failed to load 'aqProf.dll' (GetLastError=126)
LogWindows: File 'aqProf.dll' does not exist
LogWindows: Failed to load 'VtuneApi.dll' (GetLastError=126)
LogWindows: File 'VtuneApi.dll' does not exist
LogWindows: Failed to load 'VtuneApi32e.dll' (GetLastError=126)
LogWindows: File 'VtuneApi32e.dll' does not exist
LogConsoleResponse: Display: Failed to find resolution value strings in scalability ini. Falling back to default.
LogInit: Display: Running engine for game: SeniorProject
LogPakFile: Registered encryption key '00000000000000000000000000000000': 0 pak files mounted, 0 remain pending
LogPlatformFile: Not using cached read wrapper
LogTaskGraph: Started task graph with 5 named threads and 23 total threads with 3 sets of task threads.
LogStats: Stats thread started at 0.387511
LogD3D11RHI: Loaded GFSDK_Aftermath_Lib.x64.dll
LogICUInternationalization: ICU TimeZone Detection - Raw Offset: -5:00, Platform Override: ''
LogPluginManager: Mounting plugin Paper2D
LogPluginManager: Mounting plugin AISupport
LogPluginManager: Mounting plugin LightPropagationVolume
LogPluginManager: Mounting plugin ActorLayerUtilities
LogPluginManager: Mounting plugin AnimationSharing
LogPluginManager: Mounting plugin CLionSourceCodeAccess
LogPluginManager: Mounting plugin CodeLiteSourceCodeAccess
LogPluginManager: Mounting plugin GitSourceControl
LogPluginManager: Mounting plugin KDevelopSourceCodeAccess
LogPluginManager: Mounting plugin NullSourceCodeAccess
LogPluginManager: Mounting plugin PerforceSourceControl
LogPluginManager: Mounting plugin SubversionSourceControl
LogPluginManager: Mounting plugin UObjectPlugin
LogPluginManager: Mounting plugin VisualStudioCodeSourceCodeAccess
LogPluginManager: Mounting plugin VisualStudioSourceCodeAccess
LogPluginManager: Mounting plugin XCodeSourceCodeAccess
LogPluginManager: Mounting plugin AssetManagerEditor
LogPluginManager: Mounting plugin CryptoKeys
LogPluginManager: Mounting plugin DataValidation
LogPluginManager: Mounting plugin EditorScriptingUtilities
LogPluginManager: Mounting plugin FacialAnimation
LogPluginManager: Mounting plugin GameplayTagsEditor
LogPluginManager: Mounting plugin GLTFImporter
LogPluginManager: Mounting plugin MacGraphicsSwitching
LogPluginManager: Mounting plugin MaterialAnalyzer
LogPluginManager: Mounting plugin MeshEditor
LogPluginManager: Mounting plugin MobileLauncherProfileWizard
LogPluginManager: Mounting plugin PluginBrowser
LogPluginManager: Mounting plugin SpeedTreeImporter
LogPluginManager: Mounting plugin DatasmithContent
LogPluginManager: Mounting plugin VariantManagerContent
LogPluginManager: Mounting plugin AlembicImporter
LogPluginManager: Mounting plugin AppleImageUtils
LogPluginManager: Mounting plugin AppleVision
LogPluginManager: Mounting plugin BackChannel
LogPluginManager: Mounting plugin BlastPlugin
LogPluginManager: Mounting plugin ChaosSolverPlugin
LogPluginManager: Mounting plugin CharacterAI
LogPluginManager: Mounting plugin GeometryCache
LogPluginManager: Mounting plugin GeometryCollectionPlugin
LogPluginManager: Mounting plugin HTML5Networking
LogPluginManager: Mounting plugin ProxyLODPlugin
LogPluginManager: Mounting plugin SkeletalReduction
LogPluginManager: Mounting plugin MagicLeap
LogPluginManager: Mounting plugin MagicLeapMedia
LogPluginManager: Mounting plugin AndroidMedia
LogPluginManager: Mounting plugin AvfMedia
LogPluginManager: Mounting plugin ImgMedia
LogPluginManager: Mounting plugin LinearTimecode
LogPluginManager: Mounting plugin MediaCompositing
LogPluginManager: Mounting plugin MediaPlayerEditor
LogPluginManager: Mounting plugin WebMMedia
LogPluginManager: Mounting plugin WmfMedia
LogPluginManager: Mounting plugin TcpMessaging
LogPluginManager: Mounting plugin UdpMessaging
LogPluginManager: Mounting plugin ActorSequence
LogPluginManager: Mounting plugin LevelSequenceEditor
LogPluginManager: Mounting plugin MatineeToLevelSequence
LogPluginManager: Mounting plugin NetcodeUnitTest
LogPluginManager: Mounting plugin NUTUnrealEngine4
LogPluginManager: Mounting plugin OnlineSubsystemGooglePlay
LogPluginManager: Mounting plugin OnlineSubsystemIOS
LogPluginManager: Mounting plugin OnlineSubsystem
LogPluginManager: Mounting plugin OnlineSubsystemNull
LogPluginManager: Mounting plugin OnlineSubsystemUtils
LogPluginManager: Mounting plugin LauncherChunkInstaller
LogPluginManager: Mounting plugin AndroidDeviceProfileSelector
LogPluginManager: Mounting plugin AndroidMoviePlayer
LogPluginManager: Mounting plugin AndroidPermission
LogPluginManager: Mounting plugin AppleMoviePlayer
LogPluginManager: Mounting plugin ArchVisCharacter
LogPluginManager: Mounting plugin AudioCapture
LogPluginManager: Mounting plugin CableComponent
LogPluginManager: Mounting plugin CustomMeshComponent
LogPluginManager: Mounting plugin EditableMesh
LogPluginManager: Mounting plugin ExampleDeviceProfileSelector
LogPluginManager: Mounting plugin Firebase
LogPluginManager: Mounting plugin GoogleCloudMessaging
LogPluginManager: Mounting plugin IOSDeviceProfileSelector
LogPluginManager: Mounting plugin LinuxDeviceProfileSelector
LogPluginManager: Mounting plugin LocationServicesBPLibrary
LogPluginManager: Mounting plugin MobilePatchingUtils
LogPluginManager: Mounting plugin OculusVR
LogPluginManager: Mounting plugin PhysXVehicles
LogPluginManager: Mounting plugin ProceduralMeshComponent
LogPluginManager: Mounting plugin RuntimePhysXCooking
LogPluginManager: Mounting plugin SignificanceManager
LogPluginManager: Mounting plugin SteamVR
LogPluginManager: Mounting plugin WebMMoviePlayer
LogPluginManager: Mounting plugin WindowsMoviePlayer
LogPluginManager: Mounting plugin DatasmithCADImporter
LogPluginManager: Mounting plugin DatasmithDataPrepEditor
LogPluginManager: Mounting plugin DatasmithFBXImporter
LogPluginManager: Mounting plugin DatasmithGLTFImporter
LogPluginManager: Mounting plugin DatasmithImporter
LogPluginManager: Mounting plugin MDLImporter
LogPluginManager: Mounting plugin StaticMeshEditorExtension
LogPluginManager: Mounting plugin VariantManager
LogInit: Using libcurl 7.55.1-DEV
LogInit:  - built for x86_64-pc-win32
LogInit:  - supports SSL with OpenSSL/1.1.1
LogInit:  - supports HTTP deflate (compression) using libz 1.2.8
LogInit:  - other features:
LogInit:      CURL_VERSION_SSL
LogInit:      CURL_VERSION_LIBZ
LogInit:      CURL_VERSION_IPV6
LogInit:      CURL_VERSION_ASYNCHDNS
LogInit:      CURL_VERSION_LARGEFILE
LogInit:      CURL_VERSION_IDN
LogInit:  CurlRequestOptions (configurable via config and command line):
LogInit:  - bVerifyPeer = true  - Libcurl will verify peer certificate
LogInit:  - bUseHttpProxy = false  - Libcurl will NOT use HTTP proxy
LogInit:  - bDontReuseConnections = false  - Libcurl will reuse connections
LogInit:  - MaxHostConnections = 16  - Libcurl will limit the number of connections to a host
LogInit:  - LocalHostAddr = Default
LogInit:  - BufferSize = 65536
LogInit: WinSock: version 1.1 (2.2), MaxSocks=32767, MaxUdp=65467
LogHMD: Failed initializing OVRPlugin 1.32.0
LogInit: Build: ++UE4+Release-4.22-CL-7053642
LogInit: Engine Version: 4.22.3-7053642+++UE4+Release-4.22
LogInit: Compatible Engine Version: 4.22.0-5660361+++UE4+Release-4.22
LogInit: Net CL: 5660361
LogInit: OS: Windows 10 (Release 1903) (), CPU: Intel(R) Core(TM) i7-6700K CPU @ 4.00GHz, GPU: NVIDIA GeForce RTX 2080
LogInit: Compiled (64-bit): Jun 18 2019 03:09:11
LogInit: Compiled with Visual C++: 19.16.27025.01
LogInit: Build Configuration: Development
LogInit: Branch Name: ++UE4+Release-4.22
LogInit: Command Line:  -skipcompile
LogInit: Base Directory: C:/Program Files/Epic Games/UE_4.22/Engine/Binaries/Win64/
LogInit: Installed Engine Build: 1
LogDevObjectVersion: Number of dev versions registered: 23
LogDevObjectVersion:   Dev-Blueprints (B0D832E4-1F89-4F0D-ACCF-7EB736FD4AA2): 10
LogDevObjectVersion:   Dev-Build (E1C64328-A22C-4D53-A36C-8E866417BD8C): 0
LogDevObjectVersion:   Dev-Core (375EC13C-06E4-48FB-B500-84F0262A717E): 3
LogDevObjectVersion:   Dev-Editor (E4B068ED-F494-42E9-A231-DA0B2E46BB41): 30
LogDevObjectVersion:   Dev-Framework (CFFC743F-43B0-4480-9391-14DF171D2073): 35
LogDevObjectVersion:   Dev-Mobile (B02B49B5-BB20-44E9-A304-32B752E40360): 2
LogDevObjectVersion:   Dev-Networking (A4E4105C-59A1-49B5-A7C5-40C4547EDFEE): 0
LogDevObjectVersion:   Dev-Online (39C831C9-5AE6-47DC-9A44-9C173E1C8E7C): 0
LogDevObjectVersion:   Dev-Physics (78F01B33-EBEA-4F98-B9B4-84EACCB95AA2): 0
LogDevObjectVersion:   Dev-Platform (6631380F-2D4D-43E0-8009-CF276956A95A): 0
LogDevObjectVersion:   Dev-Rendering (12F88B9F-8875-4AFC-A67C-D90C383ABD29): 28
LogDevObjectVersion:   Dev-Sequencer (7B5AE74C-D270-4C10-A958-57980B212A5A): 11
LogDevObjectVersion:   Dev-VR (D7296918-1DD6-4BDD-9DE2-64A83CC13884): 2
LogDevObjectVersion:   Dev-LoadTimes (C2A15278-BFE7-4AFE-6C17-90FF531DF755): 1
LogDevObjectVersion:   Private-Geometry (6EACA3D4-40EC-4CC1-B786-8BED09428FC5): 3
LogDevObjectVersion:   Dev-AnimPhys (29E575DD-E0A3-4627-9D10-D276232CDCEA): 17
LogDevObjectVersion:   Dev-Anim (AF43A65D-7FD3-4947-9873-3E8ED9C1BB05): 2
LogDevObjectVersion:   Dev-ReflectionCapture (6B266CEC-1EC7-4B8F-A30B-E4D90942FC07): 1
LogDevObjectVersion:   Dev-Automation (0DF73D61-A23F-47EA-B727-89E90C41499A): 1
LogDevObjectVersion:   FortniteMain (601D1886-AC64-4F84-AA16-D3DE0DEAC7D6): 25
LogDevObjectVersion:   Dev-Enterprise (9DFFBCD6-494F-0158-E221-12823C92A888): 6
LogDevObjectVersion:   Dev-Niagara (F2AED0AC-9AFE-416F-8664-AA7FFA26D6FC): 1
LogDevObjectVersion:   Dev-Destruction (174F1F0B-B4C6-45A5-B13F-2EE8D0FB917D): 2
LogInit: Presizing for max 16777216 objects, including 0 objects not considered by GC, pre-allocating 0 bytes for permanent pool.
LogInit: Object subsystem initialized
LogConfig: Setting CVar [[con.DebugEarlyDefault:1]]
LogConfig: Setting CVar [[r.setres:1280x720]]
[2020.05.06-23.10.00:401][  0]LogConfig: Setting CVar [[r.VSync:0]]
[2020.05.06-23.10.00:401][  0]LogConfig: Setting CVar [[r.RHICmdBypass:0]]
[2020.05.06-23.10.00:401][  0]LogConfig: Applying CVar settings from Section [/Script/Engine.RendererSettings] File [E:/SenProj/PollProj/SeniorProject/Saved/Config/Windows/Engine.ini]
[2020.05.06-23.10.00:401][  0]LogConfig: Setting CVar [[r.GPUCrashDebugging:0]]
[2020.05.06-23.10.00:401][  0]LogConfig: Setting CVar [[r.DefaultFeature.AutoExposure.ExtendDefaultLuminanceRange:1]]
[2020.05.06-23.10.00:401][  0]LogConfig: Setting CVar [[r.GenerateMeshDistanceFields:1]]
[2020.05.06-23.10.00:402][  0]LogConfig: Applying CVar settings from Section [/Script/Engine.RendererOverrideSettings] File [E:/SenProj/PollProj/SeniorProject/Saved/Config/Windows/Engine.ini]
[2020.05.06-23.10.00:402][  0]LogConfig: Applying CVar settings from Section [/Script/Engine.StreamingSettings] File [E:/SenProj/PollProj/SeniorProject/Saved/Config/Windows/Engine.ini]
[2020.05.06-23.10.00:402][  0]LogConfig: Setting CVar [[s.MinBulkDataSizeForAsyncLoading:131072]]
[2020.05.06-23.10.00:402][  0]LogConfig: Setting CVar [[s.AsyncLoadingThreadEnabled:0]]
[2020.05.06-23.10.00:402][  0]LogConfig: Setting CVar [[s.EventDrivenLoaderEnabled:1]]
[2020.05.06-23.10.00:402][  0]LogConfig: Setting CVar [[s.WarnIfTimeLimitExceeded:0]]
[2020.05.06-23.10.00:402][  0]LogConfig: Setting CVar [[s.TimeLimitExceededMultiplier:1.5]]
[2020.05.06-23.10.00:402][  0]LogConfig: Setting CVar [[s.TimeLimitExceededMinTime:0.005]]
[2020.05.06-23.10.00:402][  0]LogConfig: Setting CVar [[s.UseBackgroundLevelStreaming:1]]
[2020.05.06-23.10.00:402][  0]LogConfig: Setting CVar [[s.PriorityAsyncLoadingExtraTime:15.0]]
[2020.05.06-23.10.00:403][  0]LogConfig: Setting CVar [[s.LevelStreamingActorsUpdateTimeLimit:5.0]]
[2020.05.06-23.10.00:403][  0]LogConfig: Setting CVar [[s.PriorityLevelStreamingActorsUpdateExtraTime:5.0]]
[2020.05.06-23.10.00:403][  0]LogConfig: Setting CVar [[s.LevelStreamingComponentsRegistrationGranularity:10]]
[2020.05.06-23.10.00:403][  0]LogConfig: Setting CVar [[s.UnregisterComponentsTimeLimit:1.0]]
[2020.05.06-23.10.00:403][  0]LogConfig: Setting CVar [[s.LevelStreamingComponentsUnregistrationGranularity:5]]
[2020.05.06-23.10.00:403][  0]LogConfig: Applying CVar settings from Section [/Script/Engine.GarbageCollectionSettings] File [E:/SenProj/PollProj/SeniorProject/Saved/Config/Windows/Engine.ini]
[2020.05.06-23.10.00:403][  0]LogConfig: Setting CVar [[gc.MaxObjectsNotConsideredByGC:1]]
[2020.05.06-23.10.00:403][  0]LogConfig: Setting CVar [[gc.SizeOfPermanentObjectPool:0]]
[2020.05.06-23.10.00:403][  0]LogConfig: Setting CVar [[gc.FlushStreamingOnGC:0]]
[2020.05.06-23.10.00:403][  0]LogConfig: Setting CVar [[gc.NumRetriesBeforeForcingGC:10]]
[2020.05.06-23.10.00:403][  0]LogConfig: Setting CVar [[gc.AllowParallelGC:1]]
[2020.05.06-23.10.00:403][  0]LogConfig: Setting CVar [[gc.TimeBetweenPurgingPendingKillObjects:61.1]]
[2020.05.06-23.10.00:403][  0]LogConfig: Setting CVar [[gc.MaxObjectsInEditor:16777216]]
[2020.05.06-23.10.00:403][  0]LogConfig: Setting CVar [[gc.IncrementalBeginDestroyEnabled:1]]
[2020.05.06-23.10.00:403][  0]LogConfig: Setting CVar [[gc.CreateGCClusters:1]]
[2020.05.06-23.10.00:404][  0]LogConfig: Setting CVar [[gc.MinGCClusterSize:5]]
[2020.05.06-23.10.00:404][  0]LogConfig: Setting CVar [[gc.ActorClusteringEnabled:0]]
[2020.05.06-23.10.00:404][  0]LogConfig: Setting CVar [[gc.BlueprintClusteringEnabled:0]]
[2020.05.06-23.10.00:404][  0]LogConfig: Setting CVar [[gc.UseDisregardForGCOnDedicatedServers:0]]
[2020.05.06-23.10.00:404][  0]LogConfig: Applying CVar settings from Section [/Script/Engine.NetworkSettings] File [E:/SenProj/PollProj/SeniorProject/Saved/Config/Windows/Engine.ini]
[2020.05.06-23.10.00:404][  0]LogConfig: Applying CVar settings from Section [/Script/UnrealEd.CookerSettings] File [E:/SenProj/PollProj/SeniorProject/Saved/Config/Windows/Engine.ini]
[2020.05.06-23.10.00:432][  0]LogConfig: Applying CVar settings from Section [ViewDistanceQuality@3] File [E:/SenProj/PollProj/SeniorProject/Saved/Config/Windows/Scalability.ini]
[2020.05.06-23.10.00:432][  0]LogConfig: Setting CVar [[r.SkeletalMeshLODBias:0]]
[2020.05.06-23.10.00:432][  0]LogConfig: Setting CVar [[r.ViewDistanceScale:1.0]]
[2020.05.06-23.10.00:432][  0]LogConfig: Applying CVar settings from Section [AntiAliasingQuality@3] File [E:/SenProj/PollProj/SeniorProject/Saved/Config/Windows/Scalability.ini]
[2020.05.06-23.10.00:433][  0]LogConfig: Setting CVar [[r.PostProcessAAQuality:4]]
[2020.05.06-23.10.00:433][  0]LogConfig: Applying CVar settings from Section [ShadowQuality@3] File [E:/SenProj/PollProj/SeniorProject/Saved/Config/Windows/Scalability.ini]
[2020.05.06-23.10.00:433][  0]LogConfig: Setting CVar [[r.LightFunctionQuality:1]]
[2020.05.06-23.10.00:433][  0]LogConfig: Setting CVar [[r.ShadowQuality:5]]
[2020.05.06-23.10.00:433][  0]LogConfig: Setting CVar [[r.Shadow.CSM.MaxCascades:10]]
[2020.05.06-23.10.00:433][  0]LogConfig: Setting CVar [[r.Shadow.MaxResolution:2048]]
[2020.05.06-23.10.00:433][  0]LogConfig: Setting CVar [[r.Shadow.MaxCSMResolution:2048]]
[2020.05.06-23.10.00:433][  0]LogConfig: Setting CVar [[r.Shadow.RadiusThreshold:0.01]]
[2020.05.06-23.10.00:433][  0]LogConfig: Setting CVar [[r.Shadow.DistanceScale:1.0]]
[2020.05.06-23.10.00:434][  0]LogConfig: Setting CVar [[r.Shadow.CSM.TransitionScale:1.0]]
[2020.05.06-23.10.00:434][  0]LogConfig: Setting CVar [[r.Shadow.PreShadowResolutionFactor:1.0]]
[2020.05.06-23.10.00:434][  0]LogConfig: Setting CVar [[r.DistanceFieldShadowing:1]]
[2020.05.06-23.10.00:434][  0]LogConfig: Setting CVar [[r.DistanceFieldAO:1]]
[2020.05.06-23.10.00:434][  0]LogConfig: Setting CVar [[r.AOQuality:2]]
[2020.05.06-23.10.00:434][  0]LogConfig: Setting CVar [[r.VolumetricFog:1]]
[2020.05.06-23.10.00:434][  0]LogConfig: Setting CVar [[r.VolumetricFog.GridPixelSize:8]]
[2020.05.06-23.10.00:434][  0]LogConfig: Setting CVar [[r.VolumetricFog.GridSizeZ:128]]
[2020.05.06-23.10.00:434][  0]LogConfig: Setting CVar [[r.VolumetricFog.HistoryMissSupersampleCount:4]]
[2020.05.06-23.10.00:434][  0]LogConfig: Setting CVar [[r.LightMaxDrawDistanceScale:1]]
[2020.05.06-23.10.00:434][  0]LogConfig: Setting CVar [[r.CapsuleShadows:1]]
[2020.05.06-23.10.00:434][  0]LogConfig: Applying CVar settings from Section [PostProcessQuality@3] File [E:/SenProj/PollProj/SeniorProject/Saved/Config/Windows/Scalability.ini]
[2020.05.06-23.10.00:435][  0]LogConfig: Setting CVar [[r.MotionBlurQuality:4]]
[2020.05.06-23.10.00:435][  0]LogConfig: Setting CVar [[r.AmbientOcclusionMipLevelFactor:0.4]]
[2020.05.06-23.10.00:435][  0]LogConfig: Setting CVar [[r.AmbientOcclusionMaxQuality:100]]
[2020.05.06-23.10.00:435][  0]LogConfig: Setting CVar [[r.AmbientOcclusionLevels:-1]]
[2020.05.06-23.10.00:435][  0]LogConfig: Setting CVar [[r.AmbientOcclusionRadiusScale:1.0]]
[2020.05.06-23.10.00:435][  0]LogConfig: Setting CVar [[r.DepthOfFieldQuality:2]]
[2020.05.06-23.10.00:435][  0]LogConfig: Setting CVar [[r.RenderTargetPoolMin:400]]
[2020.05.06-23.10.00:435][  0]LogConfig: Setting CVar [[r.LensFlareQuality:2]]
[2020.05.06-23.10.00:436][  0]LogConfig: Setting CVar [[r.SceneColorFringeQuality:1]]
[2020.05.06-23.10.00:436][  0]LogConfig: Setting CVar [[r.EyeAdaptationQuality:2]]
[2020.05.06-23.10.00:436][  0]LogConfig: Setting CVar [[r.BloomQuality:5]]
[2020.05.06-23.10.00:436][  0]LogConfig: Setting CVar [[r.FastBlurThreshold:100]]
[2020.05.06-23.10.00:436][  0]LogConfig: Setting CVar [[r.Upscale.Quality:3]]
[2020.05.06-23.10.00:436][  0]LogConfig: Setting CVar [[r.Tonemapper.GrainQuantization:1]]
[2020.05.06-23.10.00:436][  0]LogConfig: Setting CVar [[r.LightShaftQuality:1]]
[2020.05.06-23.10.00:436][  0]LogConfig: Setting CVar [[r.Filter.SizeScale:1]]
[2020.05.06-23.10.00:438][  0]LogConfig: Setting CVar [[r.Tonemapper.Quality:5]]
[2020.05.06-23.10.00:438][  0]LogConfig: Setting CVar [[r.DOF.Gather.AccumulatorQuality:1        ; higher gathering accumulator quality]]
[2020.05.06-23.10.00:438][  0]LogConfig: Setting CVar [[r.DOF.Gather.PostfilterMethod:1          ; Median3x3 postfilering method]]
[2020.05.06-23.10.00:438][  0]LogConfig: Setting CVar [[r.DOF.Gather.EnableBokehSettings:0       ; no bokeh simulation when gathering]]
[2020.05.06-23.10.00:438][  0]LogConfig: Setting CVar [[r.DOF.Gather.RingCount:4                 ; medium number of samples when gathering]]
[2020.05.06-23.10.00:438][  0]LogConfig: Setting CVar [[r.DOF.Scatter.ForegroundCompositing:1    ; additive foreground scattering]]
[2020.05.06-23.10.00:438][  0]LogConfig: Setting CVar [[r.DOF.Scatter.BackgroundCompositing:2    ; additive background scattering]]
[2020.05.06-23.10.00:438][  0]LogConfig: Setting CVar [[r.DOF.Scatter.EnableBokehSettings:1      ; bokeh simulation when scattering]]
[2020.05.06-23.10.00:438][  0]LogConfig: Setting CVar [[r.DOF.Scatter.MaxSpriteRatio:0.1         ; only a maximum of 10% of scattered bokeh]]
[2020.05.06-23.10.00:438][  0]LogConfig: Setting CVar [[r.DOF.Recombine.Quality:1                ; cheap slight out of focus]]
[2020.05.06-23.10.00:438][  0]LogConfig: Setting CVar [[r.DOF.Recombine.EnableBokehSettings:0    ; no bokeh simulation on slight out of focus]]
[2020.05.06-23.10.00:438][  0]LogConfig: Setting CVar [[r.DOF.TemporalAAQuality:1                ; more stable temporal accumulation]]
[2020.05.06-23.10.00:438][  0]LogConfig: Setting CVar [[r.DOF.Kernel.MaxForegroundRadius:0.025]]
[2020.05.06-23.10.00:438][  0]LogConfig: Setting CVar [[r.DOF.Kernel.MaxBackgroundRadius:0.025]]
[2020.05.06-23.10.00:439][  0]LogConfig: Applying CVar settings from Section [TextureQuality@3] File [E:/SenProj/PollProj/SeniorProject/Saved/Config/Windows/Scalability.ini]
[2020.05.06-23.10.00:439][  0]LogConfig: Setting CVar [[r.Streaming.MipBias:0]]
[2020.05.06-23.10.00:439][  0]LogConfig: Setting CVar [[r.Streaming.AmortizeCPUToGPUCopy:0]]
[2020.05.06-23.10.00:439][  0]LogConfig: Setting CVar [[r.Streaming.MaxNumTexturesToStreamPerFrame:0]]
[2020.05.06-23.10.00:439][  0]LogConfig: Setting CVar [[r.Streaming.Boost:1]]
[2020.05.06-23.10.00:439][  0]LogConfig: Setting CVar [[r.MaxAnisotropy:8]]
[2020.05.06-23.10.00:439][  0]LogConfig: Setting CVar [[r.Streaming.LimitPoolSizeToVRAM:0]]
[2020.05.06-23.10.00:439][  0]LogConfig: Setting CVar [[r.Streaming.PoolSize:1000]]
[2020.05.06-23.10.00:439][  0]LogConfig: Setting CVar [[r.Streaming.MaxEffectiveScreenSize:0]]
[2020.05.06-23.10.00:439][  0]LogConfig: Applying CVar settings from Section [EffectsQuality@3] File [E:/SenProj/PollProj/SeniorProject/Saved/Config/Windows/Scalability.ini]
[2020.05.06-23.10.00:439][  0]LogConfig: Setting CVar [[r.TranslucencyLightingVolumeDim:64]]
[2020.05.06-23.10.00:439][  0]LogConfig: Setting CVar [[r.RefractionQuality:2]]
[2020.05.06-23.10.00:439][  0]LogConfig: Setting CVar [[r.SSR.Quality:3]]
[2020.05.06-23.10.00:439][  0]LogConfig: Setting CVar [[r.SceneColorFormat:4]]
[2020.05.06-23.10.00:439][  0]LogConfig: Setting CVar [[r.DetailMode:2]]
[2020.05.06-23.10.00:440][  0]LogConfig: Setting CVar [[r.TranslucencyVolumeBlur:1]]
[2020.05.06-23.10.00:440][  0]LogConfig: Setting CVar [[r.MaterialQualityLevel:1 ; High quality]]
[2020.05.06-23.10.00:440][  0]LogConfig: Setting CVar [[r.SSS.Scale:1]]
[2020.05.06-23.10.00:440][  0]LogConfig: Setting CVar [[r.SSS.SampleSet:2]]
[2020.05.06-23.10.00:440][  0]LogConfig: Setting CVar [[r.SSS.Quality:1]]
[2020.05.06-23.10.00:440][  0]LogConfig: Setting CVar [[r.SSS.HalfRes:1]]
[2020.05.06-23.10.00:440][  0]LogConfig: Setting CVar [[r.EmitterSpawnRateScale:1.0]]
[2020.05.06-23.10.00:440][  0]LogConfig: Setting CVar [[r.ParticleLightQuality:2]]
[2020.05.06-23.10.00:440][  0]LogConfig: Applying CVar settings from Section [FoliageQuality@3] File [E:/SenProj/PollProj/SeniorProject/Saved/Config/Windows/Scalability.ini]
[2020.05.06-23.10.00:440][  0]LogConfig: Setting CVar [[foliage.DensityScale:1.0]]
[2020.05.06-23.10.00:440][  0]LogConfig: Setting CVar [[grass.DensityScale:1.0]]
[2020.05.06-23.10.00:440][  0]LogInit: Selected Device Profile: [Windows]
[2020.05.06-23.10.00:440][  0]LogInit: Applying CVar settings loaded from the selected device profile: [Windows]
[2020.05.06-23.10.00:453][  0]LogHAL: Display: Platform has ~ 16 GB [17116258304 / 17179869184 / 16], which maps to Larger [LargestMinGB=32, LargerMinGB=12, DefaultMinGB=8, SmallerMinGB=6, SmallestMinGB=0)
[2020.05.06-23.10.00:453][  0]LogConfig: Setting CVar [[r.Vulkan.UseRealUBs:0		; Required until we fix HLR fall-out]]
[2020.05.06-23.10.00:453][  0]LogInit: Going up to parent DeviceProfile []
[2020.05.06-23.10.00:453][  0]LogConfig: Applying CVar settings from Section [ViewDistanceQuality@3] File [E:/SenProj/PollProj/SeniorProject/Saved/Config/Windows/Scalability.ini]
[2020.05.06-23.10.00:453][  0]LogConfig: Setting CVar [[r.SkeletalMeshLODBias:0]]
[2020.05.06-23.10.00:453][  0]LogConfig: Setting CVar [[r.ViewDistanceScale:1.0]]
[2020.05.06-23.10.00:453][  0]LogConfig: Applying CVar settings from Section [AntiAliasingQuality@3] File [E:/SenProj/PollProj/SeniorProject/Saved/Config/Windows/Scalability.ini]
[2020.05.06-23.10.00:453][  0]LogConfig: Setting CVar [[r.PostProcessAAQuality:4]]
[2020.05.06-23.10.00:453][  0]LogConfig: Applying CVar settings from Section [ShadowQuality@3] File [E:/SenProj/PollProj/SeniorProject/Saved/Config/Windows/Scalability.ini]
[2020.05.06-23.10.00:454][  0]LogConfig: Setting CVar [[r.LightFunctionQuality:1]]
[2020.05.06-23.10.00:454][  0]LogConfig: Setting CVar [[r.ShadowQuality:5]]
[2020.05.06-23.10.00:454][  0]LogConfig: Setting CVar [[r.Shadow.CSM.MaxCascades:10]]
[2020.05.06-23.10.00:454][  0]LogConfig: Setting CVar [[r.Shadow.MaxResolution:2048]]
[2020.05.06-23.10.00:454][  0]LogConfig: Setting CVar [[r.Shadow.MaxCSMResolution:2048]]
[2020.05.06-23.10.00:454][  0]LogConfig: Setting CVar [[r.Shadow.RadiusThreshold:0.01]]
[2020.05.06-23.10.00:454][  0]LogConfig: Setting CVar [[r.Shadow.DistanceScale:1.0]]
[2020.05.06-23.10.00:454][  0]LogConfig: Setting CVar [[r.Shadow.CSM.TransitionScale:1.0]]
[2020.05.06-23.10.00:454][  0]LogConfig: Setting CVar [[r.Shadow.PreShadowResolutionFactor:1.0]]
[2020.05.06-23.10.00:454][  0]LogConfig: Setting CVar [[r.DistanceFieldShadowing:1]]
[2020.05.06-23.10.00:454][  0]LogConfig: Setting CVar [[r.DistanceFieldAO:1]]
[2020.05.06-23.10.00:454][  0]LogConfig: Setting CVar [[r.AOQuality:2]]
[2020.05.06-23.10.00:454][  0]LogConfig: Setting CVar [[r.VolumetricFog:1]]
[2020.05.06-23.10.00:454][  0]LogConfig: Setting CVar [[r.VolumetricFog.GridPixelSize:8]]
[2020.05.06-23.10.00:454][  0]LogConfig: Setting CVar [[r.VolumetricFog.GridSizeZ:128]]
[2020.05.06-23.10.00:454][  0]LogConfig: Setting CVar [[r.VolumetricFog.HistoryMissSupersampleCount:4]]
[2020.05.06-23.10.00:455][  0]LogConfig: Setting CVar [[r.LightMaxDrawDistanceScale:1]]
[2020.05.06-23.10.00:455][  0]LogConfig: Setting CVar [[r.CapsuleShadows:1]]
[2020.05.06-23.10.00:455][  0]LogConfig: Applying CVar settings from Section [PostProcessQuality@3] File [E:/SenProj/PollProj/SeniorProject/Saved/Config/Windows/Scalability.ini]
[2020.05.06-23.10.00:455][  0]LogConfig: Setting CVar [[r.MotionBlurQuality:4]]
[2020.05.06-23.10.00:455][  0]LogConfig: Setting CVar [[r.AmbientOcclusionMipLevelFactor:0.4]]
[2020.05.06-23.10.00:455][  0]LogConfig: Setting CVar [[r.AmbientOcclusionMaxQuality:100]]
[2020.05.06-23.10.00:455][  0]LogConfig: Setting CVar [[r.AmbientOcclusionLevels:-1]]
[2020.05.06-23.10.00:455][  0]LogConfig: Setting CVar [[r.AmbientOcclusionRadiusScale:1.0]]
[2020.05.06-23.10.00:455][  0]LogConfig: Setting CVar [[r.DepthOfFieldQuality:2]]
[2020.05.06-23.10.00:455][  0]LogConfig: Setting CVar [[r.RenderTargetPoolMin:400]]
[2020.05.06-23.10.00:455][  0]LogConfig: Setting CVar [[r.LensFlareQuality:2]]
[2020.05.06-23.10.00:455][  0]LogConfig: Setting CVar [[r.SceneColorFringeQuality:1]]
[2020.05.06-23.10.00:455][  0]LogConfig: Setting CVar [[r.EyeAdaptationQuality:2]]
[2020.05.06-23.10.00:455][  0]LogConfig: Setting CVar [[r.BloomQuality:5]]
[2020.05.06-23.10.00:455][  0]LogConfig: Setting CVar [[r.FastBlurThreshold:100]]
[2020.05.06-23.10.00:456][  0]LogConfig: Setting CVar [[r.Upscale.Quality:3]]
[2020.05.06-23.10.00:456][  0]LogConfig: Setting CVar [[r.Tonemapper.GrainQuantization:1]]
[2020.05.06-23.10.00:456][  0]LogConfig: Setting CVar [[r.LightShaftQuality:1]]
[2020.05.06-23.10.00:456][  0]LogConfig: Setting CVar [[r.Filter.SizeScale:1]]
[2020.05.06-23.10.00:456][  0]LogConfig: Setting CVar [[r.Tonemapper.Quality:5]]
[2020.05.06-23.10.00:456][  0]LogConfig: Setting CVar [[r.DOF.Gather.AccumulatorQuality:1        ; higher gathering accumulator quality]]
[2020.05.06-23.10.00:456][  0]LogConfig: Setting CVar [[r.DOF.Gather.PostfilterMethod:1          ; Median3x3 postfilering method]]
[2020.05.06-23.10.00:456][  0]LogConfig: Setting CVar [[r.DOF.Gather.EnableBokehSettings:0       ; no bokeh simulation when gathering]]
[2020.05.06-23.10.00:456][  0]LogConfig: Setting CVar [[r.DOF.Gather.RingCount:4                 ; medium number of samples when gathering]]
[2020.05.06-23.10.00:456][  0]LogConfig: Setting CVar [[r.DOF.Scatter.ForegroundCompositing:1    ; additive foreground scattering]]
[2020.05.06-23.10.00:456][  0]LogConfig: Setting CVar [[r.DOF.Scatter.BackgroundCompositing:2    ; additive background scattering]]
[2020.05.06-23.10.00:456][  0]LogConfig: Setting CVar [[r.DOF.Scatter.EnableBokehSettings:1      ; bokeh simulation when scattering]]
[2020.05.06-23.10.00:456][  0]LogConfig: Setting CVar [[r.DOF.Scatter.MaxSpriteRatio:0.1         ; only a maximum of 10% of scattered bokeh]]
[2020.05.06-23.10.00:456][  0]LogConfig: Setting CVar [[r.DOF.Recombine.Quality:1                ; cheap slight out of focus]]
[2020.05.06-23.10.00:456][  0]LogConfig: Setting CVar [[r.DOF.Recombine.EnableBokehSettings:0    ; no bokeh simulation on slight out of focus]]
[2020.05.06-23.10.00:456][  0]LogConfig: Setting CVar [[r.DOF.TemporalAAQuality:1                ; more stable temporal accumulation]]
[2020.05.06-23.10.00:456][  0]LogConfig: Setting CVar [[r.DOF.Kernel.MaxForegroundRadius:0.025]]
[2020.05.06-23.10.00:456][  0]LogConfig: Setting CVar [[r.DOF.Kernel.MaxBackgroundRadius:0.025]]
[2020.05.06-23.10.00:457][  0]LogConfig: Applying CVar settings from Section [TextureQuality@3] File [E:/SenProj/PollProj/SeniorProject/Saved/Config/Windows/Scalability.ini]
[2020.05.06-23.10.00:457][  0]LogConfig: Setting CVar [[r.Streaming.MipBias:0]]
[2020.05.06-23.10.00:457][  0]LogConfig: Setting CVar [[r.Streaming.AmortizeCPUToGPUCopy:0]]
[2020.05.06-23.10.00:457][  0]LogConfig: Setting CVar [[r.Streaming.MaxNumTexturesToStreamPerFrame:0]]
[2020.05.06-23.10.00:457][  0]LogConfig: Setting CVar [[r.Streaming.Boost:1]]
[2020.05.06-23.10.00:457][  0]LogConfig: Setting CVar [[r.MaxAnisotropy:8]]
[2020.05.06-23.10.00:457][  0]LogConfig: Setting CVar [[r.Streaming.LimitPoolSizeToVRAM:0]]
[2020.05.06-23.10.00:458][  0]LogConfig: Setting CVar [[r.Streaming.PoolSize:1000]]
[2020.05.06-23.10.00:458][  0]LogConfig: Setting CVar [[r.Streaming.MaxEffectiveScreenSize:0]]
[2020.05.06-23.10.00:458][  0]LogConfig: Applying CVar settings from Section [EffectsQuality@3] File [E:/SenProj/PollProj/SeniorProject/Saved/Config/Windows/Scalability.ini]
[2020.05.06-23.10.00:458][  0]LogConfig: Setting CVar [[r.TranslucencyLightingVolumeDim:64]]
[2020.05.06-23.10.00:458][  0]LogConfig: Setting CVar [[r.RefractionQuality:2]]
[2020.05.06-23.10.00:458][  0]LogConfig: Setting CVar [[r.SSR.Quality:3]]
[2020.05.06-23.10.00:458][  0]LogConfig: Setting CVar [[r.SceneColorFormat:4]]
[2020.05.06-23.10.00:458][  0]LogConfig: Setting CVar [[r.DetailMode:2]]
[2020.05.06-23.10.00:458][  0]LogConfig: Setting CVar [[r.TranslucencyVolumeBlur:1]]
[2020.05.06-23.10.00:458][  0]LogConfig: Setting CVar [[r.MaterialQualityLevel:1 ; High quality]]
[2020.05.06-23.10.00:458][  0]LogConfig: Setting CVar [[r.SSS.Scale:1]]
[2020.05.06-23.10.00:458][  0]LogConfig: Setting CVar [[r.SSS.SampleSet:2]]
[2020.05.06-23.10.00:458][  0]LogConfig: Setting CVar [[r.SSS.Quality:1]]
[2020.05.06-23.10.00:458][  0]LogConfig: Setting CVar [[r.SSS.HalfRes:1]]
[2020.05.06-23.10.00:458][  0]LogConfig: Setting CVar [[r.EmitterSpawnRateScale:1.0]]
[2020.05.06-23.10.00:458][  0]LogConfig: Setting CVar [[r.ParticleLightQuality:2]]
[2020.05.06-23.10.00:458][  0]LogConfig: Applying CVar settings from Section [FoliageQuality@3] File [E:/SenProj/PollProj/SeniorProject/Saved/Config/Windows/Scalability.ini]
[2020.05.06-23.10.00:458][  0]LogConfig: Setting CVar [[foliage.DensityScale:1.0]]
[2020.05.06-23.10.00:459][  0]LogConfig: Setting CVar [[grass.DensityScale:1.0]]
[2020.05.06-23.10.00:459][  0]LogConfig: Applying CVar settings from Section [Startup] File [../../../Engine/Config/ConsoleVariables.ini]
[2020.05.06-23.10.00:459][  0]LogConfig: Setting CVar [[net.UseAdaptiveNetUpdateFrequency:0]]
[2020.05.06-23.10.00:459][  0]LogConfig: Setting CVar [[p.chaos.AllowCreatePhysxBodies:1]]
[2020.05.06-23.10.00:459][  0]LogConfig: Applying CVar settings from Section [ConsoleVariables] File [E:/SenProj/PollProj/SeniorProject/Saved/Config/Windows/Engine.ini]
[2020.05.06-23.10.00:459][  0]LogInit: Computer: GREGSPC
[2020.05.06-23.10.00:459][  0]LogInit: User: Gregory
[2020.05.06-23.10.00:459][  0]LogInit: CPU Page size=4096, Cores=4
[2020.05.06-23.10.00:460][  0]LogInit: High frequency timer resolution =10.000000 MHz
[2020.05.06-23.10.00:460][  0]LogMemory: Memory total: Physical=15.9GB (16GB approx)
[2020.05.06-23.10.00:460][  0]LogMemory: Platform Memory Stats for Windows
[2020.05.06-23.10.00:460][  0]LogMemory: Process Physical Memory: 102.74 MB used, 102.74 MB peak
[2020.05.06-23.10.00:460][  0]LogMemory: Process Virtual Memory: 103.97 MB used, 103.97 MB peak
[2020.05.06-23.10.00:460][  0]LogMemory: Physical Memory: 10465.82 MB used,  5857.51 MB free, 16323.34 MB total
[2020.05.06-23.10.00:460][  0]LogMemory: Virtual Memory: 4670.20 MB used,  134213056.00 MB free, 134217728.00 MB total
[2020.05.06-23.10.00:677][  0]LogInit: Using OS detected language (en-US).
[2020.05.06-23.10.00:677][  0]LogInit: Using OS detected locale (en-US).
[2020.05.06-23.10.00:678][  0]LogTextLocalizationManager: No specific localization for 'en-US' exists, so the 'en' localization will be used.
[2020.05.06-23.10.00:879][  0]LogInit: Setting process to per monitor DPI aware
[2020.05.06-23.10.00:995][  0]LogSlate: New Slate User Created.  User Index 0, Is Virtual User: 0
[2020.05.06-23.10.00:995][  0]LogSlate: Slate User Registered.  User Index 0, Is Virtual User: 0
[2020.05.06-23.10.01:258][  0]LogHMD: Failed to initialize OpenVR with code 108
[2020.05.06-23.10.01:258][  0]LogD3D11RHI: D3D11 adapters:
[2020.05.06-23.10.01:378][  0]LogD3D11RHI:    0. 'NVIDIA GeForce RTX 2080' (Feature Level 11_0)
[2020.05.06-23.10.01:378][  0]LogD3D11RHI:       8010/0/8161 MB DedicatedVideo/DedicatedSystem/SharedSystem, Outputs:4, VendorId:0x10de
[2020.05.06-23.10.01:385][  0]LogD3D11RHI:    1. 'Microsoft Basic Render Driver' (Feature Level 11_0)
[2020.05.06-23.10.01:385][  0]LogD3D11RHI:       0/0/8161 MB DedicatedVideo/DedicatedSystem/SharedSystem, Outputs:0, VendorId:0x1414
[2020.05.06-23.10.01:385][  0]LogD3D11RHI: Chosen D3D11 Adapter: 0
[2020.05.06-23.10.01:398][  0]LogD3D11RHI: Creating new Direct3DDevice
[2020.05.06-23.10.01:398][  0]LogD3D11RHI:     GPU DeviceId: 0x1e87 (for the marketing name, search the web for "GPU Device Id")
[2020.05.06-23.10.01:398][  0]LogWindows: EnumDisplayDevices:
[2020.05.06-23.10.01:399][  0]LogWindows:    0. 'NVIDIA GeForce RTX 2080' (P:1 D:1)
[2020.05.06-23.10.01:399][  0]LogWindows:    1. 'NVIDIA GeForce RTX 2080' (P:0 D:1)
[2020.05.06-23.10.01:400][  0]LogWindows:    2. 'NVIDIA GeForce RTX 2080' (P:0 D:1)
[2020.05.06-23.10.01:400][  0]LogWindows:    3. 'NVIDIA GeForce RTX 2080' (P:0 D:1)
[2020.05.06-23.10.01:401][  0]LogWindows: DebugString: FoundDriverCount:4 
[2020.05.06-23.10.01:401][  0]LogD3D11RHI:     Adapter Name: NVIDIA GeForce RTX 2080
[2020.05.06-23.10.01:401][  0]LogD3D11RHI:   Driver Version: 432.00 (internal:26.21.14.3200, unified:432.00)
[2020.05.06-23.10.01:401][  0]LogD3D11RHI:      Driver Date: 7-24-2019
[2020.05.06-23.10.01:401][  0]LogRHI: Texture pool is 5607 MB (70% of 8010 MB)
[2020.05.06-23.10.01:474][  0]LogD3D11RHI: Async texture creation enabled
[2020.05.06-23.10.01:544][  0]LogRendererCore: FGlobalReadBuffer::InitRHI
[2020.05.06-23.10.01:544][  0]LogRendererCore: FGlobalReadBuffer::InitRHI
[2020.05.06-23.10.01:544][  0]LogRendererCore: FGlobalReadBuffer::InitRHI
[2020.05.06-23.10.01:553][  0]LogD3D11RHI: GPU Timing Frequency: 1000.000000 (Debug: 2 1)
[2020.05.06-23.10.02:078][  0]LogTemp: Display: Module 'AllDesktopTargetPlatform' loaded TargetPlatform 'AllDesktop'
[2020.05.06-23.10.02:105][  0]LogTemp: Display: Module 'MacClientTargetPlatform' loaded TargetPlatform 'MacClient'
[2020.05.06-23.10.02:130][  0]LogTemp: Display: Module 'MacNoEditorTargetPlatform' loaded TargetPlatform 'MacNoEditor'
[2020.05.06-23.10.02:162][  0]LogTemp: Display: Module 'MacServerTargetPlatform' loaded TargetPlatform 'MacServer'
[2020.05.06-23.10.02:193][  0]LogTemp: Display: Module 'MacTargetPlatform' loaded TargetPlatform 'Mac'
[2020.05.06-23.10.02:220][  0]LogTemp: Display: Module 'WindowsClientTargetPlatform' loaded TargetPlatform 'WindowsClient'
[2020.05.06-23.10.02:248][  0]LogTemp: Display: Module 'WindowsNoEditorTargetPlatform' loaded TargetPlatform 'WindowsNoEditor'
[2020.05.06-23.10.02:274][  0]LogTemp: Display: Module 'WindowsServerTargetPlatform' loaded TargetPlatform 'WindowsServer'
[2020.05.06-23.10.02:297][  0]LogTemp: Display: Module 'WindowsTargetPlatform' loaded TargetPlatform 'Windows'
[2020.05.06-23.10.02:388][  0]LogTemp: Display: Module 'AndroidTargetPlatform' loaded TargetPlatform 'Android'
[2020.05.06-23.10.02:388][  0]LogTemp: Display: Module 'AndroidTargetPlatform' loaded TargetPlatform 'Android_ASTC'
[2020.05.06-23.10.02:388][  0]LogTemp: Display: Module 'AndroidTargetPlatform' loaded TargetPlatform 'Android_ATC'
[2020.05.06-23.10.02:388][  0]LogTemp: Display: Module 'AndroidTargetPlatform' loaded TargetPlatform 'Android_DXT'
[2020.05.06-23.10.02:388][  0]LogTemp: Display: Module 'AndroidTargetPlatform' loaded TargetPlatform 'Android_ETC1'
[2020.05.06-23.10.02:389][  0]LogTemp: Display: Module 'AndroidTargetPlatform' loaded TargetPlatform 'Android_ETC1a'
[2020.05.06-23.10.02:389][  0]LogTemp: Display: Module 'AndroidTargetPlatform' loaded TargetPlatform 'Android_ETC2'
[2020.05.06-23.10.02:389][  0]LogTemp: Display: Module 'AndroidTargetPlatform' loaded TargetPlatform 'Android_PVRTC'
[2020.05.06-23.10.02:389][  0]LogTemp: Display: Module 'AndroidTargetPlatform' loaded TargetPlatform 'AndroidClient'
[2020.05.06-23.10.02:389][  0]LogTemp: Display: Module 'AndroidTargetPlatform' loaded TargetPlatform 'Android_ASTCClient'
[2020.05.06-23.10.02:389][  0]LogTemp: Display: Module 'AndroidTargetPlatform' loaded TargetPlatform 'Android_ATCClient'
[2020.05.06-23.10.02:389][  0]LogTemp: Display: Module 'AndroidTargetPlatform' loaded TargetPlatform 'Android_DXTClient'
[2020.05.06-23.10.02:389][  0]LogTemp: Display: Module 'AndroidTargetPlatform' loaded TargetPlatform 'Android_ETC1Client'
[2020.05.06-23.10.02:389][  0]LogTemp: Display: Module 'AndroidTargetPlatform' loaded TargetPlatform 'Android_ETC1aClient'
[2020.05.06-23.10.02:389][  0]LogTemp: Display: Module 'AndroidTargetPlatform' loaded TargetPlatform 'Android_ETC2Client'
[2020.05.06-23.10.02:389][  0]LogTemp: Display: Module 'AndroidTargetPlatform' loaded TargetPlatform 'Android_PVRTCClient'
[2020.05.06-23.10.02:389][  0]LogTemp: Display: Module 'AndroidTargetPlatform' loaded TargetPlatform 'Android_Multi'
[2020.05.06-23.10.02:389][  0]LogTemp: Display: Module 'AndroidTargetPlatform' loaded TargetPlatform 'Android_MultiClient'
[2020.05.06-23.10.02:397][  0]LogTemp: Display: Module 'HTML5TargetPlatform' loaded TargetPlatform 'HTML5'
[2020.05.06-23.10.02:479][  0]LogTemp: Display: Module 'IOSTargetPlatform' loaded TargetPlatform 'IOSClient'
[2020.05.06-23.10.02:479][  0]LogTemp: Display: Module 'IOSTargetPlatform' loaded TargetPlatform 'IOS'
[2020.05.06-23.10.02:520][  0]LogTemp: Display: Module 'TVOSTargetPlatform' loaded TargetPlatform 'TVOSClient'
[2020.05.06-23.10.02:520][  0]LogTemp: Display: Module 'TVOSTargetPlatform' loaded TargetPlatform 'TVOS'
[2020.05.06-23.10.02:541][  0]LogTemp: Display: Module 'LinuxClientTargetPlatform' loaded TargetPlatform 'LinuxClient'
[2020.05.06-23.10.02:558][  0]LogTemp: Display: Module 'LinuxNoEditorTargetPlatform' loaded TargetPlatform 'LinuxNoEditor'
[2020.05.06-23.10.02:577][  0]LogTemp: Display: Module 'LinuxServerTargetPlatform' loaded TargetPlatform 'LinuxServer'
[2020.05.06-23.10.02:594][  0]LogTemp: Display: Module 'LinuxTargetPlatform' loaded TargetPlatform 'Linux'
[2020.05.06-23.10.02:667][  0]LogTemp: Display: Module 'LuminTargetPlatform' loaded TargetPlatform 'Lumin'
[2020.05.06-23.10.02:668][  0]LogTemp: Display: Module 'LuminTargetPlatform' loaded TargetPlatform 'LuminClient'
[2020.05.06-23.10.02:669][  0]LogTargetPlatformManager: Display: Building Assets For Windows
[2020.05.06-23.10.02:713][  0]LogAudioDebug: Display: Lib vorbis DLL was dynamically loaded.
[2020.05.06-23.10.03:017][  0]LogShaderCompilers: Guid format shader working directory is 14 characters bigger than the processId version (E:/SenProj/PollProj/SeniorProject/Intermediate/Shaders/WorkingDirectory/12160/).
[2020.05.06-23.10.03:018][  0]LogShaderCompilers: Cleaned the shader compiler working directory 'C:/Users/Gregory/AppData/Local/Temp/UnrealShaderWorkingDir/B23EB27F478C066FCC9EA991A79EFD6C/'.
[2020.05.06-23.10.03:021][  0]LogXGEController: Cannot use XGE Controller as Incredibuild is not installed on this machine.
[2020.05.06-23.10.03:022][  0]LogShaderCompilers: Cannot use XGE Shader Compiler as Incredibuild is not installed on this machine.
[2020.05.06-23.10.03:022][  0]LogShaderCompilers: Display: Using Local Shader Compiler.
[2020.05.06-23.10.03:573][  0]LogDerivedDataCache: Display: Max Cache Size: 512 MB
[2020.05.06-23.10.03:647][  0]LogDerivedDataCache: Loaded boot cache 0.08s 73MB C:/Users/Gregory/AppData/Local/UnrealEngine/4.22/DerivedDataCache/Boot.ddc.
[2020.05.06-23.10.03:648][  0]LogDerivedDataCache: Display: Loaded Boot cache: C:/Users/Gregory/AppData/Local/UnrealEngine/4.22/DerivedDataCache/Boot.ddc
[2020.05.06-23.10.03:648][  0]LogDerivedDataCache: FDerivedDataBackendGraph:  Pak pak cache file E:/SenProj/PollProj/SeniorProject/DerivedDataCache/DDC.ddp not found, will not use a pak cache.
[2020.05.06-23.10.03:648][  0]LogDerivedDataCache: Unable to find inner node Pak for hierarchical cache Hierarchy.
[2020.05.06-23.10.03:648][  0]LogDerivedDataCache: FDerivedDataBackendGraph:  CompressedPak pak cache file E:/SenProj/PollProj/SeniorProject/DerivedDataCache/Compressed.ddp not found, will not use a pak cache.
[2020.05.06-23.10.03:648][  0]LogDerivedDataCache: Unable to find inner node CompressedPak for hierarchical cache Hierarchy.
[2020.05.06-23.10.03:660][  0]LogDerivedDataCache: Display: Pak cache opened for reading ../../../Engine/DerivedDataCache/Compressed.ddp.
[2020.05.06-23.10.03:663][  0]LogDerivedDataCache: Display: Pak cache opened for reading ../../../Enterprise/DerivedDataCache/Compressed.ddp.
[2020.05.06-23.10.03:689][  0]LogDerivedDataCache: Using Local data cache path C:/Users/Gregory/AppData/Local/UnrealEngine/Common/DerivedDataCache: Writable
[2020.05.06-23.10.03:689][  0]LogDerivedDataCache: Shared data cache path not found in *engine.ini, will not use an Shared cache.
[2020.05.06-23.10.03:689][  0]LogDerivedDataCache: Unable to find inner node Shared for hierarchical cache Hierarchy.
[2020.05.06-23.10.03:718][  0]LogMaterial: Verifying Global Shaders for PCD3D_SM5
[2020.05.06-23.10.03:719][  0]LogSlate: Using FreeType 2.6.0
[2020.05.06-23.10.03:720][  0]LogSlate: SlateFontServices - WITH_FREETYPE: 1, WITH_HARFBUZZ: 1
[2020.05.06-23.10.03:816][  0]LogAssetRegistry: FAssetRegistry took 0.0342 seconds to start up
[2020.05.06-23.10.04:188][  0]LogInit: Selected Device Profile: [Windows]
[2020.05.06-23.10.04:455][  0]LogMeshReduction: Using QuadricMeshReduction for automatic static mesh reduction
[2020.05.06-23.10.04:455][  0]LogMeshReduction: Using SimplygonMeshReduction for automatic skeletal mesh reduction
[2020.05.06-23.10.04:455][  0]LogMeshReduction: Using ProxyLODMeshReduction for automatic mesh merging
[2020.05.06-23.10.04:455][  0]LogMeshReduction: No distributed automatic mesh merging module available
[2020.05.06-23.10.04:455][  0]LogMeshMerging: No distributed automatic mesh merging module available
[2020.05.06-23.10.04:468][  0]LogNetVersion: SeniorProject 1.0.0, NetCL: 5660361, EngineNetVer: 10, GameNetVer: 0 (Checksum: 993350713)
[2020.05.06-23.10.04:948][  0]LogPackageLocalizationCache: Processed 16 localized package path(s) for 1 prioritized culture(s) in 0.070613 seconds
[2020.05.06-23.10.04:956][  0]LogUObjectArray: 42205 objects as part of root set at end of initial load.
[2020.05.06-23.10.04:956][  0]LogUObjectAllocator: 7325032 out of 0 bytes used by permanent object pool.
[2020.05.06-23.10.04:956][  0]LogUObjectArray: CloseDisregardForGC: 0/0 objects in disregard for GC pool
[2020.05.06-23.10.06:489][  0]LogTcpMessaging: Initializing TcpMessaging bridge
[2020.05.06-23.10.06:518][  0]LogUdpMessaging: Initializing bridge on interface 0.0.0.0:0 to multicast group 230.0.0.1:6666.
[2020.05.06-23.10.06:984][  0]SourceControl: Source control is disabled
[2020.05.06-23.10.08:101][  0]LogAndroidPermission: UAndroidPermissionCallbackProxy::GetInstance
[2020.05.06-23.10.08:535][  0]LogOcInput: OculusInput pre-init called
[2020.05.06-23.10.11:070][  0]LogWindows: Failed to load 'libalias_api.dll' (GetLastError=126)
[2020.05.06-23.10.11:070][  0]LogWindows: File 'libalias_api.dll' does not exist
[2020.05.06-23.10.11:072][  0]LogWindows: Failed to load 'libalias_api.dll' (GetLastError=126)
[2020.05.06-23.10.11:072][  0]LogWindows: File 'libalias_api.dll' does not exist
[2020.05.06-23.10.11:261][  0]LogEngine: Initializing Engine...
[2020.05.06-23.10.11:342][  0]LogHMD: Failed to initialize OpenVR with code 108
[2020.05.06-23.10.11:343][  0]LogStats: UGameplayTagsManager::InitializeManager -  0.000 s
[2020.05.06-23.10.11:577][  0]LogInit: Initializing FReadOnlyCVARCache
[2020.05.06-23.10.11:617][  0]LogAIModule: Creating AISystem for world Untitled
[2020.05.06-23.10.11:840][  0]LogInit: XAudio2 using 'Headset Earphone (2- Corsair HS70 Wireless Gaming Headset)' : 2 channels at 48 kHz using 16 bits per sample (channel mask 0x3)
[2020.05.06-23.10.11:874][  0]LogInit: FAudioDevice initialized.
[2020.05.06-23.10.11:874][  0]LogNetVersion: Set ProjectVersion to 1.0.0.0. Version Checksum will be recalculated on next use.
[2020.05.06-23.10.12:141][  0]LogDerivedDataCache: Saved boot cache 0.27s 73MB C:/Users/Gregory/AppData/Local/UnrealEngine/4.22/DerivedDataCache/Boot.ddc.
[2020.05.06-23.10.12:151][  0]LogInit: Texture streaming: Enabled
[2020.05.06-23.10.12:231][  0]LogEngineSessionManager: EngineSessionManager initialized
[2020.05.06-23.10.12:231][  0]LogEngineSessionManager: EngineSessionManager sent abnormal shutdown report. Type=Debugger, SessionId={BC54F58E-4095-4EDE-2B66-089698D26092}
[2020.05.06-23.10.12:277][  0]LogInit: Transaction tracking system initialized
[2020.05.06-23.10.12:380][  0]BlueprintLog: New page: Editor Load
[2020.05.06-23.10.12:724][  0]LocalizationService: Localization service is disabled
[2020.05.06-23.10.13:191][  0]LogFileCache: Scanning file cache for directory 'E:/SenProj/PollProj/SeniorProject/Content/' took 0.03s
[2020.05.06-23.10.13:191][  0]LogCook: Display: Max memory allowance for cook 16384mb min free memory 0mb
[2020.05.06-23.10.13:191][  0]LogCook: Display: Mobile HDR setting 1
[2020.05.06-23.10.14:893][  0]Cmd: MAP LOAD FILE="E:/SenProj/PollProj/SeniorProject/Content/Levels/GreyBoxLVL4.umap" TEMPLATE=0 SHOWPROGRESS=1 FEATURELEVEL=3
[2020.05.06-23.10.14:893][  0]LightingResults: New page: Lighting Build
[2020.05.06-23.10.14:898][  0]MapCheck: New page: Map Check
[2020.05.06-23.10.14:898][  0]LightingResults: New page: Lighting Build
[2020.05.06-23.10.14:923][  0]LogUObjectHash: Compacting FUObjectHashTables data took   1.93ms
[2020.05.06-23.10.15:986][  0]LogLinker: Warning: Asset 'E:/SenProj/PollProj/SeniorProject/Content/Materials/MF_ConvolveTexture.uasset' has been saved with empty engine version. The asset will be loaded but may be incompatible.
[2020.05.06-23.10.15:988][  0]LogLinker: Warning: Asset 'E:/SenProj/PollProj/SeniorProject/Content/Materials/MF_ExtractDepth.uasset' has been saved with empty engine version. The asset will be loaded but may be incompatible.
[2020.05.06-23.10.15:989][  0]LogLinker: Warning: Asset 'E:/SenProj/PollProj/SeniorProject/Content/Materials/MF_SampleSceneTextureNeighbourUVs.uasset' has been saved with empty engine version. The asset will be loaded but may be incompatible.
[2020.05.06-23.10.18:678][  0]LogAIModule: Creating AISystem for world GreyBoxLVL4
[2020.05.06-23.10.20:563][  0]LogEditorServer: Finished looking for orphan Actors (0.000 secs)
[2020.05.06-23.10.20:753][  0]LogUObjectHash: Compacting FUObjectHashTables data took   3.84ms
[2020.05.06-23.10.20:754][  0]Cmd: MAP CHECKDEP NOCLEARLOG
[2020.05.06-23.10.20:755][  0]MapCheck: Map check complete: 0 Error(s), 0 Warning(s), took 1.073ms to complete.
[2020.05.06-23.10.20:755][  0]LogFileHelpers: Loading map 'GreyBoxLVL4' took 5.862
[2020.05.06-23.10.20:968][  0]LogSlate: Updating window title bar state: overlay mode, drag disabled, window buttons hidden, title bar hidden
[2020.05.06-23.10.20:977][  0]LogSlate: Updating window title bar state: overlay mode, drag disabled, window buttons hidden, title bar hidden
[2020.05.06-23.10.20:988][  0]LogSlate: Updating window title bar state: overlay mode, drag disabled, window buttons hidden, title bar hidden
[2020.05.06-23.10.21:000][  0]LogSlate: Updating window title bar state: overlay mode, drag disabled, window buttons hidden, title bar hidden
[2020.05.06-23.10.21:019][  0]LogCollectionManager: Loaded 0 collections in 0.003788 seconds
[2020.05.06-23.10.21:057][  0]LogFileCache: Scanning file cache for directory 'E:/SenProj/PollProj/SeniorProject/Saved/Collections/' took 0.01s
[2020.05.06-23.10.21:057][  0]LogFileCache: Scanning file cache for directory 'E:/SenProj/PollProj/SeniorProject/Content/Developers/Gregory/Collections/' took 0.00s
[2020.05.06-23.10.21:057][  0]LogFileCache: Scanning file cache for directory 'E:/SenProj/PollProj/SeniorProject/Content/Collections/' took 0.02s
[2020.05.06-23.10.21:057][  0]LogCollectionManager: Rebuilt the GUID cache for 0 collections in 0.000001 seconds
[2020.05.06-23.10.21:070][  0]LogContentBrowser: Native class hierarchy populated in 0.0123 seconds. Added 2876 classes and 729 folders.
[2020.05.06-23.10.21:081][  0]LogContentBrowser: Native class hierarchy updated for 'WidgetCarousel' in 0.0003 seconds. Added 0 classes and 0 folders.
[2020.05.06-23.10.21:084][  0]LogPakFile: Registered encryption key '00000000000000000000000000000000': 0 pak files mounted, 0 remain pending
[2020.05.06-23.10.21:085][  0]LogPakFile: Registered encryption key '00000000000000000000000000000000': 0 pak files mounted, 0 remain pending
[2020.05.06-23.10.21:086][  0]LogPakFile: Registered encryption key '00000000000000000000000000000000': 0 pak files mounted, 0 remain pending
[2020.05.06-23.10.21:086][  0]LogPakFile: Registered encryption key '00000000000000000000000000000000': 0 pak files mounted, 0 remain pending
[2020.05.06-23.10.21:087][  0]LogPakFile: Registered encryption key '00000000000000000000000000000000': 0 pak files mounted, 0 remain pending
[2020.05.06-23.10.21:088][  0]LogPakFile: Registered encryption key '00000000000000000000000000000000': 0 pak files mounted, 0 remain pending
[2020.05.06-23.10.21:089][  0]LogPakFile: Registered encryption key '00000000000000000000000000000000': 0 pak files mounted, 0 remain pending
[2020.05.06-23.10.21:089][  0]LogPakFile: Registered encryption key '00000000000000000000000000000000': 0 pak files mounted, 0 remain pending
[2020.05.06-23.10.21:090][  0]LogPakFile: Registered encryption key '00000000000000000000000000000000': 0 pak files mounted, 0 remain pending
[2020.05.06-23.10.21:091][  0]LogPakFile: Registered encryption key '00000000000000000000000000000000': 0 pak files mounted, 0 remain pending
[2020.05.06-23.10.21:091][  0]LogPakFile: Registered encryption key '00000000000000000000000000000000': 0 pak files mounted, 0 remain pending
[2020.05.06-23.10.21:092][  0]LogPakFile: Registered encryption key '00000000000000000000000000000000': 0 pak files mounted, 0 remain pending
[2020.05.06-23.10.21:093][  0]LogPakFile: Registered encryption key '00000000000000000000000000000000': 0 pak files mounted, 0 remain pending
[2020.05.06-23.10.21:093][  0]LogPakFile: Registered encryption key '00000000000000000000000000000000': 0 pak files mounted, 0 remain pending
[2020.05.06-23.10.21:094][  0]LogPakFile: Registered encryption key '00000000000000000000000000000000': 0 pak files mounted, 0 remain pending
[2020.05.06-23.10.21:095][  0]LogPakFile: Registered encryption key '00000000000000000000000000000000': 0 pak files mounted, 0 remain pending
[2020.05.06-23.10.21:095][  0]LogPakFile: Registered encryption key '00000000000000000000000000000000': 0 pak files mounted, 0 remain pending
[2020.05.06-23.10.21:096][  0]LogPakFile: Registered encryption key '00000000000000000000000000000000': 0 pak files mounted, 0 remain pending
[2020.05.06-23.10.21:097][  0]LogPakFile: Registered encryption key '00000000000000000000000000000000': 0 pak files mounted, 0 remain pending
[2020.05.06-23.10.21:098][  0]LogPakFile: Registered encryption key '00000000000000000000000000000000': 0 pak files mounted, 0 remain pending
[2020.05.06-23.10.21:099][  0]LogPakFile: Registered encryption key '00000000000000000000000000000000': 0 pak files mounted, 0 remain pending
[2020.05.06-23.10.21:100][  0]LogPakFile: Registered encryption key '00000000000000000000000000000000': 0 pak files mounted, 0 remain pending
[2020.05.06-23.10.21:101][  0]LogPakFile: Registered encryption key '00000000000000000000000000000000': 0 pak files mounted, 0 remain pending
[2020.05.06-23.10.21:102][  0]LogPakFile: Registered encryption key '00000000000000000000000000000000': 0 pak files mounted, 0 remain pending
[2020.05.06-23.10.21:103][  0]LogPakFile: Registered encryption key '00000000000000000000000000000000': 0 pak files mounted, 0 remain pending
[2020.05.06-23.10.21:104][  0]LogPakFile: Registered encryption key '00000000000000000000000000000000': 0 pak files mounted, 0 remain pending
[2020.05.06-23.10.21:105][  0]LogPakFile: Registered encryption key '00000000000000000000000000000000': 0 pak files mounted, 0 remain pending
[2020.05.06-23.10.21:105][  0]LogPakFile: Registered encryption key '00000000000000000000000000000000': 0 pak files mounted, 0 remain pending
[2020.05.06-23.10.21:137][  0]LogContentBrowser: Native class hierarchy updated for 'AddContentDialog' in 0.0003 seconds. Added 0 classes and 0 folders.
[2020.05.06-23.10.21:142][  0]LogContentBrowser: Native class hierarchy updated for 'SceneOutliner' in 0.0003 seconds. Added 1 classes and 0 folders.
[2020.05.06-23.10.21:198][  0]LogSlate: Took 0.000304 seconds to synchronously load lazily loaded font '../../../Engine/Content/Slate/Fonts/Roboto-Regular.ttf' (155K)
[2020.05.06-23.10.21:204][  0]LogSlate: Took 0.000510 seconds to synchronously load lazily loaded font '../../../Engine/Content/Slate/Fonts/Roboto-Bold.ttf' (160K)
[2020.05.06-23.10.21:210][  0]LogSlate: Took 0.000207 seconds to synchronously load lazily loaded font '../../../Engine/Content/Editor/Slate/Fonts/FontAwesome.ttf' (139K)
[2020.05.06-23.10.21:308][  0]LogRenderer: Reallocating scene render targets to support 1156x596 Format 10 NumSamples 1 (Frame:1).
[2020.05.06-23.10.21:472][  0]LogStaticMesh: Allocated 512x403x64 distance field atlas = 25.2Mb, with 185 objects containing 22.8Mb backing data
[2020.05.06-23.10.21:845][  0]LogContentBrowser: Native class hierarchy updated for 'HierarchicalLODOutliner' in 0.0003 seconds. Added 0 classes and 0 folders.
[2020.05.06-23.10.21:845][  0]LogLoad: (Engine Initialization) Total time: 24.30 seconds
[2020.05.06-23.10.21:845][  0]LogLoad: (Engine Initialization) Total Blueprint compile time: 0.00 seconds
[2020.05.06-23.10.21:877][  0]Cmd: ACTOR HIDE SELECTED
[2020.05.06-23.10.22:182][  0]LogContentStreaming: Texture pool size now 1000 MB
[2020.05.06-23.10.22:230][  0]LogSlate: Took 0.000163 seconds to synchronously load lazily loaded font '../../../Engine/Content/Slate/Fonts/Roboto-Light.ttf' (167K)
[2020.05.06-23.10.22:293][  1]LogAssetRegistry: Asset discovery search completed in 18.5017 seconds
[2020.05.06-23.10.22:299][  1]LogCollectionManager: Rebuilt the object cache for 0 collections in 0.000001 seconds (found 0 objects)
[2020.05.06-23.10.22:299][  1]LogCollectionManager: Fixed up redirectors for 0 collections in 0.000543 seconds (updated 0 objects)
[2020.05.06-23.10.23:265][  6]LogSlate: Took 0.000187 seconds to synchronously load lazily loaded font '../../../Engine/Content/Slate/Fonts/Roboto-Light.ttf' (167K)
[2020.05.06-23.10.27:277][ 18]LogFileCache: Retrieving MD5 hashes for directory 'E:/SenProj/PollProj/SeniorProject/Content/' took 5.15s
[2020.05.06-23.10.40:862][113]LogSlate: FSceneViewport::OnFocusLost() reason 0
[2020.05.06-23.10.41:760][162]LogSlate: FSceneViewport::OnFocusLost() reason 2
[2020.05.06-23.10.53:650][204]LogTemp: Repeating last play command: Selected Viewport
[2020.05.06-23.10.53:680][204]LogBlueprintUserMessages: Early PlayInEditor Detection: Level '/Game/Levels/GreyBoxLVL4.GreyBoxLVL4:PersistentLevel' has LevelScriptBlueprint '/Game/Levels/GreyBoxLVL4.GreyBoxLVL4:PersistentLevel.GreyBoxLVL4' with GeneratedClass '/Game/Levels/GreyBoxLVL4.GreyBoxLVL4_C' with ClassGeneratedBy '/Game/Levels/GreyBoxLVL4.GreyBoxLVL4:PersistentLevel.GreyBoxLVL4'
[2020.05.06-23.10.53:681][204]LogPlayLevel: PlayLevel: No blueprints needed recompiling
[2020.05.06-23.10.53:682][204]PIE: New page: PIE session: GreyBoxLVL4 (May 6, 2020, 3:10:53 PM)
[2020.05.06-23.10.53:699][204]LogPlayLevel: Creating play world package: /Game/Levels/UEDPIE_0_GreyBoxLVL4
[2020.05.06-23.10.54:202][204]LogPlayLevel: PIE: StaticDuplicateObject took: (0.502144s)
[2020.05.06-23.10.54:203][204]LogAIModule: Creating AISystem for world GreyBoxLVL4
[2020.05.06-23.10.54:203][204]LogPlayLevel: PIE: World Init took: (0.000918s)
[2020.05.06-23.10.54:204][204]LogPlayLevel: PIE: Created PIE world by copying editor world from /Game/Levels/GreyBoxLVL4.GreyBoxLVL4 to /Game/Levels/UEDPIE_0_GreyBoxLVL4.GreyBoxLVL4 (0.505018s)
[2020.05.06-23.10.54:233][204]LogUObjectHash: Compacting FUObjectHashTables data took   1.75ms
[2020.05.06-23.10.54:392][204]LogInit: XAudio2 using 'Headset Earphone (2- Corsair HS70 Wireless Gaming Headset)' : 2 channels at 48 kHz using 16 bits per sample (channel mask 0x3)
[2020.05.06-23.10.54:409][204]LogInit: FAudioDevice initialized.
[2020.05.06-23.10.54:474][204]LogLoad: Game class is 'FirstPersonGameMode_C'
[2020.05.06-23.10.54:729][204]LogWorld: Bringing World /Game/Levels/UEDPIE_0_GreyBoxLVL4.GreyBoxLVL4 up for play (max tick rate 0) at 2020.05.06-19.10.54
[2020.05.06-23.10.54:820][204]LogWorld: Bringing up level for play took: 0.344344
[2020.05.06-23.10.54:841][204]LogContentBrowser: Native class hierarchy updated for 'MovieSceneCapture' in 0.0003 seconds. Added 20 classes and 0 folders.
[2020.05.06-23.10.54:842][204]LogScript: Warning: Script Msg: Attempted to access index 0 from array 'CallFunc_GetAllActorsOfClass_OutActors' of length 0 in '/Game/BP/Checkpoint.Checkpoint_C:ExecuteUbergraph_Checkpoint'!
[2020.05.06-23.10.54:842][204]LogScript: Warning: Script Msg: Attempted to access index 0 from array 'CallFunc_GetAllActorsOfClass_OutActors' of length 0 in '/Game/BP/Checkpoint.Checkpoint_C:ExecuteUbergraph_Checkpoint'!
[2020.05.06-23.10.54:842][204]LogScript: Warning: Script Msg: Attempted to access index 0 from array 'CallFunc_GetAllActorsOfClass_OutActors' of length 0 in '/Game/BP/OutroTrigger.OutroTrigger_C:ExecuteUbergraph_OutroTrigger'!
[2020.05.06-23.10.54:845][204]LogScript: Warning: Script Msg: Attempted to access index 0 from array 'CallFunc_GetAllActorsOfClass_OutActors' of length 0 in '/Game/Materials/FinishStopper.FinishStopper_C:ExecuteUbergraph_FinishStopper'!
[2020.05.06-23.10.54:851][204]PIE: Play in editor start time for /Game/Levels/UEDPIE_0_GreyBoxLVL4 0.637
[2020.05.06-23.10.54:853][204]LogBlueprintUserMessages: Late PlayInEditor Detection: Level '/Game/Levels/GreyBoxLVL4.GreyBoxLVL4:PersistentLevel' has LevelScriptBlueprint '/Game/Levels/GreyBoxLVL4.GreyBoxLVL4:PersistentLevel.GreyBoxLVL4' with GeneratedClass '/Game/Levels/GreyBoxLVL4.GreyBoxLVL4_C' with ClassGeneratedBy '/Game/Levels/GreyBoxLVL4.GreyBoxLVL4:PersistentLevel.GreyBoxLVL4'
[2020.05.06-23.11.24:151][107]LogScript: Warning: Script Msg: A null object was passed as a world context object to UEngine::GetWorldFromContextObject().
[2020.05.06-23.11.24:174][108]LogScript: Warning: Script Msg: A null object was passed as a world context object to UEngine::GetWorldFromContextObject().
[2020.05.06-23.11.24:195][109]LogScript: Warning: Script Msg: A null object was passed as a world context object to UEngine::GetWorldFromContextObject().
[2020.05.06-23.11.24:213][110]LogScript: Warning: Script Msg: A null object was passed as a world context object to UEngine::GetWorldFromContextObject().
[2020.05.06-23.11.24:233][111]LogScript: Warning: Script Msg: A null object was passed as a world context object to UEngine::GetWorldFromContextObject().
[2020.05.06-23.11.24:255][112]LogScript: Warning: Script Msg: A null object was passed as a world context object to UEngine::GetWorldFromContextObject().
[2020.05.06-23.11.24:273][113]LogScript: Warning: Script Msg: A null object was passed as a world context object to UEngine::GetWorldFromContextObject().
[2020.05.06-23.11.24:297][114]LogScript: Warning: Script Msg: A null object was passed as a world context object to UEngine::GetWorldFromContextObject().
[2020.05.06-23.11.24:316][115]LogScript: Warning: Script Msg: A null object was passed as a world context object to UEngine::GetWorldFromContextObject().
[2020.05.06-23.11.24:341][116]LogScript: Warning: Script Msg: A null object was passed as a world context object to UEngine::GetWorldFromContextObject().
[2020.05.06-23.11.24:369][117]LogScript: Warning: Script Msg: A null object was passed as a world context object to UEngine::GetWorldFromContextObject().
[2020.05.06-23.11.24:389][118]LogScript: Warning: Script Msg: A null object was passed as a world context object to UEngine::GetWorldFromContextObject().
[2020.05.06-23.11.24:404][119]LogScript: Warning: Script Msg: A null object was passed as a world context object to UEngine::GetWorldFromContextObject().
[2020.05.06-23.11.24:424][120]LogScript: Warning: Script Msg: A null object was passed as a world context object to UEngine::GetWorldFromContextObject().
[2020.05.06-23.11.24:439][121]LogScript: Warning: Script Msg: A null object was passed as a world context object to UEngine::GetWorldFromContextObject().
[2020.05.06-23.11.24:461][122]LogScript: Warning: Script Msg: A null object was passed as a world context object to UEngine::GetWorldFromContextObject().
[2020.05.06-23.11.24:478][123]LogScript: Warning: Script Msg: A null object was passed as a world context object to UEngine::GetWorldFromContextObject().
[2020.05.06-23.11.24:499][124]LogScript: Warning: Script Msg: A null object was passed as a world context object to UEngine::GetWorldFromContextObject().
[2020.05.06-23.11.24:521][125]LogScript: Warning: Script Msg: A null object was passed as a world context object to UEngine::GetWorldFromContextObject().
[2020.05.06-23.11.24:538][126]LogScript: Warning: Script Msg: A null object was passed as a world context object to UEngine::GetWorldFromContextObject().
[2020.05.06-23.11.24:561][127]LogScript: Warning: Script Msg: A null object was passed as a world context object to UEngine::GetWorldFromContextObject().
[2020.05.06-23.11.24:581][128]LogScript: Warning: Script Msg: A null object was passed as a world context object to UEngine::GetWorldFromContextObject().
[2020.05.06-23.11.24:599][129]LogScript: Warning: Script Msg: A null object was passed as a world context object to UEngine::GetWorldFromContextObject().
[2020.05.06-23.11.24:617][130]LogScript: Warning: Script Msg: A null object was passed as a world context object to UEngine::GetWorldFromContextObject().
[2020.05.06-23.11.24:636][131]LogScript: Warning: Script Msg: A null object was passed as a world context object to UEngine::GetWorldFromContextObject().
[2020.05.06-23.11.24:655][132]LogScript: Warning: Script Msg: A null object was passed as a world context object to UEngine::GetWorldFromContextObject().
[2020.05.06-23.11.24:677][133]LogScript: Warning: Script Msg: A null object was passed as a world context object to UEngine::GetWorldFromContextObject().
[2020.05.06-23.11.24:696][134]LogScript: Warning: Script Msg: A null object was passed as a world context object to UEngine::GetWorldFromContextObject().
[2020.05.06-23.11.24:714][135]LogScript: Warning: Script Msg: A null object was passed as a world context object to UEngine::GetWorldFromContextObject().
[2020.05.06-23.11.24:734][136]LogScript: Warning: Script Msg: A null object was passed as a world context object to UEngine::GetWorldFromContextObject().
[2020.05.06-23.11.24:762][137]LogScript: Warning: Script Msg: A null object was passed as a world context object to UEngine::GetWorldFromContextObject().
[2020.05.06-23.11.24:790][138]LogScript: Warning: Script Msg: A null object was passed as a world context object to UEngine::GetWorldFromContextObject().
[2020.05.06-23.11.24:814][139]LogScript: Warning: Script Msg: A null object was passed as a world context object to UEngine::GetWorldFromContextObject().
[2020.05.06-23.11.24:839][140]LogScript: Warning: Script Msg: A null object was passed as a world context object to UEngine::GetWorldFromContextObject().
[2020.05.06-23.11.24:864][141]LogScript: Warning: Script Msg: A null object was passed as a world context object to UEngine::GetWorldFromContextObject().
[2020.05.06-23.11.24:885][142]LogScript: Warning: Script Msg: A null object was passed as a world context object to UEngine::GetWorldFromContextObject().
[2020.05.06-23.11.24:906][143]LogScript: Warning: Script Msg: A null object was passed as a world context object to UEngine::GetWorldFromContextObject().
[2020.05.06-23.11.24:930][144]LogScript: Warning: Script Msg: A null object was passed as a world context object to UEngine::GetWorldFromContextObject().
[2020.05.06-23.11.24:952][145]LogScript: Warning: Script Msg: A null object was passed as a world context object to UEngine::GetWorldFromContextObject().
[2020.05.06-23.11.24:974][146]LogScript: Warning: Script Msg: A null object was passed as a world context object to UEngine::GetWorldFromContextObject().
[2020.05.06-23.11.25:001][147]LogScript: Warning: Script Msg: A null object was passed as a world context object to UEngine::GetWorldFromContextObject().
[2020.05.06-23.11.25:026][148]LogScript: Warning: Script Msg: A null object was passed as a world context object to UEngine::GetWorldFromContextObject().
[2020.05.06-23.11.25:044][149]LogScript: Warning: Script Msg: A null object was passed as a world context object to UEngine::GetWorldFromContextObject().
[2020.05.06-23.11.25:064][150]LogScript: Warning: Script Msg: A null object was passed as a world context object to UEngine::GetWorldFromContextObject().
[2020.05.06-23.11.25:082][151]LogScript: Warning: Script Msg: A null object was passed as a world context object to UEngine::GetWorldFromContextObject().
[2020.05.06-23.11.25:100][152]LogScript: Warning: Script Msg: A null object was passed as a world context object to UEngine::GetWorldFromContextObject().
[2020.05.06-23.11.25:119][153]LogScript: Warning: Script Msg: A null object was passed as a world context object to UEngine::GetWorldFromContextObject().
[2020.05.06-23.11.25:137][154]LogScript: Warning: Script Msg: A null object was passed as a world context object to UEngine::GetWorldFromContextObject().
[2020.05.06-23.11.25:155][155]LogScript: Warning: Script Msg: A null object was passed as a world context object to UEngine::GetWorldFromContextObject().
[2020.05.06-23.11.25:172][156]LogScript: Warning: Script Msg: A null object was passed as a world context object to UEngine::GetWorldFromContextObject().
[2020.05.06-23.11.25:196][157]LogScript: Warning: Script Msg: A null object was passed as a world context object to UEngine::GetWorldFromContextObject().
[2020.05.06-23.11.25:213][158]LogScript: Warning: Script Msg: A null object was passed as a world context object to UEngine::GetWorldFromContextObject().
[2020.05.06-23.11.25:231][159]LogScript: Warning: Script Msg: A null object was passed as a world context object to UEngine::GetWorldFromContextObject().
[2020.05.06-23.11.25:249][160]LogScript: Warning: Script Msg: A null object was passed as a world context object to UEngine::GetWorldFromContextObject().
[2020.05.06-23.11.25:269][161]LogScript: Warning: Script Msg: A null object was passed as a world context object to UEngine::GetWorldFromContextObject().
[2020.05.06-23.11.25:288][162]LogScript: Warning: Script Msg: A null object was passed as a world context object to UEngine::GetWorldFromContextObject().
[2020.05.06-23.11.25:303][163]LogScript: Warning: Script Msg: A null object was passed as a world context object to UEngine::GetWorldFromContextObject().
[2020.05.06-23.11.25:323][164]LogScript: Warning: Script Msg: A null object was passed as a world context object to UEngine::GetWorldFromContextObject().
[2020.05.06-23.11.25:342][165]LogScript: Warning: Script Msg: A null object was passed as a world context object to UEngine::GetWorldFromContextObject().
[2020.05.06-23.11.25:362][166]LogScript: Warning: Script Msg: A null object was passed as a world context object to UEngine::GetWorldFromContextObject().
[2020.05.06-23.11.25:381][167]LogScript: Warning: Script Msg: A null object was passed as a world context object to UEngine::GetWorldFromContextObject().
[2020.05.06-23.11.25:401][168]LogScript: Warning: Script Msg: A null object was passed as a world context object to UEngine::GetWorldFromContextObject().
[2020.05.06-23.11.25:422][169]LogScript: Warning: Script Msg: A null object was passed as a world context object to UEngine::GetWorldFromContextObject().
[2020.05.06-23.11.25:439][170]LogScript: Warning: Script Msg: A null object was passed as a world context object to UEngine::GetWorldFromContextObject().
[2020.05.06-23.11.25:458][171]LogScript: Warning: Script Msg: A null object was passed as a world context object to UEngine::GetWorldFromContextObject().
[2020.05.06-23.11.25:474][172]LogScript: Warning: Script Msg: A null object was passed as a world context object to UEngine::GetWorldFromContextObject().
[2020.05.06-23.11.25:495][173]LogScript: Warning: Script Msg: A null object was passed as a world context object to UEngine::GetWorldFromContextObject().
[2020.05.06-23.11.25:511][174]LogScript: Warning: Script Msg: A null object was passed as a world context object to UEngine::GetWorldFromContextObject().
[2020.05.06-23.11.25:531][175]LogScript: Warning: Script Msg: A null object was passed as a world context object to UEngine::GetWorldFromContextObject().
[2020.05.06-23.11.25:551][176]LogScript: Warning: Script Msg: A null object was passed as a world context object to UEngine::GetWorldFromContextObject().
[2020.05.06-23.11.25:568][177]LogSlate: FSceneViewport::OnFocusLost() reason 0
[2020.05.06-23.11.25:569][177]LogScript: Warning: Script Msg: A null object was passed as a world context object to UEngine::GetWorldFromContextObject().
[2020.05.06-23.11.25:589][178]LogScript: Warning: Script Msg: A null object was passed as a world context object to UEngine::GetWorldFromContextObject().
[2020.05.06-23.11.25:607][179]LogScript: Warning: Script Msg: A null object was passed as a world context object to UEngine::GetWorldFromContextObject().
[2020.05.06-23.11.25:629][180]LogScript: Warning: Script Msg: A null object was passed as a world context object to UEngine::GetWorldFromContextObject().
[2020.05.06-23.11.25:651][181]LogScript: Warning: Script Msg: A null object was passed as a world context object to UEngine::GetWorldFromContextObject().
[2020.05.06-23.11.25:674][182]LogScript: Warning: Script Msg: A null object was passed as a world context object to UEngine::GetWorldFromContextObject().
[2020.05.06-23.11.25:695][183]LogScript: Warning: Script Msg: A null object was passed as a world context object to UEngine::GetWorldFromContextObject().
