Log file open, 01/28/20 17:26:17
LogWindows: Failed to load 'aqProf.dll' (GetLastError=126)
LogWindows: File 'aqProf.dll' does not exist
LogWindows: Failed to load 'VtuneApi.dll' (GetLastError=126)
LogWindows: File 'VtuneApi.dll' does not exist
LogWindows: Failed to load 'VtuneApi32e.dll' (GetLastError=126)
LogWindows: File 'VtuneApi32e.dll' does not exist
LogConsoleResponse: Display: Failed to find resolution value strings in scalability ini. Falling back to default.
LogInit: Display: Running engine for game: SeniorProject
LogPakFile: Registered encryption key '00000000000000000000000000000000': 0 pak files mounted, 0 remain pending
LogPlatformFile: Not using cached read wrapper
LogTaskGraph: Started task graph with 5 named threads and 23 total threads with 3 sets of task threads.
LogStats: Stats thread started at 0.471909
LogD3D11RHI: Loaded GFSDK_Aftermath_Lib.x64.dll
LogICUInternationalization: ICU TimeZone Detection - Raw Offset: -5:00, Platform Override: ''
LogPluginManager: Mounting plugin Paper2D
LogPluginManager: Mounting plugin AISupport
LogPluginManager: Mounting plugin LightPropagationVolume
LogPluginManager: Mounting plugin ActorLayerUtilities
LogPluginManager: Mounting plugin AnimationSharing
LogPluginManager: Mounting plugin CLionSourceCodeAccess
LogPluginManager: Mounting plugin CodeLiteSourceCodeAccess
LogPluginManager: Mounting plugin GitSourceControl
LogPluginManager: Mounting plugin KDevelopSourceCodeAccess
LogPluginManager: Mounting plugin NullSourceCodeAccess
LogPluginManager: Mounting plugin PerforceSourceControl
LogPluginManager: Mounting plugin SubversionSourceControl
LogPluginManager: Mounting plugin UObjectPlugin
LogPluginManager: Mounting plugin VisualStudioCodeSourceCodeAccess
LogPluginManager: Mounting plugin VisualStudioSourceCodeAccess
LogPluginManager: Mounting plugin XCodeSourceCodeAccess
LogPluginManager: Mounting plugin AssetManagerEditor
LogPluginManager: Mounting plugin CryptoKeys
LogPluginManager: Mounting plugin DataValidation
LogPluginManager: Mounting plugin EditorScriptingUtilities
LogPluginManager: Mounting plugin FacialAnimation
LogPluginManager: Mounting plugin GameplayTagsEditor
LogPluginManager: Mounting plugin GLTFImporter
LogPluginManager: Mounting plugin MacGraphicsSwitching
LogPluginManager: Mounting plugin MaterialAnalyzer
LogPluginManager: Mounting plugin MeshEditor
LogPluginManager: Mounting plugin MobileLauncherProfileWizard
LogPluginManager: Mounting plugin PluginBrowser
LogPluginManager: Mounting plugin SpeedTreeImporter
LogPluginManager: Mounting plugin DatasmithContent
LogPluginManager: Mounting plugin VariantManagerContent
LogPluginManager: Mounting plugin AlembicImporter
LogPluginManager: Mounting plugin AppleImageUtils
LogPluginManager: Mounting plugin AppleVision
LogPluginManager: Mounting plugin BackChannel
LogPluginManager: Mounting plugin BlastPlugin
LogPluginManager: Mounting plugin ChaosSolverPlugin
LogPluginManager: Mounting plugin CharacterAI
LogPluginManager: Mounting plugin GeometryCache
LogPluginManager: Mounting plugin GeometryCollectionPlugin
LogPluginManager: Mounting plugin HTML5Networking
LogPluginManager: Mounting plugin ProxyLODPlugin
LogPluginManager: Mounting plugin SkeletalReduction
LogPluginManager: Mounting plugin MagicLeap
LogPluginManager: Mounting plugin MagicLeapMedia
LogPluginManager: Mounting plugin AndroidMedia
LogPluginManager: Mounting plugin AvfMedia
LogPluginManager: Mounting plugin ImgMedia
LogPluginManager: Mounting plugin LinearTimecode
LogPluginManager: Mounting plugin MediaCompositing
LogPluginManager: Mounting plugin MediaPlayerEditor
LogPluginManager: Mounting plugin WebMMedia
LogPluginManager: Mounting plugin WmfMedia
LogPluginManager: Mounting plugin TcpMessaging
LogPluginManager: Mounting plugin UdpMessaging
LogPluginManager: Mounting plugin ActorSequence
LogPluginManager: Mounting plugin LevelSequenceEditor
LogPluginManager: Mounting plugin MatineeToLevelSequence
LogPluginManager: Mounting plugin NetcodeUnitTest
LogPluginManager: Mounting plugin NUTUnrealEngine4
LogPluginManager: Mounting plugin OnlineSubsystemGooglePlay
LogPluginManager: Mounting plugin OnlineSubsystemIOS
LogPluginManager: Mounting plugin OnlineSubsystem
LogPluginManager: Mounting plugin OnlineSubsystemNull
LogPluginManager: Mounting plugin OnlineSubsystemUtils
LogPluginManager: Mounting plugin LauncherChunkInstaller
LogPluginManager: Mounting plugin AndroidDeviceProfileSelector
LogPluginManager: Mounting plugin AndroidMoviePlayer
LogPluginManager: Mounting plugin AndroidPermission
LogPluginManager: Mounting plugin AppleMoviePlayer
LogPluginManager: Mounting plugin ArchVisCharacter
LogPluginManager: Mounting plugin AudioCapture
LogPluginManager: Mounting plugin CableComponent
LogPluginManager: Mounting plugin CustomMeshComponent
LogPluginManager: Mounting plugin EditableMesh
LogPluginManager: Mounting plugin ExampleDeviceProfileSelector
LogPluginManager: Mounting plugin Firebase
LogPluginManager: Mounting plugin GoogleCloudMessaging
LogPluginManager: Mounting plugin IOSDeviceProfileSelector
LogPluginManager: Mounting plugin LinuxDeviceProfileSelector
LogPluginManager: Mounting plugin LocationServicesBPLibrary
LogPluginManager: Mounting plugin MobilePatchingUtils
LogPluginManager: Mounting plugin OculusVR
LogPluginManager: Mounting plugin PhysXVehicles
LogPluginManager: Mounting plugin ProceduralMeshComponent
LogPluginManager: Mounting plugin RuntimePhysXCooking
LogPluginManager: Mounting plugin SignificanceManager
LogPluginManager: Mounting plugin SteamVR
LogPluginManager: Mounting plugin WebMMoviePlayer
LogPluginManager: Mounting plugin WindowsMoviePlayer
LogPluginManager: Mounting plugin DatasmithCADImporter
LogPluginManager: Mounting plugin DatasmithDataPrepEditor
LogPluginManager: Mounting plugin DatasmithFBXImporter
LogPluginManager: Mounting plugin DatasmithGLTFImporter
LogPluginManager: Mounting plugin DatasmithImporter
LogPluginManager: Mounting plugin MDLImporter
LogPluginManager: Mounting plugin StaticMeshEditorExtension
LogPluginManager: Mounting plugin VariantManager
LogInit: Using libcurl 7.55.1-DEV
LogInit:  - built for x86_64-pc-win32
LogInit:  - supports SSL with OpenSSL/1.1.1
LogInit:  - supports HTTP deflate (compression) using libz 1.2.8
LogInit:  - other features:
LogInit:      CURL_VERSION_SSL
LogInit:      CURL_VERSION_LIBZ
LogInit:      CURL_VERSION_IPV6
LogInit:      CURL_VERSION_ASYNCHDNS
LogInit:      CURL_VERSION_LARGEFILE
LogInit:      CURL_VERSION_IDN
LogInit:  CurlRequestOptions (configurable via config and command line):
LogInit:  - bVerifyPeer = true  - Libcurl will verify peer certificate
LogInit:  - bUseHttpProxy = false  - Libcurl will NOT use HTTP proxy
LogInit:  - bDontReuseConnections = false  - Libcurl will reuse connections
LogInit:  - MaxHostConnections = 16  - Libcurl will limit the number of connections to a host
LogInit:  - LocalHostAddr = Default
LogInit:  - BufferSize = 65536
LogInit: WinSock: version 1.1 (2.2), MaxSocks=32767, MaxUdp=65467
LogHMD: Failed initializing OVRPlugin 1.32.0
LogInit: Build: ++UE4+Release-4.22-CL-7053642
LogInit: Engine Version: 4.22.3-7053642+++UE4+Release-4.22
LogInit: Compatible Engine Version: 4.22.0-5660361+++UE4+Release-4.22
LogInit: Net CL: 5660361
LogInit: OS: Windows 10 (Release 1903) (), CPU: Intel(R) Core(TM) i7-7700HQ CPU @ 2.80GHz, GPU: NVIDIA GeForce GTX 1070
LogInit: Compiled (64-bit): Jun 18 2019 03:09:11
LogInit: Compiled with Visual C++: 19.16.27025.01
LogInit: Build Configuration: Development
LogInit: Branch Name: ++UE4+Release-4.22
LogInit: Command Line:  -skipcompile
LogInit: Base Directory: D:/TheBestGame/UE_4.22/Engine/Binaries/Win64/
LogInit: Installed Engine Build: 1
LogDevObjectVersion: Number of dev versions registered: 23
LogDevObjectVersion:   Dev-Blueprints (B0D832E4-1F89-4F0D-ACCF-7EB736FD4AA2): 10
LogDevObjectVersion:   Dev-Build (E1C64328-A22C-4D53-A36C-8E866417BD8C): 0
LogDevObjectVersion:   Dev-Core (375EC13C-06E4-48FB-B500-84F0262A717E): 3
LogDevObjectVersion:   Dev-Editor (E4B068ED-F494-42E9-A231-DA0B2E46BB41): 30
LogDevObjectVersion:   Dev-Framework (CFFC743F-43B0-4480-9391-14DF171D2073): 35
LogDevObjectVersion:   Dev-Mobile (B02B49B5-BB20-44E9-A304-32B752E40360): 2
LogDevObjectVersion:   Dev-Networking (A4E4105C-59A1-49B5-A7C5-40C4547EDFEE): 0
LogDevObjectVersion:   Dev-Online (39C831C9-5AE6-47DC-9A44-9C173E1C8E7C): 0
LogDevObjectVersion:   Dev-Physics (78F01B33-EBEA-4F98-B9B4-84EACCB95AA2): 0
LogDevObjectVersion:   Dev-Platform (6631380F-2D4D-43E0-8009-CF276956A95A): 0
LogDevObjectVersion:   Dev-Rendering (12F88B9F-8875-4AFC-A67C-D90C383ABD29): 28
LogDevObjectVersion:   Dev-Sequencer (7B5AE74C-D270-4C10-A958-57980B212A5A): 11
LogDevObjectVersion:   Dev-VR (D7296918-1DD6-4BDD-9DE2-64A83CC13884): 2
LogDevObjectVersion:   Dev-LoadTimes (C2A15278-BFE7-4AFE-6C17-90FF531DF755): 1
LogDevObjectVersion:   Private-Geometry (6EACA3D4-40EC-4CC1-B786-8BED09428FC5): 3
LogDevObjectVersion:   Dev-AnimPhys (29E575DD-E0A3-4627-9D10-D276232CDCEA): 17
LogDevObjectVersion:   Dev-Anim (AF43A65D-7FD3-4947-9873-3E8ED9C1BB05): 2
LogDevObjectVersion:   Dev-ReflectionCapture (6B266CEC-1EC7-4B8F-A30B-E4D90942FC07): 1
LogDevObjectVersion:   Dev-Automation (0DF73D61-A23F-47EA-B727-89E90C41499A): 1
LogDevObjectVersion:   FortniteMain (601D1886-AC64-4F84-AA16-D3DE0DEAC7D6): 25
LogDevObjectVersion:   Dev-Enterprise (9DFFBCD6-494F-0158-E221-12823C92A888): 6
LogDevObjectVersion:   Dev-Niagara (F2AED0AC-9AFE-416F-8664-AA7FFA26D6FC): 1
LogDevObjectVersion:   Dev-Destruction (174F1F0B-B4C6-45A5-B13F-2EE8D0FB917D): 2
LogInit: Presizing for max 16777216 objects, including 0 objects not considered by GC, pre-allocating 0 bytes for permanent pool.
LogInit: Object subsystem initialized
LogConfig: Setting CVar [[con.DebugEarlyDefault:1]]
LogConfig: Setting CVar [[r.setres:1280x720]]
[2020.01.28-22.26.19:073][  0]LogConfig: Setting CVar [[r.VSync:0]]
[2020.01.28-22.26.19:073][  0]LogConfig: Setting CVar [[r.RHICmdBypass:0]]
[2020.01.28-22.26.19:074][  0]LogConfig: Applying CVar settings from Section [/Script/Engine.RendererSettings] File [C:/SeniorProject/PollutionProject/SeniorProject/Saved/Config/Windows/Engine.ini]
[2020.01.28-22.26.19:074][  0]LogConfig: Setting CVar [[r.GPUCrashDebugging:0]]
[2020.01.28-22.26.19:074][  0]LogConfig: Setting CVar [[r.DefaultFeature.AutoExposure.ExtendDefaultLuminanceRange:1]]
[2020.01.28-22.26.19:074][  0]LogConfig: Setting CVar [[r.GenerateMeshDistanceFields:1]]
[2020.01.28-22.26.19:074][  0]LogConfig: Applying CVar settings from Section [/Script/Engine.RendererOverrideSettings] File [C:/SeniorProject/PollutionProject/SeniorProject/Saved/Config/Windows/Engine.ini]
[2020.01.28-22.26.19:074][  0]LogConfig: Applying CVar settings from Section [/Script/Engine.StreamingSettings] File [C:/SeniorProject/PollutionProject/SeniorProject/Saved/Config/Windows/Engine.ini]
[2020.01.28-22.26.19:074][  0]LogConfig: Setting CVar [[s.MinBulkDataSizeForAsyncLoading:131072]]
[2020.01.28-22.26.19:075][  0]LogConfig: Setting CVar [[s.AsyncLoadingThreadEnabled:0]]
[2020.01.28-22.26.19:075][  0]LogConfig: Setting CVar [[s.EventDrivenLoaderEnabled:1]]
[2020.01.28-22.26.19:075][  0]LogConfig: Setting CVar [[s.WarnIfTimeLimitExceeded:0]]
[2020.01.28-22.26.19:075][  0]LogConfig: Setting CVar [[s.TimeLimitExceededMultiplier:1.5]]
[2020.01.28-22.26.19:075][  0]LogConfig: Setting CVar [[s.TimeLimitExceededMinTime:0.005]]
[2020.01.28-22.26.19:075][  0]LogConfig: Setting CVar [[s.UseBackgroundLevelStreaming:1]]
[2020.01.28-22.26.19:075][  0]LogConfig: Setting CVar [[s.PriorityAsyncLoadingExtraTime:15.0]]
[2020.01.28-22.26.19:076][  0]LogConfig: Setting CVar [[s.LevelStreamingActorsUpdateTimeLimit:5.0]]
[2020.01.28-22.26.19:076][  0]LogConfig: Setting CVar [[s.PriorityLevelStreamingActorsUpdateExtraTime:5.0]]
[2020.01.28-22.26.19:076][  0]LogConfig: Setting CVar [[s.LevelStreamingComponentsRegistrationGranularity:10]]
[2020.01.28-22.26.19:076][  0]LogConfig: Setting CVar [[s.UnregisterComponentsTimeLimit:1.0]]
[2020.01.28-22.26.19:076][  0]LogConfig: Setting CVar [[s.LevelStreamingComponentsUnregistrationGranularity:5]]
[2020.01.28-22.26.19:076][  0]LogConfig: Applying CVar settings from Section [/Script/Engine.GarbageCollectionSettings] File [C:/SeniorProject/PollutionProject/SeniorProject/Saved/Config/Windows/Engine.ini]
[2020.01.28-22.26.19:076][  0]LogConfig: Setting CVar [[gc.MaxObjectsNotConsideredByGC:1]]
[2020.01.28-22.26.19:076][  0]LogConfig: Setting CVar [[gc.SizeOfPermanentObjectPool:0]]
[2020.01.28-22.26.19:076][  0]LogConfig: Setting CVar [[gc.FlushStreamingOnGC:0]]
[2020.01.28-22.26.19:077][  0]LogConfig: Setting CVar [[gc.NumRetriesBeforeForcingGC:10]]
[2020.01.28-22.26.19:077][  0]LogConfig: Setting CVar [[gc.AllowParallelGC:1]]
[2020.01.28-22.26.19:077][  0]LogConfig: Setting CVar [[gc.TimeBetweenPurgingPendingKillObjects:61.1]]
[2020.01.28-22.26.19:077][  0]LogConfig: Setting CVar [[gc.MaxObjectsInEditor:16777216]]
[2020.01.28-22.26.19:077][  0]LogConfig: Setting CVar [[gc.IncrementalBeginDestroyEnabled:1]]
[2020.01.28-22.26.19:077][  0]LogConfig: Setting CVar [[gc.CreateGCClusters:1]]
[2020.01.28-22.26.19:077][  0]LogConfig: Setting CVar [[gc.MinGCClusterSize:5]]
[2020.01.28-22.26.19:077][  0]LogConfig: Setting CVar [[gc.ActorClusteringEnabled:0]]
[2020.01.28-22.26.19:077][  0]LogConfig: Setting CVar [[gc.BlueprintClusteringEnabled:0]]
[2020.01.28-22.26.19:077][  0]LogConfig: Setting CVar [[gc.UseDisregardForGCOnDedicatedServers:0]]
[2020.01.28-22.26.19:078][  0]LogConfig: Applying CVar settings from Section [/Script/Engine.NetworkSettings] File [C:/SeniorProject/PollutionProject/SeniorProject/Saved/Config/Windows/Engine.ini]
[2020.01.28-22.26.19:078][  0]LogConfig: Applying CVar settings from Section [/Script/UnrealEd.CookerSettings] File [C:/SeniorProject/PollutionProject/SeniorProject/Saved/Config/Windows/Engine.ini]
[2020.01.28-22.26.19:085][  0]LogConfig: Applying CVar settings from Section [ViewDistanceQuality@3] File [C:/SeniorProject/PollutionProject/SeniorProject/Saved/Config/Windows/Scalability.ini]
[2020.01.28-22.26.19:085][  0]LogConfig: Setting CVar [[r.SkeletalMeshLODBias:0]]
[2020.01.28-22.26.19:085][  0]LogConfig: Setting CVar [[r.ViewDistanceScale:1.0]]
[2020.01.28-22.26.19:086][  0]LogConfig: Applying CVar settings from Section [AntiAliasingQuality@3] File [C:/SeniorProject/PollutionProject/SeniorProject/Saved/Config/Windows/Scalability.ini]
[2020.01.28-22.26.19:086][  0]LogConfig: Setting CVar [[r.PostProcessAAQuality:4]]
[2020.01.28-22.26.19:086][  0]LogConfig: Applying CVar settings from Section [ShadowQuality@3] File [C:/SeniorProject/PollutionProject/SeniorProject/Saved/Config/Windows/Scalability.ini]
[2020.01.28-22.26.19:086][  0]LogConfig: Setting CVar [[r.LightFunctionQuality:1]]
[2020.01.28-22.26.19:086][  0]LogConfig: Setting CVar [[r.ShadowQuality:5]]
[2020.01.28-22.26.19:086][  0]LogConfig: Setting CVar [[r.Shadow.CSM.MaxCascades:10]]
[2020.01.28-22.26.19:086][  0]LogConfig: Setting CVar [[r.Shadow.MaxResolution:2048]]
[2020.01.28-22.26.19:086][  0]LogConfig: Setting CVar [[r.Shadow.MaxCSMResolution:2048]]
[2020.01.28-22.26.19:086][  0]LogConfig: Setting CVar [[r.Shadow.RadiusThreshold:0.01]]
[2020.01.28-22.26.19:086][  0]LogConfig: Setting CVar [[r.Shadow.DistanceScale:1.0]]
[2020.01.28-22.26.19:086][  0]LogConfig: Setting CVar [[r.Shadow.CSM.TransitionScale:1.0]]
[2020.01.28-22.26.19:087][  0]LogConfig: Setting CVar [[r.Shadow.PreShadowResolutionFactor:1.0]]
[2020.01.28-22.26.19:087][  0]LogConfig: Setting CVar [[r.DistanceFieldShadowing:1]]
[2020.01.28-22.26.19:087][  0]LogConfig: Setting CVar [[r.DistanceFieldAO:1]]
[2020.01.28-22.26.19:087][  0]LogConfig: Setting CVar [[r.AOQuality:2]]
[2020.01.28-22.26.19:087][  0]LogConfig: Setting CVar [[r.VolumetricFog:1]]
[2020.01.28-22.26.19:087][  0]LogConfig: Setting CVar [[r.VolumetricFog.GridPixelSize:8]]
[2020.01.28-22.26.19:087][  0]LogConfig: Setting CVar [[r.VolumetricFog.GridSizeZ:128]]
[2020.01.28-22.26.19:087][  0]LogConfig: Setting CVar [[r.VolumetricFog.HistoryMissSupersampleCount:4]]
[2020.01.28-22.26.19:087][  0]LogConfig: Setting CVar [[r.LightMaxDrawDistanceScale:1]]
[2020.01.28-22.26.19:087][  0]LogConfig: Setting CVar [[r.CapsuleShadows:1]]
[2020.01.28-22.26.19:087][  0]LogConfig: Applying CVar settings from Section [PostProcessQuality@3] File [C:/SeniorProject/PollutionProject/SeniorProject/Saved/Config/Windows/Scalability.ini]
[2020.01.28-22.26.19:088][  0]LogConfig: Setting CVar [[r.MotionBlurQuality:4]]
[2020.01.28-22.26.19:088][  0]LogConfig: Setting CVar [[r.AmbientOcclusionMipLevelFactor:0.4]]
[2020.01.28-22.26.19:088][  0]LogConfig: Setting CVar [[r.AmbientOcclusionMaxQuality:100]]
[2020.01.28-22.26.19:088][  0]LogConfig: Setting CVar [[r.AmbientOcclusionLevels:-1]]
[2020.01.28-22.26.19:088][  0]LogConfig: Setting CVar [[r.AmbientOcclusionRadiusScale:1.0]]
[2020.01.28-22.26.19:088][  0]LogConfig: Setting CVar [[r.DepthOfFieldQuality:2]]
[2020.01.28-22.26.19:088][  0]LogConfig: Setting CVar [[r.RenderTargetPoolMin:400]]
[2020.01.28-22.26.19:088][  0]LogConfig: Setting CVar [[r.LensFlareQuality:2]]
[2020.01.28-22.26.19:088][  0]LogConfig: Setting CVar [[r.SceneColorFringeQuality:1]]
[2020.01.28-22.26.19:088][  0]LogConfig: Setting CVar [[r.EyeAdaptationQuality:2]]
[2020.01.28-22.26.19:088][  0]LogConfig: Setting CVar [[r.BloomQuality:5]]
[2020.01.28-22.26.19:088][  0]LogConfig: Setting CVar [[r.FastBlurThreshold:100]]
[2020.01.28-22.26.19:088][  0]LogConfig: Setting CVar [[r.Upscale.Quality:3]]
[2020.01.28-22.26.19:089][  0]LogConfig: Setting CVar [[r.Tonemapper.GrainQuantization:1]]
[2020.01.28-22.26.19:089][  0]LogConfig: Setting CVar [[r.LightShaftQuality:1]]
[2020.01.28-22.26.19:089][  0]LogConfig: Setting CVar [[r.Filter.SizeScale:1]]
[2020.01.28-22.26.19:089][  0]LogConfig: Setting CVar [[r.Tonemapper.Quality:5]]
[2020.01.28-22.26.19:089][  0]LogConfig: Setting CVar [[r.DOF.Gather.AccumulatorQuality:1        ; higher gathering accumulator quality]]
[2020.01.28-22.26.19:089][  0]LogConfig: Setting CVar [[r.DOF.Gather.PostfilterMethod:1          ; Median3x3 postfilering method]]
[2020.01.28-22.26.19:089][  0]LogConfig: Setting CVar [[r.DOF.Gather.EnableBokehSettings:0       ; no bokeh simulation when gathering]]
[2020.01.28-22.26.19:089][  0]LogConfig: Setting CVar [[r.DOF.Gather.RingCount:4                 ; medium number of samples when gathering]]
[2020.01.28-22.26.19:089][  0]LogConfig: Setting CVar [[r.DOF.Scatter.ForegroundCompositing:1    ; additive foreground scattering]]
[2020.01.28-22.26.19:089][  0]LogConfig: Setting CVar [[r.DOF.Scatter.BackgroundCompositing:2    ; additive background scattering]]
[2020.01.28-22.26.19:089][  0]LogConfig: Setting CVar [[r.DOF.Scatter.EnableBokehSettings:1      ; bokeh simulation when scattering]]
[2020.01.28-22.26.19:089][  0]LogConfig: Setting CVar [[r.DOF.Scatter.MaxSpriteRatio:0.1         ; only a maximum of 10% of scattered bokeh]]
[2020.01.28-22.26.19:090][  0]LogConfig: Setting CVar [[r.DOF.Recombine.Quality:1                ; cheap slight out of focus]]
[2020.01.28-22.26.19:090][  0]LogConfig: Setting CVar [[r.DOF.Recombine.EnableBokehSettings:0    ; no bokeh simulation on slight out of focus]]
[2020.01.28-22.26.19:090][  0]LogConfig: Setting CVar [[r.DOF.TemporalAAQuality:1                ; more stable temporal accumulation]]
[2020.01.28-22.26.19:090][  0]LogConfig: Setting CVar [[r.DOF.Kernel.MaxForegroundRadius:0.025]]
[2020.01.28-22.26.19:090][  0]LogConfig: Setting CVar [[r.DOF.Kernel.MaxBackgroundRadius:0.025]]
[2020.01.28-22.26.19:090][  0]LogConfig: Applying CVar settings from Section [TextureQuality@3] File [C:/SeniorProject/PollutionProject/SeniorProject/Saved/Config/Windows/Scalability.ini]
[2020.01.28-22.26.19:090][  0]LogConfig: Setting CVar [[r.Streaming.MipBias:0]]
[2020.01.28-22.26.19:090][  0]LogConfig: Setting CVar [[r.Streaming.AmortizeCPUToGPUCopy:0]]
[2020.01.28-22.26.19:090][  0]LogConfig: Setting CVar [[r.Streaming.MaxNumTexturesToStreamPerFrame:0]]
[2020.01.28-22.26.19:090][  0]LogConfig: Setting CVar [[r.Streaming.Boost:1]]
[2020.01.28-22.26.19:090][  0]LogConfig: Setting CVar [[r.MaxAnisotropy:8]]
[2020.01.28-22.26.19:090][  0]LogConfig: Setting CVar [[r.Streaming.LimitPoolSizeToVRAM:0]]
[2020.01.28-22.26.19:090][  0]LogConfig: Setting CVar [[r.Streaming.PoolSize:1000]]
[2020.01.28-22.26.19:090][  0]LogConfig: Setting CVar [[r.Streaming.MaxEffectiveScreenSize:0]]
[2020.01.28-22.26.19:090][  0]LogConfig: Applying CVar settings from Section [EffectsQuality@3] File [C:/SeniorProject/PollutionProject/SeniorProject/Saved/Config/Windows/Scalability.ini]
[2020.01.28-22.26.19:090][  0]LogConfig: Setting CVar [[r.TranslucencyLightingVolumeDim:64]]
[2020.01.28-22.26.19:090][  0]LogConfig: Setting CVar [[r.RefractionQuality:2]]
[2020.01.28-22.26.19:090][  0]LogConfig: Setting CVar [[r.SSR.Quality:3]]
[2020.01.28-22.26.19:091][  0]LogConfig: Setting CVar [[r.SceneColorFormat:4]]
[2020.01.28-22.26.19:091][  0]LogConfig: Setting CVar [[r.DetailMode:2]]
[2020.01.28-22.26.19:091][  0]LogConfig: Setting CVar [[r.TranslucencyVolumeBlur:1]]
[2020.01.28-22.26.19:091][  0]LogConfig: Setting CVar [[r.MaterialQualityLevel:1 ; High quality]]
[2020.01.28-22.26.19:091][  0]LogConfig: Setting CVar [[r.SSS.Scale:1]]
[2020.01.28-22.26.19:091][  0]LogConfig: Setting CVar [[r.SSS.SampleSet:2]]
[2020.01.28-22.26.19:091][  0]LogConfig: Setting CVar [[r.SSS.Quality:1]]
[2020.01.28-22.26.19:091][  0]LogConfig: Setting CVar [[r.SSS.HalfRes:1]]
[2020.01.28-22.26.19:091][  0]LogConfig: Setting CVar [[r.EmitterSpawnRateScale:1.0]]
[2020.01.28-22.26.19:091][  0]LogConfig: Setting CVar [[r.ParticleLightQuality:2]]
[2020.01.28-22.26.19:091][  0]LogConfig: Applying CVar settings from Section [FoliageQuality@3] File [C:/SeniorProject/PollutionProject/SeniorProject/Saved/Config/Windows/Scalability.ini]
[2020.01.28-22.26.19:091][  0]LogConfig: Setting CVar [[foliage.DensityScale:1.0]]
[2020.01.28-22.26.19:091][  0]LogConfig: Setting CVar [[grass.DensityScale:1.0]]
[2020.01.28-22.26.19:091][  0]LogInit: Selected Device Profile: [Windows]
[2020.01.28-22.26.19:091][  0]LogInit: Applying CVar settings loaded from the selected device profile: [Windows]
[2020.01.28-22.26.19:106][  0]LogHAL: Display: Platform has ~ 16 GB [17130708992 / 17179869184 / 16], which maps to Larger [LargestMinGB=32, LargerMinGB=12, DefaultMinGB=8, SmallerMinGB=6, SmallestMinGB=0)
[2020.01.28-22.26.19:106][  0]LogConfig: Setting CVar [[r.Vulkan.UseRealUBs:0		; Required until we fix HLR fall-out]]
[2020.01.28-22.26.19:106][  0]LogInit: Going up to parent DeviceProfile []
[2020.01.28-22.26.19:107][  0]LogConfig: Applying CVar settings from Section [ViewDistanceQuality@3] File [C:/SeniorProject/PollutionProject/SeniorProject/Saved/Config/Windows/Scalability.ini]
[2020.01.28-22.26.19:107][  0]LogConfig: Setting CVar [[r.SkeletalMeshLODBias:0]]
[2020.01.28-22.26.19:107][  0]LogConfig: Setting CVar [[r.ViewDistanceScale:1.0]]
[2020.01.28-22.26.19:107][  0]LogConfig: Applying CVar settings from Section [AntiAliasingQuality@3] File [C:/SeniorProject/PollutionProject/SeniorProject/Saved/Config/Windows/Scalability.ini]
[2020.01.28-22.26.19:107][  0]LogConfig: Setting CVar [[r.PostProcessAAQuality:4]]
[2020.01.28-22.26.19:107][  0]LogConfig: Applying CVar settings from Section [ShadowQuality@3] File [C:/SeniorProject/PollutionProject/SeniorProject/Saved/Config/Windows/Scalability.ini]
[2020.01.28-22.26.19:107][  0]LogConfig: Setting CVar [[r.LightFunctionQuality:1]]
[2020.01.28-22.26.19:108][  0]LogConfig: Setting CVar [[r.ShadowQuality:5]]
[2020.01.28-22.26.19:108][  0]LogConfig: Setting CVar [[r.Shadow.CSM.MaxCascades:10]]
[2020.01.28-22.26.19:108][  0]LogConfig: Setting CVar [[r.Shadow.MaxResolution:2048]]
[2020.01.28-22.26.19:108][  0]LogConfig: Setting CVar [[r.Shadow.MaxCSMResolution:2048]]
[2020.01.28-22.26.19:108][  0]LogConfig: Setting CVar [[r.Shadow.RadiusThreshold:0.01]]
[2020.01.28-22.26.19:108][  0]LogConfig: Setting CVar [[r.Shadow.DistanceScale:1.0]]
[2020.01.28-22.26.19:108][  0]LogConfig: Setting CVar [[r.Shadow.CSM.TransitionScale:1.0]]
[2020.01.28-22.26.19:108][  0]LogConfig: Setting CVar [[r.Shadow.PreShadowResolutionFactor:1.0]]
[2020.01.28-22.26.19:108][  0]LogConfig: Setting CVar [[r.DistanceFieldShadowing:1]]
[2020.01.28-22.26.19:108][  0]LogConfig: Setting CVar [[r.DistanceFieldAO:1]]
[2020.01.28-22.26.19:109][  0]LogConfig: Setting CVar [[r.AOQuality:2]]
[2020.01.28-22.26.19:109][  0]LogConfig: Setting CVar [[r.VolumetricFog:1]]
[2020.01.28-22.26.19:109][  0]LogConfig: Setting CVar [[r.VolumetricFog.GridPixelSize:8]]
[2020.01.28-22.26.19:109][  0]LogConfig: Setting CVar [[r.VolumetricFog.GridSizeZ:128]]
[2020.01.28-22.26.19:109][  0]LogConfig: Setting CVar [[r.VolumetricFog.HistoryMissSupersampleCount:4]]
[2020.01.28-22.26.19:109][  0]LogConfig: Setting CVar [[r.LightMaxDrawDistanceScale:1]]
[2020.01.28-22.26.19:109][  0]LogConfig: Setting CVar [[r.CapsuleShadows:1]]
[2020.01.28-22.26.19:110][  0]LogConfig: Applying CVar settings from Section [PostProcessQuality@3] File [C:/SeniorProject/PollutionProject/SeniorProject/Saved/Config/Windows/Scalability.ini]
[2020.01.28-22.26.19:110][  0]LogConfig: Setting CVar [[r.MotionBlurQuality:4]]
[2020.01.28-22.26.19:110][  0]LogConfig: Setting CVar [[r.AmbientOcclusionMipLevelFactor:0.4]]
[2020.01.28-22.26.19:110][  0]LogConfig: Setting CVar [[r.AmbientOcclusionMaxQuality:100]]
[2020.01.28-22.26.19:110][  0]LogConfig: Setting CVar [[r.AmbientOcclusionLevels:-1]]
[2020.01.28-22.26.19:110][  0]LogConfig: Setting CVar [[r.AmbientOcclusionRadiusScale:1.0]]
[2020.01.28-22.26.19:110][  0]LogConfig: Setting CVar [[r.DepthOfFieldQuality:2]]
[2020.01.28-22.26.19:110][  0]LogConfig: Setting CVar [[r.RenderTargetPoolMin:400]]
[2020.01.28-22.26.19:110][  0]LogConfig: Setting CVar [[r.LensFlareQuality:2]]
[2020.01.28-22.26.19:111][  0]LogConfig: Setting CVar [[r.SceneColorFringeQuality:1]]
[2020.01.28-22.26.19:111][  0]LogConfig: Setting CVar [[r.EyeAdaptationQuality:2]]
[2020.01.28-22.26.19:111][  0]LogConfig: Setting CVar [[r.BloomQuality:5]]
[2020.01.28-22.26.19:111][  0]LogConfig: Setting CVar [[r.FastBlurThreshold:100]]
[2020.01.28-22.26.19:112][  0]LogConfig: Setting CVar [[r.Upscale.Quality:3]]
[2020.01.28-22.26.19:112][  0]LogConfig: Setting CVar [[r.Tonemapper.GrainQuantization:1]]
[2020.01.28-22.26.19:112][  0]LogConfig: Setting CVar [[r.LightShaftQuality:1]]
[2020.01.28-22.26.19:112][  0]LogConfig: Setting CVar [[r.Filter.SizeScale:1]]
[2020.01.28-22.26.19:112][  0]LogConfig: Setting CVar [[r.Tonemapper.Quality:5]]
[2020.01.28-22.26.19:112][  0]LogConfig: Setting CVar [[r.DOF.Gather.AccumulatorQuality:1        ; higher gathering accumulator quality]]
[2020.01.28-22.26.19:112][  0]LogConfig: Setting CVar [[r.DOF.Gather.PostfilterMethod:1          ; Median3x3 postfilering method]]
[2020.01.28-22.26.19:113][  0]LogConfig: Setting CVar [[r.DOF.Gather.EnableBokehSettings:0       ; no bokeh simulation when gathering]]
[2020.01.28-22.26.19:113][  0]LogConfig: Setting CVar [[r.DOF.Gather.RingCount:4                 ; medium number of samples when gathering]]
[2020.01.28-22.26.19:113][  0]LogConfig: Setting CVar [[r.DOF.Scatter.ForegroundCompositing:1    ; additive foreground scattering]]
[2020.01.28-22.26.19:113][  0]LogConfig: Setting CVar [[r.DOF.Scatter.BackgroundCompositing:2    ; additive background scattering]]
[2020.01.28-22.26.19:113][  0]LogConfig: Setting CVar [[r.DOF.Scatter.EnableBokehSettings:1      ; bokeh simulation when scattering]]
[2020.01.28-22.26.19:113][  0]LogConfig: Setting CVar [[r.DOF.Scatter.MaxSpriteRatio:0.1         ; only a maximum of 10% of scattered bokeh]]
[2020.01.28-22.26.19:113][  0]LogConfig: Setting CVar [[r.DOF.Recombine.Quality:1                ; cheap slight out of focus]]
[2020.01.28-22.26.19:113][  0]LogConfig: Setting CVar [[r.DOF.Recombine.EnableBokehSettings:0    ; no bokeh simulation on slight out of focus]]
[2020.01.28-22.26.19:113][  0]LogConfig: Setting CVar [[r.DOF.TemporalAAQuality:1                ; more stable temporal accumulation]]
[2020.01.28-22.26.19:113][  0]LogConfig: Setting CVar [[r.DOF.Kernel.MaxForegroundRadius:0.025]]
[2020.01.28-22.26.19:113][  0]LogConfig: Setting CVar [[r.DOF.Kernel.MaxBackgroundRadius:0.025]]
[2020.01.28-22.26.19:113][  0]LogConfig: Applying CVar settings from Section [TextureQuality@3] File [C:/SeniorProject/PollutionProject/SeniorProject/Saved/Config/Windows/Scalability.ini]
[2020.01.28-22.26.19:113][  0]LogConfig: Setting CVar [[r.Streaming.MipBias:0]]
[2020.01.28-22.26.19:113][  0]LogConfig: Setting CVar [[r.Streaming.AmortizeCPUToGPUCopy:0]]
[2020.01.28-22.26.19:113][  0]LogConfig: Setting CVar [[r.Streaming.MaxNumTexturesToStreamPerFrame:0]]
[2020.01.28-22.26.19:113][  0]LogConfig: Setting CVar [[r.Streaming.Boost:1]]
[2020.01.28-22.26.19:114][  0]LogConfig: Setting CVar [[r.MaxAnisotropy:8]]
[2020.01.28-22.26.19:114][  0]LogConfig: Setting CVar [[r.Streaming.LimitPoolSizeToVRAM:0]]
[2020.01.28-22.26.19:114][  0]LogConfig: Setting CVar [[r.Streaming.PoolSize:1000]]
[2020.01.28-22.26.19:114][  0]LogConfig: Setting CVar [[r.Streaming.MaxEffectiveScreenSize:0]]
[2020.01.28-22.26.19:114][  0]LogConfig: Applying CVar settings from Section [EffectsQuality@3] File [C:/SeniorProject/PollutionProject/SeniorProject/Saved/Config/Windows/Scalability.ini]
[2020.01.28-22.26.19:114][  0]LogConfig: Setting CVar [[r.TranslucencyLightingVolumeDim:64]]
[2020.01.28-22.26.19:114][  0]LogConfig: Setting CVar [[r.RefractionQuality:2]]
[2020.01.28-22.26.19:114][  0]LogConfig: Setting CVar [[r.SSR.Quality:3]]
[2020.01.28-22.26.19:114][  0]LogConfig: Setting CVar [[r.SceneColorFormat:4]]
[2020.01.28-22.26.19:115][  0]LogConfig: Setting CVar [[r.DetailMode:2]]
[2020.01.28-22.26.19:115][  0]LogConfig: Setting CVar [[r.TranslucencyVolumeBlur:1]]
[2020.01.28-22.26.19:115][  0]LogConfig: Setting CVar [[r.MaterialQualityLevel:1 ; High quality]]
[2020.01.28-22.26.19:115][  0]LogConfig: Setting CVar [[r.SSS.Scale:1]]
[2020.01.28-22.26.19:115][  0]LogConfig: Setting CVar [[r.SSS.SampleSet:2]]
[2020.01.28-22.26.19:115][  0]LogConfig: Setting CVar [[r.SSS.Quality:1]]
[2020.01.28-22.26.19:115][  0]LogConfig: Setting CVar [[r.SSS.HalfRes:1]]
[2020.01.28-22.26.19:115][  0]LogConfig: Setting CVar [[r.EmitterSpawnRateScale:1.0]]
[2020.01.28-22.26.19:115][  0]LogConfig: Setting CVar [[r.ParticleLightQuality:2]]
[2020.01.28-22.26.19:115][  0]LogConfig: Applying CVar settings from Section [FoliageQuality@3] File [C:/SeniorProject/PollutionProject/SeniorProject/Saved/Config/Windows/Scalability.ini]
[2020.01.28-22.26.19:115][  0]LogConfig: Setting CVar [[foliage.DensityScale:1.0]]
[2020.01.28-22.26.19:116][  0]LogConfig: Setting CVar [[grass.DensityScale:1.0]]
[2020.01.28-22.26.19:116][  0]LogConfig: Applying CVar settings from Section [Startup] File [../../../Engine/Config/ConsoleVariables.ini]
[2020.01.28-22.26.19:116][  0]LogConfig: Setting CVar [[net.UseAdaptiveNetUpdateFrequency:0]]
[2020.01.28-22.26.19:116][  0]LogConfig: Setting CVar [[p.chaos.AllowCreatePhysxBodies:1]]
[2020.01.28-22.26.19:116][  0]LogConfig: Applying CVar settings from Section [ConsoleVariables] File [C:/SeniorProject/PollutionProject/SeniorProject/Saved/Config/Windows/Engine.ini]
[2020.01.28-22.26.19:117][  0]LogInit: Computer: DESKTOP-L1LT82N
[2020.01.28-22.26.19:117][  0]LogInit: User: Greg
[2020.01.28-22.26.19:117][  0]LogInit: CPU Page size=4096, Cores=4
[2020.01.28-22.26.19:117][  0]LogInit: High frequency timer resolution =10.000000 MHz
[2020.01.28-22.26.19:117][  0]LogMemory: Memory total: Physical=16.0GB (16GB approx)
[2020.01.28-22.26.19:117][  0]LogMemory: Platform Memory Stats for Windows
[2020.01.28-22.26.19:118][  0]LogMemory: Process Physical Memory: 104.47 MB used, 104.47 MB peak
[2020.01.28-22.26.19:118][  0]LogMemory: Process Virtual Memory: 106.66 MB used, 106.66 MB peak
[2020.01.28-22.26.19:118][  0]LogMemory: Physical Memory: 12649.41 MB used,  3687.70 MB free, 16337.12 MB total
[2020.01.28-22.26.19:118][  0]LogMemory: Virtual Memory: 4675.29 MB used,  134213056.00 MB free, 134217728.00 MB total
[2020.01.28-22.26.20:254][  0]LogInit: Using OS detected language (en-US).
[2020.01.28-22.26.20:254][  0]LogInit: Using OS detected locale (en-US).
[2020.01.28-22.26.20:255][  0]LogTextLocalizationManager: No specific localization for 'en-US' exists, so the 'en' localization will be used.
[2020.01.28-22.26.20:439][  0]LogInit: Setting process to per monitor DPI aware
[2020.01.28-22.26.20:501][  0]LogSlate: New Slate User Created.  User Index 0, Is Virtual User: 0
[2020.01.28-22.26.20:501][  0]LogSlate: Slate User Registered.  User Index 0, Is Virtual User: 0
[2020.01.28-22.26.20:722][  0]LogHMD: Failed to initialize OpenVR with code 110
[2020.01.28-22.26.20:722][  0]LogD3D11RHI: D3D11 adapters:
[2020.01.28-22.26.20:822][  0]LogD3D11RHI:    0. 'NVIDIA GeForce GTX 1070' (Feature Level 11_0)
[2020.01.28-22.26.20:822][  0]LogD3D11RHI:       8089/0/8168 MB DedicatedVideo/DedicatedSystem/SharedSystem, Outputs:1, VendorId:0x10de
[2020.01.28-22.26.20:830][  0]LogD3D11RHI:    1. 'Microsoft Basic Render Driver' (Feature Level 11_0)
[2020.01.28-22.26.20:830][  0]LogD3D11RHI:       0/0/8168 MB DedicatedVideo/DedicatedSystem/SharedSystem, Outputs:0, VendorId:0x1414
[2020.01.28-22.26.20:830][  0]LogD3D11RHI: Chosen D3D11 Adapter: 0
[2020.01.28-22.26.20:845][  0]LogD3D11RHI: Creating new Direct3DDevice
[2020.01.28-22.26.20:845][  0]LogD3D11RHI:     GPU DeviceId: 0x1be1 (for the marketing name, search the web for "GPU Device Id")
[2020.01.28-22.26.20:845][  0]LogWindows: EnumDisplayDevices:
[2020.01.28-22.26.20:845][  0]LogWindows:    0. 'NVIDIA GeForce GTX 1070' (P:1 D:1)
[2020.01.28-22.26.20:846][  0]LogWindows:    1. 'NVIDIA GeForce GTX 1070' (P:0 D:0)
[2020.01.28-22.26.20:847][  0]LogWindows:    2. 'NVIDIA GeForce GTX 1070' (P:0 D:0)
[2020.01.28-22.26.20:847][  0]LogWindows:    3. 'NVIDIA GeForce GTX 1070' (P:0 D:0)
[2020.01.28-22.26.20:848][  0]LogWindows: DebugString: FoundDriverCount:4 
[2020.01.28-22.26.20:848][  0]LogD3D11RHI:     Adapter Name: NVIDIA GeForce GTX 1070
[2020.01.28-22.26.20:848][  0]LogD3D11RHI:   Driver Version: 388.57 (internal:23.21.13.8857, unified:388.57)
[2020.01.28-22.26.20:848][  0]LogD3D11RHI:      Driver Date: 12-4-2017
[2020.01.28-22.26.20:848][  0]LogRHI: Texture pool is 5662 MB (70% of 8089 MB)
[2020.01.28-22.26.20:892][  0]LogD3D11RHI: Async texture creation enabled
[2020.01.28-22.26.20:896][  0]LogRendererCore: FGlobalReadBuffer::InitRHI
[2020.01.28-22.26.20:897][  0]LogRendererCore: FGlobalReadBuffer::InitRHI
[2020.01.28-22.26.20:897][  0]LogRendererCore: FGlobalReadBuffer::InitRHI
[2020.01.28-22.26.20:906][  0]LogD3D11RHI: GPU Timing Frequency: 1000.000000 (Debug: 2 1)
[2020.01.28-22.26.21:448][  0]LogTemp: Display: Module 'AllDesktopTargetPlatform' loaded TargetPlatform 'AllDesktop'
[2020.01.28-22.26.21:466][  0]LogTemp: Display: Module 'MacClientTargetPlatform' loaded TargetPlatform 'MacClient'
[2020.01.28-22.26.21:483][  0]LogTemp: Display: Module 'MacNoEditorTargetPlatform' loaded TargetPlatform 'MacNoEditor'
[2020.01.28-22.26.21:499][  0]LogTemp: Display: Module 'MacServerTargetPlatform' loaded TargetPlatform 'MacServer'
[2020.01.28-22.26.21:516][  0]LogTemp: Display: Module 'MacTargetPlatform' loaded TargetPlatform 'Mac'
[2020.01.28-22.26.21:533][  0]LogTemp: Display: Module 'WindowsClientTargetPlatform' loaded TargetPlatform 'WindowsClient'
[2020.01.28-22.26.21:550][  0]LogTemp: Display: Module 'WindowsNoEditorTargetPlatform' loaded TargetPlatform 'WindowsNoEditor'
[2020.01.28-22.26.21:567][  0]LogTemp: Display: Module 'WindowsServerTargetPlatform' loaded TargetPlatform 'WindowsServer'
[2020.01.28-22.26.21:576][  0]LogTemp: Display: Module 'WindowsTargetPlatform' loaded TargetPlatform 'Windows'
[2020.01.28-22.26.21:671][  0]LogTemp: Display: Module 'AndroidTargetPlatform' loaded TargetPlatform 'Android'
[2020.01.28-22.26.21:671][  0]LogTemp: Display: Module 'AndroidTargetPlatform' loaded TargetPlatform 'Android_ASTC'
[2020.01.28-22.26.21:671][  0]LogTemp: Display: Module 'AndroidTargetPlatform' loaded TargetPlatform 'Android_ATC'
[2020.01.28-22.26.21:673][  0]LogTemp: Display: Module 'AndroidTargetPlatform' loaded TargetPlatform 'Android_DXT'
[2020.01.28-22.26.21:673][  0]LogTemp: Display: Module 'AndroidTargetPlatform' loaded TargetPlatform 'Android_ETC1'
[2020.01.28-22.26.21:673][  0]LogTemp: Display: Module 'AndroidTargetPlatform' loaded TargetPlatform 'Android_ETC1a'
[2020.01.28-22.26.21:673][  0]LogTemp: Display: Module 'AndroidTargetPlatform' loaded TargetPlatform 'Android_ETC2'
[2020.01.28-22.26.21:673][  0]LogTemp: Display: Module 'AndroidTargetPlatform' loaded TargetPlatform 'Android_PVRTC'
[2020.01.28-22.26.21:673][  0]LogTemp: Display: Module 'AndroidTargetPlatform' loaded TargetPlatform 'AndroidClient'
[2020.01.28-22.26.21:673][  0]LogTemp: Display: Module 'AndroidTargetPlatform' loaded TargetPlatform 'Android_ASTCClient'
[2020.01.28-22.26.21:673][  0]LogTemp: Display: Module 'AndroidTargetPlatform' loaded TargetPlatform 'Android_ATCClient'
[2020.01.28-22.26.21:674][  0]LogTemp: Display: Module 'AndroidTargetPlatform' loaded TargetPlatform 'Android_DXTClient'
[2020.01.28-22.26.21:674][  0]LogTemp: Display: Module 'AndroidTargetPlatform' loaded TargetPlatform 'Android_ETC1Client'
[2020.01.28-22.26.21:674][  0]LogTemp: Display: Module 'AndroidTargetPlatform' loaded TargetPlatform 'Android_ETC1aClient'
[2020.01.28-22.26.21:674][  0]LogTemp: Display: Module 'AndroidTargetPlatform' loaded TargetPlatform 'Android_ETC2Client'
[2020.01.28-22.26.21:674][  0]LogTemp: Display: Module 'AndroidTargetPlatform' loaded TargetPlatform 'Android_PVRTCClient'
[2020.01.28-22.26.21:674][  0]LogTemp: Display: Module 'AndroidTargetPlatform' loaded TargetPlatform 'Android_Multi'
[2020.01.28-22.26.21:674][  0]LogTemp: Display: Module 'AndroidTargetPlatform' loaded TargetPlatform 'Android_MultiClient'
[2020.01.28-22.26.21:679][  0]LogTemp: Display: Module 'HTML5TargetPlatform' loaded TargetPlatform 'HTML5'
[2020.01.28-22.26.21:740][  0]LogTemp: Display: Module 'IOSTargetPlatform' loaded TargetPlatform 'IOSClient'
[2020.01.28-22.26.21:741][  0]LogTemp: Display: Module 'IOSTargetPlatform' loaded TargetPlatform 'IOS'
[2020.01.28-22.26.21:768][  0]LogTemp: Display: Module 'TVOSTargetPlatform' loaded TargetPlatform 'TVOSClient'
[2020.01.28-22.26.21:768][  0]LogTemp: Display: Module 'TVOSTargetPlatform' loaded TargetPlatform 'TVOS'
[2020.01.28-22.26.21:784][  0]LogTemp: Display: Module 'LinuxClientTargetPlatform' loaded TargetPlatform 'LinuxClient'
[2020.01.28-22.26.21:799][  0]LogTemp: Display: Module 'LinuxNoEditorTargetPlatform' loaded TargetPlatform 'LinuxNoEditor'
[2020.01.28-22.26.21:818][  0]LogTemp: Display: Module 'LinuxServerTargetPlatform' loaded TargetPlatform 'LinuxServer'
[2020.01.28-22.26.21:841][  0]LogTemp: Display: Module 'LinuxTargetPlatform' loaded TargetPlatform 'Linux'
[2020.01.28-22.26.21:912][  0]LogTemp: Display: Module 'LuminTargetPlatform' loaded TargetPlatform 'Lumin'
[2020.01.28-22.26.21:912][  0]LogTemp: Display: Module 'LuminTargetPlatform' loaded TargetPlatform 'LuminClient'
[2020.01.28-22.26.21:912][  0]LogTargetPlatformManager: Display: Building Assets For Windows
[2020.01.28-22.26.21:935][  0]LogAudioDebug: Display: Lib vorbis DLL was dynamically loaded.
[2020.01.28-22.26.22:024][  0]LogShaderCompilers: Guid format shader working directory is -3 characters bigger than the processId version (C:/SeniorProject/PollutionProject/SeniorProject/Intermediate/Shaders/WorkingDirectory/18168/).
[2020.01.28-22.26.22:024][  0]LogShaderCompilers: Cleaned the shader compiler working directory 'C:/Users/Greg/AppData/Local/Temp/UnrealShaderWorkingDir/1F6C58704F560ED92D3208B14923A6C7/'.
[2020.01.28-22.26.22:027][  0]LogXGEController: Cannot use XGE Controller as Incredibuild is not installed on this machine.
[2020.01.28-22.26.22:027][  0]LogShaderCompilers: Cannot use XGE Shader Compiler as Incredibuild is not installed on this machine.
[2020.01.28-22.26.22:027][  0]LogShaderCompilers: Display: Using Local Shader Compiler.
[2020.01.28-22.26.22:659][  0]LogDerivedDataCache: Display: Max Cache Size: 512 MB
[2020.01.28-22.26.22:716][  0]LogDerivedDataCache: Loaded boot cache 0.06s 73MB C:/Users/Greg/AppData/Local/UnrealEngine/4.22/DerivedDataCache/Boot.ddc.
[2020.01.28-22.26.22:716][  0]LogDerivedDataCache: Display: Loaded Boot cache: C:/Users/Greg/AppData/Local/UnrealEngine/4.22/DerivedDataCache/Boot.ddc
[2020.01.28-22.26.22:717][  0]LogDerivedDataCache: FDerivedDataBackendGraph:  Pak pak cache file C:/SeniorProject/PollutionProject/SeniorProject/DerivedDataCache/DDC.ddp not found, will not use a pak cache.
[2020.01.28-22.26.22:717][  0]LogDerivedDataCache: Unable to find inner node Pak for hierarchical cache Hierarchy.
[2020.01.28-22.26.22:717][  0]LogDerivedDataCache: FDerivedDataBackendGraph:  CompressedPak pak cache file C:/SeniorProject/PollutionProject/SeniorProject/DerivedDataCache/Compressed.ddp not found, will not use a pak cache.
[2020.01.28-22.26.22:717][  0]LogDerivedDataCache: Unable to find inner node CompressedPak for hierarchical cache Hierarchy.
[2020.01.28-22.26.22:731][  0]LogDerivedDataCache: Display: Pak cache opened for reading ../../../Engine/DerivedDataCache/Compressed.ddp.
[2020.01.28-22.26.22:734][  0]LogDerivedDataCache: Display: Pak cache opened for reading ../../../Enterprise/DerivedDataCache/Compressed.ddp.
[2020.01.28-22.26.22:749][  0]LogDerivedDataCache: Using Local data cache path C:/Users/Greg/AppData/Local/UnrealEngine/Common/DerivedDataCache: Writable
[2020.01.28-22.26.22:750][  0]LogDerivedDataCache: Shared data cache path not found in *engine.ini, will not use an Shared cache.
[2020.01.28-22.26.22:750][  0]LogDerivedDataCache: Unable to find inner node Shared for hierarchical cache Hierarchy.
[2020.01.28-22.26.22:783][  0]LogMaterial: Verifying Global Shaders for PCD3D_SM5
[2020.01.28-22.26.22:785][  0]LogSlate: Using FreeType 2.6.0
[2020.01.28-22.26.22:786][  0]LogSlate: SlateFontServices - WITH_FREETYPE: 1, WITH_HARFBUZZ: 1
[2020.01.28-22.26.22:886][  0]LogAssetRegistry: FAssetRegistry took 0.0407 seconds to start up
[2020.01.28-22.26.23:305][  0]LogInit: Selected Device Profile: [Windows]
[2020.01.28-22.26.23:496][  0]LogMeshReduction: Using QuadricMeshReduction for automatic static mesh reduction
[2020.01.28-22.26.23:496][  0]LogMeshReduction: Using SimplygonMeshReduction for automatic skeletal mesh reduction
[2020.01.28-22.26.23:497][  0]LogMeshReduction: Using ProxyLODMeshReduction for automatic mesh merging
[2020.01.28-22.26.23:497][  0]LogMeshReduction: No distributed automatic mesh merging module available
[2020.01.28-22.26.23:497][  0]LogMeshMerging: No distributed automatic mesh merging module available
[2020.01.28-22.26.23:515][  0]LogNetVersion: SeniorProject 1.0.0, NetCL: 5660361, EngineNetVer: 10, GameNetVer: 0 (Checksum: 993350713)
[2020.01.28-22.26.24:071][  0]LogPackageLocalizationCache: Processed 16 localized package path(s) for 1 prioritized culture(s) in 0.093351 seconds
[2020.01.28-22.26.24:078][  0]LogUObjectArray: 42205 objects as part of root set at end of initial load.
[2020.01.28-22.26.24:079][  0]LogUObjectAllocator: 7325032 out of 0 bytes used by permanent object pool.
[2020.01.28-22.26.24:079][  0]LogUObjectArray: CloseDisregardForGC: 0/0 objects in disregard for GC pool
[2020.01.28-22.26.25:128][  0]LogTcpMessaging: Initializing TcpMessaging bridge
[2020.01.28-22.26.25:146][  0]LogUdpMessaging: Initializing bridge on interface 0.0.0.0:0 to multicast group 230.0.0.1:6666.
[2020.01.28-22.26.25:274][  0]LogOutputDevice: Error: Ensure condition failed: AttachmentRules.LocationRule == EAttachmentRule::KeepRelative && AttachmentRules.RotationRule == EAttachmentRule::KeepRelative && AttachmentRules.ScaleRule == EAttachmentRule::KeepRelative [File:D:\Build\++UE4\Sync\Engine\Source\Runtime\Engine\Private\Components\SceneComponent.cpp] [Line: 1786] 
AttachToComponent when called from a constructor is only setting up attachment and will always be treated as KeepRelative. Consider calling SetupAttachment directly instead.

[2020.01.28-22.26.25:274][  0]LogStats:             FDebug::EnsureFailed -  0.000 s
[2020.01.28-22.26.32:885][  0]SourceControl: Source control is disabled
[2020.01.28-22.26.33:611][  0]LogAndroidPermission: UAndroidPermissionCallbackProxy::GetInstance
[2020.01.28-22.26.33:815][  0]LogOcInput: OculusInput pre-init called
[2020.01.28-22.26.36:843][  0]LogEngine: Initializing Engine...
[2020.01.28-22.26.36:844][  0]LogHMD: Failed to initialize OpenVR with code 110
[2020.01.28-22.26.36:846][  0]LogStats: UGameplayTagsManager::InitializeManager -  0.000 s
[2020.01.28-22.26.37:084][  0]LogInit: Initializing FReadOnlyCVARCache
[2020.01.28-22.26.37:099][  0]LogAIModule: Creating AISystem for world Untitled
[2020.01.28-22.26.37:253][  0]LogInit: XAudio2 using 'Headphones (Bose AE2 SoundLink Stereo)' : 2 channels at 44.1 kHz using 16 bits per sample (channel mask 0x3)
[2020.01.28-22.26.37:293][  0]LogInit: FAudioDevice initialized.
[2020.01.28-22.26.37:293][  0]LogNetVersion: Set ProjectVersion to 1.0.0.0. Version Checksum will be recalculated on next use.
[2020.01.28-22.26.37:485][  0]LogDerivedDataCache: Saved boot cache 0.19s 73MB C:/Users/Greg/AppData/Local/UnrealEngine/4.22/DerivedDataCache/Boot.ddc.
[2020.01.28-22.26.37:496][  0]LogInit: Texture streaming: Enabled
[2020.01.28-22.26.37:534][  0]LogEngineSessionManager: EngineSessionManager initialized
[2020.01.28-22.26.37:534][  0]LogEngineSessionManager: EngineSessionManager sent abnormal shutdown report. Type=Debugger, SessionId={962BE8C6-4B04-3F54-C92E-67A0FE4E9948}
[2020.01.28-22.26.37:535][  0]LogEngineSessionManager: EngineSessionManager sent abnormal shutdown report. Type=Debugger, SessionId={3CC73AE0-4CDC-DD38-5F5C-B8AD667A833A}
[2020.01.28-22.26.37:554][  0]LogInit: Transaction tracking system initialized
[2020.01.28-22.26.37:586][  0]BlueprintLog: New page: Editor Load
[2020.01.28-22.26.37:692][  0]LocalizationService: Localization service is disabled
[2020.01.28-22.26.38:086][  0]LogCook: Display: Max memory allowance for cook 16384mb min free memory 0mb
[2020.01.28-22.26.38:086][  0]LogCook: Display: Mobile HDR setting 1
[2020.01.28-22.26.38:442][  0]LogFileCache: Scanning file cache for directory 'C:/SeniorProject/PollutionProject/SeniorProject/Content/' took 0.04s
[2020.01.28-22.26.39:765][  0]Cmd: MAP LOAD FILE="C:/SeniorProject/PollutionProject/SeniorProject/Content/Levels/GreyBoxLVL4.umap" TEMPLATE=0 SHOWPROGRESS=1 FEATURELEVEL=3
[2020.01.28-22.26.39:766][  0]LightingResults: New page: Lighting Build
[2020.01.28-22.26.39:768][  0]MapCheck: New page: Map Check
[2020.01.28-22.26.39:768][  0]LightingResults: New page: Lighting Build
[2020.01.28-22.26.39:795][  0]LogUObjectHash: Compacting FUObjectHashTables data took   1.88ms
[2020.01.28-22.26.43:504][  0]LogAIModule: Creating AISystem for world GreyBoxLVL4
[2020.01.28-22.26.44:901][  0]LogEditorServer: Finished looking for orphan Actors (0.000 secs)
[2020.01.28-22.26.45:000][  0]LogUObjectHash: Compacting FUObjectHashTables data took   4.98ms
[2020.01.28-22.26.45:000][  0]Cmd: MAP CHECKDEP NOCLEARLOG
[2020.01.28-22.26.45:002][  0]MapCheck: Map check complete: 0 Error(s), 0 Warning(s), took 0.546ms to complete.
[2020.01.28-22.26.45:002][  0]LogFileHelpers: Loading map 'GreyBoxLVL4' took 5.237
[2020.01.28-22.26.45:332][  0]LogSlate: Updating window title bar state: overlay mode, drag disabled, window buttons hidden, title bar hidden
[2020.01.28-22.26.45:344][  0]LogSlate: Updating window title bar state: overlay mode, drag disabled, window buttons hidden, title bar hidden
[2020.01.28-22.26.45:354][  0]LogSlate: Updating window title bar state: overlay mode, drag disabled, window buttons hidden, title bar hidden
[2020.01.28-22.26.45:367][  0]LogSlate: Updating window title bar state: overlay mode, drag disabled, window buttons hidden, title bar hidden
[2020.01.28-22.26.45:405][  0]LogCollectionManager: Loaded 0 collections in 0.001081 seconds
[2020.01.28-22.26.45:481][  0]LogFileCache: Scanning file cache for directory 'C:/SeniorProject/PollutionProject/SeniorProject/Saved/Collections/' took 0.02s
[2020.01.28-22.26.45:482][  0]LogFileCache: Scanning file cache for directory 'C:/SeniorProject/PollutionProject/SeniorProject/Content/Developers/Greg/Collections/' took 0.02s
[2020.01.28-22.26.45:482][  0]LogFileCache: Scanning file cache for directory 'C:/SeniorProject/PollutionProject/SeniorProject/Content/Collections/' took 0.02s
[2020.01.28-22.26.45:482][  0]LogCollectionManager: Rebuilt the GUID cache for 0 collections in 0.000000 seconds
[2020.01.28-22.26.45:491][  0]LogContentBrowser: Native class hierarchy populated in 0.0091 seconds. Added 2875 classes and 729 folders.
[2020.01.28-22.26.45:542][  0]LogContentBrowser: Native class hierarchy updated for 'WidgetCarousel' in 0.0007 seconds. Added 0 classes and 0 folders.
[2020.01.28-22.26.45:585][  0]LogPakFile: Registered encryption key '00000000000000000000000000000000': 0 pak files mounted, 0 remain pending
[2020.01.28-22.26.45:607][  0]LogPakFile: Registered encryption key '00000000000000000000000000000000': 0 pak files mounted, 0 remain pending
[2020.01.28-22.26.45:643][  0]LogPakFile: Registered encryption key '00000000000000000000000000000000': 0 pak files mounted, 0 remain pending
[2020.01.28-22.26.45:661][  0]LogPakFile: Registered encryption key '00000000000000000000000000000000': 0 pak files mounted, 0 remain pending
[2020.01.28-22.26.45:684][  0]LogPakFile: Registered encryption key '00000000000000000000000000000000': 0 pak files mounted, 0 remain pending
[2020.01.28-22.26.45:705][  0]LogPakFile: Registered encryption key '00000000000000000000000000000000': 0 pak files mounted, 0 remain pending
[2020.01.28-22.26.45:715][  0]LogPakFile: Registered encryption key '00000000000000000000000000000000': 0 pak files mounted, 0 remain pending
[2020.01.28-22.26.45:727][  0]LogPakFile: Registered encryption key '00000000000000000000000000000000': 0 pak files mounted, 0 remain pending
[2020.01.28-22.26.45:738][  0]LogPakFile: Registered encryption key '00000000000000000000000000000000': 0 pak files mounted, 0 remain pending
[2020.01.28-22.26.45:758][  0]LogPakFile: Registered encryption key '00000000000000000000000000000000': 0 pak files mounted, 0 remain pending
[2020.01.28-22.26.45:768][  0]LogPakFile: Registered encryption key '00000000000000000000000000000000': 0 pak files mounted, 0 remain pending
[2020.01.28-22.26.45:778][  0]LogPakFile: Registered encryption key '00000000000000000000000000000000': 0 pak files mounted, 0 remain pending
[2020.01.28-22.26.45:796][  0]LogPakFile: Registered encryption key '00000000000000000000000000000000': 0 pak files mounted, 0 remain pending
[2020.01.28-22.26.45:807][  0]LogPakFile: Registered encryption key '00000000000000000000000000000000': 0 pak files mounted, 0 remain pending
[2020.01.28-22.26.45:827][  0]LogPakFile: Registered encryption key '00000000000000000000000000000000': 0 pak files mounted, 0 remain pending
[2020.01.28-22.26.45:841][  0]LogPakFile: Registered encryption key '00000000000000000000000000000000': 0 pak files mounted, 0 remain pending
[2020.01.28-22.26.45:883][  0]LogPakFile: Registered encryption key '00000000000000000000000000000000': 0 pak files mounted, 0 remain pending
[2020.01.28-22.26.45:903][  0]LogPakFile: Registered encryption key '00000000000000000000000000000000': 0 pak files mounted, 0 remain pending
[2020.01.28-22.26.45:923][  0]LogPakFile: Registered encryption key '00000000000000000000000000000000': 0 pak files mounted, 0 remain pending
[2020.01.28-22.26.45:932][  0]LogPakFile: Registered encryption key '00000000000000000000000000000000': 0 pak files mounted, 0 remain pending
[2020.01.28-22.26.45:988][  0]LogPakFile: Registered encryption key '00000000000000000000000000000000': 0 pak files mounted, 0 remain pending
[2020.01.28-22.26.46:011][  0]LogPakFile: Registered encryption key '00000000000000000000000000000000': 0 pak files mounted, 0 remain pending
[2020.01.28-22.26.46:031][  0]LogPakFile: Registered encryption key '00000000000000000000000000000000': 0 pak files mounted, 0 remain pending
[2020.01.28-22.26.46:054][  0]LogPakFile: Registered encryption key '00000000000000000000000000000000': 0 pak files mounted, 0 remain pending
[2020.01.28-22.26.46:076][  0]LogPakFile: Registered encryption key '00000000000000000000000000000000': 0 pak files mounted, 0 remain pending
[2020.01.28-22.26.46:096][  0]LogPakFile: Registered encryption key '00000000000000000000000000000000': 0 pak files mounted, 0 remain pending
[2020.01.28-22.26.46:115][  0]LogPakFile: Registered encryption key '00000000000000000000000000000000': 0 pak files mounted, 0 remain pending
[2020.01.28-22.26.46:143][  0]LogPakFile: Registered encryption key '00000000000000000000000000000000': 0 pak files mounted, 0 remain pending
[2020.01.28-22.26.46:757][  0]LogContentBrowser: Native class hierarchy updated for 'AddContentDialog' in 0.0006 seconds. Added 0 classes and 0 folders.
[2020.01.28-22.26.46:762][  0]LogContentBrowser: Native class hierarchy updated for 'SceneOutliner' in 0.0004 seconds. Added 1 classes and 0 folders.
[2020.01.28-22.26.49:010][  0]LogSlate: Only BGRA pngs, bmps or icos are supported in by External Image Picker
[2020.01.28-22.26.49:104][  0]LogSlate: Took 0.023508 seconds to synchronously load lazily loaded font '../../../Engine/Content/Slate/Fonts/Roboto-Regular.ttf' (155K)
[2020.01.28-22.26.49:122][  0]LogSlate: Took 0.014326 seconds to synchronously load lazily loaded font '../../../Engine/Content/Slate/Fonts/Roboto-Bold.ttf' (160K)
[2020.01.28-22.26.49:142][  0]LogSlate: Took 0.008927 seconds to synchronously load lazily loaded font '../../../Engine/Content/Editor/Slate/Fonts/FontAwesome.ttf' (139K)
[2020.01.28-22.26.49:220][  0]LogRenderer: Reallocating scene render targets to support 932x412 Format 10 NumSamples 1 (Frame:1).
[2020.01.28-22.26.49:272][  0]LogStaticMesh: Allocated 512x384x64 distance field atlas = 24.0Mb, with 145 objects containing 20.6Mb backing data
[2020.01.28-22.26.49:393][  0]LogSlate: Took 0.000125 seconds to synchronously load lazily loaded font '../../../Engine/Content/Slate/Fonts/Roboto-Light.ttf' (167K)
[2020.01.28-22.26.49:653][  0]LogContentBrowser: Native class hierarchy updated for 'HierarchicalLODOutliner' in 0.0006 seconds. Added 0 classes and 0 folders.
[2020.01.28-22.26.49:654][  0]LogLoad: (Engine Initialization) Total time: 33.62 seconds
[2020.01.28-22.26.49:654][  0]LogLoad: (Engine Initialization) Total Blueprint compile time: 0.00 seconds
[2020.01.28-22.26.49:780][  0]LogAssetRegistry: Asset discovery search completed in 26.9195 seconds
[2020.01.28-22.26.49:783][  0]LogCollectionManager: Rebuilt the object cache for 0 collections in 0.000000 seconds (found 0 objects)
[2020.01.28-22.26.49:783][  0]LogCollectionManager: Fixed up redirectors for 0 collections in 0.000336 seconds (updated 0 objects)
[2020.01.28-22.26.49:789][  0]LogContentStreaming: Texture pool size now 1000 MB
[2020.01.28-22.26.55:045][ 16]LogFileCache: Retrieving MD5 hashes for directory 'C:/SeniorProject/PollutionProject/SeniorProject/Content/' took 5.34s
[2020.01.28-22.27.14:639][122]LogSlate: FSceneViewport::OnFocusLost() reason 0
[2020.01.28-22.27.14:705][126]LogSlate: Window 'Project Settings' being destroyed
[2020.01.28-22.27.14:710][126]LogSlate: Window 'Project Settings' being destroyed
[2020.01.28-22.27.16:566][231]LogSlate: FSceneViewport::OnFocusLost() reason 0
[2020.01.28-22.27.22:869][579]LogSlate: Took 0.000194 seconds to synchronously load lazily loaded font '../../../Engine/Content/Slate/Fonts/Roboto-Light.ttf' (167K)
[2020.01.28-22.27.23:231][579]LogAIModule: Creating AISystem for world PlayTest
[2020.01.28-22.27.23:263][579]LogAssetEditorManager: Opening Asset editor for World /Game/Levels/PlayTest.PlayTest
[2020.01.28-22.27.23:295][579]LogUObjectHash: Compacting FUObjectHashTables data took   3.06ms
[2020.01.28-22.27.23:296][579]Cmd: MAP LOAD FILE="C:/SeniorProject/PollutionProject/SeniorProject/Content/Levels/PlayTest.umap" TEMPLATE=0 SHOWPROGRESS=1 FEATURELEVEL=3
[2020.01.28-22.27.23:297][579]LightingResults: New page: Lighting Build
[2020.01.28-22.27.23:297][579]LoadErrors: New page: Loading map: PlayTest.umap
[2020.01.28-22.27.23:321][579]MapCheck: New page: Map Check
[2020.01.28-22.27.23:322][579]LightingResults: New page: Lighting Build
[2020.01.28-22.27.23:388][579]LogUObjectHash: Compacting FUObjectHashTables data took   4.69ms
[2020.01.28-22.27.23:408][579]LogEditorServer: Finished looking for orphan Actors (0.000 secs)
[2020.01.28-22.27.23:437][579]LogUObjectHash: Compacting FUObjectHashTables data took   2.14ms
[2020.01.28-22.27.23:489][579]Cmd: MAP CHECKDEP NOCLEARLOG
[2020.01.28-22.27.23:490][579]MapCheck: Map check complete: 0 Error(s), 0 Warning(s), took 1.284ms to complete.
[2020.01.28-22.27.23:490][579]LogFileHelpers: Loading map 'PlayTest' took 0.194
[2020.01.28-22.27.25:221][678]LogTemp: Repeating last play command: Selected Viewport
[2020.01.28-22.27.25:251][678]LogBlueprintUserMessages: Early PlayInEditor Detection: Level '/Game/Levels/PlayTest.PlayTest:PersistentLevel' has LevelScriptBlueprint '/Game/Levels/PlayTest.PlayTest:PersistentLevel.PlayTest' with GeneratedClass '/Game/Levels/PlayTest.PlayTest_C' with ClassGeneratedBy '/Game/Levels/PlayTest.PlayTest:PersistentLevel.PlayTest'
[2020.01.28-22.27.25:251][678]LogPlayLevel: PlayLevel: No blueprints needed recompiling
[2020.01.28-22.27.25:251][678]PIE: New page: PIE session: PlayTest (Jan 28, 2020, 12:27:25 PM)
[2020.01.28-22.27.25:272][678]LogPlayLevel: Creating play world package: /Game/Levels/UEDPIE_0_PlayTest
[2020.01.28-22.27.25:285][678]LogPlayLevel: PIE: StaticDuplicateObject took: (0.012930s)
[2020.01.28-22.27.25:286][678]LogAIModule: Creating AISystem for world PlayTest
[2020.01.28-22.27.25:286][678]LogPlayLevel: PIE: World Init took: (0.001081s)
[2020.01.28-22.27.25:287][678]LogPlayLevel: PIE: Created PIE world by copying editor world from /Game/Levels/PlayTest.PlayTest to /Game/Levels/UEDPIE_0_PlayTest.PlayTest (0.015170s)
[2020.01.28-22.27.25:314][678]LogUObjectHash: Compacting FUObjectHashTables data took   1.45ms
[2020.01.28-22.27.25:371][678]LogInit: XAudio2 using 'Headphones (Bose AE2 SoundLink Stereo)' : 2 channels at 44.1 kHz using 16 bits per sample (channel mask 0x3)
[2020.01.28-22.27.25:398][678]LogInit: FAudioDevice initialized.
[2020.01.28-22.27.25:483][678]LogLoad: Game class is 'FirstPersonGameMode_C'
[2020.01.28-22.27.25:490][678]LogWorld: Bringing World /Game/Levels/UEDPIE_0_PlayTest.PlayTest up for play (max tick rate 60) at 2020.01.28-17.27.25
[2020.01.28-22.27.25:491][678]LogWorld: Bringing up level for play took: 0.006117
[2020.01.28-22.27.25:555][678]LogContentBrowser: Native class hierarchy updated for 'MovieSceneCapture' in 0.0006 seconds. Added 20 classes and 0 folders.
[2020.01.28-22.27.25:558][678]PIE: Play in editor start time for /Game/Levels/UEDPIE_0_PlayTest 1.017
[2020.01.28-22.27.25:558][678]LogBlueprintUserMessages: Late PlayInEditor Detection: Level '/Game/Levels/PlayTest.PlayTest:PersistentLevel' has LevelScriptBlueprint '/Game/Levels/PlayTest.PlayTest:PersistentLevel.PlayTest' with GeneratedClass '/Game/Levels/PlayTest.PlayTest_C' with ClassGeneratedBy '/Game/Levels/PlayTest.PlayTest:PersistentLevel.PlayTest'
[2020.01.28-22.27.30:063][946]LogSlate: Warning: Legacy localized fallback font '../../../Engine/Content/Slate/Fonts/DroidSansFallback.ttf' was requested. Font: '/Engine/EngineFonts/Faces/RobotoBold.RobotoBold', Character: ' (U+0019)'
Legacy localized fallback fonts were deprecated in 4.22 and will be removed in a future version!
Please update your composite fonts to use localized sub-font families: https://docs.unrealengine.com/en-US/Engine/UMG/UserGuide/Fonts/Overview
[2020.01.28-22.27.30:065][946]LogSlate: Took 0.001871 seconds to synchronously load lazily loaded font '../../../Engine/Content/Slate/Fonts/DroidSansFallback.ttf' (3848K)
[2020.01.28-22.27.30:065][946]LogSlate: Last resort fallback font was requested. Font: '/Engine/EngineFonts/Faces/RobotoBold.RobotoBold', Character: ' (U+0019)'
[2020.01.28-22.27.30:069][946]LogSlate: Took 0.002401 seconds to synchronously load lazily loaded font '../../../Engine/Content/SlateDebug/Fonts/LastResort.ttf' (5269K)
[2020.01.28-22.27.32:710][105]LogOutputDevice: Warning: 

Script Stack (0 frames):

