Log file open, 02/27/20 12:55:55
LogWindows: Failed to load 'aqProf.dll' (GetLastError=126)
LogWindows: File 'aqProf.dll' does not exist
LogWindows: Failed to load 'VtuneApi.dll' (GetLastError=126)
LogWindows: File 'VtuneApi.dll' does not exist
LogWindows: Failed to load 'VtuneApi32e.dll' (GetLastError=126)
LogWindows: File 'VtuneApi32e.dll' does not exist
LogConsoleResponse: Display: Failed to find resolution value strings in scalability ini. Falling back to default.
LogInit: Display: Running engine for game: SeniorProject
LogPakFile: Registered encryption key '00000000000000000000000000000000': 0 pak files mounted, 0 remain pending
LogPlatformFile: Not using cached read wrapper
LogTaskGraph: Started task graph with 5 named threads and 23 total threads with 3 sets of task threads.
LogStats: Stats thread started at 0.375736
LogD3D11RHI: Loaded GFSDK_Aftermath_Lib.x64.dll
LogICUInternationalization: ICU TimeZone Detection - Raw Offset: -5:00, Platform Override: ''
LogPluginManager: Mounting plugin Paper2D
LogPluginManager: Mounting plugin AISupport
LogPluginManager: Mounting plugin LightPropagationVolume
LogPluginManager: Mounting plugin ActorLayerUtilities
LogPluginManager: Mounting plugin AnimationSharing
LogPluginManager: Mounting plugin CLionSourceCodeAccess
LogPluginManager: Mounting plugin CodeLiteSourceCodeAccess
LogPluginManager: Mounting plugin GitSourceControl
LogPluginManager: Mounting plugin KDevelopSourceCodeAccess
LogPluginManager: Mounting plugin NullSourceCodeAccess
LogPluginManager: Mounting plugin PerforceSourceControl
LogPluginManager: Mounting plugin SubversionSourceControl
LogPluginManager: Mounting plugin UObjectPlugin
LogPluginManager: Mounting plugin VisualStudioCodeSourceCodeAccess
LogPluginManager: Mounting plugin VisualStudioSourceCodeAccess
LogPluginManager: Mounting plugin XCodeSourceCodeAccess
LogPluginManager: Mounting plugin AssetManagerEditor
LogPluginManager: Mounting plugin CryptoKeys
LogPluginManager: Mounting plugin DataValidation
LogPluginManager: Mounting plugin EditorScriptingUtilities
LogPluginManager: Mounting plugin FacialAnimation
LogPluginManager: Mounting plugin GameplayTagsEditor
LogPluginManager: Mounting plugin GLTFImporter
LogPluginManager: Mounting plugin MacGraphicsSwitching
LogPluginManager: Mounting plugin MaterialAnalyzer
LogPluginManager: Mounting plugin MeshEditor
LogPluginManager: Mounting plugin MobileLauncherProfileWizard
LogPluginManager: Mounting plugin PluginBrowser
LogPluginManager: Mounting plugin SpeedTreeImporter
LogPluginManager: Mounting plugin DatasmithContent
LogPluginManager: Mounting plugin VariantManagerContent
LogPluginManager: Mounting plugin AlembicImporter
LogPluginManager: Mounting plugin AppleImageUtils
LogPluginManager: Mounting plugin AppleVision
LogPluginManager: Mounting plugin BackChannel
LogPluginManager: Mounting plugin BlastPlugin
LogPluginManager: Mounting plugin ChaosSolverPlugin
LogPluginManager: Mounting plugin CharacterAI
LogPluginManager: Mounting plugin GeometryCache
LogPluginManager: Mounting plugin GeometryCollectionPlugin
LogPluginManager: Mounting plugin HTML5Networking
LogPluginManager: Mounting plugin ProxyLODPlugin
LogPluginManager: Mounting plugin SkeletalReduction
LogPluginManager: Mounting plugin MagicLeap
LogPluginManager: Mounting plugin MagicLeapMedia
LogPluginManager: Mounting plugin AndroidMedia
LogPluginManager: Mounting plugin AvfMedia
LogPluginManager: Mounting plugin ImgMedia
LogPluginManager: Mounting plugin LinearTimecode
LogPluginManager: Mounting plugin MediaCompositing
LogPluginManager: Mounting plugin MediaPlayerEditor
LogPluginManager: Mounting plugin WebMMedia
LogPluginManager: Mounting plugin WmfMedia
LogPluginManager: Mounting plugin TcpMessaging
LogPluginManager: Mounting plugin UdpMessaging
LogPluginManager: Mounting plugin ActorSequence
LogPluginManager: Mounting plugin LevelSequenceEditor
LogPluginManager: Mounting plugin MatineeToLevelSequence
LogPluginManager: Mounting plugin NetcodeUnitTest
LogPluginManager: Mounting plugin NUTUnrealEngine4
LogPluginManager: Mounting plugin OnlineSubsystemGooglePlay
LogPluginManager: Mounting plugin OnlineSubsystemIOS
LogPluginManager: Mounting plugin OnlineSubsystem
LogPluginManager: Mounting plugin OnlineSubsystemNull
LogPluginManager: Mounting plugin OnlineSubsystemUtils
LogPluginManager: Mounting plugin LauncherChunkInstaller
LogPluginManager: Mounting plugin AndroidDeviceProfileSelector
LogPluginManager: Mounting plugin AndroidMoviePlayer
LogPluginManager: Mounting plugin AndroidPermission
LogPluginManager: Mounting plugin AppleMoviePlayer
LogPluginManager: Mounting plugin ArchVisCharacter
LogPluginManager: Mounting plugin AudioCapture
LogPluginManager: Mounting plugin CableComponent
LogPluginManager: Mounting plugin CustomMeshComponent
LogPluginManager: Mounting plugin EditableMesh
LogPluginManager: Mounting plugin ExampleDeviceProfileSelector
LogPluginManager: Mounting plugin Firebase
LogPluginManager: Mounting plugin GoogleCloudMessaging
LogPluginManager: Mounting plugin IOSDeviceProfileSelector
LogPluginManager: Mounting plugin LinuxDeviceProfileSelector
LogPluginManager: Mounting plugin LocationServicesBPLibrary
LogPluginManager: Mounting plugin MobilePatchingUtils
LogPluginManager: Mounting plugin OculusVR
LogPluginManager: Mounting plugin PhysXVehicles
LogPluginManager: Mounting plugin ProceduralMeshComponent
LogPluginManager: Mounting plugin RuntimePhysXCooking
LogPluginManager: Mounting plugin SignificanceManager
LogPluginManager: Mounting plugin SteamVR
LogPluginManager: Mounting plugin WebMMoviePlayer
LogPluginManager: Mounting plugin WindowsMoviePlayer
LogPluginManager: Mounting plugin DatasmithCADImporter
LogPluginManager: Mounting plugin DatasmithDataPrepEditor
LogPluginManager: Mounting plugin DatasmithFBXImporter
LogPluginManager: Mounting plugin DatasmithGLTFImporter
LogPluginManager: Mounting plugin DatasmithImporter
LogPluginManager: Mounting plugin MDLImporter
LogPluginManager: Mounting plugin StaticMeshEditorExtension
LogPluginManager: Mounting plugin VariantManager
LogInit: Using libcurl 7.55.1-DEV
LogInit:  - built for x86_64-pc-win32
LogInit:  - supports SSL with OpenSSL/1.1.1
LogInit:  - supports HTTP deflate (compression) using libz 1.2.8
LogInit:  - other features:
LogInit:      CURL_VERSION_SSL
LogInit:      CURL_VERSION_LIBZ
LogInit:      CURL_VERSION_IPV6
LogInit:      CURL_VERSION_ASYNCHDNS
LogInit:      CURL_VERSION_LARGEFILE
LogInit:      CURL_VERSION_IDN
LogInit:  CurlRequestOptions (configurable via config and command line):
LogInit:  - bVerifyPeer = true  - Libcurl will verify peer certificate
LogInit:  - bUseHttpProxy = false  - Libcurl will NOT use HTTP proxy
LogInit:  - bDontReuseConnections = false  - Libcurl will reuse connections
LogInit:  - MaxHostConnections = 16  - Libcurl will limit the number of connections to a host
LogInit:  - LocalHostAddr = Default
LogInit:  - BufferSize = 65536
LogInit: WinSock: version 1.1 (2.2), MaxSocks=32767, MaxUdp=65467
LogHMD: Failed initializing OVRPlugin 1.32.0
LogInit: Build: ++UE4+Release-4.22-CL-7053642
LogInit: Engine Version: 4.22.3-7053642+++UE4+Release-4.22
LogInit: Compatible Engine Version: 4.22.0-5660361+++UE4+Release-4.22
LogInit: Net CL: 5660361
LogInit: OS: Windows 10 (Release 1903) (), CPU: Intel(R) Core(TM) i7-7700HQ CPU @ 2.80GHz, GPU: NVIDIA GeForce GTX 1070
LogInit: Compiled (64-bit): Jun 18 2019 03:09:11
LogInit: Compiled with Visual C++: 19.16.27025.01
LogInit: Build Configuration: Development
LogInit: Branch Name: ++UE4+Release-4.22
LogInit: Command Line:  -skipcompile
LogInit: Base Directory: D:/TheBestGame/UE_4.22/Engine/Binaries/Win64/
LogInit: Installed Engine Build: 1
LogDevObjectVersion: Number of dev versions registered: 23
LogDevObjectVersion:   Dev-Blueprints (B0D832E4-1F89-4F0D-ACCF-7EB736FD4AA2): 10
LogDevObjectVersion:   Dev-Build (E1C64328-A22C-4D53-A36C-8E866417BD8C): 0
LogDevObjectVersion:   Dev-Core (375EC13C-06E4-48FB-B500-84F0262A717E): 3
LogDevObjectVersion:   Dev-Editor (E4B068ED-F494-42E9-A231-DA0B2E46BB41): 30
LogDevObjectVersion:   Dev-Framework (CFFC743F-43B0-4480-9391-14DF171D2073): 35
LogDevObjectVersion:   Dev-Mobile (B02B49B5-BB20-44E9-A304-32B752E40360): 2
LogDevObjectVersion:   Dev-Networking (A4E4105C-59A1-49B5-A7C5-40C4547EDFEE): 0
LogDevObjectVersion:   Dev-Online (39C831C9-5AE6-47DC-9A44-9C173E1C8E7C): 0
LogDevObjectVersion:   Dev-Physics (78F01B33-EBEA-4F98-B9B4-84EACCB95AA2): 0
LogDevObjectVersion:   Dev-Platform (6631380F-2D4D-43E0-8009-CF276956A95A): 0
LogDevObjectVersion:   Dev-Rendering (12F88B9F-8875-4AFC-A67C-D90C383ABD29): 28
LogDevObjectVersion:   Dev-Sequencer (7B5AE74C-D270-4C10-A958-57980B212A5A): 11
LogDevObjectVersion:   Dev-VR (D7296918-1DD6-4BDD-9DE2-64A83CC13884): 2
LogDevObjectVersion:   Dev-LoadTimes (C2A15278-BFE7-4AFE-6C17-90FF531DF755): 1
LogDevObjectVersion:   Private-Geometry (6EACA3D4-40EC-4CC1-B786-8BED09428FC5): 3
LogDevObjectVersion:   Dev-AnimPhys (29E575DD-E0A3-4627-9D10-D276232CDCEA): 17
LogDevObjectVersion:   Dev-Anim (AF43A65D-7FD3-4947-9873-3E8ED9C1BB05): 2
LogDevObjectVersion:   Dev-ReflectionCapture (6B266CEC-1EC7-4B8F-A30B-E4D90942FC07): 1
LogDevObjectVersion:   Dev-Automation (0DF73D61-A23F-47EA-B727-89E90C41499A): 1
LogDevObjectVersion:   FortniteMain (601D1886-AC64-4F84-AA16-D3DE0DEAC7D6): 25
LogDevObjectVersion:   Dev-Enterprise (9DFFBCD6-494F-0158-E221-12823C92A888): 6
LogDevObjectVersion:   Dev-Niagara (F2AED0AC-9AFE-416F-8664-AA7FFA26D6FC): 1
LogDevObjectVersion:   Dev-Destruction (174F1F0B-B4C6-45A5-B13F-2EE8D0FB917D): 2
LogInit: Presizing for max 16777216 objects, including 0 objects not considered by GC, pre-allocating 0 bytes for permanent pool.
LogInit: Object subsystem initialized
LogConfig: Setting CVar [[con.DebugEarlyDefault:1]]
LogConfig: Setting CVar [[r.setres:1280x720]]
[2020.02.27-17.55.56:821][  0]LogConfig: Setting CVar [[r.VSync:0]]
[2020.02.27-17.55.56:821][  0]LogConfig: Setting CVar [[r.RHICmdBypass:0]]
[2020.02.27-17.55.56:822][  0]LogConfig: Applying CVar settings from Section [/Script/Engine.RendererSettings] File [C:/SeniorProject/PollutionProject/SeniorProject/Saved/Config/Windows/Engine.ini]
[2020.02.27-17.55.56:822][  0]LogConfig: Setting CVar [[r.GPUCrashDebugging:0]]
[2020.02.27-17.55.56:822][  0]LogConfig: Setting CVar [[r.DefaultFeature.AutoExposure.ExtendDefaultLuminanceRange:1]]
[2020.02.27-17.55.56:822][  0]LogConfig: Setting CVar [[r.GenerateMeshDistanceFields:1]]
[2020.02.27-17.55.56:822][  0]LogConfig: Applying CVar settings from Section [/Script/Engine.RendererOverrideSettings] File [C:/SeniorProject/PollutionProject/SeniorProject/Saved/Config/Windows/Engine.ini]
[2020.02.27-17.55.56:822][  0]LogConfig: Applying CVar settings from Section [/Script/Engine.StreamingSettings] File [C:/SeniorProject/PollutionProject/SeniorProject/Saved/Config/Windows/Engine.ini]
[2020.02.27-17.55.56:822][  0]LogConfig: Setting CVar [[s.MinBulkDataSizeForAsyncLoading:131072]]
[2020.02.27-17.55.56:822][  0]LogConfig: Setting CVar [[s.AsyncLoadingThreadEnabled:0]]
[2020.02.27-17.55.56:823][  0]LogConfig: Setting CVar [[s.EventDrivenLoaderEnabled:1]]
[2020.02.27-17.55.56:823][  0]LogConfig: Setting CVar [[s.WarnIfTimeLimitExceeded:0]]
[2020.02.27-17.55.56:823][  0]LogConfig: Setting CVar [[s.TimeLimitExceededMultiplier:1.5]]
[2020.02.27-17.55.56:823][  0]LogConfig: Setting CVar [[s.TimeLimitExceededMinTime:0.005]]
[2020.02.27-17.55.56:823][  0]LogConfig: Setting CVar [[s.UseBackgroundLevelStreaming:1]]
[2020.02.27-17.55.56:823][  0]LogConfig: Setting CVar [[s.PriorityAsyncLoadingExtraTime:15.0]]
[2020.02.27-17.55.56:823][  0]LogConfig: Setting CVar [[s.LevelStreamingActorsUpdateTimeLimit:5.0]]
[2020.02.27-17.55.56:823][  0]LogConfig: Setting CVar [[s.PriorityLevelStreamingActorsUpdateExtraTime:5.0]]
[2020.02.27-17.55.56:823][  0]LogConfig: Setting CVar [[s.LevelStreamingComponentsRegistrationGranularity:10]]
[2020.02.27-17.55.56:824][  0]LogConfig: Setting CVar [[s.UnregisterComponentsTimeLimit:1.0]]
[2020.02.27-17.55.56:824][  0]LogConfig: Setting CVar [[s.LevelStreamingComponentsUnregistrationGranularity:5]]
[2020.02.27-17.55.56:824][  0]LogConfig: Applying CVar settings from Section [/Script/Engine.GarbageCollectionSettings] File [C:/SeniorProject/PollutionProject/SeniorProject/Saved/Config/Windows/Engine.ini]
[2020.02.27-17.55.56:824][  0]LogConfig: Setting CVar [[gc.MaxObjectsNotConsideredByGC:1]]
[2020.02.27-17.55.56:824][  0]LogConfig: Setting CVar [[gc.SizeOfPermanentObjectPool:0]]
[2020.02.27-17.55.56:824][  0]LogConfig: Setting CVar [[gc.FlushStreamingOnGC:0]]
[2020.02.27-17.55.56:824][  0]LogConfig: Setting CVar [[gc.NumRetriesBeforeForcingGC:10]]
[2020.02.27-17.55.56:824][  0]LogConfig: Setting CVar [[gc.AllowParallelGC:1]]
[2020.02.27-17.55.56:824][  0]LogConfig: Setting CVar [[gc.TimeBetweenPurgingPendingKillObjects:61.1]]
[2020.02.27-17.55.56:824][  0]LogConfig: Setting CVar [[gc.MaxObjectsInEditor:16777216]]
[2020.02.27-17.55.56:825][  0]LogConfig: Setting CVar [[gc.IncrementalBeginDestroyEnabled:1]]
[2020.02.27-17.55.56:825][  0]LogConfig: Setting CVar [[gc.CreateGCClusters:1]]
[2020.02.27-17.55.56:825][  0]LogConfig: Setting CVar [[gc.MinGCClusterSize:5]]
[2020.02.27-17.55.56:825][  0]LogConfig: Setting CVar [[gc.ActorClusteringEnabled:0]]
[2020.02.27-17.55.56:825][  0]LogConfig: Setting CVar [[gc.BlueprintClusteringEnabled:0]]
[2020.02.27-17.55.56:825][  0]LogConfig: Setting CVar [[gc.UseDisregardForGCOnDedicatedServers:0]]
[2020.02.27-17.55.56:825][  0]LogConfig: Applying CVar settings from Section [/Script/Engine.NetworkSettings] File [C:/SeniorProject/PollutionProject/SeniorProject/Saved/Config/Windows/Engine.ini]
[2020.02.27-17.55.56:825][  0]LogConfig: Applying CVar settings from Section [/Script/UnrealEd.CookerSettings] File [C:/SeniorProject/PollutionProject/SeniorProject/Saved/Config/Windows/Engine.ini]
[2020.02.27-17.55.56:835][  0]LogConfig: Applying CVar settings from Section [ViewDistanceQuality@3] File [C:/SeniorProject/PollutionProject/SeniorProject/Saved/Config/Windows/Scalability.ini]
[2020.02.27-17.55.56:835][  0]LogConfig: Setting CVar [[r.SkeletalMeshLODBias:0]]
[2020.02.27-17.55.56:835][  0]LogConfig: Setting CVar [[r.ViewDistanceScale:1.0]]
[2020.02.27-17.55.56:835][  0]LogConfig: Applying CVar settings from Section [AntiAliasingQuality@3] File [C:/SeniorProject/PollutionProject/SeniorProject/Saved/Config/Windows/Scalability.ini]
[2020.02.27-17.55.56:835][  0]LogConfig: Setting CVar [[r.PostProcessAAQuality:4]]
[2020.02.27-17.55.56:835][  0]LogConfig: Applying CVar settings from Section [ShadowQuality@3] File [C:/SeniorProject/PollutionProject/SeniorProject/Saved/Config/Windows/Scalability.ini]
[2020.02.27-17.55.56:835][  0]LogConfig: Setting CVar [[r.LightFunctionQuality:1]]
[2020.02.27-17.55.56:835][  0]LogConfig: Setting CVar [[r.ShadowQuality:5]]
[2020.02.27-17.55.56:835][  0]LogConfig: Setting CVar [[r.Shadow.CSM.MaxCascades:10]]
[2020.02.27-17.55.56:835][  0]LogConfig: Setting CVar [[r.Shadow.MaxResolution:2048]]
[2020.02.27-17.55.56:835][  0]LogConfig: Setting CVar [[r.Shadow.MaxCSMResolution:2048]]
[2020.02.27-17.55.56:835][  0]LogConfig: Setting CVar [[r.Shadow.RadiusThreshold:0.01]]
[2020.02.27-17.55.56:835][  0]LogConfig: Setting CVar [[r.Shadow.DistanceScale:1.0]]
[2020.02.27-17.55.56:836][  0]LogConfig: Setting CVar [[r.Shadow.CSM.TransitionScale:1.0]]
[2020.02.27-17.55.56:836][  0]LogConfig: Setting CVar [[r.Shadow.PreShadowResolutionFactor:1.0]]
[2020.02.27-17.55.56:836][  0]LogConfig: Setting CVar [[r.DistanceFieldShadowing:1]]
[2020.02.27-17.55.56:836][  0]LogConfig: Setting CVar [[r.DistanceFieldAO:1]]
[2020.02.27-17.55.56:836][  0]LogConfig: Setting CVar [[r.AOQuality:2]]
[2020.02.27-17.55.56:836][  0]LogConfig: Setting CVar [[r.VolumetricFog:1]]
[2020.02.27-17.55.56:836][  0]LogConfig: Setting CVar [[r.VolumetricFog.GridPixelSize:8]]
[2020.02.27-17.55.56:836][  0]LogConfig: Setting CVar [[r.VolumetricFog.GridSizeZ:128]]
[2020.02.27-17.55.56:836][  0]LogConfig: Setting CVar [[r.VolumetricFog.HistoryMissSupersampleCount:4]]
[2020.02.27-17.55.56:836][  0]LogConfig: Setting CVar [[r.LightMaxDrawDistanceScale:1]]
[2020.02.27-17.55.56:837][  0]LogConfig: Setting CVar [[r.CapsuleShadows:1]]
[2020.02.27-17.55.56:837][  0]LogConfig: Applying CVar settings from Section [PostProcessQuality@3] File [C:/SeniorProject/PollutionProject/SeniorProject/Saved/Config/Windows/Scalability.ini]
[2020.02.27-17.55.56:837][  0]LogConfig: Setting CVar [[r.MotionBlurQuality:4]]
[2020.02.27-17.55.56:837][  0]LogConfig: Setting CVar [[r.AmbientOcclusionMipLevelFactor:0.4]]
[2020.02.27-17.55.56:837][  0]LogConfig: Setting CVar [[r.AmbientOcclusionMaxQuality:100]]
[2020.02.27-17.55.56:837][  0]LogConfig: Setting CVar [[r.AmbientOcclusionLevels:-1]]
[2020.02.27-17.55.56:837][  0]LogConfig: Setting CVar [[r.AmbientOcclusionRadiusScale:1.0]]
[2020.02.27-17.55.56:837][  0]LogConfig: Setting CVar [[r.DepthOfFieldQuality:2]]
[2020.02.27-17.55.56:837][  0]LogConfig: Setting CVar [[r.RenderTargetPoolMin:400]]
[2020.02.27-17.55.56:837][  0]LogConfig: Setting CVar [[r.LensFlareQuality:2]]
[2020.02.27-17.55.56:837][  0]LogConfig: Setting CVar [[r.SceneColorFringeQuality:1]]
[2020.02.27-17.55.56:837][  0]LogConfig: Setting CVar [[r.EyeAdaptationQuality:2]]
[2020.02.27-17.55.56:838][  0]LogConfig: Setting CVar [[r.BloomQuality:5]]
[2020.02.27-17.55.56:838][  0]LogConfig: Setting CVar [[r.FastBlurThreshold:100]]
[2020.02.27-17.55.56:838][  0]LogConfig: Setting CVar [[r.Upscale.Quality:3]]
[2020.02.27-17.55.56:838][  0]LogConfig: Setting CVar [[r.Tonemapper.GrainQuantization:1]]
[2020.02.27-17.55.56:838][  0]LogConfig: Setting CVar [[r.LightShaftQuality:1]]
[2020.02.27-17.55.56:838][  0]LogConfig: Setting CVar [[r.Filter.SizeScale:1]]
[2020.02.27-17.55.56:838][  0]LogConfig: Setting CVar [[r.Tonemapper.Quality:5]]
[2020.02.27-17.55.56:838][  0]LogConfig: Setting CVar [[r.DOF.Gather.AccumulatorQuality:1        ; higher gathering accumulator quality]]
[2020.02.27-17.55.56:838][  0]LogConfig: Setting CVar [[r.DOF.Gather.PostfilterMethod:1          ; Median3x3 postfilering method]]
[2020.02.27-17.55.56:839][  0]LogConfig: Setting CVar [[r.DOF.Gather.EnableBokehSettings:0       ; no bokeh simulation when gathering]]
[2020.02.27-17.55.56:839][  0]LogConfig: Setting CVar [[r.DOF.Gather.RingCount:4                 ; medium number of samples when gathering]]
[2020.02.27-17.55.56:839][  0]LogConfig: Setting CVar [[r.DOF.Scatter.ForegroundCompositing:1    ; additive foreground scattering]]
[2020.02.27-17.55.56:839][  0]LogConfig: Setting CVar [[r.DOF.Scatter.BackgroundCompositing:2    ; additive background scattering]]
[2020.02.27-17.55.56:839][  0]LogConfig: Setting CVar [[r.DOF.Scatter.EnableBokehSettings:1      ; bokeh simulation when scattering]]
[2020.02.27-17.55.56:839][  0]LogConfig: Setting CVar [[r.DOF.Scatter.MaxSpriteRatio:0.1         ; only a maximum of 10% of scattered bokeh]]
[2020.02.27-17.55.56:839][  0]LogConfig: Setting CVar [[r.DOF.Recombine.Quality:1                ; cheap slight out of focus]]
[2020.02.27-17.55.56:839][  0]LogConfig: Setting CVar [[r.DOF.Recombine.EnableBokehSettings:0    ; no bokeh simulation on slight out of focus]]
[2020.02.27-17.55.56:839][  0]LogConfig: Setting CVar [[r.DOF.TemporalAAQuality:1                ; more stable temporal accumulation]]
[2020.02.27-17.55.56:839][  0]LogConfig: Setting CVar [[r.DOF.Kernel.MaxForegroundRadius:0.025]]
[2020.02.27-17.55.56:839][  0]LogConfig: Setting CVar [[r.DOF.Kernel.MaxBackgroundRadius:0.025]]
[2020.02.27-17.55.56:840][  0]LogConfig: Applying CVar settings from Section [TextureQuality@3] File [C:/SeniorProject/PollutionProject/SeniorProject/Saved/Config/Windows/Scalability.ini]
[2020.02.27-17.55.56:840][  0]LogConfig: Setting CVar [[r.Streaming.MipBias:0]]
[2020.02.27-17.55.56:840][  0]LogConfig: Setting CVar [[r.Streaming.AmortizeCPUToGPUCopy:0]]
[2020.02.27-17.55.56:840][  0]LogConfig: Setting CVar [[r.Streaming.MaxNumTexturesToStreamPerFrame:0]]
[2020.02.27-17.55.56:840][  0]LogConfig: Setting CVar [[r.Streaming.Boost:1]]
[2020.02.27-17.55.56:840][  0]LogConfig: Setting CVar [[r.MaxAnisotropy:8]]
[2020.02.27-17.55.56:840][  0]LogConfig: Setting CVar [[r.Streaming.LimitPoolSizeToVRAM:0]]
[2020.02.27-17.55.56:841][  0]LogConfig: Setting CVar [[r.Streaming.PoolSize:1000]]
[2020.02.27-17.55.56:841][  0]LogConfig: Setting CVar [[r.Streaming.MaxEffectiveScreenSize:0]]
[2020.02.27-17.55.56:841][  0]LogConfig: Applying CVar settings from Section [EffectsQuality@3] File [C:/SeniorProject/PollutionProject/SeniorProject/Saved/Config/Windows/Scalability.ini]
[2020.02.27-17.55.56:841][  0]LogConfig: Setting CVar [[r.TranslucencyLightingVolumeDim:64]]
[2020.02.27-17.55.56:841][  0]LogConfig: Setting CVar [[r.RefractionQuality:2]]
[2020.02.27-17.55.56:841][  0]LogConfig: Setting CVar [[r.SSR.Quality:3]]
[2020.02.27-17.55.56:841][  0]LogConfig: Setting CVar [[r.SceneColorFormat:4]]
[2020.02.27-17.55.56:841][  0]LogConfig: Setting CVar [[r.DetailMode:2]]
[2020.02.27-17.55.56:841][  0]LogConfig: Setting CVar [[r.TranslucencyVolumeBlur:1]]
[2020.02.27-17.55.56:842][  0]LogConfig: Setting CVar [[r.MaterialQualityLevel:1 ; High quality]]
[2020.02.27-17.55.56:842][  0]LogConfig: Setting CVar [[r.SSS.Scale:1]]
[2020.02.27-17.55.56:842][  0]LogConfig: Setting CVar [[r.SSS.SampleSet:2]]
[2020.02.27-17.55.56:842][  0]LogConfig: Setting CVar [[r.SSS.Quality:1]]
[2020.02.27-17.55.56:842][  0]LogConfig: Setting CVar [[r.SSS.HalfRes:1]]
[2020.02.27-17.55.56:842][  0]LogConfig: Setting CVar [[r.EmitterSpawnRateScale:1.0]]
[2020.02.27-17.55.56:842][  0]LogConfig: Setting CVar [[r.ParticleLightQuality:2]]
[2020.02.27-17.55.56:842][  0]LogConfig: Applying CVar settings from Section [FoliageQuality@3] File [C:/SeniorProject/PollutionProject/SeniorProject/Saved/Config/Windows/Scalability.ini]
[2020.02.27-17.55.56:842][  0]LogConfig: Setting CVar [[foliage.DensityScale:1.0]]
[2020.02.27-17.55.56:842][  0]LogConfig: Setting CVar [[grass.DensityScale:1.0]]
[2020.02.27-17.55.56:843][  0]LogInit: Selected Device Profile: [Windows]
[2020.02.27-17.55.56:843][  0]LogInit: Applying CVar settings loaded from the selected device profile: [Windows]
[2020.02.27-17.55.56:911][  0]LogHAL: Display: Platform has ~ 16 GB [17130708992 / 17179869184 / 16], which maps to Larger [LargestMinGB=32, LargerMinGB=12, DefaultMinGB=8, SmallerMinGB=6, SmallestMinGB=0)
[2020.02.27-17.55.56:911][  0]LogConfig: Setting CVar [[r.Vulkan.UseRealUBs:0		; Required until we fix HLR fall-out]]
[2020.02.27-17.55.56:911][  0]LogInit: Going up to parent DeviceProfile []
[2020.02.27-17.55.56:911][  0]LogConfig: Applying CVar settings from Section [ViewDistanceQuality@3] File [C:/SeniorProject/PollutionProject/SeniorProject/Saved/Config/Windows/Scalability.ini]
[2020.02.27-17.55.56:911][  0]LogConfig: Setting CVar [[r.SkeletalMeshLODBias:0]]
[2020.02.27-17.55.56:912][  0]LogConfig: Setting CVar [[r.ViewDistanceScale:1.0]]
[2020.02.27-17.55.56:912][  0]LogConfig: Applying CVar settings from Section [AntiAliasingQuality@3] File [C:/SeniorProject/PollutionProject/SeniorProject/Saved/Config/Windows/Scalability.ini]
[2020.02.27-17.55.56:912][  0]LogConfig: Setting CVar [[r.PostProcessAAQuality:4]]
[2020.02.27-17.55.56:912][  0]LogConfig: Applying CVar settings from Section [ShadowQuality@3] File [C:/SeniorProject/PollutionProject/SeniorProject/Saved/Config/Windows/Scalability.ini]
[2020.02.27-17.55.56:912][  0]LogConfig: Setting CVar [[r.LightFunctionQuality:1]]
[2020.02.27-17.55.56:912][  0]LogConfig: Setting CVar [[r.ShadowQuality:5]]
[2020.02.27-17.55.56:912][  0]LogConfig: Setting CVar [[r.Shadow.CSM.MaxCascades:10]]
[2020.02.27-17.55.56:912][  0]LogConfig: Setting CVar [[r.Shadow.MaxResolution:2048]]
[2020.02.27-17.55.56:912][  0]LogConfig: Setting CVar [[r.Shadow.MaxCSMResolution:2048]]
[2020.02.27-17.55.56:912][  0]LogConfig: Setting CVar [[r.Shadow.RadiusThreshold:0.01]]
[2020.02.27-17.55.56:912][  0]LogConfig: Setting CVar [[r.Shadow.DistanceScale:1.0]]
[2020.02.27-17.55.56:913][  0]LogConfig: Setting CVar [[r.Shadow.CSM.TransitionScale:1.0]]
[2020.02.27-17.55.56:913][  0]LogConfig: Setting CVar [[r.Shadow.PreShadowResolutionFactor:1.0]]
[2020.02.27-17.55.56:913][  0]LogConfig: Setting CVar [[r.DistanceFieldShadowing:1]]
[2020.02.27-17.55.56:913][  0]LogConfig: Setting CVar [[r.DistanceFieldAO:1]]
[2020.02.27-17.55.56:913][  0]LogConfig: Setting CVar [[r.AOQuality:2]]
[2020.02.27-17.55.56:913][  0]LogConfig: Setting CVar [[r.VolumetricFog:1]]
[2020.02.27-17.55.56:913][  0]LogConfig: Setting CVar [[r.VolumetricFog.GridPixelSize:8]]
[2020.02.27-17.55.56:913][  0]LogConfig: Setting CVar [[r.VolumetricFog.GridSizeZ:128]]
[2020.02.27-17.55.56:913][  0]LogConfig: Setting CVar [[r.VolumetricFog.HistoryMissSupersampleCount:4]]
[2020.02.27-17.55.56:914][  0]LogConfig: Setting CVar [[r.LightMaxDrawDistanceScale:1]]
[2020.02.27-17.55.56:914][  0]LogConfig: Setting CVar [[r.CapsuleShadows:1]]
[2020.02.27-17.55.56:914][  0]LogConfig: Applying CVar settings from Section [PostProcessQuality@3] File [C:/SeniorProject/PollutionProject/SeniorProject/Saved/Config/Windows/Scalability.ini]
[2020.02.27-17.55.56:914][  0]LogConfig: Setting CVar [[r.MotionBlurQuality:4]]
[2020.02.27-17.55.56:914][  0]LogConfig: Setting CVar [[r.AmbientOcclusionMipLevelFactor:0.4]]
[2020.02.27-17.55.56:914][  0]LogConfig: Setting CVar [[r.AmbientOcclusionMaxQuality:100]]
[2020.02.27-17.55.56:914][  0]LogConfig: Setting CVar [[r.AmbientOcclusionLevels:-1]]
[2020.02.27-17.55.56:914][  0]LogConfig: Setting CVar [[r.AmbientOcclusionRadiusScale:1.0]]
[2020.02.27-17.55.56:914][  0]LogConfig: Setting CVar [[r.DepthOfFieldQuality:2]]
[2020.02.27-17.55.56:914][  0]LogConfig: Setting CVar [[r.RenderTargetPoolMin:400]]
[2020.02.27-17.55.56:914][  0]LogConfig: Setting CVar [[r.LensFlareQuality:2]]
[2020.02.27-17.55.56:914][  0]LogConfig: Setting CVar [[r.SceneColorFringeQuality:1]]
[2020.02.27-17.55.56:915][  0]LogConfig: Setting CVar [[r.EyeAdaptationQuality:2]]
[2020.02.27-17.55.56:915][  0]LogConfig: Setting CVar [[r.BloomQuality:5]]
[2020.02.27-17.55.56:915][  0]LogConfig: Setting CVar [[r.FastBlurThreshold:100]]
[2020.02.27-17.55.56:915][  0]LogConfig: Setting CVar [[r.Upscale.Quality:3]]
[2020.02.27-17.55.56:915][  0]LogConfig: Setting CVar [[r.Tonemapper.GrainQuantization:1]]
[2020.02.27-17.55.56:915][  0]LogConfig: Setting CVar [[r.LightShaftQuality:1]]
[2020.02.27-17.55.56:915][  0]LogConfig: Setting CVar [[r.Filter.SizeScale:1]]
[2020.02.27-17.55.56:915][  0]LogConfig: Setting CVar [[r.Tonemapper.Quality:5]]
[2020.02.27-17.55.56:915][  0]LogConfig: Setting CVar [[r.DOF.Gather.AccumulatorQuality:1        ; higher gathering accumulator quality]]
[2020.02.27-17.55.56:915][  0]LogConfig: Setting CVar [[r.DOF.Gather.PostfilterMethod:1          ; Median3x3 postfilering method]]
[2020.02.27-17.55.56:916][  0]LogConfig: Setting CVar [[r.DOF.Gather.EnableBokehSettings:0       ; no bokeh simulation when gathering]]
[2020.02.27-17.55.56:916][  0]LogConfig: Setting CVar [[r.DOF.Gather.RingCount:4                 ; medium number of samples when gathering]]
[2020.02.27-17.55.56:916][  0]LogConfig: Setting CVar [[r.DOF.Scatter.ForegroundCompositing:1    ; additive foreground scattering]]
[2020.02.27-17.55.56:916][  0]LogConfig: Setting CVar [[r.DOF.Scatter.BackgroundCompositing:2    ; additive background scattering]]
[2020.02.27-17.55.56:916][  0]LogConfig: Setting CVar [[r.DOF.Scatter.EnableBokehSettings:1      ; bokeh simulation when scattering]]
[2020.02.27-17.55.56:916][  0]LogConfig: Setting CVar [[r.DOF.Scatter.MaxSpriteRatio:0.1         ; only a maximum of 10% of scattered bokeh]]
[2020.02.27-17.55.56:916][  0]LogConfig: Setting CVar [[r.DOF.Recombine.Quality:1                ; cheap slight out of focus]]
[2020.02.27-17.55.56:916][  0]LogConfig: Setting CVar [[r.DOF.Recombine.EnableBokehSettings:0    ; no bokeh simulation on slight out of focus]]
[2020.02.27-17.55.56:916][  0]LogConfig: Setting CVar [[r.DOF.TemporalAAQuality:1                ; more stable temporal accumulation]]
[2020.02.27-17.55.56:916][  0]LogConfig: Setting CVar [[r.DOF.Kernel.MaxForegroundRadius:0.025]]
[2020.02.27-17.55.56:916][  0]LogConfig: Setting CVar [[r.DOF.Kernel.MaxBackgroundRadius:0.025]]
[2020.02.27-17.55.56:916][  0]LogConfig: Applying CVar settings from Section [TextureQuality@3] File [C:/SeniorProject/PollutionProject/SeniorProject/Saved/Config/Windows/Scalability.ini]
[2020.02.27-17.55.56:917][  0]LogConfig: Setting CVar [[r.Streaming.MipBias:0]]
[2020.02.27-17.55.56:917][  0]LogConfig: Setting CVar [[r.Streaming.AmortizeCPUToGPUCopy:0]]
[2020.02.27-17.55.56:917][  0]LogConfig: Setting CVar [[r.Streaming.MaxNumTexturesToStreamPerFrame:0]]
[2020.02.27-17.55.56:917][  0]LogConfig: Setting CVar [[r.Streaming.Boost:1]]
[2020.02.27-17.55.56:917][  0]LogConfig: Setting CVar [[r.MaxAnisotropy:8]]
[2020.02.27-17.55.56:917][  0]LogConfig: Setting CVar [[r.Streaming.LimitPoolSizeToVRAM:0]]
[2020.02.27-17.55.56:917][  0]LogConfig: Setting CVar [[r.Streaming.PoolSize:1000]]
[2020.02.27-17.55.56:917][  0]LogConfig: Setting CVar [[r.Streaming.MaxEffectiveScreenSize:0]]
[2020.02.27-17.55.56:917][  0]LogConfig: Applying CVar settings from Section [EffectsQuality@3] File [C:/SeniorProject/PollutionProject/SeniorProject/Saved/Config/Windows/Scalability.ini]
[2020.02.27-17.55.56:917][  0]LogConfig: Setting CVar [[r.TranslucencyLightingVolumeDim:64]]
[2020.02.27-17.55.56:917][  0]LogConfig: Setting CVar [[r.RefractionQuality:2]]
[2020.02.27-17.55.56:918][  0]LogConfig: Setting CVar [[r.SSR.Quality:3]]
[2020.02.27-17.55.56:918][  0]LogConfig: Setting CVar [[r.SceneColorFormat:4]]
[2020.02.27-17.55.56:918][  0]LogConfig: Setting CVar [[r.DetailMode:2]]
[2020.02.27-17.55.56:918][  0]LogConfig: Setting CVar [[r.TranslucencyVolumeBlur:1]]
[2020.02.27-17.55.56:918][  0]LogConfig: Setting CVar [[r.MaterialQualityLevel:1 ; High quality]]
[2020.02.27-17.55.56:918][  0]LogConfig: Setting CVar [[r.SSS.Scale:1]]
[2020.02.27-17.55.56:918][  0]LogConfig: Setting CVar [[r.SSS.SampleSet:2]]
[2020.02.27-17.55.56:918][  0]LogConfig: Setting CVar [[r.SSS.Quality:1]]
[2020.02.27-17.55.56:918][  0]LogConfig: Setting CVar [[r.SSS.HalfRes:1]]
[2020.02.27-17.55.56:918][  0]LogConfig: Setting CVar [[r.EmitterSpawnRateScale:1.0]]
[2020.02.27-17.55.56:919][  0]LogConfig: Setting CVar [[r.ParticleLightQuality:2]]
[2020.02.27-17.55.56:919][  0]LogConfig: Applying CVar settings from Section [FoliageQuality@3] File [C:/SeniorProject/PollutionProject/SeniorProject/Saved/Config/Windows/Scalability.ini]
[2020.02.27-17.55.56:919][  0]LogConfig: Setting CVar [[foliage.DensityScale:1.0]]
[2020.02.27-17.55.56:919][  0]LogConfig: Setting CVar [[grass.DensityScale:1.0]]
[2020.02.27-17.55.56:919][  0]LogConfig: Applying CVar settings from Section [Startup] File [../../../Engine/Config/ConsoleVariables.ini]
[2020.02.27-17.55.56:919][  0]LogConfig: Setting CVar [[net.UseAdaptiveNetUpdateFrequency:0]]
[2020.02.27-17.55.56:919][  0]LogConfig: Setting CVar [[p.chaos.AllowCreatePhysxBodies:1]]
[2020.02.27-17.55.56:919][  0]LogConfig: Applying CVar settings from Section [ConsoleVariables] File [C:/SeniorProject/PollutionProject/SeniorProject/Saved/Config/Windows/Engine.ini]
[2020.02.27-17.55.56:920][  0]LogInit: Computer: DESKTOP-L1LT82N
[2020.02.27-17.55.56:920][  0]LogInit: User: Greg
[2020.02.27-17.55.56:920][  0]LogInit: CPU Page size=4096, Cores=4
[2020.02.27-17.55.56:920][  0]LogInit: High frequency timer resolution =10.000000 MHz
[2020.02.27-17.55.56:921][  0]LogMemory: Memory total: Physical=16.0GB (16GB approx)
[2020.02.27-17.55.56:921][  0]LogMemory: Platform Memory Stats for Windows
[2020.02.27-17.55.56:921][  0]LogMemory: Process Physical Memory: 103.27 MB used, 103.28 MB peak
[2020.02.27-17.55.56:921][  0]LogMemory: Process Virtual Memory: 104.84 MB used, 104.84 MB peak
[2020.02.27-17.55.56:921][  0]LogMemory: Physical Memory: 11646.33 MB used,  4690.79 MB free, 16337.12 MB total
[2020.02.27-17.55.56:921][  0]LogMemory: Virtual Memory: 4671.19 MB used,  134213056.00 MB free, 134217728.00 MB total
[2020.02.27-17.55.58:150][  0]LogInit: Using OS detected language (en-US).
[2020.02.27-17.55.58:150][  0]LogInit: Using OS detected locale (en-US).
[2020.02.27-17.55.58:151][  0]LogTextLocalizationManager: No specific localization for 'en-US' exists, so the 'en' localization will be used.
[2020.02.27-17.55.58:350][  0]LogInit: Setting process to per monitor DPI aware
[2020.02.27-17.55.58:431][  0]LogSlate: New Slate User Created.  User Index 0, Is Virtual User: 0
[2020.02.27-17.55.58:431][  0]LogSlate: Slate User Registered.  User Index 0, Is Virtual User: 0
[2020.02.27-17.55.58:640][  0]LogHMD: Failed to initialize OpenVR with code 110
[2020.02.27-17.55.58:640][  0]LogD3D11RHI: D3D11 adapters:
[2020.02.27-17.55.58:742][  0]LogD3D11RHI:    0. 'NVIDIA GeForce GTX 1070' (Feature Level 11_0)
[2020.02.27-17.55.58:742][  0]LogD3D11RHI:       8089/0/8168 MB DedicatedVideo/DedicatedSystem/SharedSystem, Outputs:1, VendorId:0x10de
[2020.02.27-17.55.58:750][  0]LogD3D11RHI:    1. 'Microsoft Basic Render Driver' (Feature Level 11_0)
[2020.02.27-17.55.58:750][  0]LogD3D11RHI:       0/0/8168 MB DedicatedVideo/DedicatedSystem/SharedSystem, Outputs:0, VendorId:0x1414
[2020.02.27-17.55.58:750][  0]LogD3D11RHI: Chosen D3D11 Adapter: 0
[2020.02.27-17.55.58:762][  0]LogD3D11RHI: Creating new Direct3DDevice
[2020.02.27-17.55.58:762][  0]LogD3D11RHI:     GPU DeviceId: 0x1be1 (for the marketing name, search the web for "GPU Device Id")
[2020.02.27-17.55.58:762][  0]LogWindows: EnumDisplayDevices:
[2020.02.27-17.55.58:762][  0]LogWindows:    0. 'NVIDIA GeForce GTX 1070' (P:1 D:1)
[2020.02.27-17.55.58:762][  0]LogWindows:    1. 'NVIDIA GeForce GTX 1070' (P:0 D:0)
[2020.02.27-17.55.58:763][  0]LogWindows:    2. 'NVIDIA GeForce GTX 1070' (P:0 D:0)
[2020.02.27-17.55.58:763][  0]LogWindows:    3. 'NVIDIA GeForce GTX 1070' (P:0 D:0)
[2020.02.27-17.55.58:764][  0]LogWindows: DebugString: FoundDriverCount:4 
[2020.02.27-17.55.58:764][  0]LogD3D11RHI:     Adapter Name: NVIDIA GeForce GTX 1070
[2020.02.27-17.55.58:764][  0]LogD3D11RHI:   Driver Version: 388.57 (internal:23.21.13.8857, unified:388.57)
[2020.02.27-17.55.58:764][  0]LogD3D11RHI:      Driver Date: 12-4-2017
[2020.02.27-17.55.58:764][  0]LogRHI: Texture pool is 5662 MB (70% of 8089 MB)
[2020.02.27-17.55.58:808][  0]LogD3D11RHI: Async texture creation enabled
[2020.02.27-17.55.58:814][  0]LogRendererCore: FGlobalReadBuffer::InitRHI
[2020.02.27-17.55.58:814][  0]LogRendererCore: FGlobalReadBuffer::InitRHI
[2020.02.27-17.55.58:814][  0]LogRendererCore: FGlobalReadBuffer::InitRHI
[2020.02.27-17.55.58:825][  0]LogD3D11RHI: GPU Timing Frequency: 1000.000000 (Debug: 2 1)
[2020.02.27-17.55.59:329][  0]LogTemp: Display: Module 'AllDesktopTargetPlatform' loaded TargetPlatform 'AllDesktop'
[2020.02.27-17.55.59:347][  0]LogTemp: Display: Module 'MacClientTargetPlatform' loaded TargetPlatform 'MacClient'
[2020.02.27-17.55.59:362][  0]LogTemp: Display: Module 'MacNoEditorTargetPlatform' loaded TargetPlatform 'MacNoEditor'
[2020.02.27-17.55.59:380][  0]LogTemp: Display: Module 'MacServerTargetPlatform' loaded TargetPlatform 'MacServer'
[2020.02.27-17.55.59:397][  0]LogTemp: Display: Module 'MacTargetPlatform' loaded TargetPlatform 'Mac'
[2020.02.27-17.55.59:413][  0]LogTemp: Display: Module 'WindowsClientTargetPlatform' loaded TargetPlatform 'WindowsClient'
[2020.02.27-17.55.59:430][  0]LogTemp: Display: Module 'WindowsNoEditorTargetPlatform' loaded TargetPlatform 'WindowsNoEditor'
[2020.02.27-17.55.59:446][  0]LogTemp: Display: Module 'WindowsServerTargetPlatform' loaded TargetPlatform 'WindowsServer'
[2020.02.27-17.55.59:455][  0]LogTemp: Display: Module 'WindowsTargetPlatform' loaded TargetPlatform 'Windows'
[2020.02.27-17.55.59:547][  0]LogTemp: Display: Module 'AndroidTargetPlatform' loaded TargetPlatform 'Android'
[2020.02.27-17.55.59:547][  0]LogTemp: Display: Module 'AndroidTargetPlatform' loaded TargetPlatform 'Android_ASTC'
[2020.02.27-17.55.59:548][  0]LogTemp: Display: Module 'AndroidTargetPlatform' loaded TargetPlatform 'Android_ATC'
[2020.02.27-17.55.59:548][  0]LogTemp: Display: Module 'AndroidTargetPlatform' loaded TargetPlatform 'Android_DXT'
[2020.02.27-17.55.59:548][  0]LogTemp: Display: Module 'AndroidTargetPlatform' loaded TargetPlatform 'Android_ETC1'
[2020.02.27-17.55.59:548][  0]LogTemp: Display: Module 'AndroidTargetPlatform' loaded TargetPlatform 'Android_ETC1a'
[2020.02.27-17.55.59:548][  0]LogTemp: Display: Module 'AndroidTargetPlatform' loaded TargetPlatform 'Android_ETC2'
[2020.02.27-17.55.59:548][  0]LogTemp: Display: Module 'AndroidTargetPlatform' loaded TargetPlatform 'Android_PVRTC'
[2020.02.27-17.55.59:548][  0]LogTemp: Display: Module 'AndroidTargetPlatform' loaded TargetPlatform 'AndroidClient'
[2020.02.27-17.55.59:549][  0]LogTemp: Display: Module 'AndroidTargetPlatform' loaded TargetPlatform 'Android_ASTCClient'
[2020.02.27-17.55.59:549][  0]LogTemp: Display: Module 'AndroidTargetPlatform' loaded TargetPlatform 'Android_ATCClient'
[2020.02.27-17.55.59:549][  0]LogTemp: Display: Module 'AndroidTargetPlatform' loaded TargetPlatform 'Android_DXTClient'
[2020.02.27-17.55.59:549][  0]LogTemp: Display: Module 'AndroidTargetPlatform' loaded TargetPlatform 'Android_ETC1Client'
[2020.02.27-17.55.59:549][  0]LogTemp: Display: Module 'AndroidTargetPlatform' loaded TargetPlatform 'Android_ETC1aClient'
[2020.02.27-17.55.59:549][  0]LogTemp: Display: Module 'AndroidTargetPlatform' loaded TargetPlatform 'Android_ETC2Client'
[2020.02.27-17.55.59:549][  0]LogTemp: Display: Module 'AndroidTargetPlatform' loaded TargetPlatform 'Android_PVRTCClient'
[2020.02.27-17.55.59:549][  0]LogTemp: Display: Module 'AndroidTargetPlatform' loaded TargetPlatform 'Android_Multi'
[2020.02.27-17.55.59:549][  0]LogTemp: Display: Module 'AndroidTargetPlatform' loaded TargetPlatform 'Android_MultiClient'
[2020.02.27-17.55.59:555][  0]LogTemp: Display: Module 'HTML5TargetPlatform' loaded TargetPlatform 'HTML5'
[2020.02.27-17.55.59:619][  0]LogTemp: Display: Module 'IOSTargetPlatform' loaded TargetPlatform 'IOSClient'
[2020.02.27-17.55.59:619][  0]LogTemp: Display: Module 'IOSTargetPlatform' loaded TargetPlatform 'IOS'
[2020.02.27-17.55.59:652][  0]LogTemp: Display: Module 'TVOSTargetPlatform' loaded TargetPlatform 'TVOSClient'
[2020.02.27-17.55.59:652][  0]LogTemp: Display: Module 'TVOSTargetPlatform' loaded TargetPlatform 'TVOS'
[2020.02.27-17.55.59:669][  0]LogTemp: Display: Module 'LinuxClientTargetPlatform' loaded TargetPlatform 'LinuxClient'
[2020.02.27-17.55.59:693][  0]LogTemp: Display: Module 'LinuxNoEditorTargetPlatform' loaded TargetPlatform 'LinuxNoEditor'
[2020.02.27-17.55.59:722][  0]LogTemp: Display: Module 'LinuxServerTargetPlatform' loaded TargetPlatform 'LinuxServer'
[2020.02.27-17.55.59:744][  0]LogTemp: Display: Module 'LinuxTargetPlatform' loaded TargetPlatform 'Linux'
[2020.02.27-17.55.59:802][  0]LogTemp: Display: Module 'LuminTargetPlatform' loaded TargetPlatform 'Lumin'
[2020.02.27-17.55.59:802][  0]LogTemp: Display: Module 'LuminTargetPlatform' loaded TargetPlatform 'LuminClient'
[2020.02.27-17.55.59:803][  0]LogTargetPlatformManager: Display: Building Assets For Windows
[2020.02.27-17.55.59:826][  0]LogAudioDebug: Display: Lib vorbis DLL was dynamically loaded.
[2020.02.27-17.55.59:919][  0]LogShaderCompilers: Guid format shader working directory is -3 characters bigger than the processId version (C:/SeniorProject/PollutionProject/SeniorProject/Intermediate/Shaders/WorkingDirectory/28668/).
[2020.02.27-17.55.59:920][  0]LogShaderCompilers: Cleaned the shader compiler working directory 'C:/Users/Greg/AppData/Local/Temp/UnrealShaderWorkingDir/EDD85F9E45696AD01AE5A99A28633C84/'.
[2020.02.27-17.55.59:921][  0]LogXGEController: Cleaning working directory: C:/Users/Greg/AppData/Local/Temp/UnrealXGEWorkingDir/
[2020.02.27-17.55.59:922][  0]LogXGEController: Cannot use XGE Controller as Incredibuild is not installed on this machine.
[2020.02.27-17.55.59:922][  0]LogShaderCompilers: Cannot use XGE Shader Compiler as Incredibuild is not installed on this machine.
[2020.02.27-17.55.59:922][  0]LogShaderCompilers: Display: Using Local Shader Compiler.
[2020.02.27-17.56.00:515][  0]LogDerivedDataCache: Display: Max Cache Size: 512 MB
[2020.02.27-17.56.00:570][  0]LogDerivedDataCache: Loaded boot cache 0.05s 73MB C:/Users/Greg/AppData/Local/UnrealEngine/4.22/DerivedDataCache/Boot.ddc.
[2020.02.27-17.56.00:571][  0]LogDerivedDataCache: Display: Loaded Boot cache: C:/Users/Greg/AppData/Local/UnrealEngine/4.22/DerivedDataCache/Boot.ddc
[2020.02.27-17.56.00:571][  0]LogDerivedDataCache: FDerivedDataBackendGraph:  Pak pak cache file C:/SeniorProject/PollutionProject/SeniorProject/DerivedDataCache/DDC.ddp not found, will not use a pak cache.
[2020.02.27-17.56.00:571][  0]LogDerivedDataCache: Unable to find inner node Pak for hierarchical cache Hierarchy.
[2020.02.27-17.56.00:571][  0]LogDerivedDataCache: FDerivedDataBackendGraph:  CompressedPak pak cache file C:/SeniorProject/PollutionProject/SeniorProject/DerivedDataCache/Compressed.ddp not found, will not use a pak cache.
[2020.02.27-17.56.00:572][  0]LogDerivedDataCache: Unable to find inner node CompressedPak for hierarchical cache Hierarchy.
[2020.02.27-17.56.00:585][  0]LogDerivedDataCache: Display: Pak cache opened for reading ../../../Engine/DerivedDataCache/Compressed.ddp.
[2020.02.27-17.56.00:588][  0]LogDerivedDataCache: Display: Pak cache opened for reading ../../../Enterprise/DerivedDataCache/Compressed.ddp.
[2020.02.27-17.56.00:603][  0]LogDerivedDataCache: Using Local data cache path C:/Users/Greg/AppData/Local/UnrealEngine/Common/DerivedDataCache: Writable
[2020.02.27-17.56.00:603][  0]LogDerivedDataCache: Shared data cache path not found in *engine.ini, will not use an Shared cache.
[2020.02.27-17.56.00:603][  0]LogDerivedDataCache: Unable to find inner node Shared for hierarchical cache Hierarchy.
[2020.02.27-17.56.00:626][  0]LogMaterial: Verifying Global Shaders for PCD3D_SM5
[2020.02.27-17.56.00:628][  0]LogSlate: Using FreeType 2.6.0
[2020.02.27-17.56.00:629][  0]LogSlate: SlateFontServices - WITH_FREETYPE: 1, WITH_HARFBUZZ: 1
[2020.02.27-17.56.00:741][  0]LogAssetRegistry: FAssetRegistry took 0.0369 seconds to start up
[2020.02.27-17.56.01:158][  0]LogInit: Selected Device Profile: [Windows]
[2020.02.27-17.56.01:326][  0]LogMeshReduction: Using QuadricMeshReduction for automatic static mesh reduction
[2020.02.27-17.56.01:326][  0]LogMeshReduction: Using SimplygonMeshReduction for automatic skeletal mesh reduction
[2020.02.27-17.56.01:326][  0]LogMeshReduction: Using ProxyLODMeshReduction for automatic mesh merging
[2020.02.27-17.56.01:326][  0]LogMeshReduction: No distributed automatic mesh merging module available
[2020.02.27-17.56.01:326][  0]LogMeshMerging: No distributed automatic mesh merging module available
[2020.02.27-17.56.01:343][  0]LogNetVersion: SeniorProject 1.0.0, NetCL: 5660361, EngineNetVer: 10, GameNetVer: 0 (Checksum: 993350713)
[2020.02.27-17.56.01:863][  0]LogPackageLocalizationCache: Processed 16 localized package path(s) for 1 prioritized culture(s) in 0.085131 seconds
[2020.02.27-17.56.01:870][  0]LogUObjectArray: 42205 objects as part of root set at end of initial load.
[2020.02.27-17.56.01:870][  0]LogUObjectAllocator: 7325032 out of 0 bytes used by permanent object pool.
[2020.02.27-17.56.01:870][  0]LogUObjectArray: CloseDisregardForGC: 0/0 objects in disregard for GC pool
[2020.02.27-17.56.02:922][  0]LogTcpMessaging: Initializing TcpMessaging bridge
[2020.02.27-17.56.02:944][  0]LogUdpMessaging: Initializing bridge on interface 0.0.0.0:0 to multicast group 230.0.0.1:6666.
[2020.02.27-17.56.03:226][  0]LogOutputDevice: Error: Ensure condition failed: AttachmentRules.LocationRule == EAttachmentRule::KeepRelative && AttachmentRules.RotationRule == EAttachmentRule::KeepRelative && AttachmentRules.ScaleRule == EAttachmentRule::KeepRelative [File:D:\Build\++UE4\Sync\Engine\Source\Runtime\Engine\Private\Components\SceneComponent.cpp] [Line: 1786] 
AttachToComponent when called from a constructor is only setting up attachment and will always be treated as KeepRelative. Consider calling SetupAttachment directly instead.

[2020.02.27-17.56.03:226][  0]LogStats:             FDebug::EnsureFailed -  0.000 s
[2020.02.27-17.56.18:756][  0]SourceControl: Source control is disabled
[2020.02.27-17.56.19:516][  0]LogAndroidPermission: UAndroidPermissionCallbackProxy::GetInstance
[2020.02.27-17.56.19:651][  0]LogOcInput: OculusInput pre-init called
[2020.02.27-17.56.22:677][  0]LogEngine: Initializing Engine...
[2020.02.27-17.56.22:678][  0]LogHMD: Failed to initialize OpenVR with code 110
[2020.02.27-17.56.22:679][  0]LogStats: UGameplayTagsManager::InitializeManager -  0.000 s
[2020.02.27-17.56.22:910][  0]LogInit: Initializing FReadOnlyCVARCache
[2020.02.27-17.56.22:924][  0]LogAIModule: Creating AISystem for world Untitled
[2020.02.27-17.56.23:050][  0]LogInit: XAudio2 using 'Speakers (Realtek High Definition Audio)' : 6 channels at 48 kHz using 32 bits per sample (channel mask 0x3f)
[2020.02.27-17.56.23:250][  0]LogInit: FAudioDevice initialized.
[2020.02.27-17.56.23:251][  0]LogNetVersion: Set ProjectVersion to 1.0.0.0. Version Checksum will be recalculated on next use.
[2020.02.27-17.56.23:423][  0]LogDerivedDataCache: Saved boot cache 0.17s 73MB C:/Users/Greg/AppData/Local/UnrealEngine/4.22/DerivedDataCache/Boot.ddc.
[2020.02.27-17.56.23:443][  0]LogInit: Texture streaming: Enabled
[2020.02.27-17.56.23:482][  0]LogEngineSessionManager: EngineSessionManager initialized
[2020.02.27-17.56.23:502][  0]LogInit: Transaction tracking system initialized
[2020.02.27-17.56.23:537][  0]BlueprintLog: New page: Editor Load
[2020.02.27-17.56.23:673][  0]LocalizationService: Localization service is disabled
[2020.02.27-17.56.24:083][  0]LogCook: Display: Max memory allowance for cook 16384mb min free memory 0mb
[2020.02.27-17.56.24:083][  0]LogCook: Display: Mobile HDR setting 1
[2020.02.27-17.56.24:464][  0]LogFileCache: Scanning file cache for directory 'C:/SeniorProject/PollutionProject/SeniorProject/Content/' took 0.05s
[2020.02.27-17.56.25:849][  0]Cmd: MAP LOAD FILE="C:/SeniorProject/PollutionProject/SeniorProject/Content/Levels/GreyBoxLVL4.umap" TEMPLATE=0 SHOWPROGRESS=1 FEATURELEVEL=3
[2020.02.27-17.56.25:850][  0]LightingResults: New page: Lighting Build
[2020.02.27-17.56.25:853][  0]MapCheck: New page: Map Check
[2020.02.27-17.56.25:853][  0]LightingResults: New page: Lighting Build
[2020.02.27-17.56.25:885][  0]LogUObjectHash: Compacting FUObjectHashTables data took   1.78ms
[2020.02.27-17.56.29:713][  0]LogAIModule: Creating AISystem for world GreyBoxLVL4
[2020.02.27-17.56.29:715][  0]LogMaterial: Warning: Material /Game/Assets/Dock/01_-_Default.01_-_Default needed to have new flag set bUsedWithInstancedStaticMeshes !
[2020.02.27-17.56.29:721][  0]LogMaterial: Display: Missing cached shader map for material 01_-_Default, compiling. 
[2020.02.27-17.56.29:822][  0]MapCheck: Warning: 01_-_Default Material /Game/Assets/Dock/01_-_Default.01_-_Default was missing the usage flag bUsedWithInstancedStaticMeshes. If the material asset is not re-saved, it may not render correctly when run outside the editor. Fix
[2020.02.27-17.56.29:825][  0]LogMaterial: Warning: Material /Game/Assets/Windows/02_-_Default.02_-_Default needed to have new flag set bUsedWithInstancedStaticMeshes !
[2020.02.27-17.56.29:830][  0]LogMaterial: Display: Missing cached shader map for material 02_-_Default, compiling. 
[2020.02.27-17.56.29:860][  0]MapCheck: Warning: 02_-_Default Material /Game/Assets/Windows/02_-_Default.02_-_Default was missing the usage flag bUsedWithInstancedStaticMeshes. If the material asset is not re-saved, it may not render correctly when run outside the editor. Fix
[2020.02.27-17.56.29:862][  0]LogMaterial: Warning: Material /Game/Assets/Windows/08_-_Default.08_-_Default needed to have new flag set bUsedWithInstancedStaticMeshes !
[2020.02.27-17.56.29:868][  0]LogMaterial: Display: Missing cached shader map for material 08_-_Default, compiling. 
[2020.02.27-17.56.29:898][  0]MapCheck: Warning: 08_-_Default Material /Game/Assets/Windows/08_-_Default.08_-_Default was missing the usage flag bUsedWithInstancedStaticMeshes. If the material asset is not re-saved, it may not render correctly when run outside the editor. Fix
[2020.02.27-17.56.32:271][  0]LogEditorServer: Finished looking for orphan Actors (0.001 secs)
[2020.02.27-17.56.32:438][  0]LogUObjectHash: Compacting FUObjectHashTables data took   5.96ms
[2020.02.27-17.56.32:438][  0]Cmd: MAP CHECKDEP NOCLEARLOG
[2020.02.27-17.56.32:439][  0]MapCheck: Map check complete: 0 Error(s), 3 Warning(s), took 0.864ms to complete.
[2020.02.27-17.56.32:469][  0]LogFileHelpers: Loading map 'GreyBoxLVL4' took 6.620
[2020.02.27-17.56.32:712][  0]LogSlate: Updating window title bar state: overlay mode, drag disabled, window buttons hidden, title bar hidden
[2020.02.27-17.56.32:728][  0]LogSlate: Updating window title bar state: overlay mode, drag disabled, window buttons hidden, title bar hidden
[2020.02.27-17.56.32:743][  0]LogSlate: Updating window title bar state: overlay mode, drag disabled, window buttons hidden, title bar hidden
[2020.02.27-17.56.32:758][  0]LogSlate: Updating window title bar state: overlay mode, drag disabled, window buttons hidden, title bar hidden
[2020.02.27-17.56.32:768][  0]LogCollectionManager: Loaded 0 collections in 0.001590 seconds
[2020.02.27-17.56.32:991][  0]LogFileCache: Scanning file cache for directory 'C:/SeniorProject/PollutionProject/SeniorProject/Saved/Collections/' took 0.05s
[2020.02.27-17.56.32:991][  0]LogFileCache: Scanning file cache for directory 'C:/SeniorProject/PollutionProject/SeniorProject/Content/Developers/Greg/Collections/' took 0.05s
[2020.02.27-17.56.32:992][  0]LogFileCache: Scanning file cache for directory 'C:/SeniorProject/PollutionProject/SeniorProject/Content/Collections/' took 0.11s
[2020.02.27-17.56.32:992][  0]LogCollectionManager: Rebuilt the GUID cache for 0 collections in 0.000000 seconds
[2020.02.27-17.56.33:010][  0]LogContentBrowser: Native class hierarchy populated in 0.0180 seconds. Added 2876 classes and 729 folders.
[2020.02.27-17.56.33:020][  0]LogContentBrowser: Native class hierarchy updated for 'WidgetCarousel' in 0.0006 seconds. Added 0 classes and 0 folders.
[2020.02.27-17.56.33:023][  0]LogPakFile: Registered encryption key '00000000000000000000000000000000': 0 pak files mounted, 0 remain pending
[2020.02.27-17.56.33:024][  0]LogPakFile: Registered encryption key '00000000000000000000000000000000': 0 pak files mounted, 0 remain pending
[2020.02.27-17.56.33:025][  0]LogPakFile: Registered encryption key '00000000000000000000000000000000': 0 pak files mounted, 0 remain pending
[2020.02.27-17.56.33:026][  0]LogPakFile: Registered encryption key '00000000000000000000000000000000': 0 pak files mounted, 0 remain pending
[2020.02.27-17.56.33:027][  0]LogPakFile: Registered encryption key '00000000000000000000000000000000': 0 pak files mounted, 0 remain pending
[2020.02.27-17.56.33:028][  0]LogPakFile: Registered encryption key '00000000000000000000000000000000': 0 pak files mounted, 0 remain pending
[2020.02.27-17.56.33:030][  0]LogPakFile: Registered encryption key '00000000000000000000000000000000': 0 pak files mounted, 0 remain pending
[2020.02.27-17.56.33:031][  0]LogPakFile: Registered encryption key '00000000000000000000000000000000': 0 pak files mounted, 0 remain pending
[2020.02.27-17.56.33:032][  0]LogPakFile: Registered encryption key '00000000000000000000000000000000': 0 pak files mounted, 0 remain pending
[2020.02.27-17.56.33:033][  0]LogPakFile: Registered encryption key '00000000000000000000000000000000': 0 pak files mounted, 0 remain pending
[2020.02.27-17.56.33:034][  0]LogPakFile: Registered encryption key '00000000000000000000000000000000': 0 pak files mounted, 0 remain pending
[2020.02.27-17.56.33:035][  0]LogPakFile: Registered encryption key '00000000000000000000000000000000': 0 pak files mounted, 0 remain pending
[2020.02.27-17.56.33:036][  0]LogPakFile: Registered encryption key '00000000000000000000000000000000': 0 pak files mounted, 0 remain pending
[2020.02.27-17.56.33:038][  0]LogPakFile: Registered encryption key '00000000000000000000000000000000': 0 pak files mounted, 0 remain pending
[2020.02.27-17.56.33:039][  0]LogPakFile: Registered encryption key '00000000000000000000000000000000': 0 pak files mounted, 0 remain pending
[2020.02.27-17.56.33:040][  0]LogPakFile: Registered encryption key '00000000000000000000000000000000': 0 pak files mounted, 0 remain pending
[2020.02.27-17.56.33:041][  0]LogPakFile: Registered encryption key '00000000000000000000000000000000': 0 pak files mounted, 0 remain pending
[2020.02.27-17.56.33:042][  0]LogPakFile: Registered encryption key '00000000000000000000000000000000': 0 pak files mounted, 0 remain pending
[2020.02.27-17.56.33:042][  0]LogPakFile: Registered encryption key '00000000000000000000000000000000': 0 pak files mounted, 0 remain pending
[2020.02.27-17.56.33:044][  0]LogPakFile: Registered encryption key '00000000000000000000000000000000': 0 pak files mounted, 0 remain pending
[2020.02.27-17.56.33:044][  0]LogPakFile: Registered encryption key '00000000000000000000000000000000': 0 pak files mounted, 0 remain pending
[2020.02.27-17.56.33:045][  0]LogPakFile: Registered encryption key '00000000000000000000000000000000': 0 pak files mounted, 0 remain pending
[2020.02.27-17.56.33:047][  0]LogPakFile: Registered encryption key '00000000000000000000000000000000': 0 pak files mounted, 0 remain pending
[2020.02.27-17.56.33:048][  0]LogPakFile: Registered encryption key '00000000000000000000000000000000': 0 pak files mounted, 0 remain pending
[2020.02.27-17.56.33:049][  0]LogPakFile: Registered encryption key '00000000000000000000000000000000': 0 pak files mounted, 0 remain pending
[2020.02.27-17.56.33:051][  0]LogPakFile: Registered encryption key '00000000000000000000000000000000': 0 pak files mounted, 0 remain pending
[2020.02.27-17.56.33:052][  0]LogPakFile: Registered encryption key '00000000000000000000000000000000': 0 pak files mounted, 0 remain pending
[2020.02.27-17.56.33:053][  0]LogPakFile: Registered encryption key '00000000000000000000000000000000': 0 pak files mounted, 0 remain pending
[2020.02.27-17.56.33:104][  0]LogContentBrowser: Native class hierarchy updated for 'AddContentDialog' in 0.0006 seconds. Added 0 classes and 0 folders.
[2020.02.27-17.56.33:112][  0]LogContentBrowser: Native class hierarchy updated for 'SceneOutliner' in 0.0006 seconds. Added 1 classes and 0 folders.
[2020.02.27-17.56.33:134][  0]LogSlate: Took 0.000225 seconds to synchronously load lazily loaded font '../../../Engine/Content/Slate/Fonts/Roboto-Regular.ttf' (155K)
[2020.02.27-17.56.33:140][  0]LogSlate: Took 0.000204 seconds to synchronously load lazily loaded font '../../../Engine/Content/Slate/Fonts/Roboto-Bold.ttf' (160K)
[2020.02.27-17.56.33:148][  0]LogSlate: Took 0.000235 seconds to synchronously load lazily loaded font '../../../Engine/Content/Editor/Slate/Fonts/FontAwesome.ttf' (139K)
[2020.02.27-17.56.33:148][  0]LogSlate: Took 0.000157 seconds to synchronously load lazily loaded font '../../../Engine/Content/Slate/Fonts/DroidSansMono.ttf' (77K)
[2020.02.27-17.56.33:325][  0]LogRenderer: Reallocating scene render targets to support 904x424 Format 10 NumSamples 1 (Frame:1).
[2020.02.27-17.56.33:398][  0]LogStaticMesh: Allocated 512x448x64 distance field atlas = 28.0Mb, with 153 objects containing 22.9Mb backing data
[2020.02.27-17.56.34:320][  0]LogContentBrowser: Native class hierarchy updated for 'HierarchicalLODOutliner' in 0.0007 seconds. Added 0 classes and 0 folders.
[2020.02.27-17.56.34:320][  0]LogLoad: (Engine Initialization) Total time: 40.31 seconds
[2020.02.27-17.56.34:321][  0]LogLoad: (Engine Initialization) Total Blueprint compile time: 0.00 seconds
[2020.02.27-17.56.34:349][  0]Cmd: ACTOR HIDE SELECTED
[2020.02.27-17.56.34:723][  0]LogContentStreaming: Texture pool size now 1000 MB
[2020.02.27-17.56.34:954][  1]LogAssetRegistry: Asset discovery search completed in 34.2379 seconds
[2020.02.27-17.56.34:960][  1]LogCollectionManager: Rebuilt the object cache for 0 collections in 0.000000 seconds (found 0 objects)
[2020.02.27-17.56.34:961][  1]LogCollectionManager: Fixed up redirectors for 0 collections in 0.001171 seconds (updated 0 objects)
[2020.02.27-17.56.39:892][246]LogFileCache: Retrieving MD5 hashes for directory 'C:/SeniorProject/PollutionProject/SeniorProject/Content/' took 5.24s
[2020.02.27-18.12.42:747][869]LogSlate: FSceneViewport::OnFocusLost() reason 2
[2020.02.27-18.12.56:888][ 70]LogSlate: Took 0.028448 seconds to synchronously load lazily loaded font '../../../Engine/Content/Slate/Fonts/Roboto-Italic.ttf' (157K)
[2020.02.27-18.12.57:489][113]LogSlate: Window 'Details' being destroyed
[2020.02.27-18.12.57:496][113]LogSlate: Window 'Details' being destroyed
[2020.02.27-18.12.58:539][211]LogTemp: Repeating last play command: Selected Viewport
[2020.02.27-18.12.58:611][211]LogBlueprintUserMessages: Early PlayInEditor Detection: Level '/Game/Levels/GreyBoxLVL4.GreyBoxLVL4:PersistentLevel' has LevelScriptBlueprint '/Game/Levels/GreyBoxLVL4.GreyBoxLVL4:PersistentLevel.GreyBoxLVL4' with GeneratedClass '/Game/Levels/GreyBoxLVL4.GreyBoxLVL4_C' with ClassGeneratedBy '/Game/Levels/GreyBoxLVL4.GreyBoxLVL4:PersistentLevel.GreyBoxLVL4'
[2020.02.27-18.12.58:623][211]LogPlayLevel: PlayLevel: No blueprints needed recompiling
[2020.02.27-18.12.58:689][211]PIE: New page: PIE session: GreyBoxLVL4 (Feb 27, 2020, 8:12:58 AM)
[2020.02.27-18.12.58:802][211]LogPlayLevel: Creating play world package: /Game/Levels/UEDPIE_0_GreyBoxLVL4
[2020.02.27-18.12.59:503][211]LogPlayLevel: PIE: StaticDuplicateObject took: (0.700253s)
[2020.02.27-18.12.59:504][211]LogAIModule: Creating AISystem for world GreyBoxLVL4
[2020.02.27-18.12.59:505][211]LogPlayLevel: PIE: World Init took: (0.001174s)
[2020.02.27-18.12.59:505][211]LogPlayLevel: PIE: Created PIE world by copying editor world from /Game/Levels/GreyBoxLVL4.GreyBoxLVL4 to /Game/Levels/UEDPIE_0_GreyBoxLVL4.GreyBoxLVL4 (0.703589s)
[2020.02.27-18.12.59:536][211]LogUObjectHash: Compacting FUObjectHashTables data took   2.22ms
[2020.02.27-18.12.59:606][211]LogInit: XAudio2 using 'Speakers (Realtek High Definition Audio)' : 6 channels at 48 kHz using 32 bits per sample (channel mask 0x3f)
[2020.02.27-18.12.59:788][211]LogInit: FAudioDevice initialized.
[2020.02.27-18.13.00:012][211]LogLoad: Game class is 'FirstPersonGameMode_C'
[2020.02.27-18.13.00:259][211]LogWorld: Bringing World /Game/Levels/UEDPIE_0_GreyBoxLVL4.GreyBoxLVL4 up for play (max tick rate 0) at 2020.02.27-13.13.00
[2020.02.27-18.13.00:538][211]LogWorld: Bringing up level for play took: 0.505722
[2020.02.27-18.13.00:770][211]LogContentBrowser: Native class hierarchy updated for 'MovieSceneCapture' in 0.0007 seconds. Added 20 classes and 0 folders.
[2020.02.27-18.13.00:805][211]LogScript: Warning: Script Msg: Attempted to access index 0 from array 'CallFunc_GetAllActorsOfClass_OutActors' of length 0 in '/Game/BP/Log.Log_C:ExecuteUbergraph_Log'!
[2020.02.27-18.13.00:806][211]LogScript: Warning: Script Msg: Attempted to access index 0 from array 'CallFunc_GetAllActorsOfClass_OutActors' of length 0 in '/Game/FinishStopper.FinishStopper_C:ExecuteUbergraph_FinishStopper'!
[2020.02.27-18.13.00:807][211]LogScript: Warning: Script Msg: Attempted to access index 0 from array 'CallFunc_GetAllActorsOfClass_OutActors' of length 0 in '/Game/BP/Checkpoint.Checkpoint_C:ExecuteUbergraph_Checkpoint'!
[2020.02.27-18.13.00:807][211]LogScript: Warning: Script Msg: Attempted to access index 0 from array 'CallFunc_GetAllActorsOfClass_OutActors' of length 0 in '/Game/BP/Checkpoint.Checkpoint_C:ExecuteUbergraph_Checkpoint'!
[2020.02.27-18.13.00:808][211]LogScript: Warning: Script Msg: Attempted to access index 0 from array 'CallFunc_GetAllActorsOfClass_OutActors' of length 0 in '/Game/BP/OutroTrigger.OutroTrigger_C:ExecuteUbergraph_OutroTrigger'!
[2020.02.27-18.13.00:809][211]LogScript: Warning: Script Msg: Attempted to access index 0 from array 'CallFunc_GetAllActorsOfClass_OutActors' of length 0 in '/Game/BP/InteractiveLog.InteractiveLog_C:ExecuteUbergraph_InteractiveLog'!
[2020.02.27-18.13.00:809][211]LogScript: Warning: Script Msg: Attempted to access index 0 from array 'CallFunc_GetAllActorsOfClass_OutActors' of length 0 in '/Game/BP/Respawn.Respawn_C:ExecuteUbergraph_Respawn'!
[2020.02.27-18.13.00:810][211]LogScript: Warning: Script Msg: Attempted to access index 0 from array 'CallFunc_GetAllActorsOfClass_OutActors' of length 0 in '/Game/BP/Respawn.Respawn_C:ExecuteUbergraph_Respawn'!
[2020.02.27-18.13.00:834][211]PIE: Play in editor start time for /Game/Levels/UEDPIE_0_GreyBoxLVL4 1.927
[2020.02.27-18.13.00:835][211]LogBlueprintUserMessages: Late PlayInEditor Detection: Level '/Game/Levels/GreyBoxLVL4.GreyBoxLVL4:PersistentLevel' has LevelScriptBlueprint '/Game/Levels/GreyBoxLVL4.GreyBoxLVL4:PersistentLevel.GreyBoxLVL4' with GeneratedClass '/Game/Levels/GreyBoxLVL4.GreyBoxLVL4_C' with ClassGeneratedBy '/Game/Levels/GreyBoxLVL4.GreyBoxLVL4:PersistentLevel.GreyBoxLVL4'
[2020.02.27-18.13.43:214][779]LogSlate: FSceneViewport::OnFocusLost() reason 2
[2020.02.27-18.13.51:534][312]LogSlate: FSceneViewport::OnFocusLost() reason 2
[2020.02.27-18.14.00:336][665]LogSlate: FSceneViewport::OnFocusLost() reason 2
[2020.02.27-18.14.34:334][ 11]LogUnrealEdMisc: Warning: Heartbeat event firing too frequently (52.021 sec). This should never happen. Something is wrong with the timer delegate!
[2020.02.27-18.14.38:638][250]LogBlueprintUserMessages: Early EndPlayMap Detection: Level '/Game/Levels/GreyBoxLVL4.GreyBoxLVL4:PersistentLevel' has LevelScriptBlueprint '/Game/Levels/GreyBoxLVL4.GreyBoxLVL4:PersistentLevel.GreyBoxLVL4' with GeneratedClass '/Game/Levels/GreyBoxLVL4.GreyBoxLVL4_C' with ClassGeneratedBy '/Game/Levels/GreyBoxLVL4.GreyBoxLVL4:PersistentLevel.GreyBoxLVL4'
[2020.02.27-18.14.38:754][250]LogSlate: Updating window title bar state: overlay mode, drag disabled, window buttons hidden, title bar hidden
[2020.02.27-18.14.38:945][250]LogPlayLevel: Display: Shutting down PIE online subsystems
[2020.02.27-18.14.38:954][250]LogBlueprintUserMessages: Late EndPlayMap Detection: Level '/Game/Levels/GreyBoxLVL4.GreyBoxLVL4:PersistentLevel' has LevelScriptBlueprint '/Game/Levels/GreyBoxLVL4.GreyBoxLVL4:PersistentLevel.GreyBoxLVL4' with GeneratedClass '/Game/Levels/GreyBoxLVL4.GreyBoxLVL4_C' with ClassGeneratedBy '/Game/Levels/GreyBoxLVL4.GreyBoxLVL4:PersistentLevel.GreyBoxLVL4'
[2020.02.27-18.14.39:075][250]LogSlate: Updating window title bar state: overlay mode, drag disabled, window buttons hidden, title bar hidden
[2020.02.27-18.14.39:311][250]LogUObjectHash: Compacting FUObjectHashTables data took   4.01ms
[2020.02.27-18.14.39:433][251]LogPlayLevel: Display: Destroying online subsystem :Context_1
[2020.02.27-18.15.07:800][920]LogSlate: FSceneViewport::OnFocusLost() reason 2
[2020.02.27-18.15.08:723][967]LogUObjectHash: Compacting FUObjectHashTables data took   1.40ms
[2020.02.27-18.15.24:454][890]LogSlate: Took 0.019351 seconds to synchronously load lazily loaded font '../../../Engine/Content/Slate/Fonts/Roboto-Light.ttf' (167K)
[2020.02.27-18.15.51:873][392]LogSlate: FSceneViewport::OnFocusLost() reason 2
[2020.02.27-18.15.52:089][392]LogSlate: FSceneViewport::OnFocusLost() reason 2
[2020.02.27-18.15.52:151][392]Cmd: OBJ SAVEPACKAGE PACKAGE="/Game/Levels/GreyBoxLVL4" FILE="C:/SeniorProject/PollutionProject/SeniorProject/Content/Levels/GreyBoxLVL4.umap" SILENT=true AUTOSAVING=false KEEPDIRTY=false
[2020.02.27-18.15.52:216][392]LogUObjectHash: Compacting FUObjectHashTables data took   0.93ms
[2020.02.27-18.15.58:141][392]LogSavePackage: Moving 'C:/SeniorProject/PollutionProject/SeniorProject/Saved/GreyBoxLVL4E465610F476AF90A00C89DBD1A40E0E8.tmp' to 'C:/SeniorProject/PollutionProject/SeniorProject/Content/Levels/GreyBoxLVL4.umap'
[2020.02.27-18.15.59:882][453]LogUObjectHash: Compacting FUObjectHashTables data took   2.42ms
[2020.02.27-18.16.05:655][674]LogSlate: Took 0.000246 seconds to synchronously load lazily loaded font '../../../Engine/Content/Slate/Fonts/Roboto-Light.ttf' (167K)
[2020.02.27-18.16.30:290][491]LogAssetEditorManager: Opening Asset editor for WidgetBlueprint /Game/UI/Counter.Counter
[2020.02.27-18.16.31:713][491]LogContentBrowser: Native class hierarchy updated for 'BlueprintGraph' in 0.0012 seconds. Added 121 classes and 0 folders.
[2020.02.27-18.16.34:155][491]LogBlueprintActionDatabase: Requesting refresh due to module change: SequencerWidgets (loaded)
[2020.02.27-18.16.35:316][491]LogSlate: Took 0.023595 seconds to synchronously load lazily loaded font '../../../Engine/Content/Slate/Fonts/Roboto-BoldCondensed.ttf' (158K)
[2020.02.27-18.18.10:985][103]BlueprintLog: New page: Compile Counter
[2020.02.27-18.18.11:214][103]LogUObjectHash: Compacting FUObjectHashTables data took   8.12ms
[2020.02.27-18.18.12:069][121]Cmd: OBJ SAVEPACKAGE PACKAGE="/Game/UI/Counter" FILE="C:/SeniorProject/PollutionProject/SeniorProject/Content/UI/Counter.uasset" SILENT=true
[2020.02.27-18.18.12:311][121]LogSavePackage: Moving 'C:/SeniorProject/PollutionProject/SeniorProject/Saved/CounterC9CC3103449A64AF36B730803D6EEAC1.tmp' to 'C:/SeniorProject/PollutionProject/SeniorProject/Content/UI/Counter.uasset'
[2020.02.27-18.18.14:599][208]LogSlate: Window 'Counter' being destroyed
[2020.02.27-18.18.14:608][208]LogSlate: Window 'Counter' being destroyed
[2020.02.27-18.18.16:654][270]LogTemp: Repeating last play command: Selected Viewport
[2020.02.27-18.18.16:686][270]LogBlueprintUserMessages: Early PlayInEditor Detection: Level '/Game/Levels/GreyBoxLVL4.GreyBoxLVL4:PersistentLevel' has LevelScriptBlueprint '/Game/Levels/GreyBoxLVL4.GreyBoxLVL4:PersistentLevel.GreyBoxLVL4' with GeneratedClass '/Game/Levels/GreyBoxLVL4.GreyBoxLVL4_C' with ClassGeneratedBy '/Game/Levels/GreyBoxLVL4.GreyBoxLVL4:PersistentLevel.GreyBoxLVL4'
[2020.02.27-18.18.16:687][270]LogPlayLevel: PlayLevel: No blueprints needed recompiling
[2020.02.27-18.18.16:687][270]PIE: New page: PIE session: GreyBoxLVL4 (Feb 27, 2020, 8:18:16 AM)
[2020.02.27-18.18.16:687][270]LogPlayLevel: Creating play world package: /Game/Levels/UEDPIE_0_GreyBoxLVL4
[2020.02.27-18.18.17:302][270]LogPlayLevel: PIE: StaticDuplicateObject took: (0.613687s)
[2020.02.27-18.18.17:303][270]LogAIModule: Creating AISystem for world GreyBoxLVL4
[2020.02.27-18.18.17:303][270]LogPlayLevel: PIE: World Init took: (0.000982s)
[2020.02.27-18.18.17:304][270]LogPlayLevel: PIE: Created PIE world by copying editor world from /Game/Levels/GreyBoxLVL4.GreyBoxLVL4 to /Game/Levels/UEDPIE_0_GreyBoxLVL4.GreyBoxLVL4 (0.616087s)
[2020.02.27-18.18.17:419][270]LogUObjectHash: Compacting FUObjectHashTables data took   6.07ms
[2020.02.27-18.18.17:458][270]LogInit: XAudio2 using 'Speakers (Realtek High Definition Audio)' : 6 channels at 48 kHz using 32 bits per sample (channel mask 0x3f)
[2020.02.27-18.18.17:646][270]LogInit: FAudioDevice initialized.
[2020.02.27-18.18.17:706][270]LogLoad: Game class is 'FirstPersonGameMode_C'
[2020.02.27-18.18.17:888][270]LogWorld: Bringing World /Game/Levels/UEDPIE_0_GreyBoxLVL4.GreyBoxLVL4 up for play (max tick rate 60) at 2020.02.27-13.18.17
[2020.02.27-18.18.17:895][270]LogWorld: Bringing up level for play took: 0.187043
[2020.02.27-18.18.17:916][270]LogScript: Warning: Script Msg: Attempted to access index 0 from array 'CallFunc_GetAllActorsOfClass_OutActors' of length 0 in '/Game/BP/Log.Log_C:ExecuteUbergraph_Log'!
[2020.02.27-18.18.17:917][270]LogScript: Warning: Script Msg: Attempted to access index 0 from array 'CallFunc_GetAllActorsOfClass_OutActors' of length 0 in '/Game/FinishStopper.FinishStopper_C:ExecuteUbergraph_FinishStopper'!
[2020.02.27-18.18.17:917][270]LogScript: Warning: Script Msg: Attempted to access index 0 from array 'CallFunc_GetAllActorsOfClass_OutActors' of length 0 in '/Game/BP/Checkpoint.Checkpoint_C:ExecuteUbergraph_Checkpoint'!
[2020.02.27-18.18.17:918][270]LogScript: Warning: Script Msg: Attempted to access index 0 from array 'CallFunc_GetAllActorsOfClass_OutActors' of length 0 in '/Game/BP/Checkpoint.Checkpoint_C:ExecuteUbergraph_Checkpoint'!
[2020.02.27-18.18.17:918][270]LogScript: Warning: Script Msg: Attempted to access index 0 from array 'CallFunc_GetAllActorsOfClass_OutActors' of length 0 in '/Game/BP/OutroTrigger.OutroTrigger_C:ExecuteUbergraph_OutroTrigger'!
[2020.02.27-18.18.17:919][270]LogScript: Warning: Script Msg: Attempted to access index 0 from array 'CallFunc_GetAllActorsOfClass_OutActors' of length 0 in '/Game/BP/InteractiveLog.InteractiveLog_C:ExecuteUbergraph_InteractiveLog'!
[2020.02.27-18.18.17:919][270]LogScript: Warning: Script Msg: Attempted to access index 0 from array 'CallFunc_GetAllActorsOfClass_OutActors' of length 0 in '/Game/BP/Respawn.Respawn_C:ExecuteUbergraph_Respawn'!
[2020.02.27-18.18.17:920][270]LogScript: Warning: Script Msg: Attempted to access index 0 from array 'CallFunc_GetAllActorsOfClass_OutActors' of length 0 in '/Game/BP/Respawn.Respawn_C:ExecuteUbergraph_Respawn'!
[2020.02.27-18.18.17:924][270]PIE: Play in editor start time for /Game/Levels/UEDPIE_0_GreyBoxLVL4 1.016
[2020.02.27-18.18.17:925][270]LogBlueprintUserMessages: Late PlayInEditor Detection: Level '/Game/Levels/GreyBoxLVL4.GreyBoxLVL4:PersistentLevel' has LevelScriptBlueprint '/Game/Levels/GreyBoxLVL4.GreyBoxLVL4:PersistentLevel.GreyBoxLVL4' with GeneratedClass '/Game/Levels/GreyBoxLVL4.GreyBoxLVL4_C' with ClassGeneratedBy '/Game/Levels/GreyBoxLVL4.GreyBoxLVL4:PersistentLevel.GreyBoxLVL4'
[2020.02.27-18.18.38:722][506]LogBlueprintUserMessages: Early EndPlayMap Detection: Level '/Game/Levels/GreyBoxLVL4.GreyBoxLVL4:PersistentLevel' has LevelScriptBlueprint '/Game/Levels/GreyBoxLVL4.GreyBoxLVL4:PersistentLevel.GreyBoxLVL4' with GeneratedClass '/Game/Levels/GreyBoxLVL4.GreyBoxLVL4_C' with ClassGeneratedBy '/Game/Levels/GreyBoxLVL4.GreyBoxLVL4:PersistentLevel.GreyBoxLVL4'
[2020.02.27-18.18.38:723][506]LogSlate: Updating window title bar state: overlay mode, drag disabled, window buttons hidden, title bar hidden
[2020.02.27-18.18.38:804][506]LogPlayLevel: Display: Shutting down PIE online subsystems
[2020.02.27-18.18.38:805][506]LogBlueprintUserMessages: Late EndPlayMap Detection: Level '/Game/Levels/GreyBoxLVL4.GreyBoxLVL4:PersistentLevel' has LevelScriptBlueprint '/Game/Levels/GreyBoxLVL4.GreyBoxLVL4:PersistentLevel.GreyBoxLVL4' with GeneratedClass '/Game/Levels/GreyBoxLVL4.GreyBoxLVL4_C' with ClassGeneratedBy '/Game/Levels/GreyBoxLVL4.GreyBoxLVL4:PersistentLevel.GreyBoxLVL4'
[2020.02.27-18.18.38:855][506]LogSlate: Updating window title bar state: overlay mode, drag disabled, window buttons hidden, title bar hidden
[2020.02.27-18.18.39:236][506]LogUObjectHash: Compacting FUObjectHashTables data took   4.84ms
[2020.02.27-18.18.39:265][507]LogPlayLevel: Display: Destroying online subsystem :Context_28
[2020.02.27-18.18.40:984][608]LogSlate: FSceneViewport::OnFocusLost() reason 0
[2020.02.27-18.18.41:099][614]LogAssetEditorManager: Opening Asset editor for WidgetBlueprint /Game/UI/Counter.Counter
[2020.02.27-18.18.50:280][ 98]BlueprintLog: New page: Compile Counter
[2020.02.27-18.18.50:361][ 98]LogUObjectHash: Compacting FUObjectHashTables data took   6.14ms
[2020.02.27-18.18.50:973][118]Cmd: OBJ SAVEPACKAGE PACKAGE="/Game/UI/Counter" FILE="C:/SeniorProject/PollutionProject/SeniorProject/Content/UI/Counter.uasset" SILENT=true
[2020.02.27-18.18.51:167][118]LogSavePackage: Moving 'C:/SeniorProject/PollutionProject/SeniorProject/Saved/CounterBB7B9BDA43265795BB37E5B5E6DB4C9F.tmp' to 'C:/SeniorProject/PollutionProject/SeniorProject/Content/UI/Counter.uasset'
[2020.02.27-18.18.55:119][281]LogUObjectHash: Compacting FUObjectHashTables data took   4.48ms
[2020.02.27-18.18.56:011][334]LogSlate: Window 'Tutorials' being destroyed
[2020.02.27-18.18.56:021][334]LogSlate: Window 'Tutorials' being destroyed
[2020.02.27-19.02.46:262][469]LogUnrealEdMisc: Warning: Heartbeat event firing too frequently (0.000 sec). This should never happen. Something is wrong with the timer delegate!
[2020.02.27-19.02.46:264][469]LogUnrealEdMisc: Warning: Heartbeat event firing too frequently (0.002 sec). This should never happen. Something is wrong with the timer delegate!
[2020.02.27-19.02.46:264][469]LogUnrealEdMisc: Warning: Heartbeat event firing too frequently (0.003 sec). This should never happen. Something is wrong with the timer delegate!
[2020.02.27-19.02.46:264][469]LogUnrealEdMisc: Warning: Heartbeat event firing too frequently (0.003 sec). This should never happen. Something is wrong with the timer delegate!
[2020.02.27-19.02.46:265][469]LogUnrealEdMisc: Warning: Heartbeat event firing too frequently (0.003 sec). This should never happen. Something is wrong with the timer delegate!
[2020.02.27-19.02.46:265][469]LogUnrealEdMisc: Warning: Heartbeat event firing too frequently (0.004 sec). This should never happen. Something is wrong with the timer delegate!
[2020.02.27-19.02.46:265][469]LogUnrealEdMisc: Warning: Heartbeat event firing too frequently (0.004 sec). This should never happen. Something is wrong with the timer delegate!
[2020.02.27-19.02.46:266][469]LogUnrealEdMisc: Warning: Heartbeat event firing too frequently (0.004 sec). This should never happen. Something is wrong with the timer delegate!
[2020.02.27-19.02.46:266][469]LogUnrealEdMisc: Warning: Heartbeat event firing too frequently (0.005 sec). This should never happen. Something is wrong with the timer delegate!
[2020.02.27-19.02.46:267][469]LogUnrealEdMisc: Warning: Heartbeat event firing too frequently (0.005 sec). This should never happen. Something is wrong with the timer delegate!
[2020.02.27-19.02.46:267][469]LogUnrealEdMisc: Warning: Heartbeat event firing too frequently (0.005 sec). This should never happen. Something is wrong with the timer delegate!
[2020.02.27-19.02.46:267][469]LogUnrealEdMisc: Warning: Heartbeat event firing too frequently (0.006 sec). This should never happen. Something is wrong with the timer delegate!
[2020.02.27-19.02.46:268][469]LogUnrealEdMisc: Warning: Heartbeat event firing too frequently (0.006 sec). This should never happen. Something is wrong with the timer delegate!
[2020.02.27-19.02.46:268][469]LogUnrealEdMisc: Warning: Heartbeat event firing too frequently (0.006 sec). This should never happen. Something is wrong with the timer delegate!
[2020.02.27-19.02.46:268][469]LogUnrealEdMisc: Warning: Heartbeat event firing too frequently (0.007 sec). This should never happen. Something is wrong with the timer delegate!
[2020.02.27-19.02.46:269][469]LogUnrealEdMisc: Warning: Heartbeat event firing too frequently (0.007 sec). This should never happen. Something is wrong with the timer delegate!
[2020.02.27-19.02.46:269][469]LogUnrealEdMisc: Warning: Heartbeat event firing too frequently (0.007 sec). This should never happen. Something is wrong with the timer delegate!
[2020.02.27-19.02.46:269][469]LogUnrealEdMisc: Warning: Heartbeat event firing too frequently (0.008 sec). This should never happen. Something is wrong with the timer delegate!
[2020.02.27-19.02.46:270][469]LogUnrealEdMisc: Warning: Heartbeat event firing too frequently (0.008 sec). This should never happen. Something is wrong with the timer delegate!
[2020.02.27-19.02.46:270][469]LogUnrealEdMisc: Warning: Heartbeat event firing too frequently (0.008 sec). This should never happen. Something is wrong with the timer delegate!
[2020.02.27-19.02.46:270][469]LogUnrealEdMisc: Warning: Heartbeat event firing too frequently (0.009 sec). This should never happen. Something is wrong with the timer delegate!
[2020.02.27-19.02.46:271][469]LogUnrealEdMisc: Warning: Heartbeat event firing too frequently (0.009 sec). This should never happen. Something is wrong with the timer delegate!
[2020.02.27-19.02.46:271][469]LogUnrealEdMisc: Warning: Heartbeat event firing too frequently (0.009 sec). This should never happen. Something is wrong with the timer delegate!
[2020.02.27-19.02.46:271][469]LogUnrealEdMisc: Warning: Heartbeat event firing too frequently (0.010 sec). This should never happen. Something is wrong with the timer delegate!
[2020.02.27-19.02.46:272][469]LogUnrealEdMisc: Warning: Heartbeat event firing too frequently (0.010 sec). This should never happen. Something is wrong with the timer delegate!
[2020.02.27-19.02.46:272][469]LogUnrealEdMisc: Warning: Heartbeat event firing too frequently (0.010 sec). This should never happen. Something is wrong with the timer delegate!
[2020.02.27-19.02.46:272][469]LogUnrealEdMisc: Warning: Heartbeat event firing too frequently (0.011 sec). This should never happen. Something is wrong with the timer delegate!
[2020.02.27-19.02.46:272][469]LogUnrealEdMisc: Warning: Heartbeat event firing too frequently (0.011 sec). This should never happen. Something is wrong with the timer delegate!
[2020.02.27-19.02.46:273][469]LogUnrealEdMisc: Warning: Heartbeat event firing too frequently (0.011 sec). This should never happen. Something is wrong with the timer delegate!
[2020.02.27-19.02.46:273][469]LogUnrealEdMisc: Warning: Heartbeat event firing too frequently (0.011 sec). This should never happen. Something is wrong with the timer delegate!
[2020.02.27-19.02.46:273][469]LogUnrealEdMisc: Warning: Heartbeat event firing too frequently (0.012 sec). This should never happen. Something is wrong with the timer delegate!
[2020.02.27-19.02.46:274][469]LogUnrealEdMisc: Warning: Heartbeat event firing too frequently (0.012 sec). This should never happen. Something is wrong with the timer delegate!
[2020.02.27-19.02.46:274][469]LogUnrealEdMisc: Warning: Heartbeat event firing too frequently (0.012 sec). This should never happen. Something is wrong with the timer delegate!
[2020.02.27-19.02.46:274][469]LogUnrealEdMisc: Warning: Heartbeat event firing too frequently (0.013 sec). This should never happen. Something is wrong with the timer delegate!
[2020.02.27-19.02.46:275][469]LogUnrealEdMisc: Warning: Heartbeat event firing too frequently (0.013 sec). This should never happen. Something is wrong with the timer delegate!
[2020.02.27-19.02.46:275][469]LogUnrealEdMisc: Warning: Heartbeat event firing too frequently (0.014 sec). This should never happen. Something is wrong with the timer delegate!
[2020.02.27-19.02.46:275][469]LogUnrealEdMisc: Warning: Heartbeat event firing too frequently (0.014 sec). This should never happen. Something is wrong with the timer delegate!
[2020.02.27-19.02.46:276][469]LogUnrealEdMisc: Warning: Heartbeat event firing too frequently (0.014 sec). This should never happen. Something is wrong with the timer delegate!
[2020.02.27-19.02.46:276][469]LogUnrealEdMisc: Warning: Heartbeat event firing too frequently (0.014 sec). This should never happen. Something is wrong with the timer delegate!
[2020.02.27-19.02.46:276][469]LogUnrealEdMisc: Warning: Heartbeat event firing too frequently (0.015 sec). This should never happen. Something is wrong with the timer delegate!
[2020.02.27-19.02.46:277][469]LogUnrealEdMisc: Warning: Heartbeat event firing too frequently (0.015 sec). This should never happen. Something is wrong with the timer delegate!
[2020.02.27-19.02.46:277][469]LogUnrealEdMisc: Warning: Heartbeat event firing too frequently (0.015 sec). This should never happen. Something is wrong with the timer delegate!
[2020.02.27-19.02.46:277][469]LogUnrealEdMisc: Warning: Heartbeat event firing too frequently (0.016 sec). This should never happen. Something is wrong with the timer delegate!
[2020.02.27-19.03.06:012][528]LogHttp: Warning: 0000029280952200: request failed, libcurl error: 56 (Failure when receiving data from the peer)
[2020.02.27-19.03.06:013][528]LogHttp: Warning: 0000029280952200: libcurl info message cache 0 (Found bundle for host datarouter.ol.epicgames.com: 0x29269e93f70 [can pipeline])
[2020.02.27-19.03.06:013][528]LogHttp: Warning: 0000029280952200: libcurl info message cache 1 (Re-using existing connection! (#7) with host datarouter.ol.epicgames.com)
[2020.02.27-19.03.06:013][528]LogHttp: Warning: 0000029280952200: libcurl info message cache 2 (Connected to datarouter.ol.epicgames.com (107.23.43.8) port 443 (#7))
[2020.02.27-19.03.06:014][528]LogHttp: Warning: 0000029280952200: libcurl info message cache 3 (We are completely uploaded and fine)
[2020.02.27-19.03.06:014][528]LogHttp: Warning: 0000029280952200: libcurl info message cache 4 (OpenSSL SSL_read: SSL_ERROR_SYSCALL, errno 10054)
[2020.02.27-19.03.06:014][528]LogHttp: Warning: 0000029280952200: libcurl info message cache 5 (Connection died, retrying a fresh connect)
[2020.02.27-19.03.06:015][528]LogHttp: Warning: 0000029280952200: libcurl info message cache 6 (necessary data rewind wasn't possible)
[2020.02.27-19.03.06:015][528]LogHttp: Warning: 0000029280952200: libcurl info message cache 7 (Closing connection 7)
[2020.02.27-19.03.06:016][528]LogHttp: Warning: Retry exhausted on https://datarouter.ol.epicgames.com/datarouter/api/v1/public/data?SessionID=%7B4E6CABBD-4CC2-2822-2921-108578124510%7D&AppID=UEEditor.Rocket.Release&AppVersion=4.22.3-7053642%2B%2B%2BUE4%2BRelease-4.22&UserID=c556d04641ecb1056f34ce8eff86b63d%7C2e8b1b4f078b4bcfacfd31f9b30f3716%7C739a22ef-b861-424e-8f5f-67a441350325&AppEnvironment=datacollector-binary&UploadType=eteventstream
[2020.02.27-19.03.34:331][612]LogUnrealEdMisc: Warning: Heartbeat event firing too frequently (48.070 sec). This should never happen. Something is wrong with the timer delegate!
[2020.02.27-19.04.11:563][720]LogEditorViewport: Clicking on Actor (LMB): Emitter (FloatingXButton23)
[2020.02.27-19.04.12:863][720]LogEditorViewport: Clicking on Actor (LMB): StaticMeshActor (GB_Building32)
[2020.02.27-19.04.14:995][722]LogSlate: FSceneViewport::OnFocusLost() reason 0
[2020.02.27-19.04.15:844][745]LogEditorViewport: Clicking on Actor (LMB): Emitter (FloatingXButton23)
[2020.02.27-19.04.16:007][746]Cmd: SELECT NONE
[2020.02.27-19.04.20:376][746]LogSlate: FSceneViewport::OnFocusLost() reason 2
[2020.02.27-19.04.25:991][814]LogUObjectHash: Compacting FUObjectHashTables data took  13.94ms
