Log file open, 05/06/20 19:23:03
LogWindows: Failed to load 'aqProf.dll' (GetLastError=126)
LogWindows: File 'aqProf.dll' does not exist
LogWindows: Failed to load 'VtuneApi.dll' (GetLastError=126)
LogWindows: File 'VtuneApi.dll' does not exist
LogWindows: Failed to load 'VtuneApi32e.dll' (GetLastError=126)
LogWindows: File 'VtuneApi32e.dll' does not exist
LogConsoleResponse: Display: Failed to find resolution value strings in scalability ini. Falling back to default.
LogInit: Display: Running engine for game: SeniorProject
LogPakFile: Registered encryption key '00000000000000000000000000000000': 0 pak files mounted, 0 remain pending
LogPlatformFile: Not using cached read wrapper
LogTaskGraph: Started task graph with 5 named threads and 23 total threads with 3 sets of task threads.
LogStats: Stats thread started at 0.426965
LogD3D11RHI: Loaded GFSDK_Aftermath_Lib.x64.dll
LogICUInternationalization: ICU TimeZone Detection - Raw Offset: -5:00, Platform Override: ''
LogPluginManager: Mounting plugin Paper2D
LogPluginManager: Mounting plugin AISupport
LogPluginManager: Mounting plugin LightPropagationVolume
LogPluginManager: Mounting plugin ActorLayerUtilities
LogPluginManager: Mounting plugin AnimationSharing
LogPluginManager: Mounting plugin CLionSourceCodeAccess
LogPluginManager: Mounting plugin CodeLiteSourceCodeAccess
LogPluginManager: Mounting plugin GitSourceControl
LogPluginManager: Mounting plugin KDevelopSourceCodeAccess
LogPluginManager: Mounting plugin NullSourceCodeAccess
LogPluginManager: Mounting plugin PerforceSourceControl
LogPluginManager: Mounting plugin SubversionSourceControl
LogPluginManager: Mounting plugin UObjectPlugin
LogPluginManager: Mounting plugin VisualStudioCodeSourceCodeAccess
LogPluginManager: Mounting plugin VisualStudioSourceCodeAccess
LogPluginManager: Mounting plugin XCodeSourceCodeAccess
LogPluginManager: Mounting plugin AssetManagerEditor
LogPluginManager: Mounting plugin CryptoKeys
LogPluginManager: Mounting plugin DataValidation
LogPluginManager: Mounting plugin EditorScriptingUtilities
LogPluginManager: Mounting plugin FacialAnimation
LogPluginManager: Mounting plugin GameplayTagsEditor
LogPluginManager: Mounting plugin GLTFImporter
LogPluginManager: Mounting plugin MacGraphicsSwitching
LogPluginManager: Mounting plugin MaterialAnalyzer
LogPluginManager: Mounting plugin MeshEditor
LogPluginManager: Mounting plugin MobileLauncherProfileWizard
LogPluginManager: Mounting plugin PluginBrowser
LogPluginManager: Mounting plugin SpeedTreeImporter
LogPluginManager: Mounting plugin DatasmithContent
LogPluginManager: Mounting plugin VariantManagerContent
LogPluginManager: Mounting plugin AlembicImporter
LogPluginManager: Mounting plugin AppleImageUtils
LogPluginManager: Mounting plugin AppleVision
LogPluginManager: Mounting plugin BackChannel
LogPluginManager: Mounting plugin BlastPlugin
LogPluginManager: Mounting plugin ChaosSolverPlugin
LogPluginManager: Mounting plugin CharacterAI
LogPluginManager: Mounting plugin GeometryCache
LogPluginManager: Mounting plugin GeometryCollectionPlugin
LogPluginManager: Mounting plugin HTML5Networking
LogPluginManager: Mounting plugin ProxyLODPlugin
LogPluginManager: Mounting plugin SkeletalReduction
LogPluginManager: Mounting plugin MagicLeap
LogPluginManager: Mounting plugin MagicLeapMedia
LogPluginManager: Mounting plugin AndroidMedia
LogPluginManager: Mounting plugin AvfMedia
LogPluginManager: Mounting plugin ImgMedia
LogPluginManager: Mounting plugin LinearTimecode
LogPluginManager: Mounting plugin MediaCompositing
LogPluginManager: Mounting plugin MediaPlayerEditor
LogPluginManager: Mounting plugin WebMMedia
LogPluginManager: Mounting plugin WmfMedia
LogPluginManager: Mounting plugin TcpMessaging
LogPluginManager: Mounting plugin UdpMessaging
LogPluginManager: Mounting plugin ActorSequence
LogPluginManager: Mounting plugin LevelSequenceEditor
LogPluginManager: Mounting plugin MatineeToLevelSequence
LogPluginManager: Mounting plugin NetcodeUnitTest
LogPluginManager: Mounting plugin NUTUnrealEngine4
LogPluginManager: Mounting plugin OnlineSubsystemGooglePlay
LogPluginManager: Mounting plugin OnlineSubsystemIOS
LogPluginManager: Mounting plugin OnlineSubsystem
LogPluginManager: Mounting plugin OnlineSubsystemNull
LogPluginManager: Mounting plugin OnlineSubsystemUtils
LogPluginManager: Mounting plugin LauncherChunkInstaller
LogPluginManager: Mounting plugin AndroidDeviceProfileSelector
LogPluginManager: Mounting plugin AndroidMoviePlayer
LogPluginManager: Mounting plugin AndroidPermission
LogPluginManager: Mounting plugin AppleMoviePlayer
LogPluginManager: Mounting plugin ArchVisCharacter
LogPluginManager: Mounting plugin AudioCapture
LogPluginManager: Mounting plugin CableComponent
LogPluginManager: Mounting plugin CustomMeshComponent
LogPluginManager: Mounting plugin EditableMesh
LogPluginManager: Mounting plugin ExampleDeviceProfileSelector
LogPluginManager: Mounting plugin Firebase
LogPluginManager: Mounting plugin GoogleCloudMessaging
LogPluginManager: Mounting plugin IOSDeviceProfileSelector
LogPluginManager: Mounting plugin LinuxDeviceProfileSelector
LogPluginManager: Mounting plugin LocationServicesBPLibrary
LogPluginManager: Mounting plugin MobilePatchingUtils
LogPluginManager: Mounting plugin OculusVR
LogPluginManager: Mounting plugin PhysXVehicles
LogPluginManager: Mounting plugin ProceduralMeshComponent
LogPluginManager: Mounting plugin RuntimePhysXCooking
LogPluginManager: Mounting plugin SignificanceManager
LogPluginManager: Mounting plugin SteamVR
LogPluginManager: Mounting plugin WebMMoviePlayer
LogPluginManager: Mounting plugin WindowsMoviePlayer
LogPluginManager: Mounting plugin DatasmithCADImporter
LogPluginManager: Mounting plugin DatasmithDataPrepEditor
LogPluginManager: Mounting plugin DatasmithFBXImporter
LogPluginManager: Mounting plugin DatasmithGLTFImporter
LogPluginManager: Mounting plugin DatasmithImporter
LogPluginManager: Mounting plugin MDLImporter
LogPluginManager: Mounting plugin StaticMeshEditorExtension
LogPluginManager: Mounting plugin VariantManager
LogInit: Using libcurl 7.55.1-DEV
LogInit:  - built for x86_64-pc-win32
LogInit:  - supports SSL with OpenSSL/1.1.1
LogInit:  - supports HTTP deflate (compression) using libz 1.2.8
LogInit:  - other features:
LogInit:      CURL_VERSION_SSL
LogInit:      CURL_VERSION_LIBZ
LogInit:      CURL_VERSION_IPV6
LogInit:      CURL_VERSION_ASYNCHDNS
LogInit:      CURL_VERSION_LARGEFILE
LogInit:      CURL_VERSION_IDN
LogInit:  CurlRequestOptions (configurable via config and command line):
LogInit:  - bVerifyPeer = true  - Libcurl will verify peer certificate
LogInit:  - bUseHttpProxy = false  - Libcurl will NOT use HTTP proxy
LogInit:  - bDontReuseConnections = false  - Libcurl will reuse connections
LogInit:  - MaxHostConnections = 16  - Libcurl will limit the number of connections to a host
LogInit:  - LocalHostAddr = Default
LogInit:  - BufferSize = 65536
LogInit: WinSock: version 1.1 (2.2), MaxSocks=32767, MaxUdp=65467
LogHMD: Failed initializing OVRPlugin 1.32.0
LogInit: Build: ++UE4+Release-4.22-CL-7053642
LogInit: Engine Version: 4.22.3-7053642+++UE4+Release-4.22
LogInit: Compatible Engine Version: 4.22.0-5660361+++UE4+Release-4.22
LogInit: Net CL: 5660361
LogInit: OS: Windows 10 (Release 1903) (), CPU: Intel(R) Core(TM) i7-6700K CPU @ 4.00GHz, GPU: NVIDIA GeForce RTX 2080
LogInit: Compiled (64-bit): Jun 18 2019 03:09:11
LogInit: Compiled with Visual C++: 19.16.27025.01
LogInit: Build Configuration: Development
LogInit: Branch Name: ++UE4+Release-4.22
LogInit: Command Line:  -skipcompile
LogInit: Base Directory: C:/Program Files/Epic Games/UE_4.22/Engine/Binaries/Win64/
LogInit: Installed Engine Build: 1
LogDevObjectVersion: Number of dev versions registered: 23
LogDevObjectVersion:   Dev-Blueprints (B0D832E4-1F89-4F0D-ACCF-7EB736FD4AA2): 10
LogDevObjectVersion:   Dev-Build (E1C64328-A22C-4D53-A36C-8E866417BD8C): 0
LogDevObjectVersion:   Dev-Core (375EC13C-06E4-48FB-B500-84F0262A717E): 3
LogDevObjectVersion:   Dev-Editor (E4B068ED-F494-42E9-A231-DA0B2E46BB41): 30
LogDevObjectVersion:   Dev-Framework (CFFC743F-43B0-4480-9391-14DF171D2073): 35
LogDevObjectVersion:   Dev-Mobile (B02B49B5-BB20-44E9-A304-32B752E40360): 2
LogDevObjectVersion:   Dev-Networking (A4E4105C-59A1-49B5-A7C5-40C4547EDFEE): 0
LogDevObjectVersion:   Dev-Online (39C831C9-5AE6-47DC-9A44-9C173E1C8E7C): 0
LogDevObjectVersion:   Dev-Physics (78F01B33-EBEA-4F98-B9B4-84EACCB95AA2): 0
LogDevObjectVersion:   Dev-Platform (6631380F-2D4D-43E0-8009-CF276956A95A): 0
LogDevObjectVersion:   Dev-Rendering (12F88B9F-8875-4AFC-A67C-D90C383ABD29): 28
LogDevObjectVersion:   Dev-Sequencer (7B5AE74C-D270-4C10-A958-57980B212A5A): 11
LogDevObjectVersion:   Dev-VR (D7296918-1DD6-4BDD-9DE2-64A83CC13884): 2
LogDevObjectVersion:   Dev-LoadTimes (C2A15278-BFE7-4AFE-6C17-90FF531DF755): 1
LogDevObjectVersion:   Private-Geometry (6EACA3D4-40EC-4CC1-B786-8BED09428FC5): 3
LogDevObjectVersion:   Dev-AnimPhys (29E575DD-E0A3-4627-9D10-D276232CDCEA): 17
LogDevObjectVersion:   Dev-Anim (AF43A65D-7FD3-4947-9873-3E8ED9C1BB05): 2
LogDevObjectVersion:   Dev-ReflectionCapture (6B266CEC-1EC7-4B8F-A30B-E4D90942FC07): 1
LogDevObjectVersion:   Dev-Automation (0DF73D61-A23F-47EA-B727-89E90C41499A): 1
LogDevObjectVersion:   FortniteMain (601D1886-AC64-4F84-AA16-D3DE0DEAC7D6): 25
LogDevObjectVersion:   Dev-Enterprise (9DFFBCD6-494F-0158-E221-12823C92A888): 6
LogDevObjectVersion:   Dev-Niagara (F2AED0AC-9AFE-416F-8664-AA7FFA26D6FC): 1
LogDevObjectVersion:   Dev-Destruction (174F1F0B-B4C6-45A5-B13F-2EE8D0FB917D): 2
LogInit: Presizing for max 16777216 objects, including 0 objects not considered by GC, pre-allocating 0 bytes for permanent pool.
LogInit: Object subsystem initialized
LogConfig: Setting CVar [[con.DebugEarlyDefault:1]]
LogConfig: Setting CVar [[r.setres:1280x720]]
[2020.05.06-23.23.04:978][  0]LogConfig: Setting CVar [[r.VSync:0]]
[2020.05.06-23.23.04:978][  0]LogConfig: Setting CVar [[r.RHICmdBypass:0]]
[2020.05.06-23.23.04:979][  0]LogConfig: Applying CVar settings from Section [/Script/Engine.RendererSettings] File [E:/SenProj/PollProj/SeniorProject/Saved/Config/Windows/Engine.ini]
[2020.05.06-23.23.04:979][  0]LogConfig: Setting CVar [[r.GPUCrashDebugging:0]]
[2020.05.06-23.23.04:979][  0]LogConfig: Setting CVar [[r.DefaultFeature.AutoExposure.ExtendDefaultLuminanceRange:1]]
[2020.05.06-23.23.04:979][  0]LogConfig: Setting CVar [[r.GenerateMeshDistanceFields:1]]
[2020.05.06-23.23.04:979][  0]LogConfig: Applying CVar settings from Section [/Script/Engine.RendererOverrideSettings] File [E:/SenProj/PollProj/SeniorProject/Saved/Config/Windows/Engine.ini]
[2020.05.06-23.23.04:979][  0]LogConfig: Applying CVar settings from Section [/Script/Engine.StreamingSettings] File [E:/SenProj/PollProj/SeniorProject/Saved/Config/Windows/Engine.ini]
[2020.05.06-23.23.04:979][  0]LogConfig: Setting CVar [[s.MinBulkDataSizeForAsyncLoading:131072]]
[2020.05.06-23.23.04:979][  0]LogConfig: Setting CVar [[s.AsyncLoadingThreadEnabled:0]]
[2020.05.06-23.23.04:979][  0]LogConfig: Setting CVar [[s.EventDrivenLoaderEnabled:1]]
[2020.05.06-23.23.04:979][  0]LogConfig: Setting CVar [[s.WarnIfTimeLimitExceeded:0]]
[2020.05.06-23.23.04:979][  0]LogConfig: Setting CVar [[s.TimeLimitExceededMultiplier:1.5]]
[2020.05.06-23.23.04:979][  0]LogConfig: Setting CVar [[s.TimeLimitExceededMinTime:0.005]]
[2020.05.06-23.23.04:979][  0]LogConfig: Setting CVar [[s.UseBackgroundLevelStreaming:1]]
[2020.05.06-23.23.04:979][  0]LogConfig: Setting CVar [[s.PriorityAsyncLoadingExtraTime:15.0]]
[2020.05.06-23.23.04:979][  0]LogConfig: Setting CVar [[s.LevelStreamingActorsUpdateTimeLimit:5.0]]
[2020.05.06-23.23.04:980][  0]LogConfig: Setting CVar [[s.PriorityLevelStreamingActorsUpdateExtraTime:5.0]]
[2020.05.06-23.23.04:980][  0]LogConfig: Setting CVar [[s.LevelStreamingComponentsRegistrationGranularity:10]]
[2020.05.06-23.23.04:980][  0]LogConfig: Setting CVar [[s.UnregisterComponentsTimeLimit:1.0]]
[2020.05.06-23.23.04:980][  0]LogConfig: Setting CVar [[s.LevelStreamingComponentsUnregistrationGranularity:5]]
[2020.05.06-23.23.04:980][  0]LogConfig: Applying CVar settings from Section [/Script/Engine.GarbageCollectionSettings] File [E:/SenProj/PollProj/SeniorProject/Saved/Config/Windows/Engine.ini]
[2020.05.06-23.23.04:980][  0]LogConfig: Setting CVar [[gc.MaxObjectsNotConsideredByGC:1]]
[2020.05.06-23.23.04:980][  0]LogConfig: Setting CVar [[gc.SizeOfPermanentObjectPool:0]]
[2020.05.06-23.23.04:980][  0]LogConfig: Setting CVar [[gc.FlushStreamingOnGC:0]]
[2020.05.06-23.23.04:980][  0]LogConfig: Setting CVar [[gc.NumRetriesBeforeForcingGC:10]]
[2020.05.06-23.23.04:980][  0]LogConfig: Setting CVar [[gc.AllowParallelGC:1]]
[2020.05.06-23.23.04:980][  0]LogConfig: Setting CVar [[gc.TimeBetweenPurgingPendingKillObjects:61.1]]
[2020.05.06-23.23.04:980][  0]LogConfig: Setting CVar [[gc.MaxObjectsInEditor:16777216]]
[2020.05.06-23.23.04:980][  0]LogConfig: Setting CVar [[gc.IncrementalBeginDestroyEnabled:1]]
[2020.05.06-23.23.04:981][  0]LogConfig: Setting CVar [[gc.CreateGCClusters:1]]
[2020.05.06-23.23.04:981][  0]LogConfig: Setting CVar [[gc.MinGCClusterSize:5]]
[2020.05.06-23.23.04:981][  0]LogConfig: Setting CVar [[gc.ActorClusteringEnabled:0]]
[2020.05.06-23.23.04:981][  0]LogConfig: Setting CVar [[gc.BlueprintClusteringEnabled:0]]
[2020.05.06-23.23.04:981][  0]LogConfig: Setting CVar [[gc.UseDisregardForGCOnDedicatedServers:0]]
[2020.05.06-23.23.04:981][  0]LogConfig: Applying CVar settings from Section [/Script/Engine.NetworkSettings] File [E:/SenProj/PollProj/SeniorProject/Saved/Config/Windows/Engine.ini]
[2020.05.06-23.23.04:981][  0]LogConfig: Applying CVar settings from Section [/Script/UnrealEd.CookerSettings] File [E:/SenProj/PollProj/SeniorProject/Saved/Config/Windows/Engine.ini]
[2020.05.06-23.23.05:012][  0]LogConfig: Applying CVar settings from Section [ViewDistanceQuality@3] File [E:/SenProj/PollProj/SeniorProject/Saved/Config/Windows/Scalability.ini]
[2020.05.06-23.23.05:012][  0]LogConfig: Setting CVar [[r.SkeletalMeshLODBias:0]]
[2020.05.06-23.23.05:013][  0]LogConfig: Setting CVar [[r.ViewDistanceScale:1.0]]
[2020.05.06-23.23.05:013][  0]LogConfig: Applying CVar settings from Section [AntiAliasingQuality@3] File [E:/SenProj/PollProj/SeniorProject/Saved/Config/Windows/Scalability.ini]
[2020.05.06-23.23.05:013][  0]LogConfig: Setting CVar [[r.PostProcessAAQuality:4]]
[2020.05.06-23.23.05:013][  0]LogConfig: Applying CVar settings from Section [ShadowQuality@3] File [E:/SenProj/PollProj/SeniorProject/Saved/Config/Windows/Scalability.ini]
[2020.05.06-23.23.05:013][  0]LogConfig: Setting CVar [[r.LightFunctionQuality:1]]
[2020.05.06-23.23.05:013][  0]LogConfig: Setting CVar [[r.ShadowQuality:5]]
[2020.05.06-23.23.05:013][  0]LogConfig: Setting CVar [[r.Shadow.CSM.MaxCascades:10]]
[2020.05.06-23.23.05:013][  0]LogConfig: Setting CVar [[r.Shadow.MaxResolution:2048]]
[2020.05.06-23.23.05:013][  0]LogConfig: Setting CVar [[r.Shadow.MaxCSMResolution:2048]]
[2020.05.06-23.23.05:013][  0]LogConfig: Setting CVar [[r.Shadow.RadiusThreshold:0.01]]
[2020.05.06-23.23.05:013][  0]LogConfig: Setting CVar [[r.Shadow.DistanceScale:1.0]]
[2020.05.06-23.23.05:013][  0]LogConfig: Setting CVar [[r.Shadow.CSM.TransitionScale:1.0]]
[2020.05.06-23.23.05:013][  0]LogConfig: Setting CVar [[r.Shadow.PreShadowResolutionFactor:1.0]]
[2020.05.06-23.23.05:013][  0]LogConfig: Setting CVar [[r.DistanceFieldShadowing:1]]
[2020.05.06-23.23.05:013][  0]LogConfig: Setting CVar [[r.DistanceFieldAO:1]]
[2020.05.06-23.23.05:014][  0]LogConfig: Setting CVar [[r.AOQuality:2]]
[2020.05.06-23.23.05:014][  0]LogConfig: Setting CVar [[r.VolumetricFog:1]]
[2020.05.06-23.23.05:014][  0]LogConfig: Setting CVar [[r.VolumetricFog.GridPixelSize:8]]
[2020.05.06-23.23.05:014][  0]LogConfig: Setting CVar [[r.VolumetricFog.GridSizeZ:128]]
[2020.05.06-23.23.05:014][  0]LogConfig: Setting CVar [[r.VolumetricFog.HistoryMissSupersampleCount:4]]
[2020.05.06-23.23.05:014][  0]LogConfig: Setting CVar [[r.LightMaxDrawDistanceScale:1]]
[2020.05.06-23.23.05:014][  0]LogConfig: Setting CVar [[r.CapsuleShadows:1]]
[2020.05.06-23.23.05:014][  0]LogConfig: Applying CVar settings from Section [PostProcessQuality@3] File [E:/SenProj/PollProj/SeniorProject/Saved/Config/Windows/Scalability.ini]
[2020.05.06-23.23.05:014][  0]LogConfig: Setting CVar [[r.MotionBlurQuality:4]]
[2020.05.06-23.23.05:014][  0]LogConfig: Setting CVar [[r.AmbientOcclusionMipLevelFactor:0.4]]
[2020.05.06-23.23.05:014][  0]LogConfig: Setting CVar [[r.AmbientOcclusionMaxQuality:100]]
[2020.05.06-23.23.05:014][  0]LogConfig: Setting CVar [[r.AmbientOcclusionLevels:-1]]
[2020.05.06-23.23.05:014][  0]LogConfig: Setting CVar [[r.AmbientOcclusionRadiusScale:1.0]]
[2020.05.06-23.23.05:014][  0]LogConfig: Setting CVar [[r.DepthOfFieldQuality:2]]
[2020.05.06-23.23.05:014][  0]LogConfig: Setting CVar [[r.RenderTargetPoolMin:400]]
[2020.05.06-23.23.05:014][  0]LogConfig: Setting CVar [[r.LensFlareQuality:2]]
[2020.05.06-23.23.05:014][  0]LogConfig: Setting CVar [[r.SceneColorFringeQuality:1]]
[2020.05.06-23.23.05:015][  0]LogConfig: Setting CVar [[r.EyeAdaptationQuality:2]]
[2020.05.06-23.23.05:015][  0]LogConfig: Setting CVar [[r.BloomQuality:5]]
[2020.05.06-23.23.05:015][  0]LogConfig: Setting CVar [[r.FastBlurThreshold:100]]
[2020.05.06-23.23.05:015][  0]LogConfig: Setting CVar [[r.Upscale.Quality:3]]
[2020.05.06-23.23.05:015][  0]LogConfig: Setting CVar [[r.Tonemapper.GrainQuantization:1]]
[2020.05.06-23.23.05:015][  0]LogConfig: Setting CVar [[r.LightShaftQuality:1]]
[2020.05.06-23.23.05:015][  0]LogConfig: Setting CVar [[r.Filter.SizeScale:1]]
[2020.05.06-23.23.05:015][  0]LogConfig: Setting CVar [[r.Tonemapper.Quality:5]]
[2020.05.06-23.23.05:015][  0]LogConfig: Setting CVar [[r.DOF.Gather.AccumulatorQuality:1        ; higher gathering accumulator quality]]
[2020.05.06-23.23.05:015][  0]LogConfig: Setting CVar [[r.DOF.Gather.PostfilterMethod:1          ; Median3x3 postfilering method]]
[2020.05.06-23.23.05:015][  0]LogConfig: Setting CVar [[r.DOF.Gather.EnableBokehSettings:0       ; no bokeh simulation when gathering]]
[2020.05.06-23.23.05:015][  0]LogConfig: Setting CVar [[r.DOF.Gather.RingCount:4                 ; medium number of samples when gathering]]
[2020.05.06-23.23.05:015][  0]LogConfig: Setting CVar [[r.DOF.Scatter.ForegroundCompositing:1    ; additive foreground scattering]]
[2020.05.06-23.23.05:015][  0]LogConfig: Setting CVar [[r.DOF.Scatter.BackgroundCompositing:2    ; additive background scattering]]
[2020.05.06-23.23.05:015][  0]LogConfig: Setting CVar [[r.DOF.Scatter.EnableBokehSettings:1      ; bokeh simulation when scattering]]
[2020.05.06-23.23.05:015][  0]LogConfig: Setting CVar [[r.DOF.Scatter.MaxSpriteRatio:0.1         ; only a maximum of 10% of scattered bokeh]]
[2020.05.06-23.23.05:015][  0]LogConfig: Setting CVar [[r.DOF.Recombine.Quality:1                ; cheap slight out of focus]]
[2020.05.06-23.23.05:016][  0]LogConfig: Setting CVar [[r.DOF.Recombine.EnableBokehSettings:0    ; no bokeh simulation on slight out of focus]]
[2020.05.06-23.23.05:016][  0]LogConfig: Setting CVar [[r.DOF.TemporalAAQuality:1                ; more stable temporal accumulation]]
[2020.05.06-23.23.05:016][  0]LogConfig: Setting CVar [[r.DOF.Kernel.MaxForegroundRadius:0.025]]
[2020.05.06-23.23.05:016][  0]LogConfig: Setting CVar [[r.DOF.Kernel.MaxBackgroundRadius:0.025]]
[2020.05.06-23.23.05:016][  0]LogConfig: Applying CVar settings from Section [TextureQuality@3] File [E:/SenProj/PollProj/SeniorProject/Saved/Config/Windows/Scalability.ini]
[2020.05.06-23.23.05:016][  0]LogConfig: Setting CVar [[r.Streaming.MipBias:0]]
[2020.05.06-23.23.05:016][  0]LogConfig: Setting CVar [[r.Streaming.AmortizeCPUToGPUCopy:0]]
[2020.05.06-23.23.05:016][  0]LogConfig: Setting CVar [[r.Streaming.MaxNumTexturesToStreamPerFrame:0]]
[2020.05.06-23.23.05:016][  0]LogConfig: Setting CVar [[r.Streaming.Boost:1]]
[2020.05.06-23.23.05:016][  0]LogConfig: Setting CVar [[r.MaxAnisotropy:8]]
[2020.05.06-23.23.05:016][  0]LogConfig: Setting CVar [[r.Streaming.LimitPoolSizeToVRAM:0]]
[2020.05.06-23.23.05:016][  0]LogConfig: Setting CVar [[r.Streaming.PoolSize:1000]]
[2020.05.06-23.23.05:016][  0]LogConfig: Setting CVar [[r.Streaming.MaxEffectiveScreenSize:0]]
[2020.05.06-23.23.05:016][  0]LogConfig: Applying CVar settings from Section [EffectsQuality@3] File [E:/SenProj/PollProj/SeniorProject/Saved/Config/Windows/Scalability.ini]
[2020.05.06-23.23.05:016][  0]LogConfig: Setting CVar [[r.TranslucencyLightingVolumeDim:64]]
[2020.05.06-23.23.05:016][  0]LogConfig: Setting CVar [[r.RefractionQuality:2]]
[2020.05.06-23.23.05:016][  0]LogConfig: Setting CVar [[r.SSR.Quality:3]]
[2020.05.06-23.23.05:017][  0]LogConfig: Setting CVar [[r.SceneColorFormat:4]]
[2020.05.06-23.23.05:017][  0]LogConfig: Setting CVar [[r.DetailMode:2]]
[2020.05.06-23.23.05:017][  0]LogConfig: Setting CVar [[r.TranslucencyVolumeBlur:1]]
[2020.05.06-23.23.05:017][  0]LogConfig: Setting CVar [[r.MaterialQualityLevel:1 ; High quality]]
[2020.05.06-23.23.05:017][  0]LogConfig: Setting CVar [[r.SSS.Scale:1]]
[2020.05.06-23.23.05:017][  0]LogConfig: Setting CVar [[r.SSS.SampleSet:2]]
[2020.05.06-23.23.05:017][  0]LogConfig: Setting CVar [[r.SSS.Quality:1]]
[2020.05.06-23.23.05:017][  0]LogConfig: Setting CVar [[r.SSS.HalfRes:1]]
[2020.05.06-23.23.05:017][  0]LogConfig: Setting CVar [[r.EmitterSpawnRateScale:1.0]]
[2020.05.06-23.23.05:017][  0]LogConfig: Setting CVar [[r.ParticleLightQuality:2]]
[2020.05.06-23.23.05:017][  0]LogConfig: Applying CVar settings from Section [FoliageQuality@3] File [E:/SenProj/PollProj/SeniorProject/Saved/Config/Windows/Scalability.ini]
[2020.05.06-23.23.05:017][  0]LogConfig: Setting CVar [[foliage.DensityScale:1.0]]
[2020.05.06-23.23.05:017][  0]LogConfig: Setting CVar [[grass.DensityScale:1.0]]
[2020.05.06-23.23.05:017][  0]LogInit: Selected Device Profile: [Windows]
[2020.05.06-23.23.05:017][  0]LogInit: Applying CVar settings loaded from the selected device profile: [Windows]
[2020.05.06-23.23.05:036][  0]LogHAL: Display: Platform has ~ 16 GB [17116258304 / 17179869184 / 16], which maps to Larger [LargestMinGB=32, LargerMinGB=12, DefaultMinGB=8, SmallerMinGB=6, SmallestMinGB=0)
[2020.05.06-23.23.05:036][  0]LogConfig: Setting CVar [[r.Vulkan.UseRealUBs:0		; Required until we fix HLR fall-out]]
[2020.05.06-23.23.05:036][  0]LogInit: Going up to parent DeviceProfile []
[2020.05.06-23.23.05:036][  0]LogConfig: Applying CVar settings from Section [ViewDistanceQuality@3] File [E:/SenProj/PollProj/SeniorProject/Saved/Config/Windows/Scalability.ini]
[2020.05.06-23.23.05:036][  0]LogConfig: Setting CVar [[r.SkeletalMeshLODBias:0]]
[2020.05.06-23.23.05:036][  0]LogConfig: Setting CVar [[r.ViewDistanceScale:1.0]]
[2020.05.06-23.23.05:036][  0]LogConfig: Applying CVar settings from Section [AntiAliasingQuality@3] File [E:/SenProj/PollProj/SeniorProject/Saved/Config/Windows/Scalability.ini]
[2020.05.06-23.23.05:036][  0]LogConfig: Setting CVar [[r.PostProcessAAQuality:4]]
[2020.05.06-23.23.05:036][  0]LogConfig: Applying CVar settings from Section [ShadowQuality@3] File [E:/SenProj/PollProj/SeniorProject/Saved/Config/Windows/Scalability.ini]
[2020.05.06-23.23.05:036][  0]LogConfig: Setting CVar [[r.LightFunctionQuality:1]]
[2020.05.06-23.23.05:036][  0]LogConfig: Setting CVar [[r.ShadowQuality:5]]
[2020.05.06-23.23.05:036][  0]LogConfig: Setting CVar [[r.Shadow.CSM.MaxCascades:10]]
[2020.05.06-23.23.05:039][  0]LogConfig: Setting CVar [[r.Shadow.MaxResolution:2048]]
[2020.05.06-23.23.05:039][  0]LogConfig: Setting CVar [[r.Shadow.MaxCSMResolution:2048]]
[2020.05.06-23.23.05:039][  0]LogConfig: Setting CVar [[r.Shadow.RadiusThreshold:0.01]]
[2020.05.06-23.23.05:039][  0]LogConfig: Setting CVar [[r.Shadow.DistanceScale:1.0]]
[2020.05.06-23.23.05:039][  0]LogConfig: Setting CVar [[r.Shadow.CSM.TransitionScale:1.0]]
[2020.05.06-23.23.05:039][  0]LogConfig: Setting CVar [[r.Shadow.PreShadowResolutionFactor:1.0]]
[2020.05.06-23.23.05:039][  0]LogConfig: Setting CVar [[r.DistanceFieldShadowing:1]]
[2020.05.06-23.23.05:039][  0]LogConfig: Setting CVar [[r.DistanceFieldAO:1]]
[2020.05.06-23.23.05:039][  0]LogConfig: Setting CVar [[r.AOQuality:2]]
[2020.05.06-23.23.05:039][  0]LogConfig: Setting CVar [[r.VolumetricFog:1]]
[2020.05.06-23.23.05:040][  0]LogConfig: Setting CVar [[r.VolumetricFog.GridPixelSize:8]]
[2020.05.06-23.23.05:040][  0]LogConfig: Setting CVar [[r.VolumetricFog.GridSizeZ:128]]
[2020.05.06-23.23.05:040][  0]LogConfig: Setting CVar [[r.VolumetricFog.HistoryMissSupersampleCount:4]]
[2020.05.06-23.23.05:040][  0]LogConfig: Setting CVar [[r.LightMaxDrawDistanceScale:1]]
[2020.05.06-23.23.05:041][  0]LogConfig: Setting CVar [[r.CapsuleShadows:1]]
[2020.05.06-23.23.05:041][  0]LogConfig: Applying CVar settings from Section [PostProcessQuality@3] File [E:/SenProj/PollProj/SeniorProject/Saved/Config/Windows/Scalability.ini]
[2020.05.06-23.23.05:041][  0]LogConfig: Setting CVar [[r.MotionBlurQuality:4]]
[2020.05.06-23.23.05:041][  0]LogConfig: Setting CVar [[r.AmbientOcclusionMipLevelFactor:0.4]]
[2020.05.06-23.23.05:041][  0]LogConfig: Setting CVar [[r.AmbientOcclusionMaxQuality:100]]
[2020.05.06-23.23.05:041][  0]LogConfig: Setting CVar [[r.AmbientOcclusionLevels:-1]]
[2020.05.06-23.23.05:041][  0]LogConfig: Setting CVar [[r.AmbientOcclusionRadiusScale:1.0]]
[2020.05.06-23.23.05:041][  0]LogConfig: Setting CVar [[r.DepthOfFieldQuality:2]]
[2020.05.06-23.23.05:041][  0]LogConfig: Setting CVar [[r.RenderTargetPoolMin:400]]
[2020.05.06-23.23.05:042][  0]LogConfig: Setting CVar [[r.LensFlareQuality:2]]
[2020.05.06-23.23.05:042][  0]LogConfig: Setting CVar [[r.SceneColorFringeQuality:1]]
[2020.05.06-23.23.05:042][  0]LogConfig: Setting CVar [[r.EyeAdaptationQuality:2]]
[2020.05.06-23.23.05:042][  0]LogConfig: Setting CVar [[r.BloomQuality:5]]
[2020.05.06-23.23.05:042][  0]LogConfig: Setting CVar [[r.FastBlurThreshold:100]]
[2020.05.06-23.23.05:042][  0]LogConfig: Setting CVar [[r.Upscale.Quality:3]]
[2020.05.06-23.23.05:042][  0]LogConfig: Setting CVar [[r.Tonemapper.GrainQuantization:1]]
[2020.05.06-23.23.05:042][  0]LogConfig: Setting CVar [[r.LightShaftQuality:1]]
[2020.05.06-23.23.05:042][  0]LogConfig: Setting CVar [[r.Filter.SizeScale:1]]
[2020.05.06-23.23.05:042][  0]LogConfig: Setting CVar [[r.Tonemapper.Quality:5]]
[2020.05.06-23.23.05:042][  0]LogConfig: Setting CVar [[r.DOF.Gather.AccumulatorQuality:1        ; higher gathering accumulator quality]]
[2020.05.06-23.23.05:042][  0]LogConfig: Setting CVar [[r.DOF.Gather.PostfilterMethod:1          ; Median3x3 postfilering method]]
[2020.05.06-23.23.05:042][  0]LogConfig: Setting CVar [[r.DOF.Gather.EnableBokehSettings:0       ; no bokeh simulation when gathering]]
[2020.05.06-23.23.05:042][  0]LogConfig: Setting CVar [[r.DOF.Gather.RingCount:4                 ; medium number of samples when gathering]]
[2020.05.06-23.23.05:042][  0]LogConfig: Setting CVar [[r.DOF.Scatter.ForegroundCompositing:1    ; additive foreground scattering]]
[2020.05.06-23.23.05:043][  0]LogConfig: Setting CVar [[r.DOF.Scatter.BackgroundCompositing:2    ; additive background scattering]]
[2020.05.06-23.23.05:043][  0]LogConfig: Setting CVar [[r.DOF.Scatter.EnableBokehSettings:1      ; bokeh simulation when scattering]]
[2020.05.06-23.23.05:043][  0]LogConfig: Setting CVar [[r.DOF.Scatter.MaxSpriteRatio:0.1         ; only a maximum of 10% of scattered bokeh]]
[2020.05.06-23.23.05:043][  0]LogConfig: Setting CVar [[r.DOF.Recombine.Quality:1                ; cheap slight out of focus]]
[2020.05.06-23.23.05:043][  0]LogConfig: Setting CVar [[r.DOF.Recombine.EnableBokehSettings:0    ; no bokeh simulation on slight out of focus]]
[2020.05.06-23.23.05:043][  0]LogConfig: Setting CVar [[r.DOF.TemporalAAQuality:1                ; more stable temporal accumulation]]
[2020.05.06-23.23.05:043][  0]LogConfig: Setting CVar [[r.DOF.Kernel.MaxForegroundRadius:0.025]]
[2020.05.06-23.23.05:043][  0]LogConfig: Setting CVar [[r.DOF.Kernel.MaxBackgroundRadius:0.025]]
[2020.05.06-23.23.05:043][  0]LogConfig: Applying CVar settings from Section [TextureQuality@3] File [E:/SenProj/PollProj/SeniorProject/Saved/Config/Windows/Scalability.ini]
[2020.05.06-23.23.05:043][  0]LogConfig: Setting CVar [[r.Streaming.MipBias:0]]
[2020.05.06-23.23.05:043][  0]LogConfig: Setting CVar [[r.Streaming.AmortizeCPUToGPUCopy:0]]
[2020.05.06-23.23.05:043][  0]LogConfig: Setting CVar [[r.Streaming.MaxNumTexturesToStreamPerFrame:0]]
[2020.05.06-23.23.05:043][  0]LogConfig: Setting CVar [[r.Streaming.Boost:1]]
[2020.05.06-23.23.05:044][  0]LogConfig: Setting CVar [[r.MaxAnisotropy:8]]
[2020.05.06-23.23.05:044][  0]LogConfig: Setting CVar [[r.Streaming.LimitPoolSizeToVRAM:0]]
[2020.05.06-23.23.05:044][  0]LogConfig: Setting CVar [[r.Streaming.PoolSize:1000]]
[2020.05.06-23.23.05:044][  0]LogConfig: Setting CVar [[r.Streaming.MaxEffectiveScreenSize:0]]
[2020.05.06-23.23.05:044][  0]LogConfig: Applying CVar settings from Section [EffectsQuality@3] File [E:/SenProj/PollProj/SeniorProject/Saved/Config/Windows/Scalability.ini]
[2020.05.06-23.23.05:044][  0]LogConfig: Setting CVar [[r.TranslucencyLightingVolumeDim:64]]
[2020.05.06-23.23.05:044][  0]LogConfig: Setting CVar [[r.RefractionQuality:2]]
[2020.05.06-23.23.05:044][  0]LogConfig: Setting CVar [[r.SSR.Quality:3]]
[2020.05.06-23.23.05:044][  0]LogConfig: Setting CVar [[r.SceneColorFormat:4]]
[2020.05.06-23.23.05:044][  0]LogConfig: Setting CVar [[r.DetailMode:2]]
[2020.05.06-23.23.05:044][  0]LogConfig: Setting CVar [[r.TranslucencyVolumeBlur:1]]
[2020.05.06-23.23.05:044][  0]LogConfig: Setting CVar [[r.MaterialQualityLevel:1 ; High quality]]
[2020.05.06-23.23.05:044][  0]LogConfig: Setting CVar [[r.SSS.Scale:1]]
[2020.05.06-23.23.05:044][  0]LogConfig: Setting CVar [[r.SSS.SampleSet:2]]
[2020.05.06-23.23.05:044][  0]LogConfig: Setting CVar [[r.SSS.Quality:1]]
[2020.05.06-23.23.05:044][  0]LogConfig: Setting CVar [[r.SSS.HalfRes:1]]
[2020.05.06-23.23.05:044][  0]LogConfig: Setting CVar [[r.EmitterSpawnRateScale:1.0]]
[2020.05.06-23.23.05:045][  0]LogConfig: Setting CVar [[r.ParticleLightQuality:2]]
[2020.05.06-23.23.05:045][  0]LogConfig: Applying CVar settings from Section [FoliageQuality@3] File [E:/SenProj/PollProj/SeniorProject/Saved/Config/Windows/Scalability.ini]
[2020.05.06-23.23.05:045][  0]LogConfig: Setting CVar [[foliage.DensityScale:1.0]]
[2020.05.06-23.23.05:045][  0]LogConfig: Setting CVar [[grass.DensityScale:1.0]]
[2020.05.06-23.23.05:045][  0]LogConfig: Applying CVar settings from Section [Startup] File [../../../Engine/Config/ConsoleVariables.ini]
[2020.05.06-23.23.05:045][  0]LogConfig: Setting CVar [[net.UseAdaptiveNetUpdateFrequency:0]]
[2020.05.06-23.23.05:045][  0]LogConfig: Setting CVar [[p.chaos.AllowCreatePhysxBodies:1]]
[2020.05.06-23.23.05:045][  0]LogConfig: Applying CVar settings from Section [ConsoleVariables] File [E:/SenProj/PollProj/SeniorProject/Saved/Config/Windows/Engine.ini]
[2020.05.06-23.23.05:046][  0]LogInit: Computer: GREGSPC
[2020.05.06-23.23.05:046][  0]LogInit: User: Gregory
[2020.05.06-23.23.05:046][  0]LogInit: CPU Page size=4096, Cores=4
[2020.05.06-23.23.05:046][  0]LogInit: High frequency timer resolution =10.000000 MHz
[2020.05.06-23.23.05:046][  0]LogMemory: Memory total: Physical=15.9GB (16GB approx)
[2020.05.06-23.23.05:046][  0]LogMemory: Platform Memory Stats for Windows
[2020.05.06-23.23.05:046][  0]LogMemory: Process Physical Memory: 101.52 MB used, 101.52 MB peak
[2020.05.06-23.23.05:046][  0]LogMemory: Process Virtual Memory: 105.51 MB used, 105.51 MB peak
[2020.05.06-23.23.05:046][  0]LogMemory: Physical Memory: 10716.19 MB used,  5607.15 MB free, 16323.34 MB total
[2020.05.06-23.23.05:046][  0]LogMemory: Virtual Memory: 4671.76 MB used,  134213056.00 MB free, 134217728.00 MB total
[2020.05.06-23.23.05:268][  0]LogInit: Using OS detected language (en-US).
[2020.05.06-23.23.05:268][  0]LogInit: Using OS detected locale (en-US).
[2020.05.06-23.23.05:269][  0]LogTextLocalizationManager: No specific localization for 'en-US' exists, so the 'en' localization will be used.
[2020.05.06-23.23.05:534][  0]LogInit: Setting process to per monitor DPI aware
[2020.05.06-23.23.05:688][  0]LogSlate: New Slate User Created.  User Index 0, Is Virtual User: 0
[2020.05.06-23.23.05:690][  0]LogSlate: Slate User Registered.  User Index 0, Is Virtual User: 0
[2020.05.06-23.23.06:055][  0]LogHMD: Failed to initialize OpenVR with code 108
[2020.05.06-23.23.06:056][  0]LogD3D11RHI: D3D11 adapters:
[2020.05.06-23.23.06:184][  0]LogD3D11RHI:    0. 'NVIDIA GeForce RTX 2080' (Feature Level 11_0)
[2020.05.06-23.23.06:184][  0]LogD3D11RHI:       8010/0/8161 MB DedicatedVideo/DedicatedSystem/SharedSystem, Outputs:4, VendorId:0x10de
[2020.05.06-23.23.06:192][  0]LogD3D11RHI:    1. 'Microsoft Basic Render Driver' (Feature Level 11_0)
[2020.05.06-23.23.06:192][  0]LogD3D11RHI:       0/0/8161 MB DedicatedVideo/DedicatedSystem/SharedSystem, Outputs:0, VendorId:0x1414
[2020.05.06-23.23.06:192][  0]LogD3D11RHI: Chosen D3D11 Adapter: 0
[2020.05.06-23.23.06:205][  0]LogD3D11RHI: Creating new Direct3DDevice
[2020.05.06-23.23.06:206][  0]LogD3D11RHI:     GPU DeviceId: 0x1e87 (for the marketing name, search the web for "GPU Device Id")
[2020.05.06-23.23.06:206][  0]LogWindows: EnumDisplayDevices:
[2020.05.06-23.23.06:206][  0]LogWindows:    0. 'NVIDIA GeForce RTX 2080' (P:1 D:1)
[2020.05.06-23.23.06:207][  0]LogWindows:    1. 'NVIDIA GeForce RTX 2080' (P:0 D:1)
[2020.05.06-23.23.06:208][  0]LogWindows:    2. 'NVIDIA GeForce RTX 2080' (P:0 D:1)
[2020.05.06-23.23.06:210][  0]LogWindows:    3. 'NVIDIA GeForce RTX 2080' (P:0 D:1)
[2020.05.06-23.23.06:212][  0]LogWindows: DebugString: FoundDriverCount:4 
[2020.05.06-23.23.06:212][  0]LogD3D11RHI:     Adapter Name: NVIDIA GeForce RTX 2080
[2020.05.06-23.23.06:212][  0]LogD3D11RHI:   Driver Version: 432.00 (internal:26.21.14.3200, unified:432.00)
[2020.05.06-23.23.06:212][  0]LogD3D11RHI:      Driver Date: 7-24-2019
[2020.05.06-23.23.06:212][  0]LogRHI: Texture pool is 5607 MB (70% of 8010 MB)
[2020.05.06-23.23.06:278][  0]LogD3D11RHI: Async texture creation enabled
[2020.05.06-23.23.06:295][  0]LogRendererCore: FGlobalReadBuffer::InitRHI
[2020.05.06-23.23.06:296][  0]LogRendererCore: FGlobalReadBuffer::InitRHI
[2020.05.06-23.23.06:296][  0]LogRendererCore: FGlobalReadBuffer::InitRHI
[2020.05.06-23.23.06:304][  0]LogD3D11RHI: GPU Timing Frequency: 1000.000000 (Debug: 2 1)
[2020.05.06-23.23.06:890][  0]LogTemp: Display: Module 'AllDesktopTargetPlatform' loaded TargetPlatform 'AllDesktop'
[2020.05.06-23.23.06:916][  0]LogTemp: Display: Module 'MacClientTargetPlatform' loaded TargetPlatform 'MacClient'
[2020.05.06-23.23.06:947][  0]LogTemp: Display: Module 'MacNoEditorTargetPlatform' loaded TargetPlatform 'MacNoEditor'
[2020.05.06-23.23.06:981][  0]LogTemp: Display: Module 'MacServerTargetPlatform' loaded TargetPlatform 'MacServer'
[2020.05.06-23.23.07:018][  0]LogTemp: Display: Module 'MacTargetPlatform' loaded TargetPlatform 'Mac'
[2020.05.06-23.23.07:066][  0]LogTemp: Display: Module 'WindowsClientTargetPlatform' loaded TargetPlatform 'WindowsClient'
[2020.05.06-23.23.07:098][  0]LogTemp: Display: Module 'WindowsNoEditorTargetPlatform' loaded TargetPlatform 'WindowsNoEditor'
[2020.05.06-23.23.07:130][  0]LogTemp: Display: Module 'WindowsServerTargetPlatform' loaded TargetPlatform 'WindowsServer'
[2020.05.06-23.23.07:151][  0]LogTemp: Display: Module 'WindowsTargetPlatform' loaded TargetPlatform 'Windows'
[2020.05.06-23.23.07:250][  0]LogTemp: Display: Module 'AndroidTargetPlatform' loaded TargetPlatform 'Android'
[2020.05.06-23.23.07:250][  0]LogTemp: Display: Module 'AndroidTargetPlatform' loaded TargetPlatform 'Android_ASTC'
[2020.05.06-23.23.07:250][  0]LogTemp: Display: Module 'AndroidTargetPlatform' loaded TargetPlatform 'Android_ATC'
[2020.05.06-23.23.07:250][  0]LogTemp: Display: Module 'AndroidTargetPlatform' loaded TargetPlatform 'Android_DXT'
[2020.05.06-23.23.07:250][  0]LogTemp: Display: Module 'AndroidTargetPlatform' loaded TargetPlatform 'Android_ETC1'
[2020.05.06-23.23.07:250][  0]LogTemp: Display: Module 'AndroidTargetPlatform' loaded TargetPlatform 'Android_ETC1a'
[2020.05.06-23.23.07:250][  0]LogTemp: Display: Module 'AndroidTargetPlatform' loaded TargetPlatform 'Android_ETC2'
[2020.05.06-23.23.07:250][  0]LogTemp: Display: Module 'AndroidTargetPlatform' loaded TargetPlatform 'Android_PVRTC'
[2020.05.06-23.23.07:250][  0]LogTemp: Display: Module 'AndroidTargetPlatform' loaded TargetPlatform 'AndroidClient'
[2020.05.06-23.23.07:250][  0]LogTemp: Display: Module 'AndroidTargetPlatform' loaded TargetPlatform 'Android_ASTCClient'
[2020.05.06-23.23.07:250][  0]LogTemp: Display: Module 'AndroidTargetPlatform' loaded TargetPlatform 'Android_ATCClient'
[2020.05.06-23.23.07:251][  0]LogTemp: Display: Module 'AndroidTargetPlatform' loaded TargetPlatform 'Android_DXTClient'
[2020.05.06-23.23.07:251][  0]LogTemp: Display: Module 'AndroidTargetPlatform' loaded TargetPlatform 'Android_ETC1Client'
[2020.05.06-23.23.07:251][  0]LogTemp: Display: Module 'AndroidTargetPlatform' loaded TargetPlatform 'Android_ETC1aClient'
[2020.05.06-23.23.07:251][  0]LogTemp: Display: Module 'AndroidTargetPlatform' loaded TargetPlatform 'Android_ETC2Client'
[2020.05.06-23.23.07:251][  0]LogTemp: Display: Module 'AndroidTargetPlatform' loaded TargetPlatform 'Android_PVRTCClient'
[2020.05.06-23.23.07:251][  0]LogTemp: Display: Module 'AndroidTargetPlatform' loaded TargetPlatform 'Android_Multi'
[2020.05.06-23.23.07:251][  0]LogTemp: Display: Module 'AndroidTargetPlatform' loaded TargetPlatform 'Android_MultiClient'
[2020.05.06-23.23.07:267][  0]LogTemp: Display: Module 'HTML5TargetPlatform' loaded TargetPlatform 'HTML5'
[2020.05.06-23.23.07:355][  0]LogTemp: Display: Module 'IOSTargetPlatform' loaded TargetPlatform 'IOSClient'
[2020.05.06-23.23.07:355][  0]LogTemp: Display: Module 'IOSTargetPlatform' loaded TargetPlatform 'IOS'
[2020.05.06-23.23.07:394][  0]LogTemp: Display: Module 'TVOSTargetPlatform' loaded TargetPlatform 'TVOSClient'
[2020.05.06-23.23.07:394][  0]LogTemp: Display: Module 'TVOSTargetPlatform' loaded TargetPlatform 'TVOS'
[2020.05.06-23.23.07:415][  0]LogTemp: Display: Module 'LinuxClientTargetPlatform' loaded TargetPlatform 'LinuxClient'
[2020.05.06-23.23.07:433][  0]LogTemp: Display: Module 'LinuxNoEditorTargetPlatform' loaded TargetPlatform 'LinuxNoEditor'
[2020.05.06-23.23.07:453][  0]LogTemp: Display: Module 'LinuxServerTargetPlatform' loaded TargetPlatform 'LinuxServer'
[2020.05.06-23.23.07:482][  0]LogTemp: Display: Module 'LinuxTargetPlatform' loaded TargetPlatform 'Linux'
[2020.05.06-23.23.07:540][  0]LogTemp: Display: Module 'LuminTargetPlatform' loaded TargetPlatform 'Lumin'
[2020.05.06-23.23.07:540][  0]LogTemp: Display: Module 'LuminTargetPlatform' loaded TargetPlatform 'LuminClient'
[2020.05.06-23.23.07:540][  0]LogTargetPlatformManager: Display: Building Assets For Windows
[2020.05.06-23.23.07:579][  0]LogAudioDebug: Display: Lib vorbis DLL was dynamically loaded.
[2020.05.06-23.23.07:861][  0]LogShaderCompilers: Guid format shader working directory is 14 characters bigger than the processId version (E:/SenProj/PollProj/SeniorProject/Intermediate/Shaders/WorkingDirectory/21100/).
[2020.05.06-23.23.07:862][  0]LogShaderCompilers: Cleaned the shader compiler working directory 'C:/Users/Gregory/AppData/Local/Temp/UnrealShaderWorkingDir/3DF8573D4FDA2A75186544B8107E09AB/'.
[2020.05.06-23.23.07:868][  0]LogXGEController: Cannot use XGE Controller as Incredibuild is not installed on this machine.
[2020.05.06-23.23.07:868][  0]LogShaderCompilers: Cannot use XGE Shader Compiler as Incredibuild is not installed on this machine.
[2020.05.06-23.23.07:868][  0]LogShaderCompilers: Display: Using Local Shader Compiler.
[2020.05.06-23.23.08:547][  0]LogDerivedDataCache: Display: Max Cache Size: 512 MB
[2020.05.06-23.23.08:629][  0]LogDerivedDataCache: Loaded boot cache 0.08s 73MB C:/Users/Gregory/AppData/Local/UnrealEngine/4.22/DerivedDataCache/Boot.ddc.
[2020.05.06-23.23.08:630][  0]LogDerivedDataCache: Display: Loaded Boot cache: C:/Users/Gregory/AppData/Local/UnrealEngine/4.22/DerivedDataCache/Boot.ddc
[2020.05.06-23.23.08:631][  0]LogDerivedDataCache: FDerivedDataBackendGraph:  Pak pak cache file E:/SenProj/PollProj/SeniorProject/DerivedDataCache/DDC.ddp not found, will not use a pak cache.
[2020.05.06-23.23.08:631][  0]LogDerivedDataCache: Unable to find inner node Pak for hierarchical cache Hierarchy.
[2020.05.06-23.23.08:632][  0]LogDerivedDataCache: FDerivedDataBackendGraph:  CompressedPak pak cache file E:/SenProj/PollProj/SeniorProject/DerivedDataCache/Compressed.ddp not found, will not use a pak cache.
[2020.05.06-23.23.08:632][  0]LogDerivedDataCache: Unable to find inner node CompressedPak for hierarchical cache Hierarchy.
[2020.05.06-23.23.08:646][  0]LogDerivedDataCache: Display: Pak cache opened for reading ../../../Engine/DerivedDataCache/Compressed.ddp.
[2020.05.06-23.23.08:649][  0]LogDerivedDataCache: Display: Pak cache opened for reading ../../../Enterprise/DerivedDataCache/Compressed.ddp.
[2020.05.06-23.23.08:663][  0]LogDerivedDataCache: Using Local data cache path C:/Users/Gregory/AppData/Local/UnrealEngine/Common/DerivedDataCache: Writable
[2020.05.06-23.23.08:663][  0]LogDerivedDataCache: Shared data cache path not found in *engine.ini, will not use an Shared cache.
[2020.05.06-23.23.08:663][  0]LogDerivedDataCache: Unable to find inner node Shared for hierarchical cache Hierarchy.
[2020.05.06-23.23.08:687][  0]LogMaterial: Verifying Global Shaders for PCD3D_SM5
[2020.05.06-23.23.08:689][  0]LogSlate: Using FreeType 2.6.0
[2020.05.06-23.23.08:689][  0]LogSlate: SlateFontServices - WITH_FREETYPE: 1, WITH_HARFBUZZ: 1
[2020.05.06-23.23.08:790][  0]LogAssetRegistry: FAssetRegistry took 0.0407 seconds to start up
[2020.05.06-23.23.09:218][  0]LogInit: Selected Device Profile: [Windows]
[2020.05.06-23.23.09:490][  0]LogMeshReduction: Using QuadricMeshReduction for automatic static mesh reduction
[2020.05.06-23.23.09:490][  0]LogMeshReduction: Using SimplygonMeshReduction for automatic skeletal mesh reduction
[2020.05.06-23.23.09:490][  0]LogMeshReduction: Using ProxyLODMeshReduction for automatic mesh merging
[2020.05.06-23.23.09:490][  0]LogMeshReduction: No distributed automatic mesh merging module available
[2020.05.06-23.23.09:491][  0]LogMeshMerging: No distributed automatic mesh merging module available
[2020.05.06-23.23.09:512][  0]LogNetVersion: SeniorProject 1.0.0, NetCL: 5660361, EngineNetVer: 10, GameNetVer: 0 (Checksum: 993350713)
[2020.05.06-23.23.10:069][  0]LogPackageLocalizationCache: Processed 16 localized package path(s) for 1 prioritized culture(s) in 0.090226 seconds
[2020.05.06-23.23.10:078][  0]LogUObjectArray: 42205 objects as part of root set at end of initial load.
[2020.05.06-23.23.10:078][  0]LogUObjectAllocator: 7325032 out of 0 bytes used by permanent object pool.
[2020.05.06-23.23.10:079][  0]LogUObjectArray: CloseDisregardForGC: 0/0 objects in disregard for GC pool
[2020.05.06-23.23.11:819][  0]LogTcpMessaging: Initializing TcpMessaging bridge
[2020.05.06-23.23.11:849][  0]LogUdpMessaging: Initializing bridge on interface 0.0.0.0:0 to multicast group 230.0.0.1:6666.
[2020.05.06-23.23.12:478][  0]SourceControl: Source control is disabled
[2020.05.06-23.23.14:029][  0]LogAndroidPermission: UAndroidPermissionCallbackProxy::GetInstance
[2020.05.06-23.23.14:519][  0]LogOcInput: OculusInput pre-init called
[2020.05.06-23.23.17:447][  0]LogWindows: Failed to load 'libalias_api.dll' (GetLastError=126)
[2020.05.06-23.23.17:448][  0]LogWindows: File 'libalias_api.dll' does not exist
[2020.05.06-23.23.17:451][  0]LogWindows: Failed to load 'libalias_api.dll' (GetLastError=126)
[2020.05.06-23.23.17:451][  0]LogWindows: File 'libalias_api.dll' does not exist
[2020.05.06-23.23.17:716][  0]LogEngine: Initializing Engine...
[2020.05.06-23.23.17:832][  0]LogHMD: Failed to initialize OpenVR with code 108
[2020.05.06-23.23.17:833][  0]LogStats: UGameplayTagsManager::InitializeManager -  0.000 s
[2020.05.06-23.23.18:119][  0]LogInit: Initializing FReadOnlyCVARCache
[2020.05.06-23.23.18:170][  0]LogAIModule: Creating AISystem for world Untitled
[2020.05.06-23.23.18:453][  0]LogInit: XAudio2 using 'Headset Earphone (2- Corsair HS70 Wireless Gaming Headset)' : 2 channels at 48 kHz using 16 bits per sample (channel mask 0x3)
[2020.05.06-23.23.18:488][  0]LogInit: FAudioDevice initialized.
[2020.05.06-23.23.18:489][  0]LogNetVersion: Set ProjectVersion to 1.0.0.0. Version Checksum will be recalculated on next use.
[2020.05.06-23.23.18:711][  0]LogDerivedDataCache: Saved boot cache 0.22s 73MB C:/Users/Gregory/AppData/Local/UnrealEngine/4.22/DerivedDataCache/Boot.ddc.
[2020.05.06-23.23.18:726][  0]LogInit: Texture streaming: Enabled
[2020.05.06-23.23.18:833][  0]LogEngineSessionManager: EngineSessionManager initialized
[2020.05.06-23.23.18:833][  0]LogEngineSessionManager: EngineSessionManager sent abnormal shutdown report. Type=Debugger, SessionId={A38561FC-47BE-6942-9660-B9B7BE92246B}
[2020.05.06-23.23.18:833][  0]LogEngineSessionManager: EngineSessionManager sent abnormal shutdown report. Type=Debugger, SessionId={EA09C234-4284-B985-18BB-22BAFA5BE4F2}
[2020.05.06-23.23.18:878][  0]LogInit: Transaction tracking system initialized
[2020.05.06-23.23.18:998][  0]BlueprintLog: New page: Editor Load
[2020.05.06-23.23.19:395][  0]LocalizationService: Localization service is disabled
[2020.05.06-23.23.19:924][  0]LogFileCache: Scanning file cache for directory 'E:/SenProj/PollProj/SeniorProject/Content/' took 0.02s
[2020.05.06-23.23.19:924][  0]LogCook: Display: Max memory allowance for cook 16384mb min free memory 0mb
[2020.05.06-23.23.19:925][  0]LogCook: Display: Mobile HDR setting 1
[2020.05.06-23.23.21:859][  0]Cmd: MAP LOAD FILE="E:/SenProj/PollProj/SeniorProject/Content/Levels/GreyBoxLVL4.umap" TEMPLATE=0 SHOWPROGRESS=1 FEATURELEVEL=3
[2020.05.06-23.23.21:860][  0]LightingResults: New page: Lighting Build
[2020.05.06-23.23.21:866][  0]MapCheck: New page: Map Check
[2020.05.06-23.23.21:866][  0]LightingResults: New page: Lighting Build
[2020.05.06-23.23.21:895][  0]LogUObjectHash: Compacting FUObjectHashTables data took   2.70ms
[2020.05.06-23.23.22:999][  0]LogLinker: Warning: Asset 'E:/SenProj/PollProj/SeniorProject/Content/Materials/MF_ConvolveTexture.uasset' has been saved with empty engine version. The asset will be loaded but may be incompatible.
[2020.05.06-23.23.23:002][  0]LogLinker: Warning: Asset 'E:/SenProj/PollProj/SeniorProject/Content/Materials/MF_ExtractDepth.uasset' has been saved with empty engine version. The asset will be loaded but may be incompatible.
[2020.05.06-23.23.23:003][  0]LogLinker: Warning: Asset 'E:/SenProj/PollProj/SeniorProject/Content/Materials/MF_SampleSceneTextureNeighbourUVs.uasset' has been saved with empty engine version. The asset will be loaded but may be incompatible.
[2020.05.06-23.23.25:720][  0]LogAIModule: Creating AISystem for world GreyBoxLVL4
[2020.05.06-23.23.28:050][  0]LogEditorServer: Finished looking for orphan Actors (0.000 secs)
[2020.05.06-23.23.28:372][  0]LogUObjectHash: Compacting FUObjectHashTables data took   8.65ms
[2020.05.06-23.23.28:373][  0]Cmd: MAP CHECKDEP NOCLEARLOG
[2020.05.06-23.23.28:374][  0]MapCheck: Map check complete: 0 Error(s), 0 Warning(s), took 1.033ms to complete.
[2020.05.06-23.23.28:375][  0]LogFileHelpers: Loading map 'GreyBoxLVL4' took 6.516
[2020.05.06-23.23.28:676][  0]LogSlate: Updating window title bar state: overlay mode, drag disabled, window buttons hidden, title bar hidden
[2020.05.06-23.23.28:693][  0]LogSlate: Updating window title bar state: overlay mode, drag disabled, window buttons hidden, title bar hidden
[2020.05.06-23.23.28:708][  0]LogSlate: Updating window title bar state: overlay mode, drag disabled, window buttons hidden, title bar hidden
[2020.05.06-23.23.28:721][  0]LogSlate: Updating window title bar state: overlay mode, drag disabled, window buttons hidden, title bar hidden
[2020.05.06-23.23.28:755][  0]LogCollectionManager: Loaded 0 collections in 0.003748 seconds
[2020.05.06-23.23.28:808][  0]LogFileCache: Scanning file cache for directory 'E:/SenProj/PollProj/SeniorProject/Saved/Collections/' took 0.02s
[2020.05.06-23.23.28:808][  0]LogFileCache: Scanning file cache for directory 'E:/SenProj/PollProj/SeniorProject/Content/Developers/Gregory/Collections/' took 0.00s
[2020.05.06-23.23.28:809][  0]LogFileCache: Scanning file cache for directory 'E:/SenProj/PollProj/SeniorProject/Content/Collections/' took 0.02s
[2020.05.06-23.23.28:809][  0]LogCollectionManager: Rebuilt the GUID cache for 0 collections in 0.000001 seconds
[2020.05.06-23.23.28:822][  0]LogContentBrowser: Native class hierarchy populated in 0.0128 seconds. Added 2876 classes and 729 folders.
[2020.05.06-23.23.28:840][  0]LogContentBrowser: Native class hierarchy updated for 'WidgetCarousel' in 0.0009 seconds. Added 0 classes and 0 folders.
[2020.05.06-23.23.28:843][  0]LogPakFile: Registered encryption key '00000000000000000000000000000000': 0 pak files mounted, 0 remain pending
[2020.05.06-23.23.28:845][  0]LogPakFile: Registered encryption key '00000000000000000000000000000000': 0 pak files mounted, 0 remain pending
[2020.05.06-23.23.28:845][  0]LogPakFile: Registered encryption key '00000000000000000000000000000000': 0 pak files mounted, 0 remain pending
[2020.05.06-23.23.28:846][  0]LogPakFile: Registered encryption key '00000000000000000000000000000000': 0 pak files mounted, 0 remain pending
[2020.05.06-23.23.28:847][  0]LogPakFile: Registered encryption key '00000000000000000000000000000000': 0 pak files mounted, 0 remain pending
[2020.05.06-23.23.28:847][  0]LogPakFile: Registered encryption key '00000000000000000000000000000000': 0 pak files mounted, 0 remain pending
[2020.05.06-23.23.28:848][  0]LogPakFile: Registered encryption key '00000000000000000000000000000000': 0 pak files mounted, 0 remain pending
[2020.05.06-23.23.28:849][  0]LogPakFile: Registered encryption key '00000000000000000000000000000000': 0 pak files mounted, 0 remain pending
[2020.05.06-23.23.28:850][  0]LogPakFile: Registered encryption key '00000000000000000000000000000000': 0 pak files mounted, 0 remain pending
[2020.05.06-23.23.28:850][  0]LogPakFile: Registered encryption key '00000000000000000000000000000000': 0 pak files mounted, 0 remain pending
[2020.05.06-23.23.28:851][  0]LogPakFile: Registered encryption key '00000000000000000000000000000000': 0 pak files mounted, 0 remain pending
[2020.05.06-23.23.28:852][  0]LogPakFile: Registered encryption key '00000000000000000000000000000000': 0 pak files mounted, 0 remain pending
[2020.05.06-23.23.28:853][  0]LogPakFile: Registered encryption key '00000000000000000000000000000000': 0 pak files mounted, 0 remain pending
[2020.05.06-23.23.28:853][  0]LogPakFile: Registered encryption key '00000000000000000000000000000000': 0 pak files mounted, 0 remain pending
[2020.05.06-23.23.28:855][  0]LogPakFile: Registered encryption key '00000000000000000000000000000000': 0 pak files mounted, 0 remain pending
[2020.05.06-23.23.28:856][  0]LogPakFile: Registered encryption key '00000000000000000000000000000000': 0 pak files mounted, 0 remain pending
[2020.05.06-23.23.28:857][  0]LogPakFile: Registered encryption key '00000000000000000000000000000000': 0 pak files mounted, 0 remain pending
[2020.05.06-23.23.28:860][  0]LogPakFile: Registered encryption key '00000000000000000000000000000000': 0 pak files mounted, 0 remain pending
[2020.05.06-23.23.28:862][  0]LogPakFile: Registered encryption key '00000000000000000000000000000000': 0 pak files mounted, 0 remain pending
[2020.05.06-23.23.28:864][  0]LogPakFile: Registered encryption key '00000000000000000000000000000000': 0 pak files mounted, 0 remain pending
[2020.05.06-23.23.28:866][  0]LogPakFile: Registered encryption key '00000000000000000000000000000000': 0 pak files mounted, 0 remain pending
[2020.05.06-23.23.28:867][  0]LogPakFile: Registered encryption key '00000000000000000000000000000000': 0 pak files mounted, 0 remain pending
[2020.05.06-23.23.28:870][  0]LogPakFile: Registered encryption key '00000000000000000000000000000000': 0 pak files mounted, 0 remain pending
[2020.05.06-23.23.28:872][  0]LogPakFile: Registered encryption key '00000000000000000000000000000000': 0 pak files mounted, 0 remain pending
[2020.05.06-23.23.28:875][  0]LogPakFile: Registered encryption key '00000000000000000000000000000000': 0 pak files mounted, 0 remain pending
[2020.05.06-23.23.28:877][  0]LogPakFile: Registered encryption key '00000000000000000000000000000000': 0 pak files mounted, 0 remain pending
[2020.05.06-23.23.28:878][  0]LogPakFile: Registered encryption key '00000000000000000000000000000000': 0 pak files mounted, 0 remain pending
[2020.05.06-23.23.28:879][  0]LogPakFile: Registered encryption key '00000000000000000000000000000000': 0 pak files mounted, 0 remain pending
[2020.05.06-23.23.28:925][  0]LogContentBrowser: Native class hierarchy updated for 'AddContentDialog' in 0.0008 seconds. Added 0 classes and 0 folders.
[2020.05.06-23.23.28:936][  0]LogContentBrowser: Native class hierarchy updated for 'SceneOutliner' in 0.0005 seconds. Added 1 classes and 0 folders.
[2020.05.06-23.23.29:026][  0]LogSlate: Took 0.000670 seconds to synchronously load lazily loaded font '../../../Engine/Content/Slate/Fonts/Roboto-Regular.ttf' (155K)
[2020.05.06-23.23.29:040][  0]LogSlate: Took 0.000442 seconds to synchronously load lazily loaded font '../../../Engine/Content/Slate/Fonts/Roboto-Bold.ttf' (160K)
[2020.05.06-23.23.29:047][  0]LogSlate: Took 0.000444 seconds to synchronously load lazily loaded font '../../../Engine/Content/Editor/Slate/Fonts/FontAwesome.ttf' (139K)
[2020.05.06-23.23.29:155][  0]LogRenderer: Reallocating scene render targets to support 1156x596 Format 10 NumSamples 1 (Frame:1).
[2020.05.06-23.23.29:407][  0]LogStaticMesh: Allocated 512x403x64 distance field atlas = 25.2Mb, with 185 objects containing 22.8Mb backing data
[2020.05.06-23.23.30:017][  0]LogContentBrowser: Native class hierarchy updated for 'HierarchicalLODOutliner' in 0.0006 seconds. Added 0 classes and 0 folders.
[2020.05.06-23.23.30:017][  0]LogLoad: (Engine Initialization) Total time: 28.70 seconds
[2020.05.06-23.23.30:017][  0]LogLoad: (Engine Initialization) Total Blueprint compile time: 0.00 seconds
[2020.05.06-23.23.30:047][  0]LogSlate: FSceneViewport::OnFocusLost() reason 0
[2020.05.06-23.23.30:121][  0]LogContentStreaming: Texture pool size now 1000 MB
[2020.05.06-23.23.30:178][  0]LogSlate: Took 0.000598 seconds to synchronously load lazily loaded font '../../../Engine/Content/Slate/Fonts/Roboto-Light.ttf' (167K)
[2020.05.06-23.23.30:246][  1]LogAssetRegistry: Asset discovery search completed in 21.4840 seconds
[2020.05.06-23.23.30:256][  1]LogCollectionManager: Rebuilt the object cache for 0 collections in 0.000001 seconds (found 0 objects)
[2020.05.06-23.23.30:257][  1]LogCollectionManager: Fixed up redirectors for 0 collections in 0.001124 seconds (updated 0 objects)
[2020.05.06-23.23.35:212][ 92]LogFileCache: Retrieving MD5 hashes for directory 'E:/SenProj/PollProj/SeniorProject/Content/' took 5.15s
[2020.05.06-23.24.10:952][479]LogMaterial: Display: Missing cached shader map for material Material_0, compiling. 
[2020.05.06-23.24.11:551][480]LogMaterial: Display: Missing cached shader map for material Material_1, compiling. 
[2020.05.06-23.24.11:678][480]LogMaterial: Warning: /Engine/Transient.Material_1 (no disk path found): Failed to compile Material for platform PCD3D_SM5, Default Material will be used in game.
[2020.05.06-23.24.11:678][480]LogMaterial: 	SceneTexture expressions cannot be used in opaque materials
[2020.05.06-23.24.12:225][482]LogMaterial: Display: Missing cached shader map for material Material_2, compiling. 
[2020.05.06-23.24.14:394][528]LogEditorViewport: Clicking Background
[2020.05.06-23.24.15:057][544]LogEditorViewport: Clicking on Actor (LMB): StaticMeshActor (Cross)
[2020.05.06-23.24.41:516][482]LogSlate: FSceneViewport::OnFocusLost() reason 2
[2020.05.06-23.24.42:570][540]LogSlate: FSceneViewport::OnFocusLost() reason 2
[2020.05.06-23.24.43:732][570]LogSlate: Took 0.000171 seconds to synchronously load lazily loaded font '../../../Engine/Content/Slate/Fonts/Roboto-Light.ttf' (167K)
[2020.05.06-23.24.43:741][570]LogAssetEditorManager: Opening Asset editor for StaticMesh /Game/Assets/Windows/Cross.Cross
[2020.05.06-23.24.46:820][570]LogRenderer: Reallocating scene render targets to support 1176x900 Format 10 NumSamples 1 (Frame:1).
[2020.05.06-23.24.46:820][570]LogStaticMesh: Allocated 512x419x64 distance field atlas = 26.2Mb, with 187 objects containing 23.0Mb backing data
[2020.05.06-23.24.46:820][570]LogSlate: Took 0.000262 seconds to synchronously load lazily loaded font '../../../Engine/Content/Slate/Fonts/Roboto-Italic.ttf' (157K)
[2020.05.06-23.25.05:206][ 42]LogSlate: Window 'Cross' being destroyed
[2020.05.06-23.25.05:212][ 42]LogSlate: Window 'Cross' being destroyed
[2020.05.06-23.25.22:348][598]LogSlate: FSceneViewport::OnFocusLost() reason 0
[2020.05.06-23.25.31:582][832]LogSlate: FSceneViewport::OnFocusLost() reason 0
[2020.05.06-23.25.31:680][840]LogSlate: Window 'Message Log' being destroyed
[2020.05.06-23.25.31:685][840]LogSlate: Window 'Message Log' being destroyed
[2020.05.06-23.25.46:665][  5]LogSlate: FSceneViewport::OnFocusLost() reason 0
[2020.05.06-23.25.46:786][ 12]LogTemp: Repeating last play command: Selected Viewport
[2020.05.06-23.25.46:840][ 12]LogBlueprintUserMessages: Early PlayInEditor Detection: Level '/Game/Levels/GreyBoxLVL4.GreyBoxLVL4:PersistentLevel' has LevelScriptBlueprint '/Game/Levels/GreyBoxLVL4.GreyBoxLVL4:PersistentLevel.GreyBoxLVL4' with GeneratedClass '/Game/Levels/GreyBoxLVL4.GreyBoxLVL4_C' with ClassGeneratedBy '/Game/Levels/GreyBoxLVL4.GreyBoxLVL4:PersistentLevel.GreyBoxLVL4'
[2020.05.06-23.25.46:840][ 12]LogPlayLevel: PlayLevel: No blueprints needed recompiling
[2020.05.06-23.25.46:842][ 12]PIE: New page: PIE session: GreyBoxLVL4 (May 6, 2020, 3:25:46 PM)
[2020.05.06-23.25.46:869][ 12]LogPlayLevel: Creating play world package: /Game/Levels/UEDPIE_0_GreyBoxLVL4
[2020.05.06-23.25.47:434][ 12]LogPlayLevel: PIE: StaticDuplicateObject took: (0.564650s)
[2020.05.06-23.25.47:435][ 12]LogAIModule: Creating AISystem for world GreyBoxLVL4
[2020.05.06-23.25.47:435][ 12]LogPlayLevel: PIE: World Init took: (0.000884s)
[2020.05.06-23.25.47:436][ 12]LogPlayLevel: PIE: Created PIE world by copying editor world from /Game/Levels/GreyBoxLVL4.GreyBoxLVL4 to /Game/Levels/UEDPIE_0_GreyBoxLVL4.GreyBoxLVL4 (0.567088s)
[2020.05.06-23.25.47:484][ 12]LogUObjectHash: Compacting FUObjectHashTables data took   4.14ms
[2020.05.06-23.25.47:666][ 12]LogInit: XAudio2 using 'Headset Earphone (2- Corsair HS70 Wireless Gaming Headset)' : 2 channels at 48 kHz using 16 bits per sample (channel mask 0x3)
[2020.05.06-23.25.47:687][ 12]LogInit: FAudioDevice initialized.
[2020.05.06-23.25.47:762][ 12]LogLoad: Game class is 'FirstPersonGameMode_C'
[2020.05.06-23.25.48:085][ 12]LogWorld: Bringing World /Game/Levels/UEDPIE_0_GreyBoxLVL4.GreyBoxLVL4 up for play (max tick rate 0) at 2020.05.06-19.25.48
[2020.05.06-23.25.48:240][ 12]LogWorld: Bringing up level for play took: 0.476256
[2020.05.06-23.25.48:266][ 12]LogContentBrowser: Native class hierarchy updated for 'MovieSceneCapture' in 0.0004 seconds. Added 20 classes and 0 folders.
[2020.05.06-23.25.48:267][ 12]LogScript: Warning: Script Msg: Attempted to access index 0 from array 'CallFunc_GetAllActorsOfClass_OutActors' of length 0 in '/Game/BP/Checkpoint.Checkpoint_C:ExecuteUbergraph_Checkpoint'!
[2020.05.06-23.25.48:267][ 12]LogScript: Warning: Script Msg: Attempted to access index 0 from array 'CallFunc_GetAllActorsOfClass_OutActors' of length 0 in '/Game/BP/Checkpoint.Checkpoint_C:ExecuteUbergraph_Checkpoint'!
[2020.05.06-23.25.48:267][ 12]LogScript: Warning: Script Msg: Attempted to access index 0 from array 'CallFunc_GetAllActorsOfClass_OutActors' of length 0 in '/Game/BP/OutroTrigger.OutroTrigger_C:ExecuteUbergraph_OutroTrigger'!
[2020.05.06-23.25.48:269][ 12]LogScript: Warning: Script Msg: Attempted to access index 0 from array 'CallFunc_GetAllActorsOfClass_OutActors' of length 0 in '/Game/Materials/FinishStopper.FinishStopper_C:ExecuteUbergraph_FinishStopper'!
[2020.05.06-23.25.48:278][ 12]PIE: Play in editor start time for /Game/Levels/UEDPIE_0_GreyBoxLVL4 2.064
[2020.05.06-23.25.48:280][ 12]LogBlueprintUserMessages: Late PlayInEditor Detection: Level '/Game/Levels/GreyBoxLVL4.GreyBoxLVL4:PersistentLevel' has LevelScriptBlueprint '/Game/Levels/GreyBoxLVL4.GreyBoxLVL4:PersistentLevel.GreyBoxLVL4' with GeneratedClass '/Game/Levels/GreyBoxLVL4.GreyBoxLVL4_C' with ClassGeneratedBy '/Game/Levels/GreyBoxLVL4.GreyBoxLVL4:PersistentLevel.GreyBoxLVL4'
[2020.05.06-23.26.17:459][501]LogScript: Warning: Script Msg: A null object was passed as a world context object to UEngine::GetWorldFromContextObject().
[2020.05.06-23.26.17:491][502]LogScript: Warning: Script Msg: A null object was passed as a world context object to UEngine::GetWorldFromContextObject().
[2020.05.06-23.26.17:518][503]LogScript: Warning: Script Msg: A null object was passed as a world context object to UEngine::GetWorldFromContextObject().
[2020.05.06-23.26.17:550][504]LogScript: Warning: Script Msg: A null object was passed as a world context object to UEngine::GetWorldFromContextObject().
[2020.05.06-23.26.17:584][505]LogScript: Warning: Script Msg: A null object was passed as a world context object to UEngine::GetWorldFromContextObject().
[2020.05.06-23.26.17:620][506]LogScript: Warning: Script Msg: A null object was passed as a world context object to UEngine::GetWorldFromContextObject().
[2020.05.06-23.26.17:654][507]LogScript: Warning: Script Msg: A null object was passed as a world context object to UEngine::GetWorldFromContextObject().
[2020.05.06-23.26.17:696][508]LogScript: Warning: Script Msg: A null object was passed as a world context object to UEngine::GetWorldFromContextObject().
[2020.05.06-23.26.17:731][509]LogScript: Warning: Script Msg: A null object was passed as a world context object to UEngine::GetWorldFromContextObject().
[2020.05.06-23.26.17:765][510]LogScript: Warning: Script Msg: A null object was passed as a world context object to UEngine::GetWorldFromContextObject().
[2020.05.06-23.26.17:800][511]LogScript: Warning: Script Msg: A null object was passed as a world context object to UEngine::GetWorldFromContextObject().
[2020.05.06-23.26.17:834][512]LogScript: Warning: Script Msg: A null object was passed as a world context object to UEngine::GetWorldFromContextObject().
[2020.05.06-23.26.17:870][513]LogScript: Warning: Script Msg: A null object was passed as a world context object to UEngine::GetWorldFromContextObject().
[2020.05.06-23.26.17:905][514]LogScript: Warning: Script Msg: A null object was passed as a world context object to UEngine::GetWorldFromContextObject().
[2020.05.06-23.26.17:938][515]LogScript: Warning: Script Msg: A null object was passed as a world context object to UEngine::GetWorldFromContextObject().
[2020.05.06-23.26.17:971][516]LogScript: Warning: Script Msg: A null object was passed as a world context object to UEngine::GetWorldFromContextObject().
[2020.05.06-23.26.18:004][517]LogScript: Warning: Script Msg: A null object was passed as a world context object to UEngine::GetWorldFromContextObject().
[2020.05.06-23.26.18:034][518]LogScript: Warning: Script Msg: A null object was passed as a world context object to UEngine::GetWorldFromContextObject().
[2020.05.06-23.26.18:065][519]LogScript: Warning: Script Msg: A null object was passed as a world context object to UEngine::GetWorldFromContextObject().
[2020.05.06-23.26.18:100][520]LogScript: Warning: Script Msg: A null object was passed as a world context object to UEngine::GetWorldFromContextObject().
[2020.05.06-23.26.18:135][521]LogScript: Warning: Script Msg: A null object was passed as a world context object to UEngine::GetWorldFromContextObject().
[2020.05.06-23.26.18:164][522]LogScript: Warning: Script Msg: A null object was passed as a world context object to UEngine::GetWorldFromContextObject().
[2020.05.06-23.26.18:185][523]LogScript: Warning: Script Msg: A null object was passed as a world context object to UEngine::GetWorldFromContextObject().
[2020.05.06-23.26.18:211][524]LogScript: Warning: Script Msg: A null object was passed as a world context object to UEngine::GetWorldFromContextObject().
[2020.05.06-23.26.18:244][525]LogScript: Warning: Script Msg: A null object was passed as a world context object to UEngine::GetWorldFromContextObject().
[2020.05.06-23.26.18:279][526]LogScript: Warning: Script Msg: A null object was passed as a world context object to UEngine::GetWorldFromContextObject().
[2020.05.06-23.26.18:307][527]LogScript: Warning: Script Msg: A null object was passed as a world context object to UEngine::GetWorldFromContextObject().
[2020.05.06-23.26.18:335][528]LogScript: Warning: Script Msg: A null object was passed as a world context object to UEngine::GetWorldFromContextObject().
[2020.05.06-23.26.18:360][529]LogScript: Warning: Script Msg: A null object was passed as a world context object to UEngine::GetWorldFromContextObject().
[2020.05.06-23.26.18:383][530]LogScript: Warning: Script Msg: A null object was passed as a world context object to UEngine::GetWorldFromContextObject().
[2020.05.06-23.26.18:408][531]LogScript: Warning: Script Msg: A null object was passed as a world context object to UEngine::GetWorldFromContextObject().
[2020.05.06-23.26.18:429][532]LogScript: Warning: Script Msg: A null object was passed as a world context object to UEngine::GetWorldFromContextObject().
[2020.05.06-23.26.18:451][533]LogScript: Warning: Script Msg: A null object was passed as a world context object to UEngine::GetWorldFromContextObject().
[2020.05.06-23.26.18:487][534]LogScript: Warning: Script Msg: A null object was passed as a world context object to UEngine::GetWorldFromContextObject().
[2020.05.06-23.26.18:514][535]LogScript: Warning: Script Msg: A null object was passed as a world context object to UEngine::GetWorldFromContextObject().
[2020.05.06-23.26.18:535][536]LogScript: Warning: Script Msg: A null object was passed as a world context object to UEngine::GetWorldFromContextObject().
[2020.05.06-23.26.18:557][537]LogScript: Warning: Script Msg: A null object was passed as a world context object to UEngine::GetWorldFromContextObject().
[2020.05.06-23.26.18:584][538]LogScript: Warning: Script Msg: A null object was passed as a world context object to UEngine::GetWorldFromContextObject().
[2020.05.06-23.26.18:604][539]LogScript: Warning: Script Msg: A null object was passed as a world context object to UEngine::GetWorldFromContextObject().
[2020.05.06-23.26.18:631][540]LogScript: Warning: Script Msg: A null object was passed as a world context object to UEngine::GetWorldFromContextObject().
[2020.05.06-23.26.18:652][541]LogScript: Warning: Script Msg: A null object was passed as a world context object to UEngine::GetWorldFromContextObject().
[2020.05.06-23.26.18:686][542]LogSlate: FSceneViewport::OnFocusLost() reason 0
[2020.05.06-23.26.18:687][542]LogScript: Warning: Script Msg: A null object was passed as a world context object to UEngine::GetWorldFromContextObject().
[2020.05.06-23.26.18:719][543]LogScript: Warning: Script Msg: A null object was passed as a world context object to UEngine::GetWorldFromContextObject().
[2020.05.06-23.26.18:743][544]LogScript: Warning: Script Msg: A null object was passed as a world context object to UEngine::GetWorldFromContextObject().
[2020.05.06-23.26.18:765][545]LogScript: Warning: Script Msg: A null object was passed as a world context object to UEngine::GetWorldFromContextObject().
[2020.05.06-23.26.18:787][546]LogScript: Warning: Script Msg: A null object was passed as a world context object to UEngine::GetWorldFromContextObject().
[2020.05.06-23.26.54:538][547]LogScript: Warning: Script Msg: A null object was passed as a world context object to UEngine::GetWorldFromContextObject().
[2020.05.06-23.27.02:986][548]LogScript: Warning: Script Msg: A null object was passed as a world context object to UEngine::GetWorldFromContextObject().
[2020.05.06-23.27.03:321][549]LogScript: Warning: Script Msg: A null object was passed as a world context object to UEngine::GetWorldFromContextObject().
[2020.05.06-23.27.03:663][550]LogScript: Warning: Script Msg: A null object was passed as a world context object to UEngine::GetWorldFromContextObject().
[2020.05.06-23.27.03:988][551]LogScript: Warning: Script Msg: A null object was passed as a world context object to UEngine::GetWorldFromContextObject().
[2020.05.06-23.27.04:008][552]LogScript: Warning: Script Msg: A null object was passed as a world context object to UEngine::GetWorldFromContextObject().
[2020.05.06-23.27.04:031][553]LogScript: Warning: Script Msg: A null object was passed as a world context object to UEngine::GetWorldFromContextObject().
[2020.05.06-23.27.04:070][554]LogScript: Warning: Script Msg: A null object was passed as a world context object to UEngine::GetWorldFromContextObject().
[2020.05.06-23.27.04:105][555]LogScript: Warning: Script Msg: A null object was passed as a world context object to UEngine::GetWorldFromContextObject().
[2020.05.06-23.27.04:139][556]LogScript: Warning: Script Msg: A null object was passed as a world context object to UEngine::GetWorldFromContextObject().
[2020.05.06-23.27.04:170][557]LogScript: Warning: Script Msg: A null object was passed as a world context object to UEngine::GetWorldFromContextObject().
[2020.05.06-23.27.04:200][558]LogScript: Warning: Script Msg: A null object was passed as a world context object to UEngine::GetWorldFromContextObject().
[2020.05.06-23.27.04:235][559]LogScript: Warning: Script Msg: A null object was passed as a world context object to UEngine::GetWorldFromContextObject().
[2020.05.06-23.27.04:263][560]LogScript: Warning: Script Msg: A null object was passed as a world context object to UEngine::GetWorldFromContextObject().
[2020.05.06-23.27.04:304][561]LogScript: Warning: Script Msg: A null object was passed as a world context object to UEngine::GetWorldFromContextObject().
[2020.05.06-23.27.04:344][562]LogScript: Warning: Script Msg: A null object was passed as a world context object to UEngine::GetWorldFromContextObject().
[2020.05.06-23.27.04:379][563]LogScript: Warning: Script Msg: A null object was passed as a world context object to UEngine::GetWorldFromContextObject().
[2020.05.06-23.27.04:414][564]LogScript: Warning: Script Msg: A null object was passed as a world context object to UEngine::GetWorldFromContextObject().
[2020.05.06-23.27.04:445][565]LogScript: Warning: Script Msg: A null object was passed as a world context object to UEngine::GetWorldFromContextObject().
[2020.05.06-23.27.04:484][566]LogScript: Warning: Script Msg: A null object was passed as a world context object to UEngine::GetWorldFromContextObject().
[2020.05.06-23.27.04:521][567]LogScript: Warning: Script Msg: A null object was passed as a world context object to UEngine::GetWorldFromContextObject().
[2020.05.06-23.27.04:557][568]LogScript: Warning: Script Msg: A null object was passed as a world context object to UEngine::GetWorldFromContextObject().
[2020.05.06-23.27.04:590][569]LogScript: Warning: Script Msg: A null object was passed as a world context object to UEngine::GetWorldFromContextObject().
[2020.05.06-23.27.04:627][570]LogScript: Warning: Script Msg: A null object was passed as a world context object to UEngine::GetWorldFromContextObject().
[2020.05.06-23.27.04:670][571]LogScript: Warning: Script Msg: A null object was passed as a world context object to UEngine::GetWorldFromContextObject().
[2020.05.06-23.27.04:705][572]LogScript: Warning: Script Msg: A null object was passed as a world context object to UEngine::GetWorldFromContextObject().
[2020.05.06-23.27.04:737][573]LogScript: Warning: Script Msg: A null object was passed as a world context object to UEngine::GetWorldFromContextObject().
[2020.05.06-23.27.04:773][574]LogScript: Warning: Script Msg: A null object was passed as a world context object to UEngine::GetWorldFromContextObject().
[2020.05.06-23.27.04:804][575]LogScript: Warning: Script Msg: A null object was passed as a world context object to UEngine::GetWorldFromContextObject().
[2020.05.06-23.27.04:835][576]LogScript: Warning: Script Msg: A null object was passed as a world context object to UEngine::GetWorldFromContextObject().
[2020.05.06-23.27.04:868][577]LogScript: Warning: Script Msg: A null object was passed as a world context object to UEngine::GetWorldFromContextObject().
[2020.05.06-23.27.04:897][578]LogScript: Warning: Script Msg: A null object was passed as a world context object to UEngine::GetWorldFromContextObject().
[2020.05.06-23.27.04:932][579]LogScript: Warning: Script Msg: A null object was passed as a world context object to UEngine::GetWorldFromContextObject().
[2020.05.06-23.27.04:963][580]LogScript: Warning: Script Msg: A null object was passed as a world context object to UEngine::GetWorldFromContextObject().
[2020.05.06-23.27.05:001][581]LogScript: Warning: Script Msg: A null object was passed as a world context object to UEngine::GetWorldFromContextObject().
[2020.05.06-23.27.05:031][582]LogScript: Warning: Script Msg: A null object was passed as a world context object to UEngine::GetWorldFromContextObject().
[2020.05.06-23.27.05:062][583]LogScript: Warning: Script Msg: A null object was passed as a world context object to UEngine::GetWorldFromContextObject().
[2020.05.06-23.27.05:099][584]LogScript: Warning: Script Msg: A null object was passed as a world context object to UEngine::GetWorldFromContextObject().
[2020.05.06-23.27.05:132][585]LogScript: Warning: Script Msg: A null object was passed as a world context object to UEngine::GetWorldFromContextObject().
[2020.05.06-23.27.05:157][586]LogScript: Warning: Script Msg: A null object was passed as a world context object to UEngine::GetWorldFromContextObject().
[2020.05.06-23.27.05:190][587]LogScript: Warning: Script Msg: A null object was passed as a world context object to UEngine::GetWorldFromContextObject().
[2020.05.06-23.27.05:225][588]LogScript: Warning: Script Msg: A null object was passed as a world context object to UEngine::GetWorldFromContextObject().
[2020.05.06-23.27.05:256][589]LogScript: Warning: Script Msg: A null object was passed as a world context object to UEngine::GetWorldFromContextObject().
[2020.05.06-23.27.05:599][590]LogScript: Warning: Script Msg: A null object was passed as a world context object to UEngine::GetWorldFromContextObject().
[2020.05.06-23.27.05:932][591]LogScript: Warning: Script Msg: A null object was passed as a world context object to UEngine::GetWorldFromContextObject().
