Log file open, 04/26/20 16:51:35
LogWindows: Failed to load 'aqProf.dll' (GetLastError=126)
LogWindows: File 'aqProf.dll' does not exist
LogWindows: Failed to load 'VtuneApi.dll' (GetLastError=126)
LogWindows: File 'VtuneApi.dll' does not exist
LogWindows: Failed to load 'VtuneApi32e.dll' (GetLastError=126)
LogWindows: File 'VtuneApi32e.dll' does not exist
LogConsoleResponse: Display: Failed to find resolution value strings in scalability ini. Falling back to default.
LogInit: Display: Running engine for game: SeniorProject
LogPakFile: Registered encryption key '00000000000000000000000000000000': 0 pak files mounted, 0 remain pending
LogPlatformFile: Not using cached read wrapper
LogTaskGraph: Started task graph with 5 named threads and 23 total threads with 3 sets of task threads.
LogStats: Stats thread started at 0.421466
LogD3D11RHI: Loaded GFSDK_Aftermath_Lib.x64.dll
LogICUInternationalization: ICU TimeZone Detection - Raw Offset: -5:00, Platform Override: ''
LogPluginManager: Mounting plugin Paper2D
LogPluginManager: Mounting plugin AISupport
LogPluginManager: Mounting plugin LightPropagationVolume
LogPluginManager: Mounting plugin ActorLayerUtilities
LogPluginManager: Mounting plugin AnimationSharing
LogPluginManager: Mounting plugin CLionSourceCodeAccess
LogPluginManager: Mounting plugin CodeLiteSourceCodeAccess
LogPluginManager: Mounting plugin GitSourceControl
LogPluginManager: Mounting plugin KDevelopSourceCodeAccess
LogPluginManager: Mounting plugin NullSourceCodeAccess
LogPluginManager: Mounting plugin PerforceSourceControl
LogPluginManager: Mounting plugin SubversionSourceControl
LogPluginManager: Mounting plugin UObjectPlugin
LogPluginManager: Mounting plugin VisualStudioCodeSourceCodeAccess
LogPluginManager: Mounting plugin VisualStudioSourceCodeAccess
LogPluginManager: Mounting plugin XCodeSourceCodeAccess
LogPluginManager: Mounting plugin AssetManagerEditor
LogPluginManager: Mounting plugin CryptoKeys
LogPluginManager: Mounting plugin DataValidation
LogPluginManager: Mounting plugin EditorScriptingUtilities
LogPluginManager: Mounting plugin FacialAnimation
LogPluginManager: Mounting plugin GameplayTagsEditor
LogPluginManager: Mounting plugin GLTFImporter
LogPluginManager: Mounting plugin MacGraphicsSwitching
LogPluginManager: Mounting plugin MaterialAnalyzer
LogPluginManager: Mounting plugin MeshEditor
LogPluginManager: Mounting plugin MobileLauncherProfileWizard
LogPluginManager: Mounting plugin PluginBrowser
LogPluginManager: Mounting plugin SpeedTreeImporter
LogPluginManager: Mounting plugin DatasmithContent
LogPluginManager: Mounting plugin VariantManagerContent
LogPluginManager: Mounting plugin AlembicImporter
LogPluginManager: Mounting plugin AppleImageUtils
LogPluginManager: Mounting plugin AppleVision
LogPluginManager: Mounting plugin BackChannel
LogPluginManager: Mounting plugin BlastPlugin
LogPluginManager: Mounting plugin ChaosSolverPlugin
LogPluginManager: Mounting plugin CharacterAI
LogPluginManager: Mounting plugin GeometryCache
LogPluginManager: Mounting plugin GeometryCollectionPlugin
LogPluginManager: Mounting plugin HTML5Networking
LogPluginManager: Mounting plugin ProxyLODPlugin
LogPluginManager: Mounting plugin SkeletalReduction
LogPluginManager: Mounting plugin MagicLeap
LogPluginManager: Mounting plugin MagicLeapMedia
LogPluginManager: Mounting plugin AndroidMedia
LogPluginManager: Mounting plugin AvfMedia
LogPluginManager: Mounting plugin ImgMedia
LogPluginManager: Mounting plugin LinearTimecode
LogPluginManager: Mounting plugin MediaCompositing
LogPluginManager: Mounting plugin MediaPlayerEditor
LogPluginManager: Mounting plugin WebMMedia
LogPluginManager: Mounting plugin WmfMedia
LogPluginManager: Mounting plugin TcpMessaging
LogPluginManager: Mounting plugin UdpMessaging
LogPluginManager: Mounting plugin ActorSequence
LogPluginManager: Mounting plugin LevelSequenceEditor
LogPluginManager: Mounting plugin MatineeToLevelSequence
LogPluginManager: Mounting plugin NetcodeUnitTest
LogPluginManager: Mounting plugin NUTUnrealEngine4
LogPluginManager: Mounting plugin OnlineSubsystemGooglePlay
LogPluginManager: Mounting plugin OnlineSubsystemIOS
LogPluginManager: Mounting plugin OnlineSubsystem
LogPluginManager: Mounting plugin OnlineSubsystemNull
LogPluginManager: Mounting plugin OnlineSubsystemUtils
LogPluginManager: Mounting plugin LauncherChunkInstaller
LogPluginManager: Mounting plugin AndroidDeviceProfileSelector
LogPluginManager: Mounting plugin AndroidMoviePlayer
LogPluginManager: Mounting plugin AndroidPermission
LogPluginManager: Mounting plugin AppleMoviePlayer
LogPluginManager: Mounting plugin ArchVisCharacter
LogPluginManager: Mounting plugin AudioCapture
LogPluginManager: Mounting plugin CableComponent
LogPluginManager: Mounting plugin CustomMeshComponent
LogPluginManager: Mounting plugin EditableMesh
LogPluginManager: Mounting plugin ExampleDeviceProfileSelector
LogPluginManager: Mounting plugin Firebase
LogPluginManager: Mounting plugin GoogleCloudMessaging
LogPluginManager: Mounting plugin IOSDeviceProfileSelector
LogPluginManager: Mounting plugin LinuxDeviceProfileSelector
LogPluginManager: Mounting plugin LocationServicesBPLibrary
LogPluginManager: Mounting plugin MobilePatchingUtils
LogPluginManager: Mounting plugin OculusVR
LogPluginManager: Mounting plugin PhysXVehicles
LogPluginManager: Mounting plugin ProceduralMeshComponent
LogPluginManager: Mounting plugin RuntimePhysXCooking
LogPluginManager: Mounting plugin SignificanceManager
LogPluginManager: Mounting plugin SteamVR
LogPluginManager: Mounting plugin WebMMoviePlayer
LogPluginManager: Mounting plugin WindowsMoviePlayer
LogPluginManager: Mounting plugin DatasmithCADImporter
LogPluginManager: Mounting plugin DatasmithDataPrepEditor
LogPluginManager: Mounting plugin DatasmithFBXImporter
LogPluginManager: Mounting plugin DatasmithGLTFImporter
LogPluginManager: Mounting plugin DatasmithImporter
LogPluginManager: Mounting plugin MDLImporter
LogPluginManager: Mounting plugin StaticMeshEditorExtension
LogPluginManager: Mounting plugin VariantManager
LogInit: Using libcurl 7.55.1-DEV
LogInit:  - built for x86_64-pc-win32
LogInit:  - supports SSL with OpenSSL/1.1.1
LogInit:  - supports HTTP deflate (compression) using libz 1.2.8
LogInit:  - other features:
LogInit:      CURL_VERSION_SSL
LogInit:      CURL_VERSION_LIBZ
LogInit:      CURL_VERSION_IPV6
LogInit:      CURL_VERSION_ASYNCHDNS
LogInit:      CURL_VERSION_LARGEFILE
LogInit:      CURL_VERSION_IDN
LogInit:  CurlRequestOptions (configurable via config and command line):
LogInit:  - bVerifyPeer = true  - Libcurl will verify peer certificate
LogInit:  - bUseHttpProxy = false  - Libcurl will NOT use HTTP proxy
LogInit:  - bDontReuseConnections = false  - Libcurl will reuse connections
LogInit:  - MaxHostConnections = 16  - Libcurl will limit the number of connections to a host
LogInit:  - LocalHostAddr = Default
LogInit:  - BufferSize = 65536
LogInit: WinSock: version 1.1 (2.2), MaxSocks=32767, MaxUdp=65467
LogHMD: Failed initializing OVRPlugin 1.32.0
LogInit: Build: ++UE4+Release-4.22-CL-7053642
LogInit: Engine Version: 4.22.3-7053642+++UE4+Release-4.22
LogInit: Compatible Engine Version: 4.22.0-5660361+++UE4+Release-4.22
LogInit: Net CL: 5660361
LogInit: OS: Windows 10 (Release 1903) (), CPU: Intel(R) Core(TM) i7-6700K CPU @ 4.00GHz, GPU: NVIDIA GeForce RTX 2080
LogInit: Compiled (64-bit): Jun 18 2019 03:09:11
LogInit: Compiled with Visual C++: 19.16.27025.01
LogInit: Build Configuration: Development
LogInit: Branch Name: ++UE4+Release-4.22
LogInit: Command Line:  -skipcompile
LogInit: Base Directory: C:/Program Files/Epic Games/UE_4.22/Engine/Binaries/Win64/
LogInit: Installed Engine Build: 1
LogDevObjectVersion: Number of dev versions registered: 23
LogDevObjectVersion:   Dev-Blueprints (B0D832E4-1F89-4F0D-ACCF-7EB736FD4AA2): 10
LogDevObjectVersion:   Dev-Build (E1C64328-A22C-4D53-A36C-8E866417BD8C): 0
LogDevObjectVersion:   Dev-Core (375EC13C-06E4-48FB-B500-84F0262A717E): 3
LogDevObjectVersion:   Dev-Editor (E4B068ED-F494-42E9-A231-DA0B2E46BB41): 30
LogDevObjectVersion:   Dev-Framework (CFFC743F-43B0-4480-9391-14DF171D2073): 35
LogDevObjectVersion:   Dev-Mobile (B02B49B5-BB20-44E9-A304-32B752E40360): 2
LogDevObjectVersion:   Dev-Networking (A4E4105C-59A1-49B5-A7C5-40C4547EDFEE): 0
LogDevObjectVersion:   Dev-Online (39C831C9-5AE6-47DC-9A44-9C173E1C8E7C): 0
LogDevObjectVersion:   Dev-Physics (78F01B33-EBEA-4F98-B9B4-84EACCB95AA2): 0
LogDevObjectVersion:   Dev-Platform (6631380F-2D4D-43E0-8009-CF276956A95A): 0
LogDevObjectVersion:   Dev-Rendering (12F88B9F-8875-4AFC-A67C-D90C383ABD29): 28
LogDevObjectVersion:   Dev-Sequencer (7B5AE74C-D270-4C10-A958-57980B212A5A): 11
LogDevObjectVersion:   Dev-VR (D7296918-1DD6-4BDD-9DE2-64A83CC13884): 2
LogDevObjectVersion:   Dev-LoadTimes (C2A15278-BFE7-4AFE-6C17-90FF531DF755): 1
LogDevObjectVersion:   Private-Geometry (6EACA3D4-40EC-4CC1-B786-8BED09428FC5): 3
LogDevObjectVersion:   Dev-AnimPhys (29E575DD-E0A3-4627-9D10-D276232CDCEA): 17
LogDevObjectVersion:   Dev-Anim (AF43A65D-7FD3-4947-9873-3E8ED9C1BB05): 2
LogDevObjectVersion:   Dev-ReflectionCapture (6B266CEC-1EC7-4B8F-A30B-E4D90942FC07): 1
LogDevObjectVersion:   Dev-Automation (0DF73D61-A23F-47EA-B727-89E90C41499A): 1
LogDevObjectVersion:   FortniteMain (601D1886-AC64-4F84-AA16-D3DE0DEAC7D6): 25
LogDevObjectVersion:   Dev-Enterprise (9DFFBCD6-494F-0158-E221-12823C92A888): 6
LogDevObjectVersion:   Dev-Niagara (F2AED0AC-9AFE-416F-8664-AA7FFA26D6FC): 1
LogDevObjectVersion:   Dev-Destruction (174F1F0B-B4C6-45A5-B13F-2EE8D0FB917D): 2
LogInit: Presizing for max 16777216 objects, including 0 objects not considered by GC, pre-allocating 0 bytes for permanent pool.
LogInit: Object subsystem initialized
LogConfig: Setting CVar [[con.DebugEarlyDefault:1]]
LogConfig: Setting CVar [[r.setres:1280x720]]
[2020.04.26-20.51.37:590][  0]LogConfig: Setting CVar [[r.VSync:0]]
[2020.04.26-20.51.37:590][  0]LogConfig: Setting CVar [[r.RHICmdBypass:0]]
[2020.04.26-20.51.37:590][  0]LogConfig: Applying CVar settings from Section [/Script/Engine.RendererSettings] File [E:/SeniorProject/PollutionProject/SeniorProject/Saved/Config/Windows/Engine.ini]
[2020.04.26-20.51.37:590][  0]LogConfig: Setting CVar [[r.GPUCrashDebugging:0]]
[2020.04.26-20.51.37:590][  0]LogConfig: Setting CVar [[r.DefaultFeature.AutoExposure.ExtendDefaultLuminanceRange:1]]
[2020.04.26-20.51.37:590][  0]LogConfig: Setting CVar [[r.GenerateMeshDistanceFields:1]]
[2020.04.26-20.51.37:590][  0]LogConfig: Applying CVar settings from Section [/Script/Engine.RendererOverrideSettings] File [E:/SeniorProject/PollutionProject/SeniorProject/Saved/Config/Windows/Engine.ini]
[2020.04.26-20.51.37:590][  0]LogConfig: Applying CVar settings from Section [/Script/Engine.StreamingSettings] File [E:/SeniorProject/PollutionProject/SeniorProject/Saved/Config/Windows/Engine.ini]
[2020.04.26-20.51.37:590][  0]LogConfig: Setting CVar [[s.MinBulkDataSizeForAsyncLoading:131072]]
[2020.04.26-20.51.37:590][  0]LogConfig: Setting CVar [[s.AsyncLoadingThreadEnabled:0]]
[2020.04.26-20.51.37:590][  0]LogConfig: Setting CVar [[s.EventDrivenLoaderEnabled:1]]
[2020.04.26-20.51.37:591][  0]LogConfig: Setting CVar [[s.WarnIfTimeLimitExceeded:0]]
[2020.04.26-20.51.37:591][  0]LogConfig: Setting CVar [[s.TimeLimitExceededMultiplier:1.5]]
[2020.04.26-20.51.37:591][  0]LogConfig: Setting CVar [[s.TimeLimitExceededMinTime:0.005]]
[2020.04.26-20.51.37:591][  0]LogConfig: Setting CVar [[s.UseBackgroundLevelStreaming:1]]
[2020.04.26-20.51.37:591][  0]LogConfig: Setting CVar [[s.PriorityAsyncLoadingExtraTime:15.0]]
[2020.04.26-20.51.37:591][  0]LogConfig: Setting CVar [[s.LevelStreamingActorsUpdateTimeLimit:5.0]]
[2020.04.26-20.51.37:591][  0]LogConfig: Setting CVar [[s.PriorityLevelStreamingActorsUpdateExtraTime:5.0]]
[2020.04.26-20.51.37:591][  0]LogConfig: Setting CVar [[s.LevelStreamingComponentsRegistrationGranularity:10]]
[2020.04.26-20.51.37:591][  0]LogConfig: Setting CVar [[s.UnregisterComponentsTimeLimit:1.0]]
[2020.04.26-20.51.37:591][  0]LogConfig: Setting CVar [[s.LevelStreamingComponentsUnregistrationGranularity:5]]
[2020.04.26-20.51.37:591][  0]LogConfig: Applying CVar settings from Section [/Script/Engine.GarbageCollectionSettings] File [E:/SeniorProject/PollutionProject/SeniorProject/Saved/Config/Windows/Engine.ini]
[2020.04.26-20.51.37:591][  0]LogConfig: Setting CVar [[gc.MaxObjectsNotConsideredByGC:1]]
[2020.04.26-20.51.37:591][  0]LogConfig: Setting CVar [[gc.SizeOfPermanentObjectPool:0]]
[2020.04.26-20.51.37:592][  0]LogConfig: Setting CVar [[gc.FlushStreamingOnGC:0]]
[2020.04.26-20.51.37:592][  0]LogConfig: Setting CVar [[gc.NumRetriesBeforeForcingGC:10]]
[2020.04.26-20.51.37:592][  0]LogConfig: Setting CVar [[gc.AllowParallelGC:1]]
[2020.04.26-20.51.37:592][  0]LogConfig: Setting CVar [[gc.TimeBetweenPurgingPendingKillObjects:61.1]]
[2020.04.26-20.51.37:592][  0]LogConfig: Setting CVar [[gc.MaxObjectsInEditor:16777216]]
[2020.04.26-20.51.37:592][  0]LogConfig: Setting CVar [[gc.IncrementalBeginDestroyEnabled:1]]
[2020.04.26-20.51.37:592][  0]LogConfig: Setting CVar [[gc.CreateGCClusters:1]]
[2020.04.26-20.51.37:592][  0]LogConfig: Setting CVar [[gc.MinGCClusterSize:5]]
[2020.04.26-20.51.37:592][  0]LogConfig: Setting CVar [[gc.ActorClusteringEnabled:0]]
[2020.04.26-20.51.37:592][  0]LogConfig: Setting CVar [[gc.BlueprintClusteringEnabled:0]]
[2020.04.26-20.51.37:592][  0]LogConfig: Setting CVar [[gc.UseDisregardForGCOnDedicatedServers:0]]
[2020.04.26-20.51.37:592][  0]LogConfig: Applying CVar settings from Section [/Script/Engine.NetworkSettings] File [E:/SeniorProject/PollutionProject/SeniorProject/Saved/Config/Windows/Engine.ini]
[2020.04.26-20.51.37:592][  0]LogConfig: Applying CVar settings from Section [/Script/UnrealEd.CookerSettings] File [E:/SeniorProject/PollutionProject/SeniorProject/Saved/Config/Windows/Engine.ini]
[2020.04.26-20.51.37:618][  0]LogConfig: Applying CVar settings from Section [ViewDistanceQuality@3] File [E:/SeniorProject/PollutionProject/SeniorProject/Saved/Config/Windows/Scalability.ini]
[2020.04.26-20.51.37:618][  0]LogConfig: Setting CVar [[r.SkeletalMeshLODBias:0]]
[2020.04.26-20.51.37:618][  0]LogConfig: Setting CVar [[r.ViewDistanceScale:1.0]]
[2020.04.26-20.51.37:618][  0]LogConfig: Applying CVar settings from Section [AntiAliasingQuality@3] File [E:/SeniorProject/PollutionProject/SeniorProject/Saved/Config/Windows/Scalability.ini]
[2020.04.26-20.51.37:618][  0]LogConfig: Setting CVar [[r.PostProcessAAQuality:4]]
[2020.04.26-20.51.37:618][  0]LogConfig: Applying CVar settings from Section [ShadowQuality@3] File [E:/SeniorProject/PollutionProject/SeniorProject/Saved/Config/Windows/Scalability.ini]
[2020.04.26-20.51.37:618][  0]LogConfig: Setting CVar [[r.LightFunctionQuality:1]]
[2020.04.26-20.51.37:618][  0]LogConfig: Setting CVar [[r.ShadowQuality:5]]
[2020.04.26-20.51.37:618][  0]LogConfig: Setting CVar [[r.Shadow.CSM.MaxCascades:10]]
[2020.04.26-20.51.37:618][  0]LogConfig: Setting CVar [[r.Shadow.MaxResolution:2048]]
[2020.04.26-20.51.37:618][  0]LogConfig: Setting CVar [[r.Shadow.MaxCSMResolution:2048]]
[2020.04.26-20.51.37:619][  0]LogConfig: Setting CVar [[r.Shadow.RadiusThreshold:0.01]]
[2020.04.26-20.51.37:619][  0]LogConfig: Setting CVar [[r.Shadow.DistanceScale:1.0]]
[2020.04.26-20.51.37:619][  0]LogConfig: Setting CVar [[r.Shadow.CSM.TransitionScale:1.0]]
[2020.04.26-20.51.37:619][  0]LogConfig: Setting CVar [[r.Shadow.PreShadowResolutionFactor:1.0]]
[2020.04.26-20.51.37:619][  0]LogConfig: Setting CVar [[r.DistanceFieldShadowing:1]]
[2020.04.26-20.51.37:619][  0]LogConfig: Setting CVar [[r.DistanceFieldAO:1]]
[2020.04.26-20.51.37:619][  0]LogConfig: Setting CVar [[r.AOQuality:2]]
[2020.04.26-20.51.37:619][  0]LogConfig: Setting CVar [[r.VolumetricFog:1]]
[2020.04.26-20.51.37:619][  0]LogConfig: Setting CVar [[r.VolumetricFog.GridPixelSize:8]]
[2020.04.26-20.51.37:619][  0]LogConfig: Setting CVar [[r.VolumetricFog.GridSizeZ:128]]
[2020.04.26-20.51.37:619][  0]LogConfig: Setting CVar [[r.VolumetricFog.HistoryMissSupersampleCount:4]]
[2020.04.26-20.51.37:619][  0]LogConfig: Setting CVar [[r.LightMaxDrawDistanceScale:1]]
[2020.04.26-20.51.37:619][  0]LogConfig: Setting CVar [[r.CapsuleShadows:1]]
[2020.04.26-20.51.37:619][  0]LogConfig: Applying CVar settings from Section [PostProcessQuality@3] File [E:/SeniorProject/PollutionProject/SeniorProject/Saved/Config/Windows/Scalability.ini]
[2020.04.26-20.51.37:619][  0]LogConfig: Setting CVar [[r.MotionBlurQuality:4]]
[2020.04.26-20.51.37:619][  0]LogConfig: Setting CVar [[r.AmbientOcclusionMipLevelFactor:0.4]]
[2020.04.26-20.51.37:619][  0]LogConfig: Setting CVar [[r.AmbientOcclusionMaxQuality:100]]
[2020.04.26-20.51.37:620][  0]LogConfig: Setting CVar [[r.AmbientOcclusionLevels:-1]]
[2020.04.26-20.51.37:620][  0]LogConfig: Setting CVar [[r.AmbientOcclusionRadiusScale:1.0]]
[2020.04.26-20.51.37:620][  0]LogConfig: Setting CVar [[r.DepthOfFieldQuality:2]]
[2020.04.26-20.51.37:620][  0]LogConfig: Setting CVar [[r.RenderTargetPoolMin:400]]
[2020.04.26-20.51.37:620][  0]LogConfig: Setting CVar [[r.LensFlareQuality:2]]
[2020.04.26-20.51.37:620][  0]LogConfig: Setting CVar [[r.SceneColorFringeQuality:1]]
[2020.04.26-20.51.37:620][  0]LogConfig: Setting CVar [[r.EyeAdaptationQuality:2]]
[2020.04.26-20.51.37:620][  0]LogConfig: Setting CVar [[r.BloomQuality:5]]
[2020.04.26-20.51.37:620][  0]LogConfig: Setting CVar [[r.FastBlurThreshold:100]]
[2020.04.26-20.51.37:620][  0]LogConfig: Setting CVar [[r.Upscale.Quality:3]]
[2020.04.26-20.51.37:620][  0]LogConfig: Setting CVar [[r.Tonemapper.GrainQuantization:1]]
[2020.04.26-20.51.37:620][  0]LogConfig: Setting CVar [[r.LightShaftQuality:1]]
[2020.04.26-20.51.37:620][  0]LogConfig: Setting CVar [[r.Filter.SizeScale:1]]
[2020.04.26-20.51.37:620][  0]LogConfig: Setting CVar [[r.Tonemapper.Quality:5]]
[2020.04.26-20.51.37:620][  0]LogConfig: Setting CVar [[r.DOF.Gather.AccumulatorQuality:1        ; higher gathering accumulator quality]]
[2020.04.26-20.51.37:620][  0]LogConfig: Setting CVar [[r.DOF.Gather.PostfilterMethod:1          ; Median3x3 postfilering method]]
[2020.04.26-20.51.37:620][  0]LogConfig: Setting CVar [[r.DOF.Gather.EnableBokehSettings:0       ; no bokeh simulation when gathering]]
[2020.04.26-20.51.37:621][  0]LogConfig: Setting CVar [[r.DOF.Gather.RingCount:4                 ; medium number of samples when gathering]]
[2020.04.26-20.51.37:621][  0]LogConfig: Setting CVar [[r.DOF.Scatter.ForegroundCompositing:1    ; additive foreground scattering]]
[2020.04.26-20.51.37:621][  0]LogConfig: Setting CVar [[r.DOF.Scatter.BackgroundCompositing:2    ; additive background scattering]]
[2020.04.26-20.51.37:621][  0]LogConfig: Setting CVar [[r.DOF.Scatter.EnableBokehSettings:1      ; bokeh simulation when scattering]]
[2020.04.26-20.51.37:621][  0]LogConfig: Setting CVar [[r.DOF.Scatter.MaxSpriteRatio:0.1         ; only a maximum of 10% of scattered bokeh]]
[2020.04.26-20.51.37:621][  0]LogConfig: Setting CVar [[r.DOF.Recombine.Quality:1                ; cheap slight out of focus]]
[2020.04.26-20.51.37:621][  0]LogConfig: Setting CVar [[r.DOF.Recombine.EnableBokehSettings:0    ; no bokeh simulation on slight out of focus]]
[2020.04.26-20.51.37:621][  0]LogConfig: Setting CVar [[r.DOF.TemporalAAQuality:1                ; more stable temporal accumulation]]
[2020.04.26-20.51.37:621][  0]LogConfig: Setting CVar [[r.DOF.Kernel.MaxForegroundRadius:0.025]]
[2020.04.26-20.51.37:621][  0]LogConfig: Setting CVar [[r.DOF.Kernel.MaxBackgroundRadius:0.025]]
[2020.04.26-20.51.37:621][  0]LogConfig: Applying CVar settings from Section [TextureQuality@3] File [E:/SeniorProject/PollutionProject/SeniorProject/Saved/Config/Windows/Scalability.ini]
[2020.04.26-20.51.37:621][  0]LogConfig: Setting CVar [[r.Streaming.MipBias:0]]
[2020.04.26-20.51.37:621][  0]LogConfig: Setting CVar [[r.Streaming.AmortizeCPUToGPUCopy:0]]
[2020.04.26-20.51.37:621][  0]LogConfig: Setting CVar [[r.Streaming.MaxNumTexturesToStreamPerFrame:0]]
[2020.04.26-20.51.37:621][  0]LogConfig: Setting CVar [[r.Streaming.Boost:1]]
[2020.04.26-20.51.37:621][  0]LogConfig: Setting CVar [[r.MaxAnisotropy:8]]
[2020.04.26-20.51.37:621][  0]LogConfig: Setting CVar [[r.Streaming.LimitPoolSizeToVRAM:0]]
[2020.04.26-20.51.37:621][  0]LogConfig: Setting CVar [[r.Streaming.PoolSize:1000]]
[2020.04.26-20.51.37:621][  0]LogConfig: Setting CVar [[r.Streaming.MaxEffectiveScreenSize:0]]
[2020.04.26-20.51.37:622][  0]LogConfig: Applying CVar settings from Section [EffectsQuality@3] File [E:/SeniorProject/PollutionProject/SeniorProject/Saved/Config/Windows/Scalability.ini]
[2020.04.26-20.51.37:622][  0]LogConfig: Setting CVar [[r.TranslucencyLightingVolumeDim:64]]
[2020.04.26-20.51.37:622][  0]LogConfig: Setting CVar [[r.RefractionQuality:2]]
[2020.04.26-20.51.37:622][  0]LogConfig: Setting CVar [[r.SSR.Quality:3]]
[2020.04.26-20.51.37:622][  0]LogConfig: Setting CVar [[r.SceneColorFormat:4]]
[2020.04.26-20.51.37:622][  0]LogConfig: Setting CVar [[r.DetailMode:2]]
[2020.04.26-20.51.37:622][  0]LogConfig: Setting CVar [[r.TranslucencyVolumeBlur:1]]
[2020.04.26-20.51.37:622][  0]LogConfig: Setting CVar [[r.MaterialQualityLevel:1 ; High quality]]
[2020.04.26-20.51.37:622][  0]LogConfig: Setting CVar [[r.SSS.Scale:1]]
[2020.04.26-20.51.37:622][  0]LogConfig: Setting CVar [[r.SSS.SampleSet:2]]
[2020.04.26-20.51.37:622][  0]LogConfig: Setting CVar [[r.SSS.Quality:1]]
[2020.04.26-20.51.37:622][  0]LogConfig: Setting CVar [[r.SSS.HalfRes:1]]
[2020.04.26-20.51.37:622][  0]LogConfig: Setting CVar [[r.EmitterSpawnRateScale:1.0]]
[2020.04.26-20.51.37:622][  0]LogConfig: Setting CVar [[r.ParticleLightQuality:2]]
[2020.04.26-20.51.37:622][  0]LogConfig: Applying CVar settings from Section [FoliageQuality@3] File [E:/SeniorProject/PollutionProject/SeniorProject/Saved/Config/Windows/Scalability.ini]
[2020.04.26-20.51.37:622][  0]LogConfig: Setting CVar [[foliage.DensityScale:1.0]]
[2020.04.26-20.51.37:622][  0]LogConfig: Setting CVar [[grass.DensityScale:1.0]]
[2020.04.26-20.51.37:622][  0]LogInit: Selected Device Profile: [Windows]
[2020.04.26-20.51.37:622][  0]LogInit: Applying CVar settings loaded from the selected device profile: [Windows]
[2020.04.26-20.51.37:650][  0]LogHAL: Display: Platform has ~ 16 GB [17116258304 / 17179869184 / 16], which maps to Larger [LargestMinGB=32, LargerMinGB=12, DefaultMinGB=8, SmallerMinGB=6, SmallestMinGB=0)
[2020.04.26-20.51.37:651][  0]LogConfig: Setting CVar [[r.Vulkan.UseRealUBs:0		; Required until we fix HLR fall-out]]
[2020.04.26-20.51.37:651][  0]LogInit: Going up to parent DeviceProfile []
[2020.04.26-20.51.37:651][  0]LogConfig: Applying CVar settings from Section [ViewDistanceQuality@3] File [E:/SeniorProject/PollutionProject/SeniorProject/Saved/Config/Windows/Scalability.ini]
[2020.04.26-20.51.37:651][  0]LogConfig: Setting CVar [[r.SkeletalMeshLODBias:0]]
[2020.04.26-20.51.37:651][  0]LogConfig: Setting CVar [[r.ViewDistanceScale:1.0]]
[2020.04.26-20.51.37:651][  0]LogConfig: Applying CVar settings from Section [AntiAliasingQuality@3] File [E:/SeniorProject/PollutionProject/SeniorProject/Saved/Config/Windows/Scalability.ini]
[2020.04.26-20.51.37:651][  0]LogConfig: Setting CVar [[r.PostProcessAAQuality:4]]
[2020.04.26-20.51.37:651][  0]LogConfig: Applying CVar settings from Section [ShadowQuality@3] File [E:/SeniorProject/PollutionProject/SeniorProject/Saved/Config/Windows/Scalability.ini]
[2020.04.26-20.51.37:651][  0]LogConfig: Setting CVar [[r.LightFunctionQuality:1]]
[2020.04.26-20.51.37:651][  0]LogConfig: Setting CVar [[r.ShadowQuality:5]]
[2020.04.26-20.51.37:651][  0]LogConfig: Setting CVar [[r.Shadow.CSM.MaxCascades:10]]
[2020.04.26-20.51.37:651][  0]LogConfig: Setting CVar [[r.Shadow.MaxResolution:2048]]
[2020.04.26-20.51.37:651][  0]LogConfig: Setting CVar [[r.Shadow.MaxCSMResolution:2048]]
[2020.04.26-20.51.37:652][  0]LogConfig: Setting CVar [[r.Shadow.RadiusThreshold:0.01]]
[2020.04.26-20.51.37:652][  0]LogConfig: Setting CVar [[r.Shadow.DistanceScale:1.0]]
[2020.04.26-20.51.37:652][  0]LogConfig: Setting CVar [[r.Shadow.CSM.TransitionScale:1.0]]
[2020.04.26-20.51.37:652][  0]LogConfig: Setting CVar [[r.Shadow.PreShadowResolutionFactor:1.0]]
[2020.04.26-20.51.37:652][  0]LogConfig: Setting CVar [[r.DistanceFieldShadowing:1]]
[2020.04.26-20.51.37:652][  0]LogConfig: Setting CVar [[r.DistanceFieldAO:1]]
[2020.04.26-20.51.37:652][  0]LogConfig: Setting CVar [[r.AOQuality:2]]
[2020.04.26-20.51.37:652][  0]LogConfig: Setting CVar [[r.VolumetricFog:1]]
[2020.04.26-20.51.37:652][  0]LogConfig: Setting CVar [[r.VolumetricFog.GridPixelSize:8]]
[2020.04.26-20.51.37:652][  0]LogConfig: Setting CVar [[r.VolumetricFog.GridSizeZ:128]]
[2020.04.26-20.51.37:652][  0]LogConfig: Setting CVar [[r.VolumetricFog.HistoryMissSupersampleCount:4]]
[2020.04.26-20.51.37:652][  0]LogConfig: Setting CVar [[r.LightMaxDrawDistanceScale:1]]
[2020.04.26-20.51.37:652][  0]LogConfig: Setting CVar [[r.CapsuleShadows:1]]
[2020.04.26-20.51.37:652][  0]LogConfig: Applying CVar settings from Section [PostProcessQuality@3] File [E:/SeniorProject/PollutionProject/SeniorProject/Saved/Config/Windows/Scalability.ini]
[2020.04.26-20.51.37:652][  0]LogConfig: Setting CVar [[r.MotionBlurQuality:4]]
[2020.04.26-20.51.37:653][  0]LogConfig: Setting CVar [[r.AmbientOcclusionMipLevelFactor:0.4]]
[2020.04.26-20.51.37:653][  0]LogConfig: Setting CVar [[r.AmbientOcclusionMaxQuality:100]]
[2020.04.26-20.51.37:653][  0]LogConfig: Setting CVar [[r.AmbientOcclusionLevels:-1]]
[2020.04.26-20.51.37:653][  0]LogConfig: Setting CVar [[r.AmbientOcclusionRadiusScale:1.0]]
[2020.04.26-20.51.37:653][  0]LogConfig: Setting CVar [[r.DepthOfFieldQuality:2]]
[2020.04.26-20.51.37:653][  0]LogConfig: Setting CVar [[r.RenderTargetPoolMin:400]]
[2020.04.26-20.51.37:653][  0]LogConfig: Setting CVar [[r.LensFlareQuality:2]]
[2020.04.26-20.51.37:653][  0]LogConfig: Setting CVar [[r.SceneColorFringeQuality:1]]
[2020.04.26-20.51.37:653][  0]LogConfig: Setting CVar [[r.EyeAdaptationQuality:2]]
[2020.04.26-20.51.37:653][  0]LogConfig: Setting CVar [[r.BloomQuality:5]]
[2020.04.26-20.51.37:653][  0]LogConfig: Setting CVar [[r.FastBlurThreshold:100]]
[2020.04.26-20.51.37:653][  0]LogConfig: Setting CVar [[r.Upscale.Quality:3]]
[2020.04.26-20.51.37:653][  0]LogConfig: Setting CVar [[r.Tonemapper.GrainQuantization:1]]
[2020.04.26-20.51.37:653][  0]LogConfig: Setting CVar [[r.LightShaftQuality:1]]
[2020.04.26-20.51.37:653][  0]LogConfig: Setting CVar [[r.Filter.SizeScale:1]]
[2020.04.26-20.51.37:653][  0]LogConfig: Setting CVar [[r.Tonemapper.Quality:5]]
[2020.04.26-20.51.37:653][  0]LogConfig: Setting CVar [[r.DOF.Gather.AccumulatorQuality:1        ; higher gathering accumulator quality]]
[2020.04.26-20.51.37:654][  0]LogConfig: Setting CVar [[r.DOF.Gather.PostfilterMethod:1          ; Median3x3 postfilering method]]
[2020.04.26-20.51.37:654][  0]LogConfig: Setting CVar [[r.DOF.Gather.EnableBokehSettings:0       ; no bokeh simulation when gathering]]
[2020.04.26-20.51.37:654][  0]LogConfig: Setting CVar [[r.DOF.Gather.RingCount:4                 ; medium number of samples when gathering]]
[2020.04.26-20.51.37:654][  0]LogConfig: Setting CVar [[r.DOF.Scatter.ForegroundCompositing:1    ; additive foreground scattering]]
[2020.04.26-20.51.37:654][  0]LogConfig: Setting CVar [[r.DOF.Scatter.BackgroundCompositing:2    ; additive background scattering]]
[2020.04.26-20.51.37:654][  0]LogConfig: Setting CVar [[r.DOF.Scatter.EnableBokehSettings:1      ; bokeh simulation when scattering]]
[2020.04.26-20.51.37:654][  0]LogConfig: Setting CVar [[r.DOF.Scatter.MaxSpriteRatio:0.1         ; only a maximum of 10% of scattered bokeh]]
[2020.04.26-20.51.37:654][  0]LogConfig: Setting CVar [[r.DOF.Recombine.Quality:1                ; cheap slight out of focus]]
[2020.04.26-20.51.37:654][  0]LogConfig: Setting CVar [[r.DOF.Recombine.EnableBokehSettings:0    ; no bokeh simulation on slight out of focus]]
[2020.04.26-20.51.37:654][  0]LogConfig: Setting CVar [[r.DOF.TemporalAAQuality:1                ; more stable temporal accumulation]]
[2020.04.26-20.51.37:654][  0]LogConfig: Setting CVar [[r.DOF.Kernel.MaxForegroundRadius:0.025]]
[2020.04.26-20.51.37:654][  0]LogConfig: Setting CVar [[r.DOF.Kernel.MaxBackgroundRadius:0.025]]
[2020.04.26-20.51.37:654][  0]LogConfig: Applying CVar settings from Section [TextureQuality@3] File [E:/SeniorProject/PollutionProject/SeniorProject/Saved/Config/Windows/Scalability.ini]
[2020.04.26-20.51.37:654][  0]LogConfig: Setting CVar [[r.Streaming.MipBias:0]]
[2020.04.26-20.51.37:654][  0]LogConfig: Setting CVar [[r.Streaming.AmortizeCPUToGPUCopy:0]]
[2020.04.26-20.51.37:655][  0]LogConfig: Setting CVar [[r.Streaming.MaxNumTexturesToStreamPerFrame:0]]
[2020.04.26-20.51.37:655][  0]LogConfig: Setting CVar [[r.Streaming.Boost:1]]
[2020.04.26-20.51.37:655][  0]LogConfig: Setting CVar [[r.MaxAnisotropy:8]]
[2020.04.26-20.51.37:655][  0]LogConfig: Setting CVar [[r.Streaming.LimitPoolSizeToVRAM:0]]
[2020.04.26-20.51.37:655][  0]LogConfig: Setting CVar [[r.Streaming.PoolSize:1000]]
[2020.04.26-20.51.37:655][  0]LogConfig: Setting CVar [[r.Streaming.MaxEffectiveScreenSize:0]]
[2020.04.26-20.51.37:655][  0]LogConfig: Applying CVar settings from Section [EffectsQuality@3] File [E:/SeniorProject/PollutionProject/SeniorProject/Saved/Config/Windows/Scalability.ini]
[2020.04.26-20.51.37:655][  0]LogConfig: Setting CVar [[r.TranslucencyLightingVolumeDim:64]]
[2020.04.26-20.51.37:655][  0]LogConfig: Setting CVar [[r.RefractionQuality:2]]
[2020.04.26-20.51.37:655][  0]LogConfig: Setting CVar [[r.SSR.Quality:3]]
[2020.04.26-20.51.37:655][  0]LogConfig: Setting CVar [[r.SceneColorFormat:4]]
[2020.04.26-20.51.37:655][  0]LogConfig: Setting CVar [[r.DetailMode:2]]
[2020.04.26-20.51.37:655][  0]LogConfig: Setting CVar [[r.TranslucencyVolumeBlur:1]]
[2020.04.26-20.51.37:655][  0]LogConfig: Setting CVar [[r.MaterialQualityLevel:1 ; High quality]]
[2020.04.26-20.51.37:656][  0]LogConfig: Setting CVar [[r.SSS.Scale:1]]
[2020.04.26-20.51.37:656][  0]LogConfig: Setting CVar [[r.SSS.SampleSet:2]]
[2020.04.26-20.51.37:656][  0]LogConfig: Setting CVar [[r.SSS.Quality:1]]
[2020.04.26-20.51.37:656][  0]LogConfig: Setting CVar [[r.SSS.HalfRes:1]]
[2020.04.26-20.51.37:656][  0]LogConfig: Setting CVar [[r.EmitterSpawnRateScale:1.0]]
[2020.04.26-20.51.37:656][  0]LogConfig: Setting CVar [[r.ParticleLightQuality:2]]
[2020.04.26-20.51.37:656][  0]LogConfig: Applying CVar settings from Section [FoliageQuality@3] File [E:/SeniorProject/PollutionProject/SeniorProject/Saved/Config/Windows/Scalability.ini]
[2020.04.26-20.51.37:656][  0]LogConfig: Setting CVar [[foliage.DensityScale:1.0]]
[2020.04.26-20.51.37:656][  0]LogConfig: Setting CVar [[grass.DensityScale:1.0]]
[2020.04.26-20.51.37:656][  0]LogConfig: Applying CVar settings from Section [Startup] File [../../../Engine/Config/ConsoleVariables.ini]
[2020.04.26-20.51.37:656][  0]LogConfig: Setting CVar [[net.UseAdaptiveNetUpdateFrequency:0]]
[2020.04.26-20.51.37:657][  0]LogConfig: Setting CVar [[p.chaos.AllowCreatePhysxBodies:1]]
[2020.04.26-20.51.37:657][  0]LogConfig: Applying CVar settings from Section [ConsoleVariables] File [E:/SeniorProject/PollutionProject/SeniorProject/Saved/Config/Windows/Engine.ini]
[2020.04.26-20.51.37:657][  0]LogInit: Computer: GREGSPC
[2020.04.26-20.51.37:657][  0]LogInit: User: Gregory
[2020.04.26-20.51.37:657][  0]LogInit: CPU Page size=4096, Cores=4
[2020.04.26-20.51.37:657][  0]LogInit: High frequency timer resolution =10.000000 MHz
[2020.04.26-20.51.37:657][  0]LogMemory: Memory total: Physical=15.9GB (16GB approx)
[2020.04.26-20.51.37:657][  0]LogMemory: Platform Memory Stats for Windows
[2020.04.26-20.51.37:657][  0]LogMemory: Process Physical Memory: 102.70 MB used, 102.70 MB peak
[2020.04.26-20.51.37:657][  0]LogMemory: Process Virtual Memory: 104.00 MB used, 104.00 MB peak
[2020.04.26-20.51.37:657][  0]LogMemory: Physical Memory: 10254.53 MB used,  6068.81 MB free, 16323.34 MB total
[2020.04.26-20.51.37:657][  0]LogMemory: Virtual Memory: 4670.20 MB used,  134213056.00 MB free, 134217728.00 MB total
[2020.04.26-20.51.38:014][  0]LogInit: Using OS detected language (en-US).
[2020.04.26-20.51.38:014][  0]LogInit: Using OS detected locale (en-US).
[2020.04.26-20.51.38:015][  0]LogTextLocalizationManager: No specific localization for 'en-US' exists, so the 'en' localization will be used.
[2020.04.26-20.51.38:250][  0]LogInit: Setting process to per monitor DPI aware
[2020.04.26-20.51.38:485][  0]LogSlate: New Slate User Created.  User Index 0, Is Virtual User: 0
[2020.04.26-20.51.38:485][  0]LogSlate: Slate User Registered.  User Index 0, Is Virtual User: 0
[2020.04.26-20.51.43:377][  0]LogHMD: Failed to initialize OpenVR with code 126
[2020.04.26-20.51.43:377][  0]LogD3D11RHI: D3D11 adapters:
[2020.04.26-20.51.43:491][  0]LogD3D11RHI:    0. 'NVIDIA GeForce RTX 2080' (Feature Level 11_0)
[2020.04.26-20.51.43:491][  0]LogD3D11RHI:       8010/0/8161 MB DedicatedVideo/DedicatedSystem/SharedSystem, Outputs:4, VendorId:0x10de
[2020.04.26-20.51.43:496][  0]LogD3D11RHI:    1. 'Microsoft Basic Render Driver' (Feature Level 11_0)
[2020.04.26-20.51.43:496][  0]LogD3D11RHI:       0/0/8161 MB DedicatedVideo/DedicatedSystem/SharedSystem, Outputs:0, VendorId:0x1414
[2020.04.26-20.51.43:496][  0]LogD3D11RHI: Chosen D3D11 Adapter: 0
[2020.04.26-20.51.43:505][  0]LogD3D11RHI: Creating new Direct3DDevice
[2020.04.26-20.51.43:505][  0]LogD3D11RHI:     GPU DeviceId: 0x1e87 (for the marketing name, search the web for "GPU Device Id")
[2020.04.26-20.51.43:505][  0]LogWindows: EnumDisplayDevices:
[2020.04.26-20.51.43:505][  0]LogWindows:    0. 'NVIDIA GeForce RTX 2080' (P:1 D:1)
[2020.04.26-20.51.43:505][  0]LogWindows:    1. 'NVIDIA GeForce RTX 2080' (P:0 D:1)
[2020.04.26-20.51.43:506][  0]LogWindows:    2. 'NVIDIA GeForce RTX 2080' (P:0 D:1)
[2020.04.26-20.51.43:506][  0]LogWindows:    3. 'NVIDIA GeForce RTX 2080' (P:0 D:1)
[2020.04.26-20.51.43:506][  0]LogWindows: DebugString: FoundDriverCount:4 
[2020.04.26-20.51.43:506][  0]LogD3D11RHI:     Adapter Name: NVIDIA GeForce RTX 2080
[2020.04.26-20.51.43:507][  0]LogD3D11RHI:   Driver Version: 432.00 (internal:26.21.14.3200, unified:432.00)
[2020.04.26-20.51.43:507][  0]LogD3D11RHI:      Driver Date: 7-24-2019
[2020.04.26-20.51.43:507][  0]LogRHI: Texture pool is 5607 MB (70% of 8010 MB)
[2020.04.26-20.51.43:562][  0]LogD3D11RHI: Async texture creation enabled
[2020.04.26-20.51.43:605][  0]LogRendererCore: FGlobalReadBuffer::InitRHI
[2020.04.26-20.51.43:612][  0]LogRendererCore: FGlobalReadBuffer::InitRHI
[2020.04.26-20.51.43:613][  0]LogRendererCore: FGlobalReadBuffer::InitRHI
[2020.04.26-20.51.43:622][  0]LogD3D11RHI: GPU Timing Frequency: 1000.000000 (Debug: 2 1)
[2020.04.26-20.51.44:143][  0]LogTemp: Display: Module 'AllDesktopTargetPlatform' loaded TargetPlatform 'AllDesktop'
[2020.04.26-20.51.44:165][  0]LogTemp: Display: Module 'MacClientTargetPlatform' loaded TargetPlatform 'MacClient'
[2020.04.26-20.51.44:187][  0]LogTemp: Display: Module 'MacNoEditorTargetPlatform' loaded TargetPlatform 'MacNoEditor'
[2020.04.26-20.51.44:211][  0]LogTemp: Display: Module 'MacServerTargetPlatform' loaded TargetPlatform 'MacServer'
[2020.04.26-20.51.44:262][  0]LogTemp: Display: Module 'MacTargetPlatform' loaded TargetPlatform 'Mac'
[2020.04.26-20.51.44:285][  0]LogTemp: Display: Module 'WindowsClientTargetPlatform' loaded TargetPlatform 'WindowsClient'
[2020.04.26-20.51.44:308][  0]LogTemp: Display: Module 'WindowsNoEditorTargetPlatform' loaded TargetPlatform 'WindowsNoEditor'
[2020.04.26-20.51.44:350][  0]LogTemp: Display: Module 'WindowsServerTargetPlatform' loaded TargetPlatform 'WindowsServer'
[2020.04.26-20.51.44:367][  0]LogTemp: Display: Module 'WindowsTargetPlatform' loaded TargetPlatform 'Windows'
[2020.04.26-20.51.44:492][  0]LogTemp: Display: Module 'AndroidTargetPlatform' loaded TargetPlatform 'Android'
[2020.04.26-20.51.44:492][  0]LogTemp: Display: Module 'AndroidTargetPlatform' loaded TargetPlatform 'Android_ASTC'
[2020.04.26-20.51.44:492][  0]LogTemp: Display: Module 'AndroidTargetPlatform' loaded TargetPlatform 'Android_ATC'
[2020.04.26-20.51.44:492][  0]LogTemp: Display: Module 'AndroidTargetPlatform' loaded TargetPlatform 'Android_DXT'
[2020.04.26-20.51.44:492][  0]LogTemp: Display: Module 'AndroidTargetPlatform' loaded TargetPlatform 'Android_ETC1'
[2020.04.26-20.51.44:492][  0]LogTemp: Display: Module 'AndroidTargetPlatform' loaded TargetPlatform 'Android_ETC1a'
[2020.04.26-20.51.44:493][  0]LogTemp: Display: Module 'AndroidTargetPlatform' loaded TargetPlatform 'Android_ETC2'
[2020.04.26-20.51.44:493][  0]LogTemp: Display: Module 'AndroidTargetPlatform' loaded TargetPlatform 'Android_PVRTC'
[2020.04.26-20.51.44:493][  0]LogTemp: Display: Module 'AndroidTargetPlatform' loaded TargetPlatform 'AndroidClient'
[2020.04.26-20.51.44:493][  0]LogTemp: Display: Module 'AndroidTargetPlatform' loaded TargetPlatform 'Android_ASTCClient'
[2020.04.26-20.51.44:493][  0]LogTemp: Display: Module 'AndroidTargetPlatform' loaded TargetPlatform 'Android_ATCClient'
[2020.04.26-20.51.44:493][  0]LogTemp: Display: Module 'AndroidTargetPlatform' loaded TargetPlatform 'Android_DXTClient'
[2020.04.26-20.51.44:493][  0]LogTemp: Display: Module 'AndroidTargetPlatform' loaded TargetPlatform 'Android_ETC1Client'
[2020.04.26-20.51.44:493][  0]LogTemp: Display: Module 'AndroidTargetPlatform' loaded TargetPlatform 'Android_ETC1aClient'
[2020.04.26-20.51.44:493][  0]LogTemp: Display: Module 'AndroidTargetPlatform' loaded TargetPlatform 'Android_ETC2Client'
[2020.04.26-20.51.44:493][  0]LogTemp: Display: Module 'AndroidTargetPlatform' loaded TargetPlatform 'Android_PVRTCClient'
[2020.04.26-20.51.44:493][  0]LogTemp: Display: Module 'AndroidTargetPlatform' loaded TargetPlatform 'Android_Multi'
[2020.04.26-20.51.44:493][  0]LogTemp: Display: Module 'AndroidTargetPlatform' loaded TargetPlatform 'Android_MultiClient'
[2020.04.26-20.51.44:517][  0]LogTemp: Display: Module 'HTML5TargetPlatform' loaded TargetPlatform 'HTML5'
[2020.04.26-20.51.44:653][  0]LogTemp: Display: Module 'IOSTargetPlatform' loaded TargetPlatform 'IOSClient'
[2020.04.26-20.51.44:653][  0]LogTemp: Display: Module 'IOSTargetPlatform' loaded TargetPlatform 'IOS'
[2020.04.26-20.51.44:686][  0]LogTemp: Display: Module 'TVOSTargetPlatform' loaded TargetPlatform 'TVOSClient'
[2020.04.26-20.51.44:686][  0]LogTemp: Display: Module 'TVOSTargetPlatform' loaded TargetPlatform 'TVOS'
[2020.04.26-20.51.44:705][  0]LogTemp: Display: Module 'LinuxClientTargetPlatform' loaded TargetPlatform 'LinuxClient'
[2020.04.26-20.51.44:723][  0]LogTemp: Display: Module 'LinuxNoEditorTargetPlatform' loaded TargetPlatform 'LinuxNoEditor'
[2020.04.26-20.51.44:739][  0]LogTemp: Display: Module 'LinuxServerTargetPlatform' loaded TargetPlatform 'LinuxServer'
[2020.04.26-20.51.44:791][  0]LogTemp: Display: Module 'LinuxTargetPlatform' loaded TargetPlatform 'Linux'
[2020.04.26-20.51.44:849][  0]LogTemp: Display: Module 'LuminTargetPlatform' loaded TargetPlatform 'Lumin'
[2020.04.26-20.51.44:853][  0]LogTemp: Display: Module 'LuminTargetPlatform' loaded TargetPlatform 'LuminClient'
[2020.04.26-20.51.44:853][  0]LogTargetPlatformManager: Display: Building Assets For Windows
[2020.04.26-20.51.44:922][  0]LogAudioDebug: Display: Lib vorbis DLL was dynamically loaded.
[2020.04.26-20.51.45:394][  0]LogShaderCompilers: Guid format shader working directory is 1 characters bigger than the processId version (E:/SeniorProject/PollutionProject/SeniorProject/Intermediate/Shaders/WorkingDirectory/3008/).
[2020.04.26-20.51.45:395][  0]LogShaderCompilers: Cleaned the shader compiler working directory 'C:/Users/Gregory/AppData/Local/Temp/UnrealShaderWorkingDir/419061A84CC92C75B61710A9BE20A62F/'.
[2020.04.26-20.51.45:399][  0]LogXGEController: Cannot use XGE Controller as Incredibuild is not installed on this machine.
[2020.04.26-20.51.45:399][  0]LogShaderCompilers: Cannot use XGE Shader Compiler as Incredibuild is not installed on this machine.
[2020.04.26-20.51.45:399][  0]LogShaderCompilers: Display: Using Local Shader Compiler.
[2020.04.26-20.51.50:323][  0]LogDerivedDataCache: Display: Max Cache Size: 512 MB
[2020.04.26-20.51.50:653][  0]LogDerivedDataCache: Loaded boot cache 0.33s 73MB C:/Users/Gregory/AppData/Local/UnrealEngine/4.22/DerivedDataCache/Boot.ddc.
[2020.04.26-20.51.50:654][  0]LogDerivedDataCache: Display: Loaded Boot cache: C:/Users/Gregory/AppData/Local/UnrealEngine/4.22/DerivedDataCache/Boot.ddc
[2020.04.26-20.51.50:654][  0]LogDerivedDataCache: FDerivedDataBackendGraph:  Pak pak cache file E:/SeniorProject/PollutionProject/SeniorProject/DerivedDataCache/DDC.ddp not found, will not use a pak cache.
[2020.04.26-20.51.50:654][  0]LogDerivedDataCache: Unable to find inner node Pak for hierarchical cache Hierarchy.
[2020.04.26-20.51.50:654][  0]LogDerivedDataCache: FDerivedDataBackendGraph:  CompressedPak pak cache file E:/SeniorProject/PollutionProject/SeniorProject/DerivedDataCache/Compressed.ddp not found, will not use a pak cache.
[2020.04.26-20.51.50:654][  0]LogDerivedDataCache: Unable to find inner node CompressedPak for hierarchical cache Hierarchy.
[2020.04.26-20.51.50:665][  0]LogDerivedDataCache: Display: Pak cache opened for reading ../../../Engine/DerivedDataCache/Compressed.ddp.
[2020.04.26-20.51.50:668][  0]LogDerivedDataCache: Display: Pak cache opened for reading ../../../Enterprise/DerivedDataCache/Compressed.ddp.
[2020.04.26-20.51.50:682][  0]LogDerivedDataCache: Using Local data cache path C:/Users/Gregory/AppData/Local/UnrealEngine/Common/DerivedDataCache: Writable
[2020.04.26-20.51.50:682][  0]LogDerivedDataCache: Shared data cache path not found in *engine.ini, will not use an Shared cache.
[2020.04.26-20.51.50:683][  0]LogDerivedDataCache: Unable to find inner node Shared for hierarchical cache Hierarchy.
[2020.04.26-20.51.50:706][  0]LogMaterial: Verifying Global Shaders for PCD3D_SM5
[2020.04.26-20.51.50:707][  0]LogSlate: Using FreeType 2.6.0
[2020.04.26-20.51.50:727][  0]LogSlate: SlateFontServices - WITH_FREETYPE: 1, WITH_HARFBUZZ: 1
[2020.04.26-20.51.52:252][  0]LogAssetRegistry: FAssetRegistry took 0.0336 seconds to start up
[2020.04.26-20.51.52:583][  0]LogInit: Selected Device Profile: [Windows]
[2020.04.26-20.51.53:054][  0]LogMeshReduction: Using QuadricMeshReduction for automatic static mesh reduction
[2020.04.26-20.51.53:054][  0]LogMeshReduction: Using SimplygonMeshReduction for automatic skeletal mesh reduction
[2020.04.26-20.51.53:054][  0]LogMeshReduction: Using ProxyLODMeshReduction for automatic mesh merging
[2020.04.26-20.51.53:054][  0]LogMeshReduction: No distributed automatic mesh merging module available
[2020.04.26-20.51.53:054][  0]LogMeshMerging: No distributed automatic mesh merging module available
[2020.04.26-20.51.53:063][  0]LogNetVersion: SeniorProject 1.0.0, NetCL: 5660361, EngineNetVer: 10, GameNetVer: 0 (Checksum: 993350713)
[2020.04.26-20.51.53:464][  0]LogPackageLocalizationCache: Processed 16 localized package path(s) for 1 prioritized culture(s) in 0.057811 seconds
[2020.04.26-20.51.53:472][  0]LogUObjectArray: 42205 objects as part of root set at end of initial load.
[2020.04.26-20.51.53:472][  0]LogUObjectAllocator: 7325032 out of 0 bytes used by permanent object pool.
[2020.04.26-20.51.53:472][  0]LogUObjectArray: CloseDisregardForGC: 0/0 objects in disregard for GC pool
[2020.04.26-20.52.14:538][  0]LogTcpMessaging: Initializing TcpMessaging bridge
[2020.04.26-20.52.14:581][  0]LogUdpMessaging: Initializing bridge on interface 0.0.0.0:0 to multicast group 230.0.0.1:6666.
[2020.04.26-20.52.14:954][  0]LogOutputDevice: Error: Ensure condition failed: AttachmentRules.LocationRule == EAttachmentRule::KeepRelative && AttachmentRules.RotationRule == EAttachmentRule::KeepRelative && AttachmentRules.ScaleRule == EAttachmentRule::KeepRelative [File:D:\Build\++UE4\Sync\Engine\Source\Runtime\Engine\Private\Components\SceneComponent.cpp] [Line: 1786] 
AttachToComponent when called from a constructor is only setting up attachment and will always be treated as KeepRelative. Consider calling SetupAttachment directly instead.

[2020.04.26-20.52.14:954][  0]LogStats:             FDebug::EnsureFailed -  0.000 s
[2020.04.26-20.53.02:406][  0]SourceControl: Source control is disabled
[2020.04.26-20.53.04:944][  0]LogAndroidPermission: UAndroidPermissionCallbackProxy::GetInstance
[2020.04.26-20.53.05:478][  0]LogOcInput: OculusInput pre-init called
[2020.04.26-20.53.08:573][  0]LogWindows: Failed to load 'libalias_api.dll' (GetLastError=126)
[2020.04.26-20.53.08:573][  0]LogWindows: File 'libalias_api.dll' does not exist
[2020.04.26-20.53.08:575][  0]LogWindows: Failed to load 'libalias_api.dll' (GetLastError=126)
[2020.04.26-20.53.08:575][  0]LogWindows: File 'libalias_api.dll' does not exist
[2020.04.26-20.53.08:840][  0]LogEngine: Initializing Engine...
[2020.04.26-20.53.08:885][  0]LogHMD: Failed to initialize OpenVR with code 126
[2020.04.26-20.53.08:887][  0]LogStats: UGameplayTagsManager::InitializeManager -  0.000 s
[2020.04.26-20.53.09:108][  0]LogInit: Initializing FReadOnlyCVARCache
[2020.04.26-20.53.09:156][  0]LogAIModule: Creating AISystem for world Untitled
[2020.04.26-20.53.09:370][  0]LogInit: XAudio2 using 'Headset Earphone (2- Corsair HS70 Wireless Gaming Headset)' : 2 channels at 48 kHz using 16 bits per sample (channel mask 0x3)
[2020.04.26-20.53.09:402][  0]LogInit: FAudioDevice initialized.
[2020.04.26-20.53.09:403][  0]LogNetVersion: Set ProjectVersion to 1.0.0.0. Version Checksum will be recalculated on next use.
[2020.04.26-20.53.09:599][  0]LogDerivedDataCache: Saved boot cache 0.20s 73MB C:/Users/Gregory/AppData/Local/UnrealEngine/4.22/DerivedDataCache/Boot.ddc.
[2020.04.26-20.53.09:611][  0]LogInit: Texture streaming: Enabled
[2020.04.26-20.53.09:706][  0]LogEngineSessionManager: EngineSessionManager initialized
[2020.04.26-20.53.09:718][  0]LogEngineSessionManager: EngineSessionManager sent abnormal shutdown report. Type=Debugger, SessionId={08067D0F-482E-27FE-F567-EEBD90CE845E}
[2020.04.26-20.53.09:907][  0]LogInit: Transaction tracking system initialized
[2020.04.26-20.53.10:136][  0]BlueprintLog: New page: Editor Load
[2020.04.26-20.53.11:259][  0]LocalizationService: Localization service is disabled
[2020.04.26-20.53.11:926][  0]LogFileCache: Scanning file cache for directory 'E:/SeniorProject/PollutionProject/SeniorProject/Content/' took 0.02s
[2020.04.26-20.53.11:927][  0]LogCook: Display: Max memory allowance for cook 16384mb min free memory 0mb
[2020.04.26-20.53.11:927][  0]LogCook: Display: Mobile HDR setting 1
[2020.04.26-20.53.14:868][  0]Cmd: MAP LOAD FILE="E:/SeniorProject/PollutionProject/SeniorProject/Content/Levels/GreyBoxLVL4.umap" TEMPLATE=0 SHOWPROGRESS=1 FEATURELEVEL=3
[2020.04.26-20.53.14:869][  0]LightingResults: New page: Lighting Build
[2020.04.26-20.53.14:872][  0]MapCheck: New page: Map Check
[2020.04.26-20.53.14:873][  0]LightingResults: New page: Lighting Build
[2020.04.26-20.53.14:895][  0]LogUObjectHash: Compacting FUObjectHashTables data took   1.60ms
[2020.04.26-20.53.15:845][  0]LogLinker: Warning: Asset 'E:/SeniorProject/PollutionProject/SeniorProject/Content/Materials/MF_ConvolveTexture.uasset' has been saved with empty engine version. The asset will be loaded but may be incompatible.
[2020.04.26-20.53.15:846][  0]LogLinker: Warning: Asset 'E:/SeniorProject/PollutionProject/SeniorProject/Content/Materials/MF_ExtractDepth.uasset' has been saved with empty engine version. The asset will be loaded but may be incompatible.
[2020.04.26-20.53.15:848][  0]LogLinker: Warning: Asset 'E:/SeniorProject/PollutionProject/SeniorProject/Content/Materials/MF_SampleSceneTextureNeighbourUVs.uasset' has been saved with empty engine version. The asset will be loaded but may be incompatible.
[2020.04.26-20.53.30:696][  0]LogAIModule: Creating AISystem for world GreyBoxLVL4
[2020.04.26-20.53.32:692][  0]LogEditorServer: Finished looking for orphan Actors (0.001 secs)
[2020.04.26-20.53.32:904][  0]LogUObjectHash: Compacting FUObjectHashTables data took   9.30ms
[2020.04.26-20.53.32:905][  0]Cmd: MAP CHECKDEP NOCLEARLOG
[2020.04.26-20.53.32:907][  0]MapCheck: Map check complete: 0 Error(s), 0 Warning(s), took 1.412ms to complete.
[2020.04.26-20.53.32:907][  0]LogFileHelpers: Loading map 'GreyBoxLVL4' took 18.039
[2020.04.26-20.53.33:208][  0]LogSlate: Updating window title bar state: overlay mode, drag disabled, window buttons hidden, title bar hidden
[2020.04.26-20.53.33:221][  0]LogSlate: Updating window title bar state: overlay mode, drag disabled, window buttons hidden, title bar hidden
[2020.04.26-20.53.33:236][  0]LogSlate: Updating window title bar state: overlay mode, drag disabled, window buttons hidden, title bar hidden
[2020.04.26-20.53.33:251][  0]LogSlate: Updating window title bar state: overlay mode, drag disabled, window buttons hidden, title bar hidden
[2020.04.26-20.53.33:282][  0]LogCollectionManager: Loaded 0 collections in 0.003704 seconds
[2020.04.26-20.53.33:317][  0]LogFileCache: Scanning file cache for directory 'E:/SeniorProject/PollutionProject/SeniorProject/Saved/Collections/' took 0.01s
[2020.04.26-20.53.33:317][  0]LogFileCache: Scanning file cache for directory 'E:/SeniorProject/PollutionProject/SeniorProject/Content/Developers/Gregory/Collections/' took 0.00s
[2020.04.26-20.53.33:317][  0]LogFileCache: Scanning file cache for directory 'E:/SeniorProject/PollutionProject/SeniorProject/Content/Collections/' took 0.01s
[2020.04.26-20.53.33:317][  0]LogCollectionManager: Rebuilt the GUID cache for 0 collections in 0.000000 seconds
[2020.04.26-20.53.33:333][  0]LogContentBrowser: Native class hierarchy populated in 0.0153 seconds. Added 2876 classes and 729 folders.
[2020.04.26-20.53.33:344][  0]LogContentBrowser: Native class hierarchy updated for 'WidgetCarousel' in 0.0004 seconds. Added 0 classes and 0 folders.
[2020.04.26-20.53.33:374][  0]LogPakFile: Registered encryption key '00000000000000000000000000000000': 0 pak files mounted, 0 remain pending
[2020.04.26-20.53.33:375][  0]LogPakFile: Registered encryption key '00000000000000000000000000000000': 0 pak files mounted, 0 remain pending
[2020.04.26-20.53.33:376][  0]LogPakFile: Registered encryption key '00000000000000000000000000000000': 0 pak files mounted, 0 remain pending
[2020.04.26-20.53.33:377][  0]LogPakFile: Registered encryption key '00000000000000000000000000000000': 0 pak files mounted, 0 remain pending
[2020.04.26-20.53.33:377][  0]LogPakFile: Registered encryption key '00000000000000000000000000000000': 0 pak files mounted, 0 remain pending
[2020.04.26-20.53.33:378][  0]LogPakFile: Registered encryption key '00000000000000000000000000000000': 0 pak files mounted, 0 remain pending
[2020.04.26-20.53.33:378][  0]LogPakFile: Registered encryption key '00000000000000000000000000000000': 0 pak files mounted, 0 remain pending
[2020.04.26-20.53.33:379][  0]LogPakFile: Registered encryption key '00000000000000000000000000000000': 0 pak files mounted, 0 remain pending
[2020.04.26-20.53.33:379][  0]LogPakFile: Registered encryption key '00000000000000000000000000000000': 0 pak files mounted, 0 remain pending
[2020.04.26-20.53.33:380][  0]LogPakFile: Registered encryption key '00000000000000000000000000000000': 0 pak files mounted, 0 remain pending
[2020.04.26-20.53.33:380][  0]LogPakFile: Registered encryption key '00000000000000000000000000000000': 0 pak files mounted, 0 remain pending
[2020.04.26-20.53.33:381][  0]LogPakFile: Registered encryption key '00000000000000000000000000000000': 0 pak files mounted, 0 remain pending
[2020.04.26-20.53.33:382][  0]LogPakFile: Registered encryption key '00000000000000000000000000000000': 0 pak files mounted, 0 remain pending
[2020.04.26-20.53.33:382][  0]LogPakFile: Registered encryption key '00000000000000000000000000000000': 0 pak files mounted, 0 remain pending
[2020.04.26-20.53.33:383][  0]LogPakFile: Registered encryption key '00000000000000000000000000000000': 0 pak files mounted, 0 remain pending
[2020.04.26-20.53.33:384][  0]LogPakFile: Registered encryption key '00000000000000000000000000000000': 0 pak files mounted, 0 remain pending
[2020.04.26-20.53.33:384][  0]LogPakFile: Registered encryption key '00000000000000000000000000000000': 0 pak files mounted, 0 remain pending
[2020.04.26-20.53.33:385][  0]LogPakFile: Registered encryption key '00000000000000000000000000000000': 0 pak files mounted, 0 remain pending
[2020.04.26-20.53.33:386][  0]LogPakFile: Registered encryption key '00000000000000000000000000000000': 0 pak files mounted, 0 remain pending
[2020.04.26-20.53.33:387][  0]LogPakFile: Registered encryption key '00000000000000000000000000000000': 0 pak files mounted, 0 remain pending
[2020.04.26-20.53.33:387][  0]LogPakFile: Registered encryption key '00000000000000000000000000000000': 0 pak files mounted, 0 remain pending
[2020.04.26-20.53.33:388][  0]LogPakFile: Registered encryption key '00000000000000000000000000000000': 0 pak files mounted, 0 remain pending
[2020.04.26-20.53.33:388][  0]LogPakFile: Registered encryption key '00000000000000000000000000000000': 0 pak files mounted, 0 remain pending
[2020.04.26-20.53.33:389][  0]LogPakFile: Registered encryption key '00000000000000000000000000000000': 0 pak files mounted, 0 remain pending
[2020.04.26-20.53.33:390][  0]LogPakFile: Registered encryption key '00000000000000000000000000000000': 0 pak files mounted, 0 remain pending
[2020.04.26-20.53.33:391][  0]LogPakFile: Registered encryption key '00000000000000000000000000000000': 0 pak files mounted, 0 remain pending
[2020.04.26-20.53.33:391][  0]LogPakFile: Registered encryption key '00000000000000000000000000000000': 0 pak files mounted, 0 remain pending
[2020.04.26-20.53.33:392][  0]LogPakFile: Registered encryption key '00000000000000000000000000000000': 0 pak files mounted, 0 remain pending
[2020.04.26-20.53.33:932][  0]LogContentBrowser: Native class hierarchy updated for 'AddContentDialog' in 0.0004 seconds. Added 0 classes and 0 folders.
[2020.04.26-20.53.33:936][  0]LogContentBrowser: Native class hierarchy updated for 'SceneOutliner' in 0.0003 seconds. Added 1 classes and 0 folders.
[2020.04.26-20.53.33:953][  0]LogSlate: Took 0.000158 seconds to synchronously load lazily loaded font '../../../Engine/Content/Slate/Fonts/Roboto-Regular.ttf' (155K)
[2020.04.26-20.53.33:956][  0]LogSlate: Took 0.000246 seconds to synchronously load lazily loaded font '../../../Engine/Content/Slate/Fonts/Roboto-Bold.ttf' (160K)
[2020.04.26-20.53.33:999][  0]LogSlate: Took 0.037269 seconds to synchronously load lazily loaded font '../../../Engine/Content/Editor/Slate/Fonts/FontAwesome.ttf' (139K)
[2020.04.26-20.53.34:066][  0]LogRenderer: Reallocating scene render targets to support 1176x604 Format 10 NumSamples 1 (Frame:1).
[2020.04.26-20.53.34:278][  0]LogStaticMesh: Allocated 512x432x64 distance field atlas = 27.0Mb, with 176 objects containing 22.4Mb backing data
[2020.04.26-20.53.34:711][  0]LogContentBrowser: Native class hierarchy updated for 'HierarchicalLODOutliner' in 0.0003 seconds. Added 0 classes and 0 folders.
[2020.04.26-20.53.34:711][  0]LogLoad: (Engine Initialization) Total time: 121.11 seconds
[2020.04.26-20.53.34:711][  0]LogLoad: (Engine Initialization) Total Blueprint compile time: 0.00 seconds
[2020.04.26-20.53.34:794][  0]LogContentStreaming: Texture pool size now 1000 MB
[2020.04.26-20.53.34:886][  0]LogSlate: Took 0.030126 seconds to synchronously load lazily loaded font '../../../Engine/Content/Slate/Fonts/Roboto-Light.ttf' (167K)
[2020.04.26-20.53.34:957][  1]LogAssetRegistry: Asset discovery search completed in 102.7283 seconds
[2020.04.26-20.53.34:960][  1]LogCollectionManager: Rebuilt the object cache for 0 collections in 0.000000 seconds (found 0 objects)
[2020.04.26-20.53.34:960][  1]LogCollectionManager: Fixed up redirectors for 0 collections in 0.000176 seconds (updated 0 objects)
[2020.04.26-20.53.39:969][ 16]LogFileCache: Retrieving MD5 hashes for directory 'E:/SeniorProject/PollutionProject/SeniorProject/Content/' took 5.23s
[2020.04.26-20.53.42:662][ 24]LogSlate: FSceneViewport::OnFocusLost() reason 0
[2020.04.26-20.53.42:662][ 24]LogTemp: Repeating last play command: Selected Viewport
[2020.04.26-20.53.42:703][ 24]LogBlueprintUserMessages: Early PlayInEditor Detection: Level '/Game/Levels/GreyBoxLVL4.GreyBoxLVL4:PersistentLevel' has LevelScriptBlueprint '/Game/Levels/GreyBoxLVL4.GreyBoxLVL4:PersistentLevel.GreyBoxLVL4' with GeneratedClass '/Game/Levels/GreyBoxLVL4.GreyBoxLVL4_C' with ClassGeneratedBy '/Game/Levels/GreyBoxLVL4.GreyBoxLVL4:PersistentLevel.GreyBoxLVL4'
[2020.04.26-20.53.42:703][ 24]LogPlayLevel: PlayLevel: No blueprints needed recompiling
[2020.04.26-20.53.42:705][ 24]PIE: New page: PIE session: GreyBoxLVL4 (Apr 26, 2020, 12:53:42 PM)
[2020.04.26-20.53.42:720][ 24]LogPlayLevel: Creating play world package: /Game/Levels/UEDPIE_0_GreyBoxLVL4
[2020.04.26-20.53.43:217][ 24]LogPlayLevel: PIE: StaticDuplicateObject took: (0.495923s)
[2020.04.26-20.53.43:218][ 24]LogAIModule: Creating AISystem for world GreyBoxLVL4
[2020.04.26-20.53.43:218][ 24]LogPlayLevel: PIE: World Init took: (0.000998s)
[2020.04.26-20.53.43:219][ 24]LogPlayLevel: PIE: Created PIE world by copying editor world from /Game/Levels/GreyBoxLVL4.GreyBoxLVL4 to /Game/Levels/UEDPIE_0_GreyBoxLVL4.GreyBoxLVL4 (0.498713s)
[2020.04.26-20.53.43:249][ 24]LogUObjectHash: Compacting FUObjectHashTables data took   2.26ms
[2020.04.26-20.53.43:409][ 24]LogInit: XAudio2 using 'Headset Earphone (2- Corsair HS70 Wireless Gaming Headset)' : 2 channels at 48 kHz using 16 bits per sample (channel mask 0x3)
[2020.04.26-20.53.43:426][ 24]LogInit: FAudioDevice initialized.
[2020.04.26-20.53.43:492][ 24]LogLoad: Game class is 'FirstPersonGameMode_C'
[2020.04.26-20.53.43:755][ 24]LogWorld: Bringing World /Game/Levels/UEDPIE_0_GreyBoxLVL4.GreyBoxLVL4 up for play (max tick rate 0) at 2020.04.26-16.53.43
[2020.04.26-20.53.43:896][ 24]LogWorld: Bringing up level for play took: 0.402011
[2020.04.26-20.53.43:920][ 24]LogContentBrowser: Native class hierarchy updated for 'MovieSceneCapture' in 0.0005 seconds. Added 20 classes and 0 folders.
[2020.04.26-20.53.43:921][ 24]LogScript: Warning: Script Msg: Attempted to access index 0 from array 'CallFunc_GetAllActorsOfClass_OutActors' of length 0 in '/Game/BP/Checkpoint.Checkpoint_C:ExecuteUbergraph_Checkpoint'!
[2020.04.26-20.53.43:921][ 24]LogScript: Warning: Script Msg: Attempted to access index 0 from array 'CallFunc_GetAllActorsOfClass_OutActors' of length 0 in '/Game/BP/Checkpoint.Checkpoint_C:ExecuteUbergraph_Checkpoint'!
[2020.04.26-20.53.43:921][ 24]LogScript: Warning: Script Msg: Attempted to access index 0 from array 'CallFunc_GetAllActorsOfClass_OutActors' of length 0 in '/Game/BP/OutroTrigger.OutroTrigger_C:ExecuteUbergraph_OutroTrigger'!
[2020.04.26-20.53.43:921][ 24]LogScript: Warning: Script Msg: Attempted to access index 0 from array 'CallFunc_GetAllActorsOfClass_OutActors' of length 0 in '/Game/BP/Respawn.Respawn_C:ExecuteUbergraph_Respawn'!
[2020.04.26-20.53.43:921][ 24]LogScript: Warning: Script Msg: Attempted to access index 0 from array 'CallFunc_GetAllActorsOfClass_OutActors' of length 0 in '/Game/BP/Respawn.Respawn_C:ExecuteUbergraph_Respawn'!
[2020.04.26-20.53.43:923][ 24]LogScript: Warning: Script Msg: Attempted to access index 0 from array 'CallFunc_GetAllActorsOfClass_OutActors' of length 0 in '/Game/Materials/FinishStopper.FinishStopper_C:ExecuteUbergraph_FinishStopper'!
[2020.04.26-20.53.43:929][ 24]PIE: Play in editor start time for /Game/Levels/UEDPIE_0_GreyBoxLVL4 0.715
[2020.04.26-20.53.43:930][ 24]LogBlueprintUserMessages: Late PlayInEditor Detection: Level '/Game/Levels/GreyBoxLVL4.GreyBoxLVL4:PersistentLevel' has LevelScriptBlueprint '/Game/Levels/GreyBoxLVL4.GreyBoxLVL4:PersistentLevel.GreyBoxLVL4' with GeneratedClass '/Game/Levels/GreyBoxLVL4.GreyBoxLVL4_C' with ClassGeneratedBy '/Game/Levels/GreyBoxLVL4.GreyBoxLVL4:PersistentLevel.GreyBoxLVL4'
[2020.04.26-20.54.39:771][354]LogBlueprintUserMessages: Early EndPlayMap Detection: Level '/Game/Levels/GreyBoxLVL4.GreyBoxLVL4:PersistentLevel' has LevelScriptBlueprint '/Game/Levels/GreyBoxLVL4.GreyBoxLVL4:PersistentLevel.GreyBoxLVL4' with GeneratedClass '/Game/Levels/GreyBoxLVL4.GreyBoxLVL4_C' with ClassGeneratedBy '/Game/Levels/GreyBoxLVL4.GreyBoxLVL4:PersistentLevel.GreyBoxLVL4'
[2020.04.26-20.54.39:772][354]LogSlate: Updating window title bar state: overlay mode, drag disabled, window buttons hidden, title bar hidden
[2020.04.26-20.54.39:913][354]LogPlayLevel: Display: Shutting down PIE online subsystems
[2020.04.26-20.54.39:914][354]LogBlueprintUserMessages: Late EndPlayMap Detection: Level '/Game/Levels/GreyBoxLVL4.GreyBoxLVL4:PersistentLevel' has LevelScriptBlueprint '/Game/Levels/GreyBoxLVL4.GreyBoxLVL4:PersistentLevel.GreyBoxLVL4' with GeneratedClass '/Game/Levels/GreyBoxLVL4.GreyBoxLVL4_C' with ClassGeneratedBy '/Game/Levels/GreyBoxLVL4.GreyBoxLVL4:PersistentLevel.GreyBoxLVL4'
[2020.04.26-20.54.39:971][354]LogSlate: Updating window title bar state: overlay mode, drag disabled, window buttons hidden, title bar hidden
[2020.04.26-20.54.40:004][354]LogUObjectHash: Compacting FUObjectHashTables data took   3.08ms
[2020.04.26-20.54.40:083][355]LogPlayLevel: Display: Destroying online subsystem :Context_1
[2020.04.26-20.54.41:435][418]LogSlate: FSceneViewport::OnFocusLost() reason 0
[2020.04.26-20.54.45:689][606]LogSlate: Took 0.000119 seconds to synchronously load lazily loaded font '../../../Engine/Content/Slate/Fonts/Roboto-Light.ttf' (167K)
[2020.04.26-20.54.45:704][606]LogAssetEditorManager: Opening Asset editor for WidgetBlueprint /Game/UI/Counter.Counter
[2020.04.26-20.54.47:018][606]LogContentBrowser: Native class hierarchy updated for 'BlueprintGraph' in 0.0006 seconds. Added 121 classes and 0 folders.
[2020.04.26-20.54.48:719][606]LogBlueprintActionDatabase: Requesting refresh due to module change: SequencerWidgets (loaded)
[2020.04.26-20.54.49:558][606]LogSlate: Took 0.017396 seconds to synchronously load lazily loaded font '../../../Engine/Content/Slate/Fonts/Roboto-BoldCondensed.ttf' (158K)
[2020.04.26-20.54.49:640][606]LogBlueprintUserMessages: [Counter_C_1] Failed
[2020.04.26-20.55.09:827][458]LogSlate: Window 'Color Picker' being destroyed
[2020.04.26-20.55.17:957][797]LogSlate: Window 'Color Picker' being destroyed
[2020.04.26-20.55.36:745][621]BlueprintLog: New page: Compile Counter
[2020.04.26-20.55.36:973][621]LogUObjectHash: Compacting FUObjectHashTables data took   9.57ms
[2020.04.26-20.55.37:086][621]LogBlueprintUserMessages: [Counter_C_3] Failed
[2020.04.26-20.55.37:623][637]Cmd: OBJ SAVEPACKAGE PACKAGE="/Game/UI/Counter" FILE="E:/SeniorProject/PollutionProject/SeniorProject/Content/UI/Counter.uasset" SILENT=true
[2020.04.26-20.55.37:844][637]LogSavePackage: Moving 'E:/SeniorProject/PollutionProject/SeniorProject/Saved/CounterFC2DA5A64597815028256BA91EF8B703.tmp' to 'E:/SeniorProject/PollutionProject/SeniorProject/Content/UI/Counter.uasset'
[2020.04.26-20.55.37:844][637]LogFileManager: Warning: DeleteFile was unable to delete 'E:/SeniorProject/PollutionProject/SeniorProject/Content/UI/Counter.uasset', retrying in .5s...
[2020.04.26-20.55.38:346][637]LogFileManager: Error: Error deleting file 'E:/SeniorProject/PollutionProject/SeniorProject/Content/UI/Counter.uasset'.
[2020.04.26-20.55.38:346][637]LogSavePackage: Error: Error saving 'E:/SeniorProject/PollutionProject/SeniorProject/Content/UI/Counter.uasset'
[2020.04.26-20.55.45:626][637]LogSlate: Window 'Message' being destroyed
[2020.04.26-20.55.45:630][637]Cmd: OBJ SAVEPACKAGE PACKAGE="/Game/UI/Counter" FILE="E:/SeniorProject/PollutionProject/SeniorProject/Content/UI/Counter.uasset" SILENT=true
[2020.04.26-20.55.45:860][637]LogSavePackage: Moving 'E:/SeniorProject/PollutionProject/SeniorProject/Saved/Counter4605B7EA40F03FC0A4785E910FE8B069.tmp' to 'E:/SeniorProject/PollutionProject/SeniorProject/Content/UI/Counter.uasset'
[2020.04.26-20.55.45:860][637]LogFileManager: Warning: DeleteFile was unable to delete 'E:/SeniorProject/PollutionProject/SeniorProject/Content/UI/Counter.uasset', retrying in .5s...
[2020.04.26-20.55.46:362][637]LogFileManager: Error: Error deleting file 'E:/SeniorProject/PollutionProject/SeniorProject/Content/UI/Counter.uasset'.
[2020.04.26-20.55.46:362][637]LogSavePackage: Error: Error saving 'E:/SeniorProject/PollutionProject/SeniorProject/Content/UI/Counter.uasset'
[2020.04.26-20.55.49:154][637]LogSlate: Window 'Message' being destroyed
[2020.04.26-20.55.49:158][637]Cmd: OBJ SAVEPACKAGE PACKAGE="/Game/UI/Counter" FILE="E:/SeniorProject/PollutionProject/SeniorProject/Content/UI/Counter.uasset" SILENT=true
[2020.04.26-20.55.49:333][637]LogSavePackage: Moving 'E:/SeniorProject/PollutionProject/SeniorProject/Saved/Counter1C66DF384A7E5F154E0F9EA2622AB7C3.tmp' to 'E:/SeniorProject/PollutionProject/SeniorProject/Content/UI/Counter.uasset'
[2020.04.26-20.55.49:333][637]LogFileManager: Warning: DeleteFile was unable to delete 'E:/SeniorProject/PollutionProject/SeniorProject/Content/UI/Counter.uasset', retrying in .5s...
[2020.04.26-20.55.49:834][637]LogFileManager: Error: Error deleting file 'E:/SeniorProject/PollutionProject/SeniorProject/Content/UI/Counter.uasset'.
[2020.04.26-20.55.49:834][637]LogSavePackage: Error: Error saving 'E:/SeniorProject/PollutionProject/SeniorProject/Content/UI/Counter.uasset'
[2020.04.26-20.55.51:239][637]LogSlate: Window 'Message' being destroyed
[2020.04.26-20.55.51:245][637]EditorErrors: New page: Save Output
[2020.04.26-20.55.51:246][637]EditorErrors: Warning: Error saving 'E:/SeniorProject/PollutionProject/SeniorProject/Content/UI/Counter.uasset'
[2020.04.26-20.55.51:246][637]EditorErrors: Warning: Error saving 'E:/SeniorProject/PollutionProject/SeniorProject/Content/UI/Counter.uasset'
[2020.04.26-20.55.51:246][637]EditorErrors: Warning: Error saving 'E:/SeniorProject/PollutionProject/SeniorProject/Content/UI/Counter.uasset'
[2020.04.26-20.55.52:187][656]LogBlueprintUserMessages: [Counter_C_4] Failed
[2020.04.26-20.55.53:481][697]Cmd: OBJ SAVEPACKAGE PACKAGE="/Game/UI/Counter" FILE="E:/SeniorProject/PollutionProject/SeniorProject/Content/UI/Counter.uasset" SILENT=true
[2020.04.26-20.55.53:647][697]LogSavePackage: Moving 'E:/SeniorProject/PollutionProject/SeniorProject/Saved/CounterE11857004C575368FC837A9CFF657F97.tmp' to 'E:/SeniorProject/PollutionProject/SeniorProject/Content/UI/Counter.uasset'
[2020.04.26-20.55.53:647][697]LogFileManager: Warning: DeleteFile was unable to delete 'E:/SeniorProject/PollutionProject/SeniorProject/Content/UI/Counter.uasset', retrying in .5s...
[2020.04.26-20.55.54:148][697]LogFileManager: Error: Error deleting file 'E:/SeniorProject/PollutionProject/SeniorProject/Content/UI/Counter.uasset'.
[2020.04.26-20.55.54:148][697]LogSavePackage: Error: Error saving 'E:/SeniorProject/PollutionProject/SeniorProject/Content/UI/Counter.uasset'
[2020.04.26-20.55.55:675][697]LogSlate: Window 'Message' being destroyed
[2020.04.26-20.55.55:682][697]EditorErrors: New page: Save Output
[2020.04.26-20.55.55:682][697]EditorErrors: Warning: Error saving 'E:/SeniorProject/PollutionProject/SeniorProject/Content/UI/Counter.uasset'
[2020.04.26-20.55.56:720][735]LogSlate: Window 'Message Log' being destroyed
[2020.04.26-20.55.56:749][735]LogSlate: Window 'Message Log' being destroyed
[2020.04.26-20.55.57:933][784]BlueprintLog: New page: Compile Counter
[2020.04.26-20.55.58:019][784]LogUObjectHash: Compacting FUObjectHashTables data took   5.39ms
[2020.04.26-20.55.58:106][784]LogBlueprintUserMessages: [Counter_C_6] Failed
[2020.04.26-20.56.02:105][954]LogTemp: Repeating last play command: Selected Viewport
[2020.04.26-20.56.02:144][954]LogBlueprintUserMessages: Early PlayInEditor Detection: Level '/Game/Levels/GreyBoxLVL4.GreyBoxLVL4:PersistentLevel' has LevelScriptBlueprint '/Game/Levels/GreyBoxLVL4.GreyBoxLVL4:PersistentLevel.GreyBoxLVL4' with GeneratedClass '/Game/Levels/GreyBoxLVL4.GreyBoxLVL4_C' with ClassGeneratedBy '/Game/Levels/GreyBoxLVL4.GreyBoxLVL4:PersistentLevel.GreyBoxLVL4'
[2020.04.26-20.56.02:144][954]LogPlayLevel: PlayLevel: No blueprints needed recompiling
[2020.04.26-20.56.02:144][954]PIE: New page: PIE session: GreyBoxLVL4 (Apr 26, 2020, 12:56:02 PM)
[2020.04.26-20.56.02:144][954]LogPlayLevel: Creating play world package: /Game/Levels/UEDPIE_0_GreyBoxLVL4
[2020.04.26-20.56.02:641][954]LogPlayLevel: PIE: StaticDuplicateObject took: (0.497369s)
[2020.04.26-20.56.02:642][954]LogAIModule: Creating AISystem for world GreyBoxLVL4
[2020.04.26-20.56.02:642][954]LogPlayLevel: PIE: World Init took: (0.000965s)
[2020.04.26-20.56.02:643][954]LogPlayLevel: PIE: Created PIE world by copying editor world from /Game/Levels/GreyBoxLVL4.GreyBoxLVL4 to /Game/Levels/UEDPIE_0_GreyBoxLVL4.GreyBoxLVL4 (0.499622s)
[2020.04.26-20.56.02:688][954]LogUObjectHash: Compacting FUObjectHashTables data took   4.21ms
[2020.04.26-20.56.02:844][954]LogInit: XAudio2 using 'Headset Earphone (2- Corsair HS70 Wireless Gaming Headset)' : 2 channels at 48 kHz using 16 bits per sample (channel mask 0x3)
[2020.04.26-20.56.02:862][954]LogInit: FAudioDevice initialized.
[2020.04.26-20.56.02:897][954]LogLoad: Game class is 'FirstPersonGameMode_C'
[2020.04.26-20.56.03:153][954]LogWorld: Bringing World /Game/Levels/UEDPIE_0_GreyBoxLVL4.GreyBoxLVL4 up for play (max tick rate 0) at 2020.04.26-16.56.03
[2020.04.26-20.56.03:162][954]LogWorld: Bringing up level for play took: 0.264934
[2020.04.26-20.56.03:176][954]LogScript: Warning: Script Msg: Attempted to access index 0 from array 'CallFunc_GetAllActorsOfClass_OutActors' of length 0 in '/Game/BP/Checkpoint.Checkpoint_C:ExecuteUbergraph_Checkpoint'!
[2020.04.26-20.56.03:176][954]LogScript: Warning: Script Msg: Attempted to access index 0 from array 'CallFunc_GetAllActorsOfClass_OutActors' of length 0 in '/Game/BP/Checkpoint.Checkpoint_C:ExecuteUbergraph_Checkpoint'!
[2020.04.26-20.56.03:176][954]LogScript: Warning: Script Msg: Attempted to access index 0 from array 'CallFunc_GetAllActorsOfClass_OutActors' of length 0 in '/Game/BP/OutroTrigger.OutroTrigger_C:ExecuteUbergraph_OutroTrigger'!
[2020.04.26-20.56.03:177][954]LogScript: Warning: Script Msg: Attempted to access index 0 from array 'CallFunc_GetAllActorsOfClass_OutActors' of length 0 in '/Game/BP/Respawn.Respawn_C:ExecuteUbergraph_Respawn'!
[2020.04.26-20.56.03:177][954]LogScript: Warning: Script Msg: Attempted to access index 0 from array 'CallFunc_GetAllActorsOfClass_OutActors' of length 0 in '/Game/BP/Respawn.Respawn_C:ExecuteUbergraph_Respawn'!
[2020.04.26-20.56.03:179][954]LogScript: Warning: Script Msg: Attempted to access index 0 from array 'CallFunc_GetAllActorsOfClass_OutActors' of length 0 in '/Game/Materials/FinishStopper.FinishStopper_C:ExecuteUbergraph_FinishStopper'!
[2020.04.26-20.56.03:183][954]PIE: Play in editor start time for /Game/Levels/UEDPIE_0_GreyBoxLVL4 1.97
[2020.04.26-20.56.03:184][954]LogBlueprintUserMessages: Late PlayInEditor Detection: Level '/Game/Levels/GreyBoxLVL4.GreyBoxLVL4:PersistentLevel' has LevelScriptBlueprint '/Game/Levels/GreyBoxLVL4.GreyBoxLVL4:PersistentLevel.GreyBoxLVL4' with GeneratedClass '/Game/Levels/GreyBoxLVL4.GreyBoxLVL4_C' with ClassGeneratedBy '/Game/Levels/GreyBoxLVL4.GreyBoxLVL4:PersistentLevel.GreyBoxLVL4'
[2020.04.26-20.56.33:866][816]LogBlueprintUserMessages: Early EndPlayMap Detection: Level '/Game/Levels/GreyBoxLVL4.GreyBoxLVL4:PersistentLevel' has LevelScriptBlueprint '/Game/Levels/GreyBoxLVL4.GreyBoxLVL4:PersistentLevel.GreyBoxLVL4' with GeneratedClass '/Game/Levels/GreyBoxLVL4.GreyBoxLVL4_C' with ClassGeneratedBy '/Game/Levels/GreyBoxLVL4.GreyBoxLVL4:PersistentLevel.GreyBoxLVL4'
[2020.04.26-20.56.33:867][816]LogSlate: Updating window title bar state: overlay mode, drag disabled, window buttons hidden, title bar hidden
[2020.04.26-20.56.33:974][816]LogPlayLevel: Display: Shutting down PIE online subsystems
[2020.04.26-20.56.33:976][816]LogBlueprintUserMessages: Late EndPlayMap Detection: Level '/Game/Levels/GreyBoxLVL4.GreyBoxLVL4:PersistentLevel' has LevelScriptBlueprint '/Game/Levels/GreyBoxLVL4.GreyBoxLVL4:PersistentLevel.GreyBoxLVL4' with GeneratedClass '/Game/Levels/GreyBoxLVL4.GreyBoxLVL4_C' with ClassGeneratedBy '/Game/Levels/GreyBoxLVL4.GreyBoxLVL4:PersistentLevel.GreyBoxLVL4'
[2020.04.26-20.56.34:049][816]LogSlate: Updating window title bar state: overlay mode, drag disabled, window buttons hidden, title bar hidden
[2020.04.26-20.56.34:081][816]LogUObjectHash: Compacting FUObjectHashTables data took   3.78ms
[2020.04.26-20.56.34:140][817]LogPlayLevel: Display: Destroying online subsystem :Context_4
[2020.04.26-20.56.50:077][934]LogSlate: FSceneViewport::OnFocusLost() reason 0
[2020.04.26-20.56.50:205][937]LogTemp: Repeating last play command: Selected Viewport
[2020.04.26-20.56.50:249][937]LogBlueprintUserMessages: Early PlayInEditor Detection: Level '/Game/Levels/GreyBoxLVL4.GreyBoxLVL4:PersistentLevel' has LevelScriptBlueprint '/Game/Levels/GreyBoxLVL4.GreyBoxLVL4:PersistentLevel.GreyBoxLVL4' with GeneratedClass '/Game/Levels/GreyBoxLVL4.GreyBoxLVL4_C' with ClassGeneratedBy '/Game/Levels/GreyBoxLVL4.GreyBoxLVL4:PersistentLevel.GreyBoxLVL4'
[2020.04.26-20.56.50:249][937]LogPlayLevel: PlayLevel: No blueprints needed recompiling
[2020.04.26-20.56.50:250][937]PIE: New page: PIE session: GreyBoxLVL4 (Apr 26, 2020, 12:56:50 PM)
[2020.04.26-20.56.50:250][937]LogPlayLevel: Creating play world package: /Game/Levels/UEDPIE_0_GreyBoxLVL4
[2020.04.26-20.56.50:750][937]LogPlayLevel: PIE: StaticDuplicateObject took: (0.500468s)
[2020.04.26-20.56.50:751][937]LogAIModule: Creating AISystem for world GreyBoxLVL4
[2020.04.26-20.56.50:751][937]LogPlayLevel: PIE: World Init took: (0.000938s)
[2020.04.26-20.56.50:753][937]LogPlayLevel: PIE: Created PIE world by copying editor world from /Game/Levels/GreyBoxLVL4.GreyBoxLVL4 to /Game/Levels/UEDPIE_0_GreyBoxLVL4.GreyBoxLVL4 (0.502940s)
[2020.04.26-20.56.50:790][937]LogUObjectHash: Compacting FUObjectHashTables data took   2.63ms
[2020.04.26-20.56.50:936][937]LogInit: XAudio2 using 'Headset Earphone (2- Corsair HS70 Wireless Gaming Headset)' : 2 channels at 48 kHz using 16 bits per sample (channel mask 0x3)
[2020.04.26-20.56.50:954][937]LogInit: FAudioDevice initialized.
[2020.04.26-20.56.50:990][937]LogLoad: Game class is 'FirstPersonGameMode_C'
[2020.04.26-20.56.51:215][937]LogWorld: Bringing World /Game/Levels/UEDPIE_0_GreyBoxLVL4.GreyBoxLVL4 up for play (max tick rate 0) at 2020.04.26-16.56.51
[2020.04.26-20.56.51:222][937]LogWorld: Bringing up level for play took: 0.230959
[2020.04.26-20.56.51:236][937]LogScript: Warning: Script Msg: Attempted to access index 0 from array 'CallFunc_GetAllActorsOfClass_OutActors' of length 0 in '/Game/BP/Checkpoint.Checkpoint_C:ExecuteUbergraph_Checkpoint'!
[2020.04.26-20.56.51:236][937]LogScript: Warning: Script Msg: Attempted to access index 0 from array 'CallFunc_GetAllActorsOfClass_OutActors' of length 0 in '/Game/BP/Checkpoint.Checkpoint_C:ExecuteUbergraph_Checkpoint'!
[2020.04.26-20.56.51:236][937]LogScript: Warning: Script Msg: Attempted to access index 0 from array 'CallFunc_GetAllActorsOfClass_OutActors' of length 0 in '/Game/BP/OutroTrigger.OutroTrigger_C:ExecuteUbergraph_OutroTrigger'!
[2020.04.26-20.56.51:237][937]LogScript: Warning: Script Msg: Attempted to access index 0 from array 'CallFunc_GetAllActorsOfClass_OutActors' of length 0 in '/Game/BP/Respawn.Respawn_C:ExecuteUbergraph_Respawn'!
[2020.04.26-20.56.51:237][937]LogScript: Warning: Script Msg: Attempted to access index 0 from array 'CallFunc_GetAllActorsOfClass_OutActors' of length 0 in '/Game/BP/Respawn.Respawn_C:ExecuteUbergraph_Respawn'!
[2020.04.26-20.56.51:239][937]LogScript: Warning: Script Msg: Attempted to access index 0 from array 'CallFunc_GetAllActorsOfClass_OutActors' of length 0 in '/Game/Materials/FinishStopper.FinishStopper_C:ExecuteUbergraph_FinishStopper'!
[2020.04.26-20.56.51:243][937]PIE: Play in editor start time for /Game/Levels/UEDPIE_0_GreyBoxLVL4 0.029
[2020.04.26-20.56.51:244][937]LogBlueprintUserMessages: Late PlayInEditor Detection: Level '/Game/Levels/GreyBoxLVL4.GreyBoxLVL4:PersistentLevel' has LevelScriptBlueprint '/Game/Levels/GreyBoxLVL4.GreyBoxLVL4:PersistentLevel.GreyBoxLVL4' with GeneratedClass '/Game/Levels/GreyBoxLVL4.GreyBoxLVL4_C' with ClassGeneratedBy '/Game/Levels/GreyBoxLVL4.GreyBoxLVL4:PersistentLevel.GreyBoxLVL4'
