Log file open, 02/20/20 17:19:58
LogWindows: Failed to load 'aqProf.dll' (GetLastError=126)
LogWindows: File 'aqProf.dll' does not exist
LogWindows: Failed to load 'VtuneApi.dll' (GetLastError=126)
LogWindows: File 'VtuneApi.dll' does not exist
LogWindows: Failed to load 'VtuneApi32e.dll' (GetLastError=126)
LogWindows: File 'VtuneApi32e.dll' does not exist
LogConsoleResponse: Display: Failed to find resolution value strings in scalability ini. Falling back to default.
LogInit: Display: Running engine for game: SeniorProject
LogPakFile: Registered encryption key '00000000000000000000000000000000': 0 pak files mounted, 0 remain pending
LogPlatformFile: Not using cached read wrapper
LogTaskGraph: Started task graph with 5 named threads and 23 total threads with 3 sets of task threads.
LogStats: Stats thread started at 0.480862
LogD3D11RHI: Loaded GFSDK_Aftermath_Lib.x64.dll
LogICUInternationalization: ICU TimeZone Detection - Raw Offset: -5:00, Platform Override: ''
LogPluginManager: Mounting plugin Paper2D
LogPluginManager: Mounting plugin AISupport
LogPluginManager: Mounting plugin LightPropagationVolume
LogPluginManager: Mounting plugin ActorLayerUtilities
LogPluginManager: Mounting plugin AnimationSharing
LogPluginManager: Mounting plugin CLionSourceCodeAccess
LogPluginManager: Mounting plugin CodeLiteSourceCodeAccess
LogPluginManager: Mounting plugin GitSourceControl
LogPluginManager: Mounting plugin KDevelopSourceCodeAccess
LogPluginManager: Mounting plugin NullSourceCodeAccess
LogPluginManager: Mounting plugin PerforceSourceControl
LogPluginManager: Mounting plugin SubversionSourceControl
LogPluginManager: Mounting plugin UObjectPlugin
LogPluginManager: Mounting plugin VisualStudioCodeSourceCodeAccess
LogPluginManager: Mounting plugin VisualStudioSourceCodeAccess
LogPluginManager: Mounting plugin XCodeSourceCodeAccess
LogPluginManager: Mounting plugin AssetManagerEditor
LogPluginManager: Mounting plugin CryptoKeys
LogPluginManager: Mounting plugin DataValidation
LogPluginManager: Mounting plugin EditorScriptingUtilities
LogPluginManager: Mounting plugin FacialAnimation
LogPluginManager: Mounting plugin GameplayTagsEditor
LogPluginManager: Mounting plugin GLTFImporter
LogPluginManager: Mounting plugin MacGraphicsSwitching
LogPluginManager: Mounting plugin MaterialAnalyzer
LogPluginManager: Mounting plugin MeshEditor
LogPluginManager: Mounting plugin MobileLauncherProfileWizard
LogPluginManager: Mounting plugin PluginBrowser
LogPluginManager: Mounting plugin SpeedTreeImporter
LogPluginManager: Mounting plugin DatasmithContent
LogPluginManager: Mounting plugin VariantManagerContent
LogPluginManager: Mounting plugin AlembicImporter
LogPluginManager: Mounting plugin AppleImageUtils
LogPluginManager: Mounting plugin AppleVision
LogPluginManager: Mounting plugin BackChannel
LogPluginManager: Mounting plugin BlastPlugin
LogPluginManager: Mounting plugin ChaosSolverPlugin
LogPluginManager: Mounting plugin CharacterAI
LogPluginManager: Mounting plugin GeometryCache
LogPluginManager: Mounting plugin GeometryCollectionPlugin
LogPluginManager: Mounting plugin HTML5Networking
LogPluginManager: Mounting plugin ProxyLODPlugin
LogPluginManager: Mounting plugin SkeletalReduction
LogPluginManager: Mounting plugin MagicLeap
LogPluginManager: Mounting plugin MagicLeapMedia
LogPluginManager: Mounting plugin AndroidMedia
LogPluginManager: Mounting plugin AvfMedia
LogPluginManager: Mounting plugin ImgMedia
LogPluginManager: Mounting plugin LinearTimecode
LogPluginManager: Mounting plugin MediaCompositing
LogPluginManager: Mounting plugin MediaPlayerEditor
LogPluginManager: Mounting plugin WebMMedia
LogPluginManager: Mounting plugin WmfMedia
LogPluginManager: Mounting plugin TcpMessaging
LogPluginManager: Mounting plugin UdpMessaging
LogPluginManager: Mounting plugin ActorSequence
LogPluginManager: Mounting plugin LevelSequenceEditor
LogPluginManager: Mounting plugin MatineeToLevelSequence
LogPluginManager: Mounting plugin NetcodeUnitTest
LogPluginManager: Mounting plugin NUTUnrealEngine4
LogPluginManager: Mounting plugin OnlineSubsystemGooglePlay
LogPluginManager: Mounting plugin OnlineSubsystemIOS
LogPluginManager: Mounting plugin OnlineSubsystem
LogPluginManager: Mounting plugin OnlineSubsystemNull
LogPluginManager: Mounting plugin OnlineSubsystemUtils
LogPluginManager: Mounting plugin LauncherChunkInstaller
LogPluginManager: Mounting plugin AndroidDeviceProfileSelector
LogPluginManager: Mounting plugin AndroidMoviePlayer
LogPluginManager: Mounting plugin AndroidPermission
LogPluginManager: Mounting plugin AppleMoviePlayer
LogPluginManager: Mounting plugin ArchVisCharacter
LogPluginManager: Mounting plugin AudioCapture
LogPluginManager: Mounting plugin CableComponent
LogPluginManager: Mounting plugin CustomMeshComponent
LogPluginManager: Mounting plugin EditableMesh
LogPluginManager: Mounting plugin ExampleDeviceProfileSelector
LogPluginManager: Mounting plugin Firebase
LogPluginManager: Mounting plugin GoogleCloudMessaging
LogPluginManager: Mounting plugin IOSDeviceProfileSelector
LogPluginManager: Mounting plugin LinuxDeviceProfileSelector
LogPluginManager: Mounting plugin LocationServicesBPLibrary
LogPluginManager: Mounting plugin MobilePatchingUtils
LogPluginManager: Mounting plugin OculusVR
LogPluginManager: Mounting plugin PhysXVehicles
LogPluginManager: Mounting plugin ProceduralMeshComponent
LogPluginManager: Mounting plugin RuntimePhysXCooking
LogPluginManager: Mounting plugin SignificanceManager
LogPluginManager: Mounting plugin SteamVR
LogPluginManager: Mounting plugin WebMMoviePlayer
LogPluginManager: Mounting plugin WindowsMoviePlayer
LogPluginManager: Mounting plugin DatasmithCADImporter
LogPluginManager: Mounting plugin DatasmithDataPrepEditor
LogPluginManager: Mounting plugin DatasmithFBXImporter
LogPluginManager: Mounting plugin DatasmithGLTFImporter
LogPluginManager: Mounting plugin DatasmithImporter
LogPluginManager: Mounting plugin MDLImporter
LogPluginManager: Mounting plugin StaticMeshEditorExtension
LogPluginManager: Mounting plugin VariantManager
LogInit: Using libcurl 7.55.1-DEV
LogInit:  - built for x86_64-pc-win32
LogInit:  - supports SSL with OpenSSL/1.1.1
LogInit:  - supports HTTP deflate (compression) using libz 1.2.8
LogInit:  - other features:
LogInit:      CURL_VERSION_SSL
LogInit:      CURL_VERSION_LIBZ
LogInit:      CURL_VERSION_IPV6
LogInit:      CURL_VERSION_ASYNCHDNS
LogInit:      CURL_VERSION_LARGEFILE
LogInit:      CURL_VERSION_IDN
LogInit:  CurlRequestOptions (configurable via config and command line):
LogInit:  - bVerifyPeer = true  - Libcurl will verify peer certificate
LogInit:  - bUseHttpProxy = false  - Libcurl will NOT use HTTP proxy
LogInit:  - bDontReuseConnections = false  - Libcurl will reuse connections
LogInit:  - MaxHostConnections = 16  - Libcurl will limit the number of connections to a host
LogInit:  - LocalHostAddr = Default
LogInit:  - BufferSize = 65536
LogInit: WinSock: version 1.1 (2.2), MaxSocks=32767, MaxUdp=65467
LogHMD: Failed initializing OVRPlugin 1.32.0
LogInit: Build: ++UE4+Release-4.22-CL-7053642
LogInit: Engine Version: 4.22.3-7053642+++UE4+Release-4.22
LogInit: Compatible Engine Version: 4.22.0-5660361+++UE4+Release-4.22
LogInit: Net CL: 5660361
LogInit: OS: Windows 10 (Release 1903) (), CPU: Intel(R) Core(TM) i7-7700HQ CPU @ 2.80GHz, GPU: NVIDIA GeForce GTX 1070
LogInit: Compiled (64-bit): Jun 18 2019 03:09:11
LogInit: Compiled with Visual C++: 19.16.27025.01
LogInit: Build Configuration: Development
LogInit: Branch Name: ++UE4+Release-4.22
LogInit: Command Line:  -skipcompile
LogInit: Base Directory: D:/TheBestGame/UE_4.22/Engine/Binaries/Win64/
LogInit: Installed Engine Build: 1
LogDevObjectVersion: Number of dev versions registered: 23
LogDevObjectVersion:   Dev-Blueprints (B0D832E4-1F89-4F0D-ACCF-7EB736FD4AA2): 10
LogDevObjectVersion:   Dev-Build (E1C64328-A22C-4D53-A36C-8E866417BD8C): 0
LogDevObjectVersion:   Dev-Core (375EC13C-06E4-48FB-B500-84F0262A717E): 3
LogDevObjectVersion:   Dev-Editor (E4B068ED-F494-42E9-A231-DA0B2E46BB41): 30
LogDevObjectVersion:   Dev-Framework (CFFC743F-43B0-4480-9391-14DF171D2073): 35
LogDevObjectVersion:   Dev-Mobile (B02B49B5-BB20-44E9-A304-32B752E40360): 2
LogDevObjectVersion:   Dev-Networking (A4E4105C-59A1-49B5-A7C5-40C4547EDFEE): 0
LogDevObjectVersion:   Dev-Online (39C831C9-5AE6-47DC-9A44-9C173E1C8E7C): 0
LogDevObjectVersion:   Dev-Physics (78F01B33-EBEA-4F98-B9B4-84EACCB95AA2): 0
LogDevObjectVersion:   Dev-Platform (6631380F-2D4D-43E0-8009-CF276956A95A): 0
LogDevObjectVersion:   Dev-Rendering (12F88B9F-8875-4AFC-A67C-D90C383ABD29): 28
LogDevObjectVersion:   Dev-Sequencer (7B5AE74C-D270-4C10-A958-57980B212A5A): 11
LogDevObjectVersion:   Dev-VR (D7296918-1DD6-4BDD-9DE2-64A83CC13884): 2
LogDevObjectVersion:   Dev-LoadTimes (C2A15278-BFE7-4AFE-6C17-90FF531DF755): 1
LogDevObjectVersion:   Private-Geometry (6EACA3D4-40EC-4CC1-B786-8BED09428FC5): 3
LogDevObjectVersion:   Dev-AnimPhys (29E575DD-E0A3-4627-9D10-D276232CDCEA): 17
LogDevObjectVersion:   Dev-Anim (AF43A65D-7FD3-4947-9873-3E8ED9C1BB05): 2
LogDevObjectVersion:   Dev-ReflectionCapture (6B266CEC-1EC7-4B8F-A30B-E4D90942FC07): 1
LogDevObjectVersion:   Dev-Automation (0DF73D61-A23F-47EA-B727-89E90C41499A): 1
LogDevObjectVersion:   FortniteMain (601D1886-AC64-4F84-AA16-D3DE0DEAC7D6): 25
LogDevObjectVersion:   Dev-Enterprise (9DFFBCD6-494F-0158-E221-12823C92A888): 6
LogDevObjectVersion:   Dev-Niagara (F2AED0AC-9AFE-416F-8664-AA7FFA26D6FC): 1
LogDevObjectVersion:   Dev-Destruction (174F1F0B-B4C6-45A5-B13F-2EE8D0FB917D): 2
LogInit: Presizing for max 16777216 objects, including 0 objects not considered by GC, pre-allocating 0 bytes for permanent pool.
LogInit: Object subsystem initialized
LogConfig: Setting CVar [[con.DebugEarlyDefault:1]]
LogConfig: Setting CVar [[r.setres:1280x720]]
[2020.02.20-22.19.59:974][  0]LogConfig: Setting CVar [[r.VSync:0]]
[2020.02.20-22.19.59:975][  0]LogConfig: Setting CVar [[r.RHICmdBypass:0]]
[2020.02.20-22.19.59:975][  0]LogConfig: Applying CVar settings from Section [/Script/Engine.RendererSettings] File [C:/SeniorProject/PollutionProject/SeniorProject/Saved/Config/Windows/Engine.ini]
[2020.02.20-22.19.59:975][  0]LogConfig: Setting CVar [[r.GPUCrashDebugging:0]]
[2020.02.20-22.19.59:975][  0]LogConfig: Setting CVar [[r.DefaultFeature.AutoExposure.ExtendDefaultLuminanceRange:1]]
[2020.02.20-22.19.59:975][  0]LogConfig: Setting CVar [[r.GenerateMeshDistanceFields:1]]
[2020.02.20-22.19.59:975][  0]LogConfig: Applying CVar settings from Section [/Script/Engine.RendererOverrideSettings] File [C:/SeniorProject/PollutionProject/SeniorProject/Saved/Config/Windows/Engine.ini]
[2020.02.20-22.19.59:975][  0]LogConfig: Applying CVar settings from Section [/Script/Engine.StreamingSettings] File [C:/SeniorProject/PollutionProject/SeniorProject/Saved/Config/Windows/Engine.ini]
[2020.02.20-22.19.59:976][  0]LogConfig: Setting CVar [[s.MinBulkDataSizeForAsyncLoading:131072]]
[2020.02.20-22.19.59:976][  0]LogConfig: Setting CVar [[s.AsyncLoadingThreadEnabled:0]]
[2020.02.20-22.19.59:976][  0]LogConfig: Setting CVar [[s.EventDrivenLoaderEnabled:1]]
[2020.02.20-22.19.59:976][  0]LogConfig: Setting CVar [[s.WarnIfTimeLimitExceeded:0]]
[2020.02.20-22.19.59:976][  0]LogConfig: Setting CVar [[s.TimeLimitExceededMultiplier:1.5]]
[2020.02.20-22.19.59:976][  0]LogConfig: Setting CVar [[s.TimeLimitExceededMinTime:0.005]]
[2020.02.20-22.19.59:976][  0]LogConfig: Setting CVar [[s.UseBackgroundLevelStreaming:1]]
[2020.02.20-22.19.59:976][  0]LogConfig: Setting CVar [[s.PriorityAsyncLoadingExtraTime:15.0]]
[2020.02.20-22.19.59:977][  0]LogConfig: Setting CVar [[s.LevelStreamingActorsUpdateTimeLimit:5.0]]
[2020.02.20-22.19.59:977][  0]LogConfig: Setting CVar [[s.PriorityLevelStreamingActorsUpdateExtraTime:5.0]]
[2020.02.20-22.19.59:977][  0]LogConfig: Setting CVar [[s.LevelStreamingComponentsRegistrationGranularity:10]]
[2020.02.20-22.19.59:977][  0]LogConfig: Setting CVar [[s.UnregisterComponentsTimeLimit:1.0]]
[2020.02.20-22.19.59:977][  0]LogConfig: Setting CVar [[s.LevelStreamingComponentsUnregistrationGranularity:5]]
[2020.02.20-22.19.59:977][  0]LogConfig: Applying CVar settings from Section [/Script/Engine.GarbageCollectionSettings] File [C:/SeniorProject/PollutionProject/SeniorProject/Saved/Config/Windows/Engine.ini]
[2020.02.20-22.19.59:977][  0]LogConfig: Setting CVar [[gc.MaxObjectsNotConsideredByGC:1]]
[2020.02.20-22.19.59:977][  0]LogConfig: Setting CVar [[gc.SizeOfPermanentObjectPool:0]]
[2020.02.20-22.19.59:978][  0]LogConfig: Setting CVar [[gc.FlushStreamingOnGC:0]]
[2020.02.20-22.19.59:978][  0]LogConfig: Setting CVar [[gc.NumRetriesBeforeForcingGC:10]]
[2020.02.20-22.19.59:978][  0]LogConfig: Setting CVar [[gc.AllowParallelGC:1]]
[2020.02.20-22.19.59:978][  0]LogConfig: Setting CVar [[gc.TimeBetweenPurgingPendingKillObjects:61.1]]
[2020.02.20-22.19.59:978][  0]LogConfig: Setting CVar [[gc.MaxObjectsInEditor:16777216]]
[2020.02.20-22.19.59:978][  0]LogConfig: Setting CVar [[gc.IncrementalBeginDestroyEnabled:1]]
[2020.02.20-22.19.59:978][  0]LogConfig: Setting CVar [[gc.CreateGCClusters:1]]
[2020.02.20-22.19.59:978][  0]LogConfig: Setting CVar [[gc.MinGCClusterSize:5]]
[2020.02.20-22.19.59:978][  0]LogConfig: Setting CVar [[gc.ActorClusteringEnabled:0]]
[2020.02.20-22.19.59:978][  0]LogConfig: Setting CVar [[gc.BlueprintClusteringEnabled:0]]
[2020.02.20-22.19.59:979][  0]LogConfig: Setting CVar [[gc.UseDisregardForGCOnDedicatedServers:0]]
[2020.02.20-22.19.59:979][  0]LogConfig: Applying CVar settings from Section [/Script/Engine.NetworkSettings] File [C:/SeniorProject/PollutionProject/SeniorProject/Saved/Config/Windows/Engine.ini]
[2020.02.20-22.19.59:979][  0]LogConfig: Applying CVar settings from Section [/Script/UnrealEd.CookerSettings] File [C:/SeniorProject/PollutionProject/SeniorProject/Saved/Config/Windows/Engine.ini]
[2020.02.20-22.19.59:985][  0]LogConfig: Applying CVar settings from Section [ViewDistanceQuality@3] File [C:/SeniorProject/PollutionProject/SeniorProject/Saved/Config/Windows/Scalability.ini]
[2020.02.20-22.19.59:985][  0]LogConfig: Setting CVar [[r.SkeletalMeshLODBias:0]]
[2020.02.20-22.19.59:985][  0]LogConfig: Setting CVar [[r.ViewDistanceScale:1.0]]
[2020.02.20-22.19.59:985][  0]LogConfig: Applying CVar settings from Section [AntiAliasingQuality@3] File [C:/SeniorProject/PollutionProject/SeniorProject/Saved/Config/Windows/Scalability.ini]
[2020.02.20-22.19.59:985][  0]LogConfig: Setting CVar [[r.PostProcessAAQuality:4]]
[2020.02.20-22.19.59:985][  0]LogConfig: Applying CVar settings from Section [ShadowQuality@3] File [C:/SeniorProject/PollutionProject/SeniorProject/Saved/Config/Windows/Scalability.ini]
[2020.02.20-22.19.59:985][  0]LogConfig: Setting CVar [[r.LightFunctionQuality:1]]
[2020.02.20-22.19.59:985][  0]LogConfig: Setting CVar [[r.ShadowQuality:5]]
[2020.02.20-22.19.59:985][  0]LogConfig: Setting CVar [[r.Shadow.CSM.MaxCascades:10]]
[2020.02.20-22.19.59:985][  0]LogConfig: Setting CVar [[r.Shadow.MaxResolution:2048]]
[2020.02.20-22.19.59:986][  0]LogConfig: Setting CVar [[r.Shadow.MaxCSMResolution:2048]]
[2020.02.20-22.19.59:986][  0]LogConfig: Setting CVar [[r.Shadow.RadiusThreshold:0.01]]
[2020.02.20-22.19.59:986][  0]LogConfig: Setting CVar [[r.Shadow.DistanceScale:1.0]]
[2020.02.20-22.19.59:986][  0]LogConfig: Setting CVar [[r.Shadow.CSM.TransitionScale:1.0]]
[2020.02.20-22.19.59:986][  0]LogConfig: Setting CVar [[r.Shadow.PreShadowResolutionFactor:1.0]]
[2020.02.20-22.19.59:986][  0]LogConfig: Setting CVar [[r.DistanceFieldShadowing:1]]
[2020.02.20-22.19.59:986][  0]LogConfig: Setting CVar [[r.DistanceFieldAO:1]]
[2020.02.20-22.19.59:986][  0]LogConfig: Setting CVar [[r.AOQuality:2]]
[2020.02.20-22.19.59:986][  0]LogConfig: Setting CVar [[r.VolumetricFog:1]]
[2020.02.20-22.19.59:986][  0]LogConfig: Setting CVar [[r.VolumetricFog.GridPixelSize:8]]
[2020.02.20-22.19.59:986][  0]LogConfig: Setting CVar [[r.VolumetricFog.GridSizeZ:128]]
[2020.02.20-22.19.59:986][  0]LogConfig: Setting CVar [[r.VolumetricFog.HistoryMissSupersampleCount:4]]
[2020.02.20-22.19.59:986][  0]LogConfig: Setting CVar [[r.LightMaxDrawDistanceScale:1]]
[2020.02.20-22.19.59:986][  0]LogConfig: Setting CVar [[r.CapsuleShadows:1]]
[2020.02.20-22.19.59:987][  0]LogConfig: Applying CVar settings from Section [PostProcessQuality@3] File [C:/SeniorProject/PollutionProject/SeniorProject/Saved/Config/Windows/Scalability.ini]
[2020.02.20-22.19.59:987][  0]LogConfig: Setting CVar [[r.MotionBlurQuality:4]]
[2020.02.20-22.19.59:987][  0]LogConfig: Setting CVar [[r.AmbientOcclusionMipLevelFactor:0.4]]
[2020.02.20-22.19.59:987][  0]LogConfig: Setting CVar [[r.AmbientOcclusionMaxQuality:100]]
[2020.02.20-22.19.59:987][  0]LogConfig: Setting CVar [[r.AmbientOcclusionLevels:-1]]
[2020.02.20-22.19.59:987][  0]LogConfig: Setting CVar [[r.AmbientOcclusionRadiusScale:1.0]]
[2020.02.20-22.19.59:987][  0]LogConfig: Setting CVar [[r.DepthOfFieldQuality:2]]
[2020.02.20-22.19.59:987][  0]LogConfig: Setting CVar [[r.RenderTargetPoolMin:400]]
[2020.02.20-22.19.59:987][  0]LogConfig: Setting CVar [[r.LensFlareQuality:2]]
[2020.02.20-22.19.59:987][  0]LogConfig: Setting CVar [[r.SceneColorFringeQuality:1]]
[2020.02.20-22.19.59:987][  0]LogConfig: Setting CVar [[r.EyeAdaptationQuality:2]]
[2020.02.20-22.19.59:987][  0]LogConfig: Setting CVar [[r.BloomQuality:5]]
[2020.02.20-22.19.59:987][  0]LogConfig: Setting CVar [[r.FastBlurThreshold:100]]
[2020.02.20-22.19.59:987][  0]LogConfig: Setting CVar [[r.Upscale.Quality:3]]
[2020.02.20-22.19.59:988][  0]LogConfig: Setting CVar [[r.Tonemapper.GrainQuantization:1]]
[2020.02.20-22.19.59:988][  0]LogConfig: Setting CVar [[r.LightShaftQuality:1]]
[2020.02.20-22.19.59:988][  0]LogConfig: Setting CVar [[r.Filter.SizeScale:1]]
[2020.02.20-22.19.59:988][  0]LogConfig: Setting CVar [[r.Tonemapper.Quality:5]]
[2020.02.20-22.19.59:988][  0]LogConfig: Setting CVar [[r.DOF.Gather.AccumulatorQuality:1        ; higher gathering accumulator quality]]
[2020.02.20-22.19.59:988][  0]LogConfig: Setting CVar [[r.DOF.Gather.PostfilterMethod:1          ; Median3x3 postfilering method]]
[2020.02.20-22.19.59:988][  0]LogConfig: Setting CVar [[r.DOF.Gather.EnableBokehSettings:0       ; no bokeh simulation when gathering]]
[2020.02.20-22.19.59:988][  0]LogConfig: Setting CVar [[r.DOF.Gather.RingCount:4                 ; medium number of samples when gathering]]
[2020.02.20-22.19.59:988][  0]LogConfig: Setting CVar [[r.DOF.Scatter.ForegroundCompositing:1    ; additive foreground scattering]]
[2020.02.20-22.19.59:988][  0]LogConfig: Setting CVar [[r.DOF.Scatter.BackgroundCompositing:2    ; additive background scattering]]
[2020.02.20-22.19.59:988][  0]LogConfig: Setting CVar [[r.DOF.Scatter.EnableBokehSettings:1      ; bokeh simulation when scattering]]
[2020.02.20-22.19.59:988][  0]LogConfig: Setting CVar [[r.DOF.Scatter.MaxSpriteRatio:0.1         ; only a maximum of 10% of scattered bokeh]]
[2020.02.20-22.19.59:988][  0]LogConfig: Setting CVar [[r.DOF.Recombine.Quality:1                ; cheap slight out of focus]]
[2020.02.20-22.19.59:988][  0]LogConfig: Setting CVar [[r.DOF.Recombine.EnableBokehSettings:0    ; no bokeh simulation on slight out of focus]]
[2020.02.20-22.19.59:989][  0]LogConfig: Setting CVar [[r.DOF.TemporalAAQuality:1                ; more stable temporal accumulation]]
[2020.02.20-22.19.59:989][  0]LogConfig: Setting CVar [[r.DOF.Kernel.MaxForegroundRadius:0.025]]
[2020.02.20-22.19.59:989][  0]LogConfig: Setting CVar [[r.DOF.Kernel.MaxBackgroundRadius:0.025]]
[2020.02.20-22.19.59:989][  0]LogConfig: Applying CVar settings from Section [TextureQuality@3] File [C:/SeniorProject/PollutionProject/SeniorProject/Saved/Config/Windows/Scalability.ini]
[2020.02.20-22.19.59:989][  0]LogConfig: Setting CVar [[r.Streaming.MipBias:0]]
[2020.02.20-22.19.59:989][  0]LogConfig: Setting CVar [[r.Streaming.AmortizeCPUToGPUCopy:0]]
[2020.02.20-22.19.59:989][  0]LogConfig: Setting CVar [[r.Streaming.MaxNumTexturesToStreamPerFrame:0]]
[2020.02.20-22.19.59:989][  0]LogConfig: Setting CVar [[r.Streaming.Boost:1]]
[2020.02.20-22.19.59:989][  0]LogConfig: Setting CVar [[r.MaxAnisotropy:8]]
[2020.02.20-22.19.59:989][  0]LogConfig: Setting CVar [[r.Streaming.LimitPoolSizeToVRAM:0]]
[2020.02.20-22.19.59:989][  0]LogConfig: Setting CVar [[r.Streaming.PoolSize:1000]]
[2020.02.20-22.19.59:989][  0]LogConfig: Setting CVar [[r.Streaming.MaxEffectiveScreenSize:0]]
[2020.02.20-22.19.59:989][  0]LogConfig: Applying CVar settings from Section [EffectsQuality@3] File [C:/SeniorProject/PollutionProject/SeniorProject/Saved/Config/Windows/Scalability.ini]
[2020.02.20-22.19.59:990][  0]LogConfig: Setting CVar [[r.TranslucencyLightingVolumeDim:64]]
[2020.02.20-22.19.59:990][  0]LogConfig: Setting CVar [[r.RefractionQuality:2]]
[2020.02.20-22.19.59:990][  0]LogConfig: Setting CVar [[r.SSR.Quality:3]]
[2020.02.20-22.19.59:990][  0]LogConfig: Setting CVar [[r.SceneColorFormat:4]]
[2020.02.20-22.19.59:990][  0]LogConfig: Setting CVar [[r.DetailMode:2]]
[2020.02.20-22.19.59:990][  0]LogConfig: Setting CVar [[r.TranslucencyVolumeBlur:1]]
[2020.02.20-22.19.59:990][  0]LogConfig: Setting CVar [[r.MaterialQualityLevel:1 ; High quality]]
[2020.02.20-22.19.59:990][  0]LogConfig: Setting CVar [[r.SSS.Scale:1]]
[2020.02.20-22.19.59:990][  0]LogConfig: Setting CVar [[r.SSS.SampleSet:2]]
[2020.02.20-22.19.59:990][  0]LogConfig: Setting CVar [[r.SSS.Quality:1]]
[2020.02.20-22.19.59:990][  0]LogConfig: Setting CVar [[r.SSS.HalfRes:1]]
[2020.02.20-22.19.59:990][  0]LogConfig: Setting CVar [[r.EmitterSpawnRateScale:1.0]]
[2020.02.20-22.19.59:990][  0]LogConfig: Setting CVar [[r.ParticleLightQuality:2]]
[2020.02.20-22.19.59:990][  0]LogConfig: Applying CVar settings from Section [FoliageQuality@3] File [C:/SeniorProject/PollutionProject/SeniorProject/Saved/Config/Windows/Scalability.ini]
[2020.02.20-22.19.59:990][  0]LogConfig: Setting CVar [[foliage.DensityScale:1.0]]
[2020.02.20-22.19.59:990][  0]LogConfig: Setting CVar [[grass.DensityScale:1.0]]
[2020.02.20-22.19.59:991][  0]LogInit: Selected Device Profile: [Windows]
[2020.02.20-22.19.59:991][  0]LogInit: Applying CVar settings loaded from the selected device profile: [Windows]
[2020.02.20-22.20.00:009][  0]LogHAL: Display: Platform has ~ 16 GB [17130708992 / 17179869184 / 16], which maps to Larger [LargestMinGB=32, LargerMinGB=12, DefaultMinGB=8, SmallerMinGB=6, SmallestMinGB=0)
[2020.02.20-22.20.00:009][  0]LogConfig: Setting CVar [[r.Vulkan.UseRealUBs:0		; Required until we fix HLR fall-out]]
[2020.02.20-22.20.00:010][  0]LogInit: Going up to parent DeviceProfile []
[2020.02.20-22.20.00:010][  0]LogConfig: Applying CVar settings from Section [ViewDistanceQuality@3] File [C:/SeniorProject/PollutionProject/SeniorProject/Saved/Config/Windows/Scalability.ini]
[2020.02.20-22.20.00:010][  0]LogConfig: Setting CVar [[r.SkeletalMeshLODBias:0]]
[2020.02.20-22.20.00:010][  0]LogConfig: Setting CVar [[r.ViewDistanceScale:1.0]]
[2020.02.20-22.20.00:010][  0]LogConfig: Applying CVar settings from Section [AntiAliasingQuality@3] File [C:/SeniorProject/PollutionProject/SeniorProject/Saved/Config/Windows/Scalability.ini]
[2020.02.20-22.20.00:010][  0]LogConfig: Setting CVar [[r.PostProcessAAQuality:4]]
[2020.02.20-22.20.00:010][  0]LogConfig: Applying CVar settings from Section [ShadowQuality@3] File [C:/SeniorProject/PollutionProject/SeniorProject/Saved/Config/Windows/Scalability.ini]
[2020.02.20-22.20.00:010][  0]LogConfig: Setting CVar [[r.LightFunctionQuality:1]]
[2020.02.20-22.20.00:010][  0]LogConfig: Setting CVar [[r.ShadowQuality:5]]
[2020.02.20-22.20.00:011][  0]LogConfig: Setting CVar [[r.Shadow.CSM.MaxCascades:10]]
[2020.02.20-22.20.00:011][  0]LogConfig: Setting CVar [[r.Shadow.MaxResolution:2048]]
[2020.02.20-22.20.00:011][  0]LogConfig: Setting CVar [[r.Shadow.MaxCSMResolution:2048]]
[2020.02.20-22.20.00:011][  0]LogConfig: Setting CVar [[r.Shadow.RadiusThreshold:0.01]]
[2020.02.20-22.20.00:011][  0]LogConfig: Setting CVar [[r.Shadow.DistanceScale:1.0]]
[2020.02.20-22.20.00:011][  0]LogConfig: Setting CVar [[r.Shadow.CSM.TransitionScale:1.0]]
[2020.02.20-22.20.00:011][  0]LogConfig: Setting CVar [[r.Shadow.PreShadowResolutionFactor:1.0]]
[2020.02.20-22.20.00:011][  0]LogConfig: Setting CVar [[r.DistanceFieldShadowing:1]]
[2020.02.20-22.20.00:011][  0]LogConfig: Setting CVar [[r.DistanceFieldAO:1]]
[2020.02.20-22.20.00:011][  0]LogConfig: Setting CVar [[r.AOQuality:2]]
[2020.02.20-22.20.00:011][  0]LogConfig: Setting CVar [[r.VolumetricFog:1]]
[2020.02.20-22.20.00:012][  0]LogConfig: Setting CVar [[r.VolumetricFog.GridPixelSize:8]]
[2020.02.20-22.20.00:012][  0]LogConfig: Setting CVar [[r.VolumetricFog.GridSizeZ:128]]
[2020.02.20-22.20.00:012][  0]LogConfig: Setting CVar [[r.VolumetricFog.HistoryMissSupersampleCount:4]]
[2020.02.20-22.20.00:012][  0]LogConfig: Setting CVar [[r.LightMaxDrawDistanceScale:1]]
[2020.02.20-22.20.00:012][  0]LogConfig: Setting CVar [[r.CapsuleShadows:1]]
[2020.02.20-22.20.00:012][  0]LogConfig: Applying CVar settings from Section [PostProcessQuality@3] File [C:/SeniorProject/PollutionProject/SeniorProject/Saved/Config/Windows/Scalability.ini]
[2020.02.20-22.20.00:012][  0]LogConfig: Setting CVar [[r.MotionBlurQuality:4]]
[2020.02.20-22.20.00:013][  0]LogConfig: Setting CVar [[r.AmbientOcclusionMipLevelFactor:0.4]]
[2020.02.20-22.20.00:013][  0]LogConfig: Setting CVar [[r.AmbientOcclusionMaxQuality:100]]
[2020.02.20-22.20.00:013][  0]LogConfig: Setting CVar [[r.AmbientOcclusionLevels:-1]]
[2020.02.20-22.20.00:013][  0]LogConfig: Setting CVar [[r.AmbientOcclusionRadiusScale:1.0]]
[2020.02.20-22.20.00:013][  0]LogConfig: Setting CVar [[r.DepthOfFieldQuality:2]]
[2020.02.20-22.20.00:013][  0]LogConfig: Setting CVar [[r.RenderTargetPoolMin:400]]
[2020.02.20-22.20.00:013][  0]LogConfig: Setting CVar [[r.LensFlareQuality:2]]
[2020.02.20-22.20.00:013][  0]LogConfig: Setting CVar [[r.SceneColorFringeQuality:1]]
[2020.02.20-22.20.00:013][  0]LogConfig: Setting CVar [[r.EyeAdaptationQuality:2]]
[2020.02.20-22.20.00:013][  0]LogConfig: Setting CVar [[r.BloomQuality:5]]
[2020.02.20-22.20.00:014][  0]LogConfig: Setting CVar [[r.FastBlurThreshold:100]]
[2020.02.20-22.20.00:014][  0]LogConfig: Setting CVar [[r.Upscale.Quality:3]]
[2020.02.20-22.20.00:014][  0]LogConfig: Setting CVar [[r.Tonemapper.GrainQuantization:1]]
[2020.02.20-22.20.00:014][  0]LogConfig: Setting CVar [[r.LightShaftQuality:1]]
[2020.02.20-22.20.00:014][  0]LogConfig: Setting CVar [[r.Filter.SizeScale:1]]
[2020.02.20-22.20.00:014][  0]LogConfig: Setting CVar [[r.Tonemapper.Quality:5]]
[2020.02.20-22.20.00:014][  0]LogConfig: Setting CVar [[r.DOF.Gather.AccumulatorQuality:1        ; higher gathering accumulator quality]]
[2020.02.20-22.20.00:014][  0]LogConfig: Setting CVar [[r.DOF.Gather.PostfilterMethod:1          ; Median3x3 postfilering method]]
[2020.02.20-22.20.00:014][  0]LogConfig: Setting CVar [[r.DOF.Gather.EnableBokehSettings:0       ; no bokeh simulation when gathering]]
[2020.02.20-22.20.00:014][  0]LogConfig: Setting CVar [[r.DOF.Gather.RingCount:4                 ; medium number of samples when gathering]]
[2020.02.20-22.20.00:014][  0]LogConfig: Setting CVar [[r.DOF.Scatter.ForegroundCompositing:1    ; additive foreground scattering]]
[2020.02.20-22.20.00:014][  0]LogConfig: Setting CVar [[r.DOF.Scatter.BackgroundCompositing:2    ; additive background scattering]]
[2020.02.20-22.20.00:014][  0]LogConfig: Setting CVar [[r.DOF.Scatter.EnableBokehSettings:1      ; bokeh simulation when scattering]]
[2020.02.20-22.20.00:014][  0]LogConfig: Setting CVar [[r.DOF.Scatter.MaxSpriteRatio:0.1         ; only a maximum of 10% of scattered bokeh]]
[2020.02.20-22.20.00:015][  0]LogConfig: Setting CVar [[r.DOF.Recombine.Quality:1                ; cheap slight out of focus]]
[2020.02.20-22.20.00:015][  0]LogConfig: Setting CVar [[r.DOF.Recombine.EnableBokehSettings:0    ; no bokeh simulation on slight out of focus]]
[2020.02.20-22.20.00:015][  0]LogConfig: Setting CVar [[r.DOF.TemporalAAQuality:1                ; more stable temporal accumulation]]
[2020.02.20-22.20.00:015][  0]LogConfig: Setting CVar [[r.DOF.Kernel.MaxForegroundRadius:0.025]]
[2020.02.20-22.20.00:015][  0]LogConfig: Setting CVar [[r.DOF.Kernel.MaxBackgroundRadius:0.025]]
[2020.02.20-22.20.00:015][  0]LogConfig: Applying CVar settings from Section [TextureQuality@3] File [C:/SeniorProject/PollutionProject/SeniorProject/Saved/Config/Windows/Scalability.ini]
[2020.02.20-22.20.00:015][  0]LogConfig: Setting CVar [[r.Streaming.MipBias:0]]
[2020.02.20-22.20.00:015][  0]LogConfig: Setting CVar [[r.Streaming.AmortizeCPUToGPUCopy:0]]
[2020.02.20-22.20.00:015][  0]LogConfig: Setting CVar [[r.Streaming.MaxNumTexturesToStreamPerFrame:0]]
[2020.02.20-22.20.00:015][  0]LogConfig: Setting CVar [[r.Streaming.Boost:1]]
[2020.02.20-22.20.00:015][  0]LogConfig: Setting CVar [[r.MaxAnisotropy:8]]
[2020.02.20-22.20.00:015][  0]LogConfig: Setting CVar [[r.Streaming.LimitPoolSizeToVRAM:0]]
[2020.02.20-22.20.00:016][  0]LogConfig: Setting CVar [[r.Streaming.PoolSize:1000]]
[2020.02.20-22.20.00:016][  0]LogConfig: Setting CVar [[r.Streaming.MaxEffectiveScreenSize:0]]
[2020.02.20-22.20.00:016][  0]LogConfig: Applying CVar settings from Section [EffectsQuality@3] File [C:/SeniorProject/PollutionProject/SeniorProject/Saved/Config/Windows/Scalability.ini]
[2020.02.20-22.20.00:016][  0]LogConfig: Setting CVar [[r.TranslucencyLightingVolumeDim:64]]
[2020.02.20-22.20.00:016][  0]LogConfig: Setting CVar [[r.RefractionQuality:2]]
[2020.02.20-22.20.00:016][  0]LogConfig: Setting CVar [[r.SSR.Quality:3]]
[2020.02.20-22.20.00:016][  0]LogConfig: Setting CVar [[r.SceneColorFormat:4]]
[2020.02.20-22.20.00:016][  0]LogConfig: Setting CVar [[r.DetailMode:2]]
[2020.02.20-22.20.00:016][  0]LogConfig: Setting CVar [[r.TranslucencyVolumeBlur:1]]
[2020.02.20-22.20.00:016][  0]LogConfig: Setting CVar [[r.MaterialQualityLevel:1 ; High quality]]
[2020.02.20-22.20.00:016][  0]LogConfig: Setting CVar [[r.SSS.Scale:1]]
[2020.02.20-22.20.00:016][  0]LogConfig: Setting CVar [[r.SSS.SampleSet:2]]
[2020.02.20-22.20.00:016][  0]LogConfig: Setting CVar [[r.SSS.Quality:1]]
[2020.02.20-22.20.00:017][  0]LogConfig: Setting CVar [[r.SSS.HalfRes:1]]
[2020.02.20-22.20.00:017][  0]LogConfig: Setting CVar [[r.EmitterSpawnRateScale:1.0]]
[2020.02.20-22.20.00:017][  0]LogConfig: Setting CVar [[r.ParticleLightQuality:2]]
[2020.02.20-22.20.00:017][  0]LogConfig: Applying CVar settings from Section [FoliageQuality@3] File [C:/SeniorProject/PollutionProject/SeniorProject/Saved/Config/Windows/Scalability.ini]
[2020.02.20-22.20.00:017][  0]LogConfig: Setting CVar [[foliage.DensityScale:1.0]]
[2020.02.20-22.20.00:017][  0]LogConfig: Setting CVar [[grass.DensityScale:1.0]]
[2020.02.20-22.20.00:017][  0]LogConfig: Applying CVar settings from Section [Startup] File [../../../Engine/Config/ConsoleVariables.ini]
[2020.02.20-22.20.00:017][  0]LogConfig: Setting CVar [[net.UseAdaptiveNetUpdateFrequency:0]]
[2020.02.20-22.20.00:017][  0]LogConfig: Setting CVar [[p.chaos.AllowCreatePhysxBodies:1]]
[2020.02.20-22.20.00:018][  0]LogConfig: Applying CVar settings from Section [ConsoleVariables] File [C:/SeniorProject/PollutionProject/SeniorProject/Saved/Config/Windows/Engine.ini]
[2020.02.20-22.20.00:018][  0]LogInit: Computer: DESKTOP-L1LT82N
[2020.02.20-22.20.00:018][  0]LogInit: User: Greg
[2020.02.20-22.20.00:018][  0]LogInit: CPU Page size=4096, Cores=4
[2020.02.20-22.20.00:018][  0]LogInit: High frequency timer resolution =10.000000 MHz
[2020.02.20-22.20.00:018][  0]LogMemory: Memory total: Physical=16.0GB (16GB approx)
[2020.02.20-22.20.00:018][  0]LogMemory: Platform Memory Stats for Windows
[2020.02.20-22.20.00:018][  0]LogMemory: Process Physical Memory: 104.57 MB used, 104.57 MB peak
[2020.02.20-22.20.00:018][  0]LogMemory: Process Virtual Memory: 106.73 MB used, 106.73 MB peak
[2020.02.20-22.20.00:019][  0]LogMemory: Physical Memory: 10953.41 MB used,  5383.71 MB free, 16337.12 MB total
[2020.02.20-22.20.00:019][  0]LogMemory: Virtual Memory: 4676.29 MB used,  134213048.00 MB free, 134217728.00 MB total
[2020.02.20-22.20.01:250][  0]LogInit: Using OS detected language (en-US).
[2020.02.20-22.20.01:250][  0]LogInit: Using OS detected locale (en-US).
[2020.02.20-22.20.01:251][  0]LogTextLocalizationManager: No specific localization for 'en-US' exists, so the 'en' localization will be used.
[2020.02.20-22.20.01:468][  0]LogInit: Setting process to per monitor DPI aware
[2020.02.20-22.20.01:521][  0]LogSlate: New Slate User Created.  User Index 0, Is Virtual User: 0
[2020.02.20-22.20.01:521][  0]LogSlate: Slate User Registered.  User Index 0, Is Virtual User: 0
[2020.02.20-22.20.01:727][  0]LogHMD: Failed to initialize OpenVR with code 110
[2020.02.20-22.20.01:727][  0]LogD3D11RHI: D3D11 adapters:
[2020.02.20-22.20.01:823][  0]LogD3D11RHI:    0. 'NVIDIA GeForce GTX 1070' (Feature Level 11_0)
[2020.02.20-22.20.01:823][  0]LogD3D11RHI:       8089/0/8168 MB DedicatedVideo/DedicatedSystem/SharedSystem, Outputs:1, VendorId:0x10de
[2020.02.20-22.20.01:854][  0]LogD3D11RHI:    1. 'Microsoft Basic Render Driver' (Feature Level 11_0)
[2020.02.20-22.20.01:854][  0]LogD3D11RHI:       0/0/8168 MB DedicatedVideo/DedicatedSystem/SharedSystem, Outputs:0, VendorId:0x1414
[2020.02.20-22.20.01:854][  0]LogD3D11RHI: Chosen D3D11 Adapter: 0
[2020.02.20-22.20.01:865][  0]LogD3D11RHI: Creating new Direct3DDevice
[2020.02.20-22.20.01:865][  0]LogD3D11RHI:     GPU DeviceId: 0x1be1 (for the marketing name, search the web for "GPU Device Id")
[2020.02.20-22.20.01:865][  0]LogWindows: EnumDisplayDevices:
[2020.02.20-22.20.01:865][  0]LogWindows:    0. 'NVIDIA GeForce GTX 1070' (P:1 D:1)
[2020.02.20-22.20.01:866][  0]LogWindows:    1. 'NVIDIA GeForce GTX 1070' (P:0 D:0)
[2020.02.20-22.20.01:866][  0]LogWindows:    2. 'NVIDIA GeForce GTX 1070' (P:0 D:0)
[2020.02.20-22.20.01:867][  0]LogWindows:    3. 'NVIDIA GeForce GTX 1070' (P:0 D:0)
[2020.02.20-22.20.01:867][  0]LogWindows: DebugString: FoundDriverCount:4 
[2020.02.20-22.20.01:867][  0]LogD3D11RHI:     Adapter Name: NVIDIA GeForce GTX 1070
[2020.02.20-22.20.01:867][  0]LogD3D11RHI:   Driver Version: 388.57 (internal:23.21.13.8857, unified:388.57)
[2020.02.20-22.20.01:867][  0]LogD3D11RHI:      Driver Date: 12-4-2017
[2020.02.20-22.20.01:867][  0]LogRHI: Texture pool is 5662 MB (70% of 8089 MB)
[2020.02.20-22.20.01:911][  0]LogD3D11RHI: Async texture creation enabled
[2020.02.20-22.20.01:916][  0]LogRendererCore: FGlobalReadBuffer::InitRHI
[2020.02.20-22.20.01:917][  0]LogRendererCore: FGlobalReadBuffer::InitRHI
[2020.02.20-22.20.01:917][  0]LogRendererCore: FGlobalReadBuffer::InitRHI
[2020.02.20-22.20.01:928][  0]LogD3D11RHI: GPU Timing Frequency: 1000.000000 (Debug: 2 1)
[2020.02.20-22.20.02:463][  0]LogTemp: Display: Module 'AllDesktopTargetPlatform' loaded TargetPlatform 'AllDesktop'
[2020.02.20-22.20.02:480][  0]LogTemp: Display: Module 'MacClientTargetPlatform' loaded TargetPlatform 'MacClient'
[2020.02.20-22.20.02:499][  0]LogTemp: Display: Module 'MacNoEditorTargetPlatform' loaded TargetPlatform 'MacNoEditor'
[2020.02.20-22.20.02:516][  0]LogTemp: Display: Module 'MacServerTargetPlatform' loaded TargetPlatform 'MacServer'
[2020.02.20-22.20.02:534][  0]LogTemp: Display: Module 'MacTargetPlatform' loaded TargetPlatform 'Mac'
[2020.02.20-22.20.02:553][  0]LogTemp: Display: Module 'WindowsClientTargetPlatform' loaded TargetPlatform 'WindowsClient'
[2020.02.20-22.20.02:569][  0]LogTemp: Display: Module 'WindowsNoEditorTargetPlatform' loaded TargetPlatform 'WindowsNoEditor'
[2020.02.20-22.20.02:585][  0]LogTemp: Display: Module 'WindowsServerTargetPlatform' loaded TargetPlatform 'WindowsServer'
[2020.02.20-22.20.02:597][  0]LogTemp: Display: Module 'WindowsTargetPlatform' loaded TargetPlatform 'Windows'
[2020.02.20-22.20.02:696][  0]LogTemp: Display: Module 'AndroidTargetPlatform' loaded TargetPlatform 'Android'
[2020.02.20-22.20.02:696][  0]LogTemp: Display: Module 'AndroidTargetPlatform' loaded TargetPlatform 'Android_ASTC'
[2020.02.20-22.20.02:697][  0]LogTemp: Display: Module 'AndroidTargetPlatform' loaded TargetPlatform 'Android_ATC'
[2020.02.20-22.20.02:697][  0]LogTemp: Display: Module 'AndroidTargetPlatform' loaded TargetPlatform 'Android_DXT'
[2020.02.20-22.20.02:697][  0]LogTemp: Display: Module 'AndroidTargetPlatform' loaded TargetPlatform 'Android_ETC1'
[2020.02.20-22.20.02:697][  0]LogTemp: Display: Module 'AndroidTargetPlatform' loaded TargetPlatform 'Android_ETC1a'
[2020.02.20-22.20.02:697][  0]LogTemp: Display: Module 'AndroidTargetPlatform' loaded TargetPlatform 'Android_ETC2'
[2020.02.20-22.20.02:697][  0]LogTemp: Display: Module 'AndroidTargetPlatform' loaded TargetPlatform 'Android_PVRTC'
[2020.02.20-22.20.02:697][  0]LogTemp: Display: Module 'AndroidTargetPlatform' loaded TargetPlatform 'AndroidClient'
[2020.02.20-22.20.02:697][  0]LogTemp: Display: Module 'AndroidTargetPlatform' loaded TargetPlatform 'Android_ASTCClient'
[2020.02.20-22.20.02:697][  0]LogTemp: Display: Module 'AndroidTargetPlatform' loaded TargetPlatform 'Android_ATCClient'
[2020.02.20-22.20.02:698][  0]LogTemp: Display: Module 'AndroidTargetPlatform' loaded TargetPlatform 'Android_DXTClient'
[2020.02.20-22.20.02:698][  0]LogTemp: Display: Module 'AndroidTargetPlatform' loaded TargetPlatform 'Android_ETC1Client'
[2020.02.20-22.20.02:698][  0]LogTemp: Display: Module 'AndroidTargetPlatform' loaded TargetPlatform 'Android_ETC1aClient'
[2020.02.20-22.20.02:698][  0]LogTemp: Display: Module 'AndroidTargetPlatform' loaded TargetPlatform 'Android_ETC2Client'
[2020.02.20-22.20.02:698][  0]LogTemp: Display: Module 'AndroidTargetPlatform' loaded TargetPlatform 'Android_PVRTCClient'
[2020.02.20-22.20.02:698][  0]LogTemp: Display: Module 'AndroidTargetPlatform' loaded TargetPlatform 'Android_Multi'
[2020.02.20-22.20.02:698][  0]LogTemp: Display: Module 'AndroidTargetPlatform' loaded TargetPlatform 'Android_MultiClient'
[2020.02.20-22.20.02:703][  0]LogTemp: Display: Module 'HTML5TargetPlatform' loaded TargetPlatform 'HTML5'
[2020.02.20-22.20.02:768][  0]LogTemp: Display: Module 'IOSTargetPlatform' loaded TargetPlatform 'IOSClient'
[2020.02.20-22.20.02:768][  0]LogTemp: Display: Module 'IOSTargetPlatform' loaded TargetPlatform 'IOS'
[2020.02.20-22.20.02:797][  0]LogTemp: Display: Module 'TVOSTargetPlatform' loaded TargetPlatform 'TVOSClient'
[2020.02.20-22.20.02:797][  0]LogTemp: Display: Module 'TVOSTargetPlatform' loaded TargetPlatform 'TVOS'
[2020.02.20-22.20.02:812][  0]LogTemp: Display: Module 'LinuxClientTargetPlatform' loaded TargetPlatform 'LinuxClient'
[2020.02.20-22.20.02:828][  0]LogTemp: Display: Module 'LinuxNoEditorTargetPlatform' loaded TargetPlatform 'LinuxNoEditor'
[2020.02.20-22.20.02:844][  0]LogTemp: Display: Module 'LinuxServerTargetPlatform' loaded TargetPlatform 'LinuxServer'
[2020.02.20-22.20.02:861][  0]LogTemp: Display: Module 'LinuxTargetPlatform' loaded TargetPlatform 'Linux'
[2020.02.20-22.20.02:908][  0]LogTemp: Display: Module 'LuminTargetPlatform' loaded TargetPlatform 'Lumin'
[2020.02.20-22.20.02:908][  0]LogTemp: Display: Module 'LuminTargetPlatform' loaded TargetPlatform 'LuminClient'
[2020.02.20-22.20.02:909][  0]LogTargetPlatformManager: Display: Building Assets For Windows
[2020.02.20-22.20.02:929][  0]LogAudioDebug: Display: Lib vorbis DLL was dynamically loaded.
[2020.02.20-22.20.03:050][  0]LogShaderCompilers: Guid format shader working directory is -3 characters bigger than the processId version (C:/SeniorProject/PollutionProject/SeniorProject/Intermediate/Shaders/WorkingDirectory/20740/).
[2020.02.20-22.20.03:051][  0]LogShaderCompilers: Cleaned the shader compiler working directory 'C:/Users/Greg/AppData/Local/Temp/UnrealShaderWorkingDir/1941EC654E45E10F46223E9F112EFAAC/'.
[2020.02.20-22.20.03:053][  0]LogXGEController: Cleaning working directory: C:/Users/Greg/AppData/Local/Temp/UnrealXGEWorkingDir/
[2020.02.20-22.20.03:053][  0]LogXGEController: Cannot use XGE Controller as Incredibuild is not installed on this machine.
[2020.02.20-22.20.03:054][  0]LogShaderCompilers: Cannot use XGE Shader Compiler as Incredibuild is not installed on this machine.
[2020.02.20-22.20.03:054][  0]LogShaderCompilers: Display: Using Local Shader Compiler.
[2020.02.20-22.20.03:754][  0]LogDerivedDataCache: Display: Max Cache Size: 512 MB
[2020.02.20-22.20.03:807][  0]LogDerivedDataCache: Loaded boot cache 0.05s 73MB C:/Users/Greg/AppData/Local/UnrealEngine/4.22/DerivedDataCache/Boot.ddc.
[2020.02.20-22.20.03:807][  0]LogDerivedDataCache: Display: Loaded Boot cache: C:/Users/Greg/AppData/Local/UnrealEngine/4.22/DerivedDataCache/Boot.ddc
[2020.02.20-22.20.03:807][  0]LogDerivedDataCache: FDerivedDataBackendGraph:  Pak pak cache file C:/SeniorProject/PollutionProject/SeniorProject/DerivedDataCache/DDC.ddp not found, will not use a pak cache.
[2020.02.20-22.20.03:807][  0]LogDerivedDataCache: Unable to find inner node Pak for hierarchical cache Hierarchy.
[2020.02.20-22.20.03:808][  0]LogDerivedDataCache: FDerivedDataBackendGraph:  CompressedPak pak cache file C:/SeniorProject/PollutionProject/SeniorProject/DerivedDataCache/Compressed.ddp not found, will not use a pak cache.
[2020.02.20-22.20.03:808][  0]LogDerivedDataCache: Unable to find inner node CompressedPak for hierarchical cache Hierarchy.
[2020.02.20-22.20.03:821][  0]LogDerivedDataCache: Display: Pak cache opened for reading ../../../Engine/DerivedDataCache/Compressed.ddp.
[2020.02.20-22.20.03:826][  0]LogDerivedDataCache: Display: Pak cache opened for reading ../../../Enterprise/DerivedDataCache/Compressed.ddp.
[2020.02.20-22.20.03:839][  0]LogDerivedDataCache: Using Local data cache path C:/Users/Greg/AppData/Local/UnrealEngine/Common/DerivedDataCache: Writable
[2020.02.20-22.20.03:840][  0]LogDerivedDataCache: Shared data cache path not found in *engine.ini, will not use an Shared cache.
[2020.02.20-22.20.03:840][  0]LogDerivedDataCache: Unable to find inner node Shared for hierarchical cache Hierarchy.
[2020.02.20-22.20.03:865][  0]LogMaterial: Verifying Global Shaders for PCD3D_SM5
[2020.02.20-22.20.03:866][  0]LogSlate: Using FreeType 2.6.0
[2020.02.20-22.20.03:867][  0]LogSlate: SlateFontServices - WITH_FREETYPE: 1, WITH_HARFBUZZ: 1
[2020.02.20-22.20.03:967][  0]LogAssetRegistry: FAssetRegistry took 0.0397 seconds to start up
[2020.02.20-22.20.04:357][  0]LogInit: Selected Device Profile: [Windows]
[2020.02.20-22.20.04:608][  0]LogMeshReduction: Using QuadricMeshReduction for automatic static mesh reduction
[2020.02.20-22.20.04:608][  0]LogMeshReduction: Using SimplygonMeshReduction for automatic skeletal mesh reduction
[2020.02.20-22.20.04:609][  0]LogMeshReduction: Using ProxyLODMeshReduction for automatic mesh merging
[2020.02.20-22.20.04:609][  0]LogMeshReduction: No distributed automatic mesh merging module available
[2020.02.20-22.20.04:609][  0]LogMeshMerging: No distributed automatic mesh merging module available
[2020.02.20-22.20.04:624][  0]LogNetVersion: SeniorProject 1.0.0, NetCL: 5660361, EngineNetVer: 10, GameNetVer: 0 (Checksum: 993350713)
[2020.02.20-22.20.05:202][  0]LogPackageLocalizationCache: Processed 16 localized package path(s) for 1 prioritized culture(s) in 0.094659 seconds
[2020.02.20-22.20.05:210][  0]LogUObjectArray: 42205 objects as part of root set at end of initial load.
[2020.02.20-22.20.05:210][  0]LogUObjectAllocator: 7325032 out of 0 bytes used by permanent object pool.
[2020.02.20-22.20.05:210][  0]LogUObjectArray: CloseDisregardForGC: 0/0 objects in disregard for GC pool
[2020.02.20-22.20.06:303][  0]LogTcpMessaging: Initializing TcpMessaging bridge
[2020.02.20-22.20.06:322][  0]LogUdpMessaging: Initializing bridge on interface 0.0.0.0:0 to multicast group 230.0.0.1:6666.
[2020.02.20-22.20.06:604][  0]LogOutputDevice: Error: Ensure condition failed: AttachmentRules.LocationRule == EAttachmentRule::KeepRelative && AttachmentRules.RotationRule == EAttachmentRule::KeepRelative && AttachmentRules.ScaleRule == EAttachmentRule::KeepRelative [File:D:\Build\++UE4\Sync\Engine\Source\Runtime\Engine\Private\Components\SceneComponent.cpp] [Line: 1786] 
AttachToComponent when called from a constructor is only setting up attachment and will always be treated as KeepRelative. Consider calling SetupAttachment directly instead.

[2020.02.20-22.20.06:604][  0]LogStats:             FDebug::EnsureFailed -  0.000 s
[2020.02.20-22.20.08:507][  0]SourceControl: Source control is disabled
[2020.02.20-22.20.09:282][  0]LogAndroidPermission: UAndroidPermissionCallbackProxy::GetInstance
[2020.02.20-22.20.09:426][  0]LogOcInput: OculusInput pre-init called
[2020.02.20-22.20.12:597][  0]LogEngine: Initializing Engine...
[2020.02.20-22.20.12:599][  0]LogHMD: Failed to initialize OpenVR with code 110
[2020.02.20-22.20.12:601][  0]LogStats: UGameplayTagsManager::InitializeManager -  0.000 s
[2020.02.20-22.20.12:837][  0]LogInit: Initializing FReadOnlyCVARCache
[2020.02.20-22.20.12:850][  0]LogAIModule: Creating AISystem for world Untitled
[2020.02.20-22.20.12:987][  0]LogInit: XAudio2 using 'Speakers (Realtek High Definition Audio)' : 6 channels at 48 kHz using 32 bits per sample (channel mask 0x3f)
[2020.02.20-22.20.13:209][  0]LogInit: FAudioDevice initialized.
[2020.02.20-22.20.13:210][  0]LogNetVersion: Set ProjectVersion to 1.0.0.0. Version Checksum will be recalculated on next use.
[2020.02.20-22.20.13:388][  0]LogDerivedDataCache: Saved boot cache 0.18s 73MB C:/Users/Greg/AppData/Local/UnrealEngine/4.22/DerivedDataCache/Boot.ddc.
[2020.02.20-22.20.13:483][  0]LogInit: Texture streaming: Enabled
[2020.02.20-22.20.13:535][  0]LogEngineSessionManager: EngineSessionManager initialized
[2020.02.20-22.20.13:535][  0]LogEngineSessionManager: EngineSessionManager sent abnormal shutdown report. Type=Debugger, SessionId={DDFE8218-47B3-31A0-7C91-1B8165325CB6}
[2020.02.20-22.20.13:563][  0]LogInit: Transaction tracking system initialized
[2020.02.20-22.20.13:621][  0]BlueprintLog: New page: Editor Load
[2020.02.20-22.20.13:741][  0]LocalizationService: Localization service is disabled
[2020.02.20-22.20.14:128][  0]LogCook: Display: Max memory allowance for cook 16384mb min free memory 0mb
[2020.02.20-22.20.14:128][  0]LogCook: Display: Mobile HDR setting 1
[2020.02.20-22.20.14:566][  0]LogFileCache: Scanning file cache for directory 'C:/SeniorProject/PollutionProject/SeniorProject/Content/' took 0.05s
[2020.02.20-22.20.15:924][  0]Cmd: MAP LOAD FILE="C:/SeniorProject/PollutionProject/SeniorProject/Content/Levels/GreyBoxLVL4.umap" TEMPLATE=0 SHOWPROGRESS=1 FEATURELEVEL=3
[2020.02.20-22.20.15:925][  0]LightingResults: New page: Lighting Build
[2020.02.20-22.20.15:927][  0]MapCheck: New page: Map Check
[2020.02.20-22.20.15:928][  0]LightingResults: New page: Lighting Build
[2020.02.20-22.20.15:954][  0]LogUObjectHash: Compacting FUObjectHashTables data took   1.62ms
[2020.02.20-22.20.19:830][  0]LogAIModule: Creating AISystem for world GreyBoxLVL4
[2020.02.20-22.20.19:832][  0]LogMaterial: Warning: Material /Game/Assets/Dock/01_-_Default.01_-_Default needed to have new flag set bUsedWithInstancedStaticMeshes !
[2020.02.20-22.20.19:839][  0]LogMaterial: Display: Missing cached shader map for material 01_-_Default, compiling. 
[2020.02.20-22.20.19:953][  0]MapCheck: Warning: 01_-_Default Material /Game/Assets/Dock/01_-_Default.01_-_Default was missing the usage flag bUsedWithInstancedStaticMeshes. If the material asset is not re-saved, it may not render correctly when run outside the editor. Fix
[2020.02.20-22.20.19:955][  0]LogMaterial: Warning: Material /Game/Assets/Windows/02_-_Default.02_-_Default needed to have new flag set bUsedWithInstancedStaticMeshes !
[2020.02.20-22.20.19:958][  0]LogMaterial: Display: Missing cached shader map for material 02_-_Default, compiling. 
[2020.02.20-22.20.19:992][  0]MapCheck: Warning: 02_-_Default Material /Game/Assets/Windows/02_-_Default.02_-_Default was missing the usage flag bUsedWithInstancedStaticMeshes. If the material asset is not re-saved, it may not render correctly when run outside the editor. Fix
[2020.02.20-22.20.19:994][  0]LogMaterial: Warning: Material /Game/Assets/Windows/08_-_Default.08_-_Default needed to have new flag set bUsedWithInstancedStaticMeshes !
[2020.02.20-22.20.19:998][  0]LogMaterial: Display: Missing cached shader map for material 08_-_Default, compiling. 
[2020.02.20-22.20.20:027][  0]MapCheck: Warning: 08_-_Default Material /Game/Assets/Windows/08_-_Default.08_-_Default was missing the usage flag bUsedWithInstancedStaticMeshes. If the material asset is not re-saved, it may not render correctly when run outside the editor. Fix
[2020.02.20-22.20.22:401][  0]LogEditorServer: Finished looking for orphan Actors (0.001 secs)
[2020.02.20-22.20.22:580][  0]LogUObjectHash: Compacting FUObjectHashTables data took   6.25ms
[2020.02.20-22.20.22:580][  0]Cmd: MAP CHECKDEP NOCLEARLOG
[2020.02.20-22.20.22:581][  0]MapCheck: Map check complete: 0 Error(s), 3 Warning(s), took 0.697ms to complete.
[2020.02.20-22.20.22:592][  0]LogFileHelpers: Loading map 'GreyBoxLVL4' took 6.667
[2020.02.20-22.20.22:870][  0]LogSlate: Updating window title bar state: overlay mode, drag disabled, window buttons hidden, title bar hidden
[2020.02.20-22.20.22:887][  0]LogSlate: Updating window title bar state: overlay mode, drag disabled, window buttons hidden, title bar hidden
[2020.02.20-22.20.22:905][  0]LogSlate: Updating window title bar state: overlay mode, drag disabled, window buttons hidden, title bar hidden
[2020.02.20-22.20.22:922][  0]LogSlate: Updating window title bar state: overlay mode, drag disabled, window buttons hidden, title bar hidden
[2020.02.20-22.20.22:943][  0]LogCollectionManager: Loaded 0 collections in 0.001635 seconds
[2020.02.20-22.20.23:107][  0]LogFileCache: Scanning file cache for directory 'C:/SeniorProject/PollutionProject/SeniorProject/Saved/Collections/' took 0.03s
[2020.02.20-22.20.23:107][  0]LogFileCache: Scanning file cache for directory 'C:/SeniorProject/PollutionProject/SeniorProject/Content/Developers/Greg/Collections/' took 0.05s
[2020.02.20-22.20.23:107][  0]LogFileCache: Scanning file cache for directory 'C:/SeniorProject/PollutionProject/SeniorProject/Content/Collections/' took 0.04s
[2020.02.20-22.20.23:107][  0]LogCollectionManager: Rebuilt the GUID cache for 0 collections in 0.000000 seconds
[2020.02.20-22.20.23:124][  0]LogContentBrowser: Native class hierarchy populated in 0.0159 seconds. Added 2876 classes and 729 folders.
[2020.02.20-22.20.23:156][  0]LogContentBrowser: Native class hierarchy updated for 'WidgetCarousel' in 0.0006 seconds. Added 0 classes and 0 folders.
[2020.02.20-22.20.23:199][  0]LogPakFile: Registered encryption key '00000000000000000000000000000000': 0 pak files mounted, 0 remain pending
[2020.02.20-22.20.23:223][  0]LogPakFile: Registered encryption key '00000000000000000000000000000000': 0 pak files mounted, 0 remain pending
[2020.02.20-22.20.23:268][  0]LogPakFile: Registered encryption key '00000000000000000000000000000000': 0 pak files mounted, 0 remain pending
[2020.02.20-22.20.23:287][  0]LogPakFile: Registered encryption key '00000000000000000000000000000000': 0 pak files mounted, 0 remain pending
[2020.02.20-22.20.23:311][  0]LogPakFile: Registered encryption key '00000000000000000000000000000000': 0 pak files mounted, 0 remain pending
[2020.02.20-22.20.23:333][  0]LogPakFile: Registered encryption key '00000000000000000000000000000000': 0 pak files mounted, 0 remain pending
[2020.02.20-22.20.23:354][  0]LogPakFile: Registered encryption key '00000000000000000000000000000000': 0 pak files mounted, 0 remain pending
[2020.02.20-22.20.23:378][  0]LogPakFile: Registered encryption key '00000000000000000000000000000000': 0 pak files mounted, 0 remain pending
[2020.02.20-22.20.23:400][  0]LogPakFile: Registered encryption key '00000000000000000000000000000000': 0 pak files mounted, 0 remain pending
[2020.02.20-22.20.23:420][  0]LogPakFile: Registered encryption key '00000000000000000000000000000000': 0 pak files mounted, 0 remain pending
[2020.02.20-22.20.23:443][  0]LogPakFile: Registered encryption key '00000000000000000000000000000000': 0 pak files mounted, 0 remain pending
[2020.02.20-22.20.23:463][  0]LogPakFile: Registered encryption key '00000000000000000000000000000000': 0 pak files mounted, 0 remain pending
[2020.02.20-22.20.23:481][  0]LogPakFile: Registered encryption key '00000000000000000000000000000000': 0 pak files mounted, 0 remain pending
[2020.02.20-22.20.23:501][  0]LogPakFile: Registered encryption key '00000000000000000000000000000000': 0 pak files mounted, 0 remain pending
[2020.02.20-22.20.23:522][  0]LogPakFile: Registered encryption key '00000000000000000000000000000000': 0 pak files mounted, 0 remain pending
[2020.02.20-22.20.23:538][  0]LogPakFile: Registered encryption key '00000000000000000000000000000000': 0 pak files mounted, 0 remain pending
[2020.02.20-22.20.23:596][  0]LogPakFile: Registered encryption key '00000000000000000000000000000000': 0 pak files mounted, 0 remain pending
[2020.02.20-22.20.23:620][  0]LogPakFile: Registered encryption key '00000000000000000000000000000000': 0 pak files mounted, 0 remain pending
[2020.02.20-22.20.23:638][  0]LogPakFile: Registered encryption key '00000000000000000000000000000000': 0 pak files mounted, 0 remain pending
[2020.02.20-22.20.23:650][  0]LogPakFile: Registered encryption key '00000000000000000000000000000000': 0 pak files mounted, 0 remain pending
[2020.02.20-22.20.23:672][  0]LogPakFile: Registered encryption key '00000000000000000000000000000000': 0 pak files mounted, 0 remain pending
[2020.02.20-22.20.23:685][  0]LogPakFile: Registered encryption key '00000000000000000000000000000000': 0 pak files mounted, 0 remain pending
[2020.02.20-22.20.23:703][  0]LogPakFile: Registered encryption key '00000000000000000000000000000000': 0 pak files mounted, 0 remain pending
[2020.02.20-22.20.23:727][  0]LogPakFile: Registered encryption key '00000000000000000000000000000000': 0 pak files mounted, 0 remain pending
[2020.02.20-22.20.23:749][  0]LogPakFile: Registered encryption key '00000000000000000000000000000000': 0 pak files mounted, 0 remain pending
[2020.02.20-22.20.23:768][  0]LogPakFile: Registered encryption key '00000000000000000000000000000000': 0 pak files mounted, 0 remain pending
[2020.02.20-22.20.23:789][  0]LogPakFile: Registered encryption key '00000000000000000000000000000000': 0 pak files mounted, 0 remain pending
[2020.02.20-22.20.23:815][  0]LogPakFile: Registered encryption key '00000000000000000000000000000000': 0 pak files mounted, 0 remain pending
[2020.02.20-22.20.24:493][  0]LogContentBrowser: Native class hierarchy updated for 'AddContentDialog' in 0.0007 seconds. Added 0 classes and 0 folders.
[2020.02.20-22.20.24:498][  0]LogContentBrowser: Native class hierarchy updated for 'SceneOutliner' in 0.0005 seconds. Added 1 classes and 0 folders.
[2020.02.20-22.20.24:544][  0]LogSlate: Took 0.017013 seconds to synchronously load lazily loaded font '../../../Engine/Content/Slate/Fonts/Roboto-Regular.ttf' (155K)
[2020.02.20-22.20.24:562][  0]LogSlate: Took 0.014724 seconds to synchronously load lazily loaded font '../../../Engine/Content/Slate/Fonts/Roboto-Bold.ttf' (160K)
[2020.02.20-22.20.24:577][  0]LogSlate: Took 0.008124 seconds to synchronously load lazily loaded font '../../../Engine/Content/Editor/Slate/Fonts/FontAwesome.ttf' (139K)
[2020.02.20-22.20.24:689][  0]LogRenderer: Reallocating scene render targets to support 904x424 Format 10 NumSamples 1 (Frame:1).
[2020.02.20-22.20.24:834][  0]LogStaticMesh: Allocated 512x384x64 distance field atlas = 24.0Mb, with 149 objects containing 20.9Mb backing data
[2020.02.20-22.20.25:358][  0]LogSlate: Took 0.000231 seconds to synchronously load lazily loaded font '../../../Engine/Content/Slate/Fonts/Roboto-Light.ttf' (167K)
[2020.02.20-22.20.26:434][  0]LogContentBrowser: Native class hierarchy updated for 'HierarchicalLODOutliner' in 0.0007 seconds. Added 0 classes and 0 folders.
[2020.02.20-22.20.26:435][  0]LogLoad: (Engine Initialization) Total time: 29.53 seconds
[2020.02.20-22.20.26:435][  0]LogLoad: (Engine Initialization) Total Blueprint compile time: 0.00 seconds
[2020.02.20-22.20.26:549][  0]LogContentStreaming: Texture pool size now 1000 MB
[2020.02.20-22.20.26:852][  1]LogAssetRegistry: Asset discovery search completed in 22.9107 seconds
[2020.02.20-22.20.26:857][  1]LogCollectionManager: Rebuilt the object cache for 0 collections in 0.000001 seconds (found 0 objects)
[2020.02.20-22.20.26:858][  1]LogCollectionManager: Fixed up redirectors for 0 collections in 0.000245 seconds (updated 0 objects)
[2020.02.20-22.20.36:794][314]LogFileCache: Retrieving MD5 hashes for directory 'C:/SeniorProject/PollutionProject/SeniorProject/Content/' took 10.32s
[2020.02.20-22.21.03:727][780]LogEditorViewport: Clicking on Actor (LMB): LobsterTrap_001C5_Blueprint_C (LobsterTrap_001C5_Blueprint4)
[2020.02.20-22.21.05:008][835]LogEditorViewport: Clicking on Actor (LMB): LobsterTrap_001C5_Blueprint_C (LobsterTrap_001C5_Blueprint3)
[2020.02.20-22.21.12:923][275]LogSlate: FSceneViewport::OnFocusLost() reason 0
[2020.02.20-22.30.17:495][896]LogSlate: Took 0.000209 seconds to synchronously load lazily loaded font '../../../Engine/Content/Slate/Fonts/Roboto-Light.ttf' (167K)
[2020.02.20-22.30.26:675][923]LogUObjectHash: Compacting FUObjectHashTables data took   2.62ms
[2020.02.20-22.30.33:328][923]LogSavePackage: Moving 'C:/SeniorProject/PollutionProject/SeniorProject/Saved/GreyBoxLVL4_Auto16B6E99FA4AD12047C37F98B79DDC76F4.tmp' to 'C:/SeniorProject/PollutionProject/SeniorProject/Saved/Autosaves/Game/Levels/GreyBoxLVL4_Auto1.umap'
[2020.02.20-22.30.33:415][923]LogFileHelpers: Editor autosave (incl. sublevels) for '/Game/Levels/GreyBoxLVL4' took 6.811
[2020.02.20-22.30.33:416][923]LogFileHelpers: Editor autosave (incl. sublevels) for all levels took 6.811
[2020.02.20-22.38.02:498][415]LogSlate: FSceneViewport::OnFocusLost() reason 0
[2020.02.20-22.38.26:956][465]LogSlate: Took 0.026763 seconds to synchronously load lazily loaded font '../../../Engine/Content/Slate/Fonts/Roboto-Italic.ttf' (157K)
[2020.02.20-22.38.27:593][502]LogSlate: Window 'Details' being destroyed
[2020.02.20-22.38.27:601][502]LogSlate: Window 'Details' being destroyed
[2020.02.20-22.38.48:790][522]LogSlate: Window 'Details' being destroyed
[2020.02.20-22.38.48:796][522]LogSlate: Window 'Details' being destroyed
[2020.02.20-22.38.50:387][600]LogTemp: Repeating last play command: Selected Viewport
[2020.02.20-22.38.50:453][600]LogBlueprintUserMessages: Early PlayInEditor Detection: Level '/Game/Levels/GreyBoxLVL4.GreyBoxLVL4:PersistentLevel' has LevelScriptBlueprint '/Game/Levels/GreyBoxLVL4.GreyBoxLVL4:PersistentLevel.GreyBoxLVL4' with GeneratedClass '/Game/Levels/GreyBoxLVL4.GreyBoxLVL4_C' with ClassGeneratedBy '/Game/Levels/GreyBoxLVL4.GreyBoxLVL4:PersistentLevel.GreyBoxLVL4'
[2020.02.20-22.38.50:468][600]LogPlayLevel: PlayLevel: No blueprints needed recompiling
[2020.02.20-22.38.50:552][600]PIE: New page: PIE session: GreyBoxLVL4 (Feb 20, 2020, 12:38:50 PM)
[2020.02.20-22.38.50:748][600]LogPlayLevel: Creating play world package: /Game/Levels/UEDPIE_0_GreyBoxLVL4
[2020.02.20-22.38.51:500][600]LogPlayLevel: PIE: StaticDuplicateObject took: (0.750895s)
[2020.02.20-22.38.51:518][600]LogAIModule: Creating AISystem for world GreyBoxLVL4
[2020.02.20-22.38.51:530][600]LogPlayLevel: PIE: World Init took: (0.029542s)
[2020.02.20-22.38.51:531][600]LogPlayLevel: PIE: Created PIE world by copying editor world from /Game/Levels/GreyBoxLVL4.GreyBoxLVL4 to /Game/Levels/UEDPIE_0_GreyBoxLVL4.GreyBoxLVL4 (0.782478s)
[2020.02.20-22.38.51:566][600]LogUObjectHash: Compacting FUObjectHashTables data took   3.41ms
[2020.02.20-22.38.51:649][600]LogInit: XAudio2 using 'Speakers (Realtek High Definition Audio)' : 6 channels at 48 kHz using 32 bits per sample (channel mask 0x3f)
[2020.02.20-22.38.51:836][600]LogInit: FAudioDevice initialized.
[2020.02.20-22.38.52:038][600]LogLoad: Game class is 'FirstPersonGameMode_C'
[2020.02.20-22.38.52:389][600]LogWorld: Bringing World /Game/Levels/UEDPIE_0_GreyBoxLVL4.GreyBoxLVL4 up for play (max tick rate 60) at 2020.02.20-17.38.52
[2020.02.20-22.38.52:941][600]LogWorld: Bringing up level for play took: 0.746556
[2020.02.20-22.38.53:304][600]LogContentBrowser: Native class hierarchy updated for 'MovieSceneCapture' in 0.0009 seconds. Added 20 classes and 0 folders.
[2020.02.20-22.38.53:336][600]LogScript: Warning: Script Msg: Attempted to access index 0 from array 'CallFunc_GetAllActorsOfClass_OutActors' of length 0 in '/Game/BP/Log.Log_C:ExecuteUbergraph_Log'!
[2020.02.20-22.38.53:337][600]LogScript: Warning: Script Msg: Attempted to access index 0 from array 'CallFunc_GetAllActorsOfClass_OutActors' of length 0 in '/Game/FinishStopper.FinishStopper_C:ExecuteUbergraph_FinishStopper'!
[2020.02.20-22.38.53:337][600]LogScript: Warning: Script Msg: Attempted to access index 0 from array 'CallFunc_GetAllActorsOfClass_OutActors' of length 0 in '/Game/BP/Checkpoint.Checkpoint_C:ExecuteUbergraph_Checkpoint'!
[2020.02.20-22.38.53:337][600]LogScript: Warning: Script Msg: Attempted to access index 0 from array 'CallFunc_GetAllActorsOfClass_OutActors' of length 0 in '/Game/BP/Checkpoint.Checkpoint_C:ExecuteUbergraph_Checkpoint'!
[2020.02.20-22.38.53:338][600]LogScript: Warning: Script Msg: Attempted to access index 0 from array 'CallFunc_GetAllActorsOfClass_OutActors' of length 0 in '/Game/BP/OutroTrigger.OutroTrigger_C:ExecuteUbergraph_OutroTrigger'!
[2020.02.20-22.38.53:338][600]LogScript: Warning: Script Msg: Attempted to access index 0 from array 'CallFunc_GetAllActorsOfClass_OutActors' of length 0 in '/Game/BP/InteractiveLog.InteractiveLog_C:ExecuteUbergraph_InteractiveLog'!
[2020.02.20-22.38.53:338][600]LogScript: Warning: Script Msg: Attempted to access index 0 from array 'CallFunc_GetAllActorsOfClass_OutActors' of length 0 in '/Game/BP/Respawn.Respawn_C:ExecuteUbergraph_Respawn'!
[2020.02.20-22.38.53:338][600]LogScript: Warning: Script Msg: Attempted to access index 0 from array 'CallFunc_GetAllActorsOfClass_OutActors' of length 0 in '/Game/BP/Respawn.Respawn_C:ExecuteUbergraph_Respawn'!
[2020.02.20-22.38.53:642][600]PIE: Play in editor start time for /Game/Levels/UEDPIE_0_GreyBoxLVL4 3.946
[2020.02.20-22.38.53:643][600]LogBlueprintUserMessages: Late PlayInEditor Detection: Level '/Game/Levels/GreyBoxLVL4.GreyBoxLVL4:PersistentLevel' has LevelScriptBlueprint '/Game/Levels/GreyBoxLVL4.GreyBoxLVL4:PersistentLevel.GreyBoxLVL4' with GeneratedClass '/Game/Levels/GreyBoxLVL4.GreyBoxLVL4_C' with ClassGeneratedBy '/Game/Levels/GreyBoxLVL4.GreyBoxLVL4:PersistentLevel.GreyBoxLVL4'
[2020.02.20-22.38.59:063][880]LogBlueprintUserMessages: Early EndPlayMap Detection: Level '/Game/Levels/GreyBoxLVL4.GreyBoxLVL4:PersistentLevel' has LevelScriptBlueprint '/Game/Levels/GreyBoxLVL4.GreyBoxLVL4:PersistentLevel.GreyBoxLVL4' with GeneratedClass '/Game/Levels/GreyBoxLVL4.GreyBoxLVL4_C' with ClassGeneratedBy '/Game/Levels/GreyBoxLVL4.GreyBoxLVL4:PersistentLevel.GreyBoxLVL4'
[2020.02.20-22.38.59:086][880]LogSlate: Updating window title bar state: overlay mode, drag disabled, window buttons hidden, title bar hidden
[2020.02.20-22.38.59:226][880]LogPlayLevel: Display: Shutting down PIE online subsystems
[2020.02.20-22.38.59:228][880]LogBlueprintUserMessages: Late EndPlayMap Detection: Level '/Game/Levels/GreyBoxLVL4.GreyBoxLVL4:PersistentLevel' has LevelScriptBlueprint '/Game/Levels/GreyBoxLVL4.GreyBoxLVL4:PersistentLevel.GreyBoxLVL4' with GeneratedClass '/Game/Levels/GreyBoxLVL4.GreyBoxLVL4_C' with ClassGeneratedBy '/Game/Levels/GreyBoxLVL4.GreyBoxLVL4:PersistentLevel.GreyBoxLVL4'
[2020.02.20-22.38.59:406][880]LogSlate: Updating window title bar state: overlay mode, drag disabled, window buttons hidden, title bar hidden
[2020.02.20-22.38.59:536][880]LogUObjectHash: Compacting FUObjectHashTables data took   4.01ms
[2020.02.20-22.38.59:590][881]LogPlayLevel: Display: Destroying online subsystem :Context_5
[2020.02.20-22.39.51:087][122]LogSlate: FSceneViewport::OnFocusLost() reason 2
[2020.02.20-22.39.56:939][451]LogEditorViewport: Clicking on Actor (LMB): StaticMeshActor (Road12)
[2020.02.20-22.39.57:379][472]LogEditorViewport: Clicking on Actor (LMB): FirstPersonCharacter (FirstPersonCharacter1)
[2020.02.20-22.40.14:985][270]Cmd: CAMERA ALIGN ACTIVEVIEWPORTONLY
[2020.02.20-22.40.17:863][430]LogSlate: FSceneViewport::OnFocusLost() reason 2
[2020.02.20-22.40.18:383][460]LogTemp: Repeating last play command: Selected Viewport
[2020.02.20-22.40.18:415][460]LogBlueprintUserMessages: Early PlayInEditor Detection: Level '/Game/Levels/GreyBoxLVL4.GreyBoxLVL4:PersistentLevel' has LevelScriptBlueprint '/Game/Levels/GreyBoxLVL4.GreyBoxLVL4:PersistentLevel.GreyBoxLVL4' with GeneratedClass '/Game/Levels/GreyBoxLVL4.GreyBoxLVL4_C' with ClassGeneratedBy '/Game/Levels/GreyBoxLVL4.GreyBoxLVL4:PersistentLevel.GreyBoxLVL4'
[2020.02.20-22.40.18:416][460]LogPlayLevel: PlayLevel: No blueprints needed recompiling
[2020.02.20-22.40.18:416][460]PIE: New page: PIE session: GreyBoxLVL4 (Feb 20, 2020, 12:40:18 PM)
[2020.02.20-22.40.18:416][460]LogPlayLevel: Creating play world package: /Game/Levels/UEDPIE_0_GreyBoxLVL4
[2020.02.20-22.40.19:007][460]LogPlayLevel: PIE: StaticDuplicateObject took: (0.590372s)
[2020.02.20-22.40.19:008][460]LogAIModule: Creating AISystem for world GreyBoxLVL4
[2020.02.20-22.40.19:034][460]LogPlayLevel: PIE: World Init took: (0.026760s)
[2020.02.20-22.40.19:035][460]LogPlayLevel: PIE: Created PIE world by copying editor world from /Game/Levels/GreyBoxLVL4.GreyBoxLVL4 to /Game/Levels/UEDPIE_0_GreyBoxLVL4.GreyBoxLVL4 (0.618304s)
[2020.02.20-22.40.19:067][460]LogUObjectHash: Compacting FUObjectHashTables data took   2.16ms
[2020.02.20-22.40.19:108][460]LogInit: XAudio2 using 'Speakers (Realtek High Definition Audio)' : 6 channels at 48 kHz using 32 bits per sample (channel mask 0x3f)
[2020.02.20-22.40.19:315][460]LogInit: FAudioDevice initialized.
[2020.02.20-22.40.19:316][460]LogSlate: FSceneViewport::OnFocusLost() reason 2
[2020.02.20-22.40.19:390][460]LogLoad: Game class is 'FirstPersonGameMode_C'
[2020.02.20-22.40.19:576][460]LogWorld: Bringing World /Game/Levels/UEDPIE_0_GreyBoxLVL4.GreyBoxLVL4 up for play (max tick rate 60) at 2020.02.20-17.40.19
[2020.02.20-22.40.19:582][460]LogWorld: Bringing up level for play took: 0.189878
[2020.02.20-22.40.19:600][460]LogScript: Warning: Script Msg: Attempted to access index 0 from array 'CallFunc_GetAllActorsOfClass_OutActors' of length 0 in '/Game/BP/Log.Log_C:ExecuteUbergraph_Log'!
[2020.02.20-22.40.19:601][460]LogScript: Warning: Script Msg: Attempted to access index 0 from array 'CallFunc_GetAllActorsOfClass_OutActors' of length 0 in '/Game/FinishStopper.FinishStopper_C:ExecuteUbergraph_FinishStopper'!
[2020.02.20-22.40.19:601][460]LogScript: Warning: Script Msg: Attempted to access index 0 from array 'CallFunc_GetAllActorsOfClass_OutActors' of length 0 in '/Game/BP/Checkpoint.Checkpoint_C:ExecuteUbergraph_Checkpoint'!
[2020.02.20-22.40.19:601][460]LogScript: Warning: Script Msg: Attempted to access index 0 from array 'CallFunc_GetAllActorsOfClass_OutActors' of length 0 in '/Game/BP/Checkpoint.Checkpoint_C:ExecuteUbergraph_Checkpoint'!
[2020.02.20-22.40.19:602][460]LogScript: Warning: Script Msg: Attempted to access index 0 from array 'CallFunc_GetAllActorsOfClass_OutActors' of length 0 in '/Game/BP/OutroTrigger.OutroTrigger_C:ExecuteUbergraph_OutroTrigger'!
[2020.02.20-22.40.19:602][460]LogScript: Warning: Script Msg: Attempted to access index 0 from array 'CallFunc_GetAllActorsOfClass_OutActors' of length 0 in '/Game/BP/InteractiveLog.InteractiveLog_C:ExecuteUbergraph_InteractiveLog'!
[2020.02.20-22.40.19:602][460]LogScript: Warning: Script Msg: Attempted to access index 0 from array 'CallFunc_GetAllActorsOfClass_OutActors' of length 0 in '/Game/BP/Respawn.Respawn_C:ExecuteUbergraph_Respawn'!
[2020.02.20-22.40.19:602][460]LogScript: Warning: Script Msg: Attempted to access index 0 from array 'CallFunc_GetAllActorsOfClass_OutActors' of length 0 in '/Game/BP/Respawn.Respawn_C:ExecuteUbergraph_Respawn'!
[2020.02.20-22.40.19:606][460]PIE: Play in editor start time for /Game/Levels/UEDPIE_0_GreyBoxLVL4 1.91
[2020.02.20-22.40.19:607][460]LogBlueprintUserMessages: Late PlayInEditor Detection: Level '/Game/Levels/GreyBoxLVL4.GreyBoxLVL4:PersistentLevel' has LevelScriptBlueprint '/Game/Levels/GreyBoxLVL4.GreyBoxLVL4:PersistentLevel.GreyBoxLVL4' with GeneratedClass '/Game/Levels/GreyBoxLVL4.GreyBoxLVL4_C' with ClassGeneratedBy '/Game/Levels/GreyBoxLVL4.GreyBoxLVL4:PersistentLevel.GreyBoxLVL4'
[2020.02.20-22.40.31:954][167]LogScript: Warning: Attempted to access FloatingXButton15 via property Xbutton, but FloatingXButton15 is pending kill
	BoxInteraction_C /Game/Levels/UEDPIE_0_GreyBoxLVL4.GreyBoxLVL4:PersistentLevel.BoxInteraction
	Function /Game/BoxInteraction.BoxInteraction_C:ExecuteUbergraph_BoxInteraction:006F
[2020.02.20-22.40.31:964][167]PIE: Error: Blueprint Runtime Error: "Attempted to access FloatingXButton15 via property Xbutton, but FloatingXButton15 is pending kill". Blueprint:  BoxInteraction Function:  Execute Ubergraph Box Interaction Graph:  EventGraph Node:  DestroyActor
[2020.02.20-22.41.18:713][173]LogBlueprintUserMessages: Early EndPlayMap Detection: Level '/Game/Levels/GreyBoxLVL4.GreyBoxLVL4:PersistentLevel' has LevelScriptBlueprint '/Game/Levels/GreyBoxLVL4.GreyBoxLVL4:PersistentLevel.GreyBoxLVL4' with GeneratedClass '/Game/Levels/GreyBoxLVL4.GreyBoxLVL4_C' with ClassGeneratedBy '/Game/Levels/GreyBoxLVL4.GreyBoxLVL4:PersistentLevel.GreyBoxLVL4'
[2020.02.20-22.41.18:714][173]LogSlate: Updating window title bar state: overlay mode, drag disabled, window buttons hidden, title bar hidden
[2020.02.20-22.41.18:807][173]LogPlayLevel: Display: Shutting down PIE online subsystems
[2020.02.20-22.41.18:808][173]LogBlueprintUserMessages: Late EndPlayMap Detection: Level '/Game/Levels/GreyBoxLVL4.GreyBoxLVL4:PersistentLevel' has LevelScriptBlueprint '/Game/Levels/GreyBoxLVL4.GreyBoxLVL4:PersistentLevel.GreyBoxLVL4' with GeneratedClass '/Game/Levels/GreyBoxLVL4.GreyBoxLVL4_C' with ClassGeneratedBy '/Game/Levels/GreyBoxLVL4.GreyBoxLVL4:PersistentLevel.GreyBoxLVL4'
[2020.02.20-22.41.18:850][173]LogSlate: Updating window title bar state: overlay mode, drag disabled, window buttons hidden, title bar hidden
[2020.02.20-22.41.18:894][173]LogUObjectHash: Compacting FUObjectHashTables data took   1.98ms
[2020.02.20-22.41.18:907][173]LogSlate: FSceneViewport::OnFocusLost() reason 2
[2020.02.20-22.41.19:054][174]LogPlayLevel: Display: Destroying online subsystem :Context_6
[2020.02.20-22.41.43:813][269]LogUObjectHash: Compacting FUObjectHashTables data took   0.88ms
[2020.02.20-22.41.49:485][269]LogSavePackage: Moving 'C:/SeniorProject/PollutionProject/SeniorProject/Saved/GreyBoxLVL4_Auto2718548BB41A27BC760BC409BC6163E20.tmp' to 'C:/SeniorProject/PollutionProject/SeniorProject/Saved/Autosaves/Game/Levels/GreyBoxLVL4_Auto2.umap'
[2020.02.20-22.41.49:501][269]LogFileHelpers: Editor autosave (incl. sublevels) for '/Game/Levels/GreyBoxLVL4' took 5.720
[2020.02.20-22.41.49:502][269]LogFileHelpers: Editor autosave (incl. sublevels) for all levels took 5.720
[2020.02.20-22.42.22:299][452]LogSlate: Window 'Message Log' being destroyed
[2020.02.20-22.42.22:306][452]LogSlate: Window 'Message Log' being destroyed
[2020.02.20-22.50.48:135][ 77]LogEditorViewport: Clicking on Actor (LMB): StaticMeshActor (GB_BigRock10)
[2020.02.20-22.50.48:991][126]LogEditorViewport: Clicking on Actor (LMB): StaticMeshActor (GB_FerrisWheel)
[2020.02.20-22.51.19:968][746]LogEditorViewport: Clicking on Actor (LMB): StaticMeshActor (LightHouse)
[2020.02.20-22.51.20:684][783]LogEditorViewport: Clicking on Actor (LMB): StaticMeshActor (LightHouse)
[2020.02.20-22.51.22:307][879]LogEditorViewport: Clicking on Actor (LMB): StaticMeshActor (TrashPile4)
[2020.02.20-22.51.23:051][921]LogEditorViewport: Clicking on Actor (LMB): StaticMeshActor (RatiningWall_closed95)
[2020.02.20-22.51.30:466][354]LogEditorViewport: Clicking on Actor (LMB): StaticMeshActor (GB_manyRocks2)
[2020.02.20-22.51.31:163][394]LogEditorViewport: Clicking on Actor (LMB): StaticMeshActor (GB_manyRocks2)
[2020.02.20-22.51.49:055][390]LogEditorViewport: Clicking on Actor (LMB): Box_Prefab_C (Box_Prefab2)
[2020.02.20-22.51.56:940][611]LogSlate: FSceneViewport::OnFocusLost() reason 0
[2020.02.20-22.51.58:254][664]LogAssetEditorManager: Opening Asset editor for SkeletalMesh /Game/Assets/BoxAni/Box_Animation.Box_Animation_Object279
[2020.02.20-22.51.58:446][664]LogContentBrowser: Native class hierarchy updated for 'SkeletonEditor' in 0.0008 seconds. Added 1 classes and 2 folders.
[2020.02.20-22.51.59:204][664]LogActorComponent: RegisterComponentWithWorld: (/Engine/Transient.World_4:PersistentLevel.AnimationEditorPreviewActor_0.DebugSkelMeshComponent_0) Already registered. Aborting.
[2020.02.20-22.51.59:264][664]LogContentBrowser: Native class hierarchy updated for 'PinnedCommandList' in 0.0006 seconds. Added 1 classes and 0 folders.
[2020.02.20-22.51.59:940][664]LogSkeletalMesh: USkeletalMeshComponent::InitArticulated : Bodies already created (/Engine/Transient.World_4:PersistentLevel.AnimationEditorPreviewActor_0.DebugSkelMeshComponent_0) - call TermArticulated first.
[2020.02.20-22.52.01:116][665]LogRenderer: Reallocating scene render targets to support 904x540 Format 10 NumSamples 1 (Frame:1).
[2020.02.20-22.52.01:116][665]LogStaticMesh: Allocated 512x384x64 distance field atlas = 24.0Mb, with 152 objects containing 21.1Mb backing data
[2020.02.20-22.52.03:372][738]LogAssetEditorManager: Opening Asset editor for AnimSequence /Game/Assets/BoxAni/Box_Animation_Object279_Anim.Box_Animation_Object279_Anim
[2020.02.20-22.52.03:458][738]LogActorComponent: RegisterComponentWithWorld: (/Engine/Transient.World_5:PersistentLevel.AnimationEditorPreviewActor_0.DebugSkelMeshComponent_0) Already registered. Aborting.
[2020.02.20-22.52.03:511][738]LogSkeletalMesh: USkeletalMeshComponent::InitArticulated : Bodies already created (/Engine/Transient.World_5:PersistentLevel.AnimationEditorPreviewActor_0.DebugSkelMeshComponent_0) - call TermArticulated first.
[2020.02.20-22.52.04:245][738]LogContentBrowser: Verbose: The majority of assets in the view are of type: AnimSequence
[2020.02.20-22.52.30:626][814]LogUObjectHash: Compacting FUObjectHashTables data took   3.71ms
[2020.02.20-22.52.35:631][814]LogSavePackage: Moving 'C:/SeniorProject/PollutionProject/SeniorProject/Saved/GreyBoxLVL4_Auto31BD1551E4B9E28030A2A3BBB0F253ADB.tmp' to 'C:/SeniorProject/PollutionProject/SeniorProject/Saved/Autosaves/Game/Levels/GreyBoxLVL4_Auto3.umap'
[2020.02.20-22.52.35:638][814]LogFileHelpers: Editor autosave (incl. sublevels) for '/Game/Levels/GreyBoxLVL4' took 5.075
[2020.02.20-22.52.35:638][814]LogFileHelpers: Editor autosave (incl. sublevels) for all levels took 5.075
[2020.02.20-22.53.07:042][230]LogSlate: FSceneViewport::OnFocusLost() reason 0
