Log file open, 12/10/19 16:30:00
LogWindows: Failed to load 'aqProf.dll' (GetLastError=126)
LogWindows: File 'aqProf.dll' does not exist
LogWindows: Failed to load 'VtuneApi.dll' (GetLastError=126)
LogWindows: File 'VtuneApi.dll' does not exist
LogWindows: Failed to load 'VtuneApi32e.dll' (GetLastError=126)
LogWindows: File 'VtuneApi32e.dll' does not exist
LogConsoleResponse: Display: Failed to find resolution value strings in scalability ini. Falling back to default.
LogInit: Display: Running engine for game: SeniorProject
LogPakFile: Registered encryption key '00000000000000000000000000000000': 0 pak files mounted, 0 remain pending
LogPlatformFile: Not using cached read wrapper
LogTaskGraph: Started task graph with 5 named threads and 23 total threads with 3 sets of task threads.
LogStats: Stats thread started at 0.416481
LogD3D11RHI: Loaded GFSDK_Aftermath_Lib.x64.dll
LogICUInternationalization: ICU TimeZone Detection - Raw Offset: -5:00, Platform Override: ''
LogPluginManager: Mounting plugin Paper2D
LogPluginManager: Mounting plugin AISupport
LogPluginManager: Mounting plugin LightPropagationVolume
LogPluginManager: Mounting plugin ActorLayerUtilities
LogPluginManager: Mounting plugin AnimationSharing
LogPluginManager: Mounting plugin CLionSourceCodeAccess
LogPluginManager: Mounting plugin CodeLiteSourceCodeAccess
LogPluginManager: Mounting plugin GitSourceControl
LogPluginManager: Mounting plugin KDevelopSourceCodeAccess
LogPluginManager: Mounting plugin NullSourceCodeAccess
LogPluginManager: Mounting plugin PerforceSourceControl
LogPluginManager: Mounting plugin SubversionSourceControl
LogPluginManager: Mounting plugin UObjectPlugin
LogPluginManager: Mounting plugin VisualStudioCodeSourceCodeAccess
LogPluginManager: Mounting plugin VisualStudioSourceCodeAccess
LogPluginManager: Mounting plugin XCodeSourceCodeAccess
LogPluginManager: Mounting plugin AssetManagerEditor
LogPluginManager: Mounting plugin CryptoKeys
LogPluginManager: Mounting plugin DataValidation
LogPluginManager: Mounting plugin EditorScriptingUtilities
LogPluginManager: Mounting plugin FacialAnimation
LogPluginManager: Mounting plugin GameplayTagsEditor
LogPluginManager: Mounting plugin GLTFImporter
LogPluginManager: Mounting plugin MacGraphicsSwitching
LogPluginManager: Mounting plugin MaterialAnalyzer
LogPluginManager: Mounting plugin MeshEditor
LogPluginManager: Mounting plugin MobileLauncherProfileWizard
LogPluginManager: Mounting plugin PluginBrowser
LogPluginManager: Mounting plugin SpeedTreeImporter
LogPluginManager: Mounting plugin DatasmithContent
LogPluginManager: Mounting plugin VariantManagerContent
LogPluginManager: Mounting plugin AlembicImporter
LogPluginManager: Mounting plugin AppleImageUtils
LogPluginManager: Mounting plugin AppleVision
LogPluginManager: Mounting plugin BackChannel
LogPluginManager: Mounting plugin BlastPlugin
LogPluginManager: Mounting plugin ChaosSolverPlugin
LogPluginManager: Mounting plugin CharacterAI
LogPluginManager: Mounting plugin GeometryCache
LogPluginManager: Mounting plugin GeometryCollectionPlugin
LogPluginManager: Mounting plugin HTML5Networking
LogPluginManager: Mounting plugin ProxyLODPlugin
LogPluginManager: Mounting plugin SkeletalReduction
LogPluginManager: Mounting plugin MagicLeap
LogPluginManager: Mounting plugin MagicLeapMedia
LogPluginManager: Mounting plugin AndroidMedia
LogPluginManager: Mounting plugin AvfMedia
LogPluginManager: Mounting plugin ImgMedia
LogPluginManager: Mounting plugin LinearTimecode
LogPluginManager: Mounting plugin MediaCompositing
LogPluginManager: Mounting plugin MediaPlayerEditor
LogPluginManager: Mounting plugin WebMMedia
LogPluginManager: Mounting plugin WmfMedia
LogPluginManager: Mounting plugin TcpMessaging
LogPluginManager: Mounting plugin UdpMessaging
LogPluginManager: Mounting plugin ActorSequence
LogPluginManager: Mounting plugin LevelSequenceEditor
LogPluginManager: Mounting plugin MatineeToLevelSequence
LogPluginManager: Mounting plugin NetcodeUnitTest
LogPluginManager: Mounting plugin NUTUnrealEngine4
LogPluginManager: Mounting plugin OnlineSubsystemGooglePlay
LogPluginManager: Mounting plugin OnlineSubsystemIOS
LogPluginManager: Mounting plugin OnlineSubsystem
LogPluginManager: Mounting plugin OnlineSubsystemNull
LogPluginManager: Mounting plugin OnlineSubsystemUtils
LogPluginManager: Mounting plugin LauncherChunkInstaller
LogPluginManager: Mounting plugin AndroidDeviceProfileSelector
LogPluginManager: Mounting plugin AndroidMoviePlayer
LogPluginManager: Mounting plugin AndroidPermission
LogPluginManager: Mounting plugin AppleMoviePlayer
LogPluginManager: Mounting plugin ArchVisCharacter
LogPluginManager: Mounting plugin AudioCapture
LogPluginManager: Mounting plugin CableComponent
LogPluginManager: Mounting plugin CustomMeshComponent
LogPluginManager: Mounting plugin EditableMesh
LogPluginManager: Mounting plugin ExampleDeviceProfileSelector
LogPluginManager: Mounting plugin Firebase
LogPluginManager: Mounting plugin GoogleCloudMessaging
LogPluginManager: Mounting plugin IOSDeviceProfileSelector
LogPluginManager: Mounting plugin LinuxDeviceProfileSelector
LogPluginManager: Mounting plugin LocationServicesBPLibrary
LogPluginManager: Mounting plugin MobilePatchingUtils
LogPluginManager: Mounting plugin OculusVR
LogPluginManager: Mounting plugin PhysXVehicles
LogPluginManager: Mounting plugin ProceduralMeshComponent
LogPluginManager: Mounting plugin RuntimePhysXCooking
LogPluginManager: Mounting plugin SignificanceManager
LogPluginManager: Mounting plugin SteamVR
LogPluginManager: Mounting plugin WebMMoviePlayer
LogPluginManager: Mounting plugin WindowsMoviePlayer
LogPluginManager: Mounting plugin DatasmithCADImporter
LogPluginManager: Mounting plugin DatasmithDataPrepEditor
LogPluginManager: Mounting plugin DatasmithFBXImporter
LogPluginManager: Mounting plugin DatasmithGLTFImporter
LogPluginManager: Mounting plugin DatasmithImporter
LogPluginManager: Mounting plugin MDLImporter
LogPluginManager: Mounting plugin StaticMeshEditorExtension
LogPluginManager: Mounting plugin VariantManager
LogInit: Using libcurl 7.55.1-DEV
LogInit:  - built for x86_64-pc-win32
LogInit:  - supports SSL with OpenSSL/1.1.1
LogInit:  - supports HTTP deflate (compression) using libz 1.2.8
LogInit:  - other features:
LogInit:      CURL_VERSION_SSL
LogInit:      CURL_VERSION_LIBZ
LogInit:      CURL_VERSION_IPV6
LogInit:      CURL_VERSION_ASYNCHDNS
LogInit:      CURL_VERSION_LARGEFILE
LogInit:      CURL_VERSION_IDN
LogInit:  CurlRequestOptions (configurable via config and command line):
LogInit:  - bVerifyPeer = true  - Libcurl will verify peer certificate
LogInit:  - bUseHttpProxy = false  - Libcurl will NOT use HTTP proxy
LogInit:  - bDontReuseConnections = false  - Libcurl will reuse connections
LogInit:  - MaxHostConnections = 16  - Libcurl will limit the number of connections to a host
LogInit:  - LocalHostAddr = Default
LogInit:  - BufferSize = 65536
LogInit: WinSock: version 1.1 (2.2), MaxSocks=32767, MaxUdp=65467
LogHMD: Failed initializing OVRPlugin 1.32.0
LogInit: Build: ++UE4+Release-4.22-CL-7053642
LogInit: Engine Version: 4.22.3-7053642+++UE4+Release-4.22
LogInit: Compatible Engine Version: 4.22.0-5660361+++UE4+Release-4.22
LogInit: Net CL: 5660361
LogInit: OS: Windows 10 (Release 1903) (), CPU: Intel(R) Core(TM) i7-7700HQ CPU @ 2.80GHz, GPU: NVIDIA GeForce GTX 1070
LogInit: Compiled (64-bit): Jun 18 2019 03:09:11
LogInit: Compiled with Visual C++: 19.16.27025.01
LogInit: Build Configuration: Development
LogInit: Branch Name: ++UE4+Release-4.22
LogInit: Command Line:  -skipcompile
LogInit: Base Directory: D:/TheBestGame/UE_4.22/Engine/Binaries/Win64/
LogInit: Installed Engine Build: 1
LogDevObjectVersion: Number of dev versions registered: 23
LogDevObjectVersion:   Dev-Blueprints (B0D832E4-1F89-4F0D-ACCF-7EB736FD4AA2): 10
LogDevObjectVersion:   Dev-Build (E1C64328-A22C-4D53-A36C-8E866417BD8C): 0
LogDevObjectVersion:   Dev-Core (375EC13C-06E4-48FB-B500-84F0262A717E): 3
LogDevObjectVersion:   Dev-Editor (E4B068ED-F494-42E9-A231-DA0B2E46BB41): 30
LogDevObjectVersion:   Dev-Framework (CFFC743F-43B0-4480-9391-14DF171D2073): 35
LogDevObjectVersion:   Dev-Mobile (B02B49B5-BB20-44E9-A304-32B752E40360): 2
LogDevObjectVersion:   Dev-Networking (A4E4105C-59A1-49B5-A7C5-40C4547EDFEE): 0
LogDevObjectVersion:   Dev-Online (39C831C9-5AE6-47DC-9A44-9C173E1C8E7C): 0
LogDevObjectVersion:   Dev-Physics (78F01B33-EBEA-4F98-B9B4-84EACCB95AA2): 0
LogDevObjectVersion:   Dev-Platform (6631380F-2D4D-43E0-8009-CF276956A95A): 0
LogDevObjectVersion:   Dev-Rendering (12F88B9F-8875-4AFC-A67C-D90C383ABD29): 28
LogDevObjectVersion:   Dev-Sequencer (7B5AE74C-D270-4C10-A958-57980B212A5A): 11
LogDevObjectVersion:   Dev-VR (D7296918-1DD6-4BDD-9DE2-64A83CC13884): 2
LogDevObjectVersion:   Dev-LoadTimes (C2A15278-BFE7-4AFE-6C17-90FF531DF755): 1
LogDevObjectVersion:   Private-Geometry (6EACA3D4-40EC-4CC1-B786-8BED09428FC5): 3
LogDevObjectVersion:   Dev-AnimPhys (29E575DD-E0A3-4627-9D10-D276232CDCEA): 17
LogDevObjectVersion:   Dev-Anim (AF43A65D-7FD3-4947-9873-3E8ED9C1BB05): 2
LogDevObjectVersion:   Dev-ReflectionCapture (6B266CEC-1EC7-4B8F-A30B-E4D90942FC07): 1
LogDevObjectVersion:   Dev-Automation (0DF73D61-A23F-47EA-B727-89E90C41499A): 1
LogDevObjectVersion:   FortniteMain (601D1886-AC64-4F84-AA16-D3DE0DEAC7D6): 25
LogDevObjectVersion:   Dev-Enterprise (9DFFBCD6-494F-0158-E221-12823C92A888): 6
LogDevObjectVersion:   Dev-Niagara (F2AED0AC-9AFE-416F-8664-AA7FFA26D6FC): 1
LogDevObjectVersion:   Dev-Destruction (174F1F0B-B4C6-45A5-B13F-2EE8D0FB917D): 2
LogInit: Presizing for max 16777216 objects, including 0 objects not considered by GC, pre-allocating 0 bytes for permanent pool.
LogInit: Object subsystem initialized
LogConfig: Setting CVar [[con.DebugEarlyDefault:1]]
LogConfig: Setting CVar [[r.setres:1280x720]]
[2019.12.10-21.30.01:660][  0]LogConfig: Setting CVar [[r.VSync:0]]
[2019.12.10-21.30.01:660][  0]LogConfig: Setting CVar [[r.RHICmdBypass:0]]
[2019.12.10-21.30.01:660][  0]LogConfig: Applying CVar settings from Section [/Script/Engine.RendererSettings] File [C:/SeniorProject/PollutionProject/SeniorProject/Saved/Config/Windows/Engine.ini]
[2019.12.10-21.30.01:660][  0]LogConfig: Setting CVar [[r.GPUCrashDebugging:0]]
[2019.12.10-21.30.01:660][  0]LogConfig: Setting CVar [[r.DefaultFeature.AutoExposure.ExtendDefaultLuminanceRange:1]]
[2019.12.10-21.30.01:660][  0]LogConfig: Setting CVar [[r.GenerateMeshDistanceFields:1]]
[2019.12.10-21.30.01:660][  0]LogConfig: Applying CVar settings from Section [/Script/Engine.RendererOverrideSettings] File [C:/SeniorProject/PollutionProject/SeniorProject/Saved/Config/Windows/Engine.ini]
[2019.12.10-21.30.01:661][  0]LogConfig: Applying CVar settings from Section [/Script/Engine.StreamingSettings] File [C:/SeniorProject/PollutionProject/SeniorProject/Saved/Config/Windows/Engine.ini]
[2019.12.10-21.30.01:661][  0]LogConfig: Setting CVar [[s.MinBulkDataSizeForAsyncLoading:131072]]
[2019.12.10-21.30.01:661][  0]LogConfig: Setting CVar [[s.AsyncLoadingThreadEnabled:0]]
[2019.12.10-21.30.01:661][  0]LogConfig: Setting CVar [[s.EventDrivenLoaderEnabled:1]]
[2019.12.10-21.30.01:661][  0]LogConfig: Setting CVar [[s.WarnIfTimeLimitExceeded:0]]
[2019.12.10-21.30.01:661][  0]LogConfig: Setting CVar [[s.TimeLimitExceededMultiplier:1.5]]
[2019.12.10-21.30.01:661][  0]LogConfig: Setting CVar [[s.TimeLimitExceededMinTime:0.005]]
[2019.12.10-21.30.01:661][  0]LogConfig: Setting CVar [[s.UseBackgroundLevelStreaming:1]]
[2019.12.10-21.30.01:662][  0]LogConfig: Setting CVar [[s.PriorityAsyncLoadingExtraTime:15.0]]
[2019.12.10-21.30.01:662][  0]LogConfig: Setting CVar [[s.LevelStreamingActorsUpdateTimeLimit:5.0]]
[2019.12.10-21.30.01:662][  0]LogConfig: Setting CVar [[s.PriorityLevelStreamingActorsUpdateExtraTime:5.0]]
[2019.12.10-21.30.01:662][  0]LogConfig: Setting CVar [[s.LevelStreamingComponentsRegistrationGranularity:10]]
[2019.12.10-21.30.01:662][  0]LogConfig: Setting CVar [[s.UnregisterComponentsTimeLimit:1.0]]
[2019.12.10-21.30.01:662][  0]LogConfig: Setting CVar [[s.LevelStreamingComponentsUnregistrationGranularity:5]]
[2019.12.10-21.30.01:662][  0]LogConfig: Applying CVar settings from Section [/Script/Engine.GarbageCollectionSettings] File [C:/SeniorProject/PollutionProject/SeniorProject/Saved/Config/Windows/Engine.ini]
[2019.12.10-21.30.01:662][  0]LogConfig: Setting CVar [[gc.MaxObjectsNotConsideredByGC:1]]
[2019.12.10-21.30.01:663][  0]LogConfig: Setting CVar [[gc.SizeOfPermanentObjectPool:0]]
[2019.12.10-21.30.01:663][  0]LogConfig: Setting CVar [[gc.FlushStreamingOnGC:0]]
[2019.12.10-21.30.01:663][  0]LogConfig: Setting CVar [[gc.NumRetriesBeforeForcingGC:10]]
[2019.12.10-21.30.01:663][  0]LogConfig: Setting CVar [[gc.AllowParallelGC:1]]
[2019.12.10-21.30.01:663][  0]LogConfig: Setting CVar [[gc.TimeBetweenPurgingPendingKillObjects:61.1]]
[2019.12.10-21.30.01:663][  0]LogConfig: Setting CVar [[gc.MaxObjectsInEditor:16777216]]
[2019.12.10-21.30.01:663][  0]LogConfig: Setting CVar [[gc.IncrementalBeginDestroyEnabled:1]]
[2019.12.10-21.30.01:663][  0]LogConfig: Setting CVar [[gc.CreateGCClusters:1]]
[2019.12.10-21.30.01:663][  0]LogConfig: Setting CVar [[gc.MinGCClusterSize:5]]
[2019.12.10-21.30.01:664][  0]LogConfig: Setting CVar [[gc.ActorClusteringEnabled:0]]
[2019.12.10-21.30.01:664][  0]LogConfig: Setting CVar [[gc.BlueprintClusteringEnabled:0]]
[2019.12.10-21.30.01:664][  0]LogConfig: Setting CVar [[gc.UseDisregardForGCOnDedicatedServers:0]]
[2019.12.10-21.30.01:664][  0]LogConfig: Applying CVar settings from Section [/Script/Engine.NetworkSettings] File [C:/SeniorProject/PollutionProject/SeniorProject/Saved/Config/Windows/Engine.ini]
[2019.12.10-21.30.01:664][  0]LogConfig: Applying CVar settings from Section [/Script/UnrealEd.CookerSettings] File [C:/SeniorProject/PollutionProject/SeniorProject/Saved/Config/Windows/Engine.ini]
[2019.12.10-21.30.01:673][  0]LogConfig: Applying CVar settings from Section [ViewDistanceQuality@3] File [C:/SeniorProject/PollutionProject/SeniorProject/Saved/Config/Windows/Scalability.ini]
[2019.12.10-21.30.01:673][  0]LogConfig: Setting CVar [[r.SkeletalMeshLODBias:0]]
[2019.12.10-21.30.01:674][  0]LogConfig: Setting CVar [[r.ViewDistanceScale:1.0]]
[2019.12.10-21.30.01:674][  0]LogConfig: Applying CVar settings from Section [AntiAliasingQuality@3] File [C:/SeniorProject/PollutionProject/SeniorProject/Saved/Config/Windows/Scalability.ini]
[2019.12.10-21.30.01:674][  0]LogConfig: Setting CVar [[r.PostProcessAAQuality:4]]
[2019.12.10-21.30.01:674][  0]LogConfig: Applying CVar settings from Section [ShadowQuality@3] File [C:/SeniorProject/PollutionProject/SeniorProject/Saved/Config/Windows/Scalability.ini]
[2019.12.10-21.30.01:674][  0]LogConfig: Setting CVar [[r.LightFunctionQuality:1]]
[2019.12.10-21.30.01:674][  0]LogConfig: Setting CVar [[r.ShadowQuality:5]]
[2019.12.10-21.30.01:674][  0]LogConfig: Setting CVar [[r.Shadow.CSM.MaxCascades:10]]
[2019.12.10-21.30.01:675][  0]LogConfig: Setting CVar [[r.Shadow.MaxResolution:2048]]
[2019.12.10-21.30.01:675][  0]LogConfig: Setting CVar [[r.Shadow.MaxCSMResolution:2048]]
[2019.12.10-21.30.01:675][  0]LogConfig: Setting CVar [[r.Shadow.RadiusThreshold:0.01]]
[2019.12.10-21.30.01:675][  0]LogConfig: Setting CVar [[r.Shadow.DistanceScale:1.0]]
[2019.12.10-21.30.01:675][  0]LogConfig: Setting CVar [[r.Shadow.CSM.TransitionScale:1.0]]
[2019.12.10-21.30.01:675][  0]LogConfig: Setting CVar [[r.Shadow.PreShadowResolutionFactor:1.0]]
[2019.12.10-21.30.01:675][  0]LogConfig: Setting CVar [[r.DistanceFieldShadowing:1]]
[2019.12.10-21.30.01:675][  0]LogConfig: Setting CVar [[r.DistanceFieldAO:1]]
[2019.12.10-21.30.01:675][  0]LogConfig: Setting CVar [[r.AOQuality:2]]
[2019.12.10-21.30.01:675][  0]LogConfig: Setting CVar [[r.VolumetricFog:1]]
[2019.12.10-21.30.01:676][  0]LogConfig: Setting CVar [[r.VolumetricFog.GridPixelSize:8]]
[2019.12.10-21.30.01:676][  0]LogConfig: Setting CVar [[r.VolumetricFog.GridSizeZ:128]]
[2019.12.10-21.30.01:676][  0]LogConfig: Setting CVar [[r.VolumetricFog.HistoryMissSupersampleCount:4]]
[2019.12.10-21.30.01:676][  0]LogConfig: Setting CVar [[r.LightMaxDrawDistanceScale:1]]
[2019.12.10-21.30.01:676][  0]LogConfig: Setting CVar [[r.CapsuleShadows:1]]
[2019.12.10-21.30.01:676][  0]LogConfig: Applying CVar settings from Section [PostProcessQuality@3] File [C:/SeniorProject/PollutionProject/SeniorProject/Saved/Config/Windows/Scalability.ini]
[2019.12.10-21.30.01:676][  0]LogConfig: Setting CVar [[r.MotionBlurQuality:4]]
[2019.12.10-21.30.01:676][  0]LogConfig: Setting CVar [[r.AmbientOcclusionMipLevelFactor:0.4]]
[2019.12.10-21.30.01:676][  0]LogConfig: Setting CVar [[r.AmbientOcclusionMaxQuality:100]]
[2019.12.10-21.30.01:676][  0]LogConfig: Setting CVar [[r.AmbientOcclusionLevels:-1]]
[2019.12.10-21.30.01:677][  0]LogConfig: Setting CVar [[r.AmbientOcclusionRadiusScale:1.0]]
[2019.12.10-21.30.01:677][  0]LogConfig: Setting CVar [[r.DepthOfFieldQuality:2]]
[2019.12.10-21.30.01:677][  0]LogConfig: Setting CVar [[r.RenderTargetPoolMin:400]]
[2019.12.10-21.30.01:677][  0]LogConfig: Setting CVar [[r.LensFlareQuality:2]]
[2019.12.10-21.30.01:677][  0]LogConfig: Setting CVar [[r.SceneColorFringeQuality:1]]
[2019.12.10-21.30.01:677][  0]LogConfig: Setting CVar [[r.EyeAdaptationQuality:2]]
[2019.12.10-21.30.01:677][  0]LogConfig: Setting CVar [[r.BloomQuality:5]]
[2019.12.10-21.30.01:677][  0]LogConfig: Setting CVar [[r.FastBlurThreshold:100]]
[2019.12.10-21.30.01:678][  0]LogConfig: Setting CVar [[r.Upscale.Quality:3]]
[2019.12.10-21.30.01:678][  0]LogConfig: Setting CVar [[r.Tonemapper.GrainQuantization:1]]
[2019.12.10-21.30.01:678][  0]LogConfig: Setting CVar [[r.LightShaftQuality:1]]
[2019.12.10-21.30.01:678][  0]LogConfig: Setting CVar [[r.Filter.SizeScale:1]]
[2019.12.10-21.30.01:678][  0]LogConfig: Setting CVar [[r.Tonemapper.Quality:5]]
[2019.12.10-21.30.01:678][  0]LogConfig: Setting CVar [[r.DOF.Gather.AccumulatorQuality:1        ; higher gathering accumulator quality]]
[2019.12.10-21.30.01:678][  0]LogConfig: Setting CVar [[r.DOF.Gather.PostfilterMethod:1          ; Median3x3 postfilering method]]
[2019.12.10-21.30.01:678][  0]LogConfig: Setting CVar [[r.DOF.Gather.EnableBokehSettings:0       ; no bokeh simulation when gathering]]
[2019.12.10-21.30.01:678][  0]LogConfig: Setting CVar [[r.DOF.Gather.RingCount:4                 ; medium number of samples when gathering]]
[2019.12.10-21.30.01:678][  0]LogConfig: Setting CVar [[r.DOF.Scatter.ForegroundCompositing:1    ; additive foreground scattering]]
[2019.12.10-21.30.01:678][  0]LogConfig: Setting CVar [[r.DOF.Scatter.BackgroundCompositing:2    ; additive background scattering]]
[2019.12.10-21.30.01:679][  0]LogConfig: Setting CVar [[r.DOF.Scatter.EnableBokehSettings:1      ; bokeh simulation when scattering]]
[2019.12.10-21.30.01:679][  0]LogConfig: Setting CVar [[r.DOF.Scatter.MaxSpriteRatio:0.1         ; only a maximum of 10% of scattered bokeh]]
[2019.12.10-21.30.01:679][  0]LogConfig: Setting CVar [[r.DOF.Recombine.Quality:1                ; cheap slight out of focus]]
[2019.12.10-21.30.01:679][  0]LogConfig: Setting CVar [[r.DOF.Recombine.EnableBokehSettings:0    ; no bokeh simulation on slight out of focus]]
[2019.12.10-21.30.01:679][  0]LogConfig: Setting CVar [[r.DOF.TemporalAAQuality:1                ; more stable temporal accumulation]]
[2019.12.10-21.30.01:679][  0]LogConfig: Setting CVar [[r.DOF.Kernel.MaxForegroundRadius:0.025]]
[2019.12.10-21.30.01:679][  0]LogConfig: Setting CVar [[r.DOF.Kernel.MaxBackgroundRadius:0.025]]
[2019.12.10-21.30.01:679][  0]LogConfig: Applying CVar settings from Section [TextureQuality@3] File [C:/SeniorProject/PollutionProject/SeniorProject/Saved/Config/Windows/Scalability.ini]
[2019.12.10-21.30.01:679][  0]LogConfig: Setting CVar [[r.Streaming.MipBias:0]]
[2019.12.10-21.30.01:680][  0]LogConfig: Setting CVar [[r.Streaming.AmortizeCPUToGPUCopy:0]]
[2019.12.10-21.30.01:680][  0]LogConfig: Setting CVar [[r.Streaming.MaxNumTexturesToStreamPerFrame:0]]
[2019.12.10-21.30.01:680][  0]LogConfig: Setting CVar [[r.Streaming.Boost:1]]
[2019.12.10-21.30.01:680][  0]LogConfig: Setting CVar [[r.MaxAnisotropy:8]]
[2019.12.10-21.30.01:680][  0]LogConfig: Setting CVar [[r.Streaming.LimitPoolSizeToVRAM:0]]
[2019.12.10-21.30.01:680][  0]LogConfig: Setting CVar [[r.Streaming.PoolSize:1000]]
[2019.12.10-21.30.01:680][  0]LogConfig: Setting CVar [[r.Streaming.MaxEffectiveScreenSize:0]]
[2019.12.10-21.30.01:680][  0]LogConfig: Applying CVar settings from Section [EffectsQuality@3] File [C:/SeniorProject/PollutionProject/SeniorProject/Saved/Config/Windows/Scalability.ini]
[2019.12.10-21.30.01:680][  0]LogConfig: Setting CVar [[r.TranslucencyLightingVolumeDim:64]]
[2019.12.10-21.30.01:681][  0]LogConfig: Setting CVar [[r.RefractionQuality:2]]
[2019.12.10-21.30.01:681][  0]LogConfig: Setting CVar [[r.SSR.Quality:3]]
[2019.12.10-21.30.01:681][  0]LogConfig: Setting CVar [[r.SceneColorFormat:4]]
[2019.12.10-21.30.01:681][  0]LogConfig: Setting CVar [[r.DetailMode:2]]
[2019.12.10-21.30.01:681][  0]LogConfig: Setting CVar [[r.TranslucencyVolumeBlur:1]]
[2019.12.10-21.30.01:681][  0]LogConfig: Setting CVar [[r.MaterialQualityLevel:1 ; High quality]]
[2019.12.10-21.30.01:681][  0]LogConfig: Setting CVar [[r.SSS.Scale:1]]
[2019.12.10-21.30.01:681][  0]LogConfig: Setting CVar [[r.SSS.SampleSet:2]]
[2019.12.10-21.30.01:682][  0]LogConfig: Setting CVar [[r.SSS.Quality:1]]
[2019.12.10-21.30.01:682][  0]LogConfig: Setting CVar [[r.SSS.HalfRes:1]]
[2019.12.10-21.30.01:682][  0]LogConfig: Setting CVar [[r.EmitterSpawnRateScale:1.0]]
[2019.12.10-21.30.01:682][  0]LogConfig: Setting CVar [[r.ParticleLightQuality:2]]
[2019.12.10-21.30.01:682][  0]LogConfig: Applying CVar settings from Section [FoliageQuality@3] File [C:/SeniorProject/PollutionProject/SeniorProject/Saved/Config/Windows/Scalability.ini]
[2019.12.10-21.30.01:682][  0]LogConfig: Setting CVar [[foliage.DensityScale:1.0]]
[2019.12.10-21.30.01:682][  0]LogConfig: Setting CVar [[grass.DensityScale:1.0]]
[2019.12.10-21.30.01:682][  0]LogInit: Selected Device Profile: [Windows]
[2019.12.10-21.30.01:683][  0]LogInit: Applying CVar settings loaded from the selected device profile: [Windows]
[2019.12.10-21.30.01:699][  0]LogHAL: Display: Platform has ~ 16 GB [17130708992 / 17179869184 / 16], which maps to Larger [LargestMinGB=32, LargerMinGB=12, DefaultMinGB=8, SmallerMinGB=6, SmallestMinGB=0)
[2019.12.10-21.30.01:700][  0]LogConfig: Setting CVar [[r.Vulkan.UseRealUBs:0		; Required until we fix HLR fall-out]]
[2019.12.10-21.30.01:700][  0]LogInit: Going up to parent DeviceProfile []
[2019.12.10-21.30.01:701][  0]LogConfig: Applying CVar settings from Section [ViewDistanceQuality@3] File [C:/SeniorProject/PollutionProject/SeniorProject/Saved/Config/Windows/Scalability.ini]
[2019.12.10-21.30.01:701][  0]LogConfig: Setting CVar [[r.SkeletalMeshLODBias:0]]
[2019.12.10-21.30.01:701][  0]LogConfig: Setting CVar [[r.ViewDistanceScale:1.0]]
[2019.12.10-21.30.01:701][  0]LogConfig: Applying CVar settings from Section [AntiAliasingQuality@3] File [C:/SeniorProject/PollutionProject/SeniorProject/Saved/Config/Windows/Scalability.ini]
[2019.12.10-21.30.01:701][  0]LogConfig: Setting CVar [[r.PostProcessAAQuality:4]]
[2019.12.10-21.30.01:701][  0]LogConfig: Applying CVar settings from Section [ShadowQuality@3] File [C:/SeniorProject/PollutionProject/SeniorProject/Saved/Config/Windows/Scalability.ini]
[2019.12.10-21.30.01:702][  0]LogConfig: Setting CVar [[r.LightFunctionQuality:1]]
[2019.12.10-21.30.01:702][  0]LogConfig: Setting CVar [[r.ShadowQuality:5]]
[2019.12.10-21.30.01:702][  0]LogConfig: Setting CVar [[r.Shadow.CSM.MaxCascades:10]]
[2019.12.10-21.30.01:702][  0]LogConfig: Setting CVar [[r.Shadow.MaxResolution:2048]]
[2019.12.10-21.30.01:702][  0]LogConfig: Setting CVar [[r.Shadow.MaxCSMResolution:2048]]
[2019.12.10-21.30.01:702][  0]LogConfig: Setting CVar [[r.Shadow.RadiusThreshold:0.01]]
[2019.12.10-21.30.01:702][  0]LogConfig: Setting CVar [[r.Shadow.DistanceScale:1.0]]
[2019.12.10-21.30.01:702][  0]LogConfig: Setting CVar [[r.Shadow.CSM.TransitionScale:1.0]]
[2019.12.10-21.30.01:702][  0]LogConfig: Setting CVar [[r.Shadow.PreShadowResolutionFactor:1.0]]
[2019.12.10-21.30.01:703][  0]LogConfig: Setting CVar [[r.DistanceFieldShadowing:1]]
[2019.12.10-21.30.01:703][  0]LogConfig: Setting CVar [[r.DistanceFieldAO:1]]
[2019.12.10-21.30.01:703][  0]LogConfig: Setting CVar [[r.AOQuality:2]]
[2019.12.10-21.30.01:703][  0]LogConfig: Setting CVar [[r.VolumetricFog:1]]
[2019.12.10-21.30.01:703][  0]LogConfig: Setting CVar [[r.VolumetricFog.GridPixelSize:8]]
[2019.12.10-21.30.01:703][  0]LogConfig: Setting CVar [[r.VolumetricFog.GridSizeZ:128]]
[2019.12.10-21.30.01:703][  0]LogConfig: Setting CVar [[r.VolumetricFog.HistoryMissSupersampleCount:4]]
[2019.12.10-21.30.01:703][  0]LogConfig: Setting CVar [[r.LightMaxDrawDistanceScale:1]]
[2019.12.10-21.30.01:703][  0]LogConfig: Setting CVar [[r.CapsuleShadows:1]]
[2019.12.10-21.30.01:704][  0]LogConfig: Applying CVar settings from Section [PostProcessQuality@3] File [C:/SeniorProject/PollutionProject/SeniorProject/Saved/Config/Windows/Scalability.ini]
[2019.12.10-21.30.01:704][  0]LogConfig: Setting CVar [[r.MotionBlurQuality:4]]
[2019.12.10-21.30.01:704][  0]LogConfig: Setting CVar [[r.AmbientOcclusionMipLevelFactor:0.4]]
[2019.12.10-21.30.01:704][  0]LogConfig: Setting CVar [[r.AmbientOcclusionMaxQuality:100]]
[2019.12.10-21.30.01:704][  0]LogConfig: Setting CVar [[r.AmbientOcclusionLevels:-1]]
[2019.12.10-21.30.01:704][  0]LogConfig: Setting CVar [[r.AmbientOcclusionRadiusScale:1.0]]
[2019.12.10-21.30.01:704][  0]LogConfig: Setting CVar [[r.DepthOfFieldQuality:2]]
[2019.12.10-21.30.01:704][  0]LogConfig: Setting CVar [[r.RenderTargetPoolMin:400]]
[2019.12.10-21.30.01:704][  0]LogConfig: Setting CVar [[r.LensFlareQuality:2]]
[2019.12.10-21.30.01:704][  0]LogConfig: Setting CVar [[r.SceneColorFringeQuality:1]]
[2019.12.10-21.30.01:704][  0]LogConfig: Setting CVar [[r.EyeAdaptationQuality:2]]
[2019.12.10-21.30.01:705][  0]LogConfig: Setting CVar [[r.BloomQuality:5]]
[2019.12.10-21.30.01:705][  0]LogConfig: Setting CVar [[r.FastBlurThreshold:100]]
[2019.12.10-21.30.01:705][  0]LogConfig: Setting CVar [[r.Upscale.Quality:3]]
[2019.12.10-21.30.01:705][  0]LogConfig: Setting CVar [[r.Tonemapper.GrainQuantization:1]]
[2019.12.10-21.30.01:705][  0]LogConfig: Setting CVar [[r.LightShaftQuality:1]]
[2019.12.10-21.30.01:705][  0]LogConfig: Setting CVar [[r.Filter.SizeScale:1]]
[2019.12.10-21.30.01:705][  0]LogConfig: Setting CVar [[r.Tonemapper.Quality:5]]
[2019.12.10-21.30.01:705][  0]LogConfig: Setting CVar [[r.DOF.Gather.AccumulatorQuality:1        ; higher gathering accumulator quality]]
[2019.12.10-21.30.01:705][  0]LogConfig: Setting CVar [[r.DOF.Gather.PostfilterMethod:1          ; Median3x3 postfilering method]]
[2019.12.10-21.30.01:706][  0]LogConfig: Setting CVar [[r.DOF.Gather.EnableBokehSettings:0       ; no bokeh simulation when gathering]]
[2019.12.10-21.30.01:706][  0]LogConfig: Setting CVar [[r.DOF.Gather.RingCount:4                 ; medium number of samples when gathering]]
[2019.12.10-21.30.01:706][  0]LogConfig: Setting CVar [[r.DOF.Scatter.ForegroundCompositing:1    ; additive foreground scattering]]
[2019.12.10-21.30.01:706][  0]LogConfig: Setting CVar [[r.DOF.Scatter.BackgroundCompositing:2    ; additive background scattering]]
[2019.12.10-21.30.01:706][  0]LogConfig: Setting CVar [[r.DOF.Scatter.EnableBokehSettings:1      ; bokeh simulation when scattering]]
[2019.12.10-21.30.01:706][  0]LogConfig: Setting CVar [[r.DOF.Scatter.MaxSpriteRatio:0.1         ; only a maximum of 10% of scattered bokeh]]
[2019.12.10-21.30.01:706][  0]LogConfig: Setting CVar [[r.DOF.Recombine.Quality:1                ; cheap slight out of focus]]
[2019.12.10-21.30.01:706][  0]LogConfig: Setting CVar [[r.DOF.Recombine.EnableBokehSettings:0    ; no bokeh simulation on slight out of focus]]
[2019.12.10-21.30.01:706][  0]LogConfig: Setting CVar [[r.DOF.TemporalAAQuality:1                ; more stable temporal accumulation]]
[2019.12.10-21.30.01:706][  0]LogConfig: Setting CVar [[r.DOF.Kernel.MaxForegroundRadius:0.025]]
[2019.12.10-21.30.01:706][  0]LogConfig: Setting CVar [[r.DOF.Kernel.MaxBackgroundRadius:0.025]]
[2019.12.10-21.30.01:706][  0]LogConfig: Applying CVar settings from Section [TextureQuality@3] File [C:/SeniorProject/PollutionProject/SeniorProject/Saved/Config/Windows/Scalability.ini]
[2019.12.10-21.30.01:706][  0]LogConfig: Setting CVar [[r.Streaming.MipBias:0]]
[2019.12.10-21.30.01:706][  0]LogConfig: Setting CVar [[r.Streaming.AmortizeCPUToGPUCopy:0]]
[2019.12.10-21.30.01:707][  0]LogConfig: Setting CVar [[r.Streaming.MaxNumTexturesToStreamPerFrame:0]]
[2019.12.10-21.30.01:707][  0]LogConfig: Setting CVar [[r.Streaming.Boost:1]]
[2019.12.10-21.30.01:707][  0]LogConfig: Setting CVar [[r.MaxAnisotropy:8]]
[2019.12.10-21.30.01:707][  0]LogConfig: Setting CVar [[r.Streaming.LimitPoolSizeToVRAM:0]]
[2019.12.10-21.30.01:707][  0]LogConfig: Setting CVar [[r.Streaming.PoolSize:1000]]
[2019.12.10-21.30.01:707][  0]LogConfig: Setting CVar [[r.Streaming.MaxEffectiveScreenSize:0]]
[2019.12.10-21.30.01:707][  0]LogConfig: Applying CVar settings from Section [EffectsQuality@3] File [C:/SeniorProject/PollutionProject/SeniorProject/Saved/Config/Windows/Scalability.ini]
[2019.12.10-21.30.01:707][  0]LogConfig: Setting CVar [[r.TranslucencyLightingVolumeDim:64]]
[2019.12.10-21.30.01:707][  0]LogConfig: Setting CVar [[r.RefractionQuality:2]]
[2019.12.10-21.30.01:707][  0]LogConfig: Setting CVar [[r.SSR.Quality:3]]
[2019.12.10-21.30.01:707][  0]LogConfig: Setting CVar [[r.SceneColorFormat:4]]
[2019.12.10-21.30.01:707][  0]LogConfig: Setting CVar [[r.DetailMode:2]]
[2019.12.10-21.30.01:707][  0]LogConfig: Setting CVar [[r.TranslucencyVolumeBlur:1]]
[2019.12.10-21.30.01:707][  0]LogConfig: Setting CVar [[r.MaterialQualityLevel:1 ; High quality]]
[2019.12.10-21.30.01:708][  0]LogConfig: Setting CVar [[r.SSS.Scale:1]]
[2019.12.10-21.30.01:708][  0]LogConfig: Setting CVar [[r.SSS.SampleSet:2]]
[2019.12.10-21.30.01:708][  0]LogConfig: Setting CVar [[r.SSS.Quality:1]]
[2019.12.10-21.30.01:708][  0]LogConfig: Setting CVar [[r.SSS.HalfRes:1]]
[2019.12.10-21.30.01:708][  0]LogConfig: Setting CVar [[r.EmitterSpawnRateScale:1.0]]
[2019.12.10-21.30.01:708][  0]LogConfig: Setting CVar [[r.ParticleLightQuality:2]]
[2019.12.10-21.30.01:708][  0]LogConfig: Applying CVar settings from Section [FoliageQuality@3] File [C:/SeniorProject/PollutionProject/SeniorProject/Saved/Config/Windows/Scalability.ini]
[2019.12.10-21.30.01:708][  0]LogConfig: Setting CVar [[foliage.DensityScale:1.0]]
[2019.12.10-21.30.01:708][  0]LogConfig: Setting CVar [[grass.DensityScale:1.0]]
[2019.12.10-21.30.01:708][  0]LogConfig: Applying CVar settings from Section [Startup] File [../../../Engine/Config/ConsoleVariables.ini]
[2019.12.10-21.30.01:709][  0]LogConfig: Setting CVar [[net.UseAdaptiveNetUpdateFrequency:0]]
[2019.12.10-21.30.01:709][  0]LogConfig: Setting CVar [[p.chaos.AllowCreatePhysxBodies:1]]
[2019.12.10-21.30.01:709][  0]LogConfig: Applying CVar settings from Section [ConsoleVariables] File [C:/SeniorProject/PollutionProject/SeniorProject/Saved/Config/Windows/Engine.ini]
[2019.12.10-21.30.01:709][  0]LogInit: Computer: DESKTOP-L1LT82N
[2019.12.10-21.30.01:709][  0]LogInit: User: Greg
[2019.12.10-21.30.01:709][  0]LogInit: CPU Page size=4096, Cores=4
[2019.12.10-21.30.01:709][  0]LogInit: High frequency timer resolution =10.000000 MHz
[2019.12.10-21.30.01:710][  0]LogMemory: Memory total: Physical=16.0GB (16GB approx)
[2019.12.10-21.30.01:710][  0]LogMemory: Platform Memory Stats for Windows
[2019.12.10-21.30.01:710][  0]LogMemory: Process Physical Memory: 103.98 MB used, 103.98 MB peak
[2019.12.10-21.30.01:710][  0]LogMemory: Process Virtual Memory: 106.45 MB used, 106.45 MB peak
[2019.12.10-21.30.01:710][  0]LogMemory: Physical Memory: 11527.70 MB used,  4809.42 MB free, 16337.12 MB total
[2019.12.10-21.30.01:710][  0]LogMemory: Virtual Memory: 4676.28 MB used,  134213048.00 MB free, 134217728.00 MB total
[2019.12.10-21.30.02:694][  0]LogInit: Using OS detected language (en-US).
[2019.12.10-21.30.02:694][  0]LogInit: Using OS detected locale (en-US).
[2019.12.10-21.30.02:695][  0]LogTextLocalizationManager: No specific localization for 'en-US' exists, so the 'en' localization will be used.
[2019.12.10-21.30.02:881][  0]LogInit: Setting process to per monitor DPI aware
[2019.12.10-21.30.02:951][  0]LogSlate: New Slate User Created.  User Index 0, Is Virtual User: 0
[2019.12.10-21.30.02:951][  0]LogSlate: Slate User Registered.  User Index 0, Is Virtual User: 0
[2019.12.10-21.30.03:151][  0]LogHMD: Failed to initialize OpenVR with code 110
[2019.12.10-21.30.03:151][  0]LogD3D11RHI: D3D11 adapters:
[2019.12.10-21.30.03:260][  0]LogD3D11RHI:    0. 'NVIDIA GeForce GTX 1070' (Feature Level 11_0)
[2019.12.10-21.30.03:261][  0]LogD3D11RHI:       8089/0/8168 MB DedicatedVideo/DedicatedSystem/SharedSystem, Outputs:1, VendorId:0x10de
[2019.12.10-21.30.03:268][  0]LogD3D11RHI:    1. 'Microsoft Basic Render Driver' (Feature Level 11_0)
[2019.12.10-21.30.03:268][  0]LogD3D11RHI:       0/0/8168 MB DedicatedVideo/DedicatedSystem/SharedSystem, Outputs:0, VendorId:0x1414
[2019.12.10-21.30.03:269][  0]LogD3D11RHI: Chosen D3D11 Adapter: 0
[2019.12.10-21.30.03:278][  0]LogD3D11RHI: Creating new Direct3DDevice
[2019.12.10-21.30.03:279][  0]LogD3D11RHI:     GPU DeviceId: 0x1be1 (for the marketing name, search the web for "GPU Device Id")
[2019.12.10-21.30.03:279][  0]LogWindows: EnumDisplayDevices:
[2019.12.10-21.30.03:279][  0]LogWindows:    0. 'NVIDIA GeForce GTX 1070' (P:1 D:1)
[2019.12.10-21.30.03:280][  0]LogWindows:    1. 'NVIDIA GeForce GTX 1070' (P:0 D:0)
[2019.12.10-21.30.03:280][  0]LogWindows:    2. 'NVIDIA GeForce GTX 1070' (P:0 D:0)
[2019.12.10-21.30.03:281][  0]LogWindows:    3. 'NVIDIA GeForce GTX 1070' (P:0 D:0)
[2019.12.10-21.30.03:281][  0]LogWindows: DebugString: FoundDriverCount:4 
[2019.12.10-21.30.03:281][  0]LogD3D11RHI:     Adapter Name: NVIDIA GeForce GTX 1070
[2019.12.10-21.30.03:281][  0]LogD3D11RHI:   Driver Version: 388.57 (internal:23.21.13.8857, unified:388.57)
[2019.12.10-21.30.03:281][  0]LogD3D11RHI:      Driver Date: 12-4-2017
[2019.12.10-21.30.03:281][  0]LogRHI: Texture pool is 5662 MB (70% of 8089 MB)
[2019.12.10-21.30.03:328][  0]LogD3D11RHI: Async texture creation enabled
[2019.12.10-21.30.03:332][  0]LogRendererCore: FGlobalReadBuffer::InitRHI
[2019.12.10-21.30.03:332][  0]LogRendererCore: FGlobalReadBuffer::InitRHI
[2019.12.10-21.30.03:333][  0]LogRendererCore: FGlobalReadBuffer::InitRHI
[2019.12.10-21.30.03:340][  0]LogD3D11RHI: GPU Timing Frequency: 1000.000000 (Debug: 2 1)
[2019.12.10-21.30.03:968][  0]LogTemp: Display: Module 'AllDesktopTargetPlatform' loaded TargetPlatform 'AllDesktop'
[2019.12.10-21.30.03:995][  0]LogTemp: Display: Module 'MacClientTargetPlatform' loaded TargetPlatform 'MacClient'
[2019.12.10-21.30.04:016][  0]LogTemp: Display: Module 'MacNoEditorTargetPlatform' loaded TargetPlatform 'MacNoEditor'
[2019.12.10-21.30.04:041][  0]LogTemp: Display: Module 'MacServerTargetPlatform' loaded TargetPlatform 'MacServer'
[2019.12.10-21.30.04:062][  0]LogTemp: Display: Module 'MacTargetPlatform' loaded TargetPlatform 'Mac'
[2019.12.10-21.30.04:084][  0]LogTemp: Display: Module 'WindowsClientTargetPlatform' loaded TargetPlatform 'WindowsClient'
[2019.12.10-21.30.04:101][  0]LogTemp: Display: Module 'WindowsNoEditorTargetPlatform' loaded TargetPlatform 'WindowsNoEditor'
[2019.12.10-21.30.04:117][  0]LogTemp: Display: Module 'WindowsServerTargetPlatform' loaded TargetPlatform 'WindowsServer'
[2019.12.10-21.30.04:125][  0]LogTemp: Display: Module 'WindowsTargetPlatform' loaded TargetPlatform 'Windows'
[2019.12.10-21.30.04:214][  0]LogTemp: Display: Module 'AndroidTargetPlatform' loaded TargetPlatform 'Android'
[2019.12.10-21.30.04:215][  0]LogTemp: Display: Module 'AndroidTargetPlatform' loaded TargetPlatform 'Android_ASTC'
[2019.12.10-21.30.04:215][  0]LogTemp: Display: Module 'AndroidTargetPlatform' loaded TargetPlatform 'Android_ATC'
[2019.12.10-21.30.04:215][  0]LogTemp: Display: Module 'AndroidTargetPlatform' loaded TargetPlatform 'Android_DXT'
[2019.12.10-21.30.04:215][  0]LogTemp: Display: Module 'AndroidTargetPlatform' loaded TargetPlatform 'Android_ETC1'
[2019.12.10-21.30.04:215][  0]LogTemp: Display: Module 'AndroidTargetPlatform' loaded TargetPlatform 'Android_ETC1a'
[2019.12.10-21.30.04:215][  0]LogTemp: Display: Module 'AndroidTargetPlatform' loaded TargetPlatform 'Android_ETC2'
[2019.12.10-21.30.04:215][  0]LogTemp: Display: Module 'AndroidTargetPlatform' loaded TargetPlatform 'Android_PVRTC'
[2019.12.10-21.30.04:215][  0]LogTemp: Display: Module 'AndroidTargetPlatform' loaded TargetPlatform 'AndroidClient'
[2019.12.10-21.30.04:215][  0]LogTemp: Display: Module 'AndroidTargetPlatform' loaded TargetPlatform 'Android_ASTCClient'
[2019.12.10-21.30.04:215][  0]LogTemp: Display: Module 'AndroidTargetPlatform' loaded TargetPlatform 'Android_ATCClient'
[2019.12.10-21.30.04:215][  0]LogTemp: Display: Module 'AndroidTargetPlatform' loaded TargetPlatform 'Android_DXTClient'
[2019.12.10-21.30.04:215][  0]LogTemp: Display: Module 'AndroidTargetPlatform' loaded TargetPlatform 'Android_ETC1Client'
[2019.12.10-21.30.04:216][  0]LogTemp: Display: Module 'AndroidTargetPlatform' loaded TargetPlatform 'Android_ETC1aClient'
[2019.12.10-21.30.04:216][  0]LogTemp: Display: Module 'AndroidTargetPlatform' loaded TargetPlatform 'Android_ETC2Client'
[2019.12.10-21.30.04:216][  0]LogTemp: Display: Module 'AndroidTargetPlatform' loaded TargetPlatform 'Android_PVRTCClient'
[2019.12.10-21.30.04:216][  0]LogTemp: Display: Module 'AndroidTargetPlatform' loaded TargetPlatform 'Android_Multi'
[2019.12.10-21.30.04:216][  0]LogTemp: Display: Module 'AndroidTargetPlatform' loaded TargetPlatform 'Android_MultiClient'
[2019.12.10-21.30.04:222][  0]LogTemp: Display: Module 'HTML5TargetPlatform' loaded TargetPlatform 'HTML5'
[2019.12.10-21.30.04:284][  0]LogTemp: Display: Module 'IOSTargetPlatform' loaded TargetPlatform 'IOSClient'
[2019.12.10-21.30.04:284][  0]LogTemp: Display: Module 'IOSTargetPlatform' loaded TargetPlatform 'IOS'
[2019.12.10-21.30.04:315][  0]LogTemp: Display: Module 'TVOSTargetPlatform' loaded TargetPlatform 'TVOSClient'
[2019.12.10-21.30.04:316][  0]LogTemp: Display: Module 'TVOSTargetPlatform' loaded TargetPlatform 'TVOS'
[2019.12.10-21.30.04:336][  0]LogTemp: Display: Module 'LinuxClientTargetPlatform' loaded TargetPlatform 'LinuxClient'
[2019.12.10-21.30.04:351][  0]LogTemp: Display: Module 'LinuxNoEditorTargetPlatform' loaded TargetPlatform 'LinuxNoEditor'
[2019.12.10-21.30.04:367][  0]LogTemp: Display: Module 'LinuxServerTargetPlatform' loaded TargetPlatform 'LinuxServer'
[2019.12.10-21.30.04:384][  0]LogTemp: Display: Module 'LinuxTargetPlatform' loaded TargetPlatform 'Linux'
[2019.12.10-21.30.04:437][  0]LogTemp: Display: Module 'LuminTargetPlatform' loaded TargetPlatform 'Lumin'
[2019.12.10-21.30.04:437][  0]LogTemp: Display: Module 'LuminTargetPlatform' loaded TargetPlatform 'LuminClient'
[2019.12.10-21.30.04:437][  0]LogTargetPlatformManager: Display: Building Assets For Windows
[2019.12.10-21.30.04:457][  0]LogAudioDebug: Display: Lib vorbis DLL was dynamically loaded.
[2019.12.10-21.30.04:567][  0]LogShaderCompilers: Guid format shader working directory is -3 characters bigger than the processId version (C:/SeniorProject/PollutionProject/SeniorProject/Intermediate/Shaders/WorkingDirectory/12148/).
[2019.12.10-21.30.04:567][  0]LogShaderCompilers: Cleaned the shader compiler working directory 'C:/Users/Greg/AppData/Local/Temp/UnrealShaderWorkingDir/F72B3FEE416687EC6FBA57B97075052C/'.
[2019.12.10-21.30.04:570][  0]LogXGEController: Cannot use XGE Controller as Incredibuild is not installed on this machine.
[2019.12.10-21.30.04:570][  0]LogShaderCompilers: Cannot use XGE Shader Compiler as Incredibuild is not installed on this machine.
[2019.12.10-21.30.04:570][  0]LogShaderCompilers: Display: Using Local Shader Compiler.
[2019.12.10-21.30.05:161][  0]LogDerivedDataCache: Display: Max Cache Size: 512 MB
[2019.12.10-21.30.05:216][  0]LogDerivedDataCache: Loaded boot cache 0.05s 73MB C:/Users/Greg/AppData/Local/UnrealEngine/4.22/DerivedDataCache/Boot.ddc.
[2019.12.10-21.30.05:216][  0]LogDerivedDataCache: Display: Loaded Boot cache: C:/Users/Greg/AppData/Local/UnrealEngine/4.22/DerivedDataCache/Boot.ddc
[2019.12.10-21.30.05:216][  0]LogDerivedDataCache: FDerivedDataBackendGraph:  Pak pak cache file C:/SeniorProject/PollutionProject/SeniorProject/DerivedDataCache/DDC.ddp not found, will not use a pak cache.
[2019.12.10-21.30.05:217][  0]LogDerivedDataCache: Unable to find inner node Pak for hierarchical cache Hierarchy.
[2019.12.10-21.30.05:217][  0]LogDerivedDataCache: FDerivedDataBackendGraph:  CompressedPak pak cache file C:/SeniorProject/PollutionProject/SeniorProject/DerivedDataCache/Compressed.ddp not found, will not use a pak cache.
[2019.12.10-21.30.05:217][  0]LogDerivedDataCache: Unable to find inner node CompressedPak for hierarchical cache Hierarchy.
[2019.12.10-21.30.05:232][  0]LogDerivedDataCache: Display: Pak cache opened for reading ../../../Engine/DerivedDataCache/Compressed.ddp.
[2019.12.10-21.30.05:236][  0]LogDerivedDataCache: Display: Pak cache opened for reading ../../../Enterprise/DerivedDataCache/Compressed.ddp.
[2019.12.10-21.30.05:251][  0]LogDerivedDataCache: Using Local data cache path C:/Users/Greg/AppData/Local/UnrealEngine/Common/DerivedDataCache: Writable
[2019.12.10-21.30.05:251][  0]LogDerivedDataCache: Shared data cache path not found in *engine.ini, will not use an Shared cache.
[2019.12.10-21.30.05:251][  0]LogDerivedDataCache: Unable to find inner node Shared for hierarchical cache Hierarchy.
[2019.12.10-21.30.05:277][  0]LogMaterial: Verifying Global Shaders for PCD3D_SM5
[2019.12.10-21.30.05:278][  0]LogSlate: Using FreeType 2.6.0
[2019.12.10-21.30.05:279][  0]LogSlate: SlateFontServices - WITH_FREETYPE: 1, WITH_HARFBUZZ: 1
[2019.12.10-21.30.05:371][  0]LogAssetRegistry: FAssetRegistry took 0.0375 seconds to start up
[2019.12.10-21.30.05:728][  0]LogInit: Selected Device Profile: [Windows]
[2019.12.10-21.30.05:913][  0]LogMeshReduction: Using QuadricMeshReduction for automatic static mesh reduction
[2019.12.10-21.30.05:914][  0]LogMeshReduction: Using SimplygonMeshReduction for automatic skeletal mesh reduction
[2019.12.10-21.30.05:914][  0]LogMeshReduction: Using ProxyLODMeshReduction for automatic mesh merging
[2019.12.10-21.30.05:914][  0]LogMeshReduction: No distributed automatic mesh merging module available
[2019.12.10-21.30.05:914][  0]LogMeshMerging: No distributed automatic mesh merging module available
[2019.12.10-21.30.05:930][  0]LogNetVersion: SeniorProject 1.0.0, NetCL: 5660361, EngineNetVer: 10, GameNetVer: 0 (Checksum: 993350713)
[2019.12.10-21.30.06:470][  0]LogPackageLocalizationCache: Processed 16 localized package path(s) for 1 prioritized culture(s) in 0.088369 seconds
[2019.12.10-21.30.06:476][  0]LogUObjectArray: 42205 objects as part of root set at end of initial load.
[2019.12.10-21.30.06:476][  0]LogUObjectAllocator: 7325032 out of 0 bytes used by permanent object pool.
[2019.12.10-21.30.06:476][  0]LogUObjectArray: CloseDisregardForGC: 0/0 objects in disregard for GC pool
[2019.12.10-21.30.07:508][  0]LogTcpMessaging: Initializing TcpMessaging bridge
[2019.12.10-21.30.07:527][  0]LogUdpMessaging: Initializing bridge on interface 0.0.0.0:0 to multicast group 230.0.0.1:6666.
[2019.12.10-21.30.07:843][  0]SourceControl: Source control is disabled
[2019.12.10-21.30.08:530][  0]LogAndroidPermission: UAndroidPermissionCallbackProxy::GetInstance
[2019.12.10-21.30.08:661][  0]LogOcInput: OculusInput pre-init called
[2019.12.10-21.30.11:424][  0]LogEngine: Initializing Engine...
[2019.12.10-21.30.11:426][  0]LogHMD: Failed to initialize OpenVR with code 110
[2019.12.10-21.30.11:427][  0]LogStats: UGameplayTagsManager::InitializeManager -  0.000 s
[2019.12.10-21.30.11:646][  0]LogInit: Initializing FReadOnlyCVARCache
[2019.12.10-21.30.11:660][  0]LogAIModule: Creating AISystem for world Untitled
[2019.12.10-21.30.11:759][  0]LogInit: XAudio2 using 'Speakers (Realtek High Definition Audio)' : 6 channels at 48 kHz using 32 bits per sample (channel mask 0x3f)
[2019.12.10-21.30.11:953][  0]LogInit: FAudioDevice initialized.
[2019.12.10-21.30.11:953][  0]LogNetVersion: Set ProjectVersion to 1.0.0.0. Version Checksum will be recalculated on next use.
[2019.12.10-21.30.12:112][  0]LogDerivedDataCache: Saved boot cache 0.16s 73MB C:/Users/Greg/AppData/Local/UnrealEngine/4.22/DerivedDataCache/Boot.ddc.
[2019.12.10-21.30.12:122][  0]LogInit: Texture streaming: Enabled
[2019.12.10-21.30.12:149][  0]LogEngineSessionManager: EngineSessionManager initialized
[2019.12.10-21.30.12:172][  0]LogEngineSessionManager: EngineSessionManager sent abnormal shutdown report. Type=Debugger, SessionId={77FA8EBE-4A94-67AF-01F1-5DAAB4F38E69}
[2019.12.10-21.30.12:172][  0]LogEngineSessionManager: EngineSessionManager sent abnormal shutdown report. Type=Debugger, SessionId={3AC64B3B-4332-51CB-A87F-AC908D915BBB}
[2019.12.10-21.30.12:187][  0]LogInit: Transaction tracking system initialized
[2019.12.10-21.30.12:215][  0]BlueprintLog: New page: Editor Load
[2019.12.10-21.30.12:320][  0]LocalizationService: Localization service is disabled
[2019.12.10-21.30.12:661][  0]LogCook: Display: Max memory allowance for cook 16384mb min free memory 0mb
[2019.12.10-21.30.12:661][  0]LogCook: Display: Mobile HDR setting 1
[2019.12.10-21.30.12:960][  0]LogFileCache: Scanning file cache for directory 'C:/SeniorProject/PollutionProject/SeniorProject/Content/' took 0.04s
[2019.12.10-21.30.14:209][  0]Cmd: MAP LOAD FILE="C:/SeniorProject/PollutionProject/SeniorProject/Content/Levels/GreyBoxLVL4.umap" TEMPLATE=0 SHOWPROGRESS=1 FEATURELEVEL=3
[2019.12.10-21.30.14:210][  0]LightingResults: New page: Lighting Build
[2019.12.10-21.30.14:212][  0]MapCheck: New page: Map Check
[2019.12.10-21.30.14:213][  0]LightingResults: New page: Lighting Build
[2019.12.10-21.30.14:238][  0]LogUObjectHash: Compacting FUObjectHashTables data took   1.68ms
[2019.12.10-21.30.17:134][  0]LogAIModule: Creating AISystem for world GreyBoxLVL4
[2019.12.10-21.30.17:386][  0]LogEditorServer: Finished looking for orphan Actors (0.001 secs)
[2019.12.10-21.30.17:637][  0]LogUObjectHash: Compacting FUObjectHashTables data took   3.22ms
[2019.12.10-21.30.17:637][  0]Cmd: MAP CHECKDEP NOCLEARLOG
[2019.12.10-21.30.17:638][  0]MapCheck: Map check complete: 0 Error(s), 0 Warning(s), took 0.776ms to complete.
[2019.12.10-21.30.17:639][  0]LogFileHelpers: Loading map 'GreyBoxLVL4' took 3.429
[2019.12.10-21.30.17:807][  0]LogSlate: Updating window title bar state: overlay mode, drag disabled, window buttons hidden, title bar hidden
[2019.12.10-21.30.17:821][  0]LogSlate: Updating window title bar state: overlay mode, drag disabled, window buttons hidden, title bar hidden
[2019.12.10-21.30.17:833][  0]LogSlate: Updating window title bar state: overlay mode, drag disabled, window buttons hidden, title bar hidden
[2019.12.10-21.30.17:844][  0]LogSlate: Updating window title bar state: overlay mode, drag disabled, window buttons hidden, title bar hidden
[2019.12.10-21.30.17:852][  0]LogCollectionManager: Loaded 0 collections in 0.001127 seconds
[2019.12.10-21.30.17:898][  0]LogFileCache: Scanning file cache for directory 'C:/SeniorProject/PollutionProject/SeniorProject/Saved/Collections/' took 0.01s
[2019.12.10-21.30.17:898][  0]LogFileCache: Scanning file cache for directory 'C:/SeniorProject/PollutionProject/SeniorProject/Content/Developers/Greg/Collections/' took 0.01s
[2019.12.10-21.30.17:898][  0]LogFileCache: Scanning file cache for directory 'C:/SeniorProject/PollutionProject/SeniorProject/Content/Collections/' took 0.01s
[2019.12.10-21.30.17:898][  0]LogCollectionManager: Rebuilt the GUID cache for 0 collections in 0.000001 seconds
[2019.12.10-21.30.17:910][  0]LogContentBrowser: Native class hierarchy populated in 0.0119 seconds. Added 2870 classes and 728 folders.
[2019.12.10-21.30.17:916][  0]LogContentBrowser: Native class hierarchy updated for 'WidgetCarousel' in 0.0004 seconds. Added 0 classes and 0 folders.
[2019.12.10-21.30.17:918][  0]LogPakFile: Registered encryption key '00000000000000000000000000000000': 0 pak files mounted, 0 remain pending
[2019.12.10-21.30.17:919][  0]LogPakFile: Registered encryption key '00000000000000000000000000000000': 0 pak files mounted, 0 remain pending
[2019.12.10-21.30.17:920][  0]LogPakFile: Registered encryption key '00000000000000000000000000000000': 0 pak files mounted, 0 remain pending
[2019.12.10-21.30.17:920][  0]LogPakFile: Registered encryption key '00000000000000000000000000000000': 0 pak files mounted, 0 remain pending
[2019.12.10-21.30.17:921][  0]LogPakFile: Registered encryption key '00000000000000000000000000000000': 0 pak files mounted, 0 remain pending
[2019.12.10-21.30.17:921][  0]LogPakFile: Registered encryption key '00000000000000000000000000000000': 0 pak files mounted, 0 remain pending
[2019.12.10-21.30.17:922][  0]LogPakFile: Registered encryption key '00000000000000000000000000000000': 0 pak files mounted, 0 remain pending
[2019.12.10-21.30.17:923][  0]LogPakFile: Registered encryption key '00000000000000000000000000000000': 0 pak files mounted, 0 remain pending
[2019.12.10-21.30.17:923][  0]LogPakFile: Registered encryption key '00000000000000000000000000000000': 0 pak files mounted, 0 remain pending
[2019.12.10-21.30.17:924][  0]LogPakFile: Registered encryption key '00000000000000000000000000000000': 0 pak files mounted, 0 remain pending
[2019.12.10-21.30.17:924][  0]LogPakFile: Registered encryption key '00000000000000000000000000000000': 0 pak files mounted, 0 remain pending
[2019.12.10-21.30.17:925][  0]LogPakFile: Registered encryption key '00000000000000000000000000000000': 0 pak files mounted, 0 remain pending
[2019.12.10-21.30.17:926][  0]LogPakFile: Registered encryption key '00000000000000000000000000000000': 0 pak files mounted, 0 remain pending
[2019.12.10-21.30.17:927][  0]LogPakFile: Registered encryption key '00000000000000000000000000000000': 0 pak files mounted, 0 remain pending
[2019.12.10-21.30.17:927][  0]LogPakFile: Registered encryption key '00000000000000000000000000000000': 0 pak files mounted, 0 remain pending
[2019.12.10-21.30.17:928][  0]LogPakFile: Registered encryption key '00000000000000000000000000000000': 0 pak files mounted, 0 remain pending
[2019.12.10-21.30.17:928][  0]LogPakFile: Registered encryption key '00000000000000000000000000000000': 0 pak files mounted, 0 remain pending
[2019.12.10-21.30.17:929][  0]LogPakFile: Registered encryption key '00000000000000000000000000000000': 0 pak files mounted, 0 remain pending
[2019.12.10-21.30.17:930][  0]LogPakFile: Registered encryption key '00000000000000000000000000000000': 0 pak files mounted, 0 remain pending
[2019.12.10-21.30.17:931][  0]LogPakFile: Registered encryption key '00000000000000000000000000000000': 0 pak files mounted, 0 remain pending
[2019.12.10-21.30.17:931][  0]LogPakFile: Registered encryption key '00000000000000000000000000000000': 0 pak files mounted, 0 remain pending
[2019.12.10-21.30.17:932][  0]LogPakFile: Registered encryption key '00000000000000000000000000000000': 0 pak files mounted, 0 remain pending
[2019.12.10-21.30.17:932][  0]LogPakFile: Registered encryption key '00000000000000000000000000000000': 0 pak files mounted, 0 remain pending
[2019.12.10-21.30.17:933][  0]LogPakFile: Registered encryption key '00000000000000000000000000000000': 0 pak files mounted, 0 remain pending
[2019.12.10-21.30.17:934][  0]LogPakFile: Registered encryption key '00000000000000000000000000000000': 0 pak files mounted, 0 remain pending
[2019.12.10-21.30.17:935][  0]LogPakFile: Registered encryption key '00000000000000000000000000000000': 0 pak files mounted, 0 remain pending
[2019.12.10-21.30.17:935][  0]LogPakFile: Registered encryption key '00000000000000000000000000000000': 0 pak files mounted, 0 remain pending
[2019.12.10-21.30.17:936][  0]LogPakFile: Registered encryption key '00000000000000000000000000000000': 0 pak files mounted, 0 remain pending
[2019.12.10-21.30.17:970][  0]LogContentBrowser: Native class hierarchy updated for 'AddContentDialog' in 0.0004 seconds. Added 0 classes and 0 folders.
[2019.12.10-21.30.17:974][  0]LogContentBrowser: Native class hierarchy updated for 'SceneOutliner' in 0.0007 seconds. Added 1 classes and 0 folders.
[2019.12.10-21.30.19:628][  0]LogSlate: Only BGRA pngs, bmps or icos are supported in by External Image Picker
[2019.12.10-21.30.19:673][  0]LogSlate: Took 0.000177 seconds to synchronously load lazily loaded font '../../../Engine/Content/Slate/Fonts/Roboto-Regular.ttf' (155K)
[2019.12.10-21.30.19:677][  0]LogSlate: Took 0.000236 seconds to synchronously load lazily loaded font '../../../Engine/Content/Slate/Fonts/Roboto-Bold.ttf' (160K)
[2019.12.10-21.30.19:686][  0]LogSlate: Took 0.000208 seconds to synchronously load lazily loaded font '../../../Engine/Content/Editor/Slate/Fonts/FontAwesome.ttf' (139K)
[2019.12.10-21.30.19:775][  0]LogRenderer: Reallocating scene render targets to support 976x412 Format 10 NumSamples 1 (Frame:1).
[2019.12.10-21.30.19:832][  0]LogStaticMesh: Allocated 512x320x64 distance field atlas = 20.0Mb, with 84 objects containing 14.5Mb backing data
[2019.12.10-21.30.19:938][  0]LogSlate: Took 0.000125 seconds to synchronously load lazily loaded font '../../../Engine/Content/Slate/Fonts/Roboto-Light.ttf' (167K)
[2019.12.10-21.30.20:104][  0]LogContentBrowser: Native class hierarchy updated for 'HierarchicalLODOutliner' in 0.0005 seconds. Added 0 classes and 0 folders.
[2019.12.10-21.30.20:105][  0]LogLoad: (Engine Initialization) Total time: 21.25 seconds
[2019.12.10-21.30.20:105][  0]LogLoad: (Engine Initialization) Total Blueprint compile time: 0.00 seconds
[2019.12.10-21.30.20:246][  0]LogAssetRegistry: Asset discovery search completed in 14.8999 seconds
[2019.12.10-21.30.20:250][  0]LogCollectionManager: Rebuilt the object cache for 0 collections in 0.000000 seconds (found 0 objects)
[2019.12.10-21.30.20:250][  0]LogCollectionManager: Fixed up redirectors for 0 collections in 0.000290 seconds (updated 0 objects)
[2019.12.10-21.30.20:256][  0]LogContentStreaming: Texture pool size now 1000 MB
[2019.12.10-21.30.21:207][ 10]LogSlate: Took 0.000147 seconds to synchronously load lazily loaded font '../../../Engine/Content/Slate/Fonts/Roboto-Light.ttf' (167K)
[2019.12.10-21.30.22:325][ 65]LogSlate: FSceneViewport::OnFocusLost() reason 0
[2019.12.10-21.30.22:389][ 69]LogSlate: Window 'Project Settings' being destroyed
[2019.12.10-21.30.22:392][ 69]LogSlate: Window 'Project Settings' being destroyed
[2019.12.10-21.30.23:481][133]LogSlate: FSceneViewport::OnFocusLost() reason 0
[2019.12.10-21.30.23:529][136]LogSlate: Window 'Message Log' being destroyed
[2019.12.10-21.30.23:533][136]LogSlate: Window 'Message Log' being destroyed
[2019.12.10-21.30.25:383][247]LogFileCache: Retrieving MD5 hashes for directory 'C:/SeniorProject/PollutionProject/SeniorProject/Content/' took 5.21s
[2019.12.10-21.30.38:720][914]LogSlate: FSceneViewport::OnFocusLost() reason 0
[2019.12.10-21.30.38:869][921]LogTemp: Repeating last play command: Selected Viewport
[2019.12.10-21.30.38:940][921]LogBlueprintUserMessages: Early PlayInEditor Detection: Level '/Game/Levels/GreyBoxLVL4.GreyBoxLVL4:PersistentLevel' has LevelScriptBlueprint '/Game/Levels/GreyBoxLVL4.GreyBoxLVL4:PersistentLevel.GreyBoxLVL4' with GeneratedClass '/Game/Levels/GreyBoxLVL4.GreyBoxLVL4_C' with ClassGeneratedBy '/Game/Levels/GreyBoxLVL4.GreyBoxLVL4:PersistentLevel.GreyBoxLVL4'
[2019.12.10-21.30.38:961][921]LogPlayLevel: PlayLevel: No blueprints needed recompiling
[2019.12.10-21.30.39:004][921]PIE: New page: PIE session: GreyBoxLVL4 (Dec 10, 2019, 11:30:38 AM)
[2019.12.10-21.30.39:154][921]LogPlayLevel: Creating play world package: /Game/Levels/UEDPIE_0_GreyBoxLVL4
[2019.12.10-21.30.39:611][921]LogPlayLevel: PIE: StaticDuplicateObject took: (0.456959s)
[2019.12.10-21.30.39:623][921]LogAIModule: Creating AISystem for world GreyBoxLVL4
[2019.12.10-21.30.39:634][921]LogPlayLevel: PIE: World Init took: (0.022981s)
[2019.12.10-21.30.39:635][921]LogPlayLevel: PIE: Created PIE world by copying editor world from /Game/Levels/GreyBoxLVL4.GreyBoxLVL4 to /Game/Levels/UEDPIE_0_GreyBoxLVL4.GreyBoxLVL4 (0.482216s)
[2019.12.10-21.30.39:661][921]LogUObjectHash: Compacting FUObjectHashTables data took   1.52ms
[2019.12.10-21.30.39:731][921]LogInit: XAudio2 using 'Speakers (Realtek High Definition Audio)' : 6 channels at 48 kHz using 32 bits per sample (channel mask 0x3f)
[2019.12.10-21.30.39:904][921]LogInit: FAudioDevice initialized.
[2019.12.10-21.30.40:040][921]LogLoad: Game class is 'FirstPersonGameMode_C'
[2019.12.10-21.30.40:318][921]LogWorld: Bringing World /Game/Levels/UEDPIE_0_GreyBoxLVL4.GreyBoxLVL4 up for play (max tick rate 60) at 2019.12.10-16.30.40
[2019.12.10-21.30.40:660][921]LogWorld: Bringing up level for play took: 0.472010
[2019.12.10-21.30.40:987][921]LogContentBrowser: Native class hierarchy updated for 'MovieSceneCapture' in 0.0007 seconds. Added 20 classes and 0 folders.
[2019.12.10-21.30.41:041][921]LogScript: Warning: Script Msg: Attempted to access index 0 from array 'Tags' of length 0 in '/Script/Engine.Actor'!
[2019.12.10-21.30.41:058][921]LogBlueprintUserMessages: [FirstPersonCharacter_C_0] X=2940.225 Y=-5695.370 Z=576.800
[2019.12.10-21.30.41:302][921]LogBlueprintUserMessages: [DialogueSystem_2] Hello
[2019.12.10-21.32.34:279][921]PIE: Play in editor start time for /Game/Levels/UEDPIE_0_GreyBoxLVL4 116.221
[2019.12.10-21.32.34:281][921]LogBlueprintUserMessages: Late PlayInEditor Detection: Level '/Game/Levels/GreyBoxLVL4.GreyBoxLVL4:PersistentLevel' has LevelScriptBlueprint '/Game/Levels/GreyBoxLVL4.GreyBoxLVL4:PersistentLevel.GreyBoxLVL4' with GeneratedClass '/Game/Levels/GreyBoxLVL4.GreyBoxLVL4_C' with ClassGeneratedBy '/Game/Levels/GreyBoxLVL4.GreyBoxLVL4:PersistentLevel.GreyBoxLVL4'
[2019.12.10-21.32.34:327][921]LogBlueprintUserMessages: [InteractiveLog] false
[2019.12.10-21.32.34:698][922]LogUnrealEdMisc: Warning: Heartbeat event firing too frequently (0.000 sec). This should never happen. Something is wrong with the timer delegate!
[2019.12.10-21.32.34:751][922]LogBlueprintUserMessages: [InteractiveLog] false
[2019.12.10-21.32.35:067][923]LogBlueprintUserMessages: [InteractiveLog] false
[2019.12.10-21.32.35:077][924]LogBlueprintUserMessages: [InteractiveLog] false
[2019.12.10-21.32.35:094][925]LogBlueprintUserMessages: [InteractiveLog] false
[2019.12.10-21.32.35:110][926]LogBlueprintUserMessages: [InteractiveLog] false
[2019.12.10-21.32.35:126][927]LogBlueprintUserMessages: [InteractiveLog] false
[2019.12.10-21.32.35:143][928]LogBlueprintUserMessages: [InteractiveLog] false
[2019.12.10-21.32.35:160][929]LogBlueprintUserMessages: [InteractiveLog] false
[2019.12.10-21.32.35:176][930]LogBlueprintUserMessages: [InteractiveLog] false
[2019.12.10-21.32.35:193][931]LogBlueprintUserMessages: [InteractiveLog] false
[2019.12.10-21.32.35:260][932]LogBlueprintUserMessages: [InteractiveLog] false
[2019.12.10-21.32.35:277][933]LogBlueprintUserMessages: [InteractiveLog] false
[2019.12.10-21.32.35:294][934]LogBlueprintUserMessages: [InteractiveLog] false
[2019.12.10-21.32.35:310][935]LogBlueprintUserMessages: [InteractiveLog] false
[2019.12.10-21.32.35:327][936]LogBlueprintUserMessages: [InteractiveLog] false
[2019.12.10-21.32.35:344][937]LogBlueprintUserMessages: [InteractiveLog] false
[2019.12.10-21.32.35:361][938]LogBlueprintUserMessages: [InteractiveLog] false
[2019.12.10-21.32.35:378][939]LogBlueprintUserMessages: [InteractiveLog] false
[2019.12.10-21.32.35:394][940]LogBlueprintUserMessages: [InteractiveLog] false
[2019.12.10-21.32.35:411][941]LogBlueprintUserMessages: [InteractiveLog] false
[2019.12.10-21.32.35:428][942]LogBlueprintUserMessages: [InteractiveLog] false
[2019.12.10-21.32.35:444][943]LogBlueprintUserMessages: [InteractiveLog] false
[2019.12.10-21.32.35:461][944]LogBlueprintUserMessages: [InteractiveLog] false
[2019.12.10-21.32.35:477][945]LogBlueprintUserMessages: [InteractiveLog] false
[2019.12.10-21.32.35:493][946]LogBlueprintUserMessages: [InteractiveLog] false
[2019.12.10-21.32.35:510][947]LogBlueprintUserMessages: [InteractiveLog] false
[2019.12.10-21.32.35:527][948]LogBlueprintUserMessages: [InteractiveLog] false
[2019.12.10-21.32.35:544][949]LogBlueprintUserMessages: [InteractiveLog] false
[2019.12.10-21.32.35:561][950]LogBlueprintUserMessages: [InteractiveLog] false
[2019.12.10-21.32.35:577][951]LogBlueprintUserMessages: [InteractiveLog] false
[2019.12.10-21.32.35:594][952]LogBlueprintUserMessages: [InteractiveLog] false
[2019.12.10-21.32.35:620][953]LogBlueprintUserMessages: [InteractiveLog] false
[2019.12.10-21.32.35:628][954]LogBlueprintUserMessages: [InteractiveLog] false
[2019.12.10-21.32.35:644][955]LogBlueprintUserMessages: [InteractiveLog] false
[2019.12.10-21.32.35:661][956]LogBlueprintUserMessages: [InteractiveLog] false
[2019.12.10-21.32.35:678][957]LogBlueprintUserMessages: [InteractiveLog] false
[2019.12.10-21.32.35:694][958]LogBlueprintUserMessages: [InteractiveLog] false
[2019.12.10-21.32.35:711][959]LogBlueprintUserMessages: [InteractiveLog] false
[2019.12.10-21.32.35:731][960]LogBlueprintUserMessages: [InteractiveLog] false
[2019.12.10-21.32.35:748][961]LogBlueprintUserMessages: [InteractiveLog] false
[2019.12.10-21.32.35:765][962]LogBlueprintUserMessages: [InteractiveLog] false
[2019.12.10-21.32.35:780][963]LogBlueprintUserMessages: [InteractiveLog] false
[2019.12.10-21.32.35:797][964]LogBlueprintUserMessages: [InteractiveLog] false
[2019.12.10-21.32.35:815][965]LogBlueprintUserMessages: [InteractiveLog] false
[2019.12.10-21.32.35:830][966]LogBlueprintUserMessages: [InteractiveLog] false
[2019.12.10-21.32.35:847][967]LogBlueprintUserMessages: [InteractiveLog] false
[2019.12.10-21.32.35:864][968]LogBlueprintUserMessages: [InteractiveLog] false
[2019.12.10-21.32.35:880][969]LogBlueprintUserMessages: [InteractiveLog] false
[2019.12.10-21.32.35:897][970]LogBlueprintUserMessages: [InteractiveLog] false
[2019.12.10-21.32.35:913][971]LogBlueprintUserMessages: [InteractiveLog] false
[2019.12.10-21.32.35:930][972]LogBlueprintUserMessages: [InteractiveLog] false
[2019.12.10-21.32.35:947][973]LogBlueprintUserMessages: [InteractiveLog] false
[2019.12.10-21.32.35:983][974]LogBlueprintUserMessages: [InteractiveLog] false
[2019.12.10-21.32.35:999][975]LogBlueprintUserMessages: [InteractiveLog] false
[2019.12.10-21.32.36:014][976]LogBlueprintUserMessages: [InteractiveLog] false
[2019.12.10-21.32.36:031][977]LogBlueprintUserMessages: [InteractiveLog] false
[2019.12.10-21.32.36:047][978]LogBlueprintUserMessages: [InteractiveLog] false
[2019.12.10-21.32.36:064][979]LogBlueprintUserMessages: [InteractiveLog] false
[2019.12.10-21.32.36:080][980]LogBlueprintUserMessages: [InteractiveLog] false
[2019.12.10-21.32.36:096][981]LogBlueprintUserMessages: [InteractiveLog] false
[2019.12.10-21.32.36:113][982]LogBlueprintUserMessages: [InteractiveLog] false
[2019.12.10-21.32.36:129][983]LogBlueprintUserMessages: [InteractiveLog] false
[2019.12.10-21.32.36:146][984]LogBlueprintUserMessages: [InteractiveLog] false
[2019.12.10-21.32.36:163][985]LogBlueprintUserMessages: [InteractiveLog] false
[2019.12.10-21.32.36:180][986]LogBlueprintUserMessages: [InteractiveLog] false
[2019.12.10-21.32.36:196][987]LogBlueprintUserMessages: [InteractiveLog] false
[2019.12.10-21.32.36:213][988]LogBlueprintUserMessages: [InteractiveLog] false
[2019.12.10-21.32.36:230][989]LogBlueprintUserMessages: [InteractiveLog] false
[2019.12.10-21.32.36:248][990]LogBlueprintUserMessages: [InteractiveLog] false
[2019.12.10-21.32.36:264][991]LogBlueprintUserMessages: [InteractiveLog] false
[2019.12.10-21.32.36:281][992]LogBlueprintUserMessages: [InteractiveLog] false
[2019.12.10-21.32.36:298][993]LogBlueprintUserMessages: [InteractiveLog] false
[2019.12.10-21.32.36:316][994]LogBlueprintUserMessages: [InteractiveLog] false
[2019.12.10-21.32.36:331][995]LogBlueprintUserMessages: [InteractiveLog] false
[2019.12.10-21.32.36:347][996]LogBlueprintUserMessages: [InteractiveLog] false
[2019.12.10-21.32.36:363][997]LogBlueprintUserMessages: [InteractiveLog] false
[2019.12.10-21.32.36:380][998]LogBlueprintUserMessages: [InteractiveLog] false
[2019.12.10-21.32.36:397][999]LogBlueprintUserMessages: [InteractiveLog] false
[2019.12.10-21.32.36:413][  0]LogBlueprintUserMessages: [InteractiveLog] false
[2019.12.10-21.32.36:430][  1]LogBlueprintUserMessages: [InteractiveLog] false
[2019.12.10-21.32.36:446][  2]LogBlueprintUserMessages: [InteractiveLog] false
[2019.12.10-21.32.36:463][  3]LogBlueprintUserMessages: [InteractiveLog] false
[2019.12.10-21.32.36:482][  4]LogBlueprintUserMessages: [InteractiveLog] false
[2019.12.10-21.32.36:497][  5]LogBlueprintUserMessages: [InteractiveLog] false
[2019.12.10-21.32.36:513][  6]LogBlueprintUserMessages: [InteractiveLog] false
[2019.12.10-21.32.36:530][  7]LogBlueprintUserMessages: [InteractiveLog] false
[2019.12.10-21.32.36:550][  8]LogBlueprintUserMessages: [InteractiveLog] false
[2019.12.10-21.32.36:564][  9]LogBlueprintUserMessages: [InteractiveLog] false
[2019.12.10-21.32.36:585][ 10]LogBlueprintUserMessages: [InteractiveLog] false
[2019.12.10-21.32.36:598][ 11]LogBlueprintUserMessages: [InteractiveLog] false
[2019.12.10-21.32.36:614][ 12]LogBlueprintUserMessages: [InteractiveLog] false
[2019.12.10-21.32.36:630][ 13]LogBlueprintUserMessages: [InteractiveLog] false
[2019.12.10-21.32.36:647][ 14]LogBlueprintUserMessages: [InteractiveLog] false
[2019.12.10-21.32.36:664][ 15]LogBlueprintUserMessages: [InteractiveLog] false
[2019.12.10-21.32.36:681][ 16]LogBlueprintUserMessages: [InteractiveLog] false
[2019.12.10-21.32.36:697][ 17]LogBlueprintUserMessages: [InteractiveLog] false
[2019.12.10-21.32.36:714][ 18]LogBlueprintUserMessages: [InteractiveLog] false
[2019.12.10-21.32.36:735][ 19]LogBlueprintUserMessages: [InteractiveLog] false
[2019.12.10-21.32.36:749][ 20]LogBlueprintUserMessages: [InteractiveLog] false
[2019.12.10-21.32.36:765][ 21]LogBlueprintUserMessages: [InteractiveLog] false
[2019.12.10-21.32.36:782][ 22]LogBlueprintUserMessages: [InteractiveLog] false
[2019.12.10-21.32.36:799][ 23]LogBlueprintUserMessages: [InteractiveLog] false
[2019.12.10-21.32.36:815][ 24]LogBlueprintUserMessages: [InteractiveLog] false
[2019.12.10-21.32.36:831][ 25]LogBlueprintUserMessages: [InteractiveLog] false
[2019.12.10-21.32.36:848][ 26]LogBlueprintUserMessages: [InteractiveLog] false
[2019.12.10-21.32.36:865][ 27]LogBlueprintUserMessages: [InteractiveLog] false
[2019.12.10-21.32.36:882][ 28]LogBlueprintUserMessages: [InteractiveLog] false
[2019.12.10-21.32.36:899][ 29]LogBlueprintUserMessages: [InteractiveLog] false
[2019.12.10-21.32.36:914][ 30]LogBlueprintUserMessages: [InteractiveLog] false
[2019.12.10-21.32.36:931][ 31]LogBlueprintUserMessages: [InteractiveLog] false
[2019.12.10-21.32.36:948][ 32]LogBlueprintUserMessages: [InteractiveLog] false
[2019.12.10-21.32.36:965][ 33]LogBlueprintUserMessages: [InteractiveLog] false
[2019.12.10-21.32.36:983][ 34]LogBlueprintUserMessages: [InteractiveLog] false
[2019.12.10-21.32.36:998][ 35]LogBlueprintUserMessages: [InteractiveLog] false
[2019.12.10-21.32.37:016][ 36]LogBlueprintUserMessages: [InteractiveLog] false
[2019.12.10-21.32.37:032][ 37]LogBlueprintUserMessages: [InteractiveLog] false
[2019.12.10-21.32.37:048][ 38]LogBlueprintUserMessages: [InteractiveLog] false
[2019.12.10-21.32.37:064][ 39]LogBlueprintUserMessages: [InteractiveLog] false
[2019.12.10-21.32.37:164][ 45]LogBlueprintUserMessages: [InteractiveLog] false
[2019.12.10-21.32.37:218][ 45]LogBlueprintUserMessages: Early EndPlayMap Detection: Level '/Game/Levels/GreyBoxLVL4.GreyBoxLVL4:PersistentLevel' has LevelScriptBlueprint '/Game/Levels/GreyBoxLVL4.GreyBoxLVL4:PersistentLevel.GreyBoxLVL4' with GeneratedClass '/Game/Levels/GreyBoxLVL4.GreyBoxLVL4_C' with ClassGeneratedBy '/Game/Levels/GreyBoxLVL4.GreyBoxLVL4:PersistentLevel.GreyBoxLVL4'
[2019.12.10-21.32.37:224][ 45]LogSlate: Updating window title bar state: overlay mode, drag disabled, window buttons hidden, title bar hidden
[2019.12.10-21.32.37:360][ 45]LogPlayLevel: Display: Shutting down PIE online subsystems
[2019.12.10-21.32.37:361][ 45]LogBlueprintUserMessages: Late EndPlayMap Detection: Level '/Game/Levels/GreyBoxLVL4.GreyBoxLVL4:PersistentLevel' has LevelScriptBlueprint '/Game/Levels/GreyBoxLVL4.GreyBoxLVL4:PersistentLevel.GreyBoxLVL4' with GeneratedClass '/Game/Levels/GreyBoxLVL4.GreyBoxLVL4_C' with ClassGeneratedBy '/Game/Levels/GreyBoxLVL4.GreyBoxLVL4:PersistentLevel.GreyBoxLVL4'
[2019.12.10-21.32.37:507][ 45]LogSlate: Updating window title bar state: overlay mode, drag disabled, window buttons hidden, title bar hidden
[2019.12.10-21.32.37:676][ 45]LogUObjectHash: Compacting FUObjectHashTables data took   3.23ms
[2019.12.10-21.32.37:715][ 46]LogPlayLevel: Display: Destroying online subsystem :Context_3
