Log file open, 04/30/20 09:48:52
LogWindows: Failed to load 'aqProf.dll' (GetLastError=126)
LogWindows: File 'aqProf.dll' does not exist
LogWindows: Failed to load 'VtuneApi.dll' (GetLastError=126)
LogWindows: File 'VtuneApi.dll' does not exist
LogWindows: Failed to load 'VtuneApi32e.dll' (GetLastError=126)
LogWindows: File 'VtuneApi32e.dll' does not exist
LogConsoleResponse: Display: Failed to find resolution value strings in scalability ini. Falling back to default.
LogInit: Display: Running engine for game: SeniorProject
LogPakFile: Registered encryption key '00000000000000000000000000000000': 0 pak files mounted, 0 remain pending
LogPlatformFile: Not using cached read wrapper
LogTaskGraph: Started task graph with 5 named threads and 23 total threads with 3 sets of task threads.
LogStats: Stats thread started at 0.404432
LogD3D11RHI: Loaded GFSDK_Aftermath_Lib.x64.dll
LogICUInternationalization: ICU TimeZone Detection - Raw Offset: -5:00, Platform Override: ''
LogConfig: Warning: Failed to saved backup for config[E:/SeniorProject/PollutionProject/SeniorProject/Intermediate/Config/CoalescedSourceConfigs/EditorPerProjectUserSettings.ini]
LogPluginManager: Mounting plugin Paper2D
LogPluginManager: Mounting plugin AISupport
LogPluginManager: Mounting plugin LightPropagationVolume
LogPluginManager: Mounting plugin ActorLayerUtilities
LogPluginManager: Mounting plugin AnimationSharing
LogPluginManager: Mounting plugin CLionSourceCodeAccess
LogPluginManager: Mounting plugin CodeLiteSourceCodeAccess
LogPluginManager: Mounting plugin GitSourceControl
LogPluginManager: Mounting plugin KDevelopSourceCodeAccess
LogPluginManager: Mounting plugin NullSourceCodeAccess
LogPluginManager: Mounting plugin PerforceSourceControl
LogPluginManager: Mounting plugin SubversionSourceControl
LogPluginManager: Mounting plugin UObjectPlugin
LogPluginManager: Mounting plugin VisualStudioCodeSourceCodeAccess
LogPluginManager: Mounting plugin VisualStudioSourceCodeAccess
LogPluginManager: Mounting plugin XCodeSourceCodeAccess
LogPluginManager: Mounting plugin AssetManagerEditor
LogPluginManager: Mounting plugin CryptoKeys
LogPluginManager: Mounting plugin DataValidation
LogPluginManager: Mounting plugin EditorScriptingUtilities
LogPluginManager: Mounting plugin FacialAnimation
LogPluginManager: Mounting plugin GameplayTagsEditor
LogPluginManager: Mounting plugin GLTFImporter
LogPluginManager: Mounting plugin MacGraphicsSwitching
LogPluginManager: Mounting plugin MaterialAnalyzer
LogPluginManager: Mounting plugin MeshEditor
LogPluginManager: Mounting plugin MobileLauncherProfileWizard
LogPluginManager: Mounting plugin PluginBrowser
LogPluginManager: Mounting plugin SpeedTreeImporter
LogPluginManager: Mounting plugin DatasmithContent
LogPluginManager: Mounting plugin VariantManagerContent
LogPluginManager: Mounting plugin AlembicImporter
LogPluginManager: Mounting plugin AppleImageUtils
LogPluginManager: Mounting plugin AppleVision
LogPluginManager: Mounting plugin BackChannel
LogPluginManager: Mounting plugin BlastPlugin
LogPluginManager: Mounting plugin ChaosSolverPlugin
LogPluginManager: Mounting plugin CharacterAI
LogPluginManager: Mounting plugin GeometryCache
LogPluginManager: Mounting plugin GeometryCollectionPlugin
LogPluginManager: Mounting plugin HTML5Networking
LogPluginManager: Mounting plugin ProxyLODPlugin
LogPluginManager: Mounting plugin SkeletalReduction
LogPluginManager: Mounting plugin MagicLeap
LogPluginManager: Mounting plugin MagicLeapMedia
LogPluginManager: Mounting plugin AndroidMedia
LogPluginManager: Mounting plugin AvfMedia
LogPluginManager: Mounting plugin ImgMedia
LogPluginManager: Mounting plugin LinearTimecode
LogPluginManager: Mounting plugin MediaCompositing
LogPluginManager: Mounting plugin MediaPlayerEditor
LogPluginManager: Mounting plugin WebMMedia
LogPluginManager: Mounting plugin WmfMedia
LogPluginManager: Mounting plugin TcpMessaging
LogPluginManager: Mounting plugin UdpMessaging
LogPluginManager: Mounting plugin ActorSequence
LogPluginManager: Mounting plugin LevelSequenceEditor
LogPluginManager: Mounting plugin MatineeToLevelSequence
LogPluginManager: Mounting plugin NetcodeUnitTest
LogPluginManager: Mounting plugin NUTUnrealEngine4
LogPluginManager: Mounting plugin OnlineSubsystemGooglePlay
LogPluginManager: Mounting plugin OnlineSubsystemIOS
LogPluginManager: Mounting plugin OnlineSubsystem
LogPluginManager: Mounting plugin OnlineSubsystemNull
LogPluginManager: Mounting plugin OnlineSubsystemUtils
LogPluginManager: Mounting plugin LauncherChunkInstaller
LogPluginManager: Mounting plugin AndroidDeviceProfileSelector
LogPluginManager: Mounting plugin AndroidMoviePlayer
LogPluginManager: Mounting plugin AndroidPermission
LogPluginManager: Mounting plugin AppleMoviePlayer
LogPluginManager: Mounting plugin ArchVisCharacter
LogPluginManager: Mounting plugin AudioCapture
LogPluginManager: Mounting plugin CableComponent
LogPluginManager: Mounting plugin CustomMeshComponent
LogPluginManager: Mounting plugin EditableMesh
LogPluginManager: Mounting plugin ExampleDeviceProfileSelector
LogPluginManager: Mounting plugin Firebase
LogPluginManager: Mounting plugin GoogleCloudMessaging
LogPluginManager: Mounting plugin IOSDeviceProfileSelector
LogPluginManager: Mounting plugin LinuxDeviceProfileSelector
LogPluginManager: Mounting plugin LocationServicesBPLibrary
LogPluginManager: Mounting plugin MobilePatchingUtils
LogPluginManager: Mounting plugin OculusVR
LogPluginManager: Mounting plugin PhysXVehicles
LogPluginManager: Mounting plugin ProceduralMeshComponent
LogPluginManager: Mounting plugin RuntimePhysXCooking
LogPluginManager: Mounting plugin SignificanceManager
LogPluginManager: Mounting plugin SteamVR
LogPluginManager: Mounting plugin WebMMoviePlayer
LogPluginManager: Mounting plugin WindowsMoviePlayer
LogPluginManager: Mounting plugin DatasmithCADImporter
LogPluginManager: Mounting plugin DatasmithDataPrepEditor
LogPluginManager: Mounting plugin DatasmithFBXImporter
LogPluginManager: Mounting plugin DatasmithGLTFImporter
LogPluginManager: Mounting plugin DatasmithImporter
LogPluginManager: Mounting plugin MDLImporter
LogPluginManager: Mounting plugin StaticMeshEditorExtension
LogPluginManager: Mounting plugin VariantManager
LogInit: Using libcurl 7.55.1-DEV
LogInit:  - built for x86_64-pc-win32
LogInit:  - supports SSL with OpenSSL/1.1.1
LogInit:  - supports HTTP deflate (compression) using libz 1.2.8
LogInit:  - other features:
LogInit:      CURL_VERSION_SSL
LogInit:      CURL_VERSION_LIBZ
LogInit:      CURL_VERSION_IPV6
LogInit:      CURL_VERSION_ASYNCHDNS
LogInit:      CURL_VERSION_LARGEFILE
LogInit:      CURL_VERSION_IDN
LogInit:  CurlRequestOptions (configurable via config and command line):
LogInit:  - bVerifyPeer = true  - Libcurl will verify peer certificate
LogInit:  - bUseHttpProxy = false  - Libcurl will NOT use HTTP proxy
LogInit:  - bDontReuseConnections = false  - Libcurl will reuse connections
LogInit:  - MaxHostConnections = 16  - Libcurl will limit the number of connections to a host
LogInit:  - LocalHostAddr = Default
LogInit:  - BufferSize = 65536
LogInit: WinSock: version 1.1 (2.2), MaxSocks=32767, MaxUdp=65467
LogHMD: Failed initializing OVRPlugin 1.32.0
LogInit: Build: ++UE4+Release-4.22-CL-7053642
LogInit: Engine Version: 4.22.3-7053642+++UE4+Release-4.22
LogInit: Compatible Engine Version: 4.22.0-5660361+++UE4+Release-4.22
LogInit: Net CL: 5660361
LogInit: OS: Windows 10 (Release 1903) (), CPU: Intel(R) Core(TM) i7-6700K CPU @ 4.00GHz, GPU: NVIDIA GeForce RTX 2080
LogInit: Compiled (64-bit): Jun 18 2019 03:09:11
LogInit: Compiled with Visual C++: 19.16.27025.01
LogInit: Build Configuration: Development
LogInit: Branch Name: ++UE4+Release-4.22
LogInit: Command Line:  -skipcompile
LogInit: Base Directory: C:/Program Files/Epic Games/UE_4.22/Engine/Binaries/Win64/
LogInit: Installed Engine Build: 1
LogDevObjectVersion: Number of dev versions registered: 23
LogDevObjectVersion:   Dev-Blueprints (B0D832E4-1F89-4F0D-ACCF-7EB736FD4AA2): 10
LogDevObjectVersion:   Dev-Build (E1C64328-A22C-4D53-A36C-8E866417BD8C): 0
LogDevObjectVersion:   Dev-Core (375EC13C-06E4-48FB-B500-84F0262A717E): 3
LogDevObjectVersion:   Dev-Editor (E4B068ED-F494-42E9-A231-DA0B2E46BB41): 30
LogDevObjectVersion:   Dev-Framework (CFFC743F-43B0-4480-9391-14DF171D2073): 35
LogDevObjectVersion:   Dev-Mobile (B02B49B5-BB20-44E9-A304-32B752E40360): 2
LogDevObjectVersion:   Dev-Networking (A4E4105C-59A1-49B5-A7C5-40C4547EDFEE): 0
LogDevObjectVersion:   Dev-Online (39C831C9-5AE6-47DC-9A44-9C173E1C8E7C): 0
LogDevObjectVersion:   Dev-Physics (78F01B33-EBEA-4F98-B9B4-84EACCB95AA2): 0
LogDevObjectVersion:   Dev-Platform (6631380F-2D4D-43E0-8009-CF276956A95A): 0
LogDevObjectVersion:   Dev-Rendering (12F88B9F-8875-4AFC-A67C-D90C383ABD29): 28
LogDevObjectVersion:   Dev-Sequencer (7B5AE74C-D270-4C10-A958-57980B212A5A): 11
LogDevObjectVersion:   Dev-VR (D7296918-1DD6-4BDD-9DE2-64A83CC13884): 2
LogDevObjectVersion:   Dev-LoadTimes (C2A15278-BFE7-4AFE-6C17-90FF531DF755): 1
LogDevObjectVersion:   Private-Geometry (6EACA3D4-40EC-4CC1-B786-8BED09428FC5): 3
LogDevObjectVersion:   Dev-AnimPhys (29E575DD-E0A3-4627-9D10-D276232CDCEA): 17
LogDevObjectVersion:   Dev-Anim (AF43A65D-7FD3-4947-9873-3E8ED9C1BB05): 2
LogDevObjectVersion:   Dev-ReflectionCapture (6B266CEC-1EC7-4B8F-A30B-E4D90942FC07): 1
LogDevObjectVersion:   Dev-Automation (0DF73D61-A23F-47EA-B727-89E90C41499A): 1
LogDevObjectVersion:   FortniteMain (601D1886-AC64-4F84-AA16-D3DE0DEAC7D6): 25
LogDevObjectVersion:   Dev-Enterprise (9DFFBCD6-494F-0158-E221-12823C92A888): 6
LogDevObjectVersion:   Dev-Niagara (F2AED0AC-9AFE-416F-8664-AA7FFA26D6FC): 1
LogDevObjectVersion:   Dev-Destruction (174F1F0B-B4C6-45A5-B13F-2EE8D0FB917D): 2
LogInit: Presizing for max 16777216 objects, including 0 objects not considered by GC, pre-allocating 0 bytes for permanent pool.
LogInit: Object subsystem initialized
LogConfig: Setting CVar [[con.DebugEarlyDefault:1]]
LogConfig: Setting CVar [[r.setres:1280x720]]
[2020.04.30-13.48.54:003][  0]LogConfig: Setting CVar [[r.VSync:0]]
[2020.04.30-13.48.54:003][  0]LogConfig: Setting CVar [[r.RHICmdBypass:0]]
[2020.04.30-13.48.54:003][  0]LogConfig: Applying CVar settings from Section [/Script/Engine.RendererSettings] File [E:/SeniorProject/PollutionProject/SeniorProject/Saved/Config/Windows/Engine.ini]
[2020.04.30-13.48.54:003][  0]LogConfig: Setting CVar [[r.GPUCrashDebugging:0]]
[2020.04.30-13.48.54:003][  0]LogConfig: Setting CVar [[r.DefaultFeature.AutoExposure.ExtendDefaultLuminanceRange:1]]
[2020.04.30-13.48.54:004][  0]LogConfig: Setting CVar [[r.GenerateMeshDistanceFields:1]]
[2020.04.30-13.48.54:004][  0]LogConfig: Applying CVar settings from Section [/Script/Engine.RendererOverrideSettings] File [E:/SeniorProject/PollutionProject/SeniorProject/Saved/Config/Windows/Engine.ini]
[2020.04.30-13.48.54:004][  0]LogConfig: Applying CVar settings from Section [/Script/Engine.StreamingSettings] File [E:/SeniorProject/PollutionProject/SeniorProject/Saved/Config/Windows/Engine.ini]
[2020.04.30-13.48.54:004][  0]LogConfig: Setting CVar [[s.MinBulkDataSizeForAsyncLoading:131072]]
[2020.04.30-13.48.54:004][  0]LogConfig: Setting CVar [[s.AsyncLoadingThreadEnabled:0]]
[2020.04.30-13.48.54:004][  0]LogConfig: Setting CVar [[s.EventDrivenLoaderEnabled:1]]
[2020.04.30-13.48.54:004][  0]LogConfig: Setting CVar [[s.WarnIfTimeLimitExceeded:0]]
[2020.04.30-13.48.54:004][  0]LogConfig: Setting CVar [[s.TimeLimitExceededMultiplier:1.5]]
[2020.04.30-13.48.54:004][  0]LogConfig: Setting CVar [[s.TimeLimitExceededMinTime:0.005]]
[2020.04.30-13.48.54:004][  0]LogConfig: Setting CVar [[s.UseBackgroundLevelStreaming:1]]
[2020.04.30-13.48.54:004][  0]LogConfig: Setting CVar [[s.PriorityAsyncLoadingExtraTime:15.0]]
[2020.04.30-13.48.54:004][  0]LogConfig: Setting CVar [[s.LevelStreamingActorsUpdateTimeLimit:5.0]]
[2020.04.30-13.48.54:004][  0]LogConfig: Setting CVar [[s.PriorityLevelStreamingActorsUpdateExtraTime:5.0]]
[2020.04.30-13.48.54:004][  0]LogConfig: Setting CVar [[s.LevelStreamingComponentsRegistrationGranularity:10]]
[2020.04.30-13.48.54:005][  0]LogConfig: Setting CVar [[s.UnregisterComponentsTimeLimit:1.0]]
[2020.04.30-13.48.54:005][  0]LogConfig: Setting CVar [[s.LevelStreamingComponentsUnregistrationGranularity:5]]
[2020.04.30-13.48.54:005][  0]LogConfig: Applying CVar settings from Section [/Script/Engine.GarbageCollectionSettings] File [E:/SeniorProject/PollutionProject/SeniorProject/Saved/Config/Windows/Engine.ini]
[2020.04.30-13.48.54:005][  0]LogConfig: Setting CVar [[gc.MaxObjectsNotConsideredByGC:1]]
[2020.04.30-13.48.54:005][  0]LogConfig: Setting CVar [[gc.SizeOfPermanentObjectPool:0]]
[2020.04.30-13.48.54:005][  0]LogConfig: Setting CVar [[gc.FlushStreamingOnGC:0]]
[2020.04.30-13.48.54:005][  0]LogConfig: Setting CVar [[gc.NumRetriesBeforeForcingGC:10]]
[2020.04.30-13.48.54:005][  0]LogConfig: Setting CVar [[gc.AllowParallelGC:1]]
[2020.04.30-13.48.54:005][  0]LogConfig: Setting CVar [[gc.TimeBetweenPurgingPendingKillObjects:61.1]]
[2020.04.30-13.48.54:005][  0]LogConfig: Setting CVar [[gc.MaxObjectsInEditor:16777216]]
[2020.04.30-13.48.54:005][  0]LogConfig: Setting CVar [[gc.IncrementalBeginDestroyEnabled:1]]
[2020.04.30-13.48.54:005][  0]LogConfig: Setting CVar [[gc.CreateGCClusters:1]]
[2020.04.30-13.48.54:005][  0]LogConfig: Setting CVar [[gc.MinGCClusterSize:5]]
[2020.04.30-13.48.54:005][  0]LogConfig: Setting CVar [[gc.ActorClusteringEnabled:0]]
[2020.04.30-13.48.54:005][  0]LogConfig: Setting CVar [[gc.BlueprintClusteringEnabled:0]]
[2020.04.30-13.48.54:005][  0]LogConfig: Setting CVar [[gc.UseDisregardForGCOnDedicatedServers:0]]
[2020.04.30-13.48.54:006][  0]LogConfig: Applying CVar settings from Section [/Script/Engine.NetworkSettings] File [E:/SeniorProject/PollutionProject/SeniorProject/Saved/Config/Windows/Engine.ini]
[2020.04.30-13.48.54:006][  0]LogConfig: Applying CVar settings from Section [/Script/UnrealEd.CookerSettings] File [E:/SeniorProject/PollutionProject/SeniorProject/Saved/Config/Windows/Engine.ini]
[2020.04.30-13.48.54:033][  0]LogConfig: Applying CVar settings from Section [ViewDistanceQuality@3] File [E:/SeniorProject/PollutionProject/SeniorProject/Saved/Config/Windows/Scalability.ini]
[2020.04.30-13.48.54:033][  0]LogConfig: Setting CVar [[r.SkeletalMeshLODBias:0]]
[2020.04.30-13.48.54:033][  0]LogConfig: Setting CVar [[r.ViewDistanceScale:1.0]]
[2020.04.30-13.48.54:033][  0]LogConfig: Applying CVar settings from Section [AntiAliasingQuality@3] File [E:/SeniorProject/PollutionProject/SeniorProject/Saved/Config/Windows/Scalability.ini]
[2020.04.30-13.48.54:033][  0]LogConfig: Setting CVar [[r.PostProcessAAQuality:4]]
[2020.04.30-13.48.54:033][  0]LogConfig: Applying CVar settings from Section [ShadowQuality@3] File [E:/SeniorProject/PollutionProject/SeniorProject/Saved/Config/Windows/Scalability.ini]
[2020.04.30-13.48.54:033][  0]LogConfig: Setting CVar [[r.LightFunctionQuality:1]]
[2020.04.30-13.48.54:033][  0]LogConfig: Setting CVar [[r.ShadowQuality:5]]
[2020.04.30-13.48.54:033][  0]LogConfig: Setting CVar [[r.Shadow.CSM.MaxCascades:10]]
[2020.04.30-13.48.54:033][  0]LogConfig: Setting CVar [[r.Shadow.MaxResolution:2048]]
[2020.04.30-13.48.54:034][  0]LogConfig: Setting CVar [[r.Shadow.MaxCSMResolution:2048]]
[2020.04.30-13.48.54:034][  0]LogConfig: Setting CVar [[r.Shadow.RadiusThreshold:0.01]]
[2020.04.30-13.48.54:034][  0]LogConfig: Setting CVar [[r.Shadow.DistanceScale:1.0]]
[2020.04.30-13.48.54:034][  0]LogConfig: Setting CVar [[r.Shadow.CSM.TransitionScale:1.0]]
[2020.04.30-13.48.54:034][  0]LogConfig: Setting CVar [[r.Shadow.PreShadowResolutionFactor:1.0]]
[2020.04.30-13.48.54:034][  0]LogConfig: Setting CVar [[r.DistanceFieldShadowing:1]]
[2020.04.30-13.48.54:034][  0]LogConfig: Setting CVar [[r.DistanceFieldAO:1]]
[2020.04.30-13.48.54:034][  0]LogConfig: Setting CVar [[r.AOQuality:2]]
[2020.04.30-13.48.54:034][  0]LogConfig: Setting CVar [[r.VolumetricFog:1]]
[2020.04.30-13.48.54:034][  0]LogConfig: Setting CVar [[r.VolumetricFog.GridPixelSize:8]]
[2020.04.30-13.48.54:034][  0]LogConfig: Setting CVar [[r.VolumetricFog.GridSizeZ:128]]
[2020.04.30-13.48.54:034][  0]LogConfig: Setting CVar [[r.VolumetricFog.HistoryMissSupersampleCount:4]]
[2020.04.30-13.48.54:034][  0]LogConfig: Setting CVar [[r.LightMaxDrawDistanceScale:1]]
[2020.04.30-13.48.54:034][  0]LogConfig: Setting CVar [[r.CapsuleShadows:1]]
[2020.04.30-13.48.54:035][  0]LogConfig: Applying CVar settings from Section [PostProcessQuality@3] File [E:/SeniorProject/PollutionProject/SeniorProject/Saved/Config/Windows/Scalability.ini]
[2020.04.30-13.48.54:035][  0]LogConfig: Setting CVar [[r.MotionBlurQuality:4]]
[2020.04.30-13.48.54:035][  0]LogConfig: Setting CVar [[r.AmbientOcclusionMipLevelFactor:0.4]]
[2020.04.30-13.48.54:035][  0]LogConfig: Setting CVar [[r.AmbientOcclusionMaxQuality:100]]
[2020.04.30-13.48.54:035][  0]LogConfig: Setting CVar [[r.AmbientOcclusionLevels:-1]]
[2020.04.30-13.48.54:035][  0]LogConfig: Setting CVar [[r.AmbientOcclusionRadiusScale:1.0]]
[2020.04.30-13.48.54:035][  0]LogConfig: Setting CVar [[r.DepthOfFieldQuality:2]]
[2020.04.30-13.48.54:035][  0]LogConfig: Setting CVar [[r.RenderTargetPoolMin:400]]
[2020.04.30-13.48.54:035][  0]LogConfig: Setting CVar [[r.LensFlareQuality:2]]
[2020.04.30-13.48.54:035][  0]LogConfig: Setting CVar [[r.SceneColorFringeQuality:1]]
[2020.04.30-13.48.54:035][  0]LogConfig: Setting CVar [[r.EyeAdaptationQuality:2]]
[2020.04.30-13.48.54:035][  0]LogConfig: Setting CVar [[r.BloomQuality:5]]
[2020.04.30-13.48.54:035][  0]LogConfig: Setting CVar [[r.FastBlurThreshold:100]]
[2020.04.30-13.48.54:035][  0]LogConfig: Setting CVar [[r.Upscale.Quality:3]]
[2020.04.30-13.48.54:035][  0]LogConfig: Setting CVar [[r.Tonemapper.GrainQuantization:1]]
[2020.04.30-13.48.54:035][  0]LogConfig: Setting CVar [[r.LightShaftQuality:1]]
[2020.04.30-13.48.54:035][  0]LogConfig: Setting CVar [[r.Filter.SizeScale:1]]
[2020.04.30-13.48.54:035][  0]LogConfig: Setting CVar [[r.Tonemapper.Quality:5]]
[2020.04.30-13.48.54:035][  0]LogConfig: Setting CVar [[r.DOF.Gather.AccumulatorQuality:1        ; higher gathering accumulator quality]]
[2020.04.30-13.48.54:035][  0]LogConfig: Setting CVar [[r.DOF.Gather.PostfilterMethod:1          ; Median3x3 postfilering method]]
[2020.04.30-13.48.54:036][  0]LogConfig: Setting CVar [[r.DOF.Gather.EnableBokehSettings:0       ; no bokeh simulation when gathering]]
[2020.04.30-13.48.54:036][  0]LogConfig: Setting CVar [[r.DOF.Gather.RingCount:4                 ; medium number of samples when gathering]]
[2020.04.30-13.48.54:036][  0]LogConfig: Setting CVar [[r.DOF.Scatter.ForegroundCompositing:1    ; additive foreground scattering]]
[2020.04.30-13.48.54:036][  0]LogConfig: Setting CVar [[r.DOF.Scatter.BackgroundCompositing:2    ; additive background scattering]]
[2020.04.30-13.48.54:036][  0]LogConfig: Setting CVar [[r.DOF.Scatter.EnableBokehSettings:1      ; bokeh simulation when scattering]]
[2020.04.30-13.48.54:036][  0]LogConfig: Setting CVar [[r.DOF.Scatter.MaxSpriteRatio:0.1         ; only a maximum of 10% of scattered bokeh]]
[2020.04.30-13.48.54:036][  0]LogConfig: Setting CVar [[r.DOF.Recombine.Quality:1                ; cheap slight out of focus]]
[2020.04.30-13.48.54:036][  0]LogConfig: Setting CVar [[r.DOF.Recombine.EnableBokehSettings:0    ; no bokeh simulation on slight out of focus]]
[2020.04.30-13.48.54:036][  0]LogConfig: Setting CVar [[r.DOF.TemporalAAQuality:1                ; more stable temporal accumulation]]
[2020.04.30-13.48.54:036][  0]LogConfig: Setting CVar [[r.DOF.Kernel.MaxForegroundRadius:0.025]]
[2020.04.30-13.48.54:036][  0]LogConfig: Setting CVar [[r.DOF.Kernel.MaxBackgroundRadius:0.025]]
[2020.04.30-13.48.54:036][  0]LogConfig: Applying CVar settings from Section [TextureQuality@3] File [E:/SeniorProject/PollutionProject/SeniorProject/Saved/Config/Windows/Scalability.ini]
[2020.04.30-13.48.54:036][  0]LogConfig: Setting CVar [[r.Streaming.MipBias:0]]
[2020.04.30-13.48.54:036][  0]LogConfig: Setting CVar [[r.Streaming.AmortizeCPUToGPUCopy:0]]
[2020.04.30-13.48.54:036][  0]LogConfig: Setting CVar [[r.Streaming.MaxNumTexturesToStreamPerFrame:0]]
[2020.04.30-13.48.54:036][  0]LogConfig: Setting CVar [[r.Streaming.Boost:1]]
[2020.04.30-13.48.54:036][  0]LogConfig: Setting CVar [[r.MaxAnisotropy:8]]
[2020.04.30-13.48.54:036][  0]LogConfig: Setting CVar [[r.Streaming.LimitPoolSizeToVRAM:0]]
[2020.04.30-13.48.54:036][  0]LogConfig: Setting CVar [[r.Streaming.PoolSize:1000]]
[2020.04.30-13.48.54:037][  0]LogConfig: Setting CVar [[r.Streaming.MaxEffectiveScreenSize:0]]
[2020.04.30-13.48.54:037][  0]LogConfig: Applying CVar settings from Section [EffectsQuality@3] File [E:/SeniorProject/PollutionProject/SeniorProject/Saved/Config/Windows/Scalability.ini]
[2020.04.30-13.48.54:037][  0]LogConfig: Setting CVar [[r.TranslucencyLightingVolumeDim:64]]
[2020.04.30-13.48.54:037][  0]LogConfig: Setting CVar [[r.RefractionQuality:2]]
[2020.04.30-13.48.54:037][  0]LogConfig: Setting CVar [[r.SSR.Quality:3]]
[2020.04.30-13.48.54:037][  0]LogConfig: Setting CVar [[r.SceneColorFormat:4]]
[2020.04.30-13.48.54:037][  0]LogConfig: Setting CVar [[r.DetailMode:2]]
[2020.04.30-13.48.54:037][  0]LogConfig: Setting CVar [[r.TranslucencyVolumeBlur:1]]
[2020.04.30-13.48.54:037][  0]LogConfig: Setting CVar [[r.MaterialQualityLevel:1 ; High quality]]
[2020.04.30-13.48.54:037][  0]LogConfig: Setting CVar [[r.SSS.Scale:1]]
[2020.04.30-13.48.54:037][  0]LogConfig: Setting CVar [[r.SSS.SampleSet:2]]
[2020.04.30-13.48.54:037][  0]LogConfig: Setting CVar [[r.SSS.Quality:1]]
[2020.04.30-13.48.54:037][  0]LogConfig: Setting CVar [[r.SSS.HalfRes:1]]
[2020.04.30-13.48.54:037][  0]LogConfig: Setting CVar [[r.EmitterSpawnRateScale:1.0]]
[2020.04.30-13.48.54:037][  0]LogConfig: Setting CVar [[r.ParticleLightQuality:2]]
[2020.04.30-13.48.54:037][  0]LogConfig: Applying CVar settings from Section [FoliageQuality@3] File [E:/SeniorProject/PollutionProject/SeniorProject/Saved/Config/Windows/Scalability.ini]
[2020.04.30-13.48.54:038][  0]LogConfig: Setting CVar [[foliage.DensityScale:1.0]]
[2020.04.30-13.48.54:038][  0]LogConfig: Setting CVar [[grass.DensityScale:1.0]]
[2020.04.30-13.48.54:038][  0]LogInit: Selected Device Profile: [Windows]
[2020.04.30-13.48.54:038][  0]LogInit: Applying CVar settings loaded from the selected device profile: [Windows]
[2020.04.30-13.48.54:049][  0]LogHAL: Display: Platform has ~ 16 GB [17116258304 / 17179869184 / 16], which maps to Larger [LargestMinGB=32, LargerMinGB=12, DefaultMinGB=8, SmallerMinGB=6, SmallestMinGB=0)
[2020.04.30-13.48.54:050][  0]LogConfig: Setting CVar [[r.Vulkan.UseRealUBs:0		; Required until we fix HLR fall-out]]
[2020.04.30-13.48.54:050][  0]LogInit: Going up to parent DeviceProfile []
[2020.04.30-13.48.54:050][  0]LogConfig: Applying CVar settings from Section [ViewDistanceQuality@3] File [E:/SeniorProject/PollutionProject/SeniorProject/Saved/Config/Windows/Scalability.ini]
[2020.04.30-13.48.54:050][  0]LogConfig: Setting CVar [[r.SkeletalMeshLODBias:0]]
[2020.04.30-13.48.54:050][  0]LogConfig: Setting CVar [[r.ViewDistanceScale:1.0]]
[2020.04.30-13.48.54:050][  0]LogConfig: Applying CVar settings from Section [AntiAliasingQuality@3] File [E:/SeniorProject/PollutionProject/SeniorProject/Saved/Config/Windows/Scalability.ini]
[2020.04.30-13.48.54:050][  0]LogConfig: Setting CVar [[r.PostProcessAAQuality:4]]
[2020.04.30-13.48.54:050][  0]LogConfig: Applying CVar settings from Section [ShadowQuality@3] File [E:/SeniorProject/PollutionProject/SeniorProject/Saved/Config/Windows/Scalability.ini]
[2020.04.30-13.48.54:050][  0]LogConfig: Setting CVar [[r.LightFunctionQuality:1]]
[2020.04.30-13.48.54:050][  0]LogConfig: Setting CVar [[r.ShadowQuality:5]]
[2020.04.30-13.48.54:050][  0]LogConfig: Setting CVar [[r.Shadow.CSM.MaxCascades:10]]
[2020.04.30-13.48.54:050][  0]LogConfig: Setting CVar [[r.Shadow.MaxResolution:2048]]
[2020.04.30-13.48.54:050][  0]LogConfig: Setting CVar [[r.Shadow.MaxCSMResolution:2048]]
[2020.04.30-13.48.54:050][  0]LogConfig: Setting CVar [[r.Shadow.RadiusThreshold:0.01]]
[2020.04.30-13.48.54:051][  0]LogConfig: Setting CVar [[r.Shadow.DistanceScale:1.0]]
[2020.04.30-13.48.54:051][  0]LogConfig: Setting CVar [[r.Shadow.CSM.TransitionScale:1.0]]
[2020.04.30-13.48.54:051][  0]LogConfig: Setting CVar [[r.Shadow.PreShadowResolutionFactor:1.0]]
[2020.04.30-13.48.54:051][  0]LogConfig: Setting CVar [[r.DistanceFieldShadowing:1]]
[2020.04.30-13.48.54:051][  0]LogConfig: Setting CVar [[r.DistanceFieldAO:1]]
[2020.04.30-13.48.54:051][  0]LogConfig: Setting CVar [[r.AOQuality:2]]
[2020.04.30-13.48.54:051][  0]LogConfig: Setting CVar [[r.VolumetricFog:1]]
[2020.04.30-13.48.54:051][  0]LogConfig: Setting CVar [[r.VolumetricFog.GridPixelSize:8]]
[2020.04.30-13.48.54:051][  0]LogConfig: Setting CVar [[r.VolumetricFog.GridSizeZ:128]]
[2020.04.30-13.48.54:051][  0]LogConfig: Setting CVar [[r.VolumetricFog.HistoryMissSupersampleCount:4]]
[2020.04.30-13.48.54:051][  0]LogConfig: Setting CVar [[r.LightMaxDrawDistanceScale:1]]
[2020.04.30-13.48.54:051][  0]LogConfig: Setting CVar [[r.CapsuleShadows:1]]
[2020.04.30-13.48.54:051][  0]LogConfig: Applying CVar settings from Section [PostProcessQuality@3] File [E:/SeniorProject/PollutionProject/SeniorProject/Saved/Config/Windows/Scalability.ini]
[2020.04.30-13.48.54:051][  0]LogConfig: Setting CVar [[r.MotionBlurQuality:4]]
[2020.04.30-13.48.54:051][  0]LogConfig: Setting CVar [[r.AmbientOcclusionMipLevelFactor:0.4]]
[2020.04.30-13.48.54:051][  0]LogConfig: Setting CVar [[r.AmbientOcclusionMaxQuality:100]]
[2020.04.30-13.48.54:051][  0]LogConfig: Setting CVar [[r.AmbientOcclusionLevels:-1]]
[2020.04.30-13.48.54:052][  0]LogConfig: Setting CVar [[r.AmbientOcclusionRadiusScale:1.0]]
[2020.04.30-13.48.54:052][  0]LogConfig: Setting CVar [[r.DepthOfFieldQuality:2]]
[2020.04.30-13.48.54:052][  0]LogConfig: Setting CVar [[r.RenderTargetPoolMin:400]]
[2020.04.30-13.48.54:052][  0]LogConfig: Setting CVar [[r.LensFlareQuality:2]]
[2020.04.30-13.48.54:052][  0]LogConfig: Setting CVar [[r.SceneColorFringeQuality:1]]
[2020.04.30-13.48.54:052][  0]LogConfig: Setting CVar [[r.EyeAdaptationQuality:2]]
[2020.04.30-13.48.54:052][  0]LogConfig: Setting CVar [[r.BloomQuality:5]]
[2020.04.30-13.48.54:052][  0]LogConfig: Setting CVar [[r.FastBlurThreshold:100]]
[2020.04.30-13.48.54:052][  0]LogConfig: Setting CVar [[r.Upscale.Quality:3]]
[2020.04.30-13.48.54:052][  0]LogConfig: Setting CVar [[r.Tonemapper.GrainQuantization:1]]
[2020.04.30-13.48.54:052][  0]LogConfig: Setting CVar [[r.LightShaftQuality:1]]
[2020.04.30-13.48.54:052][  0]LogConfig: Setting CVar [[r.Filter.SizeScale:1]]
[2020.04.30-13.48.54:052][  0]LogConfig: Setting CVar [[r.Tonemapper.Quality:5]]
[2020.04.30-13.48.54:052][  0]LogConfig: Setting CVar [[r.DOF.Gather.AccumulatorQuality:1        ; higher gathering accumulator quality]]
[2020.04.30-13.48.54:052][  0]LogConfig: Setting CVar [[r.DOF.Gather.PostfilterMethod:1          ; Median3x3 postfilering method]]
[2020.04.30-13.48.54:052][  0]LogConfig: Setting CVar [[r.DOF.Gather.EnableBokehSettings:0       ; no bokeh simulation when gathering]]
[2020.04.30-13.48.54:052][  0]LogConfig: Setting CVar [[r.DOF.Gather.RingCount:4                 ; medium number of samples when gathering]]
[2020.04.30-13.48.54:052][  0]LogConfig: Setting CVar [[r.DOF.Scatter.ForegroundCompositing:1    ; additive foreground scattering]]
[2020.04.30-13.48.54:052][  0]LogConfig: Setting CVar [[r.DOF.Scatter.BackgroundCompositing:2    ; additive background scattering]]
[2020.04.30-13.48.54:052][  0]LogConfig: Setting CVar [[r.DOF.Scatter.EnableBokehSettings:1      ; bokeh simulation when scattering]]
[2020.04.30-13.48.54:053][  0]LogConfig: Setting CVar [[r.DOF.Scatter.MaxSpriteRatio:0.1         ; only a maximum of 10% of scattered bokeh]]
[2020.04.30-13.48.54:053][  0]LogConfig: Setting CVar [[r.DOF.Recombine.Quality:1                ; cheap slight out of focus]]
[2020.04.30-13.48.54:053][  0]LogConfig: Setting CVar [[r.DOF.Recombine.EnableBokehSettings:0    ; no bokeh simulation on slight out of focus]]
[2020.04.30-13.48.54:053][  0]LogConfig: Setting CVar [[r.DOF.TemporalAAQuality:1                ; more stable temporal accumulation]]
[2020.04.30-13.48.54:053][  0]LogConfig: Setting CVar [[r.DOF.Kernel.MaxForegroundRadius:0.025]]
[2020.04.30-13.48.54:053][  0]LogConfig: Setting CVar [[r.DOF.Kernel.MaxBackgroundRadius:0.025]]
[2020.04.30-13.48.54:053][  0]LogConfig: Applying CVar settings from Section [TextureQuality@3] File [E:/SeniorProject/PollutionProject/SeniorProject/Saved/Config/Windows/Scalability.ini]
[2020.04.30-13.48.54:053][  0]LogConfig: Setting CVar [[r.Streaming.MipBias:0]]
[2020.04.30-13.48.54:053][  0]LogConfig: Setting CVar [[r.Streaming.AmortizeCPUToGPUCopy:0]]
[2020.04.30-13.48.54:053][  0]LogConfig: Setting CVar [[r.Streaming.MaxNumTexturesToStreamPerFrame:0]]
[2020.04.30-13.48.54:053][  0]LogConfig: Setting CVar [[r.Streaming.Boost:1]]
[2020.04.30-13.48.54:053][  0]LogConfig: Setting CVar [[r.MaxAnisotropy:8]]
[2020.04.30-13.48.54:053][  0]LogConfig: Setting CVar [[r.Streaming.LimitPoolSizeToVRAM:0]]
[2020.04.30-13.48.54:053][  0]LogConfig: Setting CVar [[r.Streaming.PoolSize:1000]]
[2020.04.30-13.48.54:053][  0]LogConfig: Setting CVar [[r.Streaming.MaxEffectiveScreenSize:0]]
[2020.04.30-13.48.54:053][  0]LogConfig: Applying CVar settings from Section [EffectsQuality@3] File [E:/SeniorProject/PollutionProject/SeniorProject/Saved/Config/Windows/Scalability.ini]
[2020.04.30-13.48.54:053][  0]LogConfig: Setting CVar [[r.TranslucencyLightingVolumeDim:64]]
[2020.04.30-13.48.54:053][  0]LogConfig: Setting CVar [[r.RefractionQuality:2]]
[2020.04.30-13.48.54:053][  0]LogConfig: Setting CVar [[r.SSR.Quality:3]]
[2020.04.30-13.48.54:053][  0]LogConfig: Setting CVar [[r.SceneColorFormat:4]]
[2020.04.30-13.48.54:054][  0]LogConfig: Setting CVar [[r.DetailMode:2]]
[2020.04.30-13.48.54:054][  0]LogConfig: Setting CVar [[r.TranslucencyVolumeBlur:1]]
[2020.04.30-13.48.54:054][  0]LogConfig: Setting CVar [[r.MaterialQualityLevel:1 ; High quality]]
[2020.04.30-13.48.54:054][  0]LogConfig: Setting CVar [[r.SSS.Scale:1]]
[2020.04.30-13.48.54:054][  0]LogConfig: Setting CVar [[r.SSS.SampleSet:2]]
[2020.04.30-13.48.54:054][  0]LogConfig: Setting CVar [[r.SSS.Quality:1]]
[2020.04.30-13.48.54:054][  0]LogConfig: Setting CVar [[r.SSS.HalfRes:1]]
[2020.04.30-13.48.54:054][  0]LogConfig: Setting CVar [[r.EmitterSpawnRateScale:1.0]]
[2020.04.30-13.48.54:054][  0]LogConfig: Setting CVar [[r.ParticleLightQuality:2]]
[2020.04.30-13.48.54:054][  0]LogConfig: Applying CVar settings from Section [FoliageQuality@3] File [E:/SeniorProject/PollutionProject/SeniorProject/Saved/Config/Windows/Scalability.ini]
[2020.04.30-13.48.54:054][  0]LogConfig: Setting CVar [[foliage.DensityScale:1.0]]
[2020.04.30-13.48.54:054][  0]LogConfig: Setting CVar [[grass.DensityScale:1.0]]
[2020.04.30-13.48.54:054][  0]LogConfig: Applying CVar settings from Section [Startup] File [../../../Engine/Config/ConsoleVariables.ini]
[2020.04.30-13.48.54:054][  0]LogConfig: Setting CVar [[net.UseAdaptiveNetUpdateFrequency:0]]
[2020.04.30-13.48.54:054][  0]LogConfig: Setting CVar [[p.chaos.AllowCreatePhysxBodies:1]]
[2020.04.30-13.48.54:055][  0]LogConfig: Applying CVar settings from Section [ConsoleVariables] File [E:/SeniorProject/PollutionProject/SeniorProject/Saved/Config/Windows/Engine.ini]
[2020.04.30-13.48.54:055][  0]LogInit: Computer: GREGSPC
[2020.04.30-13.48.54:055][  0]LogInit: User: Gregory
[2020.04.30-13.48.54:055][  0]LogInit: CPU Page size=4096, Cores=4
[2020.04.30-13.48.54:055][  0]LogInit: High frequency timer resolution =10.000000 MHz
[2020.04.30-13.48.54:055][  0]LogMemory: Memory total: Physical=15.9GB (16GB approx)
[2020.04.30-13.48.54:055][  0]LogMemory: Platform Memory Stats for Windows
[2020.04.30-13.48.54:055][  0]LogMemory: Process Physical Memory: 102.66 MB used, 102.67 MB peak
[2020.04.30-13.48.54:055][  0]LogMemory: Process Virtual Memory: 104.09 MB used, 104.09 MB peak
[2020.04.30-13.48.54:055][  0]LogMemory: Physical Memory: 9067.80 MB used,  7255.54 MB free, 16323.34 MB total
[2020.04.30-13.48.54:055][  0]LogMemory: Virtual Memory: 4670.20 MB used,  134213056.00 MB free, 134217728.00 MB total
[2020.04.30-13.48.54:261][  0]LogInit: Using OS detected language (en-US).
[2020.04.30-13.48.54:261][  0]LogInit: Using OS detected locale (en-US).
[2020.04.30-13.48.54:263][  0]LogTextLocalizationManager: No specific localization for 'en-US' exists, so the 'en' localization will be used.
[2020.04.30-13.48.54:426][  0]LogInit: Setting process to per monitor DPI aware
[2020.04.30-13.48.54:534][  0]LogSlate: New Slate User Created.  User Index 0, Is Virtual User: 0
[2020.04.30-13.48.54:534][  0]LogSlate: Slate User Registered.  User Index 0, Is Virtual User: 0
[2020.04.30-13.48.54:753][  0]LogHMD: Failed to initialize OpenVR with code 126
[2020.04.30-13.48.54:753][  0]LogD3D11RHI: D3D11 adapters:
[2020.04.30-13.48.54:872][  0]LogD3D11RHI:    0. 'NVIDIA GeForce RTX 2080' (Feature Level 11_0)
[2020.04.30-13.48.54:872][  0]LogD3D11RHI:       8010/0/8161 MB DedicatedVideo/DedicatedSystem/SharedSystem, Outputs:4, VendorId:0x10de
[2020.04.30-13.48.54:880][  0]LogD3D11RHI:    1. 'Microsoft Basic Render Driver' (Feature Level 11_0)
[2020.04.30-13.48.54:880][  0]LogD3D11RHI:       0/0/8161 MB DedicatedVideo/DedicatedSystem/SharedSystem, Outputs:0, VendorId:0x1414
[2020.04.30-13.48.54:880][  0]LogD3D11RHI: Chosen D3D11 Adapter: 0
[2020.04.30-13.48.54:891][  0]LogD3D11RHI: Creating new Direct3DDevice
[2020.04.30-13.48.54:891][  0]LogD3D11RHI:     GPU DeviceId: 0x1e87 (for the marketing name, search the web for "GPU Device Id")
[2020.04.30-13.48.54:891][  0]LogWindows: EnumDisplayDevices:
[2020.04.30-13.48.54:892][  0]LogWindows:    0. 'NVIDIA GeForce RTX 2080' (P:1 D:1)
[2020.04.30-13.48.54:892][  0]LogWindows:    1. 'NVIDIA GeForce RTX 2080' (P:0 D:1)
[2020.04.30-13.48.54:892][  0]LogWindows:    2. 'NVIDIA GeForce RTX 2080' (P:0 D:1)
[2020.04.30-13.48.54:892][  0]LogWindows:    3. 'NVIDIA GeForce RTX 2080' (P:0 D:1)
[2020.04.30-13.48.54:893][  0]LogWindows: DebugString: FoundDriverCount:4 
[2020.04.30-13.48.54:893][  0]LogD3D11RHI:     Adapter Name: NVIDIA GeForce RTX 2080
[2020.04.30-13.48.54:893][  0]LogD3D11RHI:   Driver Version: 432.00 (internal:26.21.14.3200, unified:432.00)
[2020.04.30-13.48.54:893][  0]LogD3D11RHI:      Driver Date: 7-24-2019
[2020.04.30-13.48.54:893][  0]LogRHI: Texture pool is 5607 MB (70% of 8010 MB)
[2020.04.30-13.48.54:944][  0]LogD3D11RHI: Async texture creation enabled
[2020.04.30-13.48.54:959][  0]LogRendererCore: FGlobalReadBuffer::InitRHI
[2020.04.30-13.48.54:959][  0]LogRendererCore: FGlobalReadBuffer::InitRHI
[2020.04.30-13.48.54:959][  0]LogRendererCore: FGlobalReadBuffer::InitRHI
[2020.04.30-13.48.54:973][  0]LogD3D11RHI: GPU Timing Frequency: 1000.000000 (Debug: 2 2)
[2020.04.30-13.48.55:479][  0]LogTemp: Display: Module 'AllDesktopTargetPlatform' loaded TargetPlatform 'AllDesktop'
[2020.04.30-13.48.55:501][  0]LogTemp: Display: Module 'MacClientTargetPlatform' loaded TargetPlatform 'MacClient'
[2020.04.30-13.48.55:524][  0]LogTemp: Display: Module 'MacNoEditorTargetPlatform' loaded TargetPlatform 'MacNoEditor'
[2020.04.30-13.48.55:546][  0]LogTemp: Display: Module 'MacServerTargetPlatform' loaded TargetPlatform 'MacServer'
[2020.04.30-13.48.55:577][  0]LogTemp: Display: Module 'MacTargetPlatform' loaded TargetPlatform 'Mac'
[2020.04.30-13.48.55:602][  0]LogTemp: Display: Module 'WindowsClientTargetPlatform' loaded TargetPlatform 'WindowsClient'
[2020.04.30-13.48.55:625][  0]LogTemp: Display: Module 'WindowsNoEditorTargetPlatform' loaded TargetPlatform 'WindowsNoEditor'
[2020.04.30-13.48.55:665][  0]LogTemp: Display: Module 'WindowsServerTargetPlatform' loaded TargetPlatform 'WindowsServer'
[2020.04.30-13.48.55:684][  0]LogTemp: Display: Module 'WindowsTargetPlatform' loaded TargetPlatform 'Windows'
[2020.04.30-13.48.55:763][  0]LogTemp: Display: Module 'AndroidTargetPlatform' loaded TargetPlatform 'Android'
[2020.04.30-13.48.55:763][  0]LogTemp: Display: Module 'AndroidTargetPlatform' loaded TargetPlatform 'Android_ASTC'
[2020.04.30-13.48.55:763][  0]LogTemp: Display: Module 'AndroidTargetPlatform' loaded TargetPlatform 'Android_ATC'
[2020.04.30-13.48.55:763][  0]LogTemp: Display: Module 'AndroidTargetPlatform' loaded TargetPlatform 'Android_DXT'
[2020.04.30-13.48.55:763][  0]LogTemp: Display: Module 'AndroidTargetPlatform' loaded TargetPlatform 'Android_ETC1'
[2020.04.30-13.48.55:764][  0]LogTemp: Display: Module 'AndroidTargetPlatform' loaded TargetPlatform 'Android_ETC1a'
[2020.04.30-13.48.55:764][  0]LogTemp: Display: Module 'AndroidTargetPlatform' loaded TargetPlatform 'Android_ETC2'
[2020.04.30-13.48.55:764][  0]LogTemp: Display: Module 'AndroidTargetPlatform' loaded TargetPlatform 'Android_PVRTC'
[2020.04.30-13.48.55:764][  0]LogTemp: Display: Module 'AndroidTargetPlatform' loaded TargetPlatform 'AndroidClient'
[2020.04.30-13.48.55:764][  0]LogTemp: Display: Module 'AndroidTargetPlatform' loaded TargetPlatform 'Android_ASTCClient'
[2020.04.30-13.48.55:764][  0]LogTemp: Display: Module 'AndroidTargetPlatform' loaded TargetPlatform 'Android_ATCClient'
[2020.04.30-13.48.55:764][  0]LogTemp: Display: Module 'AndroidTargetPlatform' loaded TargetPlatform 'Android_DXTClient'
[2020.04.30-13.48.55:764][  0]LogTemp: Display: Module 'AndroidTargetPlatform' loaded TargetPlatform 'Android_ETC1Client'
[2020.04.30-13.48.55:764][  0]LogTemp: Display: Module 'AndroidTargetPlatform' loaded TargetPlatform 'Android_ETC1aClient'
[2020.04.30-13.48.55:764][  0]LogTemp: Display: Module 'AndroidTargetPlatform' loaded TargetPlatform 'Android_ETC2Client'
[2020.04.30-13.48.55:764][  0]LogTemp: Display: Module 'AndroidTargetPlatform' loaded TargetPlatform 'Android_PVRTCClient'
[2020.04.30-13.48.55:764][  0]LogTemp: Display: Module 'AndroidTargetPlatform' loaded TargetPlatform 'Android_Multi'
[2020.04.30-13.48.55:764][  0]LogTemp: Display: Module 'AndroidTargetPlatform' loaded TargetPlatform 'Android_MultiClient'
[2020.04.30-13.48.55:772][  0]LogTemp: Display: Module 'HTML5TargetPlatform' loaded TargetPlatform 'HTML5'
[2020.04.30-13.48.55:867][  0]LogTemp: Display: Module 'IOSTargetPlatform' loaded TargetPlatform 'IOSClient'
[2020.04.30-13.48.55:868][  0]LogTemp: Display: Module 'IOSTargetPlatform' loaded TargetPlatform 'IOS'
[2020.04.30-13.48.55:896][  0]LogTemp: Display: Module 'TVOSTargetPlatform' loaded TargetPlatform 'TVOSClient'
[2020.04.30-13.48.55:896][  0]LogTemp: Display: Module 'TVOSTargetPlatform' loaded TargetPlatform 'TVOS'
[2020.04.30-13.48.55:914][  0]LogTemp: Display: Module 'LinuxClientTargetPlatform' loaded TargetPlatform 'LinuxClient'
[2020.04.30-13.48.55:930][  0]LogTemp: Display: Module 'LinuxNoEditorTargetPlatform' loaded TargetPlatform 'LinuxNoEditor'
[2020.04.30-13.48.55:947][  0]LogTemp: Display: Module 'LinuxServerTargetPlatform' loaded TargetPlatform 'LinuxServer'
[2020.04.30-13.48.55:963][  0]LogTemp: Display: Module 'LinuxTargetPlatform' loaded TargetPlatform 'Linux'
[2020.04.30-13.48.56:009][  0]LogTemp: Display: Module 'LuminTargetPlatform' loaded TargetPlatform 'Lumin'
[2020.04.30-13.48.56:009][  0]LogTemp: Display: Module 'LuminTargetPlatform' loaded TargetPlatform 'LuminClient'
[2020.04.30-13.48.56:009][  0]LogTargetPlatformManager: Display: Building Assets For Windows
[2020.04.30-13.48.56:068][  0]LogAudioDebug: Display: Lib vorbis DLL was dynamically loaded.
[2020.04.30-13.48.56:442][  0]LogShaderCompilers: Guid format shader working directory is 0 characters bigger than the processId version (E:/SeniorProject/PollutionProject/SeniorProject/Intermediate/Shaders/WorkingDirectory/22240/).
[2020.04.30-13.48.56:442][  0]LogShaderCompilers: Cleaned the shader compiler working directory 'C:/Users/Gregory/AppData/Local/Temp/UnrealShaderWorkingDir/9D79EC944B2AA04D6766C49F31E73E32/'.
[2020.04.30-13.48.56:445][  0]LogXGEController: Cleaning working directory: C:/Users/Gregory/AppData/Local/Temp/UnrealXGEWorkingDir/
[2020.04.30-13.48.56:445][  0]LogXGEController: Cannot use XGE Controller as Incredibuild is not installed on this machine.
[2020.04.30-13.48.56:445][  0]LogShaderCompilers: Cannot use XGE Shader Compiler as Incredibuild is not installed on this machine.
[2020.04.30-13.48.56:445][  0]LogShaderCompilers: Display: Using Local Shader Compiler.
[2020.04.30-13.48.56:968][  0]LogDerivedDataCache: Display: Max Cache Size: 512 MB
[2020.04.30-13.48.57:024][  0]LogDerivedDataCache: Loaded boot cache 0.06s 73MB C:/Users/Gregory/AppData/Local/UnrealEngine/4.22/DerivedDataCache/Boot.ddc.
[2020.04.30-13.48.57:024][  0]LogDerivedDataCache: Display: Loaded Boot cache: C:/Users/Gregory/AppData/Local/UnrealEngine/4.22/DerivedDataCache/Boot.ddc
[2020.04.30-13.48.57:024][  0]LogDerivedDataCache: FDerivedDataBackendGraph:  Pak pak cache file E:/SeniorProject/PollutionProject/SeniorProject/DerivedDataCache/DDC.ddp not found, will not use a pak cache.
[2020.04.30-13.48.57:024][  0]LogDerivedDataCache: Unable to find inner node Pak for hierarchical cache Hierarchy.
[2020.04.30-13.48.57:024][  0]LogDerivedDataCache: FDerivedDataBackendGraph:  CompressedPak pak cache file E:/SeniorProject/PollutionProject/SeniorProject/DerivedDataCache/Compressed.ddp not found, will not use a pak cache.
[2020.04.30-13.48.57:025][  0]LogDerivedDataCache: Unable to find inner node CompressedPak for hierarchical cache Hierarchy.
[2020.04.30-13.48.57:035][  0]LogDerivedDataCache: Display: Pak cache opened for reading ../../../Engine/DerivedDataCache/Compressed.ddp.
[2020.04.30-13.48.57:038][  0]LogDerivedDataCache: Display: Pak cache opened for reading ../../../Enterprise/DerivedDataCache/Compressed.ddp.
[2020.04.30-13.48.57:051][  0]LogDerivedDataCache: Using Local data cache path C:/Users/Gregory/AppData/Local/UnrealEngine/Common/DerivedDataCache: Writable
[2020.04.30-13.48.57:052][  0]LogDerivedDataCache: Shared data cache path not found in *engine.ini, will not use an Shared cache.
[2020.04.30-13.48.57:052][  0]LogDerivedDataCache: Unable to find inner node Shared for hierarchical cache Hierarchy.
[2020.04.30-13.48.57:073][  0]LogMaterial: Verifying Global Shaders for PCD3D_SM5
[2020.04.30-13.48.57:074][  0]LogSlate: Using FreeType 2.6.0
[2020.04.30-13.48.57:075][  0]LogSlate: SlateFontServices - WITH_FREETYPE: 1, WITH_HARFBUZZ: 1
[2020.04.30-13.48.57:153][  0]LogAssetRegistry: FAssetRegistry took 0.0352 seconds to start up
[2020.04.30-13.48.57:504][  0]LogInit: Selected Device Profile: [Windows]
[2020.04.30-13.48.57:773][  0]LogMeshReduction: Using QuadricMeshReduction for automatic static mesh reduction
[2020.04.30-13.48.57:773][  0]LogMeshReduction: Using SimplygonMeshReduction for automatic skeletal mesh reduction
[2020.04.30-13.48.57:773][  0]LogMeshReduction: Using ProxyLODMeshReduction for automatic mesh merging
[2020.04.30-13.48.57:774][  0]LogMeshReduction: No distributed automatic mesh merging module available
[2020.04.30-13.48.57:774][  0]LogMeshMerging: No distributed automatic mesh merging module available
[2020.04.30-13.48.57:783][  0]LogNetVersion: SeniorProject 1.0.0, NetCL: 5660361, EngineNetVer: 10, GameNetVer: 0 (Checksum: 993350713)
[2020.04.30-13.48.58:139][  0]LogPackageLocalizationCache: Processed 16 localized package path(s) for 1 prioritized culture(s) in 0.054445 seconds
[2020.04.30-13.48.58:145][  0]LogUObjectArray: 42205 objects as part of root set at end of initial load.
[2020.04.30-13.48.58:146][  0]LogUObjectAllocator: 7325032 out of 0 bytes used by permanent object pool.
[2020.04.30-13.48.58:146][  0]LogUObjectArray: CloseDisregardForGC: 0/0 objects in disregard for GC pool
[2020.04.30-13.49.00:091][  0]LogTcpMessaging: Initializing TcpMessaging bridge
[2020.04.30-13.49.00:135][  0]LogUdpMessaging: Initializing bridge on interface 0.0.0.0:0 to multicast group 230.0.0.1:6666.
[2020.04.30-13.49.00:490][  0]LogOutputDevice: Error: Ensure condition failed: AttachmentRules.LocationRule == EAttachmentRule::KeepRelative && AttachmentRules.RotationRule == EAttachmentRule::KeepRelative && AttachmentRules.ScaleRule == EAttachmentRule::KeepRelative [File:D:\Build\++UE4\Sync\Engine\Source\Runtime\Engine\Private\Components\SceneComponent.cpp] [Line: 1786] 
AttachToComponent when called from a constructor is only setting up attachment and will always be treated as KeepRelative. Consider calling SetupAttachment directly instead.

[2020.04.30-13.49.00:491][  0]LogStats:             FDebug::EnsureFailed -  0.000 s
[2020.04.30-13.49.02:947][  0]SourceControl: Source control is disabled
[2020.04.30-13.49.04:998][  0]LogAndroidPermission: UAndroidPermissionCallbackProxy::GetInstance
[2020.04.30-13.49.05:535][  0]LogOcInput: OculusInput pre-init called
[2020.04.30-13.49.07:958][  0]LogWindows: Failed to load 'libalias_api.dll' (GetLastError=126)
[2020.04.30-13.49.07:958][  0]LogWindows: File 'libalias_api.dll' does not exist
[2020.04.30-13.49.07:960][  0]LogWindows: Failed to load 'libalias_api.dll' (GetLastError=126)
[2020.04.30-13.49.07:960][  0]LogWindows: File 'libalias_api.dll' does not exist
[2020.04.30-13.49.08:193][  0]LogEngine: Initializing Engine...
[2020.04.30-13.49.08:234][  0]LogHMD: Failed to initialize OpenVR with code 126
[2020.04.30-13.49.08:235][  0]LogStats: UGameplayTagsManager::InitializeManager -  0.000 s
[2020.04.30-13.49.08:437][  0]LogInit: Initializing FReadOnlyCVARCache
[2020.04.30-13.49.08:478][  0]LogAIModule: Creating AISystem for world Untitled
[2020.04.30-13.49.08:697][  0]LogInit: XAudio2 using 'Headset Earphone (2- Corsair HS70 Wireless Gaming Headset)' : 2 channels at 48 kHz using 16 bits per sample (channel mask 0x3)
[2020.04.30-13.49.08:727][  0]LogInit: FAudioDevice initialized.
[2020.04.30-13.49.08:727][  0]LogNetVersion: Set ProjectVersion to 1.0.0.0. Version Checksum will be recalculated on next use.
[2020.04.30-13.49.08:924][  0]LogDerivedDataCache: Saved boot cache 0.20s 73MB C:/Users/Gregory/AppData/Local/UnrealEngine/4.22/DerivedDataCache/Boot.ddc.
[2020.04.30-13.49.08:934][  0]LogInit: Texture streaming: Enabled
[2020.04.30-13.49.09:046][  0]LogEngineSessionManager: EngineSessionManager initialized
[2020.04.30-13.49.09:046][  0]LogEngineSessionManager: EngineSessionManager sent abnormal shutdown report. Type=Debugger, SessionId={34E215D2-469B-0333-89EC-228EDDF8327E}
[2020.04.30-13.49.09:046][  0]LogEngineSessionManager: EngineSessionManager sent abnormal shutdown report. Type=Debugger, SessionId={5AA4C724-49EC-39FC-8CB2-4FABD465078F}
[2020.04.30-13.49.09:117][  0]LogInit: Transaction tracking system initialized
[2020.04.30-13.49.09:273][  0]BlueprintLog: New page: Editor Load
[2020.04.30-13.49.10:091][  0]LocalizationService: Localization service is disabled
[2020.04.30-13.49.10:738][  0]LogFileCache: Scanning file cache for directory 'E:/SeniorProject/PollutionProject/SeniorProject/Content/' took 0.02s
[2020.04.30-13.49.10:738][  0]LogCook: Display: Max memory allowance for cook 16384mb min free memory 0mb
[2020.04.30-13.49.10:739][  0]LogCook: Display: Mobile HDR setting 1
[2020.04.30-13.49.12:943][  0]Cmd: MAP LOAD FILE="E:/SeniorProject/PollutionProject/SeniorProject/Content/Levels/GreyBoxLVL4.umap" TEMPLATE=0 SHOWPROGRESS=1 FEATURELEVEL=3
[2020.04.30-13.49.12:944][  0]LightingResults: New page: Lighting Build
[2020.04.30-13.49.12:949][  0]MapCheck: New page: Map Check
[2020.04.30-13.49.12:949][  0]LightingResults: New page: Lighting Build
[2020.04.30-13.49.12:972][  0]LogUObjectHash: Compacting FUObjectHashTables data took   1.57ms
[2020.04.30-13.49.13:819][  0]LogLinker: Warning: Asset 'E:/SeniorProject/PollutionProject/SeniorProject/Content/Materials/MF_ConvolveTexture.uasset' has been saved with empty engine version. The asset will be loaded but may be incompatible.
[2020.04.30-13.49.13:820][  0]LogLinker: Warning: Asset 'E:/SeniorProject/PollutionProject/SeniorProject/Content/Materials/MF_ExtractDepth.uasset' has been saved with empty engine version. The asset will be loaded but may be incompatible.
[2020.04.30-13.49.13:821][  0]LogLinker: Warning: Asset 'E:/SeniorProject/PollutionProject/SeniorProject/Content/Materials/MF_SampleSceneTextureNeighbourUVs.uasset' has been saved with empty engine version. The asset will be loaded but may be incompatible.
[2020.04.30-13.49.15:905][  0]LogAIModule: Creating AISystem for world GreyBoxLVL4
[2020.04.30-13.49.17:655][  0]LogEditorServer: Finished looking for orphan Actors (0.000 secs)
[2020.04.30-13.49.17:847][  0]LogUObjectHash: Compacting FUObjectHashTables data took   5.08ms
[2020.04.30-13.49.17:847][  0]Cmd: MAP CHECKDEP NOCLEARLOG
[2020.04.30-13.49.17:848][  0]MapCheck: Map check complete: 0 Error(s), 0 Warning(s), took 0.815ms to complete.
[2020.04.30-13.49.17:848][  0]LogFileHelpers: Loading map 'GreyBoxLVL4' took 4.905
[2020.04.30-13.49.18:026][  0]LogSlate: Updating window title bar state: overlay mode, drag disabled, window buttons hidden, title bar hidden
[2020.04.30-13.49.18:036][  0]LogSlate: Updating window title bar state: overlay mode, drag disabled, window buttons hidden, title bar hidden
[2020.04.30-13.49.18:045][  0]LogSlate: Updating window title bar state: overlay mode, drag disabled, window buttons hidden, title bar hidden
[2020.04.30-13.49.18:055][  0]LogSlate: Updating window title bar state: overlay mode, drag disabled, window buttons hidden, title bar hidden
[2020.04.30-13.49.18:080][  0]LogCollectionManager: Loaded 0 collections in 0.003627 seconds
[2020.04.30-13.49.18:117][  0]LogFileCache: Scanning file cache for directory 'E:/SeniorProject/PollutionProject/SeniorProject/Saved/Collections/' took 0.01s
[2020.04.30-13.49.18:117][  0]LogFileCache: Scanning file cache for directory 'E:/SeniorProject/PollutionProject/SeniorProject/Content/Developers/Gregory/Collections/' took 0.00s
[2020.04.30-13.49.18:117][  0]LogFileCache: Scanning file cache for directory 'E:/SeniorProject/PollutionProject/SeniorProject/Content/Collections/' took 0.01s
[2020.04.30-13.49.18:117][  0]LogCollectionManager: Rebuilt the GUID cache for 0 collections in 0.000001 seconds
[2020.04.30-13.49.18:128][  0]LogContentBrowser: Native class hierarchy populated in 0.0103 seconds. Added 2876 classes and 729 folders.
[2020.04.30-13.49.18:138][  0]LogContentBrowser: Native class hierarchy updated for 'WidgetCarousel' in 0.0003 seconds. Added 0 classes and 0 folders.
[2020.04.30-13.49.18:140][  0]LogPakFile: Registered encryption key '00000000000000000000000000000000': 0 pak files mounted, 0 remain pending
[2020.04.30-13.49.18:141][  0]LogPakFile: Registered encryption key '00000000000000000000000000000000': 0 pak files mounted, 0 remain pending
[2020.04.30-13.49.18:142][  0]LogPakFile: Registered encryption key '00000000000000000000000000000000': 0 pak files mounted, 0 remain pending
[2020.04.30-13.49.18:142][  0]LogPakFile: Registered encryption key '00000000000000000000000000000000': 0 pak files mounted, 0 remain pending
[2020.04.30-13.49.18:143][  0]LogPakFile: Registered encryption key '00000000000000000000000000000000': 0 pak files mounted, 0 remain pending
[2020.04.30-13.49.18:143][  0]LogPakFile: Registered encryption key '00000000000000000000000000000000': 0 pak files mounted, 0 remain pending
[2020.04.30-13.49.18:144][  0]LogPakFile: Registered encryption key '00000000000000000000000000000000': 0 pak files mounted, 0 remain pending
[2020.04.30-13.49.18:144][  0]LogPakFile: Registered encryption key '00000000000000000000000000000000': 0 pak files mounted, 0 remain pending
[2020.04.30-13.49.18:145][  0]LogPakFile: Registered encryption key '00000000000000000000000000000000': 0 pak files mounted, 0 remain pending
[2020.04.30-13.49.18:146][  0]LogPakFile: Registered encryption key '00000000000000000000000000000000': 0 pak files mounted, 0 remain pending
[2020.04.30-13.49.18:147][  0]LogPakFile: Registered encryption key '00000000000000000000000000000000': 0 pak files mounted, 0 remain pending
[2020.04.30-13.49.18:147][  0]LogPakFile: Registered encryption key '00000000000000000000000000000000': 0 pak files mounted, 0 remain pending
[2020.04.30-13.49.18:148][  0]LogPakFile: Registered encryption key '00000000000000000000000000000000': 0 pak files mounted, 0 remain pending
[2020.04.30-13.49.18:149][  0]LogPakFile: Registered encryption key '00000000000000000000000000000000': 0 pak files mounted, 0 remain pending
[2020.04.30-13.49.18:150][  0]LogPakFile: Registered encryption key '00000000000000000000000000000000': 0 pak files mounted, 0 remain pending
[2020.04.30-13.49.18:150][  0]LogPakFile: Registered encryption key '00000000000000000000000000000000': 0 pak files mounted, 0 remain pending
[2020.04.30-13.49.18:151][  0]LogPakFile: Registered encryption key '00000000000000000000000000000000': 0 pak files mounted, 0 remain pending
[2020.04.30-13.49.18:151][  0]LogPakFile: Registered encryption key '00000000000000000000000000000000': 0 pak files mounted, 0 remain pending
[2020.04.30-13.49.18:152][  0]LogPakFile: Registered encryption key '00000000000000000000000000000000': 0 pak files mounted, 0 remain pending
[2020.04.30-13.49.18:153][  0]LogPakFile: Registered encryption key '00000000000000000000000000000000': 0 pak files mounted, 0 remain pending
[2020.04.30-13.49.18:153][  0]LogPakFile: Registered encryption key '00000000000000000000000000000000': 0 pak files mounted, 0 remain pending
[2020.04.30-13.49.18:154][  0]LogPakFile: Registered encryption key '00000000000000000000000000000000': 0 pak files mounted, 0 remain pending
[2020.04.30-13.49.18:154][  0]LogPakFile: Registered encryption key '00000000000000000000000000000000': 0 pak files mounted, 0 remain pending
[2020.04.30-13.49.18:155][  0]LogPakFile: Registered encryption key '00000000000000000000000000000000': 0 pak files mounted, 0 remain pending
[2020.04.30-13.49.18:156][  0]LogPakFile: Registered encryption key '00000000000000000000000000000000': 0 pak files mounted, 0 remain pending
[2020.04.30-13.49.18:156][  0]LogPakFile: Registered encryption key '00000000000000000000000000000000': 0 pak files mounted, 0 remain pending
[2020.04.30-13.49.18:157][  0]LogPakFile: Registered encryption key '00000000000000000000000000000000': 0 pak files mounted, 0 remain pending
[2020.04.30-13.49.18:158][  0]LogPakFile: Registered encryption key '00000000000000000000000000000000': 0 pak files mounted, 0 remain pending
[2020.04.30-13.49.18:195][  0]LogContentBrowser: Native class hierarchy updated for 'AddContentDialog' in 0.0005 seconds. Added 0 classes and 0 folders.
[2020.04.30-13.49.18:200][  0]LogContentBrowser: Native class hierarchy updated for 'SceneOutliner' in 0.0004 seconds. Added 1 classes and 0 folders.
[2020.04.30-13.49.18:258][  0]LogSlate: Took 0.000180 seconds to synchronously load lazily loaded font '../../../Engine/Content/Slate/Fonts/Roboto-Regular.ttf' (155K)
[2020.04.30-13.49.18:261][  0]LogSlate: Took 0.000188 seconds to synchronously load lazily loaded font '../../../Engine/Content/Slate/Fonts/Roboto-Bold.ttf' (160K)
[2020.04.30-13.49.18:269][  0]LogSlate: Took 0.000235 seconds to synchronously load lazily loaded font '../../../Engine/Content/Editor/Slate/Fonts/FontAwesome.ttf' (139K)
[2020.04.30-13.49.18:344][  0]LogRenderer: Reallocating scene render targets to support 1204x508 Format 10 NumSamples 1 (Frame:1).
[2020.04.30-13.49.18:425][  0]LogStaticMesh: Allocated 512x403x64 distance field atlas = 25.2Mb, with 182 objects containing 22.7Mb backing data
[2020.04.30-13.49.18:796][  0]LogContentBrowser: Native class hierarchy updated for 'HierarchicalLODOutliner' in 0.0004 seconds. Added 0 classes and 0 folders.
[2020.04.30-13.49.18:797][  0]LogLoad: (Engine Initialization) Total time: 27.99 seconds
[2020.04.30-13.49.18:797][  0]LogLoad: (Engine Initialization) Total Blueprint compile time: 0.00 seconds
[2020.04.30-13.49.18:879][  0]LogContentStreaming: Texture pool size now 1000 MB
[2020.04.30-13.49.18:916][  0]LogSlate: Took 0.000128 seconds to synchronously load lazily loaded font '../../../Engine/Content/Slate/Fonts/Roboto-Light.ttf' (167K)
[2020.04.30-13.49.18:988][  1]LogAssetRegistry: Asset discovery search completed in 21.8593 seconds
[2020.04.30-13.49.18:993][  1]LogCollectionManager: Rebuilt the object cache for 0 collections in 0.000001 seconds (found 0 objects)
[2020.04.30-13.49.18:993][  1]LogCollectionManager: Fixed up redirectors for 0 collections in 0.000329 seconds (updated 0 objects)
[2020.04.30-13.49.23:948][387]LogFileCache: Retrieving MD5 hashes for directory 'E:/SeniorProject/PollutionProject/SeniorProject/Content/' took 5.12s
[2020.04.30-13.49.25:954][594]LogSlate: FSceneViewport::OnFocusLost() reason 0
[2020.04.30-13.49.26:097][610]LogTemp: Repeating last play command: Selected Viewport
[2020.04.30-13.49.26:121][610]LogBlueprintUserMessages: Early PlayInEditor Detection: Level '/Game/Levels/GreyBoxLVL4.GreyBoxLVL4:PersistentLevel' has LevelScriptBlueprint '/Game/Levels/GreyBoxLVL4.GreyBoxLVL4:PersistentLevel.GreyBoxLVL4' with GeneratedClass '/Game/Levels/GreyBoxLVL4.GreyBoxLVL4_C' with ClassGeneratedBy '/Game/Levels/GreyBoxLVL4.GreyBoxLVL4:PersistentLevel.GreyBoxLVL4'
[2020.04.30-13.49.26:122][610]LogPlayLevel: PlayLevel: No blueprints needed recompiling
[2020.04.30-13.49.26:122][610]PIE: New page: PIE session: GreyBoxLVL4 (Apr 30, 2020, 5:49:26 AM)
[2020.04.30-13.49.26:136][610]LogPlayLevel: Creating play world package: /Game/Levels/UEDPIE_0_GreyBoxLVL4
[2020.04.30-13.49.26:574][610]LogPlayLevel: PIE: StaticDuplicateObject took: (0.438015s)
[2020.04.30-13.49.26:575][610]LogAIModule: Creating AISystem for world GreyBoxLVL4
[2020.04.30-13.49.26:575][610]LogPlayLevel: PIE: World Init took: (0.000694s)
[2020.04.30-13.49.26:576][610]LogPlayLevel: PIE: Created PIE world by copying editor world from /Game/Levels/GreyBoxLVL4.GreyBoxLVL4 to /Game/Levels/UEDPIE_0_GreyBoxLVL4.GreyBoxLVL4 (0.440022s)
[2020.04.30-13.49.26:601][610]LogUObjectHash: Compacting FUObjectHashTables data took   1.66ms
[2020.04.30-13.49.26:743][610]LogInit: XAudio2 using 'Headset Earphone (2- Corsair HS70 Wireless Gaming Headset)' : 2 channels at 48 kHz using 16 bits per sample (channel mask 0x3)
[2020.04.30-13.49.26:759][610]LogInit: FAudioDevice initialized.
[2020.04.30-13.49.26:818][610]LogLoad: Game class is 'FirstPersonGameMode_C'
[2020.04.30-13.49.27:083][610]LogWorld: Bringing World /Game/Levels/UEDPIE_0_GreyBoxLVL4.GreyBoxLVL4 up for play (max tick rate 0) at 2020.04.30-09.49.27
[2020.04.30-13.49.27:158][610]LogWorld: Bringing up level for play took: 0.338646
[2020.04.30-13.49.27:178][610]LogContentBrowser: Native class hierarchy updated for 'MovieSceneCapture' in 0.0005 seconds. Added 20 classes and 0 folders.
[2020.04.30-13.49.27:179][610]LogScript: Warning: Script Msg: Attempted to access index 0 from array 'CallFunc_GetAllActorsOfClass_OutActors' of length 0 in '/Game/BP/Checkpoint.Checkpoint_C:ExecuteUbergraph_Checkpoint'!
[2020.04.30-13.49.27:180][610]LogScript: Warning: Script Msg: Attempted to access index 0 from array 'CallFunc_GetAllActorsOfClass_OutActors' of length 0 in '/Game/BP/Checkpoint.Checkpoint_C:ExecuteUbergraph_Checkpoint'!
[2020.04.30-13.49.27:180][610]LogScript: Warning: Script Msg: Attempted to access index 0 from array 'CallFunc_GetAllActorsOfClass_OutActors' of length 0 in '/Game/BP/OutroTrigger.OutroTrigger_C:ExecuteUbergraph_OutroTrigger'!
[2020.04.30-13.49.27:182][610]LogScript: Warning: Script Msg: Attempted to access index 0 from array 'CallFunc_GetAllActorsOfClass_OutActors' of length 0 in '/Game/Materials/FinishStopper.FinishStopper_C:ExecuteUbergraph_FinishStopper'!
[2020.04.30-13.49.27:186][610]PIE: Play in editor start time for /Game/Levels/UEDPIE_0_GreyBoxLVL4 0.972
[2020.04.30-13.49.27:187][610]LogBlueprintUserMessages: Late PlayInEditor Detection: Level '/Game/Levels/GreyBoxLVL4.GreyBoxLVL4:PersistentLevel' has LevelScriptBlueprint '/Game/Levels/GreyBoxLVL4.GreyBoxLVL4:PersistentLevel.GreyBoxLVL4' with GeneratedClass '/Game/Levels/GreyBoxLVL4.GreyBoxLVL4_C' with ClassGeneratedBy '/Game/Levels/GreyBoxLVL4.GreyBoxLVL4:PersistentLevel.GreyBoxLVL4'
[2020.04.30-13.49.30:067][835]LogSlate: FSceneViewport::OnFocusLost() reason 2
[2020.04.30-13.50.17:545][516]PIE: Warning: Mobility of /Game/Levels/UEDPIE_0_GreyBoxLVL4.GreyBoxLVL4:PersistentLevel.LighthouseInfo_2 : StaticMeshComponent0 has to be 'Movable' if you'd like to move. 
[2020.04.30-13.50.17:545][516]PIE: Warning: Mobility of /Game/Levels/UEDPIE_0_GreyBoxLVL4.GreyBoxLVL4:PersistentLevel.LighthouseInfo_2 : StaticMeshComponent0 has to be 'Movable' if you'd like to move. 
[2020.04.30-13.51.18:871][702]LogUnrealEdMisc: Warning: Heartbeat event firing too frequently (50.901 sec). This should never happen. Something is wrong with the timer delegate!
[2020.04.30-13.51.30:713][ 23]PIE: Warning: Mobility of /Game/Levels/UEDPIE_0_GreyBoxLVL4.GreyBoxLVL4:PersistentLevel.LighthouseInfo_2 : StaticMeshComponent0 has to be 'Movable' if you'd like to move. 
[2020.04.30-13.51.30:714][ 23]PIE: Warning: Mobility of /Game/Levels/UEDPIE_0_GreyBoxLVL4.GreyBoxLVL4:PersistentLevel.LighthouseInfo_2 : StaticMeshComponent0 has to be 'Movable' if you'd like to move. 
[2020.04.30-13.51.39:651][ 26]LogSlate: FSceneViewport::OnFocusLost() reason 0
[2020.04.30-13.51.43:868][104]PIE: Warning: Mobility of /Game/Levels/UEDPIE_0_GreyBoxLVL4.GreyBoxLVL4:PersistentLevel.LighthouseInfo_2 : StaticMeshComponent0 has to be 'Movable' if you'd like to move. 
[2020.04.30-13.51.43:868][104]PIE: Warning: Mobility of /Game/Levels/UEDPIE_0_GreyBoxLVL4.GreyBoxLVL4:PersistentLevel.LighthouseInfo_2 : StaticMeshComponent0 has to be 'Movable' if you'd like to move. 
[2020.04.30-13.52.04:984][621]PIE: Warning: Mobility of /Game/Levels/UEDPIE_0_GreyBoxLVL4.GreyBoxLVL4:PersistentLevel.LighthouseInfo3 : StaticMeshComponent0 has to be 'Movable' if you'd like to move. 
[2020.04.30-13.52.04:984][621]PIE: Warning: Mobility of /Game/Levels/UEDPIE_0_GreyBoxLVL4.GreyBoxLVL4:PersistentLevel.LighthouseInfo3 : StaticMeshComponent0 has to be 'Movable' if you'd like to move. 
[2020.04.30-13.52.15:223][337]LogScript: Warning: Attempted to access FloatingXButton15 via property Xbutton, but FloatingXButton15 is pending kill
	BoxInteraction_C /Game/Levels/UEDPIE_0_GreyBoxLVL4.GreyBoxLVL4:PersistentLevel.BoxInteraction
	Function /Game/Cinematics/BoxInteraction.BoxInteraction_C:ExecuteUbergraph_BoxInteraction:006F
[2020.04.30-13.52.15:223][337]PIE: Error: Blueprint Runtime Error: "Attempted to access FloatingXButton15 via property Xbutton, but FloatingXButton15 is pending kill". Blueprint:  BoxInteraction Function:  Execute Ubergraph Box Interaction Graph:  EventGraph Node:  DestroyActor
[2020.04.30-13.53.02:824][184]LogSlate: FSceneViewport::OnFocusLost() reason 2
[2020.04.30-13.53.11:103][459]LogSlate: FSceneViewport::OnFocusLost() reason 2
[2020.04.30-13.53.12:337][511]LogEditorViewport: Clicking on Actor (context menu): StaticMeshActor (LobsterTrap_001A9)
[2020.04.30-13.53.12:462][511]LogSlate: FSceneViewport::OnFocusLost() reason 2
[2020.04.30-13.53.13:242][573]LogEditorViewport: Clicking on Actor (LMB): StaticMeshActor (LobsterTrap_001A9)
[2020.04.30-13.53.15:078][646]LogEditorViewport: Clicking on Actor (LMB): StaticMeshActor (N15)
[2020.04.30-13.53.27:997][302]LogSlate: FSceneViewport::OnFocusLost() reason 0
[2020.04.30-13.53.29:012][366]LogSlate: FSceneViewport::OnFocusLost() reason 0
[2020.04.30-13.53.34:649][553]LogSlate: FSceneViewport::OnFocusLost() reason 0
[2020.04.30-13.53.45:596][184]LogSlate: FSceneViewport::OnFocusLost() reason 2
[2020.04.30-13.54.16:332][438]LogSlate: FSceneViewport::OnFocusLost() reason 2
[2020.04.30-13.54.40:326][592]LogSlate: FSceneViewport::OnFocusLost() reason 2
[2020.04.30-13.54.42:300][735]LogSlate: FSceneViewport::OnFocusLost() reason 2
[2020.04.30-13.54.43:919][853]LogSlate: FSceneViewport::OnFocusLost() reason 2
[2020.04.30-13.54.46:444][ 40]LogEditorViewport: Clicking on Actor (LMB): StaticMeshActor (N15)
[2020.04.30-13.54.47:521][105]LogSlate: FSceneViewport::OnFocusLost() reason 0
[2020.04.30-13.55.19:632][530]LogEditorViewport: Clicking on Actor (LMB): Wood_04_Dock37_Blueprint_C (Wood_04_Dock37_Blueprint250)
[2020.04.30-13.55.21:357][593]LogSlate: FSceneViewport::OnFocusLost() reason 0
[2020.04.30-13.56.13:848][785]LogSlate: FSceneViewport::OnFocusLost() reason 2
[2020.04.30-13.56.16:587][935]LogSlate: FSceneViewport::OnFocusLost() reason 0
[2020.04.30-13.56.16:764][938]LogNet: Browse: /Game/Levels/MainMenu
[2020.04.30-13.56.16:806][938]LogLoad: LoadMap: /Game/Levels/MainMenu
[2020.04.30-13.56.17:050][938]LogUObjectHash: Compacting FUObjectHashTables data took   4.22ms
[2020.04.30-13.56.17:986][938]LogLinker: Warning: Can't find file '/Game/Assets/LowPolyAssets/trail'
[2020.04.30-13.56.17:986][938]LogLinker: Warning: Can't find file for asset '/Game/Assets/LowPolyAssets/trail' while loading NULL.
[2020.04.30-13.56.18:493][938]LogLinker: Warning: Can't find file '/Game/Assets/LowPolyAssets/trail'
[2020.04.30-13.56.18:493][938]LogLinker: Warning: Can't find file for asset '/Game/Assets/LowPolyAssets/trail' while loading NULL.
[2020.04.30-13.56.18:764][938]LogLinker: Warning: Can't find file '/Game/Assets/LowPolyAssets/trail'
[2020.04.30-13.56.18:764][938]LogLinker: Warning: Can't find file for asset '/Game/Assets/LowPolyAssets/trail' while loading NULL.
[2020.04.30-13.56.18:765][938]LogLinker: Warning: Can't find file '/Game/Assets/LowPolyAssets/trail'
[2020.04.30-13.56.18:765][938]LogLinker: Warning: Can't find file for asset '/Game/Assets/LowPolyAssets/trail' while loading NULL.
[2020.04.30-13.56.19:272][938]LogLinker: Warning: Can't find file '/Game/Assets/LowPolyAssets/trail'
[2020.04.30-13.56.19:272][938]LoadErrors: Failed to load /Game/Assets/LowPolyAssets/trail.trail Referenced by TrailSign_29
[2020.04.30-13.56.19:273][938]LogLinker: Warning: Can't find file for asset '/Game/Assets/LowPolyAssets/trail' while loading NULL.
[2020.04.30-13.56.23:972][938]LogAIModule: Creating AISystem for world MainMenu
[2020.04.30-13.56.23:972][938]LogLoad: Game class is 'FirstPersonGameMode_C'
[2020.04.30-13.56.25:444][938]LogWorld: Bringing World /Game/Levels/UEDPIE_0_MainMenu.MainMenu up for play (max tick rate 0) at 2020.04.30-09.56.25
[2020.04.30-13.56.25:450][938]LogWorld: Bringing up level for play took: 1.476321
[2020.04.30-13.56.25:477][938]LogLoad: Took 8.670951 seconds to LoadMap(/Game/Levels/MainMenu)
[2020.04.30-13.56.25:630][939]LogStaticMesh: Allocated 512x512x64 distance field atlas = 32.0Mb, with 206 objects containing 28.8Mb backing data
[2020.04.30-13.56.25:894][939]LogEditorViewport: Clicking on Actor (LMB): Wood_02_Dock_Blueprint_Blueprint_C (Wood_02_Dock_Blueprint_Blueprint31)
[2020.04.30-13.56.26:066][939]LogEditorViewport: Clicking on Actor (LMB): StaticMeshActor (LobsterTrap_001A9)
[2020.04.30-13.56.26:132][939]LogEditorViewport: Clicking on Actor (LMB): StaticMeshActor (LobsterTrap_001A9)
[2020.04.30-13.56.26:200][939]LogSlate: FSceneViewport::OnFocusLost() reason 0
[2020.04.30-13.56.26:208][939]LogEditorViewport: Clicking on Actor (LMB): StaticMeshActor (LobsterTrap_001A9)
[2020.04.30-13.56.27:634][ 32]LogSlate: FSceneViewport::OnFocusLost() reason 0
[2020.04.30-13.56.31:363][456]LogBlueprintUserMessages: Early EndPlayMap Detection: Level '/Game/Levels/GreyBoxLVL4.GreyBoxLVL4:PersistentLevel' has LevelScriptBlueprint '/Game/Levels/GreyBoxLVL4.GreyBoxLVL4:PersistentLevel.GreyBoxLVL4' with GeneratedClass '/Game/Levels/GreyBoxLVL4.GreyBoxLVL4_C' with ClassGeneratedBy '/Game/Levels/GreyBoxLVL4.GreyBoxLVL4:PersistentLevel.GreyBoxLVL4'
[2020.04.30-13.56.31:364][456]LogSlate: Updating window title bar state: overlay mode, drag disabled, window buttons hidden, title bar hidden
[2020.04.30-13.56.31:481][456]LogPlayLevel: Display: Shutting down PIE online subsystems
[2020.04.30-13.56.31:483][456]LogBlueprintUserMessages: Late EndPlayMap Detection: Level '/Game/Levels/GreyBoxLVL4.GreyBoxLVL4:PersistentLevel' has LevelScriptBlueprint '/Game/Levels/GreyBoxLVL4.GreyBoxLVL4:PersistentLevel.GreyBoxLVL4' with GeneratedClass '/Game/Levels/GreyBoxLVL4.GreyBoxLVL4_C' with ClassGeneratedBy '/Game/Levels/GreyBoxLVL4.GreyBoxLVL4:PersistentLevel.GreyBoxLVL4'
[2020.04.30-13.56.31:522][456]LogSlate: Updating window title bar state: overlay mode, drag disabled, window buttons hidden, title bar hidden
[2020.04.30-13.56.31:600][456]LogUObjectHash: Compacting FUObjectHashTables data took   4.45ms
[2020.04.30-13.56.31:672][457]LogPlayLevel: Display: Destroying online subsystem :Context_3
[2020.04.30-13.56.48:964][269]LogEditorViewport: Clicking on Actor (LMB): StaticMeshActor (N16)
[2020.04.30-13.56.53:149][513]LogEditorViewport: Clicking on Actor (LMB): StaticMeshActor (N15)
[2020.04.30-13.57.12:885][612]LogSlate: FSceneViewport::OnFocusLost() reason 0
[2020.04.30-13.57.18:808][927]LogUnrealEdMisc: Warning: Heartbeat event firing too frequently (52.571 sec). This should never happen. Something is wrong with the timer delegate!
[2020.04.30-13.57.55:394][868]LogEditorViewport: Clicking on Actor (LMB): Respawn_C (Respawn)
[2020.04.30-13.57.56:880][965]LogEditorViewport: Clicking on Actor (LMB): Respawn_C (Respawn2)
[2020.04.30-13.58.01:623][245]LogSlate: FSceneViewport::OnFocusLost() reason 2
[2020.04.30-13.58.01:649][245]LogSlate: Took 0.000287 seconds to synchronously load lazily loaded font '../../../Engine/Content/Slate/Fonts/Roboto-Light.ttf' (167K)
[2020.04.30-13.58.22:513][458]LogSlate: FSceneViewport::OnFocusLost() reason 0
[2020.04.30-13.58.40:752][162]Cmd: TRANSACTION UNDO
[2020.04.30-13.58.40:753][162]LogEditorTransaction: Undo Move Actors
[2020.04.30-13.58.42:514][261]LogEditorViewport: Clicking on Actor (LMB): Respawn_C (Respawn)
[2020.04.30-13.58.49:369][478]LogEditorViewport: Clicking on Actor (LMB): Respawn_C (Respawn2)
[2020.04.30-13.58.53:697][630]Cmd: TRANSACTION UNDO
[2020.04.30-13.58.53:698][630]LogEditorTransaction: Undo Move Actors
[2020.04.30-13.59.10:047][613]LogSlate: Took 0.000277 seconds to synchronously load lazily loaded font '../../../Engine/Content/Slate/Fonts/Roboto-Italic.ttf' (157K)
[2020.04.30-13.59.22:105][276]LogSlate: FSceneViewport::OnFocusLost() reason 0
[2020.04.30-13.59.22:217][288]LogSlate: Window 'Details' being destroyed
[2020.04.30-13.59.22:222][288]LogSlate: Window 'Details' being destroyed
[2020.04.30-13.59.25:431][495]LogUObjectHash: Compacting FUObjectHashTables data took   1.39ms
[2020.04.30-13.59.25:602][495]Cmd: OBJ SAVEPACKAGE PACKAGE="/Game/Levels/GreyBoxLVL4" FILE="E:/SeniorProject/PollutionProject/SeniorProject/Content/Levels/GreyBoxLVL4.umap" SILENT=true AUTOSAVING=false KEEPDIRTY=false
[2020.04.30-13.59.25:629][495]LogUObjectHash: Compacting FUObjectHashTables data took   0.79ms
[2020.04.30-13.59.32:822][495]LogSavePackage: Moving 'E:/SeniorProject/PollutionProject/SeniorProject/Saved/GreyBoxLVL4D1E7807C41104C547D75F197507AE880.tmp' to 'E:/SeniorProject/PollutionProject/SeniorProject/Content/Levels/GreyBoxLVL4.umap'
[2020.04.30-13.59.32:889][495]LogFileHelpers: Saving map 'GreyBoxLVL4' took 7.293
