Log file open, 02/26/20 14:27:16
LogWindows: Failed to load 'aqProf.dll' (GetLastError=126)
LogWindows: File 'aqProf.dll' does not exist
LogWindows: Failed to load 'VtuneApi.dll' (GetLastError=126)
LogWindows: File 'VtuneApi.dll' does not exist
LogWindows: Failed to load 'VtuneApi32e.dll' (GetLastError=126)
LogWindows: File 'VtuneApi32e.dll' does not exist
LogConsoleResponse: Display: Failed to find resolution value strings in scalability ini. Falling back to default.
LogInit: Display: Running engine for game: SeniorProject
LogPakFile: Registered encryption key '00000000000000000000000000000000': 0 pak files mounted, 0 remain pending
LogPlatformFile: Not using cached read wrapper
LogTaskGraph: Started task graph with 5 named threads and 23 total threads with 3 sets of task threads.
LogStats: Stats thread started at 0.439838
LogD3D11RHI: Loaded GFSDK_Aftermath_Lib.x64.dll
LogICUInternationalization: ICU TimeZone Detection - Raw Offset: -5:00, Platform Override: ''
LogPluginManager: Mounting plugin Paper2D
LogPluginManager: Mounting plugin AISupport
LogPluginManager: Mounting plugin LightPropagationVolume
LogPluginManager: Mounting plugin ActorLayerUtilities
LogPluginManager: Mounting plugin AnimationSharing
LogPluginManager: Mounting plugin CLionSourceCodeAccess
LogPluginManager: Mounting plugin CodeLiteSourceCodeAccess
LogPluginManager: Mounting plugin GitSourceControl
LogPluginManager: Mounting plugin KDevelopSourceCodeAccess
LogPluginManager: Mounting plugin NullSourceCodeAccess
LogPluginManager: Mounting plugin PerforceSourceControl
LogPluginManager: Mounting plugin SubversionSourceControl
LogPluginManager: Mounting plugin UObjectPlugin
LogPluginManager: Mounting plugin VisualStudioCodeSourceCodeAccess
LogPluginManager: Mounting plugin VisualStudioSourceCodeAccess
LogPluginManager: Mounting plugin XCodeSourceCodeAccess
LogPluginManager: Mounting plugin AssetManagerEditor
LogPluginManager: Mounting plugin CryptoKeys
LogPluginManager: Mounting plugin DataValidation
LogPluginManager: Mounting plugin EditorScriptingUtilities
LogPluginManager: Mounting plugin FacialAnimation
LogPluginManager: Mounting plugin GameplayTagsEditor
LogPluginManager: Mounting plugin GLTFImporter
LogPluginManager: Mounting plugin MacGraphicsSwitching
LogPluginManager: Mounting plugin MaterialAnalyzer
LogPluginManager: Mounting plugin MeshEditor
LogPluginManager: Mounting plugin MobileLauncherProfileWizard
LogPluginManager: Mounting plugin PluginBrowser
LogPluginManager: Mounting plugin SpeedTreeImporter
LogPluginManager: Mounting plugin DatasmithContent
LogPluginManager: Mounting plugin VariantManagerContent
LogPluginManager: Mounting plugin AlembicImporter
LogPluginManager: Mounting plugin AppleImageUtils
LogPluginManager: Mounting plugin AppleVision
LogPluginManager: Mounting plugin BackChannel
LogPluginManager: Mounting plugin BlastPlugin
LogPluginManager: Mounting plugin ChaosSolverPlugin
LogPluginManager: Mounting plugin CharacterAI
LogPluginManager: Mounting plugin GeometryCache
LogPluginManager: Mounting plugin GeometryCollectionPlugin
LogPluginManager: Mounting plugin HTML5Networking
LogPluginManager: Mounting plugin ProxyLODPlugin
LogPluginManager: Mounting plugin SkeletalReduction
LogPluginManager: Mounting plugin MagicLeap
LogPluginManager: Mounting plugin MagicLeapMedia
LogPluginManager: Mounting plugin AndroidMedia
LogPluginManager: Mounting plugin AvfMedia
LogPluginManager: Mounting plugin ImgMedia
LogPluginManager: Mounting plugin LinearTimecode
LogPluginManager: Mounting plugin MediaCompositing
LogPluginManager: Mounting plugin MediaPlayerEditor
LogPluginManager: Mounting plugin WebMMedia
LogPluginManager: Mounting plugin WmfMedia
LogPluginManager: Mounting plugin TcpMessaging
LogPluginManager: Mounting plugin UdpMessaging
LogPluginManager: Mounting plugin ActorSequence
LogPluginManager: Mounting plugin LevelSequenceEditor
LogPluginManager: Mounting plugin MatineeToLevelSequence
LogPluginManager: Mounting plugin NetcodeUnitTest
LogPluginManager: Mounting plugin NUTUnrealEngine4
LogPluginManager: Mounting plugin OnlineSubsystemGooglePlay
LogPluginManager: Mounting plugin OnlineSubsystemIOS
LogPluginManager: Mounting plugin OnlineSubsystem
LogPluginManager: Mounting plugin OnlineSubsystemNull
LogPluginManager: Mounting plugin OnlineSubsystemUtils
LogPluginManager: Mounting plugin LauncherChunkInstaller
LogPluginManager: Mounting plugin AndroidDeviceProfileSelector
LogPluginManager: Mounting plugin AndroidMoviePlayer
LogPluginManager: Mounting plugin AndroidPermission
LogPluginManager: Mounting plugin AppleMoviePlayer
LogPluginManager: Mounting plugin ArchVisCharacter
LogPluginManager: Mounting plugin AudioCapture
LogPluginManager: Mounting plugin CableComponent
LogPluginManager: Mounting plugin CustomMeshComponent
LogPluginManager: Mounting plugin EditableMesh
LogPluginManager: Mounting plugin ExampleDeviceProfileSelector
LogPluginManager: Mounting plugin Firebase
LogPluginManager: Mounting plugin GoogleCloudMessaging
LogPluginManager: Mounting plugin IOSDeviceProfileSelector
LogPluginManager: Mounting plugin LinuxDeviceProfileSelector
LogPluginManager: Mounting plugin LocationServicesBPLibrary
LogPluginManager: Mounting plugin MobilePatchingUtils
LogPluginManager: Mounting plugin OculusVR
LogPluginManager: Mounting plugin PhysXVehicles
LogPluginManager: Mounting plugin ProceduralMeshComponent
LogPluginManager: Mounting plugin RuntimePhysXCooking
LogPluginManager: Mounting plugin SignificanceManager
LogPluginManager: Mounting plugin SteamVR
LogPluginManager: Mounting plugin WebMMoviePlayer
LogPluginManager: Mounting plugin WindowsMoviePlayer
LogPluginManager: Mounting plugin DatasmithCADImporter
LogPluginManager: Mounting plugin DatasmithDataPrepEditor
LogPluginManager: Mounting plugin DatasmithFBXImporter
LogPluginManager: Mounting plugin DatasmithGLTFImporter
LogPluginManager: Mounting plugin DatasmithImporter
LogPluginManager: Mounting plugin MDLImporter
LogPluginManager: Mounting plugin StaticMeshEditorExtension
LogPluginManager: Mounting plugin VariantManager
LogInit: Using libcurl 7.55.1-DEV
LogInit:  - built for x86_64-pc-win32
LogInit:  - supports SSL with OpenSSL/1.1.1
LogInit:  - supports HTTP deflate (compression) using libz 1.2.8
LogInit:  - other features:
LogInit:      CURL_VERSION_SSL
LogInit:      CURL_VERSION_LIBZ
LogInit:      CURL_VERSION_IPV6
LogInit:      CURL_VERSION_ASYNCHDNS
LogInit:      CURL_VERSION_LARGEFILE
LogInit:      CURL_VERSION_IDN
LogInit:  CurlRequestOptions (configurable via config and command line):
LogInit:  - bVerifyPeer = true  - Libcurl will verify peer certificate
LogInit:  - bUseHttpProxy = false  - Libcurl will NOT use HTTP proxy
LogInit:  - bDontReuseConnections = false  - Libcurl will reuse connections
LogInit:  - MaxHostConnections = 16  - Libcurl will limit the number of connections to a host
LogInit:  - LocalHostAddr = Default
LogInit:  - BufferSize = 65536
LogInit: WinSock: version 1.1 (2.2), MaxSocks=32767, MaxUdp=65467
LogHMD: Failed initializing OVRPlugin 1.32.0
LogInit: Build: ++UE4+Release-4.22-CL-7053642
LogInit: Engine Version: 4.22.3-7053642+++UE4+Release-4.22
LogInit: Compatible Engine Version: 4.22.0-5660361+++UE4+Release-4.22
LogInit: Net CL: 5660361
LogInit: OS: Windows 10 (Release 1903) (), CPU: Intel(R) Core(TM) i7-7700HQ CPU @ 2.80GHz, GPU: NVIDIA GeForce GTX 1070
LogInit: Compiled (64-bit): Jun 18 2019 03:09:11
LogInit: Compiled with Visual C++: 19.16.27025.01
LogInit: Build Configuration: Development
LogInit: Branch Name: ++UE4+Release-4.22
LogInit: Command Line:  -skipcompile
LogInit: Base Directory: D:/TheBestGame/UE_4.22/Engine/Binaries/Win64/
LogInit: Installed Engine Build: 1
LogDevObjectVersion: Number of dev versions registered: 23
LogDevObjectVersion:   Dev-Blueprints (B0D832E4-1F89-4F0D-ACCF-7EB736FD4AA2): 10
LogDevObjectVersion:   Dev-Build (E1C64328-A22C-4D53-A36C-8E866417BD8C): 0
LogDevObjectVersion:   Dev-Core (375EC13C-06E4-48FB-B500-84F0262A717E): 3
LogDevObjectVersion:   Dev-Editor (E4B068ED-F494-42E9-A231-DA0B2E46BB41): 30
LogDevObjectVersion:   Dev-Framework (CFFC743F-43B0-4480-9391-14DF171D2073): 35
LogDevObjectVersion:   Dev-Mobile (B02B49B5-BB20-44E9-A304-32B752E40360): 2
LogDevObjectVersion:   Dev-Networking (A4E4105C-59A1-49B5-A7C5-40C4547EDFEE): 0
LogDevObjectVersion:   Dev-Online (39C831C9-5AE6-47DC-9A44-9C173E1C8E7C): 0
LogDevObjectVersion:   Dev-Physics (78F01B33-EBEA-4F98-B9B4-84EACCB95AA2): 0
LogDevObjectVersion:   Dev-Platform (6631380F-2D4D-43E0-8009-CF276956A95A): 0
LogDevObjectVersion:   Dev-Rendering (12F88B9F-8875-4AFC-A67C-D90C383ABD29): 28
LogDevObjectVersion:   Dev-Sequencer (7B5AE74C-D270-4C10-A958-57980B212A5A): 11
LogDevObjectVersion:   Dev-VR (D7296918-1DD6-4BDD-9DE2-64A83CC13884): 2
LogDevObjectVersion:   Dev-LoadTimes (C2A15278-BFE7-4AFE-6C17-90FF531DF755): 1
LogDevObjectVersion:   Private-Geometry (6EACA3D4-40EC-4CC1-B786-8BED09428FC5): 3
LogDevObjectVersion:   Dev-AnimPhys (29E575DD-E0A3-4627-9D10-D276232CDCEA): 17
LogDevObjectVersion:   Dev-Anim (AF43A65D-7FD3-4947-9873-3E8ED9C1BB05): 2
LogDevObjectVersion:   Dev-ReflectionCapture (6B266CEC-1EC7-4B8F-A30B-E4D90942FC07): 1
LogDevObjectVersion:   Dev-Automation (0DF73D61-A23F-47EA-B727-89E90C41499A): 1
LogDevObjectVersion:   FortniteMain (601D1886-AC64-4F84-AA16-D3DE0DEAC7D6): 25
LogDevObjectVersion:   Dev-Enterprise (9DFFBCD6-494F-0158-E221-12823C92A888): 6
LogDevObjectVersion:   Dev-Niagara (F2AED0AC-9AFE-416F-8664-AA7FFA26D6FC): 1
LogDevObjectVersion:   Dev-Destruction (174F1F0B-B4C6-45A5-B13F-2EE8D0FB917D): 2
LogInit: Presizing for max 16777216 objects, including 0 objects not considered by GC, pre-allocating 0 bytes for permanent pool.
LogInit: Object subsystem initialized
LogConfig: Setting CVar [[con.DebugEarlyDefault:1]]
LogConfig: Setting CVar [[r.setres:1280x720]]
[2020.02.26-19.27.17:094][  0]LogConfig: Setting CVar [[r.VSync:0]]
[2020.02.26-19.27.17:094][  0]LogConfig: Setting CVar [[r.RHICmdBypass:0]]
[2020.02.26-19.27.17:094][  0]LogConfig: Applying CVar settings from Section [/Script/Engine.RendererSettings] File [C:/SeniorProject/PollutionProject/SeniorProject/Saved/Config/Windows/Engine.ini]
[2020.02.26-19.27.17:094][  0]LogConfig: Setting CVar [[r.GPUCrashDebugging:0]]
[2020.02.26-19.27.17:094][  0]LogConfig: Setting CVar [[r.DefaultFeature.AutoExposure.ExtendDefaultLuminanceRange:1]]
[2020.02.26-19.27.17:094][  0]LogConfig: Setting CVar [[r.GenerateMeshDistanceFields:1]]
[2020.02.26-19.27.17:094][  0]LogConfig: Applying CVar settings from Section [/Script/Engine.RendererOverrideSettings] File [C:/SeniorProject/PollutionProject/SeniorProject/Saved/Config/Windows/Engine.ini]
[2020.02.26-19.27.17:094][  0]LogConfig: Applying CVar settings from Section [/Script/Engine.StreamingSettings] File [C:/SeniorProject/PollutionProject/SeniorProject/Saved/Config/Windows/Engine.ini]
[2020.02.26-19.27.17:094][  0]LogConfig: Setting CVar [[s.MinBulkDataSizeForAsyncLoading:131072]]
[2020.02.26-19.27.17:094][  0]LogConfig: Setting CVar [[s.AsyncLoadingThreadEnabled:0]]
[2020.02.26-19.27.17:095][  0]LogConfig: Setting CVar [[s.EventDrivenLoaderEnabled:1]]
[2020.02.26-19.27.17:095][  0]LogConfig: Setting CVar [[s.WarnIfTimeLimitExceeded:0]]
[2020.02.26-19.27.17:095][  0]LogConfig: Setting CVar [[s.TimeLimitExceededMultiplier:1.5]]
[2020.02.26-19.27.17:095][  0]LogConfig: Setting CVar [[s.TimeLimitExceededMinTime:0.005]]
[2020.02.26-19.27.17:095][  0]LogConfig: Setting CVar [[s.UseBackgroundLevelStreaming:1]]
[2020.02.26-19.27.17:095][  0]LogConfig: Setting CVar [[s.PriorityAsyncLoadingExtraTime:15.0]]
[2020.02.26-19.27.17:095][  0]LogConfig: Setting CVar [[s.LevelStreamingActorsUpdateTimeLimit:5.0]]
[2020.02.26-19.27.17:095][  0]LogConfig: Setting CVar [[s.PriorityLevelStreamingActorsUpdateExtraTime:5.0]]
[2020.02.26-19.27.17:095][  0]LogConfig: Setting CVar [[s.LevelStreamingComponentsRegistrationGranularity:10]]
[2020.02.26-19.27.17:095][  0]LogConfig: Setting CVar [[s.UnregisterComponentsTimeLimit:1.0]]
[2020.02.26-19.27.17:096][  0]LogConfig: Setting CVar [[s.LevelStreamingComponentsUnregistrationGranularity:5]]
[2020.02.26-19.27.17:096][  0]LogConfig: Applying CVar settings from Section [/Script/Engine.GarbageCollectionSettings] File [C:/SeniorProject/PollutionProject/SeniorProject/Saved/Config/Windows/Engine.ini]
[2020.02.26-19.27.17:096][  0]LogConfig: Setting CVar [[gc.MaxObjectsNotConsideredByGC:1]]
[2020.02.26-19.27.17:096][  0]LogConfig: Setting CVar [[gc.SizeOfPermanentObjectPool:0]]
[2020.02.26-19.27.17:096][  0]LogConfig: Setting CVar [[gc.FlushStreamingOnGC:0]]
[2020.02.26-19.27.17:096][  0]LogConfig: Setting CVar [[gc.NumRetriesBeforeForcingGC:10]]
[2020.02.26-19.27.17:096][  0]LogConfig: Setting CVar [[gc.AllowParallelGC:1]]
[2020.02.26-19.27.17:096][  0]LogConfig: Setting CVar [[gc.TimeBetweenPurgingPendingKillObjects:61.1]]
[2020.02.26-19.27.17:096][  0]LogConfig: Setting CVar [[gc.MaxObjectsInEditor:16777216]]
[2020.02.26-19.27.17:096][  0]LogConfig: Setting CVar [[gc.IncrementalBeginDestroyEnabled:1]]
[2020.02.26-19.27.17:096][  0]LogConfig: Setting CVar [[gc.CreateGCClusters:1]]
[2020.02.26-19.27.17:097][  0]LogConfig: Setting CVar [[gc.MinGCClusterSize:5]]
[2020.02.26-19.27.17:097][  0]LogConfig: Setting CVar [[gc.ActorClusteringEnabled:0]]
[2020.02.26-19.27.17:097][  0]LogConfig: Setting CVar [[gc.BlueprintClusteringEnabled:0]]
[2020.02.26-19.27.17:097][  0]LogConfig: Setting CVar [[gc.UseDisregardForGCOnDedicatedServers:0]]
[2020.02.26-19.27.17:097][  0]LogConfig: Applying CVar settings from Section [/Script/Engine.NetworkSettings] File [C:/SeniorProject/PollutionProject/SeniorProject/Saved/Config/Windows/Engine.ini]
[2020.02.26-19.27.17:097][  0]LogConfig: Applying CVar settings from Section [/Script/UnrealEd.CookerSettings] File [C:/SeniorProject/PollutionProject/SeniorProject/Saved/Config/Windows/Engine.ini]
[2020.02.26-19.27.17:105][  0]LogConfig: Applying CVar settings from Section [ViewDistanceQuality@3] File [C:/SeniorProject/PollutionProject/SeniorProject/Saved/Config/Windows/Scalability.ini]
[2020.02.26-19.27.17:105][  0]LogConfig: Setting CVar [[r.SkeletalMeshLODBias:0]]
[2020.02.26-19.27.17:105][  0]LogConfig: Setting CVar [[r.ViewDistanceScale:1.0]]
[2020.02.26-19.27.17:105][  0]LogConfig: Applying CVar settings from Section [AntiAliasingQuality@3] File [C:/SeniorProject/PollutionProject/SeniorProject/Saved/Config/Windows/Scalability.ini]
[2020.02.26-19.27.17:105][  0]LogConfig: Setting CVar [[r.PostProcessAAQuality:4]]
[2020.02.26-19.27.17:105][  0]LogConfig: Applying CVar settings from Section [ShadowQuality@3] File [C:/SeniorProject/PollutionProject/SeniorProject/Saved/Config/Windows/Scalability.ini]
[2020.02.26-19.27.17:105][  0]LogConfig: Setting CVar [[r.LightFunctionQuality:1]]
[2020.02.26-19.27.17:105][  0]LogConfig: Setting CVar [[r.ShadowQuality:5]]
[2020.02.26-19.27.17:105][  0]LogConfig: Setting CVar [[r.Shadow.CSM.MaxCascades:10]]
[2020.02.26-19.27.17:106][  0]LogConfig: Setting CVar [[r.Shadow.MaxResolution:2048]]
[2020.02.26-19.27.17:106][  0]LogConfig: Setting CVar [[r.Shadow.MaxCSMResolution:2048]]
[2020.02.26-19.27.17:106][  0]LogConfig: Setting CVar [[r.Shadow.RadiusThreshold:0.01]]
[2020.02.26-19.27.17:106][  0]LogConfig: Setting CVar [[r.Shadow.DistanceScale:1.0]]
[2020.02.26-19.27.17:106][  0]LogConfig: Setting CVar [[r.Shadow.CSM.TransitionScale:1.0]]
[2020.02.26-19.27.17:106][  0]LogConfig: Setting CVar [[r.Shadow.PreShadowResolutionFactor:1.0]]
[2020.02.26-19.27.17:106][  0]LogConfig: Setting CVar [[r.DistanceFieldShadowing:1]]
[2020.02.26-19.27.17:106][  0]LogConfig: Setting CVar [[r.DistanceFieldAO:1]]
[2020.02.26-19.27.17:106][  0]LogConfig: Setting CVar [[r.AOQuality:2]]
[2020.02.26-19.27.17:106][  0]LogConfig: Setting CVar [[r.VolumetricFog:1]]
[2020.02.26-19.27.17:106][  0]LogConfig: Setting CVar [[r.VolumetricFog.GridPixelSize:8]]
[2020.02.26-19.27.17:106][  0]LogConfig: Setting CVar [[r.VolumetricFog.GridSizeZ:128]]
[2020.02.26-19.27.17:106][  0]LogConfig: Setting CVar [[r.VolumetricFog.HistoryMissSupersampleCount:4]]
[2020.02.26-19.27.17:106][  0]LogConfig: Setting CVar [[r.LightMaxDrawDistanceScale:1]]
[2020.02.26-19.27.17:106][  0]LogConfig: Setting CVar [[r.CapsuleShadows:1]]
[2020.02.26-19.27.17:107][  0]LogConfig: Applying CVar settings from Section [PostProcessQuality@3] File [C:/SeniorProject/PollutionProject/SeniorProject/Saved/Config/Windows/Scalability.ini]
[2020.02.26-19.27.17:107][  0]LogConfig: Setting CVar [[r.MotionBlurQuality:4]]
[2020.02.26-19.27.17:107][  0]LogConfig: Setting CVar [[r.AmbientOcclusionMipLevelFactor:0.4]]
[2020.02.26-19.27.17:107][  0]LogConfig: Setting CVar [[r.AmbientOcclusionMaxQuality:100]]
[2020.02.26-19.27.17:107][  0]LogConfig: Setting CVar [[r.AmbientOcclusionLevels:-1]]
[2020.02.26-19.27.17:107][  0]LogConfig: Setting CVar [[r.AmbientOcclusionRadiusScale:1.0]]
[2020.02.26-19.27.17:107][  0]LogConfig: Setting CVar [[r.DepthOfFieldQuality:2]]
[2020.02.26-19.27.17:107][  0]LogConfig: Setting CVar [[r.RenderTargetPoolMin:400]]
[2020.02.26-19.27.17:107][  0]LogConfig: Setting CVar [[r.LensFlareQuality:2]]
[2020.02.26-19.27.17:107][  0]LogConfig: Setting CVar [[r.SceneColorFringeQuality:1]]
[2020.02.26-19.27.17:107][  0]LogConfig: Setting CVar [[r.EyeAdaptationQuality:2]]
[2020.02.26-19.27.17:107][  0]LogConfig: Setting CVar [[r.BloomQuality:5]]
[2020.02.26-19.27.17:107][  0]LogConfig: Setting CVar [[r.FastBlurThreshold:100]]
[2020.02.26-19.27.17:108][  0]LogConfig: Setting CVar [[r.Upscale.Quality:3]]
[2020.02.26-19.27.17:108][  0]LogConfig: Setting CVar [[r.Tonemapper.GrainQuantization:1]]
[2020.02.26-19.27.17:108][  0]LogConfig: Setting CVar [[r.LightShaftQuality:1]]
[2020.02.26-19.27.17:108][  0]LogConfig: Setting CVar [[r.Filter.SizeScale:1]]
[2020.02.26-19.27.17:108][  0]LogConfig: Setting CVar [[r.Tonemapper.Quality:5]]
[2020.02.26-19.27.17:108][  0]LogConfig: Setting CVar [[r.DOF.Gather.AccumulatorQuality:1        ; higher gathering accumulator quality]]
[2020.02.26-19.27.17:108][  0]LogConfig: Setting CVar [[r.DOF.Gather.PostfilterMethod:1          ; Median3x3 postfilering method]]
[2020.02.26-19.27.17:108][  0]LogConfig: Setting CVar [[r.DOF.Gather.EnableBokehSettings:0       ; no bokeh simulation when gathering]]
[2020.02.26-19.27.17:108][  0]LogConfig: Setting CVar [[r.DOF.Gather.RingCount:4                 ; medium number of samples when gathering]]
[2020.02.26-19.27.17:108][  0]LogConfig: Setting CVar [[r.DOF.Scatter.ForegroundCompositing:1    ; additive foreground scattering]]
[2020.02.26-19.27.17:108][  0]LogConfig: Setting CVar [[r.DOF.Scatter.BackgroundCompositing:2    ; additive background scattering]]
[2020.02.26-19.27.17:108][  0]LogConfig: Setting CVar [[r.DOF.Scatter.EnableBokehSettings:1      ; bokeh simulation when scattering]]
[2020.02.26-19.27.17:108][  0]LogConfig: Setting CVar [[r.DOF.Scatter.MaxSpriteRatio:0.1         ; only a maximum of 10% of scattered bokeh]]
[2020.02.26-19.27.17:109][  0]LogConfig: Setting CVar [[r.DOF.Recombine.Quality:1                ; cheap slight out of focus]]
[2020.02.26-19.27.17:109][  0]LogConfig: Setting CVar [[r.DOF.Recombine.EnableBokehSettings:0    ; no bokeh simulation on slight out of focus]]
[2020.02.26-19.27.17:109][  0]LogConfig: Setting CVar [[r.DOF.TemporalAAQuality:1                ; more stable temporal accumulation]]
[2020.02.26-19.27.17:109][  0]LogConfig: Setting CVar [[r.DOF.Kernel.MaxForegroundRadius:0.025]]
[2020.02.26-19.27.17:109][  0]LogConfig: Setting CVar [[r.DOF.Kernel.MaxBackgroundRadius:0.025]]
[2020.02.26-19.27.17:109][  0]LogConfig: Applying CVar settings from Section [TextureQuality@3] File [C:/SeniorProject/PollutionProject/SeniorProject/Saved/Config/Windows/Scalability.ini]
[2020.02.26-19.27.17:109][  0]LogConfig: Setting CVar [[r.Streaming.MipBias:0]]
[2020.02.26-19.27.17:109][  0]LogConfig: Setting CVar [[r.Streaming.AmortizeCPUToGPUCopy:0]]
[2020.02.26-19.27.17:109][  0]LogConfig: Setting CVar [[r.Streaming.MaxNumTexturesToStreamPerFrame:0]]
[2020.02.26-19.27.17:109][  0]LogConfig: Setting CVar [[r.Streaming.Boost:1]]
[2020.02.26-19.27.17:109][  0]LogConfig: Setting CVar [[r.MaxAnisotropy:8]]
[2020.02.26-19.27.17:109][  0]LogConfig: Setting CVar [[r.Streaming.LimitPoolSizeToVRAM:0]]
[2020.02.26-19.27.17:109][  0]LogConfig: Setting CVar [[r.Streaming.PoolSize:1000]]
[2020.02.26-19.27.17:109][  0]LogConfig: Setting CVar [[r.Streaming.MaxEffectiveScreenSize:0]]
[2020.02.26-19.27.17:110][  0]LogConfig: Applying CVar settings from Section [EffectsQuality@3] File [C:/SeniorProject/PollutionProject/SeniorProject/Saved/Config/Windows/Scalability.ini]
[2020.02.26-19.27.17:110][  0]LogConfig: Setting CVar [[r.TranslucencyLightingVolumeDim:64]]
[2020.02.26-19.27.17:110][  0]LogConfig: Setting CVar [[r.RefractionQuality:2]]
[2020.02.26-19.27.17:110][  0]LogConfig: Setting CVar [[r.SSR.Quality:3]]
[2020.02.26-19.27.17:110][  0]LogConfig: Setting CVar [[r.SceneColorFormat:4]]
[2020.02.26-19.27.17:110][  0]LogConfig: Setting CVar [[r.DetailMode:2]]
[2020.02.26-19.27.17:110][  0]LogConfig: Setting CVar [[r.TranslucencyVolumeBlur:1]]
[2020.02.26-19.27.17:110][  0]LogConfig: Setting CVar [[r.MaterialQualityLevel:1 ; High quality]]
[2020.02.26-19.27.17:110][  0]LogConfig: Setting CVar [[r.SSS.Scale:1]]
[2020.02.26-19.27.17:110][  0]LogConfig: Setting CVar [[r.SSS.SampleSet:2]]
[2020.02.26-19.27.17:110][  0]LogConfig: Setting CVar [[r.SSS.Quality:1]]
[2020.02.26-19.27.17:110][  0]LogConfig: Setting CVar [[r.SSS.HalfRes:1]]
[2020.02.26-19.27.17:111][  0]LogConfig: Setting CVar [[r.EmitterSpawnRateScale:1.0]]
[2020.02.26-19.27.17:111][  0]LogConfig: Setting CVar [[r.ParticleLightQuality:2]]
[2020.02.26-19.27.17:111][  0]LogConfig: Applying CVar settings from Section [FoliageQuality@3] File [C:/SeniorProject/PollutionProject/SeniorProject/Saved/Config/Windows/Scalability.ini]
[2020.02.26-19.27.17:111][  0]LogConfig: Setting CVar [[foliage.DensityScale:1.0]]
[2020.02.26-19.27.17:111][  0]LogConfig: Setting CVar [[grass.DensityScale:1.0]]
[2020.02.26-19.27.17:111][  0]LogInit: Selected Device Profile: [Windows]
[2020.02.26-19.27.17:111][  0]LogInit: Applying CVar settings loaded from the selected device profile: [Windows]
[2020.02.26-19.27.17:129][  0]LogHAL: Display: Platform has ~ 16 GB [17130708992 / 17179869184 / 16], which maps to Larger [LargestMinGB=32, LargerMinGB=12, DefaultMinGB=8, SmallerMinGB=6, SmallestMinGB=0)
[2020.02.26-19.27.17:129][  0]LogConfig: Setting CVar [[r.Vulkan.UseRealUBs:0		; Required until we fix HLR fall-out]]
[2020.02.26-19.27.17:129][  0]LogInit: Going up to parent DeviceProfile []
[2020.02.26-19.27.17:129][  0]LogConfig: Applying CVar settings from Section [ViewDistanceQuality@3] File [C:/SeniorProject/PollutionProject/SeniorProject/Saved/Config/Windows/Scalability.ini]
[2020.02.26-19.27.17:129][  0]LogConfig: Setting CVar [[r.SkeletalMeshLODBias:0]]
[2020.02.26-19.27.17:129][  0]LogConfig: Setting CVar [[r.ViewDistanceScale:1.0]]
[2020.02.26-19.27.17:130][  0]LogConfig: Applying CVar settings from Section [AntiAliasingQuality@3] File [C:/SeniorProject/PollutionProject/SeniorProject/Saved/Config/Windows/Scalability.ini]
[2020.02.26-19.27.17:130][  0]LogConfig: Setting CVar [[r.PostProcessAAQuality:4]]
[2020.02.26-19.27.17:130][  0]LogConfig: Applying CVar settings from Section [ShadowQuality@3] File [C:/SeniorProject/PollutionProject/SeniorProject/Saved/Config/Windows/Scalability.ini]
[2020.02.26-19.27.17:130][  0]LogConfig: Setting CVar [[r.LightFunctionQuality:1]]
[2020.02.26-19.27.17:130][  0]LogConfig: Setting CVar [[r.ShadowQuality:5]]
[2020.02.26-19.27.17:130][  0]LogConfig: Setting CVar [[r.Shadow.CSM.MaxCascades:10]]
[2020.02.26-19.27.17:130][  0]LogConfig: Setting CVar [[r.Shadow.MaxResolution:2048]]
[2020.02.26-19.27.17:130][  0]LogConfig: Setting CVar [[r.Shadow.MaxCSMResolution:2048]]
[2020.02.26-19.27.17:130][  0]LogConfig: Setting CVar [[r.Shadow.RadiusThreshold:0.01]]
[2020.02.26-19.27.17:130][  0]LogConfig: Setting CVar [[r.Shadow.DistanceScale:1.0]]
[2020.02.26-19.27.17:130][  0]LogConfig: Setting CVar [[r.Shadow.CSM.TransitionScale:1.0]]
[2020.02.26-19.27.17:131][  0]LogConfig: Setting CVar [[r.Shadow.PreShadowResolutionFactor:1.0]]
[2020.02.26-19.27.17:131][  0]LogConfig: Setting CVar [[r.DistanceFieldShadowing:1]]
[2020.02.26-19.27.17:131][  0]LogConfig: Setting CVar [[r.DistanceFieldAO:1]]
[2020.02.26-19.27.17:131][  0]LogConfig: Setting CVar [[r.AOQuality:2]]
[2020.02.26-19.27.17:131][  0]LogConfig: Setting CVar [[r.VolumetricFog:1]]
[2020.02.26-19.27.17:131][  0]LogConfig: Setting CVar [[r.VolumetricFog.GridPixelSize:8]]
[2020.02.26-19.27.17:131][  0]LogConfig: Setting CVar [[r.VolumetricFog.GridSizeZ:128]]
[2020.02.26-19.27.17:131][  0]LogConfig: Setting CVar [[r.VolumetricFog.HistoryMissSupersampleCount:4]]
[2020.02.26-19.27.17:131][  0]LogConfig: Setting CVar [[r.LightMaxDrawDistanceScale:1]]
[2020.02.26-19.27.17:131][  0]LogConfig: Setting CVar [[r.CapsuleShadows:1]]
[2020.02.26-19.27.17:132][  0]LogConfig: Applying CVar settings from Section [PostProcessQuality@3] File [C:/SeniorProject/PollutionProject/SeniorProject/Saved/Config/Windows/Scalability.ini]
[2020.02.26-19.27.17:132][  0]LogConfig: Setting CVar [[r.MotionBlurQuality:4]]
[2020.02.26-19.27.17:132][  0]LogConfig: Setting CVar [[r.AmbientOcclusionMipLevelFactor:0.4]]
[2020.02.26-19.27.17:132][  0]LogConfig: Setting CVar [[r.AmbientOcclusionMaxQuality:100]]
[2020.02.26-19.27.17:132][  0]LogConfig: Setting CVar [[r.AmbientOcclusionLevels:-1]]
[2020.02.26-19.27.17:132][  0]LogConfig: Setting CVar [[r.AmbientOcclusionRadiusScale:1.0]]
[2020.02.26-19.27.17:132][  0]LogConfig: Setting CVar [[r.DepthOfFieldQuality:2]]
[2020.02.26-19.27.17:132][  0]LogConfig: Setting CVar [[r.RenderTargetPoolMin:400]]
[2020.02.26-19.27.17:132][  0]LogConfig: Setting CVar [[r.LensFlareQuality:2]]
[2020.02.26-19.27.17:132][  0]LogConfig: Setting CVar [[r.SceneColorFringeQuality:1]]
[2020.02.26-19.27.17:132][  0]LogConfig: Setting CVar [[r.EyeAdaptationQuality:2]]
[2020.02.26-19.27.17:133][  0]LogConfig: Setting CVar [[r.BloomQuality:5]]
[2020.02.26-19.27.17:133][  0]LogConfig: Setting CVar [[r.FastBlurThreshold:100]]
[2020.02.26-19.27.17:133][  0]LogConfig: Setting CVar [[r.Upscale.Quality:3]]
[2020.02.26-19.27.17:133][  0]LogConfig: Setting CVar [[r.Tonemapper.GrainQuantization:1]]
[2020.02.26-19.27.17:133][  0]LogConfig: Setting CVar [[r.LightShaftQuality:1]]
[2020.02.26-19.27.17:133][  0]LogConfig: Setting CVar [[r.Filter.SizeScale:1]]
[2020.02.26-19.27.17:133][  0]LogConfig: Setting CVar [[r.Tonemapper.Quality:5]]
[2020.02.26-19.27.17:133][  0]LogConfig: Setting CVar [[r.DOF.Gather.AccumulatorQuality:1        ; higher gathering accumulator quality]]
[2020.02.26-19.27.17:133][  0]LogConfig: Setting CVar [[r.DOF.Gather.PostfilterMethod:1          ; Median3x3 postfilering method]]
[2020.02.26-19.27.17:133][  0]LogConfig: Setting CVar [[r.DOF.Gather.EnableBokehSettings:0       ; no bokeh simulation when gathering]]
[2020.02.26-19.27.17:134][  0]LogConfig: Setting CVar [[r.DOF.Gather.RingCount:4                 ; medium number of samples when gathering]]
[2020.02.26-19.27.17:134][  0]LogConfig: Setting CVar [[r.DOF.Scatter.ForegroundCompositing:1    ; additive foreground scattering]]
[2020.02.26-19.27.17:134][  0]LogConfig: Setting CVar [[r.DOF.Scatter.BackgroundCompositing:2    ; additive background scattering]]
[2020.02.26-19.27.17:134][  0]LogConfig: Setting CVar [[r.DOF.Scatter.EnableBokehSettings:1      ; bokeh simulation when scattering]]
[2020.02.26-19.27.17:134][  0]LogConfig: Setting CVar [[r.DOF.Scatter.MaxSpriteRatio:0.1         ; only a maximum of 10% of scattered bokeh]]
[2020.02.26-19.27.17:134][  0]LogConfig: Setting CVar [[r.DOF.Recombine.Quality:1                ; cheap slight out of focus]]
[2020.02.26-19.27.17:134][  0]LogConfig: Setting CVar [[r.DOF.Recombine.EnableBokehSettings:0    ; no bokeh simulation on slight out of focus]]
[2020.02.26-19.27.17:134][  0]LogConfig: Setting CVar [[r.DOF.TemporalAAQuality:1                ; more stable temporal accumulation]]
[2020.02.26-19.27.17:134][  0]LogConfig: Setting CVar [[r.DOF.Kernel.MaxForegroundRadius:0.025]]
[2020.02.26-19.27.17:134][  0]LogConfig: Setting CVar [[r.DOF.Kernel.MaxBackgroundRadius:0.025]]
[2020.02.26-19.27.17:135][  0]LogConfig: Applying CVar settings from Section [TextureQuality@3] File [C:/SeniorProject/PollutionProject/SeniorProject/Saved/Config/Windows/Scalability.ini]
[2020.02.26-19.27.17:135][  0]LogConfig: Setting CVar [[r.Streaming.MipBias:0]]
[2020.02.26-19.27.17:135][  0]LogConfig: Setting CVar [[r.Streaming.AmortizeCPUToGPUCopy:0]]
[2020.02.26-19.27.17:135][  0]LogConfig: Setting CVar [[r.Streaming.MaxNumTexturesToStreamPerFrame:0]]
[2020.02.26-19.27.17:135][  0]LogConfig: Setting CVar [[r.Streaming.Boost:1]]
[2020.02.26-19.27.17:135][  0]LogConfig: Setting CVar [[r.MaxAnisotropy:8]]
[2020.02.26-19.27.17:135][  0]LogConfig: Setting CVar [[r.Streaming.LimitPoolSizeToVRAM:0]]
[2020.02.26-19.27.17:135][  0]LogConfig: Setting CVar [[r.Streaming.PoolSize:1000]]
[2020.02.26-19.27.17:135][  0]LogConfig: Setting CVar [[r.Streaming.MaxEffectiveScreenSize:0]]
[2020.02.26-19.27.17:135][  0]LogConfig: Applying CVar settings from Section [EffectsQuality@3] File [C:/SeniorProject/PollutionProject/SeniorProject/Saved/Config/Windows/Scalability.ini]
[2020.02.26-19.27.17:135][  0]LogConfig: Setting CVar [[r.TranslucencyLightingVolumeDim:64]]
[2020.02.26-19.27.17:136][  0]LogConfig: Setting CVar [[r.RefractionQuality:2]]
[2020.02.26-19.27.17:136][  0]LogConfig: Setting CVar [[r.SSR.Quality:3]]
[2020.02.26-19.27.17:136][  0]LogConfig: Setting CVar [[r.SceneColorFormat:4]]
[2020.02.26-19.27.17:136][  0]LogConfig: Setting CVar [[r.DetailMode:2]]
[2020.02.26-19.27.17:136][  0]LogConfig: Setting CVar [[r.TranslucencyVolumeBlur:1]]
[2020.02.26-19.27.17:136][  0]LogConfig: Setting CVar [[r.MaterialQualityLevel:1 ; High quality]]
[2020.02.26-19.27.17:136][  0]LogConfig: Setting CVar [[r.SSS.Scale:1]]
[2020.02.26-19.27.17:136][  0]LogConfig: Setting CVar [[r.SSS.SampleSet:2]]
[2020.02.26-19.27.17:136][  0]LogConfig: Setting CVar [[r.SSS.Quality:1]]
[2020.02.26-19.27.17:136][  0]LogConfig: Setting CVar [[r.SSS.HalfRes:1]]
[2020.02.26-19.27.17:136][  0]LogConfig: Setting CVar [[r.EmitterSpawnRateScale:1.0]]
[2020.02.26-19.27.17:136][  0]LogConfig: Setting CVar [[r.ParticleLightQuality:2]]
[2020.02.26-19.27.17:136][  0]LogConfig: Applying CVar settings from Section [FoliageQuality@3] File [C:/SeniorProject/PollutionProject/SeniorProject/Saved/Config/Windows/Scalability.ini]
[2020.02.26-19.27.17:137][  0]LogConfig: Setting CVar [[foliage.DensityScale:1.0]]
[2020.02.26-19.27.17:137][  0]LogConfig: Setting CVar [[grass.DensityScale:1.0]]
[2020.02.26-19.27.17:137][  0]LogConfig: Applying CVar settings from Section [Startup] File [../../../Engine/Config/ConsoleVariables.ini]
[2020.02.26-19.27.17:137][  0]LogConfig: Setting CVar [[net.UseAdaptiveNetUpdateFrequency:0]]
[2020.02.26-19.27.17:137][  0]LogConfig: Setting CVar [[p.chaos.AllowCreatePhysxBodies:1]]
[2020.02.26-19.27.17:137][  0]LogConfig: Applying CVar settings from Section [ConsoleVariables] File [C:/SeniorProject/PollutionProject/SeniorProject/Saved/Config/Windows/Engine.ini]
[2020.02.26-19.27.17:137][  0]LogInit: Computer: DESKTOP-L1LT82N
[2020.02.26-19.27.17:137][  0]LogInit: User: Greg
[2020.02.26-19.27.17:138][  0]LogInit: CPU Page size=4096, Cores=4
[2020.02.26-19.27.17:138][  0]LogInit: High frequency timer resolution =10.000000 MHz
[2020.02.26-19.27.17:138][  0]LogMemory: Memory total: Physical=16.0GB (16GB approx)
[2020.02.26-19.27.17:138][  0]LogMemory: Platform Memory Stats for Windows
[2020.02.26-19.27.17:138][  0]LogMemory: Process Physical Memory: 103.14 MB used, 103.14 MB peak
[2020.02.26-19.27.17:138][  0]LogMemory: Process Virtual Memory: 104.89 MB used, 104.89 MB peak
[2020.02.26-19.27.17:138][  0]LogMemory: Physical Memory: 10072.30 MB used,  6264.81 MB free, 16337.12 MB total
[2020.02.26-19.27.17:138][  0]LogMemory: Virtual Memory: 4671.19 MB used,  134213056.00 MB free, 134217728.00 MB total
[2020.02.26-19.27.19:337][  0]LogInit: Using OS detected language (en-US).
[2020.02.26-19.27.19:337][  0]LogInit: Using OS detected locale (en-US).
[2020.02.26-19.27.19:338][  0]LogTextLocalizationManager: No specific localization for 'en-US' exists, so the 'en' localization will be used.
[2020.02.26-19.27.19:538][  0]LogInit: Setting process to per monitor DPI aware
[2020.02.26-19.27.19:614][  0]LogSlate: New Slate User Created.  User Index 0, Is Virtual User: 0
[2020.02.26-19.27.19:614][  0]LogSlate: Slate User Registered.  User Index 0, Is Virtual User: 0
[2020.02.26-19.27.19:797][  0]LogHMD: Failed to initialize OpenVR with code 110
[2020.02.26-19.27.19:797][  0]LogD3D11RHI: D3D11 adapters:
[2020.02.26-19.27.19:893][  0]LogD3D11RHI:    0. 'NVIDIA GeForce GTX 1070' (Feature Level 11_0)
[2020.02.26-19.27.19:893][  0]LogD3D11RHI:       8089/0/8168 MB DedicatedVideo/DedicatedSystem/SharedSystem, Outputs:1, VendorId:0x10de
[2020.02.26-19.27.19:905][  0]LogD3D11RHI:    1. 'Microsoft Basic Render Driver' (Feature Level 11_0)
[2020.02.26-19.27.19:905][  0]LogD3D11RHI:       0/0/8168 MB DedicatedVideo/DedicatedSystem/SharedSystem, Outputs:0, VendorId:0x1414
[2020.02.26-19.27.19:905][  0]LogD3D11RHI: Chosen D3D11 Adapter: 0
[2020.02.26-19.27.19:917][  0]LogD3D11RHI: Creating new Direct3DDevice
[2020.02.26-19.27.19:917][  0]LogD3D11RHI:     GPU DeviceId: 0x1be1 (for the marketing name, search the web for "GPU Device Id")
[2020.02.26-19.27.19:917][  0]LogWindows: EnumDisplayDevices:
[2020.02.26-19.27.19:917][  0]LogWindows:    0. 'NVIDIA GeForce GTX 1070' (P:1 D:1)
[2020.02.26-19.27.19:918][  0]LogWindows:    1. 'NVIDIA GeForce GTX 1070' (P:0 D:0)
[2020.02.26-19.27.19:918][  0]LogWindows:    2. 'NVIDIA GeForce GTX 1070' (P:0 D:0)
[2020.02.26-19.27.19:919][  0]LogWindows:    3. 'NVIDIA GeForce GTX 1070' (P:0 D:0)
[2020.02.26-19.27.19:919][  0]LogWindows: DebugString: FoundDriverCount:4 
[2020.02.26-19.27.19:919][  0]LogD3D11RHI:     Adapter Name: NVIDIA GeForce GTX 1070
[2020.02.26-19.27.19:919][  0]LogD3D11RHI:   Driver Version: 388.57 (internal:23.21.13.8857, unified:388.57)
[2020.02.26-19.27.19:919][  0]LogD3D11RHI:      Driver Date: 12-4-2017
[2020.02.26-19.27.19:919][  0]LogRHI: Texture pool is 5662 MB (70% of 8089 MB)
[2020.02.26-19.27.19:964][  0]LogD3D11RHI: Async texture creation enabled
[2020.02.26-19.27.19:971][  0]LogRendererCore: FGlobalReadBuffer::InitRHI
[2020.02.26-19.27.19:971][  0]LogRendererCore: FGlobalReadBuffer::InitRHI
[2020.02.26-19.27.19:971][  0]LogRendererCore: FGlobalReadBuffer::InitRHI
[2020.02.26-19.27.19:981][  0]LogD3D11RHI: GPU Timing Frequency: 1000.000000 (Debug: 2 1)
[2020.02.26-19.27.20:438][  0]LogTemp: Display: Module 'AllDesktopTargetPlatform' loaded TargetPlatform 'AllDesktop'
[2020.02.26-19.27.20:456][  0]LogTemp: Display: Module 'MacClientTargetPlatform' loaded TargetPlatform 'MacClient'
[2020.02.26-19.27.20:475][  0]LogTemp: Display: Module 'MacNoEditorTargetPlatform' loaded TargetPlatform 'MacNoEditor'
[2020.02.26-19.27.20:495][  0]LogTemp: Display: Module 'MacServerTargetPlatform' loaded TargetPlatform 'MacServer'
[2020.02.26-19.27.20:512][  0]LogTemp: Display: Module 'MacTargetPlatform' loaded TargetPlatform 'Mac'
[2020.02.26-19.27.20:531][  0]LogTemp: Display: Module 'WindowsClientTargetPlatform' loaded TargetPlatform 'WindowsClient'
[2020.02.26-19.27.20:558][  0]LogTemp: Display: Module 'WindowsNoEditorTargetPlatform' loaded TargetPlatform 'WindowsNoEditor'
[2020.02.26-19.27.20:582][  0]LogTemp: Display: Module 'WindowsServerTargetPlatform' loaded TargetPlatform 'WindowsServer'
[2020.02.26-19.27.20:594][  0]LogTemp: Display: Module 'WindowsTargetPlatform' loaded TargetPlatform 'Windows'
[2020.02.26-19.27.20:717][  0]LogTemp: Display: Module 'AndroidTargetPlatform' loaded TargetPlatform 'Android'
[2020.02.26-19.27.20:717][  0]LogTemp: Display: Module 'AndroidTargetPlatform' loaded TargetPlatform 'Android_ASTC'
[2020.02.26-19.27.20:717][  0]LogTemp: Display: Module 'AndroidTargetPlatform' loaded TargetPlatform 'Android_ATC'
[2020.02.26-19.27.20:717][  0]LogTemp: Display: Module 'AndroidTargetPlatform' loaded TargetPlatform 'Android_DXT'
[2020.02.26-19.27.20:717][  0]LogTemp: Display: Module 'AndroidTargetPlatform' loaded TargetPlatform 'Android_ETC1'
[2020.02.26-19.27.20:717][  0]LogTemp: Display: Module 'AndroidTargetPlatform' loaded TargetPlatform 'Android_ETC1a'
[2020.02.26-19.27.20:717][  0]LogTemp: Display: Module 'AndroidTargetPlatform' loaded TargetPlatform 'Android_ETC2'
[2020.02.26-19.27.20:717][  0]LogTemp: Display: Module 'AndroidTargetPlatform' loaded TargetPlatform 'Android_PVRTC'
[2020.02.26-19.27.20:717][  0]LogTemp: Display: Module 'AndroidTargetPlatform' loaded TargetPlatform 'AndroidClient'
[2020.02.26-19.27.20:717][  0]LogTemp: Display: Module 'AndroidTargetPlatform' loaded TargetPlatform 'Android_ASTCClient'
[2020.02.26-19.27.20:717][  0]LogTemp: Display: Module 'AndroidTargetPlatform' loaded TargetPlatform 'Android_ATCClient'
[2020.02.26-19.27.20:717][  0]LogTemp: Display: Module 'AndroidTargetPlatform' loaded TargetPlatform 'Android_DXTClient'
[2020.02.26-19.27.20:717][  0]LogTemp: Display: Module 'AndroidTargetPlatform' loaded TargetPlatform 'Android_ETC1Client'
[2020.02.26-19.27.20:718][  0]LogTemp: Display: Module 'AndroidTargetPlatform' loaded TargetPlatform 'Android_ETC1aClient'
[2020.02.26-19.27.20:718][  0]LogTemp: Display: Module 'AndroidTargetPlatform' loaded TargetPlatform 'Android_ETC2Client'
[2020.02.26-19.27.20:718][  0]LogTemp: Display: Module 'AndroidTargetPlatform' loaded TargetPlatform 'Android_PVRTCClient'
[2020.02.26-19.27.20:718][  0]LogTemp: Display: Module 'AndroidTargetPlatform' loaded TargetPlatform 'Android_Multi'
[2020.02.26-19.27.20:718][  0]LogTemp: Display: Module 'AndroidTargetPlatform' loaded TargetPlatform 'Android_MultiClient'
[2020.02.26-19.27.20:723][  0]LogTemp: Display: Module 'HTML5TargetPlatform' loaded TargetPlatform 'HTML5'
[2020.02.26-19.27.20:789][  0]LogTemp: Display: Module 'IOSTargetPlatform' loaded TargetPlatform 'IOSClient'
[2020.02.26-19.27.20:789][  0]LogTemp: Display: Module 'IOSTargetPlatform' loaded TargetPlatform 'IOS'
[2020.02.26-19.27.20:817][  0]LogTemp: Display: Module 'TVOSTargetPlatform' loaded TargetPlatform 'TVOSClient'
[2020.02.26-19.27.20:817][  0]LogTemp: Display: Module 'TVOSTargetPlatform' loaded TargetPlatform 'TVOS'
[2020.02.26-19.27.20:833][  0]LogTemp: Display: Module 'LinuxClientTargetPlatform' loaded TargetPlatform 'LinuxClient'
[2020.02.26-19.27.20:850][  0]LogTemp: Display: Module 'LinuxNoEditorTargetPlatform' loaded TargetPlatform 'LinuxNoEditor'
[2020.02.26-19.27.20:866][  0]LogTemp: Display: Module 'LinuxServerTargetPlatform' loaded TargetPlatform 'LinuxServer'
[2020.02.26-19.27.20:884][  0]LogTemp: Display: Module 'LinuxTargetPlatform' loaded TargetPlatform 'Linux'
[2020.02.26-19.27.20:933][  0]LogTemp: Display: Module 'LuminTargetPlatform' loaded TargetPlatform 'Lumin'
[2020.02.26-19.27.20:934][  0]LogTemp: Display: Module 'LuminTargetPlatform' loaded TargetPlatform 'LuminClient'
[2020.02.26-19.27.20:934][  0]LogTargetPlatformManager: Display: Building Assets For Windows
[2020.02.26-19.27.20:954][  0]LogAudioDebug: Display: Lib vorbis DLL was dynamically loaded.
[2020.02.26-19.27.21:090][  0]LogShaderCompilers: Guid format shader working directory is -3 characters bigger than the processId version (C:/SeniorProject/PollutionProject/SeniorProject/Intermediate/Shaders/WorkingDirectory/30896/).
[2020.02.26-19.27.21:090][  0]LogShaderCompilers: Cleaned the shader compiler working directory 'C:/Users/Greg/AppData/Local/Temp/UnrealShaderWorkingDir/CF5D887B4ED1FFC99DCAC8BDD93DB746/'.
[2020.02.26-19.27.21:092][  0]LogXGEController: Cleaning working directory: C:/Users/Greg/AppData/Local/Temp/UnrealXGEWorkingDir/
[2020.02.26-19.27.21:092][  0]LogXGEController: Cannot use XGE Controller as Incredibuild is not installed on this machine.
[2020.02.26-19.27.21:093][  0]LogShaderCompilers: Cannot use XGE Shader Compiler as Incredibuild is not installed on this machine.
[2020.02.26-19.27.21:093][  0]LogShaderCompilers: Display: Using Local Shader Compiler.
[2020.02.26-19.27.21:667][  0]LogDerivedDataCache: Display: Max Cache Size: 512 MB
[2020.02.26-19.27.21:733][  0]LogDerivedDataCache: Loaded boot cache 0.06s 73MB C:/Users/Greg/AppData/Local/UnrealEngine/4.22/DerivedDataCache/Boot.ddc.
[2020.02.26-19.27.21:733][  0]LogDerivedDataCache: Display: Loaded Boot cache: C:/Users/Greg/AppData/Local/UnrealEngine/4.22/DerivedDataCache/Boot.ddc
[2020.02.26-19.27.21:733][  0]LogDerivedDataCache: FDerivedDataBackendGraph:  Pak pak cache file C:/SeniorProject/PollutionProject/SeniorProject/DerivedDataCache/DDC.ddp not found, will not use a pak cache.
[2020.02.26-19.27.21:733][  0]LogDerivedDataCache: Unable to find inner node Pak for hierarchical cache Hierarchy.
[2020.02.26-19.27.21:733][  0]LogDerivedDataCache: FDerivedDataBackendGraph:  CompressedPak pak cache file C:/SeniorProject/PollutionProject/SeniorProject/DerivedDataCache/Compressed.ddp not found, will not use a pak cache.
[2020.02.26-19.27.21:733][  0]LogDerivedDataCache: Unable to find inner node CompressedPak for hierarchical cache Hierarchy.
[2020.02.26-19.27.21:748][  0]LogDerivedDataCache: Display: Pak cache opened for reading ../../../Engine/DerivedDataCache/Compressed.ddp.
[2020.02.26-19.27.21:752][  0]LogDerivedDataCache: Display: Pak cache opened for reading ../../../Enterprise/DerivedDataCache/Compressed.ddp.
[2020.02.26-19.27.21:766][  0]LogDerivedDataCache: Using Local data cache path C:/Users/Greg/AppData/Local/UnrealEngine/Common/DerivedDataCache: Writable
[2020.02.26-19.27.21:766][  0]LogDerivedDataCache: Shared data cache path not found in *engine.ini, will not use an Shared cache.
[2020.02.26-19.27.21:766][  0]LogDerivedDataCache: Unable to find inner node Shared for hierarchical cache Hierarchy.
[2020.02.26-19.27.21:797][  0]LogMaterial: Verifying Global Shaders for PCD3D_SM5
[2020.02.26-19.27.21:826][  0]LogSlate: Using FreeType 2.6.0
[2020.02.26-19.27.21:833][  0]LogSlate: SlateFontServices - WITH_FREETYPE: 1, WITH_HARFBUZZ: 1
[2020.02.26-19.27.21:929][  0]LogAssetRegistry: FAssetRegistry took 0.0390 seconds to start up
[2020.02.26-19.27.22:281][  0]LogInit: Selected Device Profile: [Windows]
[2020.02.26-19.27.22:470][  0]LogMeshReduction: Using QuadricMeshReduction for automatic static mesh reduction
[2020.02.26-19.27.22:470][  0]LogMeshReduction: Using SimplygonMeshReduction for automatic skeletal mesh reduction
[2020.02.26-19.27.22:471][  0]LogMeshReduction: Using ProxyLODMeshReduction for automatic mesh merging
[2020.02.26-19.27.22:471][  0]LogMeshReduction: No distributed automatic mesh merging module available
[2020.02.26-19.27.22:471][  0]LogMeshMerging: No distributed automatic mesh merging module available
[2020.02.26-19.27.22:485][  0]LogNetVersion: SeniorProject 1.0.0, NetCL: 5660361, EngineNetVer: 10, GameNetVer: 0 (Checksum: 993350713)
[2020.02.26-19.27.23:019][  0]LogPackageLocalizationCache: Processed 16 localized package path(s) for 1 prioritized culture(s) in 0.103288 seconds
[2020.02.26-19.27.23:025][  0]LogUObjectArray: 42205 objects as part of root set at end of initial load.
[2020.02.26-19.27.23:026][  0]LogUObjectAllocator: 7325032 out of 0 bytes used by permanent object pool.
[2020.02.26-19.27.23:026][  0]LogUObjectArray: CloseDisregardForGC: 0/0 objects in disregard for GC pool
[2020.02.26-19.27.24:117][  0]LogTcpMessaging: Initializing TcpMessaging bridge
[2020.02.26-19.27.24:138][  0]LogUdpMessaging: Initializing bridge on interface 0.0.0.0:0 to multicast group 230.0.0.1:6666.
[2020.02.26-19.27.24:405][  0]LogOutputDevice: Error: Ensure condition failed: AttachmentRules.LocationRule == EAttachmentRule::KeepRelative && AttachmentRules.RotationRule == EAttachmentRule::KeepRelative && AttachmentRules.ScaleRule == EAttachmentRule::KeepRelative [File:D:\Build\++UE4\Sync\Engine\Source\Runtime\Engine\Private\Components\SceneComponent.cpp] [Line: 1786] 
AttachToComponent when called from a constructor is only setting up attachment and will always be treated as KeepRelative. Consider calling SetupAttachment directly instead.

[2020.02.26-19.27.24:405][  0]LogStats:             FDebug::EnsureFailed -  0.000 s
[2020.02.26-19.27.26:885][  0]SourceControl: Source control is disabled
[2020.02.26-19.27.27:633][  0]LogAndroidPermission: UAndroidPermissionCallbackProxy::GetInstance
[2020.02.26-19.27.27:778][  0]LogOcInput: OculusInput pre-init called
[2020.02.26-19.27.33:324][  0]LogEngine: Initializing Engine...
[2020.02.26-19.27.33:326][  0]LogHMD: Failed to initialize OpenVR with code 110
[2020.02.26-19.27.33:328][  0]LogStats: UGameplayTagsManager::InitializeManager -  0.000 s
[2020.02.26-19.27.33:575][  0]LogInit: Initializing FReadOnlyCVARCache
[2020.02.26-19.27.33:587][  0]LogAIModule: Creating AISystem for world Untitled
[2020.02.26-19.27.33:707][  0]LogInit: XAudio2 using 'Speakers (Realtek High Definition Audio)' : 6 channels at 48 kHz using 32 bits per sample (channel mask 0x3f)
[2020.02.26-19.27.34:137][  0]LogInit: FAudioDevice initialized.
[2020.02.26-19.27.34:138][  0]LogNetVersion: Set ProjectVersion to 1.0.0.0. Version Checksum will be recalculated on next use.
[2020.02.26-19.27.34:329][  0]LogDerivedDataCache: Saved boot cache 0.19s 73MB C:/Users/Greg/AppData/Local/UnrealEngine/4.22/DerivedDataCache/Boot.ddc.
[2020.02.26-19.27.34:341][  0]LogInit: Texture streaming: Enabled
[2020.02.26-19.27.34:371][  0]LogEngineSessionManager: EngineSessionManager initialized
[2020.02.26-19.27.34:372][  0]LogEngineSessionManager: EngineSessionManager sent abnormal shutdown report. Type=Crashed, SessionId={500B462E-4D38-34DB-2995-D69AE24CD48D}
[2020.02.26-19.27.34:389][  0]LogInit: Transaction tracking system initialized
[2020.02.26-19.27.34:429][  0]BlueprintLog: New page: Editor Load
[2020.02.26-19.27.34:531][  0]LocalizationService: Localization service is disabled
[2020.02.26-19.27.34:891][  0]LogCook: Display: Max memory allowance for cook 16384mb min free memory 0mb
[2020.02.26-19.27.34:892][  0]LogCook: Display: Mobile HDR setting 1
[2020.02.26-19.27.35:368][  0]LogFileCache: Scanning file cache for directory 'C:/SeniorProject/PollutionProject/SeniorProject/Content/' took 0.05s
[2020.02.26-19.27.36:646][  0]Cmd: MAP LOAD FILE="C:/SeniorProject/PollutionProject/SeniorProject/Content/Levels/GreyBoxLVL4.umap" TEMPLATE=0 SHOWPROGRESS=1 FEATURELEVEL=3
[2020.02.26-19.27.36:646][  0]LightingResults: New page: Lighting Build
[2020.02.26-19.27.36:649][  0]MapCheck: New page: Map Check
[2020.02.26-19.27.36:649][  0]LightingResults: New page: Lighting Build
[2020.02.26-19.27.36:677][  0]LogUObjectHash: Compacting FUObjectHashTables data took   2.79ms
[2020.02.26-19.27.40:196][  0]LogAIModule: Creating AISystem for world GreyBoxLVL4
[2020.02.26-19.27.40:198][  0]LogMaterial: Warning: Material /Game/Assets/Dock/01_-_Default.01_-_Default needed to have new flag set bUsedWithInstancedStaticMeshes !
[2020.02.26-19.27.40:205][  0]LogMaterial: Display: Missing cached shader map for material 01_-_Default, compiling. 
[2020.02.26-19.27.40:298][  0]MapCheck: Warning: 01_-_Default Material /Game/Assets/Dock/01_-_Default.01_-_Default was missing the usage flag bUsedWithInstancedStaticMeshes. If the material asset is not re-saved, it may not render correctly when run outside the editor. Fix
[2020.02.26-19.27.40:299][  0]LogMaterial: Warning: Material /Game/Assets/Windows/02_-_Default.02_-_Default needed to have new flag set bUsedWithInstancedStaticMeshes !
[2020.02.26-19.27.40:304][  0]LogMaterial: Display: Missing cached shader map for material 02_-_Default, compiling. 
[2020.02.26-19.27.40:340][  0]MapCheck: Warning: 02_-_Default Material /Game/Assets/Windows/02_-_Default.02_-_Default was missing the usage flag bUsedWithInstancedStaticMeshes. If the material asset is not re-saved, it may not render correctly when run outside the editor. Fix
[2020.02.26-19.27.40:342][  0]LogMaterial: Warning: Material /Game/Assets/Windows/08_-_Default.08_-_Default needed to have new flag set bUsedWithInstancedStaticMeshes !
[2020.02.26-19.27.40:345][  0]LogMaterial: Display: Missing cached shader map for material 08_-_Default, compiling. 
[2020.02.26-19.27.40:373][  0]MapCheck: Warning: 08_-_Default Material /Game/Assets/Windows/08_-_Default.08_-_Default was missing the usage flag bUsedWithInstancedStaticMeshes. If the material asset is not re-saved, it may not render correctly when run outside the editor. Fix
[2020.02.26-19.27.42:742][  0]LogEditorServer: Finished looking for orphan Actors (0.001 secs)
[2020.02.26-19.27.42:895][  0]LogUObjectHash: Compacting FUObjectHashTables data took   6.52ms
[2020.02.26-19.27.42:895][  0]Cmd: MAP CHECKDEP NOCLEARLOG
[2020.02.26-19.27.42:896][  0]MapCheck: Map check complete: 0 Error(s), 3 Warning(s), took 0.687ms to complete.
[2020.02.26-19.27.42:903][  0]LogFileHelpers: Loading map 'GreyBoxLVL4' took 6.258
[2020.02.26-19.27.43:103][  0]LogSlate: Updating window title bar state: overlay mode, drag disabled, window buttons hidden, title bar hidden
[2020.02.26-19.27.43:123][  0]LogSlate: Updating window title bar state: overlay mode, drag disabled, window buttons hidden, title bar hidden
[2020.02.26-19.27.43:140][  0]LogSlate: Updating window title bar state: overlay mode, drag disabled, window buttons hidden, title bar hidden
[2020.02.26-19.27.43:157][  0]LogSlate: Updating window title bar state: overlay mode, drag disabled, window buttons hidden, title bar hidden
[2020.02.26-19.27.43:168][  0]LogCollectionManager: Loaded 0 collections in 0.001974 seconds
[2020.02.26-19.27.43:332][  0]LogFileCache: Scanning file cache for directory 'C:/SeniorProject/PollutionProject/SeniorProject/Saved/Collections/' took 0.11s
[2020.02.26-19.27.43:332][  0]LogFileCache: Scanning file cache for directory 'C:/SeniorProject/PollutionProject/SeniorProject/Content/Developers/Greg/Collections/' took 0.02s
[2020.02.26-19.27.43:332][  0]LogFileCache: Scanning file cache for directory 'C:/SeniorProject/PollutionProject/SeniorProject/Content/Collections/' took 0.03s
[2020.02.26-19.27.43:333][  0]LogCollectionManager: Rebuilt the GUID cache for 0 collections in 0.000000 seconds
[2020.02.26-19.27.43:353][  0]LogContentBrowser: Native class hierarchy populated in 0.0198 seconds. Added 2876 classes and 729 folders.
[2020.02.26-19.27.43:363][  0]LogContentBrowser: Native class hierarchy updated for 'WidgetCarousel' in 0.0006 seconds. Added 0 classes and 0 folders.
[2020.02.26-19.27.43:365][  0]LogPakFile: Registered encryption key '00000000000000000000000000000000': 0 pak files mounted, 0 remain pending
[2020.02.26-19.27.43:366][  0]LogPakFile: Registered encryption key '00000000000000000000000000000000': 0 pak files mounted, 0 remain pending
[2020.02.26-19.27.43:367][  0]LogPakFile: Registered encryption key '00000000000000000000000000000000': 0 pak files mounted, 0 remain pending
[2020.02.26-19.27.43:368][  0]LogPakFile: Registered encryption key '00000000000000000000000000000000': 0 pak files mounted, 0 remain pending
[2020.02.26-19.27.43:369][  0]LogPakFile: Registered encryption key '00000000000000000000000000000000': 0 pak files mounted, 0 remain pending
[2020.02.26-19.27.43:370][  0]LogPakFile: Registered encryption key '00000000000000000000000000000000': 0 pak files mounted, 0 remain pending
[2020.02.26-19.27.43:371][  0]LogPakFile: Registered encryption key '00000000000000000000000000000000': 0 pak files mounted, 0 remain pending
[2020.02.26-19.27.43:372][  0]LogPakFile: Registered encryption key '00000000000000000000000000000000': 0 pak files mounted, 0 remain pending
[2020.02.26-19.27.43:374][  0]LogPakFile: Registered encryption key '00000000000000000000000000000000': 0 pak files mounted, 0 remain pending
[2020.02.26-19.27.43:375][  0]LogPakFile: Registered encryption key '00000000000000000000000000000000': 0 pak files mounted, 0 remain pending
[2020.02.26-19.27.43:376][  0]LogPakFile: Registered encryption key '00000000000000000000000000000000': 0 pak files mounted, 0 remain pending
[2020.02.26-19.27.43:376][  0]LogPakFile: Registered encryption key '00000000000000000000000000000000': 0 pak files mounted, 0 remain pending
[2020.02.26-19.27.43:377][  0]LogPakFile: Registered encryption key '00000000000000000000000000000000': 0 pak files mounted, 0 remain pending
[2020.02.26-19.27.43:378][  0]LogPakFile: Registered encryption key '00000000000000000000000000000000': 0 pak files mounted, 0 remain pending
[2020.02.26-19.27.43:379][  0]LogPakFile: Registered encryption key '00000000000000000000000000000000': 0 pak files mounted, 0 remain pending
[2020.02.26-19.27.43:380][  0]LogPakFile: Registered encryption key '00000000000000000000000000000000': 0 pak files mounted, 0 remain pending
[2020.02.26-19.27.43:381][  0]LogPakFile: Registered encryption key '00000000000000000000000000000000': 0 pak files mounted, 0 remain pending
[2020.02.26-19.27.43:383][  0]LogPakFile: Registered encryption key '00000000000000000000000000000000': 0 pak files mounted, 0 remain pending
[2020.02.26-19.27.43:384][  0]LogPakFile: Registered encryption key '00000000000000000000000000000000': 0 pak files mounted, 0 remain pending
[2020.02.26-19.27.43:385][  0]LogPakFile: Registered encryption key '00000000000000000000000000000000': 0 pak files mounted, 0 remain pending
[2020.02.26-19.27.43:386][  0]LogPakFile: Registered encryption key '00000000000000000000000000000000': 0 pak files mounted, 0 remain pending
[2020.02.26-19.27.43:387][  0]LogPakFile: Registered encryption key '00000000000000000000000000000000': 0 pak files mounted, 0 remain pending
[2020.02.26-19.27.43:388][  0]LogPakFile: Registered encryption key '00000000000000000000000000000000': 0 pak files mounted, 0 remain pending
[2020.02.26-19.27.43:390][  0]LogPakFile: Registered encryption key '00000000000000000000000000000000': 0 pak files mounted, 0 remain pending
[2020.02.26-19.27.43:392][  0]LogPakFile: Registered encryption key '00000000000000000000000000000000': 0 pak files mounted, 0 remain pending
[2020.02.26-19.27.43:394][  0]LogPakFile: Registered encryption key '00000000000000000000000000000000': 0 pak files mounted, 0 remain pending
[2020.02.26-19.27.43:394][  0]LogPakFile: Registered encryption key '00000000000000000000000000000000': 0 pak files mounted, 0 remain pending
[2020.02.26-19.27.43:395][  0]LogPakFile: Registered encryption key '00000000000000000000000000000000': 0 pak files mounted, 0 remain pending
[2020.02.26-19.27.43:441][  0]LogContentBrowser: Native class hierarchy updated for 'AddContentDialog' in 0.0007 seconds. Added 0 classes and 0 folders.
[2020.02.26-19.27.43:449][  0]LogContentBrowser: Native class hierarchy updated for 'SceneOutliner' in 0.0007 seconds. Added 1 classes and 0 folders.
[2020.02.26-19.27.43:471][  0]LogSlate: Took 0.000257 seconds to synchronously load lazily loaded font '../../../Engine/Content/Slate/Fonts/Roboto-Regular.ttf' (155K)
[2020.02.26-19.27.43:475][  0]LogSlate: Took 0.000288 seconds to synchronously load lazily loaded font '../../../Engine/Content/Slate/Fonts/Roboto-Bold.ttf' (160K)
[2020.02.26-19.27.43:487][  0]LogSlate: Took 0.000273 seconds to synchronously load lazily loaded font '../../../Engine/Content/Editor/Slate/Fonts/FontAwesome.ttf' (139K)
[2020.02.26-19.27.43:490][  0]LogSlate: Took 0.000178 seconds to synchronously load lazily loaded font '../../../Engine/Content/Slate/Fonts/DroidSansMono.ttf' (77K)
[2020.02.26-19.27.43:671][  0]LogRenderer: Reallocating scene render targets to support 904x424 Format 10 NumSamples 1 (Frame:1).
[2020.02.26-19.27.43:753][  0]LogStaticMesh: Allocated 512x448x64 distance field atlas = 28.0Mb, with 153 objects containing 22.9Mb backing data
[2020.02.26-19.27.44:287][  0]LogContentBrowser: Native class hierarchy updated for 'HierarchicalLODOutliner' in 0.0007 seconds. Added 0 classes and 0 folders.
[2020.02.26-19.27.44:288][  0]LogLoad: (Engine Initialization) Total time: 30.05 seconds
[2020.02.26-19.27.44:288][  0]LogLoad: (Engine Initialization) Total Blueprint compile time: 0.00 seconds
[2020.02.26-19.27.44:348][  0]LogEditorViewport: Clicking on Actor (LMB): StaticMeshActor (Road17)
[2020.02.26-19.27.44:580][  0]LogContentStreaming: Texture pool size now 1000 MB
[2020.02.26-19.27.44:734][  1]LogAssetRegistry: Asset discovery search completed in 22.8296 seconds
[2020.02.26-19.27.44:740][  1]LogCollectionManager: Rebuilt the object cache for 0 collections in 0.000001 seconds (found 0 objects)
[2020.02.26-19.27.44:740][  1]LogCollectionManager: Fixed up redirectors for 0 collections in 0.000477 seconds (updated 0 objects)
[2020.02.26-19.27.49:678][242]LogFileCache: Retrieving MD5 hashes for directory 'C:/SeniorProject/PollutionProject/SeniorProject/Content/' took 5.17s
[2020.02.26-19.28.16:800][ 65]LogSlate: FSceneViewport::OnFocusLost() reason 0
[2020.02.26-19.28.17:610][113]LogTemp: Repeating last play command: Selected Viewport
[2020.02.26-19.28.17:640][113]LogBlueprintUserMessages: Early PlayInEditor Detection: Level '/Game/Levels/GreyBoxLVL4.GreyBoxLVL4:PersistentLevel' has LevelScriptBlueprint '/Game/Levels/GreyBoxLVL4.GreyBoxLVL4:PersistentLevel.GreyBoxLVL4' with GeneratedClass '/Game/Levels/GreyBoxLVL4.GreyBoxLVL4_C' with ClassGeneratedBy '/Game/Levels/GreyBoxLVL4.GreyBoxLVL4:PersistentLevel.GreyBoxLVL4'
[2020.02.26-19.28.17:641][113]LogPlayLevel: PlayLevel: No blueprints needed recompiling
[2020.02.26-19.28.17:642][113]PIE: New page: PIE session: GreyBoxLVL4 (Feb 26, 2020, 9:28:17 AM)
[2020.02.26-19.28.17:662][113]LogPlayLevel: Creating play world package: /Game/Levels/UEDPIE_0_GreyBoxLVL4
[2020.02.26-19.28.18:231][113]LogPlayLevel: PIE: StaticDuplicateObject took: (0.568280s)
[2020.02.26-19.28.18:232][113]LogAIModule: Creating AISystem for world GreyBoxLVL4
[2020.02.26-19.28.18:233][113]LogPlayLevel: PIE: World Init took: (0.000991s)
[2020.02.26-19.28.18:234][113]LogPlayLevel: PIE: Created PIE world by copying editor world from /Game/Levels/GreyBoxLVL4.GreyBoxLVL4 to /Game/Levels/UEDPIE_0_GreyBoxLVL4.GreyBoxLVL4 (0.571355s)
[2020.02.26-19.28.18:261][113]LogUObjectHash: Compacting FUObjectHashTables data took   1.75ms
[2020.02.26-19.28.18:315][113]LogInit: XAudio2 using 'Speakers (Realtek High Definition Audio)' : 6 channels at 48 kHz using 32 bits per sample (channel mask 0x3f)
[2020.02.26-19.28.18:505][113]LogInit: FAudioDevice initialized.
[2020.02.26-19.28.18:580][113]LogLoad: Game class is 'FirstPersonGameMode_C'
[2020.02.26-19.28.18:740][113]LogWorld: Bringing World /Game/Levels/UEDPIE_0_GreyBoxLVL4.GreyBoxLVL4 up for play (max tick rate 60) at 2020.02.26-14.28.18
[2020.02.26-19.28.18:785][113]LogWorld: Bringing up level for play took: 0.203262
[2020.02.26-19.28.18:807][113]LogContentBrowser: Native class hierarchy updated for 'MovieSceneCapture' in 0.0009 seconds. Added 20 classes and 0 folders.
[2020.02.26-19.28.18:808][113]LogScript: Warning: Script Msg: Attempted to access index 0 from array 'CallFunc_GetAllActorsOfClass_OutActors' of length 0 in '/Game/BP/Log.Log_C:ExecuteUbergraph_Log'!
[2020.02.26-19.28.18:809][113]LogScript: Warning: Script Msg: Attempted to access index 0 from array 'CallFunc_GetAllActorsOfClass_OutActors' of length 0 in '/Game/FinishStopper.FinishStopper_C:ExecuteUbergraph_FinishStopper'!
[2020.02.26-19.28.18:810][113]LogScript: Warning: Script Msg: Attempted to access index 0 from array 'CallFunc_GetAllActorsOfClass_OutActors' of length 0 in '/Game/BP/Checkpoint.Checkpoint_C:ExecuteUbergraph_Checkpoint'!
[2020.02.26-19.28.18:811][113]LogScript: Warning: Script Msg: Attempted to access index 0 from array 'CallFunc_GetAllActorsOfClass_OutActors' of length 0 in '/Game/BP/Checkpoint.Checkpoint_C:ExecuteUbergraph_Checkpoint'!
[2020.02.26-19.28.18:811][113]LogScript: Warning: Script Msg: Attempted to access index 0 from array 'CallFunc_GetAllActorsOfClass_OutActors' of length 0 in '/Game/BP/OutroTrigger.OutroTrigger_C:ExecuteUbergraph_OutroTrigger'!
[2020.02.26-19.28.18:812][113]LogScript: Warning: Script Msg: Attempted to access index 0 from array 'CallFunc_GetAllActorsOfClass_OutActors' of length 0 in '/Game/BP/InteractiveLog.InteractiveLog_C:ExecuteUbergraph_InteractiveLog'!
[2020.02.26-19.28.18:813][113]LogScript: Warning: Script Msg: Attempted to access index 0 from array 'CallFunc_GetAllActorsOfClass_OutActors' of length 0 in '/Game/BP/Respawn.Respawn_C:ExecuteUbergraph_Respawn'!
[2020.02.26-19.28.18:813][113]LogScript: Warning: Script Msg: Attempted to access index 0 from array 'CallFunc_GetAllActorsOfClass_OutActors' of length 0 in '/Game/BP/Respawn.Respawn_C:ExecuteUbergraph_Respawn'!
[2020.02.26-19.28.18:818][113]PIE: Play in editor start time for /Game/Levels/UEDPIE_0_GreyBoxLVL4 1.982
[2020.02.26-19.28.18:819][113]LogBlueprintUserMessages: Late PlayInEditor Detection: Level '/Game/Levels/GreyBoxLVL4.GreyBoxLVL4:PersistentLevel' has LevelScriptBlueprint '/Game/Levels/GreyBoxLVL4.GreyBoxLVL4:PersistentLevel.GreyBoxLVL4' with GeneratedClass '/Game/Levels/GreyBoxLVL4.GreyBoxLVL4_C' with ClassGeneratedBy '/Game/Levels/GreyBoxLVL4.GreyBoxLVL4:PersistentLevel.GreyBoxLVL4'
[2020.02.26-19.29.46:027][308]LogUnrealEdMisc: Warning: Heartbeat event firing too frequently (0.000 sec). This should never happen. Something is wrong with the timer delegate!
[2020.02.26-19.29.46:689][311]LogSlate: FSceneViewport::OnFocusLost() reason 2
[2020.02.26-19.30.00:097][740]LogSlate: FSceneViewport::OnFocusLost() reason 2
[2020.02.26-19.30.27:020][900]LogSlate: FSceneViewport::OnFocusLost() reason 2
[2020.02.26-19.30.32:879][961]LogSlate: FSceneViewport::OnFocusLost() reason 2
[2020.02.26-19.30.34:588][ 59]LogBlueprintUserMessages: Early EndPlayMap Detection: Level '/Game/Levels/GreyBoxLVL4.GreyBoxLVL4:PersistentLevel' has LevelScriptBlueprint '/Game/Levels/GreyBoxLVL4.GreyBoxLVL4:PersistentLevel.GreyBoxLVL4' with GeneratedClass '/Game/Levels/GreyBoxLVL4.GreyBoxLVL4_C' with ClassGeneratedBy '/Game/Levels/GreyBoxLVL4.GreyBoxLVL4:PersistentLevel.GreyBoxLVL4'
[2020.02.26-19.30.34:694][ 59]LogSlate: Updating window title bar state: overlay mode, drag disabled, window buttons hidden, title bar hidden
[2020.02.26-19.30.34:902][ 59]LogPlayLevel: Display: Shutting down PIE online subsystems
[2020.02.26-19.30.34:922][ 59]LogBlueprintUserMessages: Late EndPlayMap Detection: Level '/Game/Levels/GreyBoxLVL4.GreyBoxLVL4:PersistentLevel' has LevelScriptBlueprint '/Game/Levels/GreyBoxLVL4.GreyBoxLVL4:PersistentLevel.GreyBoxLVL4' with GeneratedClass '/Game/Levels/GreyBoxLVL4.GreyBoxLVL4_C' with ClassGeneratedBy '/Game/Levels/GreyBoxLVL4.GreyBoxLVL4:PersistentLevel.GreyBoxLVL4'
[2020.02.26-19.30.34:996][ 59]LogSlate: Updating window title bar state: overlay mode, drag disabled, window buttons hidden, title bar hidden
[2020.02.26-19.30.35:062][ 59]LogUObjectHash: Compacting FUObjectHashTables data took   3.53ms
[2020.02.26-19.30.35:103][ 60]LogPlayLevel: Display: Destroying online subsystem :Context_1
