Log file open, 01/30/20 22:10:09
LogWindows: Failed to load 'aqProf.dll' (GetLastError=126)
LogWindows: File 'aqProf.dll' does not exist
LogWindows: Failed to load 'VtuneApi.dll' (GetLastError=126)
LogWindows: File 'VtuneApi.dll' does not exist
LogWindows: Failed to load 'VtuneApi32e.dll' (GetLastError=126)
LogWindows: File 'VtuneApi32e.dll' does not exist
LogConsoleResponse: Display: Failed to find resolution value strings in scalability ini. Falling back to default.
LogInit: Display: Running engine for game: SeniorProject
LogPakFile: Registered encryption key '00000000000000000000000000000000': 0 pak files mounted, 0 remain pending
LogPlatformFile: Not using cached read wrapper
LogTaskGraph: Started task graph with 5 named threads and 23 total threads with 3 sets of task threads.
LogStats: Stats thread started at 1.175280
LogD3D11RHI: Loaded GFSDK_Aftermath_Lib.x64.dll
LogICUInternationalization: ICU TimeZone Detection - Raw Offset: -5:00, Platform Override: ''
LogPluginManager: Mounting plugin Paper2D
LogPluginManager: Mounting plugin AISupport
LogPluginManager: Mounting plugin LightPropagationVolume
LogPluginManager: Mounting plugin ActorLayerUtilities
LogPluginManager: Mounting plugin AnimationSharing
LogPluginManager: Mounting plugin CLionSourceCodeAccess
LogPluginManager: Mounting plugin CodeLiteSourceCodeAccess
LogPluginManager: Mounting plugin GitSourceControl
LogPluginManager: Mounting plugin KDevelopSourceCodeAccess
LogPluginManager: Mounting plugin NullSourceCodeAccess
LogPluginManager: Mounting plugin PerforceSourceControl
LogPluginManager: Mounting plugin SubversionSourceControl
LogPluginManager: Mounting plugin UObjectPlugin
LogPluginManager: Mounting plugin VisualStudioCodeSourceCodeAccess
LogPluginManager: Mounting plugin VisualStudioSourceCodeAccess
LogPluginManager: Mounting plugin XCodeSourceCodeAccess
LogPluginManager: Mounting plugin AssetManagerEditor
LogPluginManager: Mounting plugin CryptoKeys
LogPluginManager: Mounting plugin DataValidation
LogPluginManager: Mounting plugin EditorScriptingUtilities
LogPluginManager: Mounting plugin FacialAnimation
LogPluginManager: Mounting plugin GameplayTagsEditor
LogPluginManager: Mounting plugin GLTFImporter
LogPluginManager: Mounting plugin MacGraphicsSwitching
LogPluginManager: Mounting plugin MaterialAnalyzer
LogPluginManager: Mounting plugin MeshEditor
LogPluginManager: Mounting plugin MobileLauncherProfileWizard
LogPluginManager: Mounting plugin PluginBrowser
LogPluginManager: Mounting plugin SpeedTreeImporter
LogPluginManager: Mounting plugin DatasmithContent
LogPluginManager: Mounting plugin VariantManagerContent
LogPluginManager: Mounting plugin AlembicImporter
LogPluginManager: Mounting plugin AppleImageUtils
LogPluginManager: Mounting plugin AppleVision
LogPluginManager: Mounting plugin BackChannel
LogPluginManager: Mounting plugin BlastPlugin
LogPluginManager: Mounting plugin ChaosSolverPlugin
LogPluginManager: Mounting plugin CharacterAI
LogPluginManager: Mounting plugin GeometryCache
LogPluginManager: Mounting plugin GeometryCollectionPlugin
LogPluginManager: Mounting plugin HTML5Networking
LogPluginManager: Mounting plugin ProxyLODPlugin
LogPluginManager: Mounting plugin SkeletalReduction
LogPluginManager: Mounting plugin MagicLeap
LogPluginManager: Mounting plugin MagicLeapMedia
LogPluginManager: Mounting plugin AndroidMedia
LogPluginManager: Mounting plugin AvfMedia
LogPluginManager: Mounting plugin ImgMedia
LogPluginManager: Mounting plugin LinearTimecode
LogPluginManager: Mounting plugin MediaCompositing
LogPluginManager: Mounting plugin MediaPlayerEditor
LogPluginManager: Mounting plugin WebMMedia
LogPluginManager: Mounting plugin WmfMedia
LogPluginManager: Mounting plugin TcpMessaging
LogPluginManager: Mounting plugin UdpMessaging
LogPluginManager: Mounting plugin ActorSequence
LogPluginManager: Mounting plugin LevelSequenceEditor
LogPluginManager: Mounting plugin MatineeToLevelSequence
LogPluginManager: Mounting plugin NetcodeUnitTest
LogPluginManager: Mounting plugin NUTUnrealEngine4
LogPluginManager: Mounting plugin OnlineSubsystemGooglePlay
LogPluginManager: Mounting plugin OnlineSubsystemIOS
LogPluginManager: Mounting plugin OnlineSubsystem
LogPluginManager: Mounting plugin OnlineSubsystemNull
LogPluginManager: Mounting plugin OnlineSubsystemUtils
LogPluginManager: Mounting plugin LauncherChunkInstaller
LogPluginManager: Mounting plugin AndroidDeviceProfileSelector
LogPluginManager: Mounting plugin AndroidMoviePlayer
LogPluginManager: Mounting plugin AndroidPermission
LogPluginManager: Mounting plugin AppleMoviePlayer
LogPluginManager: Mounting plugin ArchVisCharacter
LogPluginManager: Mounting plugin AudioCapture
LogPluginManager: Mounting plugin CableComponent
LogPluginManager: Mounting plugin CustomMeshComponent
LogPluginManager: Mounting plugin EditableMesh
LogPluginManager: Mounting plugin ExampleDeviceProfileSelector
LogPluginManager: Mounting plugin Firebase
LogPluginManager: Mounting plugin GoogleCloudMessaging
LogPluginManager: Mounting plugin IOSDeviceProfileSelector
LogPluginManager: Mounting plugin LinuxDeviceProfileSelector
LogPluginManager: Mounting plugin LocationServicesBPLibrary
LogPluginManager: Mounting plugin MobilePatchingUtils
LogPluginManager: Mounting plugin OculusVR
LogPluginManager: Mounting plugin PhysXVehicles
LogPluginManager: Mounting plugin ProceduralMeshComponent
LogPluginManager: Mounting plugin RuntimePhysXCooking
LogPluginManager: Mounting plugin SignificanceManager
LogPluginManager: Mounting plugin SteamVR
LogPluginManager: Mounting plugin WebMMoviePlayer
LogPluginManager: Mounting plugin WindowsMoviePlayer
LogPluginManager: Mounting plugin DatasmithCADImporter
LogPluginManager: Mounting plugin DatasmithDataPrepEditor
LogPluginManager: Mounting plugin DatasmithFBXImporter
LogPluginManager: Mounting plugin DatasmithGLTFImporter
LogPluginManager: Mounting plugin DatasmithImporter
LogPluginManager: Mounting plugin MDLImporter
LogPluginManager: Mounting plugin StaticMeshEditorExtension
LogPluginManager: Mounting plugin VariantManager
LogInit: Using libcurl 7.55.1-DEV
LogInit:  - built for x86_64-pc-win32
LogInit:  - supports SSL with OpenSSL/1.1.1
LogInit:  - supports HTTP deflate (compression) using libz 1.2.8
LogInit:  - other features:
LogInit:      CURL_VERSION_SSL
LogInit:      CURL_VERSION_LIBZ
LogInit:      CURL_VERSION_IPV6
LogInit:      CURL_VERSION_ASYNCHDNS
LogInit:      CURL_VERSION_LARGEFILE
LogInit:      CURL_VERSION_IDN
LogInit:  CurlRequestOptions (configurable via config and command line):
LogInit:  - bVerifyPeer = true  - Libcurl will verify peer certificate
LogInit:  - bUseHttpProxy = false  - Libcurl will NOT use HTTP proxy
LogInit:  - bDontReuseConnections = false  - Libcurl will reuse connections
LogInit:  - MaxHostConnections = 16  - Libcurl will limit the number of connections to a host
LogInit:  - LocalHostAddr = Default
LogInit:  - BufferSize = 65536
LogInit: WinSock: version 1.1 (2.2), MaxSocks=32767, MaxUdp=65467
LogHMD: Failed initializing OVRPlugin 1.32.0
LogInit: Build: ++UE4+Release-4.22-CL-7053642
LogInit: Engine Version: 4.22.3-7053642+++UE4+Release-4.22
LogInit: Compatible Engine Version: 4.22.0-5660361+++UE4+Release-4.22
LogInit: Net CL: 5660361
LogInit: OS: Windows 10 (Release 1903) (), CPU: Intel(R) Core(TM) i7-6700K CPU @ 4.00GHz, GPU: NVIDIA GeForce RTX 2080
LogInit: Compiled (64-bit): Jun 18 2019 03:09:11
LogInit: Compiled with Visual C++: 19.16.27025.01
LogInit: Build Configuration: Development
LogInit: Branch Name: ++UE4+Release-4.22
LogInit: Command Line:  -skipcompile
LogInit: Base Directory: C:/Program Files/Epic Games/UE_4.22/Engine/Binaries/Win64/
LogInit: Installed Engine Build: 1
LogDevObjectVersion: Number of dev versions registered: 23
LogDevObjectVersion:   Dev-Blueprints (B0D832E4-1F89-4F0D-ACCF-7EB736FD4AA2): 10
LogDevObjectVersion:   Dev-Build (E1C64328-A22C-4D53-A36C-8E866417BD8C): 0
LogDevObjectVersion:   Dev-Core (375EC13C-06E4-48FB-B500-84F0262A717E): 3
LogDevObjectVersion:   Dev-Editor (E4B068ED-F494-42E9-A231-DA0B2E46BB41): 30
LogDevObjectVersion:   Dev-Framework (CFFC743F-43B0-4480-9391-14DF171D2073): 35
LogDevObjectVersion:   Dev-Mobile (B02B49B5-BB20-44E9-A304-32B752E40360): 2
LogDevObjectVersion:   Dev-Networking (A4E4105C-59A1-49B5-A7C5-40C4547EDFEE): 0
LogDevObjectVersion:   Dev-Online (39C831C9-5AE6-47DC-9A44-9C173E1C8E7C): 0
LogDevObjectVersion:   Dev-Physics (78F01B33-EBEA-4F98-B9B4-84EACCB95AA2): 0
LogDevObjectVersion:   Dev-Platform (6631380F-2D4D-43E0-8009-CF276956A95A): 0
LogDevObjectVersion:   Dev-Rendering (12F88B9F-8875-4AFC-A67C-D90C383ABD29): 28
LogDevObjectVersion:   Dev-Sequencer (7B5AE74C-D270-4C10-A958-57980B212A5A): 11
LogDevObjectVersion:   Dev-VR (D7296918-1DD6-4BDD-9DE2-64A83CC13884): 2
LogDevObjectVersion:   Dev-LoadTimes (C2A15278-BFE7-4AFE-6C17-90FF531DF755): 1
LogDevObjectVersion:   Private-Geometry (6EACA3D4-40EC-4CC1-B786-8BED09428FC5): 3
LogDevObjectVersion:   Dev-AnimPhys (29E575DD-E0A3-4627-9D10-D276232CDCEA): 17
LogDevObjectVersion:   Dev-Anim (AF43A65D-7FD3-4947-9873-3E8ED9C1BB05): 2
LogDevObjectVersion:   Dev-ReflectionCapture (6B266CEC-1EC7-4B8F-A30B-E4D90942FC07): 1
LogDevObjectVersion:   Dev-Automation (0DF73D61-A23F-47EA-B727-89E90C41499A): 1
LogDevObjectVersion:   FortniteMain (601D1886-AC64-4F84-AA16-D3DE0DEAC7D6): 25
LogDevObjectVersion:   Dev-Enterprise (9DFFBCD6-494F-0158-E221-12823C92A888): 6
LogDevObjectVersion:   Dev-Niagara (F2AED0AC-9AFE-416F-8664-AA7FFA26D6FC): 1
LogDevObjectVersion:   Dev-Destruction (174F1F0B-B4C6-45A5-B13F-2EE8D0FB917D): 2
LogInit: Presizing for max 16777216 objects, including 0 objects not considered by GC, pre-allocating 0 bytes for permanent pool.
LogInit: Object subsystem initialized
LogConfig: Setting CVar [[con.DebugEarlyDefault:1]]
LogConfig: Setting CVar [[r.setres:1280x720]]
[2020.01.31-03.10.22:111][  0]LogConfig: Setting CVar [[r.VSync:0]]
[2020.01.31-03.10.22:111][  0]LogConfig: Setting CVar [[r.RHICmdBypass:0]]
[2020.01.31-03.10.22:111][  0]LogConfig: Applying CVar settings from Section [/Script/Engine.RendererSettings] File [E:/SeniorProject/PollutionProject/SeniorProject/Saved/Config/Windows/Engine.ini]
[2020.01.31-03.10.22:111][  0]LogConfig: Setting CVar [[r.GPUCrashDebugging:0]]
[2020.01.31-03.10.22:111][  0]LogConfig: Setting CVar [[r.DefaultFeature.AutoExposure.ExtendDefaultLuminanceRange:1]]
[2020.01.31-03.10.22:111][  0]LogConfig: Setting CVar [[r.GenerateMeshDistanceFields:1]]
[2020.01.31-03.10.22:111][  0]LogConfig: Applying CVar settings from Section [/Script/Engine.RendererOverrideSettings] File [E:/SeniorProject/PollutionProject/SeniorProject/Saved/Config/Windows/Engine.ini]
[2020.01.31-03.10.22:111][  0]LogConfig: Applying CVar settings from Section [/Script/Engine.StreamingSettings] File [E:/SeniorProject/PollutionProject/SeniorProject/Saved/Config/Windows/Engine.ini]
[2020.01.31-03.10.22:111][  0]LogConfig: Setting CVar [[s.MinBulkDataSizeForAsyncLoading:131072]]
[2020.01.31-03.10.22:111][  0]LogConfig: Setting CVar [[s.AsyncLoadingThreadEnabled:0]]
[2020.01.31-03.10.22:111][  0]LogConfig: Setting CVar [[s.EventDrivenLoaderEnabled:1]]
[2020.01.31-03.10.22:112][  0]LogConfig: Setting CVar [[s.WarnIfTimeLimitExceeded:0]]
[2020.01.31-03.10.22:112][  0]LogConfig: Setting CVar [[s.TimeLimitExceededMultiplier:1.5]]
[2020.01.31-03.10.22:112][  0]LogConfig: Setting CVar [[s.TimeLimitExceededMinTime:0.005]]
[2020.01.31-03.10.22:112][  0]LogConfig: Setting CVar [[s.UseBackgroundLevelStreaming:1]]
[2020.01.31-03.10.22:112][  0]LogConfig: Setting CVar [[s.PriorityAsyncLoadingExtraTime:15.0]]
[2020.01.31-03.10.22:112][  0]LogConfig: Setting CVar [[s.LevelStreamingActorsUpdateTimeLimit:5.0]]
[2020.01.31-03.10.22:112][  0]LogConfig: Setting CVar [[s.PriorityLevelStreamingActorsUpdateExtraTime:5.0]]
[2020.01.31-03.10.22:112][  0]LogConfig: Setting CVar [[s.LevelStreamingComponentsRegistrationGranularity:10]]
[2020.01.31-03.10.22:112][  0]LogConfig: Setting CVar [[s.UnregisterComponentsTimeLimit:1.0]]
[2020.01.31-03.10.22:112][  0]LogConfig: Setting CVar [[s.LevelStreamingComponentsUnregistrationGranularity:5]]
[2020.01.31-03.10.22:112][  0]LogConfig: Applying CVar settings from Section [/Script/Engine.GarbageCollectionSettings] File [E:/SeniorProject/PollutionProject/SeniorProject/Saved/Config/Windows/Engine.ini]
[2020.01.31-03.10.22:112][  0]LogConfig: Setting CVar [[gc.MaxObjectsNotConsideredByGC:1]]
[2020.01.31-03.10.22:112][  0]LogConfig: Setting CVar [[gc.SizeOfPermanentObjectPool:0]]
[2020.01.31-03.10.22:112][  0]LogConfig: Setting CVar [[gc.FlushStreamingOnGC:0]]
[2020.01.31-03.10.22:112][  0]LogConfig: Setting CVar [[gc.NumRetriesBeforeForcingGC:10]]
[2020.01.31-03.10.22:112][  0]LogConfig: Setting CVar [[gc.AllowParallelGC:1]]
[2020.01.31-03.10.22:113][  0]LogConfig: Setting CVar [[gc.TimeBetweenPurgingPendingKillObjects:61.1]]
[2020.01.31-03.10.22:113][  0]LogConfig: Setting CVar [[gc.MaxObjectsInEditor:16777216]]
[2020.01.31-03.10.22:113][  0]LogConfig: Setting CVar [[gc.IncrementalBeginDestroyEnabled:1]]
[2020.01.31-03.10.22:113][  0]LogConfig: Setting CVar [[gc.CreateGCClusters:1]]
[2020.01.31-03.10.22:113][  0]LogConfig: Setting CVar [[gc.MinGCClusterSize:5]]
[2020.01.31-03.10.22:113][  0]LogConfig: Setting CVar [[gc.ActorClusteringEnabled:0]]
[2020.01.31-03.10.22:113][  0]LogConfig: Setting CVar [[gc.BlueprintClusteringEnabled:0]]
[2020.01.31-03.10.22:113][  0]LogConfig: Setting CVar [[gc.UseDisregardForGCOnDedicatedServers:0]]
[2020.01.31-03.10.22:113][  0]LogConfig: Applying CVar settings from Section [/Script/Engine.NetworkSettings] File [E:/SeniorProject/PollutionProject/SeniorProject/Saved/Config/Windows/Engine.ini]
[2020.01.31-03.10.22:113][  0]LogConfig: Applying CVar settings from Section [/Script/UnrealEd.CookerSettings] File [E:/SeniorProject/PollutionProject/SeniorProject/Saved/Config/Windows/Engine.ini]
[2020.01.31-03.10.22:224][  0]LogConfig: Applying CVar settings from Section [ViewDistanceQuality@3] File [E:/SeniorProject/PollutionProject/SeniorProject/Saved/Config/Windows/Scalability.ini]
[2020.01.31-03.10.22:225][  0]LogConfig: Setting CVar [[r.SkeletalMeshLODBias:0]]
[2020.01.31-03.10.22:225][  0]LogConfig: Setting CVar [[r.ViewDistanceScale:1.0]]
[2020.01.31-03.10.22:225][  0]LogConfig: Applying CVar settings from Section [AntiAliasingQuality@3] File [E:/SeniorProject/PollutionProject/SeniorProject/Saved/Config/Windows/Scalability.ini]
[2020.01.31-03.10.22:225][  0]LogConfig: Setting CVar [[r.PostProcessAAQuality:4]]
[2020.01.31-03.10.22:225][  0]LogConfig: Applying CVar settings from Section [ShadowQuality@3] File [E:/SeniorProject/PollutionProject/SeniorProject/Saved/Config/Windows/Scalability.ini]
[2020.01.31-03.10.22:225][  0]LogConfig: Setting CVar [[r.LightFunctionQuality:1]]
[2020.01.31-03.10.22:225][  0]LogConfig: Setting CVar [[r.ShadowQuality:5]]
[2020.01.31-03.10.22:225][  0]LogConfig: Setting CVar [[r.Shadow.CSM.MaxCascades:10]]
[2020.01.31-03.10.22:225][  0]LogConfig: Setting CVar [[r.Shadow.MaxResolution:2048]]
[2020.01.31-03.10.22:225][  0]LogConfig: Setting CVar [[r.Shadow.MaxCSMResolution:2048]]
[2020.01.31-03.10.22:225][  0]LogConfig: Setting CVar [[r.Shadow.RadiusThreshold:0.01]]
[2020.01.31-03.10.22:225][  0]LogConfig: Setting CVar [[r.Shadow.DistanceScale:1.0]]
[2020.01.31-03.10.22:225][  0]LogConfig: Setting CVar [[r.Shadow.CSM.TransitionScale:1.0]]
[2020.01.31-03.10.22:225][  0]LogConfig: Setting CVar [[r.Shadow.PreShadowResolutionFactor:1.0]]
[2020.01.31-03.10.22:225][  0]LogConfig: Setting CVar [[r.DistanceFieldShadowing:1]]
[2020.01.31-03.10.22:225][  0]LogConfig: Setting CVar [[r.DistanceFieldAO:1]]
[2020.01.31-03.10.22:226][  0]LogConfig: Setting CVar [[r.AOQuality:2]]
[2020.01.31-03.10.22:226][  0]LogConfig: Setting CVar [[r.VolumetricFog:1]]
[2020.01.31-03.10.22:226][  0]LogConfig: Setting CVar [[r.VolumetricFog.GridPixelSize:8]]
[2020.01.31-03.10.22:226][  0]LogConfig: Setting CVar [[r.VolumetricFog.GridSizeZ:128]]
[2020.01.31-03.10.22:226][  0]LogConfig: Setting CVar [[r.VolumetricFog.HistoryMissSupersampleCount:4]]
[2020.01.31-03.10.22:226][  0]LogConfig: Setting CVar [[r.LightMaxDrawDistanceScale:1]]
[2020.01.31-03.10.22:226][  0]LogConfig: Setting CVar [[r.CapsuleShadows:1]]
[2020.01.31-03.10.22:226][  0]LogConfig: Applying CVar settings from Section [PostProcessQuality@3] File [E:/SeniorProject/PollutionProject/SeniorProject/Saved/Config/Windows/Scalability.ini]
[2020.01.31-03.10.22:226][  0]LogConfig: Setting CVar [[r.MotionBlurQuality:4]]
[2020.01.31-03.10.22:226][  0]LogConfig: Setting CVar [[r.AmbientOcclusionMipLevelFactor:0.4]]
[2020.01.31-03.10.22:226][  0]LogConfig: Setting CVar [[r.AmbientOcclusionMaxQuality:100]]
[2020.01.31-03.10.22:226][  0]LogConfig: Setting CVar [[r.AmbientOcclusionLevels:-1]]
[2020.01.31-03.10.22:226][  0]LogConfig: Setting CVar [[r.AmbientOcclusionRadiusScale:1.0]]
[2020.01.31-03.10.22:226][  0]LogConfig: Setting CVar [[r.DepthOfFieldQuality:2]]
[2020.01.31-03.10.22:226][  0]LogConfig: Setting CVar [[r.RenderTargetPoolMin:400]]
[2020.01.31-03.10.22:226][  0]LogConfig: Setting CVar [[r.LensFlareQuality:2]]
[2020.01.31-03.10.22:226][  0]LogConfig: Setting CVar [[r.SceneColorFringeQuality:1]]
[2020.01.31-03.10.22:227][  0]LogConfig: Setting CVar [[r.EyeAdaptationQuality:2]]
[2020.01.31-03.10.22:227][  0]LogConfig: Setting CVar [[r.BloomQuality:5]]
[2020.01.31-03.10.22:227][  0]LogConfig: Setting CVar [[r.FastBlurThreshold:100]]
[2020.01.31-03.10.22:227][  0]LogConfig: Setting CVar [[r.Upscale.Quality:3]]
[2020.01.31-03.10.22:227][  0]LogConfig: Setting CVar [[r.Tonemapper.GrainQuantization:1]]
[2020.01.31-03.10.22:227][  0]LogConfig: Setting CVar [[r.LightShaftQuality:1]]
[2020.01.31-03.10.22:227][  0]LogConfig: Setting CVar [[r.Filter.SizeScale:1]]
[2020.01.31-03.10.22:227][  0]LogConfig: Setting CVar [[r.Tonemapper.Quality:5]]
[2020.01.31-03.10.22:227][  0]LogConfig: Setting CVar [[r.DOF.Gather.AccumulatorQuality:1        ; higher gathering accumulator quality]]
[2020.01.31-03.10.22:227][  0]LogConfig: Setting CVar [[r.DOF.Gather.PostfilterMethod:1          ; Median3x3 postfilering method]]
[2020.01.31-03.10.22:227][  0]LogConfig: Setting CVar [[r.DOF.Gather.EnableBokehSettings:0       ; no bokeh simulation when gathering]]
[2020.01.31-03.10.22:227][  0]LogConfig: Setting CVar [[r.DOF.Gather.RingCount:4                 ; medium number of samples when gathering]]
[2020.01.31-03.10.22:227][  0]LogConfig: Setting CVar [[r.DOF.Scatter.ForegroundCompositing:1    ; additive foreground scattering]]
[2020.01.31-03.10.22:227][  0]LogConfig: Setting CVar [[r.DOF.Scatter.BackgroundCompositing:2    ; additive background scattering]]
[2020.01.31-03.10.22:227][  0]LogConfig: Setting CVar [[r.DOF.Scatter.EnableBokehSettings:1      ; bokeh simulation when scattering]]
[2020.01.31-03.10.22:227][  0]LogConfig: Setting CVar [[r.DOF.Scatter.MaxSpriteRatio:0.1         ; only a maximum of 10% of scattered bokeh]]
[2020.01.31-03.10.22:227][  0]LogConfig: Setting CVar [[r.DOF.Recombine.Quality:1                ; cheap slight out of focus]]
[2020.01.31-03.10.22:228][  0]LogConfig: Setting CVar [[r.DOF.Recombine.EnableBokehSettings:0    ; no bokeh simulation on slight out of focus]]
[2020.01.31-03.10.22:228][  0]LogConfig: Setting CVar [[r.DOF.TemporalAAQuality:1                ; more stable temporal accumulation]]
[2020.01.31-03.10.22:228][  0]LogConfig: Setting CVar [[r.DOF.Kernel.MaxForegroundRadius:0.025]]
[2020.01.31-03.10.22:228][  0]LogConfig: Setting CVar [[r.DOF.Kernel.MaxBackgroundRadius:0.025]]
[2020.01.31-03.10.22:228][  0]LogConfig: Applying CVar settings from Section [TextureQuality@3] File [E:/SeniorProject/PollutionProject/SeniorProject/Saved/Config/Windows/Scalability.ini]
[2020.01.31-03.10.22:228][  0]LogConfig: Setting CVar [[r.Streaming.MipBias:0]]
[2020.01.31-03.10.22:228][  0]LogConfig: Setting CVar [[r.Streaming.AmortizeCPUToGPUCopy:0]]
[2020.01.31-03.10.22:228][  0]LogConfig: Setting CVar [[r.Streaming.MaxNumTexturesToStreamPerFrame:0]]
[2020.01.31-03.10.22:228][  0]LogConfig: Setting CVar [[r.Streaming.Boost:1]]
[2020.01.31-03.10.22:228][  0]LogConfig: Setting CVar [[r.MaxAnisotropy:8]]
[2020.01.31-03.10.22:228][  0]LogConfig: Setting CVar [[r.Streaming.LimitPoolSizeToVRAM:0]]
[2020.01.31-03.10.22:228][  0]LogConfig: Setting CVar [[r.Streaming.PoolSize:1000]]
[2020.01.31-03.10.22:228][  0]LogConfig: Setting CVar [[r.Streaming.MaxEffectiveScreenSize:0]]
[2020.01.31-03.10.22:228][  0]LogConfig: Applying CVar settings from Section [EffectsQuality@3] File [E:/SeniorProject/PollutionProject/SeniorProject/Saved/Config/Windows/Scalability.ini]
[2020.01.31-03.10.22:228][  0]LogConfig: Setting CVar [[r.TranslucencyLightingVolumeDim:64]]
[2020.01.31-03.10.22:228][  0]LogConfig: Setting CVar [[r.RefractionQuality:2]]
[2020.01.31-03.10.22:229][  0]LogConfig: Setting CVar [[r.SSR.Quality:3]]
[2020.01.31-03.10.22:229][  0]LogConfig: Setting CVar [[r.SceneColorFormat:4]]
[2020.01.31-03.10.22:229][  0]LogConfig: Setting CVar [[r.DetailMode:2]]
[2020.01.31-03.10.22:229][  0]LogConfig: Setting CVar [[r.TranslucencyVolumeBlur:1]]
[2020.01.31-03.10.22:229][  0]LogConfig: Setting CVar [[r.MaterialQualityLevel:1 ; High quality]]
[2020.01.31-03.10.22:229][  0]LogConfig: Setting CVar [[r.SSS.Scale:1]]
[2020.01.31-03.10.22:229][  0]LogConfig: Setting CVar [[r.SSS.SampleSet:2]]
[2020.01.31-03.10.22:229][  0]LogConfig: Setting CVar [[r.SSS.Quality:1]]
[2020.01.31-03.10.22:229][  0]LogConfig: Setting CVar [[r.SSS.HalfRes:1]]
[2020.01.31-03.10.22:229][  0]LogConfig: Setting CVar [[r.EmitterSpawnRateScale:1.0]]
[2020.01.31-03.10.22:229][  0]LogConfig: Setting CVar [[r.ParticleLightQuality:2]]
[2020.01.31-03.10.22:229][  0]LogConfig: Applying CVar settings from Section [FoliageQuality@3] File [E:/SeniorProject/PollutionProject/SeniorProject/Saved/Config/Windows/Scalability.ini]
[2020.01.31-03.10.22:229][  0]LogConfig: Setting CVar [[foliage.DensityScale:1.0]]
[2020.01.31-03.10.22:229][  0]LogConfig: Setting CVar [[grass.DensityScale:1.0]]
[2020.01.31-03.10.22:229][  0]LogInit: Selected Device Profile: [Windows]
[2020.01.31-03.10.22:229][  0]LogInit: Applying CVar settings loaded from the selected device profile: [Windows]
[2020.01.31-03.10.22:275][  0]LogHAL: Display: Platform has ~ 16 GB [17116258304 / 17179869184 / 16], which maps to Larger [LargestMinGB=32, LargerMinGB=12, DefaultMinGB=8, SmallerMinGB=6, SmallestMinGB=0)
[2020.01.31-03.10.22:276][  0]LogConfig: Setting CVar [[r.Vulkan.UseRealUBs:0		; Required until we fix HLR fall-out]]
[2020.01.31-03.10.22:276][  0]LogInit: Going up to parent DeviceProfile []
[2020.01.31-03.10.22:276][  0]LogConfig: Applying CVar settings from Section [ViewDistanceQuality@3] File [E:/SeniorProject/PollutionProject/SeniorProject/Saved/Config/Windows/Scalability.ini]
[2020.01.31-03.10.22:276][  0]LogConfig: Setting CVar [[r.SkeletalMeshLODBias:0]]
[2020.01.31-03.10.22:276][  0]LogConfig: Setting CVar [[r.ViewDistanceScale:1.0]]
[2020.01.31-03.10.22:276][  0]LogConfig: Applying CVar settings from Section [AntiAliasingQuality@3] File [E:/SeniorProject/PollutionProject/SeniorProject/Saved/Config/Windows/Scalability.ini]
[2020.01.31-03.10.22:276][  0]LogConfig: Setting CVar [[r.PostProcessAAQuality:4]]
[2020.01.31-03.10.22:276][  0]LogConfig: Applying CVar settings from Section [ShadowQuality@3] File [E:/SeniorProject/PollutionProject/SeniorProject/Saved/Config/Windows/Scalability.ini]
[2020.01.31-03.10.22:276][  0]LogConfig: Setting CVar [[r.LightFunctionQuality:1]]
[2020.01.31-03.10.22:276][  0]LogConfig: Setting CVar [[r.ShadowQuality:5]]
[2020.01.31-03.10.22:276][  0]LogConfig: Setting CVar [[r.Shadow.CSM.MaxCascades:10]]
[2020.01.31-03.10.22:276][  0]LogConfig: Setting CVar [[r.Shadow.MaxResolution:2048]]
[2020.01.31-03.10.22:277][  0]LogConfig: Setting CVar [[r.Shadow.MaxCSMResolution:2048]]
[2020.01.31-03.10.22:277][  0]LogConfig: Setting CVar [[r.Shadow.RadiusThreshold:0.01]]
[2020.01.31-03.10.22:277][  0]LogConfig: Setting CVar [[r.Shadow.DistanceScale:1.0]]
[2020.01.31-03.10.22:277][  0]LogConfig: Setting CVar [[r.Shadow.CSM.TransitionScale:1.0]]
[2020.01.31-03.10.22:277][  0]LogConfig: Setting CVar [[r.Shadow.PreShadowResolutionFactor:1.0]]
[2020.01.31-03.10.22:277][  0]LogConfig: Setting CVar [[r.DistanceFieldShadowing:1]]
[2020.01.31-03.10.22:277][  0]LogConfig: Setting CVar [[r.DistanceFieldAO:1]]
[2020.01.31-03.10.22:277][  0]LogConfig: Setting CVar [[r.AOQuality:2]]
[2020.01.31-03.10.22:277][  0]LogConfig: Setting CVar [[r.VolumetricFog:1]]
[2020.01.31-03.10.22:277][  0]LogConfig: Setting CVar [[r.VolumetricFog.GridPixelSize:8]]
[2020.01.31-03.10.22:277][  0]LogConfig: Setting CVar [[r.VolumetricFog.GridSizeZ:128]]
[2020.01.31-03.10.22:277][  0]LogConfig: Setting CVar [[r.VolumetricFog.HistoryMissSupersampleCount:4]]
[2020.01.31-03.10.22:277][  0]LogConfig: Setting CVar [[r.LightMaxDrawDistanceScale:1]]
[2020.01.31-03.10.22:277][  0]LogConfig: Setting CVar [[r.CapsuleShadows:1]]
[2020.01.31-03.10.22:277][  0]LogConfig: Applying CVar settings from Section [PostProcessQuality@3] File [E:/SeniorProject/PollutionProject/SeniorProject/Saved/Config/Windows/Scalability.ini]
[2020.01.31-03.10.22:277][  0]LogConfig: Setting CVar [[r.MotionBlurQuality:4]]
[2020.01.31-03.10.22:277][  0]LogConfig: Setting CVar [[r.AmbientOcclusionMipLevelFactor:0.4]]
[2020.01.31-03.10.22:277][  0]LogConfig: Setting CVar [[r.AmbientOcclusionMaxQuality:100]]
[2020.01.31-03.10.22:278][  0]LogConfig: Setting CVar [[r.AmbientOcclusionLevels:-1]]
[2020.01.31-03.10.22:278][  0]LogConfig: Setting CVar [[r.AmbientOcclusionRadiusScale:1.0]]
[2020.01.31-03.10.22:278][  0]LogConfig: Setting CVar [[r.DepthOfFieldQuality:2]]
[2020.01.31-03.10.22:278][  0]LogConfig: Setting CVar [[r.RenderTargetPoolMin:400]]
[2020.01.31-03.10.22:278][  0]LogConfig: Setting CVar [[r.LensFlareQuality:2]]
[2020.01.31-03.10.22:278][  0]LogConfig: Setting CVar [[r.SceneColorFringeQuality:1]]
[2020.01.31-03.10.22:278][  0]LogConfig: Setting CVar [[r.EyeAdaptationQuality:2]]
[2020.01.31-03.10.22:278][  0]LogConfig: Setting CVar [[r.BloomQuality:5]]
[2020.01.31-03.10.22:278][  0]LogConfig: Setting CVar [[r.FastBlurThreshold:100]]
[2020.01.31-03.10.22:278][  0]LogConfig: Setting CVar [[r.Upscale.Quality:3]]
[2020.01.31-03.10.22:278][  0]LogConfig: Setting CVar [[r.Tonemapper.GrainQuantization:1]]
[2020.01.31-03.10.22:278][  0]LogConfig: Setting CVar [[r.LightShaftQuality:1]]
[2020.01.31-03.10.22:278][  0]LogConfig: Setting CVar [[r.Filter.SizeScale:1]]
[2020.01.31-03.10.22:278][  0]LogConfig: Setting CVar [[r.Tonemapper.Quality:5]]
[2020.01.31-03.10.22:278][  0]LogConfig: Setting CVar [[r.DOF.Gather.AccumulatorQuality:1        ; higher gathering accumulator quality]]
[2020.01.31-03.10.22:278][  0]LogConfig: Setting CVar [[r.DOF.Gather.PostfilterMethod:1          ; Median3x3 postfilering method]]
[2020.01.31-03.10.22:278][  0]LogConfig: Setting CVar [[r.DOF.Gather.EnableBokehSettings:0       ; no bokeh simulation when gathering]]
[2020.01.31-03.10.22:278][  0]LogConfig: Setting CVar [[r.DOF.Gather.RingCount:4                 ; medium number of samples when gathering]]
[2020.01.31-03.10.22:279][  0]LogConfig: Setting CVar [[r.DOF.Scatter.ForegroundCompositing:1    ; additive foreground scattering]]
[2020.01.31-03.10.22:279][  0]LogConfig: Setting CVar [[r.DOF.Scatter.BackgroundCompositing:2    ; additive background scattering]]
[2020.01.31-03.10.22:279][  0]LogConfig: Setting CVar [[r.DOF.Scatter.EnableBokehSettings:1      ; bokeh simulation when scattering]]
[2020.01.31-03.10.22:279][  0]LogConfig: Setting CVar [[r.DOF.Scatter.MaxSpriteRatio:0.1         ; only a maximum of 10% of scattered bokeh]]
[2020.01.31-03.10.22:279][  0]LogConfig: Setting CVar [[r.DOF.Recombine.Quality:1                ; cheap slight out of focus]]
[2020.01.31-03.10.22:279][  0]LogConfig: Setting CVar [[r.DOF.Recombine.EnableBokehSettings:0    ; no bokeh simulation on slight out of focus]]
[2020.01.31-03.10.22:279][  0]LogConfig: Setting CVar [[r.DOF.TemporalAAQuality:1                ; more stable temporal accumulation]]
[2020.01.31-03.10.22:279][  0]LogConfig: Setting CVar [[r.DOF.Kernel.MaxForegroundRadius:0.025]]
[2020.01.31-03.10.22:279][  0]LogConfig: Setting CVar [[r.DOF.Kernel.MaxBackgroundRadius:0.025]]
[2020.01.31-03.10.22:279][  0]LogConfig: Applying CVar settings from Section [TextureQuality@3] File [E:/SeniorProject/PollutionProject/SeniorProject/Saved/Config/Windows/Scalability.ini]
[2020.01.31-03.10.22:279][  0]LogConfig: Setting CVar [[r.Streaming.MipBias:0]]
[2020.01.31-03.10.22:279][  0]LogConfig: Setting CVar [[r.Streaming.AmortizeCPUToGPUCopy:0]]
[2020.01.31-03.10.22:279][  0]LogConfig: Setting CVar [[r.Streaming.MaxNumTexturesToStreamPerFrame:0]]
[2020.01.31-03.10.22:279][  0]LogConfig: Setting CVar [[r.Streaming.Boost:1]]
[2020.01.31-03.10.22:279][  0]LogConfig: Setting CVar [[r.MaxAnisotropy:8]]
[2020.01.31-03.10.22:279][  0]LogConfig: Setting CVar [[r.Streaming.LimitPoolSizeToVRAM:0]]
[2020.01.31-03.10.22:279][  0]LogConfig: Setting CVar [[r.Streaming.PoolSize:1000]]
[2020.01.31-03.10.22:280][  0]LogConfig: Setting CVar [[r.Streaming.MaxEffectiveScreenSize:0]]
[2020.01.31-03.10.22:280][  0]LogConfig: Applying CVar settings from Section [EffectsQuality@3] File [E:/SeniorProject/PollutionProject/SeniorProject/Saved/Config/Windows/Scalability.ini]
[2020.01.31-03.10.22:280][  0]LogConfig: Setting CVar [[r.TranslucencyLightingVolumeDim:64]]
[2020.01.31-03.10.22:280][  0]LogConfig: Setting CVar [[r.RefractionQuality:2]]
[2020.01.31-03.10.22:280][  0]LogConfig: Setting CVar [[r.SSR.Quality:3]]
[2020.01.31-03.10.22:280][  0]LogConfig: Setting CVar [[r.SceneColorFormat:4]]
[2020.01.31-03.10.22:280][  0]LogConfig: Setting CVar [[r.DetailMode:2]]
[2020.01.31-03.10.22:280][  0]LogConfig: Setting CVar [[r.TranslucencyVolumeBlur:1]]
[2020.01.31-03.10.22:280][  0]LogConfig: Setting CVar [[r.MaterialQualityLevel:1 ; High quality]]
[2020.01.31-03.10.22:280][  0]LogConfig: Setting CVar [[r.SSS.Scale:1]]
[2020.01.31-03.10.22:280][  0]LogConfig: Setting CVar [[r.SSS.SampleSet:2]]
[2020.01.31-03.10.22:280][  0]LogConfig: Setting CVar [[r.SSS.Quality:1]]
[2020.01.31-03.10.22:280][  0]LogConfig: Setting CVar [[r.SSS.HalfRes:1]]
[2020.01.31-03.10.22:280][  0]LogConfig: Setting CVar [[r.EmitterSpawnRateScale:1.0]]
[2020.01.31-03.10.22:280][  0]LogConfig: Setting CVar [[r.ParticleLightQuality:2]]
[2020.01.31-03.10.22:280][  0]LogConfig: Applying CVar settings from Section [FoliageQuality@3] File [E:/SeniorProject/PollutionProject/SeniorProject/Saved/Config/Windows/Scalability.ini]
[2020.01.31-03.10.22:280][  0]LogConfig: Setting CVar [[foliage.DensityScale:1.0]]
[2020.01.31-03.10.22:280][  0]LogConfig: Setting CVar [[grass.DensityScale:1.0]]
[2020.01.31-03.10.22:280][  0]LogConfig: Applying CVar settings from Section [Startup] File [../../../Engine/Config/ConsoleVariables.ini]
[2020.01.31-03.10.22:281][  0]LogConfig: Setting CVar [[net.UseAdaptiveNetUpdateFrequency:0]]
[2020.01.31-03.10.22:281][  0]LogConfig: Setting CVar [[p.chaos.AllowCreatePhysxBodies:1]]
[2020.01.31-03.10.22:281][  0]LogConfig: Applying CVar settings from Section [ConsoleVariables] File [E:/SeniorProject/PollutionProject/SeniorProject/Saved/Config/Windows/Engine.ini]
[2020.01.31-03.10.22:281][  0]LogInit: Computer: GREGSPC
[2020.01.31-03.10.22:281][  0]LogInit: User: Gregory
[2020.01.31-03.10.22:281][  0]LogInit: CPU Page size=4096, Cores=4
[2020.01.31-03.10.22:281][  0]LogInit: High frequency timer resolution =10.000000 MHz
[2020.01.31-03.10.22:282][  0]LogMemory: Memory total: Physical=15.9GB (16GB approx)
[2020.01.31-03.10.22:282][  0]LogMemory: Platform Memory Stats for Windows
[2020.01.31-03.10.22:283][  0]LogMemory: Process Physical Memory: 102.84 MB used, 102.84 MB peak
[2020.01.31-03.10.22:284][  0]LogMemory: Process Virtual Memory: 105.31 MB used, 105.31 MB peak
[2020.01.31-03.10.22:284][  0]LogMemory: Physical Memory: 10823.18 MB used,  5500.16 MB free, 16323.34 MB total
[2020.01.31-03.10.22:284][  0]LogMemory: Virtual Memory: 4674.71 MB used,  134213056.00 MB free, 134217728.00 MB total
[2020.01.31-03.10.27:376][  0]LogInit: Using OS detected language (en-US).
[2020.01.31-03.10.27:376][  0]LogInit: Using OS detected locale (en-US).
[2020.01.31-03.10.27:377][  0]LogTextLocalizationManager: No specific localization for 'en-US' exists, so the 'en' localization will be used.
[2020.01.31-03.10.27:752][  0]LogInit: Setting process to per monitor DPI aware
[2020.01.31-03.10.28:437][  0]LogSlate: New Slate User Created.  User Index 0, Is Virtual User: 0
[2020.01.31-03.10.28:437][  0]LogSlate: Slate User Registered.  User Index 0, Is Virtual User: 0
[2020.01.31-03.10.42:303][  0]LogHMD: Failed to initialize OpenVR with code 126
[2020.01.31-03.10.42:303][  0]LogD3D11RHI: D3D11 adapters:
[2020.01.31-03.10.42:410][  0]LogD3D11RHI:    0. 'NVIDIA GeForce RTX 2080' (Feature Level 11_0)
[2020.01.31-03.10.42:410][  0]LogD3D11RHI:       8010/0/8161 MB DedicatedVideo/DedicatedSystem/SharedSystem, Outputs:4, VendorId:0x10de
[2020.01.31-03.10.43:074][  0]LogD3D11RHI:    1. 'Microsoft Basic Render Driver' (Feature Level 11_0)
[2020.01.31-03.10.43:074][  0]LogD3D11RHI:       0/0/8161 MB DedicatedVideo/DedicatedSystem/SharedSystem, Outputs:0, VendorId:0x1414
[2020.01.31-03.10.43:074][  0]LogD3D11RHI: Chosen D3D11 Adapter: 0
[2020.01.31-03.10.43:086][  0]LogD3D11RHI: Creating new Direct3DDevice
[2020.01.31-03.10.43:087][  0]LogD3D11RHI:     GPU DeviceId: 0x1e87 (for the marketing name, search the web for "GPU Device Id")
[2020.01.31-03.10.43:087][  0]LogWindows: EnumDisplayDevices:
[2020.01.31-03.10.43:087][  0]LogWindows:    0. 'NVIDIA GeForce RTX 2080' (P:1 D:1)
[2020.01.31-03.10.43:087][  0]LogWindows:    1. 'NVIDIA GeForce RTX 2080' (P:0 D:1)
[2020.01.31-03.10.43:088][  0]LogWindows:    2. 'NVIDIA GeForce RTX 2080' (P:0 D:1)
[2020.01.31-03.10.43:088][  0]LogWindows:    3. 'NVIDIA GeForce RTX 2080' (P:0 D:1)
[2020.01.31-03.10.43:088][  0]LogWindows: DebugString: FoundDriverCount:4 
[2020.01.31-03.10.43:088][  0]LogD3D11RHI:     Adapter Name: NVIDIA GeForce RTX 2080
[2020.01.31-03.10.43:088][  0]LogD3D11RHI:   Driver Version: 432.00 (internal:26.21.14.3200, unified:432.00)
[2020.01.31-03.10.43:088][  0]LogD3D11RHI:      Driver Date: 7-24-2019
[2020.01.31-03.10.43:088][  0]LogRHI: Texture pool is 5607 MB (70% of 8010 MB)
[2020.01.31-03.10.43:144][  0]LogD3D11RHI: Async texture creation enabled
[2020.01.31-03.10.43:516][  0]LogRendererCore: FGlobalReadBuffer::InitRHI
[2020.01.31-03.10.43:517][  0]LogRendererCore: FGlobalReadBuffer::InitRHI
[2020.01.31-03.10.43:517][  0]LogRendererCore: FGlobalReadBuffer::InitRHI
[2020.01.31-03.10.43:529][  0]LogD3D11RHI: GPU Timing Frequency: 1000.000000 (Debug: 2 1)
[2020.01.31-03.10.45:106][  0]LogTemp: Display: Module 'AllDesktopTargetPlatform' loaded TargetPlatform 'AllDesktop'
[2020.01.31-03.10.45:535][  0]LogTemp: Display: Module 'MacClientTargetPlatform' loaded TargetPlatform 'MacClient'
[2020.01.31-03.10.45:988][  0]LogTemp: Display: Module 'MacNoEditorTargetPlatform' loaded TargetPlatform 'MacNoEditor'
[2020.01.31-03.10.46:512][  0]LogTemp: Display: Module 'MacServerTargetPlatform' loaded TargetPlatform 'MacServer'
[2020.01.31-03.10.47:210][  0]LogTemp: Display: Module 'MacTargetPlatform' loaded TargetPlatform 'Mac'
[2020.01.31-03.10.47:862][  0]LogTemp: Display: Module 'WindowsClientTargetPlatform' loaded TargetPlatform 'WindowsClient'
[2020.01.31-03.10.48:370][  0]LogTemp: Display: Module 'WindowsNoEditorTargetPlatform' loaded TargetPlatform 'WindowsNoEditor'
[2020.01.31-03.10.49:005][  0]LogTemp: Display: Module 'WindowsServerTargetPlatform' loaded TargetPlatform 'WindowsServer'
[2020.01.31-03.10.49:547][  0]LogTemp: Display: Module 'WindowsTargetPlatform' loaded TargetPlatform 'Windows'
[2020.01.31-03.10.49:876][  0]LogTemp: Display: Module 'AndroidTargetPlatform' loaded TargetPlatform 'Android'
[2020.01.31-03.10.49:876][  0]LogTemp: Display: Module 'AndroidTargetPlatform' loaded TargetPlatform 'Android_ASTC'
[2020.01.31-03.10.49:876][  0]LogTemp: Display: Module 'AndroidTargetPlatform' loaded TargetPlatform 'Android_ATC'
[2020.01.31-03.10.49:876][  0]LogTemp: Display: Module 'AndroidTargetPlatform' loaded TargetPlatform 'Android_DXT'
[2020.01.31-03.10.49:876][  0]LogTemp: Display: Module 'AndroidTargetPlatform' loaded TargetPlatform 'Android_ETC1'
[2020.01.31-03.10.49:877][  0]LogTemp: Display: Module 'AndroidTargetPlatform' loaded TargetPlatform 'Android_ETC1a'
[2020.01.31-03.10.49:877][  0]LogTemp: Display: Module 'AndroidTargetPlatform' loaded TargetPlatform 'Android_ETC2'
[2020.01.31-03.10.49:877][  0]LogTemp: Display: Module 'AndroidTargetPlatform' loaded TargetPlatform 'Android_PVRTC'
[2020.01.31-03.10.49:877][  0]LogTemp: Display: Module 'AndroidTargetPlatform' loaded TargetPlatform 'AndroidClient'
[2020.01.31-03.10.49:877][  0]LogTemp: Display: Module 'AndroidTargetPlatform' loaded TargetPlatform 'Android_ASTCClient'
[2020.01.31-03.10.49:877][  0]LogTemp: Display: Module 'AndroidTargetPlatform' loaded TargetPlatform 'Android_ATCClient'
[2020.01.31-03.10.49:877][  0]LogTemp: Display: Module 'AndroidTargetPlatform' loaded TargetPlatform 'Android_DXTClient'
[2020.01.31-03.10.49:877][  0]LogTemp: Display: Module 'AndroidTargetPlatform' loaded TargetPlatform 'Android_ETC1Client'
[2020.01.31-03.10.49:877][  0]LogTemp: Display: Module 'AndroidTargetPlatform' loaded TargetPlatform 'Android_ETC1aClient'
[2020.01.31-03.10.49:877][  0]LogTemp: Display: Module 'AndroidTargetPlatform' loaded TargetPlatform 'Android_ETC2Client'
[2020.01.31-03.10.49:877][  0]LogTemp: Display: Module 'AndroidTargetPlatform' loaded TargetPlatform 'Android_PVRTCClient'
[2020.01.31-03.10.49:877][  0]LogTemp: Display: Module 'AndroidTargetPlatform' loaded TargetPlatform 'Android_Multi'
[2020.01.31-03.10.49:877][  0]LogTemp: Display: Module 'AndroidTargetPlatform' loaded TargetPlatform 'Android_MultiClient'
[2020.01.31-03.10.50:038][  0]LogTemp: Display: Module 'HTML5TargetPlatform' loaded TargetPlatform 'HTML5'
[2020.01.31-03.10.51:211][  0]LogTemp: Display: Module 'IOSTargetPlatform' loaded TargetPlatform 'IOSClient'
[2020.01.31-03.10.51:211][  0]LogTemp: Display: Module 'IOSTargetPlatform' loaded TargetPlatform 'IOS'
[2020.01.31-03.10.51:347][  0]LogTemp: Display: Module 'TVOSTargetPlatform' loaded TargetPlatform 'TVOSClient'
[2020.01.31-03.10.51:347][  0]LogTemp: Display: Module 'TVOSTargetPlatform' loaded TargetPlatform 'TVOS'
[2020.01.31-03.10.51:637][  0]LogTemp: Display: Module 'LinuxClientTargetPlatform' loaded TargetPlatform 'LinuxClient'
[2020.01.31-03.10.51:886][  0]LogTemp: Display: Module 'LinuxNoEditorTargetPlatform' loaded TargetPlatform 'LinuxNoEditor'
[2020.01.31-03.10.52:124][  0]LogTemp: Display: Module 'LinuxServerTargetPlatform' loaded TargetPlatform 'LinuxServer'
[2020.01.31-03.10.52:221][  0]LogTemp: Display: Module 'LinuxTargetPlatform' loaded TargetPlatform 'Linux'
[2020.01.31-03.10.52:401][  0]LogTemp: Display: Module 'LuminTargetPlatform' loaded TargetPlatform 'Lumin'
[2020.01.31-03.10.52:401][  0]LogTemp: Display: Module 'LuminTargetPlatform' loaded TargetPlatform 'LuminClient'
[2020.01.31-03.10.52:401][  0]LogTargetPlatformManager: Display: Building Assets For Windows
[2020.01.31-03.10.53:323][  0]LogAudioDebug: Display: Lib vorbis DLL was dynamically loaded.
[2020.01.31-03.11.05:195][  0]LogShaderCompilers: Guid format shader working directory is 0 characters bigger than the processId version (E:/SeniorProject/PollutionProject/SeniorProject/Intermediate/Shaders/WorkingDirectory/12660/).
[2020.01.31-03.11.05:195][  0]LogShaderCompilers: Cleaned the shader compiler working directory 'C:/Users/Gregory/AppData/Local/Temp/UnrealShaderWorkingDir/CB1D079B4366E0ADBF3336BE5E37866F/'.
[2020.01.31-03.11.05:198][  0]LogXGEController: Cannot use XGE Controller as Incredibuild is not installed on this machine.
[2020.01.31-03.11.05:199][  0]LogShaderCompilers: Cannot use XGE Shader Compiler as Incredibuild is not installed on this machine.
[2020.01.31-03.11.05:199][  0]LogShaderCompilers: Display: Using Local Shader Compiler.
[2020.01.31-03.11.16:479][  0]LogDerivedDataCache: Display: Max Cache Size: 512 MB
[2020.01.31-03.11.16:553][  0]LogDerivedDataCache: Loaded boot cache 0.07s 73MB C:/Users/Gregory/AppData/Local/UnrealEngine/4.22/DerivedDataCache/Boot.ddc.
[2020.01.31-03.11.16:553][  0]LogDerivedDataCache: Display: Loaded Boot cache: C:/Users/Gregory/AppData/Local/UnrealEngine/4.22/DerivedDataCache/Boot.ddc
[2020.01.31-03.11.16:553][  0]LogDerivedDataCache: FDerivedDataBackendGraph:  Pak pak cache file E:/SeniorProject/PollutionProject/SeniorProject/DerivedDataCache/DDC.ddp not found, will not use a pak cache.
[2020.01.31-03.11.16:553][  0]LogDerivedDataCache: Unable to find inner node Pak for hierarchical cache Hierarchy.
[2020.01.31-03.11.16:553][  0]LogDerivedDataCache: FDerivedDataBackendGraph:  CompressedPak pak cache file E:/SeniorProject/PollutionProject/SeniorProject/DerivedDataCache/Compressed.ddp not found, will not use a pak cache.
[2020.01.31-03.11.16:553][  0]LogDerivedDataCache: Unable to find inner node CompressedPak for hierarchical cache Hierarchy.
[2020.01.31-03.11.16:565][  0]LogDerivedDataCache: Display: Pak cache opened for reading ../../../Engine/DerivedDataCache/Compressed.ddp.
[2020.01.31-03.11.16:568][  0]LogDerivedDataCache: Display: Pak cache opened for reading ../../../Enterprise/DerivedDataCache/Compressed.ddp.
[2020.01.31-03.11.16:588][  0]LogDerivedDataCache: Using Local data cache path C:/Users/Gregory/AppData/Local/UnrealEngine/Common/DerivedDataCache: Writable
[2020.01.31-03.11.16:588][  0]LogDerivedDataCache: Shared data cache path not found in *engine.ini, will not use an Shared cache.
[2020.01.31-03.11.16:588][  0]LogDerivedDataCache: Unable to find inner node Shared for hierarchical cache Hierarchy.
[2020.01.31-03.11.16:611][  0]LogMaterial: Verifying Global Shaders for PCD3D_SM5
[2020.01.31-03.11.16:643][  0]LogSlate: Using FreeType 2.6.0
[2020.01.31-03.11.16:744][  0]LogSlate: SlateFontServices - WITH_FREETYPE: 1, WITH_HARFBUZZ: 1
[2020.01.31-03.11.21:776][  0]LogAssetRegistry: FAssetRegistry took 0.1245 seconds to start up
[2020.01.31-03.11.22:159][  0]LogInit: Selected Device Profile: [Windows]
[2020.01.31-03.11.27:267][  0]LogMeshReduction: Using QuadricMeshReduction for automatic static mesh reduction
[2020.01.31-03.11.27:267][  0]LogMeshReduction: Using SimplygonMeshReduction for automatic skeletal mesh reduction
[2020.01.31-03.11.27:267][  0]LogMeshReduction: Using ProxyLODMeshReduction for automatic mesh merging
[2020.01.31-03.11.27:267][  0]LogMeshReduction: No distributed automatic mesh merging module available
[2020.01.31-03.11.27:267][  0]LogMeshMerging: No distributed automatic mesh merging module available
[2020.01.31-03.11.27:465][  0]LogNetVersion: SeniorProject 1.0.0, NetCL: 5660361, EngineNetVer: 10, GameNetVer: 0 (Checksum: 993350713)
[2020.01.31-03.11.28:508][  0]LogPackageLocalizationCache: Processed 16 localized package path(s) for 1 prioritized culture(s) in 0.083409 seconds
[2020.01.31-03.11.28:517][  0]LogUObjectArray: 42205 objects as part of root set at end of initial load.
[2020.01.31-03.11.28:518][  0]LogUObjectAllocator: 7325032 out of 0 bytes used by permanent object pool.
[2020.01.31-03.11.28:518][  0]LogUObjectArray: CloseDisregardForGC: 0/0 objects in disregard for GC pool
[2020.01.31-03.13.13:158][  0]LogTcpMessaging: Initializing TcpMessaging bridge
[2020.01.31-03.13.14:287][  0]LogUdpMessaging: Initializing bridge on interface 0.0.0.0:0 to multicast group 230.0.0.1:6666.
[2020.01.31-03.13.17:875][  0]LogOutputDevice: Error: Ensure condition failed: AttachmentRules.LocationRule == EAttachmentRule::KeepRelative && AttachmentRules.RotationRule == EAttachmentRule::KeepRelative && AttachmentRules.ScaleRule == EAttachmentRule::KeepRelative [File:D:\Build\++UE4\Sync\Engine\Source\Runtime\Engine\Private\Components\SceneComponent.cpp] [Line: 1786] 
AttachToComponent when called from a constructor is only setting up attachment and will always be treated as KeepRelative. Consider calling SetupAttachment directly instead.

[2020.01.31-03.13.17:875][  0]LogStats:             FDebug::EnsureFailed -  0.000 s
[2020.01.31-03.15.23:419][  0]SourceControl: Source control is disabled
[2020.01.31-03.16.19:281][  0]LogAndroidPermission: UAndroidPermissionCallbackProxy::GetInstance
[2020.01.31-03.16.22:295][  0]LogOcInput: OculusInput pre-init called
[2020.01.31-03.17.43:843][  0]LogWindows: Failed to load 'libalias_api.dll' (GetLastError=126)
[2020.01.31-03.17.43:844][  0]LogWindows: File 'libalias_api.dll' does not exist
[2020.01.31-03.17.43:845][  0]LogWindows: Failed to load 'libalias_api.dll' (GetLastError=126)
[2020.01.31-03.17.43:845][  0]LogWindows: File 'libalias_api.dll' does not exist
[2020.01.31-03.17.44:589][  0]LogEngine: Initializing Engine...
[2020.01.31-03.17.44:657][  0]LogHMD: Failed to initialize OpenVR with code 126
[2020.01.31-03.17.44:658][  0]LogStats: UGameplayTagsManager::InitializeManager -  0.000 s
[2020.01.31-03.17.44:912][  0]LogInit: Initializing FReadOnlyCVARCache
[2020.01.31-03.17.45:021][  0]LogAIModule: Creating AISystem for world Untitled
[2020.01.31-03.17.45:259][  0]LogInit: XAudio2 using 'Headset Earphone (2- Corsair HS70 Wireless Gaming Headset)' : 2 channels at 48 kHz using 16 bits per sample (channel mask 0x3)
[2020.01.31-03.17.45:410][  0]LogInit: FAudioDevice initialized.
[2020.01.31-03.17.45:410][  0]LogNetVersion: Set ProjectVersion to 1.0.0.0. Version Checksum will be recalculated on next use.
[2020.01.31-03.17.45:675][  0]LogDerivedDataCache: Saved boot cache 0.27s 73MB C:/Users/Gregory/AppData/Local/UnrealEngine/4.22/DerivedDataCache/Boot.ddc.
[2020.01.31-03.17.45:685][  0]LogInit: Texture streaming: Enabled
[2020.01.31-03.17.46:022][  0]LogEngineSessionManager: EngineSessionManager initialized
[2020.01.31-03.17.46:222][  0]LogInit: Transaction tracking system initialized
[2020.01.31-03.17.47:556][  0]BlueprintLog: New page: Editor Load
[2020.01.31-03.17.52:916][  0]LocalizationService: Localization service is disabled
[2020.01.31-03.17.55:655][  0]LogCook: Display: Max memory allowance for cook 16384mb min free memory 0mb
[2020.01.31-03.17.55:655][  0]LogCook: Display: Mobile HDR setting 1
[2020.01.31-03.17.56:125][  0]LogFileCache: Scanning file cache for directory 'E:/SeniorProject/PollutionProject/SeniorProject/Content/' took 0.09s
[2020.01.31-03.18.28:808][  0]Cmd: MAP LOAD FILE="E:/SeniorProject/PollutionProject/SeniorProject/Content/Levels/GreyBoxLVL4.umap" TEMPLATE=0 SHOWPROGRESS=1 FEATURELEVEL=3
[2020.01.31-03.18.28:808][  0]LightingResults: New page: Lighting Build
[2020.01.31-03.18.28:812][  0]MapCheck: New page: Map Check
[2020.01.31-03.18.28:812][  0]LightingResults: New page: Lighting Build
[2020.01.31-03.18.29:110][  0]LogUObjectHash: Compacting FUObjectHashTables data took   1.41ms
[2020.01.31-03.18.35:694][  0]LogStaticMesh: Building static mesh Door_001E...
[2020.01.31-03.18.36:746][  0]LogStaticMesh: Built static mesh [1.13s] /Game/Assets/Windows/Door_001E.Door_001E
[2020.01.31-03.18.37:107][  0]LogStaticMesh: Building static mesh Bucket_001A...
[2020.01.31-03.18.37:113][  0]LogStaticMesh: Built static mesh [0.03s] /Game/Assets/Dock/Bucket_001A.Bucket_001A
[2020.01.31-03.18.37:461][  0]LogStaticMesh: Building static mesh LobsterTrap_001C...
[2020.01.31-03.18.37:621][  0]LogStaticMesh: Built static mesh [0.16s] /Game/Assets/Dock/LobsterTrap_001C.LobsterTrap_001C
[2020.01.31-03.18.37:660][  0]LogStaticMesh: Building static mesh LobsterTrap_001A...
[2020.01.31-03.18.37:700][  0]LogStaticMesh: Built static mesh [0.04s] /Game/Assets/Dock/LobsterTrap_001A.LobsterTrap_001A
[2020.01.31-03.18.37:718][  0]LogStaticMesh: Building static mesh Pallet_001A...
[2020.01.31-03.18.37:750][  0]LogStaticMesh: Built static mesh [0.05s] /Game/Assets/Dock/Pallet_001A.Pallet_001A
[2020.01.31-03.18.37:909][  0]LogMeshUtilities: Finished distance field build in 0.9s - 17x8x36 distance field, 118 triangles, Range [-0.1, 0.5], Door_001E
[2020.01.31-03.18.37:909][  0]LogStaticMesh: Building static mesh LobsterTrap_001B...
[2020.01.31-03.18.38:113][  0]LogMeshUtilities: Finished distance field build in 0.1s - 21x29x8 distance field, 192 triangles, Range [-0.0, 0.4], Pallet_001A
[2020.01.31-03.18.38:114][  0]LogMeshUtilities: Finished distance field build in 0.0s - 11x18x8 distance field, 736 triangles, Range [0.0, 0.4], LobsterTrap_001A
[2020.01.31-03.18.38:114][  0]LogMeshUtilities: Finished distance field build in 0.1s - 19x28x8 distance field, 12012 triangles, Range [-0.1, 0.4], LobsterTrap_001C
[2020.01.31-03.18.38:114][  0]LogMeshUtilities: Finished distance field build in 0.0s - 8x8x11 distance field, 716 triangles, Range [-0.3, 0.5], Bucket_001A
[2020.01.31-03.18.38:114][  0]LogStaticMesh: Built static mesh [0.21s] /Game/Assets/Dock/LobsterTrap_001B.LobsterTrap_001B
[2020.01.31-03.18.38:153][  0]LogStaticMesh: Building static mesh SandBag_001A...
[2020.01.31-03.18.38:162][  0]LogStaticMesh: Built static mesh [0.01s] /Game/Assets/Windows/SandBag_001A.SandBag_001A
[2020.01.31-03.18.38:659][  0]LogMeshUtilities: Finished distance field build in 0.0s - 12x8x8 distance field, 516 triangles, Range [-0.1, 0.5], SandBag_001A
[2020.01.31-03.18.39:708][  0]LogStaticMesh: Building static mesh Awning_001C...
[2020.01.31-03.18.39:711][  0]LogStaticMesh: Built static mesh [0.00s] /Game/Assets/Windows/Awning_001C.Awning_001C
[2020.01.31-03.18.39:775][  0]LogStaticMesh: Building static mesh Barrier_001A...
[2020.01.31-03.18.39:806][  0]LogStaticMesh: Built static mesh [0.03s] /Game/Assets/Windows/Barrier_001A.Barrier_001A
[2020.01.31-03.18.40:067][  0]LogMeshUtilities: Finished distance field build in 0.0s - 29x8x8 distance field, 168 triangles, Range [-0.0, 0.4], Awning_001C
[2020.01.31-03.18.40:067][  0]LogMeshUtilities: Finished distance field build in 0.1s - 30x10x17 distance field, 1872 triangles, Range [-0.0, 0.5], Barrier_001A
[2020.01.31-03.18.40:067][  0]LogStaticMesh: Building static mesh Bench_001A...
[2020.01.31-03.18.40:091][  0]LogStaticMesh: Built static mesh [0.02s] /Game/Assets/Windows/Bench_001A.Bench_001A
[2020.01.31-03.18.40:565][  0]LogMeshUtilities: Finished distance field build in 0.1s - 28x11x13 distance field, 666 triangles, Range [-0.0, 0.6], Bench_001A
[2020.01.31-03.18.40:565][  0]LogStaticMesh: Building static mesh Bin_001A...
[2020.01.31-03.18.40:580][  0]LogStaticMesh: Built static mesh [0.04s] /Game/Assets/Dock/Bin_001A.Bin_001A
[2020.01.31-03.18.40:627][  0]LogStaticMesh: Building static mesh Bin_001B...
[2020.01.31-03.18.40:632][  0]LogStaticMesh: Built static mesh [0.04s] /Game/Assets/Dock/Bin_001B.Bin_001B
[2020.01.31-03.18.41:175][  0]LogMeshUtilities: Discarded distance field for Bin_001A as mesh was not closed!  Assign a two-sided material to fix.
[2020.01.31-03.18.41:175][  0]LogMeshUtilities: Finished distance field build in 0.1s - 13x22x12 distance field, 812 triangles, Range [-0.2, 0.5], Bin_001A
[2020.01.31-03.18.41:175][  0]LogStaticMesh: Building static mesh Booie_001A...
[2020.01.31-03.18.41:189][  0]LogStaticMesh: Built static mesh [0.03s] /Game/Assets/Dock/Booie_001A.Booie_001A
[2020.01.31-03.18.41:395][  0]LogMeshUtilities: Finished distance field build in 0.0s - 8x8x15 distance field, 1168 triangles, Range [-0.0, 0.5], Booie_001A
[2020.01.31-03.18.41:395][  0]LogStaticMesh: Building static mesh Booie_001B...
[2020.01.31-03.18.41:406][  0]LogStaticMesh: Built static mesh [0.09s] /Game/Assets/Dock/Booie_001B.Booie_001B
[2020.01.31-03.18.41:424][  0]LogStaticMesh: Building static mesh Booie_001C...
[2020.01.31-03.18.41:429][  0]LogStaticMesh: Built static mesh [0.01s] /Game/Assets/Dock/Booie_001C.Booie_001C
[2020.01.31-03.18.41:431][  0]LogStaticMesh: Building static mesh Bottle_001A...
[2020.01.31-03.18.41:434][  0]LogStaticMesh: Built static mesh [0.00s] /Game/Assets/Trash/Bottle_001A.Bottle_001A
[2020.01.31-03.18.41:451][  0]LogStaticMesh: Building static mesh Box_001A...
[2020.01.31-03.18.41:459][  0]LogStaticMesh: Built static mesh [0.01s] /Game/Assets/Trash/Box_001A.Box_001A
[2020.01.31-03.18.41:472][  0]LogStaticMesh: Building static mesh Box_001C...
[2020.01.31-03.18.41:475][  0]LogStaticMesh: Built static mesh [0.00s] /Game/Assets/Trash/Box_001C.Box_001C
[2020.01.31-03.18.41:525][  0]LogMeshUtilities: Finished distance field build in 0.0s - 8x8x12 distance field, 808 triangles, Range [-0.1, 0.7], Booie_001B
[2020.01.31-03.18.41:525][  0]LogStaticMesh: Building static mesh Box_001D...
[2020.01.31-03.18.41:534][  0]LogStaticMesh: Built static mesh [0.01s] /Game/Assets/Trash/Box_001D.Box_001D
[2020.01.31-03.18.41:640][  0]LogStaticMesh: Building static mesh Box_001E...
[2020.01.31-03.18.41:643][  0]LogStaticMesh: Built static mesh [0.00s] /Game/Assets/Trash/Box_001E.Box_001E
[2020.01.31-03.18.41:700][  0]LogMeshUtilities: Finished distance field build in 0.0s - 12x18x9 distance field, 60 triangles, Range [-0.0, 0.7], Box_001D
[2020.01.31-03.18.41:705][  0]LogStaticMesh: Building static mesh Box_001F...
[2020.01.31-03.18.41:712][  0]LogStaticMesh: Built static mesh [0.01s] /Game/Assets/Trash/Box_001F.Box_001F
[2020.01.31-03.18.42:007][  0]LogMeshUtilities: Finished distance field build in 0.0s - 17x10x8 distance field, 60 triangles, Range [-0.0, 0.5], Box_001E
[2020.01.31-03.18.42:007][  0]LogStaticMesh: Building static mesh BrokenBench_001A...
[2020.01.31-03.18.42:027][  0]LogStaticMesh: Built static mesh [0.02s] /Game/Assets/Windows/BrokenBench_001A.BrokenBench_001A
[2020.01.31-03.18.42:771][  0]LogMeshUtilities: Finished distance field build in 0.1s - 28x11x13 distance field, 654 triangles, Range [-0.0, 0.6], BrokenBench_001A
[2020.01.31-03.18.42:771][  0]LogStaticMesh: Building static mesh Door_001G...
[2020.01.31-03.18.42:773][  0]LogStaticMesh: Built static mesh [0.00s] /Game/Assets/Windows/Door_001G.Door_001G
[2020.01.31-03.18.45:343][  0]LogMeshUtilities: Finished distance field build in 0.1s - 23x8x36 distance field, 132 triangles, Range [-0.1, 0.4], Door_001G
[2020.01.31-03.18.45:344][  0]LogStaticMesh: Building static mesh Bullet_001A...
[2020.01.31-03.18.45:348][  0]LogStaticMesh: Built static mesh [0.00s] /Game/Assets/Dock/Bullet_001A.Bullet_001A
[2020.01.31-03.18.45:365][  0]LogStaticMesh: Building static mesh Can_001A...
[2020.01.31-03.18.45:372][  0]LogStaticMesh: Built static mesh [0.01s] /Game/Assets/Trash/Can_001A.Can_001A
[2020.01.31-03.18.45:374][  0]LogStaticMesh: Building static mesh Can_001B...
[2020.01.31-03.18.45:381][  0]LogStaticMesh: Built static mesh [0.01s] /Game/Assets/Trash/Can_001B.Can_001B
[2020.01.31-03.18.47:724][  0]LogMeshUtilities: Finished distance field build in 0.0s - 8x8x8 distance field, 428 triangles, Range [-0.3, 0.4], Bullet_001A
[2020.01.31-03.18.47:734][  0]LogStaticMesh: Building static mesh Chimney_001A...
[2020.01.31-03.18.47:736][  0]LogStaticMesh: Built static mesh [0.01s] /Game/Assets/Windows/Chimney_001A.Chimney_001A
[2020.01.31-03.18.48:011][  0]LogMeshUtilities: Finished distance field build in 0.1s - 10x10x44 distance field, 26 triangles, Range [-0.1, 0.4], Chimney_001A
[2020.01.31-03.18.48:011][  0]LogStaticMesh: Building static mesh Compass_001A...
[2020.01.31-03.18.48:041][  0]LogStaticMesh: Built static mesh [0.03s] /Game/Assets/Dock/Compass_001A.Compass_001A
[2020.01.31-03.18.48:153][  0]LogMeshUtilities: Finished distance field build in 0.0s - 8x8x8 distance field, 2616 triangles, Range [-0.0, 1.0], Compass_001A
[2020.01.31-03.18.48:153][  0]LogStaticMesh: Building static mesh Crate_001A...
[2020.01.31-03.18.48:280][  0]LogStaticMesh: Built static mesh [0.17s] /Game/Assets/Windows/Crate_001A.Crate_001A
[2020.01.31-03.18.49:542][  0]LogMeshUtilities: Discarded distance field for Crate_001A as mesh was not closed!  Assign a two-sided material to fix.
[2020.01.31-03.18.49:543][  0]LogMeshUtilities: Finished distance field build in 0.0s - 10x10x8 distance field, 4278 triangles, Range [-0.2, 0.6], Crate_001A
[2020.01.31-03.18.49:543][  0]LogStaticMesh: Building static mesh Dumpster_001A...
[2020.01.31-03.18.49:562][  0]LogStaticMesh: Built static mesh [0.02s] /Game/Assets/Windows/Dumpster_001A.Dumpster_001A
[2020.01.31-03.18.49:593][  0]LogStaticMesh: Building static mesh Trash_001A...
[2020.01.31-03.18.49:606][  0]LogStaticMesh: Built static mesh [0.01s] /Game/Assets/Trash/Trash_001A.Trash_001A
[2020.01.31-03.18.49:608][  0]LogStaticMesh: Building static mesh Trash_001B...
[2020.01.31-03.18.49:621][  0]LogStaticMesh: Built static mesh [0.01s] /Game/Assets/Trash/Trash_001B.Trash_001B
[2020.01.31-03.18.50:861][  0]LogStaticMesh: Building static mesh FlairGun_001A...
[2020.01.31-03.18.50:994][  0]LogMeshUtilities: Finished distance field build in 1.3s - 64x37x31 distance field, 1188 triangles, Range [-0.0, 0.4], Dumpster_001A
[2020.01.31-03.18.50:994][  0]LogStaticMesh: Built static mesh [0.13s] /Game/Assets/Dock/FlairGun_001A.FlairGun_001A
[2020.01.31-03.18.51:026][  0]LogStaticMesh: Building static mesh FlashLight_001A...
[2020.01.31-03.18.51:053][  0]LogStaticMesh: Built static mesh [0.03s] /Game/Assets/Windows/FlashLight_001A.FlashLight_001A
[2020.01.31-03.18.53:823][  0]LogMeshUtilities: Finished distance field build in 0.0s - 8x8x8 distance field, 8765 triangles, Range [-0.0, 0.9], FlairGun_001A
[2020.01.31-03.18.53:824][  0]LogStaticMesh: Building static mesh Map_001A...
[2020.01.31-03.18.53:826][  0]LogStaticMesh: Built static mesh [0.00s] /Game/Assets/Dock/Map_001A.Map_001A
[2020.01.31-03.18.55:933][  0]LogMeshUtilities: Discarded distance field for Map_001A as mesh was not closed!  Assign a two-sided material to fix.
[2020.01.31-03.18.55:933][  0]LogMeshUtilities: Finished distance field build in 0.0s - 11x12x8 distance field, 200 triangles, Range [-0.2, 0.7], Map_001A
[2020.01.31-03.18.55:933][  0]LogStaticMesh: Building static mesh Paper_001A...
[2020.01.31-03.18.55:936][  0]LogStaticMesh: Built static mesh [0.06s] /Game/Assets/Trash/Paper_001A.Paper_001A
[2020.01.31-03.18.56:190][  0]LogMeshUtilities: Discarded distance field for Paper_001A as mesh was not closed!  Assign a two-sided material to fix.
[2020.01.31-03.18.56:190][  0]LogMeshUtilities: Finished distance field build in 0.0s - 11x12x8 distance field, 200 triangles, Range [-0.2, 0.7], Paper_001A
[2020.01.31-03.18.56:190][  0]LogStaticMesh: Building static mesh Radio_001A...
[2020.01.31-03.18.56:232][  0]LogStaticMesh: Built static mesh [0.04s] /Game/Assets/Windows/Radio_001A.Radio_001A
[2020.01.31-03.18.56:958][  0]LogMeshUtilities: Discarded distance field for Radio_001A as mesh was not closed!  Assign a two-sided material to fix.
[2020.01.31-03.18.56:958][  0]LogMeshUtilities: Finished distance field build in 0.0s - 11x9x8 distance field, 2016 triangles, Range [-0.4, 0.5], Radio_001A
[2020.01.31-03.18.56:958][  0]LogStaticMesh: Building static mesh Rings_001A...
[2020.01.31-03.18.56:974][  0]LogStaticMesh: Built static mesh [0.02s] /Game/Assets/Trash/Rings_001A.Rings_001A
[2020.01.31-03.18.57:031][  0]LogStaticMesh: Building static mesh Rope_001A...
[2020.01.31-03.18.57:126][  0]LogMeshUtilities: Finished distance field build in 0.0s - 8x8x8 distance field, 916 triangles, Range [0.0, 0.4], Rings_001A
[2020.01.31-03.18.57:126][  0]LogStaticMesh: Built static mesh [0.09s] /Game/Assets/Dock/Rope_001A.Rope_001A
[2020.01.31-03.18.57:864][  0]LogMeshUtilities: Finished distance field build in 0.0s - 12x12x8 distance field, 5416 triangles, Range [-0.0, 0.7], Rope_001A
[2020.01.31-03.18.57:864][  0]LogStaticMesh: Building static mesh TelephonePost_Open...
[2020.01.31-03.18.57:868][  0]LogStaticMesh: Built static mesh [0.00s] /Game/Assets/LowPolyAssets/TelephonePost_Open.TelephonePost_Open
[2020.01.31-03.18.58:122][  0]LogStaticMesh: Building static mesh TrashCan_001A...
[2020.01.31-03.18.58:127][  0]LogStaticMesh: Built static mesh [0.01s] /Game/Assets/Windows/TrashCan_001A.TrashCan_001A
[2020.01.31-03.18.58:636][  0]LogStaticMesh: Building static mesh Window_001J...
[2020.01.31-03.18.58:638][  0]LogStaticMesh: Built static mesh [0.00s] /Game/Assets/Windows/Window_001J.Window_001J
[2020.01.31-03.19.06:389][  0]LogMeshUtilities: Finished distance field build in 0.9s - 64x22x64 distance field, 118 triangles, Range [-0.0, 1.0], TelephonePost_Open
[2020.01.31-03.19.06:390][  0]LogAIModule: Creating AISystem for world GreyBoxLVL4
[2020.01.31-03.19.08:900][  0]LogEditorServer: Finished looking for orphan Actors (0.000 secs)
[2020.01.31-03.19.09:473][  0]LogUObjectHash: Compacting FUObjectHashTables data took   6.39ms
[2020.01.31-03.19.09:473][  0]Cmd: MAP CHECKDEP NOCLEARLOG
[2020.01.31-03.19.09:473][  0]MapCheck: Map check complete: 0 Error(s), 0 Warning(s), took 0.311ms to complete.
[2020.01.31-03.19.09:473][  0]LogFileHelpers: Loading map 'GreyBoxLVL4' took 40.666
[2020.01.31-03.19.11:718][  0]LogSlate: Updating window title bar state: overlay mode, drag disabled, window buttons hidden, title bar hidden
[2020.01.31-03.19.11:730][  0]LogSlate: Updating window title bar state: overlay mode, drag disabled, window buttons hidden, title bar hidden
[2020.01.31-03.19.11:739][  0]LogSlate: Updating window title bar state: overlay mode, drag disabled, window buttons hidden, title bar hidden
[2020.01.31-03.19.11:748][  0]LogSlate: Updating window title bar state: overlay mode, drag disabled, window buttons hidden, title bar hidden
[2020.01.31-03.19.11:970][  0]LogCollectionManager: Loaded 0 collections in 0.004556 seconds
[2020.01.31-03.19.12:124][  0]LogFileCache: Scanning file cache for directory 'E:/SeniorProject/PollutionProject/SeniorProject/Saved/Collections/' took 0.01s
[2020.01.31-03.19.12:124][  0]LogFileCache: Scanning file cache for directory 'E:/SeniorProject/PollutionProject/SeniorProject/Content/Developers/Gregory/Collections/' took 0.00s
[2020.01.31-03.19.12:124][  0]LogFileCache: Scanning file cache for directory 'E:/SeniorProject/PollutionProject/SeniorProject/Content/Collections/' took 0.00s
[2020.01.31-03.19.12:124][  0]LogCollectionManager: Rebuilt the GUID cache for 0 collections in 0.000000 seconds
[2020.01.31-03.19.12:155][  0]LogContentBrowser: Native class hierarchy populated in 0.0119 seconds. Added 2875 classes and 729 folders.
[2020.01.31-03.19.12:331][  0]LogContentBrowser: Native class hierarchy updated for 'WidgetCarousel' in 0.0003 seconds. Added 0 classes and 0 folders.
[2020.01.31-03.19.12:404][  0]LogPakFile: Registered encryption key '00000000000000000000000000000000': 0 pak files mounted, 0 remain pending
[2020.01.31-03.19.12:464][  0]LogPakFile: Registered encryption key '00000000000000000000000000000000': 0 pak files mounted, 0 remain pending
[2020.01.31-03.19.12:490][  0]LogPakFile: Registered encryption key '00000000000000000000000000000000': 0 pak files mounted, 0 remain pending
[2020.01.31-03.19.12:528][  0]LogPakFile: Registered encryption key '00000000000000000000000000000000': 0 pak files mounted, 0 remain pending
[2020.01.31-03.19.12:553][  0]LogPakFile: Registered encryption key '00000000000000000000000000000000': 0 pak files mounted, 0 remain pending
[2020.01.31-03.19.12:605][  0]LogPakFile: Registered encryption key '00000000000000000000000000000000': 0 pak files mounted, 0 remain pending
[2020.01.31-03.19.12:623][  0]LogPakFile: Registered encryption key '00000000000000000000000000000000': 0 pak files mounted, 0 remain pending
[2020.01.31-03.19.12:646][  0]LogPakFile: Registered encryption key '00000000000000000000000000000000': 0 pak files mounted, 0 remain pending
[2020.01.31-03.19.12:675][  0]LogPakFile: Registered encryption key '00000000000000000000000000000000': 0 pak files mounted, 0 remain pending
[2020.01.31-03.19.12:725][  0]LogPakFile: Registered encryption key '00000000000000000000000000000000': 0 pak files mounted, 0 remain pending
[2020.01.31-03.19.12:746][  0]LogPakFile: Registered encryption key '00000000000000000000000000000000': 0 pak files mounted, 0 remain pending
[2020.01.31-03.19.12:952][  0]LogPakFile: Registered encryption key '00000000000000000000000000000000': 0 pak files mounted, 0 remain pending
[2020.01.31-03.19.12:987][  0]LogPakFile: Registered encryption key '00000000000000000000000000000000': 0 pak files mounted, 0 remain pending
[2020.01.31-03.19.13:082][  0]LogPakFile: Registered encryption key '00000000000000000000000000000000': 0 pak files mounted, 0 remain pending
[2020.01.31-03.19.13:129][  0]LogPakFile: Registered encryption key '00000000000000000000000000000000': 0 pak files mounted, 0 remain pending
[2020.01.31-03.19.13:284][  0]LogPakFile: Registered encryption key '00000000000000000000000000000000': 0 pak files mounted, 0 remain pending
[2020.01.31-03.19.13:374][  0]LogPakFile: Registered encryption key '00000000000000000000000000000000': 0 pak files mounted, 0 remain pending
[2020.01.31-03.19.13:402][  0]LogPakFile: Registered encryption key '00000000000000000000000000000000': 0 pak files mounted, 0 remain pending
[2020.01.31-03.19.13:467][  0]LogPakFile: Registered encryption key '00000000000000000000000000000000': 0 pak files mounted, 0 remain pending
[2020.01.31-03.19.13:493][  0]LogPakFile: Registered encryption key '00000000000000000000000000000000': 0 pak files mounted, 0 remain pending
[2020.01.31-03.19.13:511][  0]LogPakFile: Registered encryption key '00000000000000000000000000000000': 0 pak files mounted, 0 remain pending
[2020.01.31-03.19.13:556][  0]LogPakFile: Registered encryption key '00000000000000000000000000000000': 0 pak files mounted, 0 remain pending
[2020.01.31-03.19.13:578][  0]LogPakFile: Registered encryption key '00000000000000000000000000000000': 0 pak files mounted, 0 remain pending
[2020.01.31-03.19.13:592][  0]LogPakFile: Registered encryption key '00000000000000000000000000000000': 0 pak files mounted, 0 remain pending
[2020.01.31-03.19.13:607][  0]LogPakFile: Registered encryption key '00000000000000000000000000000000': 0 pak files mounted, 0 remain pending
[2020.01.31-03.19.13:631][  0]LogPakFile: Registered encryption key '00000000000000000000000000000000': 0 pak files mounted, 0 remain pending
[2020.01.31-03.19.13:657][  0]LogPakFile: Registered encryption key '00000000000000000000000000000000': 0 pak files mounted, 0 remain pending
[2020.01.31-03.19.13:701][  0]LogPakFile: Registered encryption key '00000000000000000000000000000000': 0 pak files mounted, 0 remain pending
[2020.01.31-03.19.15:602][  0]LogContentBrowser: Native class hierarchy updated for 'AddContentDialog' in 0.0005 seconds. Added 0 classes and 0 folders.
[2020.01.31-03.19.15:654][  0]LogContentBrowser: Native class hierarchy updated for 'SceneOutliner' in 0.0006 seconds. Added 1 classes and 0 folders.
[2020.01.31-03.19.25:593][  0]LogSlate: Took 0.016430 seconds to synchronously load lazily loaded font '../../../Engine/Content/Slate/Fonts/Roboto-Regular.ttf' (155K)
[2020.01.31-03.19.25:643][  0]LogSlate: Took 0.017406 seconds to synchronously load lazily loaded font '../../../Engine/Content/Slate/Fonts/Roboto-Bold.ttf' (160K)
[2020.01.31-03.19.25:825][  0]LogSlate: Took 0.016223 seconds to synchronously load lazily loaded font '../../../Engine/Content/Editor/Slate/Fonts/FontAwesome.ttf' (139K)
[2020.01.31-03.19.26:726][  0]LogRenderer: Reallocating scene render targets to support 1004x552 Format 10 NumSamples 1 (Frame:1).
[2020.01.31-03.19.27:147][  0]LogStaticMesh: Allocated 512x384x64 distance field atlas = 24.0Mb, with 110 objects containing 20.1Mb backing data
[2020.01.31-03.19.28:403][  0]LogSlate: Took 0.052501 seconds to synchronously load lazily loaded font '../../../Engine/Content/Slate/Fonts/Roboto-Light.ttf' (167K)
[2020.01.31-03.19.28:950][  0]LogContentBrowser: Native class hierarchy updated for 'HierarchicalLODOutliner' in 0.0003 seconds. Added 0 classes and 0 folders.
[2020.01.31-03.19.28:950][  0]LogLoad: (Engine Initialization) Total time: 565.91 seconds
[2020.01.31-03.19.28:950][  0]LogLoad: (Engine Initialization) Total Blueprint compile time: 0.00 seconds
[2020.01.31-03.19.29:314][  0]LogContentStreaming: Texture pool size now 1000 MB
[2020.01.31-03.19.30:133][  0]LogMeshUtilities: Discarded distance field for Window_001J as mesh was not closed!  Assign a two-sided material to fix.
[2020.01.31-03.19.30:133][  0]LogMeshUtilities: Finished distance field build in 0.0s - 12x8x23 distance field, 26 triangles, Range [-0.1, 0.4], Window_001J
[2020.01.31-03.19.30:244][  1]LogAssetRegistry: Asset discovery search completed in 488.4924 seconds
[2020.01.31-03.19.30:247][  1]LogCollectionManager: Rebuilt the object cache for 0 collections in 0.000001 seconds (found 0 objects)
[2020.01.31-03.19.30:247][  1]LogCollectionManager: Fixed up redirectors for 0 collections in 0.000150 seconds (updated 0 objects)
[2020.01.31-03.19.30:892][  2]LogMeshUtilities: Finished distance field build in 0.0s - 10x10x13 distance field, 360 triangles, Range [-0.0, 0.6], TrashCan_001A
[2020.01.31-03.19.31:245][  5]LogMeshUtilities: Finished distance field build in 0.0s - 8x9x8 distance field, 2084 triangles, Range [-0.1, 0.3], FlashLight_001A
[2020.01.31-03.19.31:515][ 14]LogMeshUtilities: Finished distance field build in 0.1s - 11x13x15 distance field, 584 triangles, Range [-0.5, 0.9], Trash_001B
[2020.01.31-03.19.31:774][ 21]LogMeshUtilities: Finished distance field build in 0.1s - 15x12x15 distance field, 584 triangles, Range [-0.5, 1.0], Trash_001A
[2020.01.31-03.19.31:933][ 27]LogMeshUtilities: Finished distance field build in 0.0s - 8x8x8 distance field, 488 triangles, Range [-0.3, 0.4], Can_001B
[2020.01.31-03.19.32:115][ 33]LogMeshUtilities: Finished distance field build in 0.0s - 8x8x8 distance field, 596 triangles, Range [-0.3, 0.4], Can_001A
[2020.01.31-03.19.32:274][ 39]LogMeshUtilities: Finished distance field build in 0.0s - 12x8x8 distance field, 188 triangles, Range [0.0, 0.3], Box_001F
[2020.01.31-03.19.32:423][ 44]LogMeshUtilities: Finished distance field build in 0.0s - 9x8x8 distance field, 28 triangles, Range [-0.4, 0.4], Box_001C
[2020.01.31-03.19.32:606][ 49]LogMeshUtilities: Finished distance field build in 0.1s - 12x11x9 distance field, 60 triangles, Range [-0.0, 0.7], Box_001A
[2020.01.31-03.19.32:759][ 54]LogMeshUtilities: Finished distance field build in 0.0s - 8x8x8 distance field, 156 triangles, Range [-0.2, 0.3], Bottle_001A
[2020.01.31-03.19.32:934][ 59]LogMeshUtilities: Finished distance field build in 0.0s - 8x8x12 distance field, 448 triangles, Range [-0.1, 0.7], Booie_001C
[2020.01.31-03.19.33:149][ 66]LogMeshUtilities: Discarded distance field for Bin_001B as mesh was not closed!  Assign a two-sided material to fix.
[2020.01.31-03.19.33:149][ 66]LogMeshUtilities: Finished distance field build in 0.1s - 13x21x8 distance field, 230 triangles, Range [-0.2, 0.4], Bin_001B
[2020.01.31-03.19.33:614][ 81]LogMeshUtilities: Finished distance field build in 0.3s - 18x30x11 distance field, 11984 triangles, Range [-0.2, 0.4], LobsterTrap_001B
[2020.01.31-03.19.35:206][176]LogFileCache: Retrieving MD5 hashes for directory 'E:/SeniorProject/PollutionProject/SeniorProject/Content/' took 6.05s
[2020.01.31-03.19.58:472][781]LogSlate: FSceneViewport::OnFocusLost() reason 0
[2020.01.31-03.20.04:942][116]LogSlate: Took 0.000120 seconds to synchronously load lazily loaded font '../../../Engine/Content/Slate/Fonts/Roboto-Light.ttf' (167K)
[2020.01.31-03.20.06:670][116]LogAudioDerivedData: Display: Building compressed audio format OGG hash OGG wave A_DockSteps...
[2020.01.31-03.20.08:370][116]LogAudioDerivedData: Display: Updated SoundWave->RawPCMDataSize from 0 to 786920 while cooking SoundWave /Game/Assets/GameSounds/A_DockSteps.A_DockSteps.
[2020.01.31-03.20.08:372][116]LogAudioDerivedData: Display: Building compressed audio format OGG hash OGG wave A_Forest...
[2020.01.31-03.20.08:398][116]LogAudioDerivedData: Display: Updated SoundWave->RawPCMDataSize from 0 to 125404 while cooking SoundWave /Game/Assets/GameSounds/A_Forest.A_Forest.
[2020.01.31-03.20.09:142][116]LogAudioDerivedData: Display: Building compressed audio format OGG hash OGG wave A_WalkingMarket...
[2020.01.31-03.20.09:159][116]LogAudioDerivedData: Display: Updated SoundWave->RawPCMDataSize from 0 to 67372 while cooking SoundWave /Game/Assets/GameSounds/A_WalkingMarket.A_WalkingMarket.
[2020.01.31-03.20.09:161][116]LogAIModule: Creating AISystem for world PlayTest
[2020.01.31-03.20.09:579][116]LogAssetEditorManager: Opening Asset editor for World /Game/Levels/PlayTest.PlayTest
[2020.01.31-03.20.09:843][116]LogUObjectHash: Compacting FUObjectHashTables data took   2.60ms
[2020.01.31-03.20.09:994][116]Cmd: MAP LOAD FILE="E:/SeniorProject/PollutionProject/SeniorProject/Content/Levels/PlayTest.umap" TEMPLATE=0 SHOWPROGRESS=1 FEATURELEVEL=3
[2020.01.31-03.20.09:995][116]LightingResults: New page: Lighting Build
[2020.01.31-03.20.09:996][116]LoadErrors: New page: Loading map: PlayTest.umap
[2020.01.31-03.20.10:288][116]MapCheck: New page: Map Check
[2020.01.31-03.20.10:288][116]LightingResults: New page: Lighting Build
[2020.01.31-03.20.11:156][116]LogUObjectHash: Compacting FUObjectHashTables data took   5.14ms
[2020.01.31-03.20.11:463][116]LogEditorServer: Finished looking for orphan Actors (0.000 secs)
[2020.01.31-03.20.11:490][116]LogUObjectHash: Compacting FUObjectHashTables data took   2.34ms
[2020.01.31-03.20.11:592][116]Cmd: MAP CHECKDEP NOCLEARLOG
[2020.01.31-03.20.11:592][116]MapCheck: Map check complete: 0 Error(s), 0 Warning(s), took 0.115ms to complete.
[2020.01.31-03.20.11:593][116]LogFileHelpers: Loading map 'PlayTest' took 1.711
[2020.01.31-03.20.11:924][118]LogStaticMesh: Allocated 512x434x64 distance field atlas = 27.1Mb, with 150 objects containing 22.1Mb backing data
[2020.01.31-03.20.13:550][194]LogEditorViewport: Clicking on Actor (context menu): StaticMeshActor (Test_gb_10)
[2020.01.31-03.20.21:818][194]LogSlate: FSceneViewport::OnFocusLost() reason 2
[2020.01.31-03.20.21:972][194]LogEditorViewport: Clicking on Actor (context menu): StaticMeshActor (Cube)
[2020.01.31-03.20.22:093][194]LogSlate: FSceneViewport::OnFocusLost() reason 2
[2020.01.31-03.20.22:315][194]LogEditorViewport: Clicking on Actor (LMB): StaticMeshActor (Test_gb_10)
[2020.01.31-03.20.22:563][194]LogEditorViewport: Clicking on Actor (LMB): StaticMeshActor (Test_gb_10)
[2020.01.31-03.20.28:839][829]LogSlate: FSceneViewport::OnFocusLost() reason 0
[2020.01.31-03.20.28:941][839]LogTemp: Repeating last play command: Selected Viewport
[2020.01.31-03.20.29:210][839]LogBlueprintUserMessages: Early PlayInEditor Detection: Level '/Game/Levels/PlayTest.PlayTest:PersistentLevel' has LevelScriptBlueprint '/Game/Levels/PlayTest.PlayTest:PersistentLevel.PlayTest' with GeneratedClass '/Game/Levels/PlayTest.PlayTest_C' with ClassGeneratedBy '/Game/Levels/PlayTest.PlayTest:PersistentLevel.PlayTest'
[2020.01.31-03.20.29:338][839]LogPlayLevel: PlayLevel: No blueprints needed recompiling
[2020.01.31-03.20.29:400][839]PIE: New page: PIE session: PlayTest (Jan 30, 2020, 5:20:29 PM)
[2020.01.31-03.20.29:867][839]LogPlayLevel: Creating play world package: /Game/Levels/UEDPIE_0_PlayTest
[2020.01.31-03.20.30:082][839]LogPlayLevel: PIE: StaticDuplicateObject took: (0.214683s)
[2020.01.31-03.20.30:124][839]LogAIModule: Creating AISystem for world PlayTest
[2020.01.31-03.20.30:332][839]LogPlayLevel: PIE: World Init took: (0.250790s)
[2020.01.31-03.20.30:333][839]LogPlayLevel: PIE: Created PIE world by copying editor world from /Game/Levels/PlayTest.PlayTest to /Game/Levels/UEDPIE_0_PlayTest.PlayTest (0.466186s)
[2020.01.31-03.20.30:358][839]LogUObjectHash: Compacting FUObjectHashTables data took   1.99ms
[2020.01.31-03.20.30:638][839]LogInit: XAudio2 using 'Headset Earphone (2- Corsair HS70 Wireless Gaming Headset)' : 2 channels at 48 kHz using 16 bits per sample (channel mask 0x3)
[2020.01.31-03.20.30:658][839]LogInit: FAudioDevice initialized.
[2020.01.31-03.20.31:030][839]LogLoad: Game class is 'FirstPersonGameMode_C'
[2020.01.31-03.20.31:604][839]LogWorld: Bringing World /Game/Levels/UEDPIE_0_PlayTest.PlayTest up for play (max tick rate 0) at 2020.01.30-22.20.31
[2020.01.31-03.20.31:981][839]LogWorld: Bringing up level for play took: 0.407801
[2020.01.31-03.20.33:089][839]LogContentBrowser: Native class hierarchy updated for 'MovieSceneCapture' in 0.0004 seconds. Added 20 classes and 0 folders.
[2020.01.31-03.20.34:457][839]PIE: Play in editor start time for /Game/Levels/UEDPIE_0_PlayTest 6.244
[2020.01.31-03.20.34:458][839]LogBlueprintUserMessages: Late PlayInEditor Detection: Level '/Game/Levels/PlayTest.PlayTest:PersistentLevel' has LevelScriptBlueprint '/Game/Levels/PlayTest.PlayTest:PersistentLevel.PlayTest' with GeneratedClass '/Game/Levels/PlayTest.PlayTest_C' with ClassGeneratedBy '/Game/Levels/PlayTest.PlayTest:PersistentLevel.PlayTest'
[2020.01.31-03.20.49:372][115]LogBlueprintUserMessages: Early EndPlayMap Detection: Level '/Game/Levels/PlayTest.PlayTest:PersistentLevel' has LevelScriptBlueprint '/Game/Levels/PlayTest.PlayTest:PersistentLevel.PlayTest' with GeneratedClass '/Game/Levels/PlayTest.PlayTest_C' with ClassGeneratedBy '/Game/Levels/PlayTest.PlayTest:PersistentLevel.PlayTest'
[2020.01.31-03.20.49:809][115]LogSlate: Updating window title bar state: overlay mode, drag disabled, window buttons hidden, title bar hidden
[2020.01.31-03.20.50:060][115]LogPlayLevel: Display: Shutting down PIE online subsystems
[2020.01.31-03.20.50:061][115]LogBlueprintUserMessages: Late EndPlayMap Detection: Level '/Game/Levels/PlayTest.PlayTest:PersistentLevel' has LevelScriptBlueprint '/Game/Levels/PlayTest.PlayTest:PersistentLevel.PlayTest' with GeneratedClass '/Game/Levels/PlayTest.PlayTest_C' with ClassGeneratedBy '/Game/Levels/PlayTest.PlayTest:PersistentLevel.PlayTest'
[2020.01.31-03.20.50:177][115]LogSlate: Updating window title bar state: overlay mode, drag disabled, window buttons hidden, title bar hidden
[2020.01.31-03.20.50:299][115]LogUObjectHash: Compacting FUObjectHashTables data took   2.74ms
[2020.01.31-03.20.50:342][116]LogPlayLevel: Display: Destroying online subsystem :Context_13
