Log file open, 12/10/19 18:05:14
LogWindows: Failed to load 'aqProf.dll' (GetLastError=126)
LogWindows: File 'aqProf.dll' does not exist
LogWindows: Failed to load 'VtuneApi.dll' (GetLastError=126)
LogWindows: File 'VtuneApi.dll' does not exist
LogWindows: Failed to load 'VtuneApi32e.dll' (GetLastError=126)
LogWindows: File 'VtuneApi32e.dll' does not exist
LogConsoleResponse: Display: Failed to find resolution value strings in scalability ini. Falling back to default.
LogInit: Display: Running engine for game: SeniorProject
LogPakFile: Registered encryption key '00000000000000000000000000000000': 0 pak files mounted, 0 remain pending
LogPlatformFile: Not using cached read wrapper
LogTaskGraph: Started task graph with 5 named threads and 23 total threads with 3 sets of task threads.
LogStats: Stats thread started at 0.385080
LogD3D11RHI: Loaded GFSDK_Aftermath_Lib.x64.dll
LogICUInternationalization: ICU TimeZone Detection - Raw Offset: -5:00, Platform Override: ''
LogPluginManager: Mounting plugin Paper2D
LogPluginManager: Mounting plugin AISupport
LogPluginManager: Mounting plugin LightPropagationVolume
LogPluginManager: Mounting plugin ActorLayerUtilities
LogPluginManager: Mounting plugin AnimationSharing
LogPluginManager: Mounting plugin CLionSourceCodeAccess
LogPluginManager: Mounting plugin CodeLiteSourceCodeAccess
LogPluginManager: Mounting plugin GitSourceControl
LogPluginManager: Mounting plugin KDevelopSourceCodeAccess
LogPluginManager: Mounting plugin NullSourceCodeAccess
LogPluginManager: Mounting plugin PerforceSourceControl
LogPluginManager: Mounting plugin SubversionSourceControl
LogPluginManager: Mounting plugin UObjectPlugin
LogPluginManager: Mounting plugin VisualStudioCodeSourceCodeAccess
LogPluginManager: Mounting plugin VisualStudioSourceCodeAccess
LogPluginManager: Mounting plugin XCodeSourceCodeAccess
LogPluginManager: Mounting plugin AssetManagerEditor
LogPluginManager: Mounting plugin CryptoKeys
LogPluginManager: Mounting plugin DataValidation
LogPluginManager: Mounting plugin EditorScriptingUtilities
LogPluginManager: Mounting plugin FacialAnimation
LogPluginManager: Mounting plugin GameplayTagsEditor
LogPluginManager: Mounting plugin GLTFImporter
LogPluginManager: Mounting plugin MacGraphicsSwitching
LogPluginManager: Mounting plugin MaterialAnalyzer
LogPluginManager: Mounting plugin MeshEditor
LogPluginManager: Mounting plugin MobileLauncherProfileWizard
LogPluginManager: Mounting plugin PluginBrowser
LogPluginManager: Mounting plugin SpeedTreeImporter
LogPluginManager: Mounting plugin DatasmithContent
LogPluginManager: Mounting plugin VariantManagerContent
LogPluginManager: Mounting plugin AlembicImporter
LogPluginManager: Mounting plugin AppleImageUtils
LogPluginManager: Mounting plugin AppleVision
LogPluginManager: Mounting plugin BackChannel
LogPluginManager: Mounting plugin BlastPlugin
LogPluginManager: Mounting plugin ChaosSolverPlugin
LogPluginManager: Mounting plugin CharacterAI
LogPluginManager: Mounting plugin GeometryCache
LogPluginManager: Mounting plugin GeometryCollectionPlugin
LogPluginManager: Mounting plugin HTML5Networking
LogPluginManager: Mounting plugin ProxyLODPlugin
LogPluginManager: Mounting plugin SkeletalReduction
LogPluginManager: Mounting plugin MagicLeap
LogPluginManager: Mounting plugin MagicLeapMedia
LogPluginManager: Mounting plugin AndroidMedia
LogPluginManager: Mounting plugin AvfMedia
LogPluginManager: Mounting plugin ImgMedia
LogPluginManager: Mounting plugin LinearTimecode
LogPluginManager: Mounting plugin MediaCompositing
LogPluginManager: Mounting plugin MediaPlayerEditor
LogPluginManager: Mounting plugin WebMMedia
LogPluginManager: Mounting plugin WmfMedia
LogPluginManager: Mounting plugin TcpMessaging
LogPluginManager: Mounting plugin UdpMessaging
LogPluginManager: Mounting plugin ActorSequence
LogPluginManager: Mounting plugin LevelSequenceEditor
LogPluginManager: Mounting plugin MatineeToLevelSequence
LogPluginManager: Mounting plugin NetcodeUnitTest
LogPluginManager: Mounting plugin NUTUnrealEngine4
LogPluginManager: Mounting plugin OnlineSubsystemGooglePlay
LogPluginManager: Mounting plugin OnlineSubsystemIOS
LogPluginManager: Mounting plugin OnlineSubsystem
LogPluginManager: Mounting plugin OnlineSubsystemNull
LogPluginManager: Mounting plugin OnlineSubsystemUtils
LogPluginManager: Mounting plugin LauncherChunkInstaller
LogPluginManager: Mounting plugin AndroidDeviceProfileSelector
LogPluginManager: Mounting plugin AndroidMoviePlayer
LogPluginManager: Mounting plugin AndroidPermission
LogPluginManager: Mounting plugin AppleMoviePlayer
LogPluginManager: Mounting plugin ArchVisCharacter
LogPluginManager: Mounting plugin AudioCapture
LogPluginManager: Mounting plugin CableComponent
LogPluginManager: Mounting plugin CustomMeshComponent
LogPluginManager: Mounting plugin EditableMesh
LogPluginManager: Mounting plugin ExampleDeviceProfileSelector
LogPluginManager: Mounting plugin Firebase
LogPluginManager: Mounting plugin GoogleCloudMessaging
LogPluginManager: Mounting plugin IOSDeviceProfileSelector
LogPluginManager: Mounting plugin LinuxDeviceProfileSelector
LogPluginManager: Mounting plugin LocationServicesBPLibrary
LogPluginManager: Mounting plugin MobilePatchingUtils
LogPluginManager: Mounting plugin OculusVR
LogPluginManager: Mounting plugin PhysXVehicles
LogPluginManager: Mounting plugin ProceduralMeshComponent
LogPluginManager: Mounting plugin RuntimePhysXCooking
LogPluginManager: Mounting plugin SignificanceManager
LogPluginManager: Mounting plugin SteamVR
LogPluginManager: Mounting plugin WebMMoviePlayer
LogPluginManager: Mounting plugin WindowsMoviePlayer
LogPluginManager: Mounting plugin DatasmithCADImporter
LogPluginManager: Mounting plugin DatasmithDataPrepEditor
LogPluginManager: Mounting plugin DatasmithFBXImporter
LogPluginManager: Mounting plugin DatasmithGLTFImporter
LogPluginManager: Mounting plugin DatasmithImporter
LogPluginManager: Mounting plugin MDLImporter
LogPluginManager: Mounting plugin StaticMeshEditorExtension
LogPluginManager: Mounting plugin VariantManager
LogInit: Using libcurl 7.55.1-DEV
LogInit:  - built for x86_64-pc-win32
LogInit:  - supports SSL with OpenSSL/1.1.1
LogInit:  - supports HTTP deflate (compression) using libz 1.2.8
LogInit:  - other features:
LogInit:      CURL_VERSION_SSL
LogInit:      CURL_VERSION_LIBZ
LogInit:      CURL_VERSION_IPV6
LogInit:      CURL_VERSION_ASYNCHDNS
LogInit:      CURL_VERSION_LARGEFILE
LogInit:      CURL_VERSION_IDN
LogInit:  CurlRequestOptions (configurable via config and command line):
LogInit:  - bVerifyPeer = true  - Libcurl will verify peer certificate
LogInit:  - bUseHttpProxy = false  - Libcurl will NOT use HTTP proxy
LogInit:  - bDontReuseConnections = false  - Libcurl will reuse connections
LogInit:  - MaxHostConnections = 16  - Libcurl will limit the number of connections to a host
LogInit:  - LocalHostAddr = Default
LogInit:  - BufferSize = 65536
LogInit: WinSock: version 1.1 (2.2), MaxSocks=32767, MaxUdp=65467
LogHMD: Failed initializing OVRPlugin 1.32.0
LogInit: Build: ++UE4+Release-4.22-CL-7053642
LogInit: Engine Version: 4.22.3-7053642+++UE4+Release-4.22
LogInit: Compatible Engine Version: 4.22.0-5660361+++UE4+Release-4.22
LogInit: Net CL: 5660361
LogInit: OS: Windows 10 (Release 1903) (), CPU: Intel(R) Core(TM) i7-7700HQ CPU @ 2.80GHz, GPU: NVIDIA GeForce GTX 1070
LogInit: Compiled (64-bit): Jun 18 2019 03:09:11
LogInit: Compiled with Visual C++: 19.16.27025.01
LogInit: Build Configuration: Development
LogInit: Branch Name: ++UE4+Release-4.22
LogInit: Command Line:  -skipcompile
LogInit: Base Directory: D:/TheBestGame/UE_4.22/Engine/Binaries/Win64/
LogInit: Installed Engine Build: 1
LogDevObjectVersion: Number of dev versions registered: 23
LogDevObjectVersion:   Dev-Blueprints (B0D832E4-1F89-4F0D-ACCF-7EB736FD4AA2): 10
LogDevObjectVersion:   Dev-Build (E1C64328-A22C-4D53-A36C-8E866417BD8C): 0
LogDevObjectVersion:   Dev-Core (375EC13C-06E4-48FB-B500-84F0262A717E): 3
LogDevObjectVersion:   Dev-Editor (E4B068ED-F494-42E9-A231-DA0B2E46BB41): 30
LogDevObjectVersion:   Dev-Framework (CFFC743F-43B0-4480-9391-14DF171D2073): 35
LogDevObjectVersion:   Dev-Mobile (B02B49B5-BB20-44E9-A304-32B752E40360): 2
LogDevObjectVersion:   Dev-Networking (A4E4105C-59A1-49B5-A7C5-40C4547EDFEE): 0
LogDevObjectVersion:   Dev-Online (39C831C9-5AE6-47DC-9A44-9C173E1C8E7C): 0
LogDevObjectVersion:   Dev-Physics (78F01B33-EBEA-4F98-B9B4-84EACCB95AA2): 0
LogDevObjectVersion:   Dev-Platform (6631380F-2D4D-43E0-8009-CF276956A95A): 0
LogDevObjectVersion:   Dev-Rendering (12F88B9F-8875-4AFC-A67C-D90C383ABD29): 28
LogDevObjectVersion:   Dev-Sequencer (7B5AE74C-D270-4C10-A958-57980B212A5A): 11
LogDevObjectVersion:   Dev-VR (D7296918-1DD6-4BDD-9DE2-64A83CC13884): 2
LogDevObjectVersion:   Dev-LoadTimes (C2A15278-BFE7-4AFE-6C17-90FF531DF755): 1
LogDevObjectVersion:   Private-Geometry (6EACA3D4-40EC-4CC1-B786-8BED09428FC5): 3
LogDevObjectVersion:   Dev-AnimPhys (29E575DD-E0A3-4627-9D10-D276232CDCEA): 17
LogDevObjectVersion:   Dev-Anim (AF43A65D-7FD3-4947-9873-3E8ED9C1BB05): 2
LogDevObjectVersion:   Dev-ReflectionCapture (6B266CEC-1EC7-4B8F-A30B-E4D90942FC07): 1
LogDevObjectVersion:   Dev-Automation (0DF73D61-A23F-47EA-B727-89E90C41499A): 1
LogDevObjectVersion:   FortniteMain (601D1886-AC64-4F84-AA16-D3DE0DEAC7D6): 25
LogDevObjectVersion:   Dev-Enterprise (9DFFBCD6-494F-0158-E221-12823C92A888): 6
LogDevObjectVersion:   Dev-Niagara (F2AED0AC-9AFE-416F-8664-AA7FFA26D6FC): 1
LogDevObjectVersion:   Dev-Destruction (174F1F0B-B4C6-45A5-B13F-2EE8D0FB917D): 2
LogInit: Presizing for max 16777216 objects, including 0 objects not considered by GC, pre-allocating 0 bytes for permanent pool.
LogInit: Object subsystem initialized
LogConfig: Setting CVar [[con.DebugEarlyDefault:1]]
LogConfig: Setting CVar [[r.setres:1280x720]]
[2019.12.10-23.05.15:382][  0]LogConfig: Setting CVar [[r.VSync:0]]
[2019.12.10-23.05.15:382][  0]LogConfig: Setting CVar [[r.RHICmdBypass:0]]
[2019.12.10-23.05.15:383][  0]LogConfig: Applying CVar settings from Section [/Script/Engine.RendererSettings] File [C:/SeniorProject/PollutionProject/SeniorProject/Saved/Config/Windows/Engine.ini]
[2019.12.10-23.05.15:383][  0]LogConfig: Setting CVar [[r.GPUCrashDebugging:0]]
[2019.12.10-23.05.15:383][  0]LogConfig: Setting CVar [[r.DefaultFeature.AutoExposure.ExtendDefaultLuminanceRange:1]]
[2019.12.10-23.05.15:383][  0]LogConfig: Setting CVar [[r.GenerateMeshDistanceFields:1]]
[2019.12.10-23.05.15:383][  0]LogConfig: Applying CVar settings from Section [/Script/Engine.RendererOverrideSettings] File [C:/SeniorProject/PollutionProject/SeniorProject/Saved/Config/Windows/Engine.ini]
[2019.12.10-23.05.15:383][  0]LogConfig: Applying CVar settings from Section [/Script/Engine.StreamingSettings] File [C:/SeniorProject/PollutionProject/SeniorProject/Saved/Config/Windows/Engine.ini]
[2019.12.10-23.05.15:383][  0]LogConfig: Setting CVar [[s.MinBulkDataSizeForAsyncLoading:131072]]
[2019.12.10-23.05.15:384][  0]LogConfig: Setting CVar [[s.AsyncLoadingThreadEnabled:0]]
[2019.12.10-23.05.15:384][  0]LogConfig: Setting CVar [[s.EventDrivenLoaderEnabled:1]]
[2019.12.10-23.05.15:384][  0]LogConfig: Setting CVar [[s.WarnIfTimeLimitExceeded:0]]
[2019.12.10-23.05.15:384][  0]LogConfig: Setting CVar [[s.TimeLimitExceededMultiplier:1.5]]
[2019.12.10-23.05.15:384][  0]LogConfig: Setting CVar [[s.TimeLimitExceededMinTime:0.005]]
[2019.12.10-23.05.15:384][  0]LogConfig: Setting CVar [[s.UseBackgroundLevelStreaming:1]]
[2019.12.10-23.05.15:384][  0]LogConfig: Setting CVar [[s.PriorityAsyncLoadingExtraTime:15.0]]
[2019.12.10-23.05.15:384][  0]LogConfig: Setting CVar [[s.LevelStreamingActorsUpdateTimeLimit:5.0]]
[2019.12.10-23.05.15:385][  0]LogConfig: Setting CVar [[s.PriorityLevelStreamingActorsUpdateExtraTime:5.0]]
[2019.12.10-23.05.15:385][  0]LogConfig: Setting CVar [[s.LevelStreamingComponentsRegistrationGranularity:10]]
[2019.12.10-23.05.15:385][  0]LogConfig: Setting CVar [[s.UnregisterComponentsTimeLimit:1.0]]
[2019.12.10-23.05.15:385][  0]LogConfig: Setting CVar [[s.LevelStreamingComponentsUnregistrationGranularity:5]]
[2019.12.10-23.05.15:385][  0]LogConfig: Applying CVar settings from Section [/Script/Engine.GarbageCollectionSettings] File [C:/SeniorProject/PollutionProject/SeniorProject/Saved/Config/Windows/Engine.ini]
[2019.12.10-23.05.15:385][  0]LogConfig: Setting CVar [[gc.MaxObjectsNotConsideredByGC:1]]
[2019.12.10-23.05.15:385][  0]LogConfig: Setting CVar [[gc.SizeOfPermanentObjectPool:0]]
[2019.12.10-23.05.15:385][  0]LogConfig: Setting CVar [[gc.FlushStreamingOnGC:0]]
[2019.12.10-23.05.15:385][  0]LogConfig: Setting CVar [[gc.NumRetriesBeforeForcingGC:10]]
[2019.12.10-23.05.15:385][  0]LogConfig: Setting CVar [[gc.AllowParallelGC:1]]
[2019.12.10-23.05.15:385][  0]LogConfig: Setting CVar [[gc.TimeBetweenPurgingPendingKillObjects:61.1]]
[2019.12.10-23.05.15:386][  0]LogConfig: Setting CVar [[gc.MaxObjectsInEditor:16777216]]
[2019.12.10-23.05.15:386][  0]LogConfig: Setting CVar [[gc.IncrementalBeginDestroyEnabled:1]]
[2019.12.10-23.05.15:386][  0]LogConfig: Setting CVar [[gc.CreateGCClusters:1]]
[2019.12.10-23.05.15:386][  0]LogConfig: Setting CVar [[gc.MinGCClusterSize:5]]
[2019.12.10-23.05.15:386][  0]LogConfig: Setting CVar [[gc.ActorClusteringEnabled:0]]
[2019.12.10-23.05.15:386][  0]LogConfig: Setting CVar [[gc.BlueprintClusteringEnabled:0]]
[2019.12.10-23.05.15:386][  0]LogConfig: Setting CVar [[gc.UseDisregardForGCOnDedicatedServers:0]]
[2019.12.10-23.05.15:386][  0]LogConfig: Applying CVar settings from Section [/Script/Engine.NetworkSettings] File [C:/SeniorProject/PollutionProject/SeniorProject/Saved/Config/Windows/Engine.ini]
[2019.12.10-23.05.15:386][  0]LogConfig: Applying CVar settings from Section [/Script/UnrealEd.CookerSettings] File [C:/SeniorProject/PollutionProject/SeniorProject/Saved/Config/Windows/Engine.ini]
[2019.12.10-23.05.15:398][  0]LogConfig: Applying CVar settings from Section [ViewDistanceQuality@3] File [C:/SeniorProject/PollutionProject/SeniorProject/Saved/Config/Windows/Scalability.ini]
[2019.12.10-23.05.15:398][  0]LogConfig: Setting CVar [[r.SkeletalMeshLODBias:0]]
[2019.12.10-23.05.15:398][  0]LogConfig: Setting CVar [[r.ViewDistanceScale:1.0]]
[2019.12.10-23.05.15:398][  0]LogConfig: Applying CVar settings from Section [AntiAliasingQuality@3] File [C:/SeniorProject/PollutionProject/SeniorProject/Saved/Config/Windows/Scalability.ini]
[2019.12.10-23.05.15:398][  0]LogConfig: Setting CVar [[r.PostProcessAAQuality:4]]
[2019.12.10-23.05.15:398][  0]LogConfig: Applying CVar settings from Section [ShadowQuality@3] File [C:/SeniorProject/PollutionProject/SeniorProject/Saved/Config/Windows/Scalability.ini]
[2019.12.10-23.05.15:398][  0]LogConfig: Setting CVar [[r.LightFunctionQuality:1]]
[2019.12.10-23.05.15:398][  0]LogConfig: Setting CVar [[r.ShadowQuality:5]]
[2019.12.10-23.05.15:399][  0]LogConfig: Setting CVar [[r.Shadow.CSM.MaxCascades:10]]
[2019.12.10-23.05.15:399][  0]LogConfig: Setting CVar [[r.Shadow.MaxResolution:2048]]
[2019.12.10-23.05.15:399][  0]LogConfig: Setting CVar [[r.Shadow.MaxCSMResolution:2048]]
[2019.12.10-23.05.15:399][  0]LogConfig: Setting CVar [[r.Shadow.RadiusThreshold:0.01]]
[2019.12.10-23.05.15:399][  0]LogConfig: Setting CVar [[r.Shadow.DistanceScale:1.0]]
[2019.12.10-23.05.15:399][  0]LogConfig: Setting CVar [[r.Shadow.CSM.TransitionScale:1.0]]
[2019.12.10-23.05.15:399][  0]LogConfig: Setting CVar [[r.Shadow.PreShadowResolutionFactor:1.0]]
[2019.12.10-23.05.15:399][  0]LogConfig: Setting CVar [[r.DistanceFieldShadowing:1]]
[2019.12.10-23.05.15:399][  0]LogConfig: Setting CVar [[r.DistanceFieldAO:1]]
[2019.12.10-23.05.15:399][  0]LogConfig: Setting CVar [[r.AOQuality:2]]
[2019.12.10-23.05.15:400][  0]LogConfig: Setting CVar [[r.VolumetricFog:1]]
[2019.12.10-23.05.15:400][  0]LogConfig: Setting CVar [[r.VolumetricFog.GridPixelSize:8]]
[2019.12.10-23.05.15:400][  0]LogConfig: Setting CVar [[r.VolumetricFog.GridSizeZ:128]]
[2019.12.10-23.05.15:400][  0]LogConfig: Setting CVar [[r.VolumetricFog.HistoryMissSupersampleCount:4]]
[2019.12.10-23.05.15:400][  0]LogConfig: Setting CVar [[r.LightMaxDrawDistanceScale:1]]
[2019.12.10-23.05.15:400][  0]LogConfig: Setting CVar [[r.CapsuleShadows:1]]
[2019.12.10-23.05.15:400][  0]LogConfig: Applying CVar settings from Section [PostProcessQuality@3] File [C:/SeniorProject/PollutionProject/SeniorProject/Saved/Config/Windows/Scalability.ini]
[2019.12.10-23.05.15:400][  0]LogConfig: Setting CVar [[r.MotionBlurQuality:4]]
[2019.12.10-23.05.15:401][  0]LogConfig: Setting CVar [[r.AmbientOcclusionMipLevelFactor:0.4]]
[2019.12.10-23.05.15:401][  0]LogConfig: Setting CVar [[r.AmbientOcclusionMaxQuality:100]]
[2019.12.10-23.05.15:401][  0]LogConfig: Setting CVar [[r.AmbientOcclusionLevels:-1]]
[2019.12.10-23.05.15:401][  0]LogConfig: Setting CVar [[r.AmbientOcclusionRadiusScale:1.0]]
[2019.12.10-23.05.15:401][  0]LogConfig: Setting CVar [[r.DepthOfFieldQuality:2]]
[2019.12.10-23.05.15:401][  0]LogConfig: Setting CVar [[r.RenderTargetPoolMin:400]]
[2019.12.10-23.05.15:401][  0]LogConfig: Setting CVar [[r.LensFlareQuality:2]]
[2019.12.10-23.05.15:401][  0]LogConfig: Setting CVar [[r.SceneColorFringeQuality:1]]
[2019.12.10-23.05.15:402][  0]LogConfig: Setting CVar [[r.EyeAdaptationQuality:2]]
[2019.12.10-23.05.15:402][  0]LogConfig: Setting CVar [[r.BloomQuality:5]]
[2019.12.10-23.05.15:402][  0]LogConfig: Setting CVar [[r.FastBlurThreshold:100]]
[2019.12.10-23.05.15:402][  0]LogConfig: Setting CVar [[r.Upscale.Quality:3]]
[2019.12.10-23.05.15:402][  0]LogConfig: Setting CVar [[r.Tonemapper.GrainQuantization:1]]
[2019.12.10-23.05.15:402][  0]LogConfig: Setting CVar [[r.LightShaftQuality:1]]
[2019.12.10-23.05.15:402][  0]LogConfig: Setting CVar [[r.Filter.SizeScale:1]]
[2019.12.10-23.05.15:402][  0]LogConfig: Setting CVar [[r.Tonemapper.Quality:5]]
[2019.12.10-23.05.15:402][  0]LogConfig: Setting CVar [[r.DOF.Gather.AccumulatorQuality:1        ; higher gathering accumulator quality]]
[2019.12.10-23.05.15:403][  0]LogConfig: Setting CVar [[r.DOF.Gather.PostfilterMethod:1          ; Median3x3 postfilering method]]
[2019.12.10-23.05.15:403][  0]LogConfig: Setting CVar [[r.DOF.Gather.EnableBokehSettings:0       ; no bokeh simulation when gathering]]
[2019.12.10-23.05.15:403][  0]LogConfig: Setting CVar [[r.DOF.Gather.RingCount:4                 ; medium number of samples when gathering]]
[2019.12.10-23.05.15:403][  0]LogConfig: Setting CVar [[r.DOF.Scatter.ForegroundCompositing:1    ; additive foreground scattering]]
[2019.12.10-23.05.15:403][  0]LogConfig: Setting CVar [[r.DOF.Scatter.BackgroundCompositing:2    ; additive background scattering]]
[2019.12.10-23.05.15:403][  0]LogConfig: Setting CVar [[r.DOF.Scatter.EnableBokehSettings:1      ; bokeh simulation when scattering]]
[2019.12.10-23.05.15:403][  0]LogConfig: Setting CVar [[r.DOF.Scatter.MaxSpriteRatio:0.1         ; only a maximum of 10% of scattered bokeh]]
[2019.12.10-23.05.15:403][  0]LogConfig: Setting CVar [[r.DOF.Recombine.Quality:1                ; cheap slight out of focus]]
[2019.12.10-23.05.15:403][  0]LogConfig: Setting CVar [[r.DOF.Recombine.EnableBokehSettings:0    ; no bokeh simulation on slight out of focus]]
[2019.12.10-23.05.15:404][  0]LogConfig: Setting CVar [[r.DOF.TemporalAAQuality:1                ; more stable temporal accumulation]]
[2019.12.10-23.05.15:404][  0]LogConfig: Setting CVar [[r.DOF.Kernel.MaxForegroundRadius:0.025]]
[2019.12.10-23.05.15:404][  0]LogConfig: Setting CVar [[r.DOF.Kernel.MaxBackgroundRadius:0.025]]
[2019.12.10-23.05.15:404][  0]LogConfig: Applying CVar settings from Section [TextureQuality@3] File [C:/SeniorProject/PollutionProject/SeniorProject/Saved/Config/Windows/Scalability.ini]
[2019.12.10-23.05.15:404][  0]LogConfig: Setting CVar [[r.Streaming.MipBias:0]]
[2019.12.10-23.05.15:404][  0]LogConfig: Setting CVar [[r.Streaming.AmortizeCPUToGPUCopy:0]]
[2019.12.10-23.05.15:404][  0]LogConfig: Setting CVar [[r.Streaming.MaxNumTexturesToStreamPerFrame:0]]
[2019.12.10-23.05.15:404][  0]LogConfig: Setting CVar [[r.Streaming.Boost:1]]
[2019.12.10-23.05.15:404][  0]LogConfig: Setting CVar [[r.MaxAnisotropy:8]]
[2019.12.10-23.05.15:405][  0]LogConfig: Setting CVar [[r.Streaming.LimitPoolSizeToVRAM:0]]
[2019.12.10-23.05.15:405][  0]LogConfig: Setting CVar [[r.Streaming.PoolSize:1000]]
[2019.12.10-23.05.15:405][  0]LogConfig: Setting CVar [[r.Streaming.MaxEffectiveScreenSize:0]]
[2019.12.10-23.05.15:405][  0]LogConfig: Applying CVar settings from Section [EffectsQuality@3] File [C:/SeniorProject/PollutionProject/SeniorProject/Saved/Config/Windows/Scalability.ini]
[2019.12.10-23.05.15:405][  0]LogConfig: Setting CVar [[r.TranslucencyLightingVolumeDim:64]]
[2019.12.10-23.05.15:405][  0]LogConfig: Setting CVar [[r.RefractionQuality:2]]
[2019.12.10-23.05.15:405][  0]LogConfig: Setting CVar [[r.SSR.Quality:3]]
[2019.12.10-23.05.15:405][  0]LogConfig: Setting CVar [[r.SceneColorFormat:4]]
[2019.12.10-23.05.15:405][  0]LogConfig: Setting CVar [[r.DetailMode:2]]
[2019.12.10-23.05.15:405][  0]LogConfig: Setting CVar [[r.TranslucencyVolumeBlur:1]]
[2019.12.10-23.05.15:406][  0]LogConfig: Setting CVar [[r.MaterialQualityLevel:1 ; High quality]]
[2019.12.10-23.05.15:406][  0]LogConfig: Setting CVar [[r.SSS.Scale:1]]
[2019.12.10-23.05.15:406][  0]LogConfig: Setting CVar [[r.SSS.SampleSet:2]]
[2019.12.10-23.05.15:406][  0]LogConfig: Setting CVar [[r.SSS.Quality:1]]
[2019.12.10-23.05.15:406][  0]LogConfig: Setting CVar [[r.SSS.HalfRes:1]]
[2019.12.10-23.05.15:406][  0]LogConfig: Setting CVar [[r.EmitterSpawnRateScale:1.0]]
[2019.12.10-23.05.15:406][  0]LogConfig: Setting CVar [[r.ParticleLightQuality:2]]
[2019.12.10-23.05.15:406][  0]LogConfig: Applying CVar settings from Section [FoliageQuality@3] File [C:/SeniorProject/PollutionProject/SeniorProject/Saved/Config/Windows/Scalability.ini]
[2019.12.10-23.05.15:406][  0]LogConfig: Setting CVar [[foliage.DensityScale:1.0]]
[2019.12.10-23.05.15:406][  0]LogConfig: Setting CVar [[grass.DensityScale:1.0]]
[2019.12.10-23.05.15:407][  0]LogInit: Selected Device Profile: [Windows]
[2019.12.10-23.05.15:407][  0]LogInit: Applying CVar settings loaded from the selected device profile: [Windows]
[2019.12.10-23.05.15:425][  0]LogHAL: Display: Platform has ~ 16 GB [17130708992 / 17179869184 / 16], which maps to Larger [LargestMinGB=32, LargerMinGB=12, DefaultMinGB=8, SmallerMinGB=6, SmallestMinGB=0)
[2019.12.10-23.05.15:425][  0]LogConfig: Setting CVar [[r.Vulkan.UseRealUBs:0		; Required until we fix HLR fall-out]]
[2019.12.10-23.05.15:425][  0]LogInit: Going up to parent DeviceProfile []
[2019.12.10-23.05.15:425][  0]LogConfig: Applying CVar settings from Section [ViewDistanceQuality@3] File [C:/SeniorProject/PollutionProject/SeniorProject/Saved/Config/Windows/Scalability.ini]
[2019.12.10-23.05.15:425][  0]LogConfig: Setting CVar [[r.SkeletalMeshLODBias:0]]
[2019.12.10-23.05.15:426][  0]LogConfig: Setting CVar [[r.ViewDistanceScale:1.0]]
[2019.12.10-23.05.15:426][  0]LogConfig: Applying CVar settings from Section [AntiAliasingQuality@3] File [C:/SeniorProject/PollutionProject/SeniorProject/Saved/Config/Windows/Scalability.ini]
[2019.12.10-23.05.15:426][  0]LogConfig: Setting CVar [[r.PostProcessAAQuality:4]]
[2019.12.10-23.05.15:426][  0]LogConfig: Applying CVar settings from Section [ShadowQuality@3] File [C:/SeniorProject/PollutionProject/SeniorProject/Saved/Config/Windows/Scalability.ini]
[2019.12.10-23.05.15:426][  0]LogConfig: Setting CVar [[r.LightFunctionQuality:1]]
[2019.12.10-23.05.15:426][  0]LogConfig: Setting CVar [[r.ShadowQuality:5]]
[2019.12.10-23.05.15:426][  0]LogConfig: Setting CVar [[r.Shadow.CSM.MaxCascades:10]]
[2019.12.10-23.05.15:426][  0]LogConfig: Setting CVar [[r.Shadow.MaxResolution:2048]]
[2019.12.10-23.05.15:426][  0]LogConfig: Setting CVar [[r.Shadow.MaxCSMResolution:2048]]
[2019.12.10-23.05.15:427][  0]LogConfig: Setting CVar [[r.Shadow.RadiusThreshold:0.01]]
[2019.12.10-23.05.15:427][  0]LogConfig: Setting CVar [[r.Shadow.DistanceScale:1.0]]
[2019.12.10-23.05.15:427][  0]LogConfig: Setting CVar [[r.Shadow.CSM.TransitionScale:1.0]]
[2019.12.10-23.05.15:427][  0]LogConfig: Setting CVar [[r.Shadow.PreShadowResolutionFactor:1.0]]
[2019.12.10-23.05.15:427][  0]LogConfig: Setting CVar [[r.DistanceFieldShadowing:1]]
[2019.12.10-23.05.15:427][  0]LogConfig: Setting CVar [[r.DistanceFieldAO:1]]
[2019.12.10-23.05.15:427][  0]LogConfig: Setting CVar [[r.AOQuality:2]]
[2019.12.10-23.05.15:427][  0]LogConfig: Setting CVar [[r.VolumetricFog:1]]
[2019.12.10-23.05.15:427][  0]LogConfig: Setting CVar [[r.VolumetricFog.GridPixelSize:8]]
[2019.12.10-23.05.15:428][  0]LogConfig: Setting CVar [[r.VolumetricFog.GridSizeZ:128]]
[2019.12.10-23.05.15:428][  0]LogConfig: Setting CVar [[r.VolumetricFog.HistoryMissSupersampleCount:4]]
[2019.12.10-23.05.15:428][  0]LogConfig: Setting CVar [[r.LightMaxDrawDistanceScale:1]]
[2019.12.10-23.05.15:428][  0]LogConfig: Setting CVar [[r.CapsuleShadows:1]]
[2019.12.10-23.05.15:428][  0]LogConfig: Applying CVar settings from Section [PostProcessQuality@3] File [C:/SeniorProject/PollutionProject/SeniorProject/Saved/Config/Windows/Scalability.ini]
[2019.12.10-23.05.15:428][  0]LogConfig: Setting CVar [[r.MotionBlurQuality:4]]
[2019.12.10-23.05.15:428][  0]LogConfig: Setting CVar [[r.AmbientOcclusionMipLevelFactor:0.4]]
[2019.12.10-23.05.15:428][  0]LogConfig: Setting CVar [[r.AmbientOcclusionMaxQuality:100]]
[2019.12.10-23.05.15:428][  0]LogConfig: Setting CVar [[r.AmbientOcclusionLevels:-1]]
[2019.12.10-23.05.15:429][  0]LogConfig: Setting CVar [[r.AmbientOcclusionRadiusScale:1.0]]
[2019.12.10-23.05.15:429][  0]LogConfig: Setting CVar [[r.DepthOfFieldQuality:2]]
[2019.12.10-23.05.15:429][  0]LogConfig: Setting CVar [[r.RenderTargetPoolMin:400]]
[2019.12.10-23.05.15:429][  0]LogConfig: Setting CVar [[r.LensFlareQuality:2]]
[2019.12.10-23.05.15:429][  0]LogConfig: Setting CVar [[r.SceneColorFringeQuality:1]]
[2019.12.10-23.05.15:429][  0]LogConfig: Setting CVar [[r.EyeAdaptationQuality:2]]
[2019.12.10-23.05.15:429][  0]LogConfig: Setting CVar [[r.BloomQuality:5]]
[2019.12.10-23.05.15:429][  0]LogConfig: Setting CVar [[r.FastBlurThreshold:100]]
[2019.12.10-23.05.15:429][  0]LogConfig: Setting CVar [[r.Upscale.Quality:3]]
[2019.12.10-23.05.15:429][  0]LogConfig: Setting CVar [[r.Tonemapper.GrainQuantization:1]]
[2019.12.10-23.05.15:430][  0]LogConfig: Setting CVar [[r.LightShaftQuality:1]]
[2019.12.10-23.05.15:430][  0]LogConfig: Setting CVar [[r.Filter.SizeScale:1]]
[2019.12.10-23.05.15:430][  0]LogConfig: Setting CVar [[r.Tonemapper.Quality:5]]
[2019.12.10-23.05.15:430][  0]LogConfig: Setting CVar [[r.DOF.Gather.AccumulatorQuality:1        ; higher gathering accumulator quality]]
[2019.12.10-23.05.15:430][  0]LogConfig: Setting CVar [[r.DOF.Gather.PostfilterMethod:1          ; Median3x3 postfilering method]]
[2019.12.10-23.05.15:430][  0]LogConfig: Setting CVar [[r.DOF.Gather.EnableBokehSettings:0       ; no bokeh simulation when gathering]]
[2019.12.10-23.05.15:430][  0]LogConfig: Setting CVar [[r.DOF.Gather.RingCount:4                 ; medium number of samples when gathering]]
[2019.12.10-23.05.15:430][  0]LogConfig: Setting CVar [[r.DOF.Scatter.ForegroundCompositing:1    ; additive foreground scattering]]
[2019.12.10-23.05.15:430][  0]LogConfig: Setting CVar [[r.DOF.Scatter.BackgroundCompositing:2    ; additive background scattering]]
[2019.12.10-23.05.15:431][  0]LogConfig: Setting CVar [[r.DOF.Scatter.EnableBokehSettings:1      ; bokeh simulation when scattering]]
[2019.12.10-23.05.15:431][  0]LogConfig: Setting CVar [[r.DOF.Scatter.MaxSpriteRatio:0.1         ; only a maximum of 10% of scattered bokeh]]
[2019.12.10-23.05.15:431][  0]LogConfig: Setting CVar [[r.DOF.Recombine.Quality:1                ; cheap slight out of focus]]
[2019.12.10-23.05.15:431][  0]LogConfig: Setting CVar [[r.DOF.Recombine.EnableBokehSettings:0    ; no bokeh simulation on slight out of focus]]
[2019.12.10-23.05.15:431][  0]LogConfig: Setting CVar [[r.DOF.TemporalAAQuality:1                ; more stable temporal accumulation]]
[2019.12.10-23.05.15:431][  0]LogConfig: Setting CVar [[r.DOF.Kernel.MaxForegroundRadius:0.025]]
[2019.12.10-23.05.15:431][  0]LogConfig: Setting CVar [[r.DOF.Kernel.MaxBackgroundRadius:0.025]]
[2019.12.10-23.05.15:431][  0]LogConfig: Applying CVar settings from Section [TextureQuality@3] File [C:/SeniorProject/PollutionProject/SeniorProject/Saved/Config/Windows/Scalability.ini]
[2019.12.10-23.05.15:431][  0]LogConfig: Setting CVar [[r.Streaming.MipBias:0]]
[2019.12.10-23.05.15:431][  0]LogConfig: Setting CVar [[r.Streaming.AmortizeCPUToGPUCopy:0]]
[2019.12.10-23.05.15:431][  0]LogConfig: Setting CVar [[r.Streaming.MaxNumTexturesToStreamPerFrame:0]]
[2019.12.10-23.05.15:431][  0]LogConfig: Setting CVar [[r.Streaming.Boost:1]]
[2019.12.10-23.05.15:432][  0]LogConfig: Setting CVar [[r.MaxAnisotropy:8]]
[2019.12.10-23.05.15:432][  0]LogConfig: Setting CVar [[r.Streaming.LimitPoolSizeToVRAM:0]]
[2019.12.10-23.05.15:432][  0]LogConfig: Setting CVar [[r.Streaming.PoolSize:1000]]
[2019.12.10-23.05.15:432][  0]LogConfig: Setting CVar [[r.Streaming.MaxEffectiveScreenSize:0]]
[2019.12.10-23.05.15:432][  0]LogConfig: Applying CVar settings from Section [EffectsQuality@3] File [C:/SeniorProject/PollutionProject/SeniorProject/Saved/Config/Windows/Scalability.ini]
[2019.12.10-23.05.15:432][  0]LogConfig: Setting CVar [[r.TranslucencyLightingVolumeDim:64]]
[2019.12.10-23.05.15:432][  0]LogConfig: Setting CVar [[r.RefractionQuality:2]]
[2019.12.10-23.05.15:432][  0]LogConfig: Setting CVar [[r.SSR.Quality:3]]
[2019.12.10-23.05.15:432][  0]LogConfig: Setting CVar [[r.SceneColorFormat:4]]
[2019.12.10-23.05.15:432][  0]LogConfig: Setting CVar [[r.DetailMode:2]]
[2019.12.10-23.05.15:433][  0]LogConfig: Setting CVar [[r.TranslucencyVolumeBlur:1]]
[2019.12.10-23.05.15:433][  0]LogConfig: Setting CVar [[r.MaterialQualityLevel:1 ; High quality]]
[2019.12.10-23.05.15:433][  0]LogConfig: Setting CVar [[r.SSS.Scale:1]]
[2019.12.10-23.05.15:433][  0]LogConfig: Setting CVar [[r.SSS.SampleSet:2]]
[2019.12.10-23.05.15:433][  0]LogConfig: Setting CVar [[r.SSS.Quality:1]]
[2019.12.10-23.05.15:433][  0]LogConfig: Setting CVar [[r.SSS.HalfRes:1]]
[2019.12.10-23.05.15:433][  0]LogConfig: Setting CVar [[r.EmitterSpawnRateScale:1.0]]
[2019.12.10-23.05.15:433][  0]LogConfig: Setting CVar [[r.ParticleLightQuality:2]]
[2019.12.10-23.05.15:433][  0]LogConfig: Applying CVar settings from Section [FoliageQuality@3] File [C:/SeniorProject/PollutionProject/SeniorProject/Saved/Config/Windows/Scalability.ini]
[2019.12.10-23.05.15:433][  0]LogConfig: Setting CVar [[foliage.DensityScale:1.0]]
[2019.12.10-23.05.15:433][  0]LogConfig: Setting CVar [[grass.DensityScale:1.0]]
[2019.12.10-23.05.15:434][  0]LogConfig: Applying CVar settings from Section [Startup] File [../../../Engine/Config/ConsoleVariables.ini]
[2019.12.10-23.05.15:434][  0]LogConfig: Setting CVar [[net.UseAdaptiveNetUpdateFrequency:0]]
[2019.12.10-23.05.15:434][  0]LogConfig: Setting CVar [[p.chaos.AllowCreatePhysxBodies:1]]
[2019.12.10-23.05.15:434][  0]LogConfig: Applying CVar settings from Section [ConsoleVariables] File [C:/SeniorProject/PollutionProject/SeniorProject/Saved/Config/Windows/Engine.ini]
[2019.12.10-23.05.15:434][  0]LogInit: Computer: DESKTOP-L1LT82N
[2019.12.10-23.05.15:434][  0]LogInit: User: Greg
[2019.12.10-23.05.15:434][  0]LogInit: CPU Page size=4096, Cores=4
[2019.12.10-23.05.15:435][  0]LogInit: High frequency timer resolution =10.000000 MHz
[2019.12.10-23.05.15:435][  0]LogMemory: Memory total: Physical=16.0GB (16GB approx)
[2019.12.10-23.05.15:435][  0]LogMemory: Platform Memory Stats for Windows
[2019.12.10-23.05.15:435][  0]LogMemory: Process Physical Memory: 104.07 MB used, 104.07 MB peak
[2019.12.10-23.05.15:435][  0]LogMemory: Process Virtual Memory: 106.37 MB used, 106.37 MB peak
[2019.12.10-23.05.15:435][  0]LogMemory: Physical Memory: 12863.82 MB used,  3473.29 MB free, 16337.12 MB total
[2019.12.10-23.05.15:435][  0]LogMemory: Virtual Memory: 4676.28 MB used,  134213048.00 MB free, 134217728.00 MB total
[2019.12.10-23.05.16:536][  0]LogInit: Using OS detected language (en-US).
[2019.12.10-23.05.16:536][  0]LogInit: Using OS detected locale (en-US).
[2019.12.10-23.05.16:537][  0]LogTextLocalizationManager: No specific localization for 'en-US' exists, so the 'en' localization will be used.
[2019.12.10-23.05.16:719][  0]LogInit: Setting process to per monitor DPI aware
[2019.12.10-23.05.16:796][  0]LogSlate: New Slate User Created.  User Index 0, Is Virtual User: 0
[2019.12.10-23.05.16:796][  0]LogSlate: Slate User Registered.  User Index 0, Is Virtual User: 0
[2019.12.10-23.05.17:012][  0]LogHMD: Failed to initialize OpenVR with code 110
[2019.12.10-23.05.17:012][  0]LogD3D11RHI: D3D11 adapters:
[2019.12.10-23.05.17:133][  0]LogD3D11RHI:    0. 'NVIDIA GeForce GTX 1070' (Feature Level 11_0)
[2019.12.10-23.05.17:134][  0]LogD3D11RHI:       8089/0/8168 MB DedicatedVideo/DedicatedSystem/SharedSystem, Outputs:1, VendorId:0x10de
[2019.12.10-23.05.17:143][  0]LogD3D11RHI:    1. 'Microsoft Basic Render Driver' (Feature Level 11_0)
[2019.12.10-23.05.17:143][  0]LogD3D11RHI:       0/0/8168 MB DedicatedVideo/DedicatedSystem/SharedSystem, Outputs:0, VendorId:0x1414
[2019.12.10-23.05.17:143][  0]LogD3D11RHI: Chosen D3D11 Adapter: 0
[2019.12.10-23.05.17:159][  0]LogD3D11RHI: Creating new Direct3DDevice
[2019.12.10-23.05.17:159][  0]LogD3D11RHI:     GPU DeviceId: 0x1be1 (for the marketing name, search the web for "GPU Device Id")
[2019.12.10-23.05.17:159][  0]LogWindows: EnumDisplayDevices:
[2019.12.10-23.05.17:159][  0]LogWindows:    0. 'NVIDIA GeForce GTX 1070' (P:1 D:1)
[2019.12.10-23.05.17:160][  0]LogWindows:    1. 'NVIDIA GeForce GTX 1070' (P:0 D:0)
[2019.12.10-23.05.17:160][  0]LogWindows:    2. 'NVIDIA GeForce GTX 1070' (P:0 D:0)
[2019.12.10-23.05.17:161][  0]LogWindows:    3. 'NVIDIA GeForce GTX 1070' (P:0 D:0)
[2019.12.10-23.05.17:161][  0]LogWindows: DebugString: FoundDriverCount:4 
[2019.12.10-23.05.17:161][  0]LogD3D11RHI:     Adapter Name: NVIDIA GeForce GTX 1070
[2019.12.10-23.05.17:162][  0]LogD3D11RHI:   Driver Version: 388.57 (internal:23.21.13.8857, unified:388.57)
[2019.12.10-23.05.17:162][  0]LogD3D11RHI:      Driver Date: 12-4-2017
[2019.12.10-23.05.17:162][  0]LogRHI: Texture pool is 5662 MB (70% of 8089 MB)
[2019.12.10-23.05.17:208][  0]LogD3D11RHI: Async texture creation enabled
[2019.12.10-23.05.17:213][  0]LogRendererCore: FGlobalReadBuffer::InitRHI
[2019.12.10-23.05.17:213][  0]LogRendererCore: FGlobalReadBuffer::InitRHI
[2019.12.10-23.05.17:213][  0]LogRendererCore: FGlobalReadBuffer::InitRHI
[2019.12.10-23.05.17:223][  0]LogD3D11RHI: GPU Timing Frequency: 1000.000000 (Debug: 2 1)
[2019.12.10-23.05.17:780][  0]LogTemp: Display: Module 'AllDesktopTargetPlatform' loaded TargetPlatform 'AllDesktop'
[2019.12.10-23.05.17:798][  0]LogTemp: Display: Module 'MacClientTargetPlatform' loaded TargetPlatform 'MacClient'
[2019.12.10-23.05.17:816][  0]LogTemp: Display: Module 'MacNoEditorTargetPlatform' loaded TargetPlatform 'MacNoEditor'
[2019.12.10-23.05.17:834][  0]LogTemp: Display: Module 'MacServerTargetPlatform' loaded TargetPlatform 'MacServer'
[2019.12.10-23.05.17:853][  0]LogTemp: Display: Module 'MacTargetPlatform' loaded TargetPlatform 'Mac'
[2019.12.10-23.05.17:871][  0]LogTemp: Display: Module 'WindowsClientTargetPlatform' loaded TargetPlatform 'WindowsClient'
[2019.12.10-23.05.17:891][  0]LogTemp: Display: Module 'WindowsNoEditorTargetPlatform' loaded TargetPlatform 'WindowsNoEditor'
[2019.12.10-23.05.17:909][  0]LogTemp: Display: Module 'WindowsServerTargetPlatform' loaded TargetPlatform 'WindowsServer'
[2019.12.10-23.05.17:919][  0]LogTemp: Display: Module 'WindowsTargetPlatform' loaded TargetPlatform 'Windows'
[2019.12.10-23.05.18:014][  0]LogTemp: Display: Module 'AndroidTargetPlatform' loaded TargetPlatform 'Android'
[2019.12.10-23.05.18:015][  0]LogTemp: Display: Module 'AndroidTargetPlatform' loaded TargetPlatform 'Android_ASTC'
[2019.12.10-23.05.18:015][  0]LogTemp: Display: Module 'AndroidTargetPlatform' loaded TargetPlatform 'Android_ATC'
[2019.12.10-23.05.18:015][  0]LogTemp: Display: Module 'AndroidTargetPlatform' loaded TargetPlatform 'Android_DXT'
[2019.12.10-23.05.18:015][  0]LogTemp: Display: Module 'AndroidTargetPlatform' loaded TargetPlatform 'Android_ETC1'
[2019.12.10-23.05.18:015][  0]LogTemp: Display: Module 'AndroidTargetPlatform' loaded TargetPlatform 'Android_ETC1a'
[2019.12.10-23.05.18:015][  0]LogTemp: Display: Module 'AndroidTargetPlatform' loaded TargetPlatform 'Android_ETC2'
[2019.12.10-23.05.18:015][  0]LogTemp: Display: Module 'AndroidTargetPlatform' loaded TargetPlatform 'Android_PVRTC'
[2019.12.10-23.05.18:015][  0]LogTemp: Display: Module 'AndroidTargetPlatform' loaded TargetPlatform 'AndroidClient'
[2019.12.10-23.05.18:016][  0]LogTemp: Display: Module 'AndroidTargetPlatform' loaded TargetPlatform 'Android_ASTCClient'
[2019.12.10-23.05.18:016][  0]LogTemp: Display: Module 'AndroidTargetPlatform' loaded TargetPlatform 'Android_ATCClient'
[2019.12.10-23.05.18:016][  0]LogTemp: Display: Module 'AndroidTargetPlatform' loaded TargetPlatform 'Android_DXTClient'
[2019.12.10-23.05.18:016][  0]LogTemp: Display: Module 'AndroidTargetPlatform' loaded TargetPlatform 'Android_ETC1Client'
[2019.12.10-23.05.18:016][  0]LogTemp: Display: Module 'AndroidTargetPlatform' loaded TargetPlatform 'Android_ETC1aClient'
[2019.12.10-23.05.18:016][  0]LogTemp: Display: Module 'AndroidTargetPlatform' loaded TargetPlatform 'Android_ETC2Client'
[2019.12.10-23.05.18:016][  0]LogTemp: Display: Module 'AndroidTargetPlatform' loaded TargetPlatform 'Android_PVRTCClient'
[2019.12.10-23.05.18:016][  0]LogTemp: Display: Module 'AndroidTargetPlatform' loaded TargetPlatform 'Android_Multi'
[2019.12.10-23.05.18:017][  0]LogTemp: Display: Module 'AndroidTargetPlatform' loaded TargetPlatform 'Android_MultiClient'
[2019.12.10-23.05.18:022][  0]LogTemp: Display: Module 'HTML5TargetPlatform' loaded TargetPlatform 'HTML5'
[2019.12.10-23.05.18:089][  0]LogTemp: Display: Module 'IOSTargetPlatform' loaded TargetPlatform 'IOSClient'
[2019.12.10-23.05.18:089][  0]LogTemp: Display: Module 'IOSTargetPlatform' loaded TargetPlatform 'IOS'
[2019.12.10-23.05.18:119][  0]LogTemp: Display: Module 'TVOSTargetPlatform' loaded TargetPlatform 'TVOSClient'
[2019.12.10-23.05.18:119][  0]LogTemp: Display: Module 'TVOSTargetPlatform' loaded TargetPlatform 'TVOS'
[2019.12.10-23.05.18:138][  0]LogTemp: Display: Module 'LinuxClientTargetPlatform' loaded TargetPlatform 'LinuxClient'
[2019.12.10-23.05.18:157][  0]LogTemp: Display: Module 'LinuxNoEditorTargetPlatform' loaded TargetPlatform 'LinuxNoEditor'
[2019.12.10-23.05.18:174][  0]LogTemp: Display: Module 'LinuxServerTargetPlatform' loaded TargetPlatform 'LinuxServer'
[2019.12.10-23.05.18:210][  0]LogTemp: Display: Module 'LinuxTargetPlatform' loaded TargetPlatform 'Linux'
[2019.12.10-23.05.18:276][  0]LogTemp: Display: Module 'LuminTargetPlatform' loaded TargetPlatform 'Lumin'
[2019.12.10-23.05.18:276][  0]LogTemp: Display: Module 'LuminTargetPlatform' loaded TargetPlatform 'LuminClient'
[2019.12.10-23.05.18:277][  0]LogTargetPlatformManager: Display: Building Assets For Windows
[2019.12.10-23.05.18:297][  0]LogAudioDebug: Display: Lib vorbis DLL was dynamically loaded.
[2019.12.10-23.05.18:421][  0]LogShaderCompilers: Guid format shader working directory is -3 characters bigger than the processId version (C:/SeniorProject/PollutionProject/SeniorProject/Intermediate/Shaders/WorkingDirectory/22660/).
[2019.12.10-23.05.18:422][  0]LogShaderCompilers: Cleaned the shader compiler working directory 'C:/Users/Greg/AppData/Local/Temp/UnrealShaderWorkingDir/243BF7F541162A3F6028CCA4E1EFE4CA/'.
[2019.12.10-23.05.18:424][  0]LogXGEController: Cannot use XGE Controller as Incredibuild is not installed on this machine.
[2019.12.10-23.05.18:424][  0]LogShaderCompilers: Cannot use XGE Shader Compiler as Incredibuild is not installed on this machine.
[2019.12.10-23.05.18:424][  0]LogShaderCompilers: Display: Using Local Shader Compiler.
[2019.12.10-23.05.19:031][  0]LogDerivedDataCache: Display: Max Cache Size: 512 MB
[2019.12.10-23.05.19:091][  0]LogDerivedDataCache: Loaded boot cache 0.06s 73MB C:/Users/Greg/AppData/Local/UnrealEngine/4.22/DerivedDataCache/Boot.ddc.
[2019.12.10-23.05.19:091][  0]LogDerivedDataCache: Display: Loaded Boot cache: C:/Users/Greg/AppData/Local/UnrealEngine/4.22/DerivedDataCache/Boot.ddc
[2019.12.10-23.05.19:091][  0]LogDerivedDataCache: FDerivedDataBackendGraph:  Pak pak cache file C:/SeniorProject/PollutionProject/SeniorProject/DerivedDataCache/DDC.ddp not found, will not use a pak cache.
[2019.12.10-23.05.19:091][  0]LogDerivedDataCache: Unable to find inner node Pak for hierarchical cache Hierarchy.
[2019.12.10-23.05.19:091][  0]LogDerivedDataCache: FDerivedDataBackendGraph:  CompressedPak pak cache file C:/SeniorProject/PollutionProject/SeniorProject/DerivedDataCache/Compressed.ddp not found, will not use a pak cache.
[2019.12.10-23.05.19:091][  0]LogDerivedDataCache: Unable to find inner node CompressedPak for hierarchical cache Hierarchy.
[2019.12.10-23.05.19:105][  0]LogDerivedDataCache: Display: Pak cache opened for reading ../../../Engine/DerivedDataCache/Compressed.ddp.
[2019.12.10-23.05.19:108][  0]LogDerivedDataCache: Display: Pak cache opened for reading ../../../Enterprise/DerivedDataCache/Compressed.ddp.
[2019.12.10-23.05.19:123][  0]LogDerivedDataCache: Using Local data cache path C:/Users/Greg/AppData/Local/UnrealEngine/Common/DerivedDataCache: Writable
[2019.12.10-23.05.19:123][  0]LogDerivedDataCache: Shared data cache path not found in *engine.ini, will not use an Shared cache.
[2019.12.10-23.05.19:123][  0]LogDerivedDataCache: Unable to find inner node Shared for hierarchical cache Hierarchy.
[2019.12.10-23.05.19:148][  0]LogMaterial: Verifying Global Shaders for PCD3D_SM5
[2019.12.10-23.05.19:149][  0]LogSlate: Using FreeType 2.6.0
[2019.12.10-23.05.19:150][  0]LogSlate: SlateFontServices - WITH_FREETYPE: 1, WITH_HARFBUZZ: 1
[2019.12.10-23.05.19:245][  0]LogAssetRegistry: FAssetRegistry took 0.0367 seconds to start up
[2019.12.10-23.05.19:605][  0]LogInit: Selected Device Profile: [Windows]
[2019.12.10-23.05.19:781][  0]LogMeshReduction: Using QuadricMeshReduction for automatic static mesh reduction
[2019.12.10-23.05.19:782][  0]LogMeshReduction: Using SimplygonMeshReduction for automatic skeletal mesh reduction
[2019.12.10-23.05.19:782][  0]LogMeshReduction: Using ProxyLODMeshReduction for automatic mesh merging
[2019.12.10-23.05.19:782][  0]LogMeshReduction: No distributed automatic mesh merging module available
[2019.12.10-23.05.19:782][  0]LogMeshMerging: No distributed automatic mesh merging module available
[2019.12.10-23.05.19:802][  0]LogNetVersion: SeniorProject 1.0.0, NetCL: 5660361, EngineNetVer: 10, GameNetVer: 0 (Checksum: 993350713)
[2019.12.10-23.05.20:343][  0]LogPackageLocalizationCache: Processed 16 localized package path(s) for 1 prioritized culture(s) in 0.082852 seconds
[2019.12.10-23.05.20:350][  0]LogUObjectArray: 42205 objects as part of root set at end of initial load.
[2019.12.10-23.05.20:351][  0]LogUObjectAllocator: 7325032 out of 0 bytes used by permanent object pool.
[2019.12.10-23.05.20:351][  0]LogUObjectArray: CloseDisregardForGC: 0/0 objects in disregard for GC pool
[2019.12.10-23.05.21:487][  0]LogTcpMessaging: Initializing TcpMessaging bridge
[2019.12.10-23.05.21:510][  0]LogUdpMessaging: Initializing bridge on interface 0.0.0.0:0 to multicast group 230.0.0.1:6666.
[2019.12.10-23.05.21:905][  0]SourceControl: Source control is disabled
[2019.12.10-23.05.22:689][  0]LogAndroidPermission: UAndroidPermissionCallbackProxy::GetInstance
[2019.12.10-23.05.22:862][  0]LogOcInput: OculusInput pre-init called
[2019.12.10-23.05.25:724][  0]LogEngine: Initializing Engine...
[2019.12.10-23.05.25:725][  0]LogHMD: Failed to initialize OpenVR with code 110
[2019.12.10-23.05.25:726][  0]LogStats: UGameplayTagsManager::InitializeManager -  0.000 s
[2019.12.10-23.05.25:946][  0]LogInit: Initializing FReadOnlyCVARCache
[2019.12.10-23.05.25:961][  0]LogAIModule: Creating AISystem for world Untitled
[2019.12.10-23.05.26:122][  0]LogInit: XAudio2 using 'Speakers (Realtek High Definition Audio)' : 6 channels at 48 kHz using 32 bits per sample (channel mask 0x3f)
[2019.12.10-23.05.26:334][  0]LogInit: FAudioDevice initialized.
[2019.12.10-23.05.26:335][  0]LogNetVersion: Set ProjectVersion to 1.0.0.0. Version Checksum will be recalculated on next use.
[2019.12.10-23.05.26:544][  0]LogDerivedDataCache: Saved boot cache 0.21s 73MB C:/Users/Greg/AppData/Local/UnrealEngine/4.22/DerivedDataCache/Boot.ddc.
[2019.12.10-23.05.26:554][  0]LogInit: Texture streaming: Enabled
[2019.12.10-23.05.26:583][  0]LogEngineSessionManager: EngineSessionManager initialized
[2019.12.10-23.05.26:600][  0]LogInit: Transaction tracking system initialized
[2019.12.10-23.05.26:635][  0]BlueprintLog: New page: Editor Load
[2019.12.10-23.05.26:748][  0]LocalizationService: Localization service is disabled
[2019.12.10-23.05.27:197][  0]LogCook: Display: Max memory allowance for cook 16384mb min free memory 0mb
[2019.12.10-23.05.27:197][  0]LogCook: Display: Mobile HDR setting 1
[2019.12.10-23.05.27:583][  0]LogFileCache: Scanning file cache for directory 'C:/SeniorProject/PollutionProject/SeniorProject/Content/' took 0.04s
[2019.12.10-23.05.28:954][  0]Cmd: MAP LOAD FILE="C:/SeniorProject/PollutionProject/SeniorProject/Content/Levels/GreyBoxLVL4.umap" TEMPLATE=0 SHOWPROGRESS=1 FEATURELEVEL=3
[2019.12.10-23.05.28:955][  0]LightingResults: New page: Lighting Build
[2019.12.10-23.05.28:957][  0]MapCheck: New page: Map Check
[2019.12.10-23.05.28:957][  0]LightingResults: New page: Lighting Build
[2019.12.10-23.05.28:990][  0]LogUObjectHash: Compacting FUObjectHashTables data took   1.82ms
[2019.12.10-23.05.32:067][  0]LogAIModule: Creating AISystem for world GreyBoxLVL4
[2019.12.10-23.05.32:298][  0]LogEditorServer: Finished looking for orphan Actors (0.001 secs)
[2019.12.10-23.05.32:555][  0]LogUObjectHash: Compacting FUObjectHashTables data took   3.21ms
[2019.12.10-23.05.32:555][  0]Cmd: MAP CHECKDEP NOCLEARLOG
[2019.12.10-23.05.32:556][  0]MapCheck: Map check complete: 0 Error(s), 0 Warning(s), took 0.811ms to complete.
[2019.12.10-23.05.32:556][  0]LogFileHelpers: Loading map 'GreyBoxLVL4' took 3.602
[2019.12.10-23.05.32:833][  0]LogSlate: Updating window title bar state: overlay mode, drag disabled, window buttons hidden, title bar hidden
[2019.12.10-23.05.32:858][  0]LogSlate: Updating window title bar state: overlay mode, drag disabled, window buttons hidden, title bar hidden
[2019.12.10-23.05.32:882][  0]LogSlate: Updating window title bar state: overlay mode, drag disabled, window buttons hidden, title bar hidden
[2019.12.10-23.05.32:910][  0]LogSlate: Updating window title bar state: overlay mode, drag disabled, window buttons hidden, title bar hidden
[2019.12.10-23.05.32:924][  0]LogCollectionManager: Loaded 0 collections in 0.002025 seconds
[2019.12.10-23.05.32:986][  0]LogFileCache: Scanning file cache for directory 'C:/SeniorProject/PollutionProject/SeniorProject/Saved/Collections/' took 0.02s
[2019.12.10-23.05.32:986][  0]LogFileCache: Scanning file cache for directory 'C:/SeniorProject/PollutionProject/SeniorProject/Content/Developers/Greg/Collections/' took 0.02s
[2019.12.10-23.05.32:986][  0]LogFileCache: Scanning file cache for directory 'C:/SeniorProject/PollutionProject/SeniorProject/Content/Collections/' took 0.02s
[2019.12.10-23.05.32:986][  0]LogCollectionManager: Rebuilt the GUID cache for 0 collections in 0.000001 seconds
[2019.12.10-23.05.33:009][  0]LogContentBrowser: Native class hierarchy populated in 0.0223 seconds. Added 2870 classes and 728 folders.
[2019.12.10-23.05.33:018][  0]LogContentBrowser: Native class hierarchy updated for 'WidgetCarousel' in 0.0005 seconds. Added 0 classes and 0 folders.
[2019.12.10-23.05.33:020][  0]LogPakFile: Registered encryption key '00000000000000000000000000000000': 0 pak files mounted, 0 remain pending
[2019.12.10-23.05.33:021][  0]LogPakFile: Registered encryption key '00000000000000000000000000000000': 0 pak files mounted, 0 remain pending
[2019.12.10-23.05.33:022][  0]LogPakFile: Registered encryption key '00000000000000000000000000000000': 0 pak files mounted, 0 remain pending
[2019.12.10-23.05.33:023][  0]LogPakFile: Registered encryption key '00000000000000000000000000000000': 0 pak files mounted, 0 remain pending
[2019.12.10-23.05.33:024][  0]LogPakFile: Registered encryption key '00000000000000000000000000000000': 0 pak files mounted, 0 remain pending
[2019.12.10-23.05.33:025][  0]LogPakFile: Registered encryption key '00000000000000000000000000000000': 0 pak files mounted, 0 remain pending
[2019.12.10-23.05.33:026][  0]LogPakFile: Registered encryption key '00000000000000000000000000000000': 0 pak files mounted, 0 remain pending
[2019.12.10-23.05.33:027][  0]LogPakFile: Registered encryption key '00000000000000000000000000000000': 0 pak files mounted, 0 remain pending
[2019.12.10-23.05.33:027][  0]LogPakFile: Registered encryption key '00000000000000000000000000000000': 0 pak files mounted, 0 remain pending
[2019.12.10-23.05.33:028][  0]LogPakFile: Registered encryption key '00000000000000000000000000000000': 0 pak files mounted, 0 remain pending
[2019.12.10-23.05.33:029][  0]LogPakFile: Registered encryption key '00000000000000000000000000000000': 0 pak files mounted, 0 remain pending
[2019.12.10-23.05.33:030][  0]LogPakFile: Registered encryption key '00000000000000000000000000000000': 0 pak files mounted, 0 remain pending
[2019.12.10-23.05.33:031][  0]LogPakFile: Registered encryption key '00000000000000000000000000000000': 0 pak files mounted, 0 remain pending
[2019.12.10-23.05.33:032][  0]LogPakFile: Registered encryption key '00000000000000000000000000000000': 0 pak files mounted, 0 remain pending
[2019.12.10-23.05.33:033][  0]LogPakFile: Registered encryption key '00000000000000000000000000000000': 0 pak files mounted, 0 remain pending
[2019.12.10-23.05.33:034][  0]LogPakFile: Registered encryption key '00000000000000000000000000000000': 0 pak files mounted, 0 remain pending
[2019.12.10-23.05.33:035][  0]LogPakFile: Registered encryption key '00000000000000000000000000000000': 0 pak files mounted, 0 remain pending
[2019.12.10-23.05.33:035][  0]LogPakFile: Registered encryption key '00000000000000000000000000000000': 0 pak files mounted, 0 remain pending
[2019.12.10-23.05.33:036][  0]LogPakFile: Registered encryption key '00000000000000000000000000000000': 0 pak files mounted, 0 remain pending
[2019.12.10-23.05.33:037][  0]LogPakFile: Registered encryption key '00000000000000000000000000000000': 0 pak files mounted, 0 remain pending
[2019.12.10-23.05.33:038][  0]LogPakFile: Registered encryption key '00000000000000000000000000000000': 0 pak files mounted, 0 remain pending
[2019.12.10-23.05.33:039][  0]LogPakFile: Registered encryption key '00000000000000000000000000000000': 0 pak files mounted, 0 remain pending
[2019.12.10-23.05.33:040][  0]LogPakFile: Registered encryption key '00000000000000000000000000000000': 0 pak files mounted, 0 remain pending
[2019.12.10-23.05.33:041][  0]LogPakFile: Registered encryption key '00000000000000000000000000000000': 0 pak files mounted, 0 remain pending
[2019.12.10-23.05.33:042][  0]LogPakFile: Registered encryption key '00000000000000000000000000000000': 0 pak files mounted, 0 remain pending
[2019.12.10-23.05.33:043][  0]LogPakFile: Registered encryption key '00000000000000000000000000000000': 0 pak files mounted, 0 remain pending
[2019.12.10-23.05.33:044][  0]LogPakFile: Registered encryption key '00000000000000000000000000000000': 0 pak files mounted, 0 remain pending
[2019.12.10-23.05.33:044][  0]LogPakFile: Registered encryption key '00000000000000000000000000000000': 0 pak files mounted, 0 remain pending
[2019.12.10-23.05.33:078][  0]LogContentBrowser: Native class hierarchy updated for 'AddContentDialog' in 0.0004 seconds. Added 0 classes and 0 folders.
[2019.12.10-23.05.33:083][  0]LogContentBrowser: Native class hierarchy updated for 'SceneOutliner' in 0.0004 seconds. Added 1 classes and 0 folders.
[2019.12.10-23.05.34:758][  0]LogSlate: Only BGRA pngs, bmps or icos are supported in by External Image Picker
[2019.12.10-23.05.34:800][  0]LogSlate: Took 0.000312 seconds to synchronously load lazily loaded font '../../../Engine/Content/Slate/Fonts/Roboto-Regular.ttf' (155K)
[2019.12.10-23.05.34:803][  0]LogSlate: Took 0.000188 seconds to synchronously load lazily loaded font '../../../Engine/Content/Slate/Fonts/Roboto-Bold.ttf' (160K)
[2019.12.10-23.05.34:811][  0]LogSlate: Took 0.000222 seconds to synchronously load lazily loaded font '../../../Engine/Content/Editor/Slate/Fonts/FontAwesome.ttf' (139K)
[2019.12.10-23.05.34:902][  0]LogRenderer: Reallocating scene render targets to support 976x412 Format 10 NumSamples 1 (Frame:1).
[2019.12.10-23.05.34:968][  0]LogStaticMesh: Allocated 512x320x64 distance field atlas = 20.0Mb, with 84 objects containing 14.5Mb backing data
[2019.12.10-23.05.35:086][  0]LogSlate: Took 0.000133 seconds to synchronously load lazily loaded font '../../../Engine/Content/Slate/Fonts/Roboto-Light.ttf' (167K)
[2019.12.10-23.05.35:271][  0]LogContentBrowser: Native class hierarchy updated for 'HierarchicalLODOutliner' in 0.0005 seconds. Added 0 classes and 0 folders.
[2019.12.10-23.05.35:272][  0]LogLoad: (Engine Initialization) Total time: 22.88 seconds
[2019.12.10-23.05.35:272][  0]LogLoad: (Engine Initialization) Total Blueprint compile time: 0.00 seconds
[2019.12.10-23.05.35:475][  0]LogAssetRegistry: Asset discovery search completed in 16.2559 seconds
[2019.12.10-23.05.35:479][  0]LogCollectionManager: Rebuilt the object cache for 0 collections in 0.000000 seconds (found 0 objects)
[2019.12.10-23.05.35:479][  0]LogCollectionManager: Fixed up redirectors for 0 collections in 0.000221 seconds (updated 0 objects)
[2019.12.10-23.05.35:484][  0]LogContentStreaming: Texture pool size now 1000 MB
[2019.12.10-23.05.37:309][ 27]LogSlate: FSceneViewport::OnFocusLost() reason 0
[2019.12.10-23.05.37:395][ 30]LogSlate: Window 'Project Settings' being destroyed
[2019.12.10-23.05.37:407][ 30]LogSlate: Window 'Project Settings' being destroyed
[2019.12.10-23.05.38:053][ 47]LogSlate: FSceneViewport::OnFocusLost() reason 0
[2019.12.10-23.05.38:107][ 49]LogSlate: Window 'Message Log' being destroyed
[2019.12.10-23.05.38:115][ 49]LogSlate: Window 'Message Log' being destroyed
[2019.12.10-23.05.38:781][ 70]LogSlate: FSceneViewport::OnFocusLost() reason 0
[2019.12.10-23.05.38:865][ 75]LogTemp: Repeating last play command: Selected Viewport
[2019.12.10-23.05.38:910][ 75]LogBlueprintUserMessages: Early PlayInEditor Detection: Level '/Game/Levels/GreyBoxLVL4.GreyBoxLVL4:PersistentLevel' has LevelScriptBlueprint '/Game/Levels/GreyBoxLVL4.GreyBoxLVL4:PersistentLevel.GreyBoxLVL4' with GeneratedClass '/Game/Levels/GreyBoxLVL4.GreyBoxLVL4_C' with ClassGeneratedBy '/Game/Levels/GreyBoxLVL4.GreyBoxLVL4:PersistentLevel.GreyBoxLVL4'
[2019.12.10-23.05.38:911][ 75]LogPlayLevel: PlayLevel: No blueprints needed recompiling
[2019.12.10-23.05.38:911][ 75]PIE: New page: PIE session: GreyBoxLVL4 (Dec 10, 2019, 1:05:38 PM)
[2019.12.10-23.05.38:928][ 75]LogPlayLevel: Creating play world package: /Game/Levels/UEDPIE_0_GreyBoxLVL4
[2019.12.10-23.05.39:310][ 75]LogPlayLevel: PIE: StaticDuplicateObject took: (0.381077s)
[2019.12.10-23.05.39:310][ 75]LogAIModule: Creating AISystem for world GreyBoxLVL4
[2019.12.10-23.05.39:311][ 75]LogPlayLevel: PIE: World Init took: (0.000879s)
[2019.12.10-23.05.39:312][ 75]LogPlayLevel: PIE: Created PIE world by copying editor world from /Game/Levels/GreyBoxLVL4.GreyBoxLVL4 to /Game/Levels/UEDPIE_0_GreyBoxLVL4.GreyBoxLVL4 (0.384352s)
[2019.12.10-23.05.39:339][ 75]LogUObjectHash: Compacting FUObjectHashTables data took   1.46ms
[2019.12.10-23.05.39:370][ 75]LogInit: XAudio2 using 'Speakers (Realtek High Definition Audio)' : 6 channels at 48 kHz using 32 bits per sample (channel mask 0x3f)
[2019.12.10-23.05.39:554][ 75]LogInit: FAudioDevice initialized.
[2019.12.10-23.05.39:623][ 75]LogLoad: Game class is 'FirstPersonGameMode_C'
[2019.12.10-23.05.39:719][ 75]LogWorld: Bringing World /Game/Levels/UEDPIE_0_GreyBoxLVL4.GreyBoxLVL4 up for play (max tick rate 60) at 2019.12.10-18.05.39
[2019.12.10-23.05.39:738][ 75]LogWorld: Bringing up level for play took: 0.112964
[2019.12.10-23.05.39:756][ 75]LogContentBrowser: Native class hierarchy updated for 'MovieSceneCapture' in 0.0004 seconds. Added 20 classes and 0 folders.
[2019.12.10-23.05.39:759][ 75]LogScript: Warning: Script Msg: Attempted to access index 0 from array 'Tags' of length 0 in '/Script/Engine.Actor'!
[2019.12.10-23.05.39:759][ 75]LogBlueprintUserMessages: [FirstPersonCharacter_C_0] X=2940.225 Y=-5695.370 Z=576.800
[2019.12.10-23.05.39:935][ 75]LogBlueprintUserMessages: [DialogueSystem_2] Hello
