Log file open, 05/06/20 19:02:02
LogWindows: Failed to load 'aqProf.dll' (GetLastError=126)
LogWindows: File 'aqProf.dll' does not exist
LogWindows: Failed to load 'VtuneApi.dll' (GetLastError=126)
LogWindows: File 'VtuneApi.dll' does not exist
LogWindows: Failed to load 'VtuneApi32e.dll' (GetLastError=126)
LogWindows: File 'VtuneApi32e.dll' does not exist
LogConsoleResponse: Display: Failed to find resolution value strings in scalability ini. Falling back to default.
LogInit: Display: Running engine for game: SeniorProject
LogPakFile: Registered encryption key '00000000000000000000000000000000': 0 pak files mounted, 0 remain pending
LogPlatformFile: Not using cached read wrapper
LogTaskGraph: Started task graph with 5 named threads and 23 total threads with 3 sets of task threads.
LogStats: Stats thread started at 0.423280
LogD3D11RHI: Loaded GFSDK_Aftermath_Lib.x64.dll
LogICUInternationalization: ICU TimeZone Detection - Raw Offset: -5:00, Platform Override: ''
LogPluginManager: Mounting plugin Paper2D
LogPluginManager: Mounting plugin AISupport
LogPluginManager: Mounting plugin LightPropagationVolume
LogPluginManager: Mounting plugin ActorLayerUtilities
LogPluginManager: Mounting plugin AnimationSharing
LogPluginManager: Mounting plugin CLionSourceCodeAccess
LogPluginManager: Mounting plugin CodeLiteSourceCodeAccess
LogPluginManager: Mounting plugin GitSourceControl
LogPluginManager: Mounting plugin KDevelopSourceCodeAccess
LogPluginManager: Mounting plugin NullSourceCodeAccess
LogPluginManager: Mounting plugin PerforceSourceControl
LogPluginManager: Mounting plugin SubversionSourceControl
LogPluginManager: Mounting plugin UObjectPlugin
LogPluginManager: Mounting plugin VisualStudioCodeSourceCodeAccess
LogPluginManager: Mounting plugin VisualStudioSourceCodeAccess
LogPluginManager: Mounting plugin XCodeSourceCodeAccess
LogPluginManager: Mounting plugin AssetManagerEditor
LogPluginManager: Mounting plugin CryptoKeys
LogPluginManager: Mounting plugin DataValidation
LogPluginManager: Mounting plugin EditorScriptingUtilities
LogPluginManager: Mounting plugin FacialAnimation
LogPluginManager: Mounting plugin GameplayTagsEditor
LogPluginManager: Mounting plugin GLTFImporter
LogPluginManager: Mounting plugin MacGraphicsSwitching
LogPluginManager: Mounting plugin MaterialAnalyzer
LogPluginManager: Mounting plugin MeshEditor
LogPluginManager: Mounting plugin MobileLauncherProfileWizard
LogPluginManager: Mounting plugin PluginBrowser
LogPluginManager: Mounting plugin SpeedTreeImporter
LogPluginManager: Mounting plugin DatasmithContent
LogPluginManager: Mounting plugin VariantManagerContent
LogPluginManager: Mounting plugin AlembicImporter
LogPluginManager: Mounting plugin AppleImageUtils
LogPluginManager: Mounting plugin AppleVision
LogPluginManager: Mounting plugin BackChannel
LogPluginManager: Mounting plugin BlastPlugin
LogPluginManager: Mounting plugin ChaosSolverPlugin
LogPluginManager: Mounting plugin CharacterAI
LogPluginManager: Mounting plugin GeometryCache
LogPluginManager: Mounting plugin GeometryCollectionPlugin
LogPluginManager: Mounting plugin HTML5Networking
LogPluginManager: Mounting plugin ProxyLODPlugin
LogPluginManager: Mounting plugin SkeletalReduction
LogPluginManager: Mounting plugin MagicLeap
LogPluginManager: Mounting plugin MagicLeapMedia
LogPluginManager: Mounting plugin AndroidMedia
LogPluginManager: Mounting plugin AvfMedia
LogPluginManager: Mounting plugin ImgMedia
LogPluginManager: Mounting plugin LinearTimecode
LogPluginManager: Mounting plugin MediaCompositing
LogPluginManager: Mounting plugin MediaPlayerEditor
LogPluginManager: Mounting plugin WebMMedia
LogPluginManager: Mounting plugin WmfMedia
LogPluginManager: Mounting plugin TcpMessaging
LogPluginManager: Mounting plugin UdpMessaging
LogPluginManager: Mounting plugin ActorSequence
LogPluginManager: Mounting plugin LevelSequenceEditor
LogPluginManager: Mounting plugin MatineeToLevelSequence
LogPluginManager: Mounting plugin NetcodeUnitTest
LogPluginManager: Mounting plugin NUTUnrealEngine4
LogPluginManager: Mounting plugin OnlineSubsystemGooglePlay
LogPluginManager: Mounting plugin OnlineSubsystemIOS
LogPluginManager: Mounting plugin OnlineSubsystem
LogPluginManager: Mounting plugin OnlineSubsystemNull
LogPluginManager: Mounting plugin OnlineSubsystemUtils
LogPluginManager: Mounting plugin LauncherChunkInstaller
LogPluginManager: Mounting plugin AndroidDeviceProfileSelector
LogPluginManager: Mounting plugin AndroidMoviePlayer
LogPluginManager: Mounting plugin AndroidPermission
LogPluginManager: Mounting plugin AppleMoviePlayer
LogPluginManager: Mounting plugin ArchVisCharacter
LogPluginManager: Mounting plugin AudioCapture
LogPluginManager: Mounting plugin CableComponent
LogPluginManager: Mounting plugin CustomMeshComponent
LogPluginManager: Mounting plugin EditableMesh
LogPluginManager: Mounting plugin ExampleDeviceProfileSelector
LogPluginManager: Mounting plugin Firebase
LogPluginManager: Mounting plugin GoogleCloudMessaging
LogPluginManager: Mounting plugin IOSDeviceProfileSelector
LogPluginManager: Mounting plugin LinuxDeviceProfileSelector
LogPluginManager: Mounting plugin LocationServicesBPLibrary
LogPluginManager: Mounting plugin MobilePatchingUtils
LogPluginManager: Mounting plugin OculusVR
LogPluginManager: Mounting plugin PhysXVehicles
LogPluginManager: Mounting plugin ProceduralMeshComponent
LogPluginManager: Mounting plugin RuntimePhysXCooking
LogPluginManager: Mounting plugin SignificanceManager
LogPluginManager: Mounting plugin SteamVR
LogPluginManager: Mounting plugin WebMMoviePlayer
LogPluginManager: Mounting plugin WindowsMoviePlayer
LogPluginManager: Mounting plugin DatasmithCADImporter
LogPluginManager: Mounting plugin DatasmithDataPrepEditor
LogPluginManager: Mounting plugin DatasmithFBXImporter
LogPluginManager: Mounting plugin DatasmithGLTFImporter
LogPluginManager: Mounting plugin DatasmithImporter
LogPluginManager: Mounting plugin MDLImporter
LogPluginManager: Mounting plugin StaticMeshEditorExtension
LogPluginManager: Mounting plugin VariantManager
LogInit: Using libcurl 7.55.1-DEV
LogInit:  - built for x86_64-pc-win32
LogInit:  - supports SSL with OpenSSL/1.1.1
LogInit:  - supports HTTP deflate (compression) using libz 1.2.8
LogInit:  - other features:
LogInit:      CURL_VERSION_SSL
LogInit:      CURL_VERSION_LIBZ
LogInit:      CURL_VERSION_IPV6
LogInit:      CURL_VERSION_ASYNCHDNS
LogInit:      CURL_VERSION_LARGEFILE
LogInit:      CURL_VERSION_IDN
LogInit:  CurlRequestOptions (configurable via config and command line):
LogInit:  - bVerifyPeer = true  - Libcurl will verify peer certificate
LogInit:  - bUseHttpProxy = false  - Libcurl will NOT use HTTP proxy
LogInit:  - bDontReuseConnections = false  - Libcurl will reuse connections
LogInit:  - MaxHostConnections = 16  - Libcurl will limit the number of connections to a host
LogInit:  - LocalHostAddr = Default
LogInit:  - BufferSize = 65536
LogInit: WinSock: version 1.1 (2.2), MaxSocks=32767, MaxUdp=65467
LogHMD: Failed initializing OVRPlugin 1.32.0
LogInit: Build: ++UE4+Release-4.22-CL-7053642
LogInit: Engine Version: 4.22.3-7053642+++UE4+Release-4.22
LogInit: Compatible Engine Version: 4.22.0-5660361+++UE4+Release-4.22
LogInit: Net CL: 5660361
LogInit: OS: Windows 10 (Release 1903) (), CPU: Intel(R) Core(TM) i7-6700K CPU @ 4.00GHz, GPU: NVIDIA GeForce RTX 2080
LogInit: Compiled (64-bit): Jun 18 2019 03:09:11
LogInit: Compiled with Visual C++: 19.16.27025.01
LogInit: Build Configuration: Development
LogInit: Branch Name: ++UE4+Release-4.22
LogInit: Command Line:  -skipcompile
LogInit: Base Directory: C:/Program Files/Epic Games/UE_4.22/Engine/Binaries/Win64/
LogInit: Installed Engine Build: 1
LogDevObjectVersion: Number of dev versions registered: 23
LogDevObjectVersion:   Dev-Blueprints (B0D832E4-1F89-4F0D-ACCF-7EB736FD4AA2): 10
LogDevObjectVersion:   Dev-Build (E1C64328-A22C-4D53-A36C-8E866417BD8C): 0
LogDevObjectVersion:   Dev-Core (375EC13C-06E4-48FB-B500-84F0262A717E): 3
LogDevObjectVersion:   Dev-Editor (E4B068ED-F494-42E9-A231-DA0B2E46BB41): 30
LogDevObjectVersion:   Dev-Framework (CFFC743F-43B0-4480-9391-14DF171D2073): 35
LogDevObjectVersion:   Dev-Mobile (B02B49B5-BB20-44E9-A304-32B752E40360): 2
LogDevObjectVersion:   Dev-Networking (A4E4105C-59A1-49B5-A7C5-40C4547EDFEE): 0
LogDevObjectVersion:   Dev-Online (39C831C9-5AE6-47DC-9A44-9C173E1C8E7C): 0
LogDevObjectVersion:   Dev-Physics (78F01B33-EBEA-4F98-B9B4-84EACCB95AA2): 0
LogDevObjectVersion:   Dev-Platform (6631380F-2D4D-43E0-8009-CF276956A95A): 0
LogDevObjectVersion:   Dev-Rendering (12F88B9F-8875-4AFC-A67C-D90C383ABD29): 28
LogDevObjectVersion:   Dev-Sequencer (7B5AE74C-D270-4C10-A958-57980B212A5A): 11
LogDevObjectVersion:   Dev-VR (D7296918-1DD6-4BDD-9DE2-64A83CC13884): 2
LogDevObjectVersion:   Dev-LoadTimes (C2A15278-BFE7-4AFE-6C17-90FF531DF755): 1
LogDevObjectVersion:   Private-Geometry (6EACA3D4-40EC-4CC1-B786-8BED09428FC5): 3
LogDevObjectVersion:   Dev-AnimPhys (29E575DD-E0A3-4627-9D10-D276232CDCEA): 17
LogDevObjectVersion:   Dev-Anim (AF43A65D-7FD3-4947-9873-3E8ED9C1BB05): 2
LogDevObjectVersion:   Dev-ReflectionCapture (6B266CEC-1EC7-4B8F-A30B-E4D90942FC07): 1
LogDevObjectVersion:   Dev-Automation (0DF73D61-A23F-47EA-B727-89E90C41499A): 1
LogDevObjectVersion:   FortniteMain (601D1886-AC64-4F84-AA16-D3DE0DEAC7D6): 25
LogDevObjectVersion:   Dev-Enterprise (9DFFBCD6-494F-0158-E221-12823C92A888): 6
LogDevObjectVersion:   Dev-Niagara (F2AED0AC-9AFE-416F-8664-AA7FFA26D6FC): 1
LogDevObjectVersion:   Dev-Destruction (174F1F0B-B4C6-45A5-B13F-2EE8D0FB917D): 2
LogInit: Presizing for max 16777216 objects, including 0 objects not considered by GC, pre-allocating 0 bytes for permanent pool.
LogInit: Object subsystem initialized
LogConfig: Setting CVar [[con.DebugEarlyDefault:1]]
LogConfig: Setting CVar [[r.setres:1280x720]]
[2020.05.06-23.02.04:101][  0]LogConfig: Setting CVar [[r.VSync:0]]
[2020.05.06-23.02.04:101][  0]LogConfig: Setting CVar [[r.RHICmdBypass:0]]
[2020.05.06-23.02.04:101][  0]LogConfig: Applying CVar settings from Section [/Script/Engine.RendererSettings] File [E:/SenProj/PollProj/SeniorProject/Saved/Config/Windows/Engine.ini]
[2020.05.06-23.02.04:102][  0]LogConfig: Setting CVar [[r.GPUCrashDebugging:0]]
[2020.05.06-23.02.04:102][  0]LogConfig: Setting CVar [[r.DefaultFeature.AutoExposure.ExtendDefaultLuminanceRange:1]]
[2020.05.06-23.02.04:102][  0]LogConfig: Setting CVar [[r.GenerateMeshDistanceFields:1]]
[2020.05.06-23.02.04:102][  0]LogConfig: Applying CVar settings from Section [/Script/Engine.RendererOverrideSettings] File [E:/SenProj/PollProj/SeniorProject/Saved/Config/Windows/Engine.ini]
[2020.05.06-23.02.04:102][  0]LogConfig: Applying CVar settings from Section [/Script/Engine.StreamingSettings] File [E:/SenProj/PollProj/SeniorProject/Saved/Config/Windows/Engine.ini]
[2020.05.06-23.02.04:102][  0]LogConfig: Setting CVar [[s.MinBulkDataSizeForAsyncLoading:131072]]
[2020.05.06-23.02.04:102][  0]LogConfig: Setting CVar [[s.AsyncLoadingThreadEnabled:0]]
[2020.05.06-23.02.04:102][  0]LogConfig: Setting CVar [[s.EventDrivenLoaderEnabled:1]]
[2020.05.06-23.02.04:102][  0]LogConfig: Setting CVar [[s.WarnIfTimeLimitExceeded:0]]
[2020.05.06-23.02.04:102][  0]LogConfig: Setting CVar [[s.TimeLimitExceededMultiplier:1.5]]
[2020.05.06-23.02.04:102][  0]LogConfig: Setting CVar [[s.TimeLimitExceededMinTime:0.005]]
[2020.05.06-23.02.04:102][  0]LogConfig: Setting CVar [[s.UseBackgroundLevelStreaming:1]]
[2020.05.06-23.02.04:102][  0]LogConfig: Setting CVar [[s.PriorityAsyncLoadingExtraTime:15.0]]
[2020.05.06-23.02.04:103][  0]LogConfig: Setting CVar [[s.LevelStreamingActorsUpdateTimeLimit:5.0]]
[2020.05.06-23.02.04:103][  0]LogConfig: Setting CVar [[s.PriorityLevelStreamingActorsUpdateExtraTime:5.0]]
[2020.05.06-23.02.04:103][  0]LogConfig: Setting CVar [[s.LevelStreamingComponentsRegistrationGranularity:10]]
[2020.05.06-23.02.04:103][  0]LogConfig: Setting CVar [[s.UnregisterComponentsTimeLimit:1.0]]
[2020.05.06-23.02.04:103][  0]LogConfig: Setting CVar [[s.LevelStreamingComponentsUnregistrationGranularity:5]]
[2020.05.06-23.02.04:103][  0]LogConfig: Applying CVar settings from Section [/Script/Engine.GarbageCollectionSettings] File [E:/SenProj/PollProj/SeniorProject/Saved/Config/Windows/Engine.ini]
[2020.05.06-23.02.04:103][  0]LogConfig: Setting CVar [[gc.MaxObjectsNotConsideredByGC:1]]
[2020.05.06-23.02.04:103][  0]LogConfig: Setting CVar [[gc.SizeOfPermanentObjectPool:0]]
[2020.05.06-23.02.04:103][  0]LogConfig: Setting CVar [[gc.FlushStreamingOnGC:0]]
[2020.05.06-23.02.04:103][  0]LogConfig: Setting CVar [[gc.NumRetriesBeforeForcingGC:10]]
[2020.05.06-23.02.04:103][  0]LogConfig: Setting CVar [[gc.AllowParallelGC:1]]
[2020.05.06-23.02.04:103][  0]LogConfig: Setting CVar [[gc.TimeBetweenPurgingPendingKillObjects:61.1]]
[2020.05.06-23.02.04:103][  0]LogConfig: Setting CVar [[gc.MaxObjectsInEditor:16777216]]
[2020.05.06-23.02.04:103][  0]LogConfig: Setting CVar [[gc.IncrementalBeginDestroyEnabled:1]]
[2020.05.06-23.02.04:103][  0]LogConfig: Setting CVar [[gc.CreateGCClusters:1]]
[2020.05.06-23.02.04:103][  0]LogConfig: Setting CVar [[gc.MinGCClusterSize:5]]
[2020.05.06-23.02.04:103][  0]LogConfig: Setting CVar [[gc.ActorClusteringEnabled:0]]
[2020.05.06-23.02.04:104][  0]LogConfig: Setting CVar [[gc.BlueprintClusteringEnabled:0]]
[2020.05.06-23.02.04:104][  0]LogConfig: Setting CVar [[gc.UseDisregardForGCOnDedicatedServers:0]]
[2020.05.06-23.02.04:104][  0]LogConfig: Applying CVar settings from Section [/Script/Engine.NetworkSettings] File [E:/SenProj/PollProj/SeniorProject/Saved/Config/Windows/Engine.ini]
[2020.05.06-23.02.04:104][  0]LogConfig: Applying CVar settings from Section [/Script/UnrealEd.CookerSettings] File [E:/SenProj/PollProj/SeniorProject/Saved/Config/Windows/Engine.ini]
[2020.05.06-23.02.04:130][  0]LogConfig: Applying CVar settings from Section [ViewDistanceQuality@3] File [E:/SenProj/PollProj/SeniorProject/Saved/Config/Windows/Scalability.ini]
[2020.05.06-23.02.04:130][  0]LogConfig: Setting CVar [[r.SkeletalMeshLODBias:0]]
[2020.05.06-23.02.04:130][  0]LogConfig: Setting CVar [[r.ViewDistanceScale:1.0]]
[2020.05.06-23.02.04:130][  0]LogConfig: Applying CVar settings from Section [AntiAliasingQuality@3] File [E:/SenProj/PollProj/SeniorProject/Saved/Config/Windows/Scalability.ini]
[2020.05.06-23.02.04:130][  0]LogConfig: Setting CVar [[r.PostProcessAAQuality:4]]
[2020.05.06-23.02.04:130][  0]LogConfig: Applying CVar settings from Section [ShadowQuality@3] File [E:/SenProj/PollProj/SeniorProject/Saved/Config/Windows/Scalability.ini]
[2020.05.06-23.02.04:130][  0]LogConfig: Setting CVar [[r.LightFunctionQuality:1]]
[2020.05.06-23.02.04:130][  0]LogConfig: Setting CVar [[r.ShadowQuality:5]]
[2020.05.06-23.02.04:130][  0]LogConfig: Setting CVar [[r.Shadow.CSM.MaxCascades:10]]
[2020.05.06-23.02.04:130][  0]LogConfig: Setting CVar [[r.Shadow.MaxResolution:2048]]
[2020.05.06-23.02.04:130][  0]LogConfig: Setting CVar [[r.Shadow.MaxCSMResolution:2048]]
[2020.05.06-23.02.04:130][  0]LogConfig: Setting CVar [[r.Shadow.RadiusThreshold:0.01]]
[2020.05.06-23.02.04:130][  0]LogConfig: Setting CVar [[r.Shadow.DistanceScale:1.0]]
[2020.05.06-23.02.04:130][  0]LogConfig: Setting CVar [[r.Shadow.CSM.TransitionScale:1.0]]
[2020.05.06-23.02.04:131][  0]LogConfig: Setting CVar [[r.Shadow.PreShadowResolutionFactor:1.0]]
[2020.05.06-23.02.04:131][  0]LogConfig: Setting CVar [[r.DistanceFieldShadowing:1]]
[2020.05.06-23.02.04:131][  0]LogConfig: Setting CVar [[r.DistanceFieldAO:1]]
[2020.05.06-23.02.04:131][  0]LogConfig: Setting CVar [[r.AOQuality:2]]
[2020.05.06-23.02.04:131][  0]LogConfig: Setting CVar [[r.VolumetricFog:1]]
[2020.05.06-23.02.04:131][  0]LogConfig: Setting CVar [[r.VolumetricFog.GridPixelSize:8]]
[2020.05.06-23.02.04:131][  0]LogConfig: Setting CVar [[r.VolumetricFog.GridSizeZ:128]]
[2020.05.06-23.02.04:131][  0]LogConfig: Setting CVar [[r.VolumetricFog.HistoryMissSupersampleCount:4]]
[2020.05.06-23.02.04:131][  0]LogConfig: Setting CVar [[r.LightMaxDrawDistanceScale:1]]
[2020.05.06-23.02.04:131][  0]LogConfig: Setting CVar [[r.CapsuleShadows:1]]
[2020.05.06-23.02.04:131][  0]LogConfig: Applying CVar settings from Section [PostProcessQuality@3] File [E:/SenProj/PollProj/SeniorProject/Saved/Config/Windows/Scalability.ini]
[2020.05.06-23.02.04:131][  0]LogConfig: Setting CVar [[r.MotionBlurQuality:4]]
[2020.05.06-23.02.04:131][  0]LogConfig: Setting CVar [[r.AmbientOcclusionMipLevelFactor:0.4]]
[2020.05.06-23.02.04:132][  0]LogConfig: Setting CVar [[r.AmbientOcclusionMaxQuality:100]]
[2020.05.06-23.02.04:132][  0]LogConfig: Setting CVar [[r.AmbientOcclusionLevels:-1]]
[2020.05.06-23.02.04:132][  0]LogConfig: Setting CVar [[r.AmbientOcclusionRadiusScale:1.0]]
[2020.05.06-23.02.04:132][  0]LogConfig: Setting CVar [[r.DepthOfFieldQuality:2]]
[2020.05.06-23.02.04:132][  0]LogConfig: Setting CVar [[r.RenderTargetPoolMin:400]]
[2020.05.06-23.02.04:132][  0]LogConfig: Setting CVar [[r.LensFlareQuality:2]]
[2020.05.06-23.02.04:132][  0]LogConfig: Setting CVar [[r.SceneColorFringeQuality:1]]
[2020.05.06-23.02.04:132][  0]LogConfig: Setting CVar [[r.EyeAdaptationQuality:2]]
[2020.05.06-23.02.04:133][  0]LogConfig: Setting CVar [[r.BloomQuality:5]]
[2020.05.06-23.02.04:133][  0]LogConfig: Setting CVar [[r.FastBlurThreshold:100]]
[2020.05.06-23.02.04:133][  0]LogConfig: Setting CVar [[r.Upscale.Quality:3]]
[2020.05.06-23.02.04:133][  0]LogConfig: Setting CVar [[r.Tonemapper.GrainQuantization:1]]
[2020.05.06-23.02.04:133][  0]LogConfig: Setting CVar [[r.LightShaftQuality:1]]
[2020.05.06-23.02.04:133][  0]LogConfig: Setting CVar [[r.Filter.SizeScale:1]]
[2020.05.06-23.02.04:133][  0]LogConfig: Setting CVar [[r.Tonemapper.Quality:5]]
[2020.05.06-23.02.04:133][  0]LogConfig: Setting CVar [[r.DOF.Gather.AccumulatorQuality:1        ; higher gathering accumulator quality]]
[2020.05.06-23.02.04:133][  0]LogConfig: Setting CVar [[r.DOF.Gather.PostfilterMethod:1          ; Median3x3 postfilering method]]
[2020.05.06-23.02.04:133][  0]LogConfig: Setting CVar [[r.DOF.Gather.EnableBokehSettings:0       ; no bokeh simulation when gathering]]
[2020.05.06-23.02.04:134][  0]LogConfig: Setting CVar [[r.DOF.Gather.RingCount:4                 ; medium number of samples when gathering]]
[2020.05.06-23.02.04:134][  0]LogConfig: Setting CVar [[r.DOF.Scatter.ForegroundCompositing:1    ; additive foreground scattering]]
[2020.05.06-23.02.04:134][  0]LogConfig: Setting CVar [[r.DOF.Scatter.BackgroundCompositing:2    ; additive background scattering]]
[2020.05.06-23.02.04:134][  0]LogConfig: Setting CVar [[r.DOF.Scatter.EnableBokehSettings:1      ; bokeh simulation when scattering]]
[2020.05.06-23.02.04:134][  0]LogConfig: Setting CVar [[r.DOF.Scatter.MaxSpriteRatio:0.1         ; only a maximum of 10% of scattered bokeh]]
[2020.05.06-23.02.04:134][  0]LogConfig: Setting CVar [[r.DOF.Recombine.Quality:1                ; cheap slight out of focus]]
[2020.05.06-23.02.04:134][  0]LogConfig: Setting CVar [[r.DOF.Recombine.EnableBokehSettings:0    ; no bokeh simulation on slight out of focus]]
[2020.05.06-23.02.04:134][  0]LogConfig: Setting CVar [[r.DOF.TemporalAAQuality:1                ; more stable temporal accumulation]]
[2020.05.06-23.02.04:134][  0]LogConfig: Setting CVar [[r.DOF.Kernel.MaxForegroundRadius:0.025]]
[2020.05.06-23.02.04:134][  0]LogConfig: Setting CVar [[r.DOF.Kernel.MaxBackgroundRadius:0.025]]
[2020.05.06-23.02.04:134][  0]LogConfig: Applying CVar settings from Section [TextureQuality@3] File [E:/SenProj/PollProj/SeniorProject/Saved/Config/Windows/Scalability.ini]
[2020.05.06-23.02.04:135][  0]LogConfig: Setting CVar [[r.Streaming.MipBias:0]]
[2020.05.06-23.02.04:135][  0]LogConfig: Setting CVar [[r.Streaming.AmortizeCPUToGPUCopy:0]]
[2020.05.06-23.02.04:135][  0]LogConfig: Setting CVar [[r.Streaming.MaxNumTexturesToStreamPerFrame:0]]
[2020.05.06-23.02.04:135][  0]LogConfig: Setting CVar [[r.Streaming.Boost:1]]
[2020.05.06-23.02.04:135][  0]LogConfig: Setting CVar [[r.MaxAnisotropy:8]]
[2020.05.06-23.02.04:135][  0]LogConfig: Setting CVar [[r.Streaming.LimitPoolSizeToVRAM:0]]
[2020.05.06-23.02.04:135][  0]LogConfig: Setting CVar [[r.Streaming.PoolSize:1000]]
[2020.05.06-23.02.04:135][  0]LogConfig: Setting CVar [[r.Streaming.MaxEffectiveScreenSize:0]]
[2020.05.06-23.02.04:135][  0]LogConfig: Applying CVar settings from Section [EffectsQuality@3] File [E:/SenProj/PollProj/SeniorProject/Saved/Config/Windows/Scalability.ini]
[2020.05.06-23.02.04:135][  0]LogConfig: Setting CVar [[r.TranslucencyLightingVolumeDim:64]]
[2020.05.06-23.02.04:135][  0]LogConfig: Setting CVar [[r.RefractionQuality:2]]
[2020.05.06-23.02.04:135][  0]LogConfig: Setting CVar [[r.SSR.Quality:3]]
[2020.05.06-23.02.04:135][  0]LogConfig: Setting CVar [[r.SceneColorFormat:4]]
[2020.05.06-23.02.04:135][  0]LogConfig: Setting CVar [[r.DetailMode:2]]
[2020.05.06-23.02.04:135][  0]LogConfig: Setting CVar [[r.TranslucencyVolumeBlur:1]]
[2020.05.06-23.02.04:136][  0]LogConfig: Setting CVar [[r.MaterialQualityLevel:1 ; High quality]]
[2020.05.06-23.02.04:136][  0]LogConfig: Setting CVar [[r.SSS.Scale:1]]
[2020.05.06-23.02.04:136][  0]LogConfig: Setting CVar [[r.SSS.SampleSet:2]]
[2020.05.06-23.02.04:136][  0]LogConfig: Setting CVar [[r.SSS.Quality:1]]
[2020.05.06-23.02.04:136][  0]LogConfig: Setting CVar [[r.SSS.HalfRes:1]]
[2020.05.06-23.02.04:136][  0]LogConfig: Setting CVar [[r.EmitterSpawnRateScale:1.0]]
[2020.05.06-23.02.04:136][  0]LogConfig: Setting CVar [[r.ParticleLightQuality:2]]
[2020.05.06-23.02.04:136][  0]LogConfig: Applying CVar settings from Section [FoliageQuality@3] File [E:/SenProj/PollProj/SeniorProject/Saved/Config/Windows/Scalability.ini]
[2020.05.06-23.02.04:136][  0]LogConfig: Setting CVar [[foliage.DensityScale:1.0]]
[2020.05.06-23.02.04:136][  0]LogConfig: Setting CVar [[grass.DensityScale:1.0]]
[2020.05.06-23.02.04:136][  0]LogInit: Selected Device Profile: [Windows]
[2020.05.06-23.02.04:136][  0]LogInit: Applying CVar settings loaded from the selected device profile: [Windows]
[2020.05.06-23.02.04:149][  0]LogHAL: Display: Platform has ~ 16 GB [17116258304 / 17179869184 / 16], which maps to Larger [LargestMinGB=32, LargerMinGB=12, DefaultMinGB=8, SmallerMinGB=6, SmallestMinGB=0)
[2020.05.06-23.02.04:150][  0]LogConfig: Setting CVar [[r.Vulkan.UseRealUBs:0		; Required until we fix HLR fall-out]]
[2020.05.06-23.02.04:150][  0]LogInit: Going up to parent DeviceProfile []
[2020.05.06-23.02.04:150][  0]LogConfig: Applying CVar settings from Section [ViewDistanceQuality@3] File [E:/SenProj/PollProj/SeniorProject/Saved/Config/Windows/Scalability.ini]
[2020.05.06-23.02.04:150][  0]LogConfig: Setting CVar [[r.SkeletalMeshLODBias:0]]
[2020.05.06-23.02.04:150][  0]LogConfig: Setting CVar [[r.ViewDistanceScale:1.0]]
[2020.05.06-23.02.04:150][  0]LogConfig: Applying CVar settings from Section [AntiAliasingQuality@3] File [E:/SenProj/PollProj/SeniorProject/Saved/Config/Windows/Scalability.ini]
[2020.05.06-23.02.04:150][  0]LogConfig: Setting CVar [[r.PostProcessAAQuality:4]]
[2020.05.06-23.02.04:150][  0]LogConfig: Applying CVar settings from Section [ShadowQuality@3] File [E:/SenProj/PollProj/SeniorProject/Saved/Config/Windows/Scalability.ini]
[2020.05.06-23.02.04:150][  0]LogConfig: Setting CVar [[r.LightFunctionQuality:1]]
[2020.05.06-23.02.04:150][  0]LogConfig: Setting CVar [[r.ShadowQuality:5]]
[2020.05.06-23.02.04:150][  0]LogConfig: Setting CVar [[r.Shadow.CSM.MaxCascades:10]]
[2020.05.06-23.02.04:151][  0]LogConfig: Setting CVar [[r.Shadow.MaxResolution:2048]]
[2020.05.06-23.02.04:151][  0]LogConfig: Setting CVar [[r.Shadow.MaxCSMResolution:2048]]
[2020.05.06-23.02.04:151][  0]LogConfig: Setting CVar [[r.Shadow.RadiusThreshold:0.01]]
[2020.05.06-23.02.04:151][  0]LogConfig: Setting CVar [[r.Shadow.DistanceScale:1.0]]
[2020.05.06-23.02.04:151][  0]LogConfig: Setting CVar [[r.Shadow.CSM.TransitionScale:1.0]]
[2020.05.06-23.02.04:151][  0]LogConfig: Setting CVar [[r.Shadow.PreShadowResolutionFactor:1.0]]
[2020.05.06-23.02.04:151][  0]LogConfig: Setting CVar [[r.DistanceFieldShadowing:1]]
[2020.05.06-23.02.04:151][  0]LogConfig: Setting CVar [[r.DistanceFieldAO:1]]
[2020.05.06-23.02.04:151][  0]LogConfig: Setting CVar [[r.AOQuality:2]]
[2020.05.06-23.02.04:151][  0]LogConfig: Setting CVar [[r.VolumetricFog:1]]
[2020.05.06-23.02.04:151][  0]LogConfig: Setting CVar [[r.VolumetricFog.GridPixelSize:8]]
[2020.05.06-23.02.04:151][  0]LogConfig: Setting CVar [[r.VolumetricFog.GridSizeZ:128]]
[2020.05.06-23.02.04:151][  0]LogConfig: Setting CVar [[r.VolumetricFog.HistoryMissSupersampleCount:4]]
[2020.05.06-23.02.04:151][  0]LogConfig: Setting CVar [[r.LightMaxDrawDistanceScale:1]]
[2020.05.06-23.02.04:151][  0]LogConfig: Setting CVar [[r.CapsuleShadows:1]]
[2020.05.06-23.02.04:151][  0]LogConfig: Applying CVar settings from Section [PostProcessQuality@3] File [E:/SenProj/PollProj/SeniorProject/Saved/Config/Windows/Scalability.ini]
[2020.05.06-23.02.04:152][  0]LogConfig: Setting CVar [[r.MotionBlurQuality:4]]
[2020.05.06-23.02.04:152][  0]LogConfig: Setting CVar [[r.AmbientOcclusionMipLevelFactor:0.4]]
[2020.05.06-23.02.04:152][  0]LogConfig: Setting CVar [[r.AmbientOcclusionMaxQuality:100]]
[2020.05.06-23.02.04:152][  0]LogConfig: Setting CVar [[r.AmbientOcclusionLevels:-1]]
[2020.05.06-23.02.04:152][  0]LogConfig: Setting CVar [[r.AmbientOcclusionRadiusScale:1.0]]
[2020.05.06-23.02.04:152][  0]LogConfig: Setting CVar [[r.DepthOfFieldQuality:2]]
[2020.05.06-23.02.04:152][  0]LogConfig: Setting CVar [[r.RenderTargetPoolMin:400]]
[2020.05.06-23.02.04:152][  0]LogConfig: Setting CVar [[r.LensFlareQuality:2]]
[2020.05.06-23.02.04:152][  0]LogConfig: Setting CVar [[r.SceneColorFringeQuality:1]]
[2020.05.06-23.02.04:152][  0]LogConfig: Setting CVar [[r.EyeAdaptationQuality:2]]
[2020.05.06-23.02.04:152][  0]LogConfig: Setting CVar [[r.BloomQuality:5]]
[2020.05.06-23.02.04:152][  0]LogConfig: Setting CVar [[r.FastBlurThreshold:100]]
[2020.05.06-23.02.04:152][  0]LogConfig: Setting CVar [[r.Upscale.Quality:3]]
[2020.05.06-23.02.04:152][  0]LogConfig: Setting CVar [[r.Tonemapper.GrainQuantization:1]]
[2020.05.06-23.02.04:152][  0]LogConfig: Setting CVar [[r.LightShaftQuality:1]]
[2020.05.06-23.02.04:152][  0]LogConfig: Setting CVar [[r.Filter.SizeScale:1]]
[2020.05.06-23.02.04:152][  0]LogConfig: Setting CVar [[r.Tonemapper.Quality:5]]
[2020.05.06-23.02.04:153][  0]LogConfig: Setting CVar [[r.DOF.Gather.AccumulatorQuality:1        ; higher gathering accumulator quality]]
[2020.05.06-23.02.04:153][  0]LogConfig: Setting CVar [[r.DOF.Gather.PostfilterMethod:1          ; Median3x3 postfilering method]]
[2020.05.06-23.02.04:153][  0]LogConfig: Setting CVar [[r.DOF.Gather.EnableBokehSettings:0       ; no bokeh simulation when gathering]]
[2020.05.06-23.02.04:153][  0]LogConfig: Setting CVar [[r.DOF.Gather.RingCount:4                 ; medium number of samples when gathering]]
[2020.05.06-23.02.04:153][  0]LogConfig: Setting CVar [[r.DOF.Scatter.ForegroundCompositing:1    ; additive foreground scattering]]
[2020.05.06-23.02.04:153][  0]LogConfig: Setting CVar [[r.DOF.Scatter.BackgroundCompositing:2    ; additive background scattering]]
[2020.05.06-23.02.04:153][  0]LogConfig: Setting CVar [[r.DOF.Scatter.EnableBokehSettings:1      ; bokeh simulation when scattering]]
[2020.05.06-23.02.04:153][  0]LogConfig: Setting CVar [[r.DOF.Scatter.MaxSpriteRatio:0.1         ; only a maximum of 10% of scattered bokeh]]
[2020.05.06-23.02.04:153][  0]LogConfig: Setting CVar [[r.DOF.Recombine.Quality:1                ; cheap slight out of focus]]
[2020.05.06-23.02.04:153][  0]LogConfig: Setting CVar [[r.DOF.Recombine.EnableBokehSettings:0    ; no bokeh simulation on slight out of focus]]
[2020.05.06-23.02.04:153][  0]LogConfig: Setting CVar [[r.DOF.TemporalAAQuality:1                ; more stable temporal accumulation]]
[2020.05.06-23.02.04:153][  0]LogConfig: Setting CVar [[r.DOF.Kernel.MaxForegroundRadius:0.025]]
[2020.05.06-23.02.04:153][  0]LogConfig: Setting CVar [[r.DOF.Kernel.MaxBackgroundRadius:0.025]]
[2020.05.06-23.02.04:153][  0]LogConfig: Applying CVar settings from Section [TextureQuality@3] File [E:/SenProj/PollProj/SeniorProject/Saved/Config/Windows/Scalability.ini]
[2020.05.06-23.02.04:153][  0]LogConfig: Setting CVar [[r.Streaming.MipBias:0]]
[2020.05.06-23.02.04:153][  0]LogConfig: Setting CVar [[r.Streaming.AmortizeCPUToGPUCopy:0]]
[2020.05.06-23.02.04:153][  0]LogConfig: Setting CVar [[r.Streaming.MaxNumTexturesToStreamPerFrame:0]]
[2020.05.06-23.02.04:153][  0]LogConfig: Setting CVar [[r.Streaming.Boost:1]]
[2020.05.06-23.02.04:153][  0]LogConfig: Setting CVar [[r.MaxAnisotropy:8]]
[2020.05.06-23.02.04:153][  0]LogConfig: Setting CVar [[r.Streaming.LimitPoolSizeToVRAM:0]]
[2020.05.06-23.02.04:154][  0]LogConfig: Setting CVar [[r.Streaming.PoolSize:1000]]
[2020.05.06-23.02.04:154][  0]LogConfig: Setting CVar [[r.Streaming.MaxEffectiveScreenSize:0]]
[2020.05.06-23.02.04:154][  0]LogConfig: Applying CVar settings from Section [EffectsQuality@3] File [E:/SenProj/PollProj/SeniorProject/Saved/Config/Windows/Scalability.ini]
[2020.05.06-23.02.04:154][  0]LogConfig: Setting CVar [[r.TranslucencyLightingVolumeDim:64]]
[2020.05.06-23.02.04:154][  0]LogConfig: Setting CVar [[r.RefractionQuality:2]]
[2020.05.06-23.02.04:154][  0]LogConfig: Setting CVar [[r.SSR.Quality:3]]
[2020.05.06-23.02.04:154][  0]LogConfig: Setting CVar [[r.SceneColorFormat:4]]
[2020.05.06-23.02.04:154][  0]LogConfig: Setting CVar [[r.DetailMode:2]]
[2020.05.06-23.02.04:154][  0]LogConfig: Setting CVar [[r.TranslucencyVolumeBlur:1]]
[2020.05.06-23.02.04:154][  0]LogConfig: Setting CVar [[r.MaterialQualityLevel:1 ; High quality]]
[2020.05.06-23.02.04:154][  0]LogConfig: Setting CVar [[r.SSS.Scale:1]]
[2020.05.06-23.02.04:154][  0]LogConfig: Setting CVar [[r.SSS.SampleSet:2]]
[2020.05.06-23.02.04:154][  0]LogConfig: Setting CVar [[r.SSS.Quality:1]]
[2020.05.06-23.02.04:154][  0]LogConfig: Setting CVar [[r.SSS.HalfRes:1]]
[2020.05.06-23.02.04:154][  0]LogConfig: Setting CVar [[r.EmitterSpawnRateScale:1.0]]
[2020.05.06-23.02.04:154][  0]LogConfig: Setting CVar [[r.ParticleLightQuality:2]]
[2020.05.06-23.02.04:154][  0]LogConfig: Applying CVar settings from Section [FoliageQuality@3] File [E:/SenProj/PollProj/SeniorProject/Saved/Config/Windows/Scalability.ini]
[2020.05.06-23.02.04:154][  0]LogConfig: Setting CVar [[foliage.DensityScale:1.0]]
[2020.05.06-23.02.04:154][  0]LogConfig: Setting CVar [[grass.DensityScale:1.0]]
[2020.05.06-23.02.04:154][  0]LogConfig: Applying CVar settings from Section [Startup] File [../../../Engine/Config/ConsoleVariables.ini]
[2020.05.06-23.02.04:155][  0]LogConfig: Setting CVar [[net.UseAdaptiveNetUpdateFrequency:0]]
[2020.05.06-23.02.04:155][  0]LogConfig: Setting CVar [[p.chaos.AllowCreatePhysxBodies:1]]
[2020.05.06-23.02.04:155][  0]LogConfig: Applying CVar settings from Section [ConsoleVariables] File [E:/SenProj/PollProj/SeniorProject/Saved/Config/Windows/Engine.ini]
[2020.05.06-23.02.04:155][  0]LogInit: Computer: GREGSPC
[2020.05.06-23.02.04:155][  0]LogInit: User: Gregory
[2020.05.06-23.02.04:155][  0]LogInit: CPU Page size=4096, Cores=4
[2020.05.06-23.02.04:155][  0]LogInit: High frequency timer resolution =10.000000 MHz
[2020.05.06-23.02.04:155][  0]LogMemory: Memory total: Physical=15.9GB (16GB approx)
[2020.05.06-23.02.04:155][  0]LogMemory: Platform Memory Stats for Windows
[2020.05.06-23.02.04:156][  0]LogMemory: Process Physical Memory: 102.41 MB used, 102.41 MB peak
[2020.05.06-23.02.04:156][  0]LogMemory: Process Virtual Memory: 103.91 MB used, 103.91 MB peak
[2020.05.06-23.02.04:156][  0]LogMemory: Physical Memory: 9220.92 MB used,  7102.42 MB free, 16323.34 MB total
[2020.05.06-23.02.04:156][  0]LogMemory: Virtual Memory: 4670.20 MB used,  134213056.00 MB free, 134217728.00 MB total
[2020.05.06-23.02.04:342][  0]LogInit: Using OS detected language (en-US).
[2020.05.06-23.02.04:342][  0]LogInit: Using OS detected locale (en-US).
[2020.05.06-23.02.04:343][  0]LogTextLocalizationManager: No specific localization for 'en-US' exists, so the 'en' localization will be used.
[2020.05.06-23.02.04:516][  0]LogInit: Setting process to per monitor DPI aware
[2020.05.06-23.02.04:619][  0]LogSlate: New Slate User Created.  User Index 0, Is Virtual User: 0
[2020.05.06-23.02.04:619][  0]LogSlate: Slate User Registered.  User Index 0, Is Virtual User: 0
[2020.05.06-23.02.04:932][  0]LogHMD: Failed to initialize OpenVR with code 108
[2020.05.06-23.02.04:932][  0]LogD3D11RHI: D3D11 adapters:
[2020.05.06-23.02.05:041][  0]LogD3D11RHI:    0. 'NVIDIA GeForce RTX 2080' (Feature Level 11_0)
[2020.05.06-23.02.05:041][  0]LogD3D11RHI:       8010/0/8161 MB DedicatedVideo/DedicatedSystem/SharedSystem, Outputs:4, VendorId:0x10de
[2020.05.06-23.02.05:050][  0]LogD3D11RHI:    1. 'Microsoft Basic Render Driver' (Feature Level 11_0)
[2020.05.06-23.02.05:050][  0]LogD3D11RHI:       0/0/8161 MB DedicatedVideo/DedicatedSystem/SharedSystem, Outputs:0, VendorId:0x1414
[2020.05.06-23.02.05:050][  0]LogD3D11RHI: Chosen D3D11 Adapter: 0
[2020.05.06-23.02.05:058][  0]LogD3D11RHI: Creating new Direct3DDevice
[2020.05.06-23.02.05:058][  0]LogD3D11RHI:     GPU DeviceId: 0x1e87 (for the marketing name, search the web for "GPU Device Id")
[2020.05.06-23.02.05:058][  0]LogWindows: EnumDisplayDevices:
[2020.05.06-23.02.05:059][  0]LogWindows:    0. 'NVIDIA GeForce RTX 2080' (P:1 D:1)
[2020.05.06-23.02.05:059][  0]LogWindows:    1. 'NVIDIA GeForce RTX 2080' (P:0 D:1)
[2020.05.06-23.02.05:059][  0]LogWindows:    2. 'NVIDIA GeForce RTX 2080' (P:0 D:1)
[2020.05.06-23.02.05:060][  0]LogWindows:    3. 'NVIDIA GeForce RTX 2080' (P:0 D:1)
[2020.05.06-23.02.05:060][  0]LogWindows: DebugString: FoundDriverCount:4 
[2020.05.06-23.02.05:060][  0]LogD3D11RHI:     Adapter Name: NVIDIA GeForce RTX 2080
[2020.05.06-23.02.05:060][  0]LogD3D11RHI:   Driver Version: 432.00 (internal:26.21.14.3200, unified:432.00)
[2020.05.06-23.02.05:060][  0]LogD3D11RHI:      Driver Date: 7-24-2019
[2020.05.06-23.02.05:060][  0]LogRHI: Texture pool is 5607 MB (70% of 8010 MB)
[2020.05.06-23.02.05:122][  0]LogD3D11RHI: Async texture creation enabled
[2020.05.06-23.02.05:167][  0]LogRendererCore: FGlobalReadBuffer::InitRHI
[2020.05.06-23.02.05:174][  0]LogRendererCore: FGlobalReadBuffer::InitRHI
[2020.05.06-23.02.05:175][  0]LogRendererCore: FGlobalReadBuffer::InitRHI
[2020.05.06-23.02.05:188][  0]LogD3D11RHI: GPU Timing Frequency: 1000.000000 (Debug: 2 2)
[2020.05.06-23.02.05:756][  0]LogTemp: Display: Module 'AllDesktopTargetPlatform' loaded TargetPlatform 'AllDesktop'
[2020.05.06-23.02.05:783][  0]LogTemp: Display: Module 'MacClientTargetPlatform' loaded TargetPlatform 'MacClient'
[2020.05.06-23.02.05:806][  0]LogTemp: Display: Module 'MacNoEditorTargetPlatform' loaded TargetPlatform 'MacNoEditor'
[2020.05.06-23.02.05:829][  0]LogTemp: Display: Module 'MacServerTargetPlatform' loaded TargetPlatform 'MacServer'
[2020.05.06-23.02.05:858][  0]LogTemp: Display: Module 'MacTargetPlatform' loaded TargetPlatform 'Mac'
[2020.05.06-23.02.05:886][  0]LogTemp: Display: Module 'WindowsClientTargetPlatform' loaded TargetPlatform 'WindowsClient'
[2020.05.06-23.02.05:912][  0]LogTemp: Display: Module 'WindowsNoEditorTargetPlatform' loaded TargetPlatform 'WindowsNoEditor'
[2020.05.06-23.02.05:938][  0]LogTemp: Display: Module 'WindowsServerTargetPlatform' loaded TargetPlatform 'WindowsServer'
[2020.05.06-23.02.05:958][  0]LogTemp: Display: Module 'WindowsTargetPlatform' loaded TargetPlatform 'Windows'
[2020.05.06-23.02.06:045][  0]LogTemp: Display: Module 'AndroidTargetPlatform' loaded TargetPlatform 'Android'
[2020.05.06-23.02.06:045][  0]LogTemp: Display: Module 'AndroidTargetPlatform' loaded TargetPlatform 'Android_ASTC'
[2020.05.06-23.02.06:045][  0]LogTemp: Display: Module 'AndroidTargetPlatform' loaded TargetPlatform 'Android_ATC'
[2020.05.06-23.02.06:045][  0]LogTemp: Display: Module 'AndroidTargetPlatform' loaded TargetPlatform 'Android_DXT'
[2020.05.06-23.02.06:045][  0]LogTemp: Display: Module 'AndroidTargetPlatform' loaded TargetPlatform 'Android_ETC1'
[2020.05.06-23.02.06:045][  0]LogTemp: Display: Module 'AndroidTargetPlatform' loaded TargetPlatform 'Android_ETC1a'
[2020.05.06-23.02.06:046][  0]LogTemp: Display: Module 'AndroidTargetPlatform' loaded TargetPlatform 'Android_ETC2'
[2020.05.06-23.02.06:046][  0]LogTemp: Display: Module 'AndroidTargetPlatform' loaded TargetPlatform 'Android_PVRTC'
[2020.05.06-23.02.06:046][  0]LogTemp: Display: Module 'AndroidTargetPlatform' loaded TargetPlatform 'AndroidClient'
[2020.05.06-23.02.06:046][  0]LogTemp: Display: Module 'AndroidTargetPlatform' loaded TargetPlatform 'Android_ASTCClient'
[2020.05.06-23.02.06:046][  0]LogTemp: Display: Module 'AndroidTargetPlatform' loaded TargetPlatform 'Android_ATCClient'
[2020.05.06-23.02.06:046][  0]LogTemp: Display: Module 'AndroidTargetPlatform' loaded TargetPlatform 'Android_DXTClient'
[2020.05.06-23.02.06:046][  0]LogTemp: Display: Module 'AndroidTargetPlatform' loaded TargetPlatform 'Android_ETC1Client'
[2020.05.06-23.02.06:046][  0]LogTemp: Display: Module 'AndroidTargetPlatform' loaded TargetPlatform 'Android_ETC1aClient'
[2020.05.06-23.02.06:046][  0]LogTemp: Display: Module 'AndroidTargetPlatform' loaded TargetPlatform 'Android_ETC2Client'
[2020.05.06-23.02.06:046][  0]LogTemp: Display: Module 'AndroidTargetPlatform' loaded TargetPlatform 'Android_PVRTCClient'
[2020.05.06-23.02.06:046][  0]LogTemp: Display: Module 'AndroidTargetPlatform' loaded TargetPlatform 'Android_Multi'
[2020.05.06-23.02.06:046][  0]LogTemp: Display: Module 'AndroidTargetPlatform' loaded TargetPlatform 'Android_MultiClient'
[2020.05.06-23.02.06:054][  0]LogTemp: Display: Module 'HTML5TargetPlatform' loaded TargetPlatform 'HTML5'
[2020.05.06-23.02.06:132][  0]LogTemp: Display: Module 'IOSTargetPlatform' loaded TargetPlatform 'IOSClient'
[2020.05.06-23.02.06:133][  0]LogTemp: Display: Module 'IOSTargetPlatform' loaded TargetPlatform 'IOS'
[2020.05.06-23.02.06:162][  0]LogTemp: Display: Module 'TVOSTargetPlatform' loaded TargetPlatform 'TVOSClient'
[2020.05.06-23.02.06:163][  0]LogTemp: Display: Module 'TVOSTargetPlatform' loaded TargetPlatform 'TVOS'
[2020.05.06-23.02.06:182][  0]LogTemp: Display: Module 'LinuxClientTargetPlatform' loaded TargetPlatform 'LinuxClient'
[2020.05.06-23.02.06:200][  0]LogTemp: Display: Module 'LinuxNoEditorTargetPlatform' loaded TargetPlatform 'LinuxNoEditor'
[2020.05.06-23.02.06:220][  0]LogTemp: Display: Module 'LinuxServerTargetPlatform' loaded TargetPlatform 'LinuxServer'
[2020.05.06-23.02.06:242][  0]LogTemp: Display: Module 'LinuxTargetPlatform' loaded TargetPlatform 'Linux'
[2020.05.06-23.02.06:306][  0]LogTemp: Display: Module 'LuminTargetPlatform' loaded TargetPlatform 'Lumin'
[2020.05.06-23.02.06:306][  0]LogTemp: Display: Module 'LuminTargetPlatform' loaded TargetPlatform 'LuminClient'
[2020.05.06-23.02.06:306][  0]LogTargetPlatformManager: Display: Building Assets For Windows
[2020.05.06-23.02.06:365][  0]LogAudioDebug: Display: Lib vorbis DLL was dynamically loaded.
[2020.05.06-23.02.06:714][  0]LogShaderCompilers: Guid format shader working directory is 14 characters bigger than the processId version (E:/SenProj/PollProj/SeniorProject/Intermediate/Shaders/WorkingDirectory/19536/).
[2020.05.06-23.02.06:714][  0]LogShaderCompilers: Cleaned the shader compiler working directory 'C:/Users/Gregory/AppData/Local/Temp/UnrealShaderWorkingDir/9A91DD0F488674DE230C2AA91F685A14/'.
[2020.05.06-23.02.06:718][  0]LogXGEController: Cannot use XGE Controller as Incredibuild is not installed on this machine.
[2020.05.06-23.02.06:718][  0]LogShaderCompilers: Cannot use XGE Shader Compiler as Incredibuild is not installed on this machine.
[2020.05.06-23.02.06:718][  0]LogShaderCompilers: Display: Using Local Shader Compiler.
[2020.05.06-23.02.07:387][  0]LogDerivedDataCache: Display: Max Cache Size: 512 MB
[2020.05.06-23.02.07:464][  0]LogDerivedDataCache: Loaded boot cache 0.08s 73MB C:/Users/Gregory/AppData/Local/UnrealEngine/4.22/DerivedDataCache/Boot.ddc.
[2020.05.06-23.02.07:464][  0]LogDerivedDataCache: Display: Loaded Boot cache: C:/Users/Gregory/AppData/Local/UnrealEngine/4.22/DerivedDataCache/Boot.ddc
[2020.05.06-23.02.07:465][  0]LogDerivedDataCache: FDerivedDataBackendGraph:  Pak pak cache file E:/SenProj/PollProj/SeniorProject/DerivedDataCache/DDC.ddp not found, will not use a pak cache.
[2020.05.06-23.02.07:465][  0]LogDerivedDataCache: Unable to find inner node Pak for hierarchical cache Hierarchy.
[2020.05.06-23.02.07:465][  0]LogDerivedDataCache: FDerivedDataBackendGraph:  CompressedPak pak cache file E:/SenProj/PollProj/SeniorProject/DerivedDataCache/Compressed.ddp not found, will not use a pak cache.
[2020.05.06-23.02.07:465][  0]LogDerivedDataCache: Unable to find inner node CompressedPak for hierarchical cache Hierarchy.
[2020.05.06-23.02.07:478][  0]LogDerivedDataCache: Display: Pak cache opened for reading ../../../Engine/DerivedDataCache/Compressed.ddp.
[2020.05.06-23.02.07:481][  0]LogDerivedDataCache: Display: Pak cache opened for reading ../../../Enterprise/DerivedDataCache/Compressed.ddp.
[2020.05.06-23.02.07:494][  0]LogDerivedDataCache: Using Local data cache path C:/Users/Gregory/AppData/Local/UnrealEngine/Common/DerivedDataCache: Writable
[2020.05.06-23.02.07:494][  0]LogDerivedDataCache: Shared data cache path not found in *engine.ini, will not use an Shared cache.
[2020.05.06-23.02.07:494][  0]LogDerivedDataCache: Unable to find inner node Shared for hierarchical cache Hierarchy.
[2020.05.06-23.02.07:523][  0]LogMaterial: Verifying Global Shaders for PCD3D_SM5
[2020.05.06-23.02.07:524][  0]LogSlate: Using FreeType 2.6.0
[2020.05.06-23.02.07:524][  0]LogSlate: SlateFontServices - WITH_FREETYPE: 1, WITH_HARFBUZZ: 1
[2020.05.06-23.02.07:615][  0]LogAssetRegistry: FAssetRegistry took 0.0350 seconds to start up
[2020.05.06-23.02.08:064][  0]LogInit: Selected Device Profile: [Windows]
[2020.05.06-23.02.08:372][  0]LogMeshReduction: Using QuadricMeshReduction for automatic static mesh reduction
[2020.05.06-23.02.08:372][  0]LogMeshReduction: Using SimplygonMeshReduction for automatic skeletal mesh reduction
[2020.05.06-23.02.08:372][  0]LogMeshReduction: Using ProxyLODMeshReduction for automatic mesh merging
[2020.05.06-23.02.08:372][  0]LogMeshReduction: No distributed automatic mesh merging module available
[2020.05.06-23.02.08:373][  0]LogMeshMerging: No distributed automatic mesh merging module available
[2020.05.06-23.02.08:394][  0]LogNetVersion: SeniorProject 1.0.0, NetCL: 5660361, EngineNetVer: 10, GameNetVer: 0 (Checksum: 993350713)
[2020.05.06-23.02.08:915][  0]LogPackageLocalizationCache: Processed 16 localized package path(s) for 1 prioritized culture(s) in 0.099466 seconds
[2020.05.06-23.02.08:926][  0]LogUObjectArray: 42205 objects as part of root set at end of initial load.
[2020.05.06-23.02.08:926][  0]LogUObjectAllocator: 7325032 out of 0 bytes used by permanent object pool.
[2020.05.06-23.02.08:926][  0]LogUObjectArray: CloseDisregardForGC: 0/0 objects in disregard for GC pool
[2020.05.06-23.02.10:571][  0]LogTcpMessaging: Initializing TcpMessaging bridge
[2020.05.06-23.02.10:596][  0]LogUdpMessaging: Initializing bridge on interface 0.0.0.0:0 to multicast group 230.0.0.1:6666.
[2020.05.06-23.02.11:063][  0]SourceControl: Source control is disabled
[2020.05.06-23.02.12:942][  0]LogAndroidPermission: UAndroidPermissionCallbackProxy::GetInstance
[2020.05.06-23.02.13:472][  0]LogOcInput: OculusInput pre-init called
[2020.05.06-23.02.16:423][  0]LogWindows: Failed to load 'libalias_api.dll' (GetLastError=126)
[2020.05.06-23.02.16:423][  0]LogWindows: File 'libalias_api.dll' does not exist
[2020.05.06-23.02.16:425][  0]LogWindows: Failed to load 'libalias_api.dll' (GetLastError=126)
[2020.05.06-23.02.16:426][  0]LogWindows: File 'libalias_api.dll' does not exist
[2020.05.06-23.02.16:685][  0]LogEngine: Initializing Engine...
[2020.05.06-23.02.16:814][  0]LogHMD: Failed to initialize OpenVR with code 108
[2020.05.06-23.02.16:816][  0]LogStats: UGameplayTagsManager::InitializeManager -  0.000 s
[2020.05.06-23.02.17:039][  0]LogInit: Initializing FReadOnlyCVARCache
[2020.05.06-23.02.17:089][  0]LogAIModule: Creating AISystem for world Untitled
[2020.05.06-23.02.17:307][  0]LogInit: XAudio2 using 'Headset Earphone (2- Corsair HS70 Wireless Gaming Headset)' : 2 channels at 48 kHz using 16 bits per sample (channel mask 0x3)
[2020.05.06-23.02.17:339][  0]LogInit: FAudioDevice initialized.
[2020.05.06-23.02.17:339][  0]LogNetVersion: Set ProjectVersion to 1.0.0.0. Version Checksum will be recalculated on next use.
[2020.05.06-23.02.17:607][  0]LogDerivedDataCache: Saved boot cache 0.27s 73MB C:/Users/Gregory/AppData/Local/UnrealEngine/4.22/DerivedDataCache/Boot.ddc.
[2020.05.06-23.02.17:619][  0]LogInit: Texture streaming: Enabled
[2020.05.06-23.02.17:765][  0]LogEngineSessionManager: EngineSessionManager initialized
[2020.05.06-23.02.17:765][  0]LogEngineSessionManager: EngineSessionManager sent abnormal shutdown report. Type=Debugger, SessionId={9D5E3664-4195-D43B-709C-40BC16739D59}
[2020.05.06-23.02.17:765][  0]LogEngineSessionManager: EngineSessionManager sent abnormal shutdown report. Type=Debugger, SessionId={94F00C4A-4695-C956-E961-9CAD654A27C2}
[2020.05.06-23.02.17:843][  0]LogInit: Transaction tracking system initialized
[2020.05.06-23.02.18:019][  0]BlueprintLog: New page: Editor Load
[2020.05.06-23.02.18:685][  0]LocalizationService: Localization service is disabled
[2020.05.06-23.02.19:533][  0]LogFileCache: Scanning file cache for directory 'E:/SenProj/PollProj/SeniorProject/Content/' took 0.03s
[2020.05.06-23.02.19:533][  0]LogCook: Display: Max memory allowance for cook 16384mb min free memory 0mb
[2020.05.06-23.02.19:533][  0]LogCook: Display: Mobile HDR setting 1
[2020.05.06-23.02.21:769][  0]Cmd: MAP LOAD FILE="E:/SenProj/PollProj/SeniorProject/Content/Levels/GreyBoxLVL4.umap" TEMPLATE=0 SHOWPROGRESS=1 FEATURELEVEL=3
[2020.05.06-23.02.21:770][  0]LightingResults: New page: Lighting Build
[2020.05.06-23.02.21:775][  0]MapCheck: New page: Map Check
[2020.05.06-23.02.21:775][  0]LightingResults: New page: Lighting Build
[2020.05.06-23.02.21:802][  0]LogUObjectHash: Compacting FUObjectHashTables data took   1.59ms
[2020.05.06-23.02.22:831][  0]LogLinker: Warning: Asset 'E:/SenProj/PollProj/SeniorProject/Content/Materials/MF_ConvolveTexture.uasset' has been saved with empty engine version. The asset will be loaded but may be incompatible.
[2020.05.06-23.02.22:832][  0]LogLinker: Warning: Asset 'E:/SenProj/PollProj/SeniorProject/Content/Materials/MF_ExtractDepth.uasset' has been saved with empty engine version. The asset will be loaded but may be incompatible.
[2020.05.06-23.02.22:833][  0]LogLinker: Warning: Asset 'E:/SenProj/PollProj/SeniorProject/Content/Materials/MF_SampleSceneTextureNeighbourUVs.uasset' has been saved with empty engine version. The asset will be loaded but may be incompatible.
[2020.05.06-23.02.25:350][  0]LogAIModule: Creating AISystem for world GreyBoxLVL4
[2020.05.06-23.02.27:239][  0]LogEditorServer: Finished looking for orphan Actors (0.001 secs)
[2020.05.06-23.02.27:452][  0]LogUObjectHash: Compacting FUObjectHashTables data took   5.18ms
[2020.05.06-23.02.27:452][  0]Cmd: MAP CHECKDEP NOCLEARLOG
[2020.05.06-23.02.27:453][  0]MapCheck: Map check complete: 0 Error(s), 0 Warning(s), took 0.598ms to complete.
[2020.05.06-23.02.27:453][  0]LogFileHelpers: Loading map 'GreyBoxLVL4' took 5.684
[2020.05.06-23.02.27:638][  0]LogSlate: Updating window title bar state: overlay mode, drag disabled, window buttons hidden, title bar hidden
[2020.05.06-23.02.27:651][  0]LogSlate: Updating window title bar state: overlay mode, drag disabled, window buttons hidden, title bar hidden
[2020.05.06-23.02.27:661][  0]LogSlate: Updating window title bar state: overlay mode, drag disabled, window buttons hidden, title bar hidden
[2020.05.06-23.02.27:673][  0]LogSlate: Updating window title bar state: overlay mode, drag disabled, window buttons hidden, title bar hidden
[2020.05.06-23.02.27:708][  0]LogCollectionManager: Loaded 0 collections in 0.003543 seconds
[2020.05.06-23.02.27:732][  0]LogFileCache: Scanning file cache for directory 'E:/SenProj/PollProj/SeniorProject/Saved/Collections/' took 0.01s
[2020.05.06-23.02.27:732][  0]LogFileCache: Scanning file cache for directory 'E:/SenProj/PollProj/SeniorProject/Content/Developers/Gregory/Collections/' took 0.00s
[2020.05.06-23.02.27:733][  0]LogFileCache: Scanning file cache for directory 'E:/SenProj/PollProj/SeniorProject/Content/Collections/' took 0.00s
[2020.05.06-23.02.27:733][  0]LogCollectionManager: Rebuilt the GUID cache for 0 collections in 0.000001 seconds
[2020.05.06-23.02.27:747][  0]LogContentBrowser: Native class hierarchy populated in 0.0143 seconds. Added 2876 classes and 729 folders.
[2020.05.06-23.02.27:759][  0]LogContentBrowser: Native class hierarchy updated for 'WidgetCarousel' in 0.0004 seconds. Added 0 classes and 0 folders.
[2020.05.06-23.02.27:761][  0]LogPakFile: Registered encryption key '00000000000000000000000000000000': 0 pak files mounted, 0 remain pending
[2020.05.06-23.02.27:762][  0]LogPakFile: Registered encryption key '00000000000000000000000000000000': 0 pak files mounted, 0 remain pending
[2020.05.06-23.02.27:763][  0]LogPakFile: Registered encryption key '00000000000000000000000000000000': 0 pak files mounted, 0 remain pending
[2020.05.06-23.02.27:763][  0]LogPakFile: Registered encryption key '00000000000000000000000000000000': 0 pak files mounted, 0 remain pending
[2020.05.06-23.02.27:764][  0]LogPakFile: Registered encryption key '00000000000000000000000000000000': 0 pak files mounted, 0 remain pending
[2020.05.06-23.02.27:765][  0]LogPakFile: Registered encryption key '00000000000000000000000000000000': 0 pak files mounted, 0 remain pending
[2020.05.06-23.02.27:765][  0]LogPakFile: Registered encryption key '00000000000000000000000000000000': 0 pak files mounted, 0 remain pending
[2020.05.06-23.02.27:766][  0]LogPakFile: Registered encryption key '00000000000000000000000000000000': 0 pak files mounted, 0 remain pending
[2020.05.06-23.02.27:767][  0]LogPakFile: Registered encryption key '00000000000000000000000000000000': 0 pak files mounted, 0 remain pending
[2020.05.06-23.02.27:767][  0]LogPakFile: Registered encryption key '00000000000000000000000000000000': 0 pak files mounted, 0 remain pending
[2020.05.06-23.02.27:768][  0]LogPakFile: Registered encryption key '00000000000000000000000000000000': 0 pak files mounted, 0 remain pending
[2020.05.06-23.02.27:769][  0]LogPakFile: Registered encryption key '00000000000000000000000000000000': 0 pak files mounted, 0 remain pending
[2020.05.06-23.02.27:769][  0]LogPakFile: Registered encryption key '00000000000000000000000000000000': 0 pak files mounted, 0 remain pending
[2020.05.06-23.02.27:770][  0]LogPakFile: Registered encryption key '00000000000000000000000000000000': 0 pak files mounted, 0 remain pending
[2020.05.06-23.02.27:771][  0]LogPakFile: Registered encryption key '00000000000000000000000000000000': 0 pak files mounted, 0 remain pending
[2020.05.06-23.02.27:771][  0]LogPakFile: Registered encryption key '00000000000000000000000000000000': 0 pak files mounted, 0 remain pending
[2020.05.06-23.02.27:772][  0]LogPakFile: Registered encryption key '00000000000000000000000000000000': 0 pak files mounted, 0 remain pending
[2020.05.06-23.02.27:772][  0]LogPakFile: Registered encryption key '00000000000000000000000000000000': 0 pak files mounted, 0 remain pending
[2020.05.06-23.02.27:773][  0]LogPakFile: Registered encryption key '00000000000000000000000000000000': 0 pak files mounted, 0 remain pending
[2020.05.06-23.02.27:773][  0]LogPakFile: Registered encryption key '00000000000000000000000000000000': 0 pak files mounted, 0 remain pending
[2020.05.06-23.02.27:774][  0]LogPakFile: Registered encryption key '00000000000000000000000000000000': 0 pak files mounted, 0 remain pending
[2020.05.06-23.02.27:775][  0]LogPakFile: Registered encryption key '00000000000000000000000000000000': 0 pak files mounted, 0 remain pending
[2020.05.06-23.02.27:775][  0]LogPakFile: Registered encryption key '00000000000000000000000000000000': 0 pak files mounted, 0 remain pending
[2020.05.06-23.02.27:776][  0]LogPakFile: Registered encryption key '00000000000000000000000000000000': 0 pak files mounted, 0 remain pending
[2020.05.06-23.02.27:777][  0]LogPakFile: Registered encryption key '00000000000000000000000000000000': 0 pak files mounted, 0 remain pending
[2020.05.06-23.02.27:778][  0]LogPakFile: Registered encryption key '00000000000000000000000000000000': 0 pak files mounted, 0 remain pending
[2020.05.06-23.02.27:779][  0]LogPakFile: Registered encryption key '00000000000000000000000000000000': 0 pak files mounted, 0 remain pending
[2020.05.06-23.02.27:780][  0]LogPakFile: Registered encryption key '00000000000000000000000000000000': 0 pak files mounted, 0 remain pending
[2020.05.06-23.02.27:815][  0]LogContentBrowser: Native class hierarchy updated for 'AddContentDialog' in 0.0003 seconds. Added 0 classes and 0 folders.
[2020.05.06-23.02.27:820][  0]LogContentBrowser: Native class hierarchy updated for 'SceneOutliner' in 0.0004 seconds. Added 1 classes and 0 folders.
[2020.05.06-23.02.27:871][  0]LogSlate: Took 0.000163 seconds to synchronously load lazily loaded font '../../../Engine/Content/Slate/Fonts/Roboto-Regular.ttf' (155K)
[2020.05.06-23.02.27:877][  0]LogSlate: Took 0.000340 seconds to synchronously load lazily loaded font '../../../Engine/Content/Slate/Fonts/Roboto-Bold.ttf' (160K)
[2020.05.06-23.02.27:887][  0]LogSlate: Took 0.000279 seconds to synchronously load lazily loaded font '../../../Engine/Content/Editor/Slate/Fonts/FontAwesome.ttf' (139K)
[2020.05.06-23.02.27:982][  0]LogRenderer: Reallocating scene render targets to support 1156x596 Format 10 NumSamples 1 (Frame:1).
[2020.05.06-23.02.28:158][  0]LogStaticMesh: Allocated 512x403x64 distance field atlas = 25.2Mb, with 185 objects containing 22.8Mb backing data
[2020.05.06-23.02.28:563][  0]LogContentBrowser: Native class hierarchy updated for 'HierarchicalLODOutliner' in 0.0005 seconds. Added 0 classes and 0 folders.
[2020.05.06-23.02.28:563][  0]LogLoad: (Engine Initialization) Total time: 27.50 seconds
[2020.05.06-23.02.28:563][  0]LogLoad: (Engine Initialization) Total Blueprint compile time: 0.00 seconds
[2020.05.06-23.02.28:665][  0]LogContentStreaming: Texture pool size now 1000 MB
[2020.05.06-23.02.28:719][  0]LogSlate: Took 0.000163 seconds to synchronously load lazily loaded font '../../../Engine/Content/Slate/Fonts/Roboto-Light.ttf' (167K)
[2020.05.06-23.02.28:794][  1]LogAssetRegistry: Asset discovery search completed in 21.2024 seconds
[2020.05.06-23.02.28:797][  1]LogCollectionManager: Rebuilt the object cache for 0 collections in 0.000000 seconds (found 0 objects)
[2020.05.06-23.02.28:797][  1]LogCollectionManager: Fixed up redirectors for 0 collections in 0.000180 seconds (updated 0 objects)
[2020.05.06-23.02.31:493][ 93]LogSlate: FSceneViewport::OnFocusLost() reason 0
[2020.05.06-23.02.31:569][ 98]LogSlate: Window 'Message Log' being destroyed
[2020.05.06-23.02.31:578][ 98]LogSlate: Window 'Message Log' being destroyed
[2020.05.06-23.02.32:428][129]LogSlate: FSceneViewport::OnFocusLost() reason 0
[2020.05.06-23.02.33:783][207]LogFileCache: Retrieving MD5 hashes for directory 'E:/SenProj/PollProj/SeniorProject/Content/' took 5.18s
[2020.05.06-23.02.34:102][218]LogSlate: Took 0.000224 seconds to synchronously load lazily loaded font '../../../Engine/Content/Slate/Fonts/Roboto-Light.ttf' (167K)
[2020.05.06-23.02.34:151][218]LogAssetEditorManager: Opening Asset editor for WidgetBlueprint /Game/UI/Counter.Counter
[2020.05.06-23.02.35:597][218]LogContentBrowser: Native class hierarchy updated for 'BlueprintGraph' in 0.0007 seconds. Added 121 classes and 0 folders.
[2020.05.06-23.02.37:399][218]LogBlueprintActionDatabase: Requesting refresh due to module change: SequencerWidgets (loaded)
[2020.05.06-23.02.38:260][218]LogSlate: Took 0.016963 seconds to synchronously load lazily loaded font '../../../Engine/Content/Slate/Fonts/Roboto-BoldCondensed.ttf' (158K)
[2020.05.06-23.02.38:374][218]LogBlueprintUserMessages: [Counter_C_1] Failed
[2020.05.06-23.03.23:219][276]LogBlueprintUserMessages: [Counter_C_2] Failed
[2020.05.06-23.03.49:677][460]LogSlate: Window 'Color Picker' being destroyed
[2020.05.06-23.03.54:595][684]BlueprintLog: New page: Compile Counter
[2020.05.06-23.03.54:828][684]LogUObjectHash: Compacting FUObjectHashTables data took   7.08ms
[2020.05.06-23.03.54:928][684]LogBlueprintUserMessages: [Counter_C_4] Failed
[2020.05.06-23.03.55:544][705]Cmd: OBJ SAVEPACKAGE PACKAGE="/Game/UI/Counter" FILE="E:/SenProj/PollProj/SeniorProject/Content/UI/Counter.uasset" SILENT=true
[2020.05.06-23.03.55:920][705]LogSavePackage: Moving 'E:/SenProj/PollProj/SeniorProject/Saved/Counter0B2F7F5944F8E831EFAE0892C9361894.tmp' to 'E:/SenProj/PollProj/SeniorProject/Content/UI/Counter.uasset'
[2020.05.06-23.03.57:187][756]LogTemp: Repeating last play command: Selected Viewport
[2020.05.06-23.03.57:252][756]LogBlueprintUserMessages: Early PlayInEditor Detection: Level '/Game/Levels/GreyBoxLVL4.GreyBoxLVL4:PersistentLevel' has LevelScriptBlueprint '/Game/Levels/GreyBoxLVL4.GreyBoxLVL4:PersistentLevel.GreyBoxLVL4' with GeneratedClass '/Game/Levels/GreyBoxLVL4.GreyBoxLVL4_C' with ClassGeneratedBy '/Game/Levels/GreyBoxLVL4.GreyBoxLVL4:PersistentLevel.GreyBoxLVL4'
[2020.05.06-23.03.57:252][756]LogPlayLevel: PlayLevel: No blueprints needed recompiling
[2020.05.06-23.03.57:253][756]PIE: New page: PIE session: GreyBoxLVL4 (May 6, 2020, 3:03:57 PM)
[2020.05.06-23.03.57:268][756]LogPlayLevel: Creating play world package: /Game/Levels/UEDPIE_0_GreyBoxLVL4
[2020.05.06-23.03.57:795][756]LogPlayLevel: PIE: StaticDuplicateObject took: (0.526650s)
[2020.05.06-23.03.57:796][756]LogAIModule: Creating AISystem for world GreyBoxLVL4
[2020.05.06-23.03.57:797][756]LogPlayLevel: PIE: World Init took: (0.001353s)
[2020.05.06-23.03.57:798][756]LogPlayLevel: PIE: Created PIE world by copying editor world from /Game/Levels/GreyBoxLVL4.GreyBoxLVL4 to /Game/Levels/UEDPIE_0_GreyBoxLVL4.GreyBoxLVL4 (0.529513s)
[2020.05.06-23.03.57:871][756]LogUObjectHash: Compacting FUObjectHashTables data took   7.01ms
[2020.05.06-23.03.58:043][756]LogInit: XAudio2 using 'Headset Earphone (2- Corsair HS70 Wireless Gaming Headset)' : 2 channels at 48 kHz using 16 bits per sample (channel mask 0x3)
[2020.05.06-23.03.58:069][756]LogInit: FAudioDevice initialized.
[2020.05.06-23.03.58:144][756]LogLoad: Game class is 'FirstPersonGameMode_C'
[2020.05.06-23.03.58:471][756]LogWorld: Bringing World /Game/Levels/UEDPIE_0_GreyBoxLVL4.GreyBoxLVL4 up for play (max tick rate 0) at 2020.05.06-19.03.58
[2020.05.06-23.03.58:594][756]LogWorld: Bringing up level for play took: 0.449198
[2020.05.06-23.03.58:615][756]LogBlueprintActionDatabase: Requesting refresh due to module change: Voice (loaded)
[2020.05.06-23.03.58:619][756]LogBlueprintActionDatabase: Requesting refresh due to module change: MovieSceneCapture (loaded)
[2020.05.06-23.03.58:620][756]LogContentBrowser: Native class hierarchy updated for 'MovieSceneCapture' in 0.0005 seconds. Added 20 classes and 0 folders.
[2020.05.06-23.03.58:621][756]LogScript: Warning: Script Msg: Attempted to access index 0 from array 'CallFunc_GetAllActorsOfClass_OutActors' of length 0 in '/Game/BP/Checkpoint.Checkpoint_C:ExecuteUbergraph_Checkpoint'!
[2020.05.06-23.03.58:621][756]LogScript: Warning: Script Msg: Attempted to access index 0 from array 'CallFunc_GetAllActorsOfClass_OutActors' of length 0 in '/Game/BP/Checkpoint.Checkpoint_C:ExecuteUbergraph_Checkpoint'!
[2020.05.06-23.03.58:621][756]LogScript: Warning: Script Msg: Attempted to access index 0 from array 'CallFunc_GetAllActorsOfClass_OutActors' of length 0 in '/Game/BP/OutroTrigger.OutroTrigger_C:ExecuteUbergraph_OutroTrigger'!
[2020.05.06-23.03.58:623][756]LogScript: Warning: Script Msg: Attempted to access index 0 from array 'CallFunc_GetAllActorsOfClass_OutActors' of length 0 in '/Game/Materials/FinishStopper.FinishStopper_C:ExecuteUbergraph_FinishStopper'!
[2020.05.06-23.03.58:628][756]PIE: Play in editor start time for /Game/Levels/UEDPIE_0_GreyBoxLVL4 0.414
[2020.05.06-23.03.58:630][756]LogBlueprintUserMessages: Late PlayInEditor Detection: Level '/Game/Levels/GreyBoxLVL4.GreyBoxLVL4:PersistentLevel' has LevelScriptBlueprint '/Game/Levels/GreyBoxLVL4.GreyBoxLVL4:PersistentLevel.GreyBoxLVL4' with GeneratedClass '/Game/Levels/GreyBoxLVL4.GreyBoxLVL4_C' with ClassGeneratedBy '/Game/Levels/GreyBoxLVL4.GreyBoxLVL4:PersistentLevel.GreyBoxLVL4'
[2020.05.06-23.04.28:802][147]LogScript: Warning: Script Msg: A null object was passed as a world context object to UEngine::GetWorldFromContextObject().
[2020.05.06-23.04.28:821][148]LogScript: Warning: Script Msg: A null object was passed as a world context object to UEngine::GetWorldFromContextObject().
[2020.05.06-23.04.28:842][149]LogScript: Warning: Script Msg: A null object was passed as a world context object to UEngine::GetWorldFromContextObject().
[2020.05.06-23.04.28:869][150]LogScript: Warning: Script Msg: A null object was passed as a world context object to UEngine::GetWorldFromContextObject().
[2020.05.06-23.04.28:901][151]LogScript: Warning: Script Msg: A null object was passed as a world context object to UEngine::GetWorldFromContextObject().
[2020.05.06-23.04.28:925][152]LogScript: Warning: Script Msg: A null object was passed as a world context object to UEngine::GetWorldFromContextObject().
[2020.05.06-23.04.28:950][153]LogScript: Warning: Script Msg: A null object was passed as a world context object to UEngine::GetWorldFromContextObject().
[2020.05.06-23.04.28:972][154]LogScript: Warning: Script Msg: A null object was passed as a world context object to UEngine::GetWorldFromContextObject().
[2020.05.06-23.04.28:994][155]LogScript: Warning: Script Msg: A null object was passed as a world context object to UEngine::GetWorldFromContextObject().
[2020.05.06-23.04.29:021][156]LogScript: Warning: Script Msg: A null object was passed as a world context object to UEngine::GetWorldFromContextObject().
[2020.05.06-23.04.29:047][157]LogScript: Warning: Script Msg: A null object was passed as a world context object to UEngine::GetWorldFromContextObject().
[2020.05.06-23.04.29:093][158]LogScript: Warning: Script Msg: A null object was passed as a world context object to UEngine::GetWorldFromContextObject().
[2020.05.06-23.04.29:145][159]LogScript: Warning: Script Msg: A null object was passed as a world context object to UEngine::GetWorldFromContextObject().
[2020.05.06-23.04.29:175][160]LogScript: Warning: Script Msg: A null object was passed as a world context object to UEngine::GetWorldFromContextObject().
[2020.05.06-23.04.29:196][161]LogScript: Warning: Script Msg: A null object was passed as a world context object to UEngine::GetWorldFromContextObject().
[2020.05.06-23.04.29:219][162]LogScript: Warning: Script Msg: A null object was passed as a world context object to UEngine::GetWorldFromContextObject().
[2020.05.06-23.04.29:243][163]LogScript: Warning: Script Msg: A null object was passed as a world context object to UEngine::GetWorldFromContextObject().
[2020.05.06-23.04.29:270][164]LogScript: Warning: Script Msg: A null object was passed as a world context object to UEngine::GetWorldFromContextObject().
[2020.05.06-23.04.29:292][165]LogScript: Warning: Script Msg: A null object was passed as a world context object to UEngine::GetWorldFromContextObject().
[2020.05.06-23.04.29:315][166]LogScript: Warning: Script Msg: A null object was passed as a world context object to UEngine::GetWorldFromContextObject().
[2020.05.06-23.04.29:340][167]LogScript: Warning: Script Msg: A null object was passed as a world context object to UEngine::GetWorldFromContextObject().
[2020.05.06-23.04.29:360][168]LogScript: Warning: Script Msg: A null object was passed as a world context object to UEngine::GetWorldFromContextObject().
[2020.05.06-23.04.29:381][169]LogScript: Warning: Script Msg: A null object was passed as a world context object to UEngine::GetWorldFromContextObject().
[2020.05.06-23.04.29:402][170]LogScript: Warning: Script Msg: A null object was passed as a world context object to UEngine::GetWorldFromContextObject().
[2020.05.06-23.04.29:422][171]LogScript: Warning: Script Msg: A null object was passed as a world context object to UEngine::GetWorldFromContextObject().
[2020.05.06-23.04.29:446][172]LogScript: Warning: Script Msg: A null object was passed as a world context object to UEngine::GetWorldFromContextObject().
[2020.05.06-23.04.29:470][173]LogScript: Warning: Script Msg: A null object was passed as a world context object to UEngine::GetWorldFromContextObject().
[2020.05.06-23.04.29:492][174]LogScript: Warning: Script Msg: A null object was passed as a world context object to UEngine::GetWorldFromContextObject().
[2020.05.06-23.04.29:515][175]LogScript: Warning: Script Msg: A null object was passed as a world context object to UEngine::GetWorldFromContextObject().
[2020.05.06-23.04.29:535][176]LogScript: Warning: Script Msg: A null object was passed as a world context object to UEngine::GetWorldFromContextObject().
[2020.05.06-23.04.29:554][177]LogScript: Warning: Script Msg: A null object was passed as a world context object to UEngine::GetWorldFromContextObject().
[2020.05.06-23.04.29:579][178]LogScript: Warning: Script Msg: A null object was passed as a world context object to UEngine::GetWorldFromContextObject().
[2020.05.06-23.04.29:600][179]LogScript: Warning: Script Msg: A null object was passed as a world context object to UEngine::GetWorldFromContextObject().
[2020.05.06-23.04.29:619][180]LogScript: Warning: Script Msg: A null object was passed as a world context object to UEngine::GetWorldFromContextObject().
[2020.05.06-23.04.29:641][181]LogScript: Warning: Script Msg: A null object was passed as a world context object to UEngine::GetWorldFromContextObject().
[2020.05.06-23.04.29:659][182]LogScript: Warning: Script Msg: A null object was passed as a world context object to UEngine::GetWorldFromContextObject().
[2020.05.06-23.04.29:683][183]LogScript: Warning: Script Msg: A null object was passed as a world context object to UEngine::GetWorldFromContextObject().
[2020.05.06-23.04.29:708][184]LogScript: Warning: Script Msg: A null object was passed as a world context object to UEngine::GetWorldFromContextObject().
[2020.05.06-23.04.29:727][185]LogScript: Warning: Script Msg: A null object was passed as a world context object to UEngine::GetWorldFromContextObject().
[2020.05.06-23.04.29:749][186]LogScript: Warning: Script Msg: A null object was passed as a world context object to UEngine::GetWorldFromContextObject().
[2020.05.06-23.04.29:771][187]LogScript: Warning: Script Msg: A null object was passed as a world context object to UEngine::GetWorldFromContextObject().
[2020.05.06-23.04.29:791][188]LogScript: Warning: Script Msg: A null object was passed as a world context object to UEngine::GetWorldFromContextObject().
[2020.05.06-23.04.29:813][189]LogScript: Warning: Script Msg: A null object was passed as a world context object to UEngine::GetWorldFromContextObject().
[2020.05.06-23.04.29:834][190]LogScript: Warning: Script Msg: A null object was passed as a world context object to UEngine::GetWorldFromContextObject().
[2020.05.06-23.04.29:853][191]LogScript: Warning: Script Msg: A null object was passed as a world context object to UEngine::GetWorldFromContextObject().
[2020.05.06-23.04.29:876][192]LogScript: Warning: Script Msg: A null object was passed as a world context object to UEngine::GetWorldFromContextObject().
[2020.05.06-23.04.29:896][193]LogScript: Warning: Script Msg: A null object was passed as a world context object to UEngine::GetWorldFromContextObject().
[2020.05.06-23.04.29:921][194]LogScript: Warning: Script Msg: A null object was passed as a world context object to UEngine::GetWorldFromContextObject().
[2020.05.06-23.04.29:944][195]LogScript: Warning: Script Msg: A null object was passed as a world context object to UEngine::GetWorldFromContextObject().
[2020.05.06-23.04.29:965][196]LogScript: Warning: Script Msg: A null object was passed as a world context object to UEngine::GetWorldFromContextObject().
[2020.05.06-23.04.29:984][197]LogScript: Warning: Script Msg: A null object was passed as a world context object to UEngine::GetWorldFromContextObject().
[2020.05.06-23.04.30:005][198]LogScript: Warning: Script Msg: A null object was passed as a world context object to UEngine::GetWorldFromContextObject().
[2020.05.06-23.04.30:023][199]LogScript: Warning: Script Msg: A null object was passed as a world context object to UEngine::GetWorldFromContextObject().
[2020.05.06-23.04.30:043][200]LogScript: Warning: Script Msg: A null object was passed as a world context object to UEngine::GetWorldFromContextObject().
[2020.05.06-23.04.30:069][201]LogScript: Warning: Script Msg: A null object was passed as a world context object to UEngine::GetWorldFromContextObject().
[2020.05.06-23.04.30:090][202]LogScript: Warning: Script Msg: A null object was passed as a world context object to UEngine::GetWorldFromContextObject().
[2020.05.06-23.04.30:114][203]LogScript: Warning: Script Msg: A null object was passed as a world context object to UEngine::GetWorldFromContextObject().
[2020.05.06-23.04.30:139][204]LogScript: Warning: Script Msg: A null object was passed as a world context object to UEngine::GetWorldFromContextObject().
[2020.05.06-23.04.30:156][205]LogScript: Warning: Script Msg: A null object was passed as a world context object to UEngine::GetWorldFromContextObject().
[2020.05.06-23.04.30:177][206]LogScript: Warning: Script Msg: A null object was passed as a world context object to UEngine::GetWorldFromContextObject().
[2020.05.06-23.04.30:197][207]LogScript: Warning: Script Msg: A null object was passed as a world context object to UEngine::GetWorldFromContextObject().
[2020.05.06-23.04.30:220][208]LogScript: Warning: Script Msg: A null object was passed as a world context object to UEngine::GetWorldFromContextObject().
[2020.05.06-23.04.30:241][209]LogScript: Warning: Script Msg: A null object was passed as a world context object to UEngine::GetWorldFromContextObject().
[2020.05.06-23.04.30:264][210]LogScript: Warning: Script Msg: A null object was passed as a world context object to UEngine::GetWorldFromContextObject().
[2020.05.06-23.04.30:286][211]LogScript: Warning: Script Msg: A null object was passed as a world context object to UEngine::GetWorldFromContextObject().
[2020.05.06-23.04.30:308][212]LogScript: Warning: Script Msg: A null object was passed as a world context object to UEngine::GetWorldFromContextObject().
[2020.05.06-23.04.30:337][213]LogScript: Warning: Script Msg: A null object was passed as a world context object to UEngine::GetWorldFromContextObject().
[2020.05.06-23.04.30:357][214]LogScript: Warning: Script Msg: A null object was passed as a world context object to UEngine::GetWorldFromContextObject().
[2020.05.06-23.04.30:384][215]LogScript: Warning: Script Msg: A null object was passed as a world context object to UEngine::GetWorldFromContextObject().
[2020.05.06-23.04.30:414][216]LogScript: Warning: Script Msg: A null object was passed as a world context object to UEngine::GetWorldFromContextObject().
[2020.05.06-23.04.30:444][217]LogScript: Warning: Script Msg: A null object was passed as a world context object to UEngine::GetWorldFromContextObject().
[2020.05.06-23.04.30:476][218]LogScript: Warning: Script Msg: A null object was passed as a world context object to UEngine::GetWorldFromContextObject().
[2020.05.06-23.04.30:500][219]LogScript: Warning: Script Msg: A null object was passed as a world context object to UEngine::GetWorldFromContextObject().
[2020.05.06-23.04.30:524][220]LogScript: Warning: Script Msg: A null object was passed as a world context object to UEngine::GetWorldFromContextObject().
[2020.05.06-23.04.30:555][221]LogScript: Warning: Script Msg: A null object was passed as a world context object to UEngine::GetWorldFromContextObject().
[2020.05.06-23.04.30:584][222]LogScript: Warning: Script Msg: A null object was passed as a world context object to UEngine::GetWorldFromContextObject().
[2020.05.06-23.04.30:611][223]LogScript: Warning: Script Msg: A null object was passed as a world context object to UEngine::GetWorldFromContextObject().
[2020.05.06-23.04.30:637][224]LogScript: Warning: Script Msg: A null object was passed as a world context object to UEngine::GetWorldFromContextObject().
[2020.05.06-23.04.30:658][225]LogScript: Warning: Script Msg: A null object was passed as a world context object to UEngine::GetWorldFromContextObject().
[2020.05.06-23.04.30:684][226]LogScript: Warning: Script Msg: A null object was passed as a world context object to UEngine::GetWorldFromContextObject().
[2020.05.06-23.04.30:709][227]LogScript: Warning: Script Msg: A null object was passed as a world context object to UEngine::GetWorldFromContextObject().
[2020.05.06-23.04.30:734][228]LogScript: Warning: Script Msg: A null object was passed as a world context object to UEngine::GetWorldFromContextObject().
[2020.05.06-23.04.30:756][229]LogScript: Warning: Script Msg: A null object was passed as a world context object to UEngine::GetWorldFromContextObject().
[2020.05.06-23.04.30:785][230]LogScript: Warning: Script Msg: A null object was passed as a world context object to UEngine::GetWorldFromContextObject().
[2020.05.06-23.04.30:812][231]LogScript: Warning: Script Msg: A null object was passed as a world context object to UEngine::GetWorldFromContextObject().
[2020.05.06-23.04.30:834][232]LogScript: Warning: Script Msg: A null object was passed as a world context object to UEngine::GetWorldFromContextObject().
[2020.05.06-23.04.30:853][233]LogScript: Warning: Script Msg: A null object was passed as a world context object to UEngine::GetWorldFromContextObject().
[2020.05.06-23.04.30:877][234]LogScript: Warning: Script Msg: A null object was passed as a world context object to UEngine::GetWorldFromContextObject().
[2020.05.06-23.04.30:897][235]LogScript: Warning: Script Msg: A null object was passed as a world context object to UEngine::GetWorldFromContextObject().
[2020.05.06-23.04.30:919][236]LogScript: Warning: Script Msg: A null object was passed as a world context object to UEngine::GetWorldFromContextObject().
[2020.05.06-23.04.30:944][237]LogScript: Warning: Script Msg: A null object was passed as a world context object to UEngine::GetWorldFromContextObject().
[2020.05.06-23.04.30:972][238]LogScript: Warning: Script Msg: A null object was passed as a world context object to UEngine::GetWorldFromContextObject().
[2020.05.06-23.04.30:993][239]LogScript: Warning: Script Msg: A null object was passed as a world context object to UEngine::GetWorldFromContextObject().
[2020.05.06-23.04.31:018][240]LogScript: Warning: Script Msg: A null object was passed as a world context object to UEngine::GetWorldFromContextObject().
[2020.05.06-23.04.31:038][241]LogScript: Warning: Script Msg: A null object was passed as a world context object to UEngine::GetWorldFromContextObject().
[2020.05.06-23.04.31:061][242]LogScript: Warning: Script Msg: A null object was passed as a world context object to UEngine::GetWorldFromContextObject().
[2020.05.06-23.04.31:085][243]LogScript: Warning: Script Msg: A null object was passed as a world context object to UEngine::GetWorldFromContextObject().
[2020.05.06-23.04.31:107][244]LogScript: Warning: Script Msg: A null object was passed as a world context object to UEngine::GetWorldFromContextObject().
[2020.05.06-23.04.31:130][245]LogScript: Warning: Script Msg: A null object was passed as a world context object to UEngine::GetWorldFromContextObject().
[2020.05.06-23.04.31:152][246]LogScript: Warning: Script Msg: A null object was passed as a world context object to UEngine::GetWorldFromContextObject().
[2020.05.06-23.04.31:175][247]LogScript: Warning: Script Msg: A null object was passed as a world context object to UEngine::GetWorldFromContextObject().
[2020.05.06-23.04.31:201][248]LogSlate: FSceneViewport::OnFocusLost() reason 0
[2020.05.06-23.04.31:204][248]LogScript: Warning: Script Msg: A null object was passed as a world context object to UEngine::GetWorldFromContextObject().
[2020.05.06-23.04.31:222][249]LogScript: Warning: Script Msg: A null object was passed as a world context object to UEngine::GetWorldFromContextObject().
[2020.05.06-23.04.31:243][250]LogScript: Warning: Script Msg: A null object was passed as a world context object to UEngine::GetWorldFromContextObject().
[2020.05.06-23.04.31:265][251]LogScript: Warning: Script Msg: A null object was passed as a world context object to UEngine::GetWorldFromContextObject().
[2020.05.06-23.04.31:285][252]LogScript: Warning: Script Msg: A null object was passed as a world context object to UEngine::GetWorldFromContextObject().
[2020.05.06-23.04.31:308][253]LogScript: Warning: Script Msg: A null object was passed as a world context object to UEngine::GetWorldFromContextObject().
[2020.05.06-23.04.31:325][254]LogScript: Warning: Script Msg: A null object was passed as a world context object to UEngine::GetWorldFromContextObject().
[2020.05.06-23.04.31:344][255]LogScript: Warning: Script Msg: A null object was passed as a world context object to UEngine::GetWorldFromContextObject().
[2020.05.06-23.04.31:370][256]LogScript: Warning: Script Msg: A null object was passed as a world context object to UEngine::GetWorldFromContextObject().
[2020.05.06-23.04.31:391][257]LogScript: Warning: Script Msg: A null object was passed as a world context object to UEngine::GetWorldFromContextObject().
[2020.05.06-23.04.31:411][258]LogScript: Warning: Script Msg: A null object was passed as a world context object to UEngine::GetWorldFromContextObject().
[2020.05.06-23.04.31:433][259]LogScript: Warning: Script Msg: A null object was passed as a world context object to UEngine::GetWorldFromContextObject().
[2020.05.06-23.04.31:453][260]LogScript: Warning: Script Msg: A null object was passed as a world context object to UEngine::GetWorldFromContextObject().
[2020.05.06-23.04.31:475][261]LogScript: Warning: Script Msg: A null object was passed as a world context object to UEngine::GetWorldFromContextObject().
[2020.05.06-23.04.31:505][262]LogScript: Warning: Script Msg: A null object was passed as a world context object to UEngine::GetWorldFromContextObject().
[2020.05.06-23.04.31:525][263]LogScript: Warning: Script Msg: A null object was passed as a world context object to UEngine::GetWorldFromContextObject().
[2020.05.06-23.04.31:546][264]LogScript: Warning: Script Msg: A null object was passed as a world context object to UEngine::GetWorldFromContextObject().
[2020.05.06-23.04.31:571][265]LogScript: Warning: Script Msg: A null object was passed as a world context object to UEngine::GetWorldFromContextObject().
[2020.05.06-23.04.31:595][266]LogScript: Warning: Script Msg: A null object was passed as a world context object to UEngine::GetWorldFromContextObject().
[2020.05.06-23.04.31:618][267]LogScript: Warning: Script Msg: A null object was passed as a world context object to UEngine::GetWorldFromContextObject().
[2020.05.06-23.04.31:642][268]LogScript: Warning: Script Msg: A null object was passed as a world context object to UEngine::GetWorldFromContextObject().
[2020.05.06-23.04.31:660][269]LogScript: Warning: Script Msg: A null object was passed as a world context object to UEngine::GetWorldFromContextObject().
[2020.05.06-23.04.31:684][270]LogScript: Warning: Script Msg: A null object was passed as a world context object to UEngine::GetWorldFromContextObject().
[2020.05.06-23.04.31:714][271]LogScript: Warning: Script Msg: A null object was passed as a world context object to UEngine::GetWorldFromContextObject().
[2020.05.06-23.04.31:741][272]LogScript: Warning: Script Msg: A null object was passed as a world context object to UEngine::GetWorldFromContextObject().
[2020.05.06-23.04.31:769][273]LogScript: Warning: Script Msg: A null object was passed as a world context object to UEngine::GetWorldFromContextObject().
[2020.05.06-23.04.31:805][274]LogScript: Warning: Script Msg: A null object was passed as a world context object to UEngine::GetWorldFromContextObject().
[2020.05.06-23.04.31:831][275]LogScript: Warning: Script Msg: A null object was passed as a world context object to UEngine::GetWorldFromContextObject().
[2020.05.06-23.04.31:854][276]LogScript: Warning: Script Msg: A null object was passed as a world context object to UEngine::GetWorldFromContextObject().
[2020.05.06-23.04.31:885][277]LogScript: Warning: Script Msg: A null object was passed as a world context object to UEngine::GetWorldFromContextObject().
[2020.05.06-23.04.31:909][278]LogScript: Warning: Script Msg: A null object was passed as a world context object to UEngine::GetWorldFromContextObject().
[2020.05.06-23.04.31:933][279]LogScript: Warning: Script Msg: A null object was passed as a world context object to UEngine::GetWorldFromContextObject().
[2020.05.06-23.04.31:959][280]LogScript: Warning: Script Msg: A null object was passed as a world context object to UEngine::GetWorldFromContextObject().
[2020.05.06-23.04.31:992][281]LogScript: Warning: Script Msg: A null object was passed as a world context object to UEngine::GetWorldFromContextObject().
[2020.05.06-23.04.32:019][282]LogScript: Warning: Script Msg: A null object was passed as a world context object to UEngine::GetWorldFromContextObject().
[2020.05.06-23.04.32:047][283]LogScript: Warning: Script Msg: A null object was passed as a world context object to UEngine::GetWorldFromContextObject().
[2020.05.06-23.04.32:076][284]LogScript: Warning: Script Msg: A null object was passed as a world context object to UEngine::GetWorldFromContextObject().
[2020.05.06-23.04.32:105][285]LogScript: Warning: Script Msg: A null object was passed as a world context object to UEngine::GetWorldFromContextObject().
[2020.05.06-23.04.32:127][286]LogScript: Warning: Script Msg: A null object was passed as a world context object to UEngine::GetWorldFromContextObject().
[2020.05.06-23.04.32:149][287]LogScript: Warning: Script Msg: A null object was passed as a world context object to UEngine::GetWorldFromContextObject().
[2020.05.06-23.04.32:177][288]LogScript: Warning: Script Msg: A null object was passed as a world context object to UEngine::GetWorldFromContextObject().
[2020.05.06-23.04.32:198][289]LogScript: Warning: Script Msg: A null object was passed as a world context object to UEngine::GetWorldFromContextObject().
[2020.05.06-23.04.32:223][290]LogScript: Warning: Script Msg: A null object was passed as a world context object to UEngine::GetWorldFromContextObject().
[2020.05.06-23.04.32:250][291]LogScript: Warning: Script Msg: A null object was passed as a world context object to UEngine::GetWorldFromContextObject().
[2020.05.06-23.04.32:272][292]LogScript: Warning: Script Msg: A null object was passed as a world context object to UEngine::GetWorldFromContextObject().
[2020.05.06-23.04.32:293][293]LogScript: Warning: Script Msg: A null object was passed as a world context object to UEngine::GetWorldFromContextObject().
[2020.05.06-23.04.32:316][294]LogScript: Warning: Script Msg: A null object was passed as a world context object to UEngine::GetWorldFromContextObject().
[2020.05.06-23.04.32:338][295]LogScript: Warning: Script Msg: A null object was passed as a world context object to UEngine::GetWorldFromContextObject().
[2020.05.06-23.04.32:356][296]LogScript: Warning: Script Msg: A null object was passed as a world context object to UEngine::GetWorldFromContextObject().
[2020.05.06-23.04.32:378][297]LogScript: Warning: Script Msg: A null object was passed as a world context object to UEngine::GetWorldFromContextObject().
[2020.05.06-23.04.32:396][298]LogScript: Warning: Script Msg: A null object was passed as a world context object to UEngine::GetWorldFromContextObject().
[2020.05.06-23.04.32:419][299]LogScript: Warning: Script Msg: A null object was passed as a world context object to UEngine::GetWorldFromContextObject().
[2020.05.06-23.04.32:446][300]LogScript: Warning: Script Msg: A null object was passed as a world context object to UEngine::GetWorldFromContextObject().
[2020.05.06-23.04.32:474][301]LogScript: Warning: Script Msg: A null object was passed as a world context object to UEngine::GetWorldFromContextObject().
[2020.05.06-23.04.32:495][302]LogScript: Warning: Script Msg: A null object was passed as a world context object to UEngine::GetWorldFromContextObject().
[2020.05.06-23.04.32:516][303]LogScript: Warning: Script Msg: A null object was passed as a world context object to UEngine::GetWorldFromContextObject().
[2020.05.06-23.04.32:537][304]LogScript: Warning: Script Msg: A null object was passed as a world context object to UEngine::GetWorldFromContextObject().
[2020.05.06-23.04.32:556][305]LogScript: Warning: Script Msg: A null object was passed as a world context object to UEngine::GetWorldFromContextObject().
[2020.05.06-23.04.32:580][306]LogScript: Warning: Script Msg: A null object was passed as a world context object to UEngine::GetWorldFromContextObject().
[2020.05.06-23.04.32:600][307]LogScript: Warning: Script Msg: A null object was passed as a world context object to UEngine::GetWorldFromContextObject().
[2020.05.06-23.04.32:619][308]LogScript: Warning: Script Msg: A null object was passed as a world context object to UEngine::GetWorldFromContextObject().
[2020.05.06-23.04.32:644][309]LogScript: Warning: Script Msg: A null object was passed as a world context object to UEngine::GetWorldFromContextObject().
[2020.05.06-23.04.32:669][310]LogScript: Warning: Script Msg: A null object was passed as a world context object to UEngine::GetWorldFromContextObject().
[2020.05.06-23.04.32:688][311]LogScript: Warning: Script Msg: A null object was passed as a world context object to UEngine::GetWorldFromContextObject().
[2020.05.06-23.04.32:714][312]LogScript: Warning: Script Msg: A null object was passed as a world context object to UEngine::GetWorldFromContextObject().
[2020.05.06-23.04.32:734][313]LogScript: Warning: Script Msg: A null object was passed as a world context object to UEngine::GetWorldFromContextObject().
[2020.05.06-23.04.32:752][314]LogScript: Warning: Script Msg: A null object was passed as a world context object to UEngine::GetWorldFromContextObject().
[2020.05.06-23.04.32:775][315]LogScript: Warning: Script Msg: A null object was passed as a world context object to UEngine::GetWorldFromContextObject().
[2020.05.06-23.04.32:795][316]LogScript: Warning: Script Msg: A null object was passed as a world context object to UEngine::GetWorldFromContextObject().
[2020.05.06-23.04.32:817][317]LogScript: Warning: Script Msg: A null object was passed as a world context object to UEngine::GetWorldFromContextObject().
[2020.05.06-23.04.32:840][318]LogScript: Warning: Script Msg: A null object was passed as a world context object to UEngine::GetWorldFromContextObject().
[2020.05.06-23.04.32:860][319]LogScript: Warning: Script Msg: A null object was passed as a world context object to UEngine::GetWorldFromContextObject().
[2020.05.06-23.04.32:888][320]LogScript: Warning: Script Msg: A null object was passed as a world context object to UEngine::GetWorldFromContextObject().
[2020.05.06-23.04.33:232][321]LogScript: Warning: Script Msg: A null object was passed as a world context object to UEngine::GetWorldFromContextObject().
[2020.05.06-23.04.33:564][322]LogScript: Warning: Script Msg: A null object was passed as a world context object to UEngine::GetWorldFromContextObject().
[2020.05.06-23.04.33:903][323]LogScript: Warning: Script Msg: A null object was passed as a world context object to UEngine::GetWorldFromContextObject().
[2020.05.06-23.04.34:235][324]LogScript: Warning: Script Msg: A null object was passed as a world context object to UEngine::GetWorldFromContextObject().
[2020.05.06-23.04.34:571][325]LogScript: Warning: Script Msg: A null object was passed as a world context object to UEngine::GetWorldFromContextObject().
[2020.05.06-23.04.34:908][326]LogScript: Warning: Script Msg: A null object was passed as a world context object to UEngine::GetWorldFromContextObject().
