Log file open, 02/20/20 22:54:50
LogWindows: Failed to load 'aqProf.dll' (GetLastError=126)
LogWindows: File 'aqProf.dll' does not exist
LogWindows: Failed to load 'VtuneApi.dll' (GetLastError=126)
LogWindows: File 'VtuneApi.dll' does not exist
LogWindows: Failed to load 'VtuneApi32e.dll' (GetLastError=126)
LogWindows: File 'VtuneApi32e.dll' does not exist
LogConsoleResponse: Display: Failed to find resolution value strings in scalability ini. Falling back to default.
LogInit: Display: Running engine for game: SeniorProject
LogPakFile: Registered encryption key '00000000000000000000000000000000': 0 pak files mounted, 0 remain pending
LogPlatformFile: Not using cached read wrapper
LogTaskGraph: Started task graph with 5 named threads and 23 total threads with 3 sets of task threads.
LogStats: Stats thread started at 0.281665
LogD3D11RHI: Loaded GFSDK_Aftermath_Lib.x64.dll
LogICUInternationalization: ICU TimeZone Detection - Raw Offset: -5:00, Platform Override: ''
LogPluginManager: Mounting plugin Paper2D
LogPluginManager: Mounting plugin AISupport
LogPluginManager: Mounting plugin LightPropagationVolume
LogPluginManager: Mounting plugin ActorLayerUtilities
LogPluginManager: Mounting plugin AnimationSharing
LogPluginManager: Mounting plugin CLionSourceCodeAccess
LogPluginManager: Mounting plugin CodeLiteSourceCodeAccess
LogPluginManager: Mounting plugin GitSourceControl
LogPluginManager: Mounting plugin KDevelopSourceCodeAccess
LogPluginManager: Mounting plugin NullSourceCodeAccess
LogPluginManager: Mounting plugin PerforceSourceControl
LogPluginManager: Mounting plugin SubversionSourceControl
LogPluginManager: Mounting plugin UObjectPlugin
LogPluginManager: Mounting plugin VisualStudioCodeSourceCodeAccess
LogPluginManager: Mounting plugin VisualStudioSourceCodeAccess
LogPluginManager: Mounting plugin XCodeSourceCodeAccess
LogPluginManager: Mounting plugin AssetManagerEditor
LogPluginManager: Mounting plugin CryptoKeys
LogPluginManager: Mounting plugin DataValidation
LogPluginManager: Mounting plugin EditorScriptingUtilities
LogPluginManager: Mounting plugin FacialAnimation
LogPluginManager: Mounting plugin GameplayTagsEditor
LogPluginManager: Mounting plugin GLTFImporter
LogPluginManager: Mounting plugin MacGraphicsSwitching
LogPluginManager: Mounting plugin MaterialAnalyzer
LogPluginManager: Mounting plugin MeshEditor
LogPluginManager: Mounting plugin MobileLauncherProfileWizard
LogPluginManager: Mounting plugin PluginBrowser
LogPluginManager: Mounting plugin SpeedTreeImporter
LogPluginManager: Mounting plugin DatasmithContent
LogPluginManager: Mounting plugin VariantManagerContent
LogPluginManager: Mounting plugin AlembicImporter
LogPluginManager: Mounting plugin AppleImageUtils
LogPluginManager: Mounting plugin AppleVision
LogPluginManager: Mounting plugin BackChannel
LogPluginManager: Mounting plugin BlastPlugin
LogPluginManager: Mounting plugin ChaosSolverPlugin
LogPluginManager: Mounting plugin CharacterAI
LogPluginManager: Mounting plugin GeometryCache
LogPluginManager: Mounting plugin GeometryCollectionPlugin
LogPluginManager: Mounting plugin HTML5Networking
LogPluginManager: Mounting plugin ProxyLODPlugin
LogPluginManager: Mounting plugin SkeletalReduction
LogPluginManager: Mounting plugin MagicLeap
LogPluginManager: Mounting plugin MagicLeapMedia
LogPluginManager: Mounting plugin AndroidMedia
LogPluginManager: Mounting plugin AvfMedia
LogPluginManager: Mounting plugin ImgMedia
LogPluginManager: Mounting plugin LinearTimecode
LogPluginManager: Mounting plugin MediaCompositing
LogPluginManager: Mounting plugin MediaPlayerEditor
LogPluginManager: Mounting plugin WebMMedia
LogPluginManager: Mounting plugin WmfMedia
LogPluginManager: Mounting plugin TcpMessaging
LogPluginManager: Mounting plugin UdpMessaging
LogPluginManager: Mounting plugin ActorSequence
LogPluginManager: Mounting plugin LevelSequenceEditor
LogPluginManager: Mounting plugin MatineeToLevelSequence
LogPluginManager: Mounting plugin NetcodeUnitTest
LogPluginManager: Mounting plugin NUTUnrealEngine4
LogPluginManager: Mounting plugin OnlineSubsystemGooglePlay
LogPluginManager: Mounting plugin OnlineSubsystemIOS
LogPluginManager: Mounting plugin OnlineSubsystem
LogPluginManager: Mounting plugin OnlineSubsystemNull
LogPluginManager: Mounting plugin OnlineSubsystemUtils
LogPluginManager: Mounting plugin LauncherChunkInstaller
LogPluginManager: Mounting plugin AndroidDeviceProfileSelector
LogPluginManager: Mounting plugin AndroidMoviePlayer
LogPluginManager: Mounting plugin AndroidPermission
LogPluginManager: Mounting plugin AppleMoviePlayer
LogPluginManager: Mounting plugin ArchVisCharacter
LogPluginManager: Mounting plugin AudioCapture
LogPluginManager: Mounting plugin CableComponent
LogPluginManager: Mounting plugin CustomMeshComponent
LogPluginManager: Mounting plugin EditableMesh
LogPluginManager: Mounting plugin ExampleDeviceProfileSelector
LogPluginManager: Mounting plugin Firebase
LogPluginManager: Mounting plugin GoogleCloudMessaging
LogPluginManager: Mounting plugin IOSDeviceProfileSelector
LogPluginManager: Mounting plugin LinuxDeviceProfileSelector
LogPluginManager: Mounting plugin LocationServicesBPLibrary
LogPluginManager: Mounting plugin MobilePatchingUtils
LogPluginManager: Mounting plugin OculusVR
LogPluginManager: Mounting plugin PhysXVehicles
LogPluginManager: Mounting plugin ProceduralMeshComponent
LogPluginManager: Mounting plugin RuntimePhysXCooking
LogPluginManager: Mounting plugin SignificanceManager
LogPluginManager: Mounting plugin SteamVR
LogPluginManager: Mounting plugin WebMMoviePlayer
LogPluginManager: Mounting plugin WindowsMoviePlayer
LogPluginManager: Mounting plugin DatasmithCADImporter
LogPluginManager: Mounting plugin DatasmithDataPrepEditor
LogPluginManager: Mounting plugin DatasmithFBXImporter
LogPluginManager: Mounting plugin DatasmithGLTFImporter
LogPluginManager: Mounting plugin DatasmithImporter
LogPluginManager: Mounting plugin MDLImporter
LogPluginManager: Mounting plugin StaticMeshEditorExtension
LogPluginManager: Mounting plugin VariantManager
LogInit: Warning: Incompatible or missing module: SeniorProject
Running C:/Program Files/Epic Games/UE_4.22/Engine/Binaries/DotNET/UnrealBuildTool.exe Development Win64 -Project="E:/SeniorProject/PollutionProject/SeniorProject/SeniorProject.uproject" -TargetType=Editor -Progress -NoHotReloadFromIDE
Using 'git status' to determine working set for adaptive non-unity build (E:\SeniorProject\PollutionProject).
Creating makefile for SeniorProjectEditor (no existing makefile)
@progress push 5%
Parsing headers for SeniorProjectEditor
  Running UnrealHeaderTool "E:\SeniorProject\PollutionProject\SeniorProject\SeniorProject.uproject" "E:\SeniorProject\PollutionProject\SeniorProject\Intermediate\Build\Win64\SeniorProjectEditor\Development\SeniorProjectEditor.uhtmanifest" -LogCmds="loginit warning, logexit warning, logdatabase error" -Unattended -WarningsAsErrors -installed
Reflection code generated for SeniorProjectEditor in 36.5634992 seconds
@progress pop
Using Visual Studio 2019 14.24.28314 toolchain (E:\VisualStudios\VC\Tools\MSVC\14.24.28314) and Windows 10.0.17763.0 SDK (C:\Program Files (x86)\Windows Kits\10).
Building 33 actions with 8 processes...
  @progress 'Compiling C++ source code...' 0%
  @progress 'Compiling C++ source code...' 3%
  [1/33] Default.rc2
  @progress 'Compiling C++ source code...' 6%
  [2/33] SharedPCH.Engine.cpp
  @progress 'Compiling C++ source code...' 9%
  [3/33] SeniorProject.cpp
  @progress 'Compiling C++ source code...' 12%
  [4/33] MyGameInstance.cpp
  @progress 'Compiling C++ source code...' 15%
  [5/33] Movement.cpp
  @progress 'Compiling C++ source code...' 18%
  [6/33] InteractableObjects.cpp
  @progress 'Compiling C++ source code...' 21%
  [7/33] GameObjectInformation.cpp
  @progress 'Compiling C++ source code...' 24%
  [8/33] UnrealInfo.cpp
  @progress 'Compiling C++ source code...' 27%
  [9/33] DialougeSystemStruct.cpp
  @progress 'Compiling C++ source code...' 30%
  [10/33] DialogueSystemStruct.cpp
  @progress 'Compiling C++ source code...' 33%
  [11/33] MyLocalPlayer.cpp
  @progress 'Compiling C++ source code...' 36%
  [12/33] DoYouCopySystem.cpp
  E:\SeniorProject\PollutionProject\SeniorProject\Source\SeniorProject\DoYouCopySystem.cpp(72): warning C4458: declaration of 'audio' hides class member
  E:\SeniorProject\PollutionProject\SeniorProject\Source\SeniorProject\DoYouCopySystem.h(60): note: see declaration of 'ADoYouCopySystem::audio'
  E:\SeniorProject\PollutionProject\SeniorProject\Source\SeniorProject\DoYouCopySystem.cpp(171): warning C4458: declaration of 'audio' hides class member
  E:\SeniorProject\PollutionProject\SeniorProject\Source\SeniorProject\DoYouCopySystem.h(60): note: see declaration of 'ADoYouCopySystem::audio'
  E:\SeniorProject\PollutionProject\SeniorProject\Source\SeniorProject\DoYouCopySystem.cpp(179): warning C4458: declaration of 'audio' hides class member
  E:\SeniorProject\PollutionProject\SeniorProject\Source\SeniorProject\DoYouCopySystem.h(60): note: see declaration of 'ADoYouCopySystem::audio'
  E:\SeniorProject\PollutionProject\SeniorProject\Source\SeniorProject\DoYouCopySystem.cpp(188): warning C4458: declaration of 'audio' hides class member
  E:\SeniorProject\PollutionProject\SeniorProject\Source\SeniorProject\DoYouCopySystem.h(60): note: see declaration of 'ADoYouCopySystem::audio'
  E:\SeniorProject\PollutionProject\SeniorProject\Source\SeniorProject\DoYouCopySystem.cpp(60) : warning C4701: potentially uninitialized local variable 'close' used
  @progress 'Compiling C++ source code...' 39%
  [13/33] UnrealInformation.cpp
  @progress 'Compiling C++ source code...' 42%
  [14/33] AudioInformationStruct.cpp
  @progress 'Compiling C++ source code...' 45%
  [15/33] SeniorProjectGameModeBase.cpp
  @progress 'Compiling C++ source code...' 48%
  [16/33] SeniorProject.init.gen.cpp
  @progress 'Compiling C++ source code...' 52%
  [17/33] MyLocalPlayer.gen.cpp
  @progress 'Compiling C++ source code...' 55%
  [18/33] SeniorProjectGameModeBase.gen.cpp
  @progress 'Compiling C++ source code...' 58%
  [19/33] MyGameInstance.gen.cpp
  @progress 'Compiling C++ source code...' 61%
  [20/33] Movement.gen.cpp
  @progress 'Compiling C++ source code...' 64%
  [21/33] AudioInformationStruct.gen.cpp
  @progress 'Compiling C++ source code...' 67%
  [22/33] InteractableObjects.gen.cpp
  @progress 'Compiling C++ source code...' 70%
  [23/33] DialougeSystemStruct.gen.cpp
  @progress 'Compiling C++ source code...' 73%
  [24/33] ButtonInfo.gen.cpp
  @progress 'Compiling C++ source code...' 76%
  [25/33] GameObjectInformation.gen.cpp
  @progress 'Compiling C++ source code...' 79%
  [26/33] ButtonInfo.cpp
  @progress 'Compiling C++ source code...' 82%
  [27/33] DoYouCopySystem.gen.cpp
  @progress 'Compiling C++ source code...' 85%
  [28/33] DialogueSystemStruct.gen.cpp
  @progress 'Compiling C++ source code...' 88%
  [29/33] FirstPersonCharacter.cpp
  E:\SeniorProject\PollutionProject\SeniorProject\Source\SeniorProject\Private\FirstPersonCharacter.cpp(251): warning C4456: declaration of 'i' hides previous local declaration
  E:\SeniorProject\PollutionProject\SeniorProject\Source\SeniorProject\Private\FirstPersonCharacter.cpp(240): note: see declaration of 'i'
  E:\SeniorProject\PollutionProject\SeniorProject\Source\SeniorProject\Private\FirstPersonCharacter.cpp(286): warning C4996: 'AActor::DetachRootComponentFromParent': Use DetachFromActor() instead Please update your code to the new API before upgrading to the next release, otherwise your project will no longer compile.
  C:\Program Files\Epic Games\UE_4.22\Engine\Source\Runtime\Engine\Classes\GameFramework/Actor.h(1209): note: see declaration of 'AActor::DetachRootComponentFromParent'
  E:\SeniorProject\PollutionProject\SeniorProject\Source\SeniorProject\Private\FirstPersonCharacter.cpp(298): warning C4996: 'AActor::DetachRootComponentFromParent': Use DetachFromActor() instead Please update your code to the new API before upgrading to the next release, otherwise your project will no longer compile.
  C:\Program Files\Epic Games\UE_4.22\Engine\Source\Runtime\Engine\Classes\GameFramework/Actor.h(1209): note: see declaration of 'AActor::DetachRootComponentFromParent'
  @progress 'Compiling C++ source code...' 91%
  [30/33] FirstPersonCharacter.gen.cpp
  @progress 'Compiling C++ source code...' 94%
  [31/33] UE4Editor-SeniorProject.lib
     Creating library E:\SeniorProject\PollutionProject\SeniorProject\Intermediate\Build\Win64\UE4Editor\Development\SeniorProject\UE4Editor-SeniorProject.lib and object E:\SeniorProject\PollutionProject\SeniorProject\Intermediate\Build\Win64\UE4Editor\Development\SeniorProject\UE4Editor-SeniorProject.exp
  @progress 'Compiling C++ source code...' 97%
  [32/33] UE4Editor-SeniorProject.dll
     Creating library E:\SeniorProject\PollutionProject\SeniorProject\Intermediate\Build\Win64\UE4Editor\Development\SeniorProject\UE4Editor-SeniorProject.suppressed.lib and object E:\SeniorProject\PollutionProject\SeniorProject\Intermediate\Build\Win64\UE4Editor\Development\SeniorProject\UE4Editor-SeniorProject.suppressed.exp
  @progress 'Compiling C++ source code...' 100%
  [33/33] SeniorProjectEditor.target
Total time in Parallel executor: 35.50 seconds
Total execution time: 74.04 seconds
LogInit: Using libcurl 7.55.1-DEV
LogInit:  - built for x86_64-pc-win32
LogInit:  - supports SSL with OpenSSL/1.1.1
LogInit:  - supports HTTP deflate (compression) using libz 1.2.8
LogInit:  - other features:
LogInit:      CURL_VERSION_SSL
LogInit:      CURL_VERSION_LIBZ
LogInit:      CURL_VERSION_IPV6
LogInit:      CURL_VERSION_ASYNCHDNS
LogInit:      CURL_VERSION_LARGEFILE
LogInit:      CURL_VERSION_IDN
LogInit:  CurlRequestOptions (configurable via config and command line):
LogInit:  - bVerifyPeer = true  - Libcurl will verify peer certificate
LogInit:  - bUseHttpProxy = false  - Libcurl will NOT use HTTP proxy
LogInit:  - bDontReuseConnections = false  - Libcurl will reuse connections
LogInit:  - MaxHostConnections = 16  - Libcurl will limit the number of connections to a host
LogInit:  - LocalHostAddr = Default
LogInit:  - BufferSize = 65536
LogInit: WinSock: version 1.1 (2.2), MaxSocks=32767, MaxUdp=65467
LogHMD: Failed initializing OVRPlugin 1.32.0
LogInit: Build: ++UE4+Release-4.22-CL-7053642
LogInit: Engine Version: 4.22.3-7053642+++UE4+Release-4.22
LogInit: Compatible Engine Version: 4.22.0-5660361+++UE4+Release-4.22
LogInit: Net CL: 5660361
LogInit: OS: Windows 10 (Release 1903) (), CPU: Intel(R) Core(TM) i7-6700K CPU @ 4.00GHz, GPU: NVIDIA GeForce RTX 2080
LogInit: Compiled (64-bit): Jun 18 2019 03:09:11
LogInit: Compiled with Visual C++: 19.16.27025.01
LogInit: Build Configuration: Development
LogInit: Branch Name: ++UE4+Release-4.22
LogInit: Command Line: 
LogInit: Base Directory: C:/Program Files/Epic Games/UE_4.22/Engine/Binaries/Win64/
LogInit: Installed Engine Build: 1
LogDevObjectVersion: Number of dev versions registered: 23
LogDevObjectVersion:   Dev-Blueprints (B0D832E4-1F89-4F0D-ACCF-7EB736FD4AA2): 10
LogDevObjectVersion:   Dev-Build (E1C64328-A22C-4D53-A36C-8E866417BD8C): 0
LogDevObjectVersion:   Dev-Core (375EC13C-06E4-48FB-B500-84F0262A717E): 3
LogDevObjectVersion:   Dev-Editor (E4B068ED-F494-42E9-A231-DA0B2E46BB41): 30
LogDevObjectVersion:   Dev-Framework (CFFC743F-43B0-4480-9391-14DF171D2073): 35
LogDevObjectVersion:   Dev-Mobile (B02B49B5-BB20-44E9-A304-32B752E40360): 2
LogDevObjectVersion:   Dev-Networking (A4E4105C-59A1-49B5-A7C5-40C4547EDFEE): 0
LogDevObjectVersion:   Dev-Online (39C831C9-5AE6-47DC-9A44-9C173E1C8E7C): 0
LogDevObjectVersion:   Dev-Physics (78F01B33-EBEA-4F98-B9B4-84EACCB95AA2): 0
LogDevObjectVersion:   Dev-Platform (6631380F-2D4D-43E0-8009-CF276956A95A): 0
LogDevObjectVersion:   Dev-Rendering (12F88B9F-8875-4AFC-A67C-D90C383ABD29): 28
LogDevObjectVersion:   Dev-Sequencer (7B5AE74C-D270-4C10-A958-57980B212A5A): 11
LogDevObjectVersion:   Dev-VR (D7296918-1DD6-4BDD-9DE2-64A83CC13884): 2
LogDevObjectVersion:   Dev-LoadTimes (C2A15278-BFE7-4AFE-6C17-90FF531DF755): 1
LogDevObjectVersion:   Private-Geometry (6EACA3D4-40EC-4CC1-B786-8BED09428FC5): 3
LogDevObjectVersion:   Dev-AnimPhys (29E575DD-E0A3-4627-9D10-D276232CDCEA): 17
LogDevObjectVersion:   Dev-Anim (AF43A65D-7FD3-4947-9873-3E8ED9C1BB05): 2
LogDevObjectVersion:   Dev-ReflectionCapture (6B266CEC-1EC7-4B8F-A30B-E4D90942FC07): 1
LogDevObjectVersion:   Dev-Automation (0DF73D61-A23F-47EA-B727-89E90C41499A): 1
LogDevObjectVersion:   FortniteMain (601D1886-AC64-4F84-AA16-D3DE0DEAC7D6): 25
LogDevObjectVersion:   Dev-Enterprise (9DFFBCD6-494F-0158-E221-12823C92A888): 6
LogDevObjectVersion:   Dev-Niagara (F2AED0AC-9AFE-416F-8664-AA7FFA26D6FC): 1
LogDevObjectVersion:   Dev-Destruction (174F1F0B-B4C6-45A5-B13F-2EE8D0FB917D): 2
LogInit: Presizing for max 16777216 objects, including 0 objects not considered by GC, pre-allocating 0 bytes for permanent pool.
LogInit: Object subsystem initialized
LogConfig: Setting CVar [[con.DebugEarlyDefault:1]]
LogConfig: Setting CVar [[r.setres:1280x720]]
[2020.02.21-03.56.29:044][  0]LogConfig: Setting CVar [[r.VSync:0]]
[2020.02.21-03.56.29:044][  0]LogConfig: Setting CVar [[r.RHICmdBypass:0]]
[2020.02.21-03.56.29:044][  0]LogConfig: Applying CVar settings from Section [/Script/Engine.RendererSettings] File [E:/SeniorProject/PollutionProject/SeniorProject/Saved/Config/Windows/Engine.ini]
[2020.02.21-03.56.29:044][  0]LogConfig: Setting CVar [[r.GPUCrashDebugging:0]]
[2020.02.21-03.56.29:044][  0]LogConfig: Setting CVar [[r.DefaultFeature.AutoExposure.ExtendDefaultLuminanceRange:1]]
[2020.02.21-03.56.29:044][  0]LogConfig: Setting CVar [[r.GenerateMeshDistanceFields:1]]
[2020.02.21-03.56.29:044][  0]LogConfig: Applying CVar settings from Section [/Script/Engine.RendererOverrideSettings] File [E:/SeniorProject/PollutionProject/SeniorProject/Saved/Config/Windows/Engine.ini]
[2020.02.21-03.56.29:044][  0]LogConfig: Applying CVar settings from Section [/Script/Engine.StreamingSettings] File [E:/SeniorProject/PollutionProject/SeniorProject/Saved/Config/Windows/Engine.ini]
[2020.02.21-03.56.29:044][  0]LogConfig: Setting CVar [[s.MinBulkDataSizeForAsyncLoading:131072]]
[2020.02.21-03.56.29:044][  0]LogConfig: Setting CVar [[s.AsyncLoadingThreadEnabled:0]]
[2020.02.21-03.56.29:044][  0]LogConfig: Setting CVar [[s.EventDrivenLoaderEnabled:1]]
[2020.02.21-03.56.29:045][  0]LogConfig: Setting CVar [[s.WarnIfTimeLimitExceeded:0]]
[2020.02.21-03.56.29:045][  0]LogConfig: Setting CVar [[s.TimeLimitExceededMultiplier:1.5]]
[2020.02.21-03.56.29:045][  0]LogConfig: Setting CVar [[s.TimeLimitExceededMinTime:0.005]]
[2020.02.21-03.56.29:045][  0]LogConfig: Setting CVar [[s.UseBackgroundLevelStreaming:1]]
[2020.02.21-03.56.29:045][  0]LogConfig: Setting CVar [[s.PriorityAsyncLoadingExtraTime:15.0]]
[2020.02.21-03.56.29:045][  0]LogConfig: Setting CVar [[s.LevelStreamingActorsUpdateTimeLimit:5.0]]
[2020.02.21-03.56.29:045][  0]LogConfig: Setting CVar [[s.PriorityLevelStreamingActorsUpdateExtraTime:5.0]]
[2020.02.21-03.56.29:045][  0]LogConfig: Setting CVar [[s.LevelStreamingComponentsRegistrationGranularity:10]]
[2020.02.21-03.56.29:045][  0]LogConfig: Setting CVar [[s.UnregisterComponentsTimeLimit:1.0]]
[2020.02.21-03.56.29:045][  0]LogConfig: Setting CVar [[s.LevelStreamingComponentsUnregistrationGranularity:5]]
[2020.02.21-03.56.29:045][  0]LogConfig: Applying CVar settings from Section [/Script/Engine.GarbageCollectionSettings] File [E:/SeniorProject/PollutionProject/SeniorProject/Saved/Config/Windows/Engine.ini]
[2020.02.21-03.56.29:045][  0]LogConfig: Setting CVar [[gc.MaxObjectsNotConsideredByGC:1]]
[2020.02.21-03.56.29:045][  0]LogConfig: Setting CVar [[gc.SizeOfPermanentObjectPool:0]]
[2020.02.21-03.56.29:045][  0]LogConfig: Setting CVar [[gc.FlushStreamingOnGC:0]]
[2020.02.21-03.56.29:045][  0]LogConfig: Setting CVar [[gc.NumRetriesBeforeForcingGC:10]]
[2020.02.21-03.56.29:045][  0]LogConfig: Setting CVar [[gc.AllowParallelGC:1]]
[2020.02.21-03.56.29:045][  0]LogConfig: Setting CVar [[gc.TimeBetweenPurgingPendingKillObjects:61.1]]
[2020.02.21-03.56.29:045][  0]LogConfig: Setting CVar [[gc.MaxObjectsInEditor:16777216]]
[2020.02.21-03.56.29:045][  0]LogConfig: Setting CVar [[gc.IncrementalBeginDestroyEnabled:1]]
[2020.02.21-03.56.29:045][  0]LogConfig: Setting CVar [[gc.CreateGCClusters:1]]
[2020.02.21-03.56.29:045][  0]LogConfig: Setting CVar [[gc.MinGCClusterSize:5]]
[2020.02.21-03.56.29:045][  0]LogConfig: Setting CVar [[gc.ActorClusteringEnabled:0]]
[2020.02.21-03.56.29:045][  0]LogConfig: Setting CVar [[gc.BlueprintClusteringEnabled:0]]
[2020.02.21-03.56.29:045][  0]LogConfig: Setting CVar [[gc.UseDisregardForGCOnDedicatedServers:0]]
[2020.02.21-03.56.29:045][  0]LogConfig: Applying CVar settings from Section [/Script/Engine.NetworkSettings] File [E:/SeniorProject/PollutionProject/SeniorProject/Saved/Config/Windows/Engine.ini]
[2020.02.21-03.56.29:045][  0]LogConfig: Applying CVar settings from Section [/Script/UnrealEd.CookerSettings] File [E:/SeniorProject/PollutionProject/SeniorProject/Saved/Config/Windows/Engine.ini]
[2020.02.21-03.56.29:066][  0]LogConfig: Applying CVar settings from Section [ViewDistanceQuality@3] File [E:/SeniorProject/PollutionProject/SeniorProject/Saved/Config/Windows/Scalability.ini]
[2020.02.21-03.56.29:066][  0]LogConfig: Setting CVar [[r.SkeletalMeshLODBias:0]]
[2020.02.21-03.56.29:066][  0]LogConfig: Setting CVar [[r.ViewDistanceScale:1.0]]
[2020.02.21-03.56.29:066][  0]LogConfig: Applying CVar settings from Section [AntiAliasingQuality@3] File [E:/SeniorProject/PollutionProject/SeniorProject/Saved/Config/Windows/Scalability.ini]
[2020.02.21-03.56.29:066][  0]LogConfig: Setting CVar [[r.PostProcessAAQuality:4]]
[2020.02.21-03.56.29:066][  0]LogConfig: Applying CVar settings from Section [ShadowQuality@3] File [E:/SeniorProject/PollutionProject/SeniorProject/Saved/Config/Windows/Scalability.ini]
[2020.02.21-03.56.29:066][  0]LogConfig: Setting CVar [[r.LightFunctionQuality:1]]
[2020.02.21-03.56.29:066][  0]LogConfig: Setting CVar [[r.ShadowQuality:5]]
[2020.02.21-03.56.29:066][  0]LogConfig: Setting CVar [[r.Shadow.CSM.MaxCascades:10]]
[2020.02.21-03.56.29:066][  0]LogConfig: Setting CVar [[r.Shadow.MaxResolution:2048]]
[2020.02.21-03.56.29:066][  0]LogConfig: Setting CVar [[r.Shadow.MaxCSMResolution:2048]]
[2020.02.21-03.56.29:066][  0]LogConfig: Setting CVar [[r.Shadow.RadiusThreshold:0.01]]
[2020.02.21-03.56.29:066][  0]LogConfig: Setting CVar [[r.Shadow.DistanceScale:1.0]]
[2020.02.21-03.56.29:066][  0]LogConfig: Setting CVar [[r.Shadow.CSM.TransitionScale:1.0]]
[2020.02.21-03.56.29:066][  0]LogConfig: Setting CVar [[r.Shadow.PreShadowResolutionFactor:1.0]]
[2020.02.21-03.56.29:066][  0]LogConfig: Setting CVar [[r.DistanceFieldShadowing:1]]
[2020.02.21-03.56.29:066][  0]LogConfig: Setting CVar [[r.DistanceFieldAO:1]]
[2020.02.21-03.56.29:066][  0]LogConfig: Setting CVar [[r.AOQuality:2]]
[2020.02.21-03.56.29:066][  0]LogConfig: Setting CVar [[r.VolumetricFog:1]]
[2020.02.21-03.56.29:066][  0]LogConfig: Setting CVar [[r.VolumetricFog.GridPixelSize:8]]
[2020.02.21-03.56.29:066][  0]LogConfig: Setting CVar [[r.VolumetricFog.GridSizeZ:128]]
[2020.02.21-03.56.29:066][  0]LogConfig: Setting CVar [[r.VolumetricFog.HistoryMissSupersampleCount:4]]
[2020.02.21-03.56.29:066][  0]LogConfig: Setting CVar [[r.LightMaxDrawDistanceScale:1]]
[2020.02.21-03.56.29:066][  0]LogConfig: Setting CVar [[r.CapsuleShadows:1]]
[2020.02.21-03.56.29:066][  0]LogConfig: Applying CVar settings from Section [PostProcessQuality@3] File [E:/SeniorProject/PollutionProject/SeniorProject/Saved/Config/Windows/Scalability.ini]
[2020.02.21-03.56.29:066][  0]LogConfig: Setting CVar [[r.MotionBlurQuality:4]]
[2020.02.21-03.56.29:066][  0]LogConfig: Setting CVar [[r.AmbientOcclusionMipLevelFactor:0.4]]
[2020.02.21-03.56.29:066][  0]LogConfig: Setting CVar [[r.AmbientOcclusionMaxQuality:100]]
[2020.02.21-03.56.29:066][  0]LogConfig: Setting CVar [[r.AmbientOcclusionLevels:-1]]
[2020.02.21-03.56.29:066][  0]LogConfig: Setting CVar [[r.AmbientOcclusionRadiusScale:1.0]]
[2020.02.21-03.56.29:066][  0]LogConfig: Setting CVar [[r.DepthOfFieldQuality:2]]
[2020.02.21-03.56.29:066][  0]LogConfig: Setting CVar [[r.RenderTargetPoolMin:400]]
[2020.02.21-03.56.29:066][  0]LogConfig: Setting CVar [[r.LensFlareQuality:2]]
[2020.02.21-03.56.29:066][  0]LogConfig: Setting CVar [[r.SceneColorFringeQuality:1]]
[2020.02.21-03.56.29:066][  0]LogConfig: Setting CVar [[r.EyeAdaptationQuality:2]]
[2020.02.21-03.56.29:066][  0]LogConfig: Setting CVar [[r.BloomQuality:5]]
[2020.02.21-03.56.29:066][  0]LogConfig: Setting CVar [[r.FastBlurThreshold:100]]
[2020.02.21-03.56.29:066][  0]LogConfig: Setting CVar [[r.Upscale.Quality:3]]
[2020.02.21-03.56.29:066][  0]LogConfig: Setting CVar [[r.Tonemapper.GrainQuantization:1]]
[2020.02.21-03.56.29:066][  0]LogConfig: Setting CVar [[r.LightShaftQuality:1]]
[2020.02.21-03.56.29:066][  0]LogConfig: Setting CVar [[r.Filter.SizeScale:1]]
[2020.02.21-03.56.29:066][  0]LogConfig: Setting CVar [[r.Tonemapper.Quality:5]]
[2020.02.21-03.56.29:066][  0]LogConfig: Setting CVar [[r.DOF.Gather.AccumulatorQuality:1        ; higher gathering accumulator quality]]
[2020.02.21-03.56.29:066][  0]LogConfig: Setting CVar [[r.DOF.Gather.PostfilterMethod:1          ; Median3x3 postfilering method]]
[2020.02.21-03.56.29:066][  0]LogConfig: Setting CVar [[r.DOF.Gather.EnableBokehSettings:0       ; no bokeh simulation when gathering]]
[2020.02.21-03.56.29:066][  0]LogConfig: Setting CVar [[r.DOF.Gather.RingCount:4                 ; medium number of samples when gathering]]
[2020.02.21-03.56.29:066][  0]LogConfig: Setting CVar [[r.DOF.Scatter.ForegroundCompositing:1    ; additive foreground scattering]]
[2020.02.21-03.56.29:066][  0]LogConfig: Setting CVar [[r.DOF.Scatter.BackgroundCompositing:2    ; additive background scattering]]
[2020.02.21-03.56.29:066][  0]LogConfig: Setting CVar [[r.DOF.Scatter.EnableBokehSettings:1      ; bokeh simulation when scattering]]
[2020.02.21-03.56.29:066][  0]LogConfig: Setting CVar [[r.DOF.Scatter.MaxSpriteRatio:0.1         ; only a maximum of 10% of scattered bokeh]]
[2020.02.21-03.56.29:066][  0]LogConfig: Setting CVar [[r.DOF.Recombine.Quality:1                ; cheap slight out of focus]]
[2020.02.21-03.56.29:066][  0]LogConfig: Setting CVar [[r.DOF.Recombine.EnableBokehSettings:0    ; no bokeh simulation on slight out of focus]]
[2020.02.21-03.56.29:066][  0]LogConfig: Setting CVar [[r.DOF.TemporalAAQuality:1                ; more stable temporal accumulation]]
[2020.02.21-03.56.29:066][  0]LogConfig: Setting CVar [[r.DOF.Kernel.MaxForegroundRadius:0.025]]
[2020.02.21-03.56.29:066][  0]LogConfig: Setting CVar [[r.DOF.Kernel.MaxBackgroundRadius:0.025]]
[2020.02.21-03.56.29:066][  0]LogConfig: Applying CVar settings from Section [TextureQuality@3] File [E:/SeniorProject/PollutionProject/SeniorProject/Saved/Config/Windows/Scalability.ini]
[2020.02.21-03.56.29:066][  0]LogConfig: Setting CVar [[r.Streaming.MipBias:0]]
[2020.02.21-03.56.29:066][  0]LogConfig: Setting CVar [[r.Streaming.AmortizeCPUToGPUCopy:0]]
[2020.02.21-03.56.29:066][  0]LogConfig: Setting CVar [[r.Streaming.MaxNumTexturesToStreamPerFrame:0]]
[2020.02.21-03.56.29:066][  0]LogConfig: Setting CVar [[r.Streaming.Boost:1]]
[2020.02.21-03.56.29:066][  0]LogConfig: Setting CVar [[r.MaxAnisotropy:8]]
[2020.02.21-03.56.29:066][  0]LogConfig: Setting CVar [[r.Streaming.LimitPoolSizeToVRAM:0]]
[2020.02.21-03.56.29:066][  0]LogConfig: Setting CVar [[r.Streaming.PoolSize:1000]]
[2020.02.21-03.56.29:066][  0]LogConfig: Setting CVar [[r.Streaming.MaxEffectiveScreenSize:0]]
[2020.02.21-03.56.29:066][  0]LogConfig: Applying CVar settings from Section [EffectsQuality@3] File [E:/SeniorProject/PollutionProject/SeniorProject/Saved/Config/Windows/Scalability.ini]
[2020.02.21-03.56.29:066][  0]LogConfig: Setting CVar [[r.TranslucencyLightingVolumeDim:64]]
[2020.02.21-03.56.29:066][  0]LogConfig: Setting CVar [[r.RefractionQuality:2]]
[2020.02.21-03.56.29:066][  0]LogConfig: Setting CVar [[r.SSR.Quality:3]]
[2020.02.21-03.56.29:067][  0]LogConfig: Setting CVar [[r.SceneColorFormat:4]]
[2020.02.21-03.56.29:067][  0]LogConfig: Setting CVar [[r.DetailMode:2]]
[2020.02.21-03.56.29:067][  0]LogConfig: Setting CVar [[r.TranslucencyVolumeBlur:1]]
[2020.02.21-03.56.29:067][  0]LogConfig: Setting CVar [[r.MaterialQualityLevel:1 ; High quality]]
[2020.02.21-03.56.29:067][  0]LogConfig: Setting CVar [[r.SSS.Scale:1]]
[2020.02.21-03.56.29:067][  0]LogConfig: Setting CVar [[r.SSS.SampleSet:2]]
[2020.02.21-03.56.29:067][  0]LogConfig: Setting CVar [[r.SSS.Quality:1]]
[2020.02.21-03.56.29:067][  0]LogConfig: Setting CVar [[r.SSS.HalfRes:1]]
[2020.02.21-03.56.29:067][  0]LogConfig: Setting CVar [[r.EmitterSpawnRateScale:1.0]]
[2020.02.21-03.56.29:067][  0]LogConfig: Setting CVar [[r.ParticleLightQuality:2]]
[2020.02.21-03.56.29:067][  0]LogConfig: Applying CVar settings from Section [FoliageQuality@3] File [E:/SeniorProject/PollutionProject/SeniorProject/Saved/Config/Windows/Scalability.ini]
[2020.02.21-03.56.29:067][  0]LogConfig: Setting CVar [[foliage.DensityScale:1.0]]
[2020.02.21-03.56.29:067][  0]LogConfig: Setting CVar [[grass.DensityScale:1.0]]
[2020.02.21-03.56.29:067][  0]LogInit: Selected Device Profile: [Windows]
[2020.02.21-03.56.29:067][  0]LogInit: Applying CVar settings loaded from the selected device profile: [Windows]
[2020.02.21-03.56.29:084][  0]LogHAL: Display: Platform has ~ 16 GB [17116258304 / 17179869184 / 16], which maps to Larger [LargestMinGB=32, LargerMinGB=12, DefaultMinGB=8, SmallerMinGB=6, SmallestMinGB=0)
[2020.02.21-03.56.29:084][  0]LogConfig: Setting CVar [[r.Vulkan.UseRealUBs:0		; Required until we fix HLR fall-out]]
[2020.02.21-03.56.29:084][  0]LogInit: Going up to parent DeviceProfile []
[2020.02.21-03.56.29:084][  0]LogConfig: Applying CVar settings from Section [ViewDistanceQuality@3] File [E:/SeniorProject/PollutionProject/SeniorProject/Saved/Config/Windows/Scalability.ini]
[2020.02.21-03.56.29:084][  0]LogConfig: Setting CVar [[r.SkeletalMeshLODBias:0]]
[2020.02.21-03.56.29:084][  0]LogConfig: Setting CVar [[r.ViewDistanceScale:1.0]]
[2020.02.21-03.56.29:084][  0]LogConfig: Applying CVar settings from Section [AntiAliasingQuality@3] File [E:/SeniorProject/PollutionProject/SeniorProject/Saved/Config/Windows/Scalability.ini]
[2020.02.21-03.56.29:084][  0]LogConfig: Setting CVar [[r.PostProcessAAQuality:4]]
[2020.02.21-03.56.29:084][  0]LogConfig: Applying CVar settings from Section [ShadowQuality@3] File [E:/SeniorProject/PollutionProject/SeniorProject/Saved/Config/Windows/Scalability.ini]
[2020.02.21-03.56.29:084][  0]LogConfig: Setting CVar [[r.LightFunctionQuality:1]]
[2020.02.21-03.56.29:084][  0]LogConfig: Setting CVar [[r.ShadowQuality:5]]
[2020.02.21-03.56.29:084][  0]LogConfig: Setting CVar [[r.Shadow.CSM.MaxCascades:10]]
[2020.02.21-03.56.29:084][  0]LogConfig: Setting CVar [[r.Shadow.MaxResolution:2048]]
[2020.02.21-03.56.29:084][  0]LogConfig: Setting CVar [[r.Shadow.MaxCSMResolution:2048]]
[2020.02.21-03.56.29:084][  0]LogConfig: Setting CVar [[r.Shadow.RadiusThreshold:0.01]]
[2020.02.21-03.56.29:084][  0]LogConfig: Setting CVar [[r.Shadow.DistanceScale:1.0]]
[2020.02.21-03.56.29:084][  0]LogConfig: Setting CVar [[r.Shadow.CSM.TransitionScale:1.0]]
[2020.02.21-03.56.29:084][  0]LogConfig: Setting CVar [[r.Shadow.PreShadowResolutionFactor:1.0]]
[2020.02.21-03.56.29:084][  0]LogConfig: Setting CVar [[r.DistanceFieldShadowing:1]]
[2020.02.21-03.56.29:084][  0]LogConfig: Setting CVar [[r.DistanceFieldAO:1]]
[2020.02.21-03.56.29:084][  0]LogConfig: Setting CVar [[r.AOQuality:2]]
[2020.02.21-03.56.29:084][  0]LogConfig: Setting CVar [[r.VolumetricFog:1]]
[2020.02.21-03.56.29:084][  0]LogConfig: Setting CVar [[r.VolumetricFog.GridPixelSize:8]]
[2020.02.21-03.56.29:084][  0]LogConfig: Setting CVar [[r.VolumetricFog.GridSizeZ:128]]
[2020.02.21-03.56.29:084][  0]LogConfig: Setting CVar [[r.VolumetricFog.HistoryMissSupersampleCount:4]]
[2020.02.21-03.56.29:084][  0]LogConfig: Setting CVar [[r.LightMaxDrawDistanceScale:1]]
[2020.02.21-03.56.29:084][  0]LogConfig: Setting CVar [[r.CapsuleShadows:1]]
[2020.02.21-03.56.29:084][  0]LogConfig: Applying CVar settings from Section [PostProcessQuality@3] File [E:/SeniorProject/PollutionProject/SeniorProject/Saved/Config/Windows/Scalability.ini]
[2020.02.21-03.56.29:084][  0]LogConfig: Setting CVar [[r.MotionBlurQuality:4]]
[2020.02.21-03.56.29:084][  0]LogConfig: Setting CVar [[r.AmbientOcclusionMipLevelFactor:0.4]]
[2020.02.21-03.56.29:084][  0]LogConfig: Setting CVar [[r.AmbientOcclusionMaxQuality:100]]
[2020.02.21-03.56.29:085][  0]LogConfig: Setting CVar [[r.AmbientOcclusionLevels:-1]]
[2020.02.21-03.56.29:085][  0]LogConfig: Setting CVar [[r.AmbientOcclusionRadiusScale:1.0]]
[2020.02.21-03.56.29:085][  0]LogConfig: Setting CVar [[r.DepthOfFieldQuality:2]]
[2020.02.21-03.56.29:085][  0]LogConfig: Setting CVar [[r.RenderTargetPoolMin:400]]
[2020.02.21-03.56.29:085][  0]LogConfig: Setting CVar [[r.LensFlareQuality:2]]
[2020.02.21-03.56.29:085][  0]LogConfig: Setting CVar [[r.SceneColorFringeQuality:1]]
[2020.02.21-03.56.29:085][  0]LogConfig: Setting CVar [[r.EyeAdaptationQuality:2]]
[2020.02.21-03.56.29:085][  0]LogConfig: Setting CVar [[r.BloomQuality:5]]
[2020.02.21-03.56.29:085][  0]LogConfig: Setting CVar [[r.FastBlurThreshold:100]]
[2020.02.21-03.56.29:085][  0]LogConfig: Setting CVar [[r.Upscale.Quality:3]]
[2020.02.21-03.56.29:085][  0]LogConfig: Setting CVar [[r.Tonemapper.GrainQuantization:1]]
[2020.02.21-03.56.29:085][  0]LogConfig: Setting CVar [[r.LightShaftQuality:1]]
[2020.02.21-03.56.29:085][  0]LogConfig: Setting CVar [[r.Filter.SizeScale:1]]
[2020.02.21-03.56.29:085][  0]LogConfig: Setting CVar [[r.Tonemapper.Quality:5]]
[2020.02.21-03.56.29:085][  0]LogConfig: Setting CVar [[r.DOF.Gather.AccumulatorQuality:1        ; higher gathering accumulator quality]]
[2020.02.21-03.56.29:085][  0]LogConfig: Setting CVar [[r.DOF.Gather.PostfilterMethod:1          ; Median3x3 postfilering method]]
[2020.02.21-03.56.29:085][  0]LogConfig: Setting CVar [[r.DOF.Gather.EnableBokehSettings:0       ; no bokeh simulation when gathering]]
[2020.02.21-03.56.29:085][  0]LogConfig: Setting CVar [[r.DOF.Gather.RingCount:4                 ; medium number of samples when gathering]]
[2020.02.21-03.56.29:085][  0]LogConfig: Setting CVar [[r.DOF.Scatter.ForegroundCompositing:1    ; additive foreground scattering]]
[2020.02.21-03.56.29:085][  0]LogConfig: Setting CVar [[r.DOF.Scatter.BackgroundCompositing:2    ; additive background scattering]]
[2020.02.21-03.56.29:085][  0]LogConfig: Setting CVar [[r.DOF.Scatter.EnableBokehSettings:1      ; bokeh simulation when scattering]]
[2020.02.21-03.56.29:085][  0]LogConfig: Setting CVar [[r.DOF.Scatter.MaxSpriteRatio:0.1         ; only a maximum of 10% of scattered bokeh]]
[2020.02.21-03.56.29:085][  0]LogConfig: Setting CVar [[r.DOF.Recombine.Quality:1                ; cheap slight out of focus]]
[2020.02.21-03.56.29:085][  0]LogConfig: Setting CVar [[r.DOF.Recombine.EnableBokehSettings:0    ; no bokeh simulation on slight out of focus]]
[2020.02.21-03.56.29:085][  0]LogConfig: Setting CVar [[r.DOF.TemporalAAQuality:1                ; more stable temporal accumulation]]
[2020.02.21-03.56.29:085][  0]LogConfig: Setting CVar [[r.DOF.Kernel.MaxForegroundRadius:0.025]]
[2020.02.21-03.56.29:085][  0]LogConfig: Setting CVar [[r.DOF.Kernel.MaxBackgroundRadius:0.025]]
[2020.02.21-03.56.29:085][  0]LogConfig: Applying CVar settings from Section [TextureQuality@3] File [E:/SeniorProject/PollutionProject/SeniorProject/Saved/Config/Windows/Scalability.ini]
[2020.02.21-03.56.29:085][  0]LogConfig: Setting CVar [[r.Streaming.MipBias:0]]
[2020.02.21-03.56.29:085][  0]LogConfig: Setting CVar [[r.Streaming.AmortizeCPUToGPUCopy:0]]
[2020.02.21-03.56.29:085][  0]LogConfig: Setting CVar [[r.Streaming.MaxNumTexturesToStreamPerFrame:0]]
[2020.02.21-03.56.29:085][  0]LogConfig: Setting CVar [[r.Streaming.Boost:1]]
[2020.02.21-03.56.29:085][  0]LogConfig: Setting CVar [[r.MaxAnisotropy:8]]
[2020.02.21-03.56.29:085][  0]LogConfig: Setting CVar [[r.Streaming.LimitPoolSizeToVRAM:0]]
[2020.02.21-03.56.29:085][  0]LogConfig: Setting CVar [[r.Streaming.PoolSize:1000]]
[2020.02.21-03.56.29:085][  0]LogConfig: Setting CVar [[r.Streaming.MaxEffectiveScreenSize:0]]
[2020.02.21-03.56.29:085][  0]LogConfig: Applying CVar settings from Section [EffectsQuality@3] File [E:/SeniorProject/PollutionProject/SeniorProject/Saved/Config/Windows/Scalability.ini]
[2020.02.21-03.56.29:085][  0]LogConfig: Setting CVar [[r.TranslucencyLightingVolumeDim:64]]
[2020.02.21-03.56.29:085][  0]LogConfig: Setting CVar [[r.RefractionQuality:2]]
[2020.02.21-03.56.29:085][  0]LogConfig: Setting CVar [[r.SSR.Quality:3]]
[2020.02.21-03.56.29:085][  0]LogConfig: Setting CVar [[r.SceneColorFormat:4]]
[2020.02.21-03.56.29:085][  0]LogConfig: Setting CVar [[r.DetailMode:2]]
[2020.02.21-03.56.29:085][  0]LogConfig: Setting CVar [[r.TranslucencyVolumeBlur:1]]
[2020.02.21-03.56.29:085][  0]LogConfig: Setting CVar [[r.MaterialQualityLevel:1 ; High quality]]
[2020.02.21-03.56.29:085][  0]LogConfig: Setting CVar [[r.SSS.Scale:1]]
[2020.02.21-03.56.29:085][  0]LogConfig: Setting CVar [[r.SSS.SampleSet:2]]
[2020.02.21-03.56.29:085][  0]LogConfig: Setting CVar [[r.SSS.Quality:1]]
[2020.02.21-03.56.29:085][  0]LogConfig: Setting CVar [[r.SSS.HalfRes:1]]
[2020.02.21-03.56.29:085][  0]LogConfig: Setting CVar [[r.EmitterSpawnRateScale:1.0]]
[2020.02.21-03.56.29:085][  0]LogConfig: Setting CVar [[r.ParticleLightQuality:2]]
[2020.02.21-03.56.29:085][  0]LogConfig: Applying CVar settings from Section [FoliageQuality@3] File [E:/SeniorProject/PollutionProject/SeniorProject/Saved/Config/Windows/Scalability.ini]
[2020.02.21-03.56.29:085][  0]LogConfig: Setting CVar [[foliage.DensityScale:1.0]]
[2020.02.21-03.56.29:085][  0]LogConfig: Setting CVar [[grass.DensityScale:1.0]]
[2020.02.21-03.56.29:085][  0]LogConfig: Applying CVar settings from Section [Startup] File [../../../Engine/Config/ConsoleVariables.ini]
[2020.02.21-03.56.29:085][  0]LogConfig: Setting CVar [[net.UseAdaptiveNetUpdateFrequency:0]]
[2020.02.21-03.56.29:085][  0]LogConfig: Setting CVar [[p.chaos.AllowCreatePhysxBodies:1]]
[2020.02.21-03.56.29:085][  0]LogConfig: Applying CVar settings from Section [ConsoleVariables] File [E:/SeniorProject/PollutionProject/SeniorProject/Saved/Config/Windows/Engine.ini]
[2020.02.21-03.56.29:085][  0]LogInit: Computer: GREGSPC
[2020.02.21-03.56.29:085][  0]LogInit: User: Gregory
[2020.02.21-03.56.29:085][  0]LogInit: CPU Page size=4096, Cores=4
[2020.02.21-03.56.29:085][  0]LogInit: High frequency timer resolution =10.000000 MHz
[2020.02.21-03.56.29:086][  0]LogMemory: Memory total: Physical=15.9GB (16GB approx)
[2020.02.21-03.56.29:086][  0]LogMemory: Platform Memory Stats for Windows
[2020.02.21-03.56.29:086][  0]LogMemory: Process Physical Memory: 106.70 MB used, 106.70 MB peak
[2020.02.21-03.56.29:086][  0]LogMemory: Process Virtual Memory: 105.20 MB used, 105.20 MB peak
[2020.02.21-03.56.29:086][  0]LogMemory: Physical Memory: 6627.73 MB used,  9695.60 MB free, 16323.34 MB total
[2020.02.21-03.56.29:086][  0]LogMemory: Virtual Memory: 4709.71 MB used,  134213016.00 MB free, 134217728.00 MB total
[2020.02.21-03.56.29:107][  0]LogInit: Using OS detected language (en-US).
[2020.02.21-03.56.29:107][  0]LogInit: Using OS detected locale (en-US).
[2020.02.21-03.56.29:107][  0]LogTextLocalizationManager: No specific localization for 'en-US' exists, so the 'en' localization will be used.
[2020.02.21-03.56.29:247][  0]LogInit: Setting process to per monitor DPI aware
[2020.02.21-03.56.29:305][  0]LogSlate: New Slate User Created.  User Index 0, Is Virtual User: 0
[2020.02.21-03.56.29:305][  0]LogSlate: Slate User Registered.  User Index 0, Is Virtual User: 0
[2020.02.21-03.56.29:492][  0]LogHMD: Failed to initialize OpenVR with code 126
[2020.02.21-03.56.29:492][  0]LogD3D11RHI: D3D11 adapters:
[2020.02.21-03.56.29:569][  0]LogD3D11RHI:    0. 'NVIDIA GeForce RTX 2080' (Feature Level 11_0)
[2020.02.21-03.56.29:569][  0]LogD3D11RHI:       8010/0/8161 MB DedicatedVideo/DedicatedSystem/SharedSystem, Outputs:4, VendorId:0x10de
[2020.02.21-03.56.29:571][  0]LogD3D11RHI:    1. 'Microsoft Basic Render Driver' (Feature Level 11_0)
[2020.02.21-03.56.29:571][  0]LogD3D11RHI:       0/0/8161 MB DedicatedVideo/DedicatedSystem/SharedSystem, Outputs:0, VendorId:0x1414
[2020.02.21-03.56.29:571][  0]LogD3D11RHI: Chosen D3D11 Adapter: 0
[2020.02.21-03.56.29:577][  0]LogD3D11RHI: Creating new Direct3DDevice
[2020.02.21-03.56.29:577][  0]LogD3D11RHI:     GPU DeviceId: 0x1e87 (for the marketing name, search the web for "GPU Device Id")
[2020.02.21-03.56.29:577][  0]LogWindows: EnumDisplayDevices:
[2020.02.21-03.56.29:578][  0]LogWindows:    0. 'NVIDIA GeForce RTX 2080' (P:1 D:1)
[2020.02.21-03.56.29:578][  0]LogWindows:    1. 'NVIDIA GeForce RTX 2080' (P:0 D:1)
[2020.02.21-03.56.29:578][  0]LogWindows:    2. 'NVIDIA GeForce RTX 2080' (P:0 D:1)
[2020.02.21-03.56.29:578][  0]LogWindows:    3. 'NVIDIA GeForce RTX 2080' (P:0 D:1)
[2020.02.21-03.56.29:578][  0]LogWindows: DebugString: FoundDriverCount:4 
[2020.02.21-03.56.29:578][  0]LogD3D11RHI:     Adapter Name: NVIDIA GeForce RTX 2080
[2020.02.21-03.56.29:578][  0]LogD3D11RHI:   Driver Version: 432.00 (internal:26.21.14.3200, unified:432.00)
[2020.02.21-03.56.29:578][  0]LogD3D11RHI:      Driver Date: 7-24-2019
[2020.02.21-03.56.29:579][  0]LogRHI: Texture pool is 5607 MB (70% of 8010 MB)
[2020.02.21-03.56.29:619][  0]LogD3D11RHI: Async texture creation enabled
[2020.02.21-03.56.29:629][  0]LogRendererCore: FGlobalReadBuffer::InitRHI
[2020.02.21-03.56.29:629][  0]LogRendererCore: FGlobalReadBuffer::InitRHI
[2020.02.21-03.56.29:629][  0]LogRendererCore: FGlobalReadBuffer::InitRHI
[2020.02.21-03.56.29:636][  0]LogD3D11RHI: GPU Timing Frequency: 1000.000000 (Debug: 2 1)
[2020.02.21-03.56.30:137][  0]LogTemp: Display: Module 'AllDesktopTargetPlatform' loaded TargetPlatform 'AllDesktop'
[2020.02.21-03.56.30:150][  0]LogTemp: Display: Module 'MacClientTargetPlatform' loaded TargetPlatform 'MacClient'
[2020.02.21-03.56.30:163][  0]LogTemp: Display: Module 'MacNoEditorTargetPlatform' loaded TargetPlatform 'MacNoEditor'
[2020.02.21-03.56.30:175][  0]LogTemp: Display: Module 'MacServerTargetPlatform' loaded TargetPlatform 'MacServer'
[2020.02.21-03.56.30:189][  0]LogTemp: Display: Module 'MacTargetPlatform' loaded TargetPlatform 'Mac'
[2020.02.21-03.56.30:202][  0]LogTemp: Display: Module 'WindowsClientTargetPlatform' loaded TargetPlatform 'WindowsClient'
[2020.02.21-03.56.30:215][  0]LogTemp: Display: Module 'WindowsNoEditorTargetPlatform' loaded TargetPlatform 'WindowsNoEditor'
[2020.02.21-03.56.30:227][  0]LogTemp: Display: Module 'WindowsServerTargetPlatform' loaded TargetPlatform 'WindowsServer'
[2020.02.21-03.56.30:233][  0]LogTemp: Display: Module 'WindowsTargetPlatform' loaded TargetPlatform 'Windows'
[2020.02.21-03.56.30:306][  0]LogTemp: Display: Module 'AndroidTargetPlatform' loaded TargetPlatform 'Android'
[2020.02.21-03.56.30:307][  0]LogTemp: Display: Module 'AndroidTargetPlatform' loaded TargetPlatform 'Android_ASTC'
[2020.02.21-03.56.30:307][  0]LogTemp: Display: Module 'AndroidTargetPlatform' loaded TargetPlatform 'Android_ATC'
[2020.02.21-03.56.30:307][  0]LogTemp: Display: Module 'AndroidTargetPlatform' loaded TargetPlatform 'Android_DXT'
[2020.02.21-03.56.30:307][  0]LogTemp: Display: Module 'AndroidTargetPlatform' loaded TargetPlatform 'Android_ETC1'
[2020.02.21-03.56.30:307][  0]LogTemp: Display: Module 'AndroidTargetPlatform' loaded TargetPlatform 'Android_ETC1a'
[2020.02.21-03.56.30:307][  0]LogTemp: Display: Module 'AndroidTargetPlatform' loaded TargetPlatform 'Android_ETC2'
[2020.02.21-03.56.30:307][  0]LogTemp: Display: Module 'AndroidTargetPlatform' loaded TargetPlatform 'Android_PVRTC'
[2020.02.21-03.56.30:307][  0]LogTemp: Display: Module 'AndroidTargetPlatform' loaded TargetPlatform 'AndroidClient'
[2020.02.21-03.56.30:307][  0]LogTemp: Display: Module 'AndroidTargetPlatform' loaded TargetPlatform 'Android_ASTCClient'
[2020.02.21-03.56.30:307][  0]LogTemp: Display: Module 'AndroidTargetPlatform' loaded TargetPlatform 'Android_ATCClient'
[2020.02.21-03.56.30:307][  0]LogTemp: Display: Module 'AndroidTargetPlatform' loaded TargetPlatform 'Android_DXTClient'
[2020.02.21-03.56.30:307][  0]LogTemp: Display: Module 'AndroidTargetPlatform' loaded TargetPlatform 'Android_ETC1Client'
[2020.02.21-03.56.30:307][  0]LogTemp: Display: Module 'AndroidTargetPlatform' loaded TargetPlatform 'Android_ETC1aClient'
[2020.02.21-03.56.30:307][  0]LogTemp: Display: Module 'AndroidTargetPlatform' loaded TargetPlatform 'Android_ETC2Client'
[2020.02.21-03.56.30:307][  0]LogTemp: Display: Module 'AndroidTargetPlatform' loaded TargetPlatform 'Android_PVRTCClient'
[2020.02.21-03.56.30:307][  0]LogTemp: Display: Module 'AndroidTargetPlatform' loaded TargetPlatform 'Android_Multi'
[2020.02.21-03.56.30:307][  0]LogTemp: Display: Module 'AndroidTargetPlatform' loaded TargetPlatform 'Android_MultiClient'
[2020.02.21-03.56.30:308][  0]LogTemp: Display: Module 'HTML5TargetPlatform' loaded TargetPlatform 'HTML5'
[2020.02.21-03.56.30:355][  0]LogTemp: Display: Module 'IOSTargetPlatform' loaded TargetPlatform 'IOSClient'
[2020.02.21-03.56.30:355][  0]LogTemp: Display: Module 'IOSTargetPlatform' loaded TargetPlatform 'IOS'
[2020.02.21-03.56.30:375][  0]LogTemp: Display: Module 'TVOSTargetPlatform' loaded TargetPlatform 'TVOSClient'
[2020.02.21-03.56.30:375][  0]LogTemp: Display: Module 'TVOSTargetPlatform' loaded TargetPlatform 'TVOS'
[2020.02.21-03.56.30:386][  0]LogTemp: Display: Module 'LinuxClientTargetPlatform' loaded TargetPlatform 'LinuxClient'
[2020.02.21-03.56.30:398][  0]LogTemp: Display: Module 'LinuxNoEditorTargetPlatform' loaded TargetPlatform 'LinuxNoEditor'
[2020.02.21-03.56.30:408][  0]LogTemp: Display: Module 'LinuxServerTargetPlatform' loaded TargetPlatform 'LinuxServer'
[2020.02.21-03.56.30:419][  0]LogTemp: Display: Module 'LinuxTargetPlatform' loaded TargetPlatform 'Linux'
[2020.02.21-03.56.30:460][  0]LogTemp: Display: Module 'LuminTargetPlatform' loaded TargetPlatform 'Lumin'
[2020.02.21-03.56.30:460][  0]LogTemp: Display: Module 'LuminTargetPlatform' loaded TargetPlatform 'LuminClient'
[2020.02.21-03.56.30:460][  0]LogTargetPlatformManager: Display: Building Assets For Windows
[2020.02.21-03.56.30:470][  0]LogAudioDebug: Display: Lib vorbis DLL was dynamically loaded.
[2020.02.21-03.56.30:528][  0]LogShaderCompilers: Guid format shader working directory is 1 characters bigger than the processId version (E:/SeniorProject/PollutionProject/SeniorProject/Intermediate/Shaders/WorkingDirectory/9544/).
[2020.02.21-03.56.30:528][  0]LogShaderCompilers: Cleaned the shader compiler working directory 'C:/Users/Gregory/AppData/Local/Temp/UnrealShaderWorkingDir/C642330F445C93D5AF8681B4C3A75D99/'.
[2020.02.21-03.56.30:531][  0]LogXGEController: Cannot use XGE Controller as Incredibuild is not installed on this machine.
[2020.02.21-03.56.30:531][  0]LogShaderCompilers: Cannot use XGE Shader Compiler as Incredibuild is not installed on this machine.
[2020.02.21-03.56.30:531][  0]LogShaderCompilers: Display: Using Local Shader Compiler.
[2020.02.21-03.56.31:002][  0]LogDerivedDataCache: Display: Max Cache Size: 512 MB
[2020.02.21-03.56.31:067][  0]LogDerivedDataCache: Loaded boot cache 0.07s 73MB C:/Users/Gregory/AppData/Local/UnrealEngine/4.22/DerivedDataCache/Boot.ddc.
[2020.02.21-03.56.31:067][  0]LogDerivedDataCache: Display: Loaded Boot cache: C:/Users/Gregory/AppData/Local/UnrealEngine/4.22/DerivedDataCache/Boot.ddc
[2020.02.21-03.56.31:068][  0]LogDerivedDataCache: FDerivedDataBackendGraph:  Pak pak cache file E:/SeniorProject/PollutionProject/SeniorProject/DerivedDataCache/DDC.ddp not found, will not use a pak cache.
[2020.02.21-03.56.31:068][  0]LogDerivedDataCache: Unable to find inner node Pak for hierarchical cache Hierarchy.
[2020.02.21-03.56.31:068][  0]LogDerivedDataCache: FDerivedDataBackendGraph:  CompressedPak pak cache file E:/SeniorProject/PollutionProject/SeniorProject/DerivedDataCache/Compressed.ddp not found, will not use a pak cache.
[2020.02.21-03.56.31:068][  0]LogDerivedDataCache: Unable to find inner node CompressedPak for hierarchical cache Hierarchy.
[2020.02.21-03.56.31:082][  0]LogDerivedDataCache: Display: Pak cache opened for reading ../../../Engine/DerivedDataCache/Compressed.ddp.
[2020.02.21-03.56.31:086][  0]LogDerivedDataCache: Display: Pak cache opened for reading ../../../Enterprise/DerivedDataCache/Compressed.ddp.
[2020.02.21-03.56.31:097][  0]LogDerivedDataCache: Using Local data cache path C:/Users/Gregory/AppData/Local/UnrealEngine/Common/DerivedDataCache: Writable
[2020.02.21-03.56.31:097][  0]LogDerivedDataCache: Shared data cache path not found in *engine.ini, will not use an Shared cache.
[2020.02.21-03.56.31:097][  0]LogDerivedDataCache: Unable to find inner node Shared for hierarchical cache Hierarchy.
[2020.02.21-03.56.31:127][  0]LogMaterial: Verifying Global Shaders for PCD3D_SM5
[2020.02.21-03.56.31:128][  0]LogSlate: Using FreeType 2.6.0
[2020.02.21-03.56.31:129][  0]LogSlate: SlateFontServices - WITH_FREETYPE: 1, WITH_HARFBUZZ: 1
[2020.02.21-03.56.31:222][  0]LogAssetRegistry: FAssetRegistry took 0.0383 seconds to start up
[2020.02.21-03.56.31:586][  0]LogInit: Selected Device Profile: [Windows]
[2020.02.21-03.56.31:710][  0]LogMeshReduction: Using QuadricMeshReduction for automatic static mesh reduction
[2020.02.21-03.56.31:710][  0]LogMeshReduction: Using SimplygonMeshReduction for automatic skeletal mesh reduction
[2020.02.21-03.56.31:710][  0]LogMeshReduction: Using ProxyLODMeshReduction for automatic mesh merging
[2020.02.21-03.56.31:710][  0]LogMeshReduction: No distributed automatic mesh merging module available
[2020.02.21-03.56.31:710][  0]LogMeshMerging: No distributed automatic mesh merging module available
[2020.02.21-03.56.31:719][  0]LogNetVersion: SeniorProject 1.0.0, NetCL: 5660361, EngineNetVer: 10, GameNetVer: 0 (Checksum: 993350713)
[2020.02.21-03.56.32:106][  0]LogPackageLocalizationCache: Processed 16 localized package path(s) for 1 prioritized culture(s) in 0.060509 seconds
[2020.02.21-03.56.32:112][  0]LogUObjectArray: 42205 objects as part of root set at end of initial load.
[2020.02.21-03.56.32:112][  0]LogUObjectAllocator: 7325032 out of 0 bytes used by permanent object pool.
[2020.02.21-03.56.32:112][  0]LogUObjectArray: CloseDisregardForGC: 0/0 objects in disregard for GC pool
[2020.02.21-03.56.32:851][  0]LogTcpMessaging: Initializing TcpMessaging bridge
[2020.02.21-03.56.32:865][  0]LogUdpMessaging: Initializing bridge on interface 0.0.0.0:0 to multicast group 230.0.0.1:6666.
[2020.02.21-03.58.23:781][  0]LogStats: FPlatformStackWalk::StackWalkAndDump - 110.816 s
[2020.02.21-03.58.23:781][  0]LogOutputDevice: Error: === Handled ensure: ===
[2020.02.21-03.58.23:781][  0]LogOutputDevice: Error: 
[2020.02.21-03.58.23:781][  0]LogOutputDevice: Error: Ensure condition failed: AttachmentRules.LocationRule == EAttachmentRule::KeepRelative && AttachmentRules.RotationRule == EAttachmentRule::KeepRelative && AttachmentRules.ScaleRule == EAttachmentRule::KeepRelative [File:D:\Build\++UE4\Sync\Engine\Source\Runtime\Engine\Private\Components\SceneComponent.cpp] [Line: 1786]
[2020.02.21-03.58.23:781][  0]LogOutputDevice: Error: AttachToComponent when called from a constructor is only setting up attachment and will always be treated as KeepRelative. Consider calling SetupAttachment directly instead.
[2020.02.21-03.58.23:781][  0]LogOutputDevice: Error: Stack: 
[2020.02.21-03.58.23:781][  0]LogOutputDevice: Error: [Callstack] 0x00007ffa3ec7cd89 UE4Editor-Engine.dll!DispatchCheckVerify<bool,<lambda_2fa4c8014e6e2d59bee8e8ac7e5934f3> >() [d:\build\++ue4\sync\engine\source\runtime\core\public\misc\assertionmacros.h:161]
[2020.02.21-03.58.23:781][  0]LogOutputDevice: Error: [Callstack] 0x00007ffa3dab4fa1 UE4Editor-Engine.dll!USceneComponent::AttachToComponent() [d:\build\++ue4\sync\engine\source\runtime\engine\private\components\scenecomponent.cpp:1786]
[2020.02.21-03.58.23:781][  0]LogOutputDevice: Error: [Callstack] 0x00007ffa276249c1 UE4Editor-SeniorProject.dll!AFirstPersonCharacter::AFirstPersonCharacter() [E:\SeniorProject\PollutionProject\SeniorProject\Source\SeniorProject\Private\FirstPersonCharacter.cpp:327]
[2020.02.21-03.58.23:781][  0]LogOutputDevice: Error: [Callstack] 0x00007ffa4c62610f UE4Editor-CoreUObject.dll!UClass::CreateDefaultObject() [d:\build\++ue4\sync\engine\source\runtime\coreuobject\private\uobject\class.cpp:3076]
[2020.02.21-03.58.23:781][  0]LogOutputDevice: Error: [Callstack] 0x00007ffa4c861056 UE4Editor-CoreUObject.dll!UObjectLoadAllCompiledInDefaultProperties() [d:\build\++ue4\sync\engine\source\runtime\coreuobject\private\uobject\uobjectbase.cpp:793]
[2020.02.21-03.58.23:781][  0]LogOutputDevice: Error: [Callstack] 0x00007ffa4c84edef UE4Editor-CoreUObject.dll!ProcessNewlyLoadedUObjects() [d:\build\++ue4\sync\engine\source\runtime\coreuobject\private\uobject\uobjectbase.cpp:869]
[2020.02.21-03.58.23:781][  0]LogOutputDevice: Error: [Callstack] 0x00007ffa4c62a727 UE4Editor-CoreUObject.dll!TBaseStaticDelegateInstance<void __cdecl(void)>::ExecuteIfSafe() [d:\build\++ue4\sync\engine\source\runtime\core\public\delegates\delegateinstancesimpl.h:813]
[2020.02.21-03.58.23:781][  0]LogOutputDevice: Error: [Callstack] 0x00007ffa4bc74a2b UE4Editor-Core.dll!TBaseMulticastDelegate<void>::Broadcast() [d:\build\++ue4\sync\engine\source\runtime\core\public\delegates\delegatesignatureimpl.inl:977]
[2020.02.21-03.58.23:781][  0]LogOutputDevice: Error: [Callstack] 0x00007ffa4be45cb5 UE4Editor-Core.dll!FModuleManager::LoadModuleWithFailureReason() [d:\build\++ue4\sync\engine\source\runtime\core\private\modules\modulemanager.cpp:530]
[2020.02.21-03.58.23:782][  0]LogOutputDevice: Error: [Callstack] 0x00007ffa88768d67 UE4Editor-Projects.dll!FModuleDescriptor::LoadModulesForPhase() [d:\build\++ue4\sync\engine\source\runtime\projects\private\moduledescriptor.cpp:596]
[2020.02.21-03.58.23:782][  0]LogOutputDevice: Error: [Callstack] 0x00007ffa88768ff7 UE4Editor-Projects.dll!FProjectManager::LoadModulesForProject() [d:\build\++ue4\sync\engine\source\runtime\projects\private\projectmanager.cpp:63]
[2020.02.21-03.58.23:782][  0]LogOutputDevice: Error: [Callstack] 0x00007ff6e1017eb1 UE4Editor.exe!FEngineLoop::LoadStartupModules() [d:\build\++ue4\sync\engine\source\runtime\launch\private\launchengineloop.cpp:3135]
[2020.02.21-03.58.23:782][  0]LogOutputDevice: Error: [Callstack] 0x00007ff6e101d671 UE4Editor.exe!FEngineLoop::PreInit() [d:\build\++ue4\sync\engine\source\runtime\launch\private\launchengineloop.cpp:2536]
[2020.02.21-03.58.23:782][  0]LogOutputDevice: Error: [Callstack] 0x00007ff6e1015377 UE4Editor.exe!GuardedMain() [d:\build\++ue4\sync\engine\source\runtime\launch\private\launch.cpp:129]
[2020.02.21-03.58.23:782][  0]LogOutputDevice: Error: [Callstack] 0x00007ff6e10155ca UE4Editor.exe!GuardedMainWrapper() [d:\build\++ue4\sync\engine\source\runtime\launch\private\windows\launchwindows.cpp:145]
[2020.02.21-03.58.23:782][  0]LogOutputDevice: Error: [Callstack] 0x00007ff6e102316c UE4Editor.exe!WinMain() [d:\build\++ue4\sync\engine\source\runtime\launch\private\windows\launchwindows.cpp:275]
[2020.02.21-03.58.23:782][  0]LogOutputDevice: Error: [Callstack] 0x00007ff6e1025b8e UE4Editor.exe!__scrt_common_main_seh() [d:\agent\_work\3\s\src\vctools\crt\vcstartup\src\startup\exe_common.inl:288]
[2020.02.21-03.58.23:782][  0]LogOutputDevice: Error: [Callstack] 0x00007ffaa8497bd4 KERNEL32.DLL!UnknownFunction []
[2020.02.21-03.58.23:782][  0]LogOutputDevice: Error: [Callstack] 0x00007ffaaa24ced1 ntdll.dll!UnknownFunction []
[2020.02.21-03.58.23:782][  0]LogOutputDevice: Error: 
[2020.02.21-03.58.23:786][  0]LogStats:                SubmitErrorReport -  0.000 s
[2020.02.21-03.58.28:580][  0]LogStats:                    SendNewReport -  4.795 s
[2020.02.21-03.58.28:580][  0]LogStats:             FDebug::EnsureFailed - 115.615 s
[2020.02.21-03.58.28:632][  0]SourceControl: Source control is disabled
[2020.02.21-03.58.33:136][  0]LogAndroidPermission: UAndroidPermissionCallbackProxy::GetInstance
[2020.02.21-03.58.33:426][  0]LogOcInput: OculusInput pre-init called
[2020.02.21-03.58.50:284][  0]LogWindows: Failed to load 'libalias_api.dll' (GetLastError=126)
[2020.02.21-03.58.50:284][  0]LogWindows: File 'libalias_api.dll' does not exist
[2020.02.21-03.58.50:286][  0]LogWindows: Failed to load 'libalias_api.dll' (GetLastError=126)
[2020.02.21-03.58.50:286][  0]LogWindows: File 'libalias_api.dll' does not exist
[2020.02.21-03.58.50:422][  0]LogEngine: Initializing Engine...
[2020.02.21-03.58.50:452][  0]LogHMD: Failed to initialize OpenVR with code 126
[2020.02.21-03.58.50:453][  0]LogStats: UGameplayTagsManager::InitializeManager -  0.000 s
[2020.02.21-03.58.50:658][  0]LogInit: Initializing FReadOnlyCVARCache
[2020.02.21-03.58.50:681][  0]LogAIModule: Creating AISystem for world Untitled
[2020.02.21-03.58.50:827][  0]LogInit: XAudio2 using 'Headset Earphone (2- Corsair HS70 Wireless Gaming Headset)' : 2 channels at 48 kHz using 16 bits per sample (channel mask 0x3)
[2020.02.21-03.58.50:853][  0]LogInit: FAudioDevice initialized.
[2020.02.21-03.58.50:853][  0]LogNetVersion: Set ProjectVersion to 1.0.0.0. Version Checksum will be recalculated on next use.
[2020.02.21-03.58.51:198][  0]LogDerivedDataCache: Saved boot cache 0.35s 73MB C:/Users/Gregory/AppData/Local/UnrealEngine/4.22/DerivedDataCache/Boot.ddc.
[2020.02.21-03.58.51:206][  0]LogInit: Texture streaming: Enabled
[2020.02.21-03.58.51:229][  0]LogEngineSessionManager: EngineSessionManager initialized
[2020.02.21-03.58.51:256][  0]LogInit: Transaction tracking system initialized
[2020.02.21-03.58.51:290][  0]BlueprintLog: New page: Editor Load
[2020.02.21-03.58.51:413][  0]LocalizationService: Localization service is disabled
[2020.02.21-03.58.51:719][  0]LogFileCache: Scanning file cache for directory 'E:/SeniorProject/PollutionProject/SeniorProject/Content/' took 0.02s
[2020.02.21-03.58.51:719][  0]LogCook: Display: Max memory allowance for cook 16384mb min free memory 0mb
[2020.02.21-03.58.51:719][  0]LogCook: Display: Mobile HDR setting 1
[2020.02.21-03.58.53:846][  0]Cmd: MAP LOAD FILE="E:/SeniorProject/PollutionProject/SeniorProject/Content/Levels/GreyBoxLVL4.umap" TEMPLATE=0 SHOWPROGRESS=1 FEATURELEVEL=3
[2020.02.21-03.58.53:846][  0]LightingResults: New page: Lighting Build
[2020.02.21-03.58.53:850][  0]MapCheck: New page: Map Check
[2020.02.21-03.58.53:850][  0]LightingResults: New page: Lighting Build
[2020.02.21-03.58.53:871][  0]LogUObjectHash: Compacting FUObjectHashTables data took   1.37ms
[2020.02.21-03.58.57:593][  0]LogStaticMesh: Building static mesh Window_001F...
[2020.02.21-03.58.58:290][  0]LogStaticMesh: Built static mesh [0.74s] /Game/Assets/Windows/Window_001F.Window_001F
[2020.02.21-03.58.58:401][  0]LogStaticMesh: Building static mesh Window_001L...
[2020.02.21-03.58.58:405][  0]LogStaticMesh: Built static mesh [0.02s] /Game/Assets/Windows/Window_001L.Window_001L
[2020.02.21-03.58.58:440][  0]LogStaticMesh: Building static mesh Window_001E...
[2020.02.21-03.58.58:447][  0]LogStaticMesh: Built static mesh [0.01s] /Game/Assets/Windows/Window_001E.Window_001E
[2020.02.21-03.59.00:116][  0]LogMeshUtilities: Discarded distance field for Window_001F as mesh was not closed!  Assign a two-sided material to fix.
[2020.02.21-03.59.00:116][  0]LogMeshUtilities: Finished distance field build in 1.6s - 23x8x25 distance field, 226 triangles, Range [-0.1, 0.6], Window_001F
[2020.02.21-03.59.00:116][  0]LogMeshUtilities: Finished distance field build in 0.0s - 13x8x35 distance field, 192 triangles, Range [-0.1, 0.4], Window_001E
[2020.02.21-03.59.00:116][  0]LogMeshUtilities: Discarded distance field for Window_001L as mesh was not closed!  Assign a two-sided material to fix.
[2020.02.21-03.59.00:116][  0]LogMeshUtilities: Finished distance field build in 0.0s - 12x8x23 distance field, 68 triangles, Range [-0.1, 0.4], Window_001L
[2020.02.21-03.59.00:419][  0]LogStaticMesh: Building static mesh Window_001A...
[2020.02.21-03.59.00:430][  0]LogStaticMesh: Built static mesh [0.01s] /Game/Assets/Windows/Window_001A.Window_001A
[2020.02.21-03.59.00:442][  0]LogStaticMesh: Building static mesh Window_001G...
[2020.02.21-03.59.00:452][  0]LogStaticMesh: Built static mesh [0.01s] /Game/Assets/Windows/Window_001G.Window_001G
[2020.02.21-03.59.01:746][  0]LogMeshUtilities: Finished distance field build in 0.1s - 17x8x41 distance field, 214 triangles, Range [-0.1, 0.4], Window_001A
[2020.02.21-03.59.01:746][  0]LogStaticMesh: Building static mesh Boat_Bottom...
[2020.02.21-03.59.01:758][  0]LogStaticMesh: Built static mesh [0.02s] /Game/Assets/Dock/Boat_Bottom.Boat_Bottom
[2020.02.21-03.59.01:830][  0]LogStaticMesh: Building static mesh Boat_Rope...
[2020.02.21-03.59.01:871][  0]LogStaticMesh: Built static mesh [0.04s] /Game/Assets/Dock/Boat_Rope.Boat_Rope
[2020.02.21-03.59.01:905][  0]LogStaticMesh: Building static mesh Boat_Top...
[2020.02.21-03.59.02:170][  0]LogStaticMesh: Built static mesh [0.28s] /Game/Assets/Dock/Boat_Top.Boat_Top
[2020.02.21-03.59.04:587][  0]LogStaticMesh: Building static mesh Building_001U...
[2020.02.21-03.59.04:607][  0]LogStaticMesh: Built static mesh [0.03s] /Game/Assets/structure/Building_001U.Building_001U
[2020.02.21-03.59.05:118][  0]LogStaticMesh: Building static mesh Window_001B...
[2020.02.21-03.59.05:136][  0]LogStaticMesh: Built static mesh [0.02s] /Game/Assets/Windows/Window_001B.Window_001B
[2020.02.21-03.59.11:563][  0]LogMeshUtilities: Finished distance field build in 4.1s - 64x64x64 distance field, 1887 triangles, Range [-0.1, 0.6], Boat_Bottom
[2020.02.21-03.59.11:563][  0]LogStaticMesh: Building static mesh Window_001D...
[2020.02.21-03.59.11:570][  0]LogStaticMesh: Built static mesh [0.01s] /Game/Assets/Windows/Window_001D.Window_001D
[2020.02.21-03.59.11:583][  0]LogStaticMesh: Building static mesh Window_001I...
[2020.02.21-03.59.11:589][  0]LogStaticMesh: Built static mesh [0.01s] /Game/Assets/Windows/Window_001I.Window_001I
[2020.02.21-03.59.11:590][  0]LogStaticMesh: Building static mesh Window_001J...
[2020.02.21-03.59.11:596][  0]LogStaticMesh: Built static mesh [0.01s] /Game/Assets/Windows/Window_001J.Window_001J
[2020.02.21-03.59.11:651][  0]LogStaticMesh: Building static mesh Window_001M...
[2020.02.21-03.59.11:661][  0]LogStaticMesh: Built static mesh [0.01s] /Game/Assets/Windows/Window_001M.Window_001M
[2020.02.21-03.59.13:543][  0]LogMeshUtilities: Discarded distance field for Window_001D as mesh was not closed!  Assign a two-sided material to fix.
[2020.02.21-03.59.13:543][  0]LogMeshUtilities: Finished distance field build in 0.0s - 12x8x24 distance field, 192 triangles, Range [-0.1, 0.4], Window_001D
[2020.02.21-03.59.13:543][  0]LogMaterial: Display: Missing cached shader map for material CubeMaterial, compiling. 
[2020.02.21-03.59.14:535][  0]LogMaterial: Display: Missing cached shader map for material 01_-_Default, compiling. 
[2020.02.21-03.59.17:257][  0]LogAnimationCompression: Building Anim DDC data for AnimSequence /Game/Assets/BoxAni/Box_Animation_LobsterTrap_001A001_Anim.Box_Animation_LobsterTrap_001A001_Anim
[2020.02.21-03.59.17:445][  0]LogAnimationCompression: Compression Requested for Empty Animation Box_Animation_LobsterTrap_001A001_Anim
[2020.02.21-03.59.24:792][  0]LogAIModule: Creating AISystem for world GreyBoxLVL4
[2020.02.21-03.59.24:812][  0]LogMaterial: Warning: Material /Game/Assets/Dock/01_-_Default.01_-_Default needed to have new flag set bUsedWithInstancedStaticMeshes !
[2020.02.21-03.59.24:830][  0]LogMaterial: Display: Missing cached shader map for material 01_-_Default, compiling. 
[2020.02.21-03.59.24:888][  0]MapCheck: Warning: 01_-_Default Material /Game/Assets/Dock/01_-_Default.01_-_Default was missing the usage flag bUsedWithInstancedStaticMeshes. If the material asset is not re-saved, it may not render correctly when run outside the editor. Fix
[2020.02.21-03.59.24:892][  0]LogMaterial: Warning: Material /Game/Assets/Windows/02_-_Default.02_-_Default needed to have new flag set bUsedWithInstancedStaticMeshes !
[2020.02.21-03.59.24:897][  0]LogMaterial: Display: Missing cached shader map for material 02_-_Default, compiling. 
[2020.02.21-03.59.24:929][  0]MapCheck: Warning: 02_-_Default Material /Game/Assets/Windows/02_-_Default.02_-_Default was missing the usage flag bUsedWithInstancedStaticMeshes. If the material asset is not re-saved, it may not render correctly when run outside the editor. Fix
[2020.02.21-03.59.24:932][  0]LogMaterial: Warning: Material /Game/Assets/Windows/08_-_Default.08_-_Default needed to have new flag set bUsedWithInstancedStaticMeshes !
[2020.02.21-03.59.24:953][  0]LogMaterial: Display: Missing cached shader map for material 08_-_Default, compiling. 
[2020.02.21-03.59.24:984][  0]MapCheck: Warning: 08_-_Default Material /Game/Assets/Windows/08_-_Default.08_-_Default was missing the usage flag bUsedWithInstancedStaticMeshes. If the material asset is not re-saved, it may not render correctly when run outside the editor. Fix
[2020.02.21-03.59.28:326][  0]LogEditorServer: Finished looking for orphan Actors (0.001 secs)
[2020.02.21-03.59.28:455][  0]LogUObjectHash: Compacting FUObjectHashTables data took   5.54ms
[2020.02.21-03.59.28:455][  0]Cmd: MAP CHECKDEP NOCLEARLOG
[2020.02.21-03.59.28:456][  0]MapCheck: Map check complete: 0 Error(s), 3 Warning(s), took 0.68ms to complete.
[2020.02.21-03.59.28:461][  0]LogFileHelpers: Loading map 'GreyBoxLVL4' took 34.616
[2020.02.21-03.59.28:880][  0]LogSlate: Updating window title bar state: overlay mode, drag disabled, window buttons hidden, title bar hidden
[2020.02.21-03.59.28:893][  0]LogSlate: Updating window title bar state: overlay mode, drag disabled, window buttons hidden, title bar hidden
[2020.02.21-03.59.28:907][  0]LogSlate: Updating window title bar state: overlay mode, drag disabled, window buttons hidden, title bar hidden
[2020.02.21-03.59.28:920][  0]LogSlate: Updating window title bar state: overlay mode, drag disabled, window buttons hidden, title bar hidden
[2020.02.21-03.59.28:963][  0]LogCollectionManager: Loaded 0 collections in 0.004406 seconds
[2020.02.21-03.59.29:034][  0]LogFileCache: Scanning file cache for directory 'E:/SeniorProject/PollutionProject/SeniorProject/Saved/Collections/' took 0.01s
[2020.02.21-03.59.29:034][  0]LogFileCache: Scanning file cache for directory 'E:/SeniorProject/PollutionProject/SeniorProject/Content/Developers/Gregory/Collections/' took 0.00s
[2020.02.21-03.59.29:034][  0]LogFileCache: Scanning file cache for directory 'E:/SeniorProject/PollutionProject/SeniorProject/Content/Collections/' took 0.01s
[2020.02.21-03.59.29:034][  0]LogCollectionManager: Rebuilt the GUID cache for 0 collections in 0.000001 seconds
[2020.02.21-03.59.29:049][  0]LogContentBrowser: Native class hierarchy populated in 0.0148 seconds. Added 2876 classes and 729 folders.
[2020.02.21-03.59.29:141][  0]LogContentBrowser: Native class hierarchy updated for 'WidgetCarousel' in 0.0004 seconds. Added 0 classes and 0 folders.
[2020.02.21-03.59.29:190][  0]LogPakFile: Registered encryption key '00000000000000000000000000000000': 0 pak files mounted, 0 remain pending
[2020.02.21-03.59.29:227][  0]LogPakFile: Registered encryption key '00000000000000000000000000000000': 0 pak files mounted, 0 remain pending
[2020.02.21-03.59.29:267][  0]LogPakFile: Registered encryption key '00000000000000000000000000000000': 0 pak files mounted, 0 remain pending
[2020.02.21-03.59.29:300][  0]LogPakFile: Registered encryption key '00000000000000000000000000000000': 0 pak files mounted, 0 remain pending
[2020.02.21-03.59.29:318][  0]LogPakFile: Registered encryption key '00000000000000000000000000000000': 0 pak files mounted, 0 remain pending
[2020.02.21-03.59.29:342][  0]LogPakFile: Registered encryption key '00000000000000000000000000000000': 0 pak files mounted, 0 remain pending
[2020.02.21-03.59.29:361][  0]LogPakFile: Registered encryption key '00000000000000000000000000000000': 0 pak files mounted, 0 remain pending
[2020.02.21-03.59.29:378][  0]LogPakFile: Registered encryption key '00000000000000000000000000000000': 0 pak files mounted, 0 remain pending
[2020.02.21-03.59.29:397][  0]LogPakFile: Registered encryption key '00000000000000000000000000000000': 0 pak files mounted, 0 remain pending
[2020.02.21-03.59.29:517][  0]LogPakFile: Registered encryption key '00000000000000000000000000000000': 0 pak files mounted, 0 remain pending
[2020.02.21-03.59.29:536][  0]LogPakFile: Registered encryption key '00000000000000000000000000000000': 0 pak files mounted, 0 remain pending
[2020.02.21-03.59.29:557][  0]LogPakFile: Registered encryption key '00000000000000000000000000000000': 0 pak files mounted, 0 remain pending
[2020.02.21-03.59.29:573][  0]LogPakFile: Registered encryption key '00000000000000000000000000000000': 0 pak files mounted, 0 remain pending
[2020.02.21-03.59.29:589][  0]LogPakFile: Registered encryption key '00000000000000000000000000000000': 0 pak files mounted, 0 remain pending
[2020.02.21-03.59.29:601][  0]LogPakFile: Registered encryption key '00000000000000000000000000000000': 0 pak files mounted, 0 remain pending
[2020.02.21-03.59.29:620][  0]LogPakFile: Registered encryption key '00000000000000000000000000000000': 0 pak files mounted, 0 remain pending
[2020.02.21-03.59.29:668][  0]LogPakFile: Registered encryption key '00000000000000000000000000000000': 0 pak files mounted, 0 remain pending
[2020.02.21-03.59.29:676][  0]LogPakFile: Registered encryption key '00000000000000000000000000000000': 0 pak files mounted, 0 remain pending
[2020.02.21-03.59.29:703][  0]LogPakFile: Registered encryption key '00000000000000000000000000000000': 0 pak files mounted, 0 remain pending
[2020.02.21-03.59.29:722][  0]LogPakFile: Registered encryption key '00000000000000000000000000000000': 0 pak files mounted, 0 remain pending
[2020.02.21-03.59.29:743][  0]LogPakFile: Registered encryption key '00000000000000000000000000000000': 0 pak files mounted, 0 remain pending
[2020.02.21-03.59.29:761][  0]LogPakFile: Registered encryption key '00000000000000000000000000000000': 0 pak files mounted, 0 remain pending
[2020.02.21-03.59.29:776][  0]LogPakFile: Registered encryption key '00000000000000000000000000000000': 0 pak files mounted, 0 remain pending
[2020.02.21-03.59.29:798][  0]LogPakFile: Registered encryption key '00000000000000000000000000000000': 0 pak files mounted, 0 remain pending
[2020.02.21-03.59.29:812][  0]LogPakFile: Registered encryption key '00000000000000000000000000000000': 0 pak files mounted, 0 remain pending
[2020.02.21-03.59.29:828][  0]LogPakFile: Registered encryption key '00000000000000000000000000000000': 0 pak files mounted, 0 remain pending
[2020.02.21-03.59.29:844][  0]LogPakFile: Registered encryption key '00000000000000000000000000000000': 0 pak files mounted, 0 remain pending
[2020.02.21-03.59.29:865][  0]LogPakFile: Registered encryption key '00000000000000000000000000000000': 0 pak files mounted, 0 remain pending
[2020.02.21-03.59.31:998][  0]LogContentBrowser: Native class hierarchy updated for 'AddContentDialog' in 0.0005 seconds. Added 0 classes and 0 folders.
[2020.02.21-03.59.32:016][  0]LogContentBrowser: Native class hierarchy updated for 'SceneOutliner' in 0.0006 seconds. Added 1 classes and 0 folders.
[2020.02.21-03.59.32:079][  0]LogSlate: Took 0.000251 seconds to synchronously load lazily loaded font '../../../Engine/Content/Slate/Fonts/Roboto-Regular.ttf' (155K)
[2020.02.21-03.59.32:082][  0]LogSlate: Took 0.000248 seconds to synchronously load lazily loaded font '../../../Engine/Content/Slate/Fonts/Roboto-Bold.ttf' (160K)
[2020.02.21-03.59.32:104][  0]LogSlate: Took 0.015415 seconds to synchronously load lazily loaded font '../../../Engine/Content/Editor/Slate/Fonts/FontAwesome.ttf' (139K)
[2020.02.21-03.59.32:380][  0]LogRenderer: Reallocating scene render targets to support 1004x552 Format 10 NumSamples 1 (Frame:1).
[2020.02.21-03.59.32:469][  0]LogStaticMesh: Allocated 512x384x64 distance field atlas = 24.0Mb, with 143 objects containing 20.3Mb backing data
[2020.02.21-03.59.32:750][  0]LogSlate: Took 0.036636 seconds to synchronously load lazily loaded font '../../../Engine/Content/Slate/Fonts/Roboto-Light.ttf' (167K)
[2020.02.21-03.59.33:324][  0]LogContentBrowser: Native class hierarchy updated for 'HierarchicalLODOutliner' in 0.0007 seconds. Added 0 classes and 0 folders.
[2020.02.21-03.59.33:324][  0]LogLoad: (Engine Initialization) Total time: 284.12 seconds
[2020.02.21-03.59.33:324][  0]LogLoad: (Engine Initialization) Total Blueprint compile time: 0.00 seconds
[2020.02.21-03.59.34:034][  0]LogContentStreaming: Texture pool size now 1000 MB
[2020.02.21-03.59.34:450][  1]LogAssetRegistry: Asset discovery search completed in 183.2508 seconds
[2020.02.21-03.59.34:454][  1]LogCollectionManager: Rebuilt the object cache for 0 collections in 0.000000 seconds (found 0 objects)
[2020.02.21-03.59.34:454][  1]LogCollectionManager: Fixed up redirectors for 0 collections in 0.000058 seconds (updated 0 objects)
[2020.02.21-03.59.34:566][  1]LogMeshUtilities: Finished distance field build in 0.3s - 12x31x24 distance field, 238 triangles, Range [-0.2, 0.6], Window_001M
[2020.02.21-03.59.34:894][  3]LogMeshUtilities: Discarded distance field for Window_001J as mesh was not closed!  Assign a two-sided material to fix.
[2020.02.21-03.59.34:894][  3]LogMeshUtilities: Finished distance field build in 0.0s - 12x8x23 distance field, 40 triangles, Range [-0.1, 0.4], Window_001J
[2020.02.21-03.59.35:173][ 11]LogMeshUtilities: Discarded distance field for Window_001I as mesh was not closed!  Assign a two-sided material to fix.
[2020.02.21-03.59.35:173][ 11]LogMeshUtilities: Finished distance field build in 0.1s - 15x8x22 distance field, 182 triangles, Range [-0.1, 0.4], Window_001I
[2020.02.21-03.59.35:353][ 21]LogMeshUtilities: Finished distance field build in 0.1s - 24x8x22 distance field, 334 triangles, Range [-0.0, 0.6], Window_001B
[2020.02.21-03.59.36:948][ 30]LogMeshUtilities: Finished distance field build in 1.5s - 30x28x53 distance field, 336 triangles, Range [-0.2, 0.7], Building_001U
[2020.02.21-03.59.41:452][ 33]LogMeshUtilities: Finished distance field build in 4.0s - 64x64x64 distance field, 17142 triangles, Range [-0.2, 1.0], Boat_Top
[2020.02.21-03.59.41:885][ 33]LogFileCache: Retrieving MD5 hashes for directory 'E:/SeniorProject/PollutionProject/SeniorProject/Content/' took 7.94s
[2020.02.21-03.59.48:373][210]LogMeshUtilities: Finished distance field build in 6.3s - 64x64x64 distance field, 2904 triangles, Range [-0.0, 1.0], Boat_Rope
[2020.02.21-03.59.48:662][216]LogMeshUtilities: Finished distance field build in 0.2s - 15x8x22 distance field, 238 triangles, Range [-0.0, 0.4], Window_001G
[2020.02.21-04.00.48:419][887]LogSlate: FSceneViewport::OnFocusLost() reason 0
[2020.02.21-04.01.16:329][480]LogSlate: Took 0.000272 seconds to synchronously load lazily loaded font '../../../Engine/Content/Slate/Fonts/Roboto-Light.ttf' (167K)
[2020.02.21-04.01.16:337][480]LogAssetEditorManager: Opening Asset editor for Class /Script/SeniorProject.FirstPersonCharacter
[2020.02.21-04.02.33:497][685]LogUnrealEdMisc: Warning: Heartbeat event firing too frequently (39.523 sec). This should never happen. Something is wrong with the timer delegate!
[2020.02.21-04.03.36:759][360]LogSlate: FSceneViewport::OnFocusLost() reason 0
[2020.02.21-04.03.44:588][750]LogSlate: FSceneViewport::OnFocusLost() reason 0
[2020.02.21-04.04.07:508][949]LogSlate: FSceneViewport::OnFocusLost() reason 0
[2020.02.21-04.04.07:820][949]LogTemp: Repeating last play command: Selected Viewport
[2020.02.21-04.04.07:878][949]LogBlueprintUserMessages: Early PlayInEditor Detection: Level '/Game/Levels/GreyBoxLVL4.GreyBoxLVL4:PersistentLevel' has LevelScriptBlueprint '/Game/Levels/GreyBoxLVL4.GreyBoxLVL4:PersistentLevel.GreyBoxLVL4' with GeneratedClass '/Game/Levels/GreyBoxLVL4.GreyBoxLVL4_C' with ClassGeneratedBy '/Game/Levels/GreyBoxLVL4.GreyBoxLVL4:PersistentLevel.GreyBoxLVL4'
[2020.02.21-04.04.07:878][949]LogPlayLevel: PlayLevel: No blueprints needed recompiling
[2020.02.21-04.04.07:934][949]PIE: New page: PIE session: GreyBoxLVL4 (Feb 20, 2020, 6:04:07 PM)
[2020.02.21-04.04.07:983][949]LogPlayLevel: Creating play world package: /Game/Levels/UEDPIE_0_GreyBoxLVL4
[2020.02.21-04.04.08:583][949]LogPlayLevel: PIE: StaticDuplicateObject took: (0.599780s)
[2020.02.21-04.04.08:583][949]LogAIModule: Creating AISystem for world GreyBoxLVL4
[2020.02.21-04.04.08:602][949]LogPlayLevel: PIE: World Init took: (0.018711s)
[2020.02.21-04.04.08:602][949]LogPlayLevel: PIE: Created PIE world by copying editor world from /Game/Levels/GreyBoxLVL4.GreyBoxLVL4 to /Game/Levels/UEDPIE_0_GreyBoxLVL4.GreyBoxLVL4 (0.619192s)
[2020.02.21-04.04.08:629][949]LogUObjectHash: Compacting FUObjectHashTables data took   1.55ms
[2020.02.21-04.04.08:804][949]LogInit: XAudio2 using 'Headset Earphone (2- Corsair HS70 Wireless Gaming Headset)' : 2 channels at 48 kHz using 16 bits per sample (channel mask 0x3)
[2020.02.21-04.04.08:829][949]LogInit: FAudioDevice initialized.
[2020.02.21-04.04.08:942][949]LogLoad: Game class is 'FirstPersonGameMode_C'
[2020.02.21-04.04.09:175][949]LogWorld: Bringing World /Game/Levels/UEDPIE_0_GreyBoxLVL4.GreyBoxLVL4 up for play (max tick rate 0) at 2020.02.20-23.04.09
[2020.02.21-04.04.09:442][949]LogWorld: Bringing up level for play took: 0.476309
[2020.02.21-04.04.09:609][949]LogContentBrowser: Native class hierarchy updated for 'MovieSceneCapture' in 0.0004 seconds. Added 20 classes and 0 folders.
[2020.02.21-04.04.09:635][949]LogScript: Warning: Script Msg: Attempted to access index 0 from array 'CallFunc_GetAllActorsOfClass_OutActors' of length 0 in '/Game/BP/Log.Log_C:ExecuteUbergraph_Log'!
[2020.02.21-04.04.09:635][949]LogScript: Warning: Script Msg: Attempted to access index 0 from array 'CallFunc_GetAllActorsOfClass_OutActors' of length 0 in '/Game/FinishStopper.FinishStopper_C:ExecuteUbergraph_FinishStopper'!
[2020.02.21-04.04.09:636][949]LogScript: Warning: Script Msg: Attempted to access index 0 from array 'CallFunc_GetAllActorsOfClass_OutActors' of length 0 in '/Game/BP/Checkpoint.Checkpoint_C:ExecuteUbergraph_Checkpoint'!
[2020.02.21-04.04.09:636][949]LogScript: Warning: Script Msg: Attempted to access index 0 from array 'CallFunc_GetAllActorsOfClass_OutActors' of length 0 in '/Game/BP/Checkpoint.Checkpoint_C:ExecuteUbergraph_Checkpoint'!
[2020.02.21-04.04.09:636][949]LogScript: Warning: Script Msg: Attempted to access index 0 from array 'CallFunc_GetAllActorsOfClass_OutActors' of length 0 in '/Game/BP/OutroTrigger.OutroTrigger_C:ExecuteUbergraph_OutroTrigger'!
[2020.02.21-04.04.09:636][949]LogScript: Warning: Script Msg: Attempted to access index 0 from array 'CallFunc_GetAllActorsOfClass_OutActors' of length 0 in '/Game/BP/InteractiveLog.InteractiveLog_C:ExecuteUbergraph_InteractiveLog'!
[2020.02.21-04.04.09:636][949]LogScript: Warning: Script Msg: Attempted to access index 0 from array 'CallFunc_GetAllActorsOfClass_OutActors' of length 0 in '/Game/BP/Respawn.Respawn_C:ExecuteUbergraph_Respawn'!
[2020.02.21-04.04.09:636][949]LogScript: Warning: Script Msg: Attempted to access index 0 from array 'CallFunc_GetAllActorsOfClass_OutActors' of length 0 in '/Game/BP/Respawn.Respawn_C:ExecuteUbergraph_Respawn'!
[2020.02.21-04.04.09:797][949]PIE: Play in editor start time for /Game/Levels/UEDPIE_0_GreyBoxLVL4 2.583
[2020.02.21-04.04.09:798][949]LogBlueprintUserMessages: Late PlayInEditor Detection: Level '/Game/Levels/GreyBoxLVL4.GreyBoxLVL4:PersistentLevel' has LevelScriptBlueprint '/Game/Levels/GreyBoxLVL4.GreyBoxLVL4:PersistentLevel.GreyBoxLVL4' with GeneratedClass '/Game/Levels/GreyBoxLVL4.GreyBoxLVL4_C' with ClassGeneratedBy '/Game/Levels/GreyBoxLVL4.GreyBoxLVL4:PersistentLevel.GreyBoxLVL4'
[2020.02.21-04.04.15:619][541]LogSlate: Warning: Legacy localized fallback font '../../../Engine/Content/Slate/Fonts/DroidSansFallback.ttf' was requested. Font: '/Engine/EngineFonts/Faces/RobotoBold.RobotoBold', Character: ' (U+0019)'
Legacy localized fallback fonts were deprecated in 4.22 and will be removed in a future version!
Please update your composite fonts to use localized sub-font families: https://docs.unrealengine.com/en-US/Engine/UMG/UserGuide/Fonts/Overview
[2020.02.21-04.04.15:719][541]LogSlate: Took 0.099704 seconds to synchronously load lazily loaded font '../../../Engine/Content/Slate/Fonts/DroidSansFallback.ttf' (3848K)
[2020.02.21-04.04.15:719][541]LogSlate: Last resort fallback font was requested. Font: '/Engine/EngineFonts/Faces/RobotoBold.RobotoBold', Character: ' (U+0019)'
[2020.02.21-04.04.15:803][541]LogSlate: Took 0.081804 seconds to synchronously load lazily loaded font '../../../Engine/Content/SlateDebug/Fonts/LastResort.ttf' (5269K)
[2020.02.21-04.04.17:828][771]LogOutputDevice: Warning: 

Script Stack (0 frames):

[2020.02.21-04.04.17:828][771]LogWindows: Windows GetLastError: The operation completed successfully. (0)
[2020.02.21-04.05.18:342][771]LogWindows: Error: === Critical error: ===
[2020.02.21-04.05.18:342][771]LogWindows: Error: 
[2020.02.21-04.05.18:342][771]LogWindows: Error: Assertion failed: (Index >= 0) & (Index < ArrayNum) [File:C:\Program Files\Epic Games\UE_4.22\Engine\Source\Runtime\Core\Public\Containers/Array.h] [Line: 611] 
[2020.02.21-04.05.18:342][771]LogWindows: Error: Array index out of bounds: 0 from an array of size 0
[2020.02.21-04.05.18:342][771]LogWindows: Error: 
[2020.02.21-04.05.18:342][771]LogWindows: Error: 
[2020.02.21-04.05.18:342][771]LogWindows: Error: 
[2020.02.21-04.05.18:388][771]LogExit: Executing StaticShutdownAfterError
[2020.02.21-04.05.18:495][771]LogWindows: FPlatformMisc::RequestExit(1)
[2020.02.21-04.05.18:541][771]Log file closed, 02/20/20 23:05:18
