Log file open, 09/28/19 10:16:00
LogWindows: Failed to load 'aqProf.dll' (GetLastError=126)
LogWindows: File 'aqProf.dll' does not exist
LogWindows: Failed to load 'VtuneApi.dll' (GetLastError=126)
LogWindows: File 'VtuneApi.dll' does not exist
LogWindows: Failed to load 'VtuneApi32e.dll' (GetLastError=126)
LogWindows: File 'VtuneApi32e.dll' does not exist
LogConsoleResponse: Display: Failed to find resolution value strings in scalability ini. Falling back to default.
LogInit: Display: Running engine for game: SeniorProject
LogPakFile: Registered encryption key '00000000000000000000000000000000': 0 pak files mounted, 0 remain pending
LogPlatformFile: Not using cached read wrapper
LogTaskGraph: Started task graph with 5 named threads and 23 total threads with 3 sets of task threads.
LogStats: Stats thread started at 0.369648
LogD3D11RHI: Loaded GFSDK_Aftermath_Lib.x64.dll
LogICUInternationalization: ICU TimeZone Detection - Raw Offset: -5:00, Platform Override: ''
LogPluginManager: Mounting plugin Paper2D
LogPluginManager: Mounting plugin AISupport
LogPluginManager: Mounting plugin LightPropagationVolume
LogPluginManager: Mounting plugin ActorLayerUtilities
LogPluginManager: Mounting plugin AnimationSharing
LogPluginManager: Mounting plugin CLionSourceCodeAccess
LogPluginManager: Mounting plugin CodeLiteSourceCodeAccess
LogPluginManager: Mounting plugin GitSourceControl
LogPluginManager: Mounting plugin KDevelopSourceCodeAccess
LogPluginManager: Mounting plugin NullSourceCodeAccess
LogPluginManager: Mounting plugin PerforceSourceControl
LogPluginManager: Mounting plugin SubversionSourceControl
LogPluginManager: Mounting plugin UObjectPlugin
LogPluginManager: Mounting plugin VisualStudioCodeSourceCodeAccess
LogPluginManager: Mounting plugin VisualStudioSourceCodeAccess
LogPluginManager: Mounting plugin XCodeSourceCodeAccess
LogPluginManager: Mounting plugin AssetManagerEditor
LogPluginManager: Mounting plugin CryptoKeys
LogPluginManager: Mounting plugin DataValidation
LogPluginManager: Mounting plugin EditorScriptingUtilities
LogPluginManager: Mounting plugin FacialAnimation
LogPluginManager: Mounting plugin GameplayTagsEditor
LogPluginManager: Mounting plugin GLTFImporter
LogPluginManager: Mounting plugin MacGraphicsSwitching
LogPluginManager: Mounting plugin MaterialAnalyzer
LogPluginManager: Mounting plugin MeshEditor
LogPluginManager: Mounting plugin MobileLauncherProfileWizard
LogPluginManager: Mounting plugin PluginBrowser
LogPluginManager: Mounting plugin SpeedTreeImporter
LogPluginManager: Mounting plugin DatasmithContent
LogPluginManager: Mounting plugin VariantManagerContent
LogPluginManager: Mounting plugin AlembicImporter
LogPluginManager: Mounting plugin AppleImageUtils
LogPluginManager: Mounting plugin AppleVision
LogPluginManager: Mounting plugin BackChannel
LogPluginManager: Mounting plugin BlastPlugin
LogPluginManager: Mounting plugin ChaosSolverPlugin
LogPluginManager: Mounting plugin CharacterAI
LogPluginManager: Mounting plugin GeometryCache
LogPluginManager: Mounting plugin GeometryCollectionPlugin
LogPluginManager: Mounting plugin HTML5Networking
LogPluginManager: Mounting plugin ProxyLODPlugin
LogPluginManager: Mounting plugin SkeletalReduction
LogPluginManager: Mounting plugin MagicLeap
LogPluginManager: Mounting plugin MagicLeapMedia
LogPluginManager: Mounting plugin AndroidMedia
LogPluginManager: Mounting plugin AvfMedia
LogPluginManager: Mounting plugin ImgMedia
LogPluginManager: Mounting plugin LinearTimecode
LogPluginManager: Mounting plugin MediaCompositing
LogPluginManager: Mounting plugin MediaPlayerEditor
LogPluginManager: Mounting plugin WebMMedia
LogPluginManager: Mounting plugin WmfMedia
LogPluginManager: Mounting plugin TcpMessaging
LogPluginManager: Mounting plugin UdpMessaging
LogPluginManager: Mounting plugin ActorSequence
LogPluginManager: Mounting plugin LevelSequenceEditor
LogPluginManager: Mounting plugin MatineeToLevelSequence
LogPluginManager: Mounting plugin NetcodeUnitTest
LogPluginManager: Mounting plugin NUTUnrealEngine4
LogPluginManager: Mounting plugin OnlineSubsystemGooglePlay
LogPluginManager: Mounting plugin OnlineSubsystemIOS
LogPluginManager: Mounting plugin OnlineSubsystem
LogPluginManager: Mounting plugin OnlineSubsystemNull
LogPluginManager: Mounting plugin OnlineSubsystemUtils
LogPluginManager: Mounting plugin LauncherChunkInstaller
LogPluginManager: Mounting plugin AndroidDeviceProfileSelector
LogPluginManager: Mounting plugin AndroidMoviePlayer
LogPluginManager: Mounting plugin AndroidPermission
LogPluginManager: Mounting plugin AppleMoviePlayer
LogPluginManager: Mounting plugin ArchVisCharacter
LogPluginManager: Mounting plugin AudioCapture
LogPluginManager: Mounting plugin CableComponent
LogPluginManager: Mounting plugin CustomMeshComponent
LogPluginManager: Mounting plugin EditableMesh
LogPluginManager: Mounting plugin ExampleDeviceProfileSelector
LogPluginManager: Mounting plugin Firebase
LogPluginManager: Mounting plugin GoogleCloudMessaging
LogPluginManager: Mounting plugin IOSDeviceProfileSelector
LogPluginManager: Mounting plugin LinuxDeviceProfileSelector
LogPluginManager: Mounting plugin LocationServicesBPLibrary
LogPluginManager: Mounting plugin MobilePatchingUtils
LogPluginManager: Mounting plugin OculusVR
LogPluginManager: Mounting plugin PhysXVehicles
LogPluginManager: Mounting plugin ProceduralMeshComponent
LogPluginManager: Mounting plugin RuntimePhysXCooking
LogPluginManager: Mounting plugin SignificanceManager
LogPluginManager: Mounting plugin SteamVR
LogPluginManager: Mounting plugin WebMMoviePlayer
LogPluginManager: Mounting plugin WindowsMoviePlayer
LogPluginManager: Mounting plugin DatasmithCADImporter
LogPluginManager: Mounting plugin DatasmithDataPrepEditor
LogPluginManager: Mounting plugin DatasmithFBXImporter
LogPluginManager: Mounting plugin DatasmithGLTFImporter
LogPluginManager: Mounting plugin DatasmithImporter
LogPluginManager: Mounting plugin MDLImporter
LogPluginManager: Mounting plugin StaticMeshEditorExtension
LogPluginManager: Mounting plugin VariantManager
LogInit: Using libcurl 7.55.1-DEV
LogInit:  - built for x86_64-pc-win32
LogInit:  - supports SSL with OpenSSL/1.1.1
LogInit:  - supports HTTP deflate (compression) using libz 1.2.8
LogInit:  - other features:
LogInit:      CURL_VERSION_SSL
LogInit:      CURL_VERSION_LIBZ
LogInit:      CURL_VERSION_IPV6
LogInit:      CURL_VERSION_ASYNCHDNS
LogInit:      CURL_VERSION_LARGEFILE
LogInit:      CURL_VERSION_IDN
LogInit:  CurlRequestOptions (configurable via config and command line):
LogInit:  - bVerifyPeer = true  - Libcurl will verify peer certificate
LogInit:  - bUseHttpProxy = false  - Libcurl will NOT use HTTP proxy
LogInit:  - bDontReuseConnections = false  - Libcurl will reuse connections
LogInit:  - MaxHostConnections = 16  - Libcurl will limit the number of connections to a host
LogInit:  - LocalHostAddr = Default
LogInit:  - BufferSize = 65536
LogInit: WinSock: version 1.1 (2.2), MaxSocks=32767, MaxUdp=65467
LogHMD: Failed initializing OVRPlugin 1.32.0
LogInit: Build: ++UE4+Release-4.22-CL-7053642
LogInit: Engine Version: 4.22.3-7053642+++UE4+Release-4.22
LogInit: Compatible Engine Version: 4.22.0-5660361+++UE4+Release-4.22
LogInit: Net CL: 5660361
LogInit: OS: Windows 10 (Release 1903) (), CPU: Intel(R) Core(TM) i7-6700K CPU @ 4.00GHz, GPU: NVIDIA GeForce RTX 2080
LogInit: Compiled (64-bit): Jun 18 2019 03:09:11
LogInit: Compiled with Visual C++: 19.16.27025.01
LogInit: Build Configuration: Development
LogInit: Branch Name: ++UE4+Release-4.22
LogInit: Command Line:  -skipcompile
LogInit: Base Directory: C:/Program Files/Epic Games/UE_4.22/Engine/Binaries/Win64/
LogInit: Installed Engine Build: 1
LogDevObjectVersion: Number of dev versions registered: 23
LogDevObjectVersion:   Dev-Blueprints (B0D832E4-1F89-4F0D-ACCF-7EB736FD4AA2): 10
LogDevObjectVersion:   Dev-Build (E1C64328-A22C-4D53-A36C-8E866417BD8C): 0
LogDevObjectVersion:   Dev-Core (375EC13C-06E4-48FB-B500-84F0262A717E): 3
LogDevObjectVersion:   Dev-Editor (E4B068ED-F494-42E9-A231-DA0B2E46BB41): 30
LogDevObjectVersion:   Dev-Framework (CFFC743F-43B0-4480-9391-14DF171D2073): 35
LogDevObjectVersion:   Dev-Mobile (B02B49B5-BB20-44E9-A304-32B752E40360): 2
LogDevObjectVersion:   Dev-Networking (A4E4105C-59A1-49B5-A7C5-40C4547EDFEE): 0
LogDevObjectVersion:   Dev-Online (39C831C9-5AE6-47DC-9A44-9C173E1C8E7C): 0
LogDevObjectVersion:   Dev-Physics (78F01B33-EBEA-4F98-B9B4-84EACCB95AA2): 0
LogDevObjectVersion:   Dev-Platform (6631380F-2D4D-43E0-8009-CF276956A95A): 0
LogDevObjectVersion:   Dev-Rendering (12F88B9F-8875-4AFC-A67C-D90C383ABD29): 28
LogDevObjectVersion:   Dev-Sequencer (7B5AE74C-D270-4C10-A958-57980B212A5A): 11
LogDevObjectVersion:   Dev-VR (D7296918-1DD6-4BDD-9DE2-64A83CC13884): 2
LogDevObjectVersion:   Dev-LoadTimes (C2A15278-BFE7-4AFE-6C17-90FF531DF755): 1
LogDevObjectVersion:   Private-Geometry (6EACA3D4-40EC-4CC1-B786-8BED09428FC5): 3
LogDevObjectVersion:   Dev-AnimPhys (29E575DD-E0A3-4627-9D10-D276232CDCEA): 17
LogDevObjectVersion:   Dev-Anim (AF43A65D-7FD3-4947-9873-3E8ED9C1BB05): 2
LogDevObjectVersion:   Dev-ReflectionCapture (6B266CEC-1EC7-4B8F-A30B-E4D90942FC07): 1
LogDevObjectVersion:   Dev-Automation (0DF73D61-A23F-47EA-B727-89E90C41499A): 1
LogDevObjectVersion:   FortniteMain (601D1886-AC64-4F84-AA16-D3DE0DEAC7D6): 25
LogDevObjectVersion:   Dev-Enterprise (9DFFBCD6-494F-0158-E221-12823C92A888): 6
LogDevObjectVersion:   Dev-Niagara (F2AED0AC-9AFE-416F-8664-AA7FFA26D6FC): 1
LogDevObjectVersion:   Dev-Destruction (174F1F0B-B4C6-45A5-B13F-2EE8D0FB917D): 2
LogInit: Presizing for max 16777216 objects, including 0 objects not considered by GC, pre-allocating 0 bytes for permanent pool.
LogInit: Object subsystem initialized
LogConfig: Setting CVar [[con.DebugEarlyDefault:1]]
LogConfig: Setting CVar [[r.setres:1280x720]]
[2019.09.28-14.16.01:400][  0]LogConfig: Setting CVar [[r.VSync:0]]
[2019.09.28-14.16.01:400][  0]LogConfig: Setting CVar [[r.RHICmdBypass:0]]
[2019.09.28-14.16.01:400][  0]LogConfig: Applying CVar settings from Section [/Script/Engine.RendererSettings] File [E:/SeniorProject/PollutionProject/SeniorProject/Saved/Config/Windows/Engine.ini]
[2019.09.28-14.16.01:400][  0]LogConfig: Setting CVar [[r.GPUCrashDebugging:0]]
[2019.09.28-14.16.01:400][  0]LogConfig: Setting CVar [[r.DefaultFeature.AutoExposure.ExtendDefaultLuminanceRange:1]]
[2019.09.28-14.16.01:400][  0]LogConfig: Applying CVar settings from Section [/Script/Engine.RendererOverrideSettings] File [E:/SeniorProject/PollutionProject/SeniorProject/Saved/Config/Windows/Engine.ini]
[2019.09.28-14.16.01:400][  0]LogConfig: Applying CVar settings from Section [/Script/Engine.StreamingSettings] File [E:/SeniorProject/PollutionProject/SeniorProject/Saved/Config/Windows/Engine.ini]
[2019.09.28-14.16.01:400][  0]LogConfig: Setting CVar [[s.MinBulkDataSizeForAsyncLoading:131072]]
[2019.09.28-14.16.01:400][  0]LogConfig: Setting CVar [[s.AsyncLoadingThreadEnabled:0]]
[2019.09.28-14.16.01:400][  0]LogConfig: Setting CVar [[s.EventDrivenLoaderEnabled:1]]
[2019.09.28-14.16.01:400][  0]LogConfig: Setting CVar [[s.WarnIfTimeLimitExceeded:0]]
[2019.09.28-14.16.01:401][  0]LogConfig: Setting CVar [[s.TimeLimitExceededMultiplier:1.5]]
[2019.09.28-14.16.01:401][  0]LogConfig: Setting CVar [[s.TimeLimitExceededMinTime:0.005]]
[2019.09.28-14.16.01:401][  0]LogConfig: Setting CVar [[s.UseBackgroundLevelStreaming:1]]
[2019.09.28-14.16.01:401][  0]LogConfig: Setting CVar [[s.PriorityAsyncLoadingExtraTime:15.0]]
[2019.09.28-14.16.01:401][  0]LogConfig: Setting CVar [[s.LevelStreamingActorsUpdateTimeLimit:5.0]]
[2019.09.28-14.16.01:401][  0]LogConfig: Setting CVar [[s.PriorityLevelStreamingActorsUpdateExtraTime:5.0]]
[2019.09.28-14.16.01:401][  0]LogConfig: Setting CVar [[s.LevelStreamingComponentsRegistrationGranularity:10]]
[2019.09.28-14.16.01:401][  0]LogConfig: Setting CVar [[s.UnregisterComponentsTimeLimit:1.0]]
[2019.09.28-14.16.01:401][  0]LogConfig: Setting CVar [[s.LevelStreamingComponentsUnregistrationGranularity:5]]
[2019.09.28-14.16.01:401][  0]LogConfig: Applying CVar settings from Section [/Script/Engine.GarbageCollectionSettings] File [E:/SeniorProject/PollutionProject/SeniorProject/Saved/Config/Windows/Engine.ini]
[2019.09.28-14.16.01:401][  0]LogConfig: Setting CVar [[gc.MaxObjectsNotConsideredByGC:1]]
[2019.09.28-14.16.01:401][  0]LogConfig: Setting CVar [[gc.SizeOfPermanentObjectPool:0]]
[2019.09.28-14.16.01:401][  0]LogConfig: Setting CVar [[gc.FlushStreamingOnGC:0]]
[2019.09.28-14.16.01:401][  0]LogConfig: Setting CVar [[gc.NumRetriesBeforeForcingGC:10]]
[2019.09.28-14.16.01:401][  0]LogConfig: Setting CVar [[gc.AllowParallelGC:1]]
[2019.09.28-14.16.01:401][  0]LogConfig: Setting CVar [[gc.TimeBetweenPurgingPendingKillObjects:61.1]]
[2019.09.28-14.16.01:401][  0]LogConfig: Setting CVar [[gc.MaxObjectsInEditor:16777216]]
[2019.09.28-14.16.01:402][  0]LogConfig: Setting CVar [[gc.IncrementalBeginDestroyEnabled:1]]
[2019.09.28-14.16.01:402][  0]LogConfig: Setting CVar [[gc.CreateGCClusters:1]]
[2019.09.28-14.16.01:402][  0]LogConfig: Setting CVar [[gc.MinGCClusterSize:5]]
[2019.09.28-14.16.01:402][  0]LogConfig: Setting CVar [[gc.ActorClusteringEnabled:0]]
[2019.09.28-14.16.01:402][  0]LogConfig: Setting CVar [[gc.BlueprintClusteringEnabled:0]]
[2019.09.28-14.16.01:402][  0]LogConfig: Setting CVar [[gc.UseDisregardForGCOnDedicatedServers:0]]
[2019.09.28-14.16.01:402][  0]LogConfig: Applying CVar settings from Section [/Script/Engine.NetworkSettings] File [E:/SeniorProject/PollutionProject/SeniorProject/Saved/Config/Windows/Engine.ini]
[2019.09.28-14.16.01:402][  0]LogConfig: Applying CVar settings from Section [/Script/UnrealEd.CookerSettings] File [E:/SeniorProject/PollutionProject/SeniorProject/Saved/Config/Windows/Engine.ini]
[2019.09.28-14.16.01:429][  0]LogConfig: Applying CVar settings from Section [ViewDistanceQuality@3] File [E:/SeniorProject/PollutionProject/SeniorProject/Saved/Config/Windows/Scalability.ini]
[2019.09.28-14.16.01:429][  0]LogConfig: Setting CVar [[r.SkeletalMeshLODBias:0]]
[2019.09.28-14.16.01:429][  0]LogConfig: Setting CVar [[r.ViewDistanceScale:1.0]]
[2019.09.28-14.16.01:429][  0]LogConfig: Applying CVar settings from Section [AntiAliasingQuality@3] File [E:/SeniorProject/PollutionProject/SeniorProject/Saved/Config/Windows/Scalability.ini]
[2019.09.28-14.16.01:429][  0]LogConfig: Setting CVar [[r.PostProcessAAQuality:4]]
[2019.09.28-14.16.01:429][  0]LogConfig: Applying CVar settings from Section [ShadowQuality@3] File [E:/SeniorProject/PollutionProject/SeniorProject/Saved/Config/Windows/Scalability.ini]
[2019.09.28-14.16.01:429][  0]LogConfig: Setting CVar [[r.LightFunctionQuality:1]]
[2019.09.28-14.16.01:429][  0]LogConfig: Setting CVar [[r.ShadowQuality:5]]
[2019.09.28-14.16.01:429][  0]LogConfig: Setting CVar [[r.Shadow.CSM.MaxCascades:10]]
[2019.09.28-14.16.01:429][  0]LogConfig: Setting CVar [[r.Shadow.MaxResolution:2048]]
[2019.09.28-14.16.01:429][  0]LogConfig: Setting CVar [[r.Shadow.MaxCSMResolution:2048]]
[2019.09.28-14.16.01:429][  0]LogConfig: Setting CVar [[r.Shadow.RadiusThreshold:0.01]]
[2019.09.28-14.16.01:429][  0]LogConfig: Setting CVar [[r.Shadow.DistanceScale:1.0]]
[2019.09.28-14.16.01:429][  0]LogConfig: Setting CVar [[r.Shadow.CSM.TransitionScale:1.0]]
[2019.09.28-14.16.01:430][  0]LogConfig: Setting CVar [[r.Shadow.PreShadowResolutionFactor:1.0]]
[2019.09.28-14.16.01:430][  0]LogConfig: Setting CVar [[r.DistanceFieldShadowing:1]]
[2019.09.28-14.16.01:430][  0]LogConfig: Setting CVar [[r.DistanceFieldAO:1]]
[2019.09.28-14.16.01:430][  0]LogConfig: Setting CVar [[r.AOQuality:2]]
[2019.09.28-14.16.01:430][  0]LogConfig: Setting CVar [[r.VolumetricFog:1]]
[2019.09.28-14.16.01:430][  0]LogConfig: Setting CVar [[r.VolumetricFog.GridPixelSize:8]]
[2019.09.28-14.16.01:430][  0]LogConfig: Setting CVar [[r.VolumetricFog.GridSizeZ:128]]
[2019.09.28-14.16.01:430][  0]LogConfig: Setting CVar [[r.VolumetricFog.HistoryMissSupersampleCount:4]]
[2019.09.28-14.16.01:430][  0]LogConfig: Setting CVar [[r.LightMaxDrawDistanceScale:1]]
[2019.09.28-14.16.01:430][  0]LogConfig: Setting CVar [[r.CapsuleShadows:1]]
[2019.09.28-14.16.01:430][  0]LogConfig: Applying CVar settings from Section [PostProcessQuality@3] File [E:/SeniorProject/PollutionProject/SeniorProject/Saved/Config/Windows/Scalability.ini]
[2019.09.28-14.16.01:430][  0]LogConfig: Setting CVar [[r.MotionBlurQuality:4]]
[2019.09.28-14.16.01:430][  0]LogConfig: Setting CVar [[r.AmbientOcclusionMipLevelFactor:0.4]]
[2019.09.28-14.16.01:430][  0]LogConfig: Setting CVar [[r.AmbientOcclusionMaxQuality:100]]
[2019.09.28-14.16.01:430][  0]LogConfig: Setting CVar [[r.AmbientOcclusionLevels:-1]]
[2019.09.28-14.16.01:430][  0]LogConfig: Setting CVar [[r.AmbientOcclusionRadiusScale:1.0]]
[2019.09.28-14.16.01:430][  0]LogConfig: Setting CVar [[r.DepthOfFieldQuality:2]]
[2019.09.28-14.16.01:431][  0]LogConfig: Setting CVar [[r.RenderTargetPoolMin:400]]
[2019.09.28-14.16.01:431][  0]LogConfig: Setting CVar [[r.LensFlareQuality:2]]
[2019.09.28-14.16.01:431][  0]LogConfig: Setting CVar [[r.SceneColorFringeQuality:1]]
[2019.09.28-14.16.01:431][  0]LogConfig: Setting CVar [[r.EyeAdaptationQuality:2]]
[2019.09.28-14.16.01:431][  0]LogConfig: Setting CVar [[r.BloomQuality:5]]
[2019.09.28-14.16.01:431][  0]LogConfig: Setting CVar [[r.FastBlurThreshold:100]]
[2019.09.28-14.16.01:431][  0]LogConfig: Setting CVar [[r.Upscale.Quality:3]]
[2019.09.28-14.16.01:431][  0]LogConfig: Setting CVar [[r.Tonemapper.GrainQuantization:1]]
[2019.09.28-14.16.01:431][  0]LogConfig: Setting CVar [[r.LightShaftQuality:1]]
[2019.09.28-14.16.01:431][  0]LogConfig: Setting CVar [[r.Filter.SizeScale:1]]
[2019.09.28-14.16.01:431][  0]LogConfig: Setting CVar [[r.Tonemapper.Quality:5]]
[2019.09.28-14.16.01:431][  0]LogConfig: Setting CVar [[r.DOF.Gather.AccumulatorQuality:1        ; higher gathering accumulator quality]]
[2019.09.28-14.16.01:431][  0]LogConfig: Setting CVar [[r.DOF.Gather.PostfilterMethod:1          ; Median3x3 postfilering method]]
[2019.09.28-14.16.01:431][  0]LogConfig: Setting CVar [[r.DOF.Gather.EnableBokehSettings:0       ; no bokeh simulation when gathering]]
[2019.09.28-14.16.01:431][  0]LogConfig: Setting CVar [[r.DOF.Gather.RingCount:4                 ; medium number of samples when gathering]]
[2019.09.28-14.16.01:431][  0]LogConfig: Setting CVar [[r.DOF.Scatter.ForegroundCompositing:1    ; additive foreground scattering]]
[2019.09.28-14.16.01:432][  0]LogConfig: Setting CVar [[r.DOF.Scatter.BackgroundCompositing:2    ; additive background scattering]]
[2019.09.28-14.16.01:432][  0]LogConfig: Setting CVar [[r.DOF.Scatter.EnableBokehSettings:1      ; bokeh simulation when scattering]]
[2019.09.28-14.16.01:432][  0]LogConfig: Setting CVar [[r.DOF.Scatter.MaxSpriteRatio:0.1         ; only a maximum of 10% of scattered bokeh]]
[2019.09.28-14.16.01:432][  0]LogConfig: Setting CVar [[r.DOF.Recombine.Quality:1                ; cheap slight out of focus]]
[2019.09.28-14.16.01:432][  0]LogConfig: Setting CVar [[r.DOF.Recombine.EnableBokehSettings:0    ; no bokeh simulation on slight out of focus]]
[2019.09.28-14.16.01:432][  0]LogConfig: Setting CVar [[r.DOF.TemporalAAQuality:1                ; more stable temporal accumulation]]
[2019.09.28-14.16.01:432][  0]LogConfig: Setting CVar [[r.DOF.Kernel.MaxForegroundRadius:0.025]]
[2019.09.28-14.16.01:432][  0]LogConfig: Setting CVar [[r.DOF.Kernel.MaxBackgroundRadius:0.025]]
[2019.09.28-14.16.01:432][  0]LogConfig: Applying CVar settings from Section [TextureQuality@3] File [E:/SeniorProject/PollutionProject/SeniorProject/Saved/Config/Windows/Scalability.ini]
[2019.09.28-14.16.01:432][  0]LogConfig: Setting CVar [[r.Streaming.MipBias:0]]
[2019.09.28-14.16.01:432][  0]LogConfig: Setting CVar [[r.Streaming.AmortizeCPUToGPUCopy:0]]
[2019.09.28-14.16.01:432][  0]LogConfig: Setting CVar [[r.Streaming.MaxNumTexturesToStreamPerFrame:0]]
[2019.09.28-14.16.01:432][  0]LogConfig: Setting CVar [[r.Streaming.Boost:1]]
[2019.09.28-14.16.01:432][  0]LogConfig: Setting CVar [[r.MaxAnisotropy:8]]
[2019.09.28-14.16.01:432][  0]LogConfig: Setting CVar [[r.Streaming.LimitPoolSizeToVRAM:0]]
[2019.09.28-14.16.01:432][  0]LogConfig: Setting CVar [[r.Streaming.PoolSize:1000]]
[2019.09.28-14.16.01:432][  0]LogConfig: Setting CVar [[r.Streaming.MaxEffectiveScreenSize:0]]
[2019.09.28-14.16.01:433][  0]LogConfig: Applying CVar settings from Section [EffectsQuality@3] File [E:/SeniorProject/PollutionProject/SeniorProject/Saved/Config/Windows/Scalability.ini]
[2019.09.28-14.16.01:433][  0]LogConfig: Setting CVar [[r.TranslucencyLightingVolumeDim:64]]
[2019.09.28-14.16.01:433][  0]LogConfig: Setting CVar [[r.RefractionQuality:2]]
[2019.09.28-14.16.01:433][  0]LogConfig: Setting CVar [[r.SSR.Quality:3]]
[2019.09.28-14.16.01:433][  0]LogConfig: Setting CVar [[r.SceneColorFormat:4]]
[2019.09.28-14.16.01:433][  0]LogConfig: Setting CVar [[r.DetailMode:2]]
[2019.09.28-14.16.01:433][  0]LogConfig: Setting CVar [[r.TranslucencyVolumeBlur:1]]
[2019.09.28-14.16.01:433][  0]LogConfig: Setting CVar [[r.MaterialQualityLevel:1 ; High quality]]
[2019.09.28-14.16.01:433][  0]LogConfig: Setting CVar [[r.SSS.Scale:1]]
[2019.09.28-14.16.01:433][  0]LogConfig: Setting CVar [[r.SSS.SampleSet:2]]
[2019.09.28-14.16.01:433][  0]LogConfig: Setting CVar [[r.SSS.Quality:1]]
[2019.09.28-14.16.01:433][  0]LogConfig: Setting CVar [[r.SSS.HalfRes:1]]
[2019.09.28-14.16.01:433][  0]LogConfig: Setting CVar [[r.EmitterSpawnRateScale:1.0]]
[2019.09.28-14.16.01:433][  0]LogConfig: Setting CVar [[r.ParticleLightQuality:2]]
[2019.09.28-14.16.01:433][  0]LogConfig: Applying CVar settings from Section [FoliageQuality@3] File [E:/SeniorProject/PollutionProject/SeniorProject/Saved/Config/Windows/Scalability.ini]
[2019.09.28-14.16.01:434][  0]LogConfig: Setting CVar [[foliage.DensityScale:1.0]]
[2019.09.28-14.16.01:434][  0]LogConfig: Setting CVar [[grass.DensityScale:1.0]]
[2019.09.28-14.16.01:434][  0]LogInit: Selected Device Profile: [Windows]
[2019.09.28-14.16.01:434][  0]LogInit: Applying CVar settings loaded from the selected device profile: [Windows]
[2019.09.28-14.16.01:447][  0]LogHAL: Display: Platform has ~ 16 GB [17116258304 / 17179869184 / 16], which maps to Larger [LargestMinGB=32, LargerMinGB=12, DefaultMinGB=8, SmallerMinGB=6, SmallestMinGB=0)
[2019.09.28-14.16.01:447][  0]LogConfig: Setting CVar [[r.Vulkan.UseRealUBs:0		; Required until we fix HLR fall-out]]
[2019.09.28-14.16.01:447][  0]LogInit: Going up to parent DeviceProfile []
[2019.09.28-14.16.01:447][  0]LogConfig: Applying CVar settings from Section [ViewDistanceQuality@3] File [E:/SeniorProject/PollutionProject/SeniorProject/Saved/Config/Windows/Scalability.ini]
[2019.09.28-14.16.01:447][  0]LogConfig: Setting CVar [[r.SkeletalMeshLODBias:0]]
[2019.09.28-14.16.01:447][  0]LogConfig: Setting CVar [[r.ViewDistanceScale:1.0]]
[2019.09.28-14.16.01:447][  0]LogConfig: Applying CVar settings from Section [AntiAliasingQuality@3] File [E:/SeniorProject/PollutionProject/SeniorProject/Saved/Config/Windows/Scalability.ini]
[2019.09.28-14.16.01:447][  0]LogConfig: Setting CVar [[r.PostProcessAAQuality:4]]
[2019.09.28-14.16.01:447][  0]LogConfig: Applying CVar settings from Section [ShadowQuality@3] File [E:/SeniorProject/PollutionProject/SeniorProject/Saved/Config/Windows/Scalability.ini]
[2019.09.28-14.16.01:448][  0]LogConfig: Setting CVar [[r.LightFunctionQuality:1]]
[2019.09.28-14.16.01:448][  0]LogConfig: Setting CVar [[r.ShadowQuality:5]]
[2019.09.28-14.16.01:448][  0]LogConfig: Setting CVar [[r.Shadow.CSM.MaxCascades:10]]
[2019.09.28-14.16.01:448][  0]LogConfig: Setting CVar [[r.Shadow.MaxResolution:2048]]
[2019.09.28-14.16.01:448][  0]LogConfig: Setting CVar [[r.Shadow.MaxCSMResolution:2048]]
[2019.09.28-14.16.01:448][  0]LogConfig: Setting CVar [[r.Shadow.RadiusThreshold:0.01]]
[2019.09.28-14.16.01:448][  0]LogConfig: Setting CVar [[r.Shadow.DistanceScale:1.0]]
[2019.09.28-14.16.01:448][  0]LogConfig: Setting CVar [[r.Shadow.CSM.TransitionScale:1.0]]
[2019.09.28-14.16.01:448][  0]LogConfig: Setting CVar [[r.Shadow.PreShadowResolutionFactor:1.0]]
[2019.09.28-14.16.01:448][  0]LogConfig: Setting CVar [[r.DistanceFieldShadowing:1]]
[2019.09.28-14.16.01:448][  0]LogConfig: Setting CVar [[r.DistanceFieldAO:1]]
[2019.09.28-14.16.01:448][  0]LogConfig: Setting CVar [[r.AOQuality:2]]
[2019.09.28-14.16.01:448][  0]LogConfig: Setting CVar [[r.VolumetricFog:1]]
[2019.09.28-14.16.01:448][  0]LogConfig: Setting CVar [[r.VolumetricFog.GridPixelSize:8]]
[2019.09.28-14.16.01:448][  0]LogConfig: Setting CVar [[r.VolumetricFog.GridSizeZ:128]]
[2019.09.28-14.16.01:448][  0]LogConfig: Setting CVar [[r.VolumetricFog.HistoryMissSupersampleCount:4]]
[2019.09.28-14.16.01:449][  0]LogConfig: Setting CVar [[r.LightMaxDrawDistanceScale:1]]
[2019.09.28-14.16.01:449][  0]LogConfig: Setting CVar [[r.CapsuleShadows:1]]
[2019.09.28-14.16.01:449][  0]LogConfig: Applying CVar settings from Section [PostProcessQuality@3] File [E:/SeniorProject/PollutionProject/SeniorProject/Saved/Config/Windows/Scalability.ini]
[2019.09.28-14.16.01:449][  0]LogConfig: Setting CVar [[r.MotionBlurQuality:4]]
[2019.09.28-14.16.01:449][  0]LogConfig: Setting CVar [[r.AmbientOcclusionMipLevelFactor:0.4]]
[2019.09.28-14.16.01:449][  0]LogConfig: Setting CVar [[r.AmbientOcclusionMaxQuality:100]]
[2019.09.28-14.16.01:449][  0]LogConfig: Setting CVar [[r.AmbientOcclusionLevels:-1]]
[2019.09.28-14.16.01:449][  0]LogConfig: Setting CVar [[r.AmbientOcclusionRadiusScale:1.0]]
[2019.09.28-14.16.01:449][  0]LogConfig: Setting CVar [[r.DepthOfFieldQuality:2]]
[2019.09.28-14.16.01:449][  0]LogConfig: Setting CVar [[r.RenderTargetPoolMin:400]]
[2019.09.28-14.16.01:449][  0]LogConfig: Setting CVar [[r.LensFlareQuality:2]]
[2019.09.28-14.16.01:449][  0]LogConfig: Setting CVar [[r.SceneColorFringeQuality:1]]
[2019.09.28-14.16.01:449][  0]LogConfig: Setting CVar [[r.EyeAdaptationQuality:2]]
[2019.09.28-14.16.01:449][  0]LogConfig: Setting CVar [[r.BloomQuality:5]]
[2019.09.28-14.16.01:449][  0]LogConfig: Setting CVar [[r.FastBlurThreshold:100]]
[2019.09.28-14.16.01:449][  0]LogConfig: Setting CVar [[r.Upscale.Quality:3]]
[2019.09.28-14.16.01:449][  0]LogConfig: Setting CVar [[r.Tonemapper.GrainQuantization:1]]
[2019.09.28-14.16.01:450][  0]LogConfig: Setting CVar [[r.LightShaftQuality:1]]
[2019.09.28-14.16.01:450][  0]LogConfig: Setting CVar [[r.Filter.SizeScale:1]]
[2019.09.28-14.16.01:450][  0]LogConfig: Setting CVar [[r.Tonemapper.Quality:5]]
[2019.09.28-14.16.01:450][  0]LogConfig: Setting CVar [[r.DOF.Gather.AccumulatorQuality:1        ; higher gathering accumulator quality]]
[2019.09.28-14.16.01:450][  0]LogConfig: Setting CVar [[r.DOF.Gather.PostfilterMethod:1          ; Median3x3 postfilering method]]
[2019.09.28-14.16.01:450][  0]LogConfig: Setting CVar [[r.DOF.Gather.EnableBokehSettings:0       ; no bokeh simulation when gathering]]
[2019.09.28-14.16.01:450][  0]LogConfig: Setting CVar [[r.DOF.Gather.RingCount:4                 ; medium number of samples when gathering]]
[2019.09.28-14.16.01:450][  0]LogConfig: Setting CVar [[r.DOF.Scatter.ForegroundCompositing:1    ; additive foreground scattering]]
[2019.09.28-14.16.01:450][  0]LogConfig: Setting CVar [[r.DOF.Scatter.BackgroundCompositing:2    ; additive background scattering]]
[2019.09.28-14.16.01:450][  0]LogConfig: Setting CVar [[r.DOF.Scatter.EnableBokehSettings:1      ; bokeh simulation when scattering]]
[2019.09.28-14.16.01:450][  0]LogConfig: Setting CVar [[r.DOF.Scatter.MaxSpriteRatio:0.1         ; only a maximum of 10% of scattered bokeh]]
[2019.09.28-14.16.01:450][  0]LogConfig: Setting CVar [[r.DOF.Recombine.Quality:1                ; cheap slight out of focus]]
[2019.09.28-14.16.01:450][  0]LogConfig: Setting CVar [[r.DOF.Recombine.EnableBokehSettings:0    ; no bokeh simulation on slight out of focus]]
[2019.09.28-14.16.01:450][  0]LogConfig: Setting CVar [[r.DOF.TemporalAAQuality:1                ; more stable temporal accumulation]]
[2019.09.28-14.16.01:450][  0]LogConfig: Setting CVar [[r.DOF.Kernel.MaxForegroundRadius:0.025]]
[2019.09.28-14.16.01:450][  0]LogConfig: Setting CVar [[r.DOF.Kernel.MaxBackgroundRadius:0.025]]
[2019.09.28-14.16.01:450][  0]LogConfig: Applying CVar settings from Section [TextureQuality@3] File [E:/SeniorProject/PollutionProject/SeniorProject/Saved/Config/Windows/Scalability.ini]
[2019.09.28-14.16.01:451][  0]LogConfig: Setting CVar [[r.Streaming.MipBias:0]]
[2019.09.28-14.16.01:451][  0]LogConfig: Setting CVar [[r.Streaming.AmortizeCPUToGPUCopy:0]]
[2019.09.28-14.16.01:451][  0]LogConfig: Setting CVar [[r.Streaming.MaxNumTexturesToStreamPerFrame:0]]
[2019.09.28-14.16.01:451][  0]LogConfig: Setting CVar [[r.Streaming.Boost:1]]
[2019.09.28-14.16.01:451][  0]LogConfig: Setting CVar [[r.MaxAnisotropy:8]]
[2019.09.28-14.16.01:451][  0]LogConfig: Setting CVar [[r.Streaming.LimitPoolSizeToVRAM:0]]
[2019.09.28-14.16.01:451][  0]LogConfig: Setting CVar [[r.Streaming.PoolSize:1000]]
[2019.09.28-14.16.01:451][  0]LogConfig: Setting CVar [[r.Streaming.MaxEffectiveScreenSize:0]]
[2019.09.28-14.16.01:451][  0]LogConfig: Applying CVar settings from Section [EffectsQuality@3] File [E:/SeniorProject/PollutionProject/SeniorProject/Saved/Config/Windows/Scalability.ini]
[2019.09.28-14.16.01:451][  0]LogConfig: Setting CVar [[r.TranslucencyLightingVolumeDim:64]]
[2019.09.28-14.16.01:451][  0]LogConfig: Setting CVar [[r.RefractionQuality:2]]
[2019.09.28-14.16.01:451][  0]LogConfig: Setting CVar [[r.SSR.Quality:3]]
[2019.09.28-14.16.01:451][  0]LogConfig: Setting CVar [[r.SceneColorFormat:4]]
[2019.09.28-14.16.01:451][  0]LogConfig: Setting CVar [[r.DetailMode:2]]
[2019.09.28-14.16.01:451][  0]LogConfig: Setting CVar [[r.TranslucencyVolumeBlur:1]]
[2019.09.28-14.16.01:451][  0]LogConfig: Setting CVar [[r.MaterialQualityLevel:1 ; High quality]]
[2019.09.28-14.16.01:451][  0]LogConfig: Setting CVar [[r.SSS.Scale:1]]
[2019.09.28-14.16.01:451][  0]LogConfig: Setting CVar [[r.SSS.SampleSet:2]]
[2019.09.28-14.16.01:452][  0]LogConfig: Setting CVar [[r.SSS.Quality:1]]
[2019.09.28-14.16.01:452][  0]LogConfig: Setting CVar [[r.SSS.HalfRes:1]]
[2019.09.28-14.16.01:452][  0]LogConfig: Setting CVar [[r.EmitterSpawnRateScale:1.0]]
[2019.09.28-14.16.01:452][  0]LogConfig: Setting CVar [[r.ParticleLightQuality:2]]
[2019.09.28-14.16.01:452][  0]LogConfig: Applying CVar settings from Section [FoliageQuality@3] File [E:/SeniorProject/PollutionProject/SeniorProject/Saved/Config/Windows/Scalability.ini]
[2019.09.28-14.16.01:452][  0]LogConfig: Setting CVar [[foliage.DensityScale:1.0]]
[2019.09.28-14.16.01:452][  0]LogConfig: Setting CVar [[grass.DensityScale:1.0]]
[2019.09.28-14.16.01:452][  0]LogConfig: Applying CVar settings from Section [Startup] File [../../../Engine/Config/ConsoleVariables.ini]
[2019.09.28-14.16.01:452][  0]LogConfig: Setting CVar [[net.UseAdaptiveNetUpdateFrequency:0]]
[2019.09.28-14.16.01:452][  0]LogConfig: Setting CVar [[p.chaos.AllowCreatePhysxBodies:1]]
[2019.09.28-14.16.01:453][  0]LogConfig: Applying CVar settings from Section [ConsoleVariables] File [E:/SeniorProject/PollutionProject/SeniorProject/Saved/Config/Windows/Engine.ini]
[2019.09.28-14.16.01:453][  0]LogInit: Computer: GREGSPC
[2019.09.28-14.16.01:453][  0]LogInit: User: Gregory
[2019.09.28-14.16.01:453][  0]LogInit: CPU Page size=4096, Cores=4
[2019.09.28-14.16.01:453][  0]LogInit: High frequency timer resolution =10.000000 MHz
[2019.09.28-14.16.01:453][  0]LogMemory: Memory total: Physical=15.9GB (16GB approx)
[2019.09.28-14.16.01:453][  0]LogMemory: Platform Memory Stats for Windows
[2019.09.28-14.16.01:453][  0]LogMemory: Process Physical Memory: 100.97 MB used, 100.97 MB peak
[2019.09.28-14.16.01:453][  0]LogMemory: Process Virtual Memory: 92.97 MB used, 92.97 MB peak
[2019.09.28-14.16.01:453][  0]LogMemory: Physical Memory: 7967.93 MB used,  8355.41 MB free, 16323.34 MB total
[2019.09.28-14.16.01:453][  0]LogMemory: Virtual Memory: 4662.56 MB used,  134213064.00 MB free, 134217728.00 MB total
[2019.09.28-14.16.01:582][  0]LogInit: Using OS detected language (en-US).
[2019.09.28-14.16.01:583][  0]LogInit: Using OS detected locale (en-US).
[2019.09.28-14.16.01:583][  0]LogTextLocalizationManager: No specific localization for 'en-US' exists, so the 'en' localization will be used.
[2019.09.28-14.16.01:774][  0]LogInit: Setting process to per monitor DPI aware
[2019.09.28-14.16.01:861][  0]LogSlate: New Slate User Created.  User Index 0, Is Virtual User: 0
[2019.09.28-14.16.01:861][  0]LogSlate: Slate User Registered.  User Index 0, Is Virtual User: 0
[2019.09.28-14.16.02:061][  0]LogHMD: Failed to initialize OpenVR with code 126
[2019.09.28-14.16.02:061][  0]LogD3D11RHI: D3D11 adapters:
[2019.09.28-14.16.02:138][  0]LogD3D11RHI:    0. 'NVIDIA GeForce RTX 2080' (Feature Level 11_0)
[2019.09.28-14.16.02:138][  0]LogD3D11RHI:       8010/0/8161 MB DedicatedVideo/DedicatedSystem/SharedSystem, Outputs:4, VendorId:0x10de
[2019.09.28-14.16.02:146][  0]LogD3D11RHI:    1. 'Microsoft Basic Render Driver' (Feature Level 11_0)
[2019.09.28-14.16.02:146][  0]LogD3D11RHI:       0/0/8161 MB DedicatedVideo/DedicatedSystem/SharedSystem, Outputs:0, VendorId:0x1414
[2019.09.28-14.16.02:146][  0]LogD3D11RHI: Chosen D3D11 Adapter: 0
[2019.09.28-14.16.02:157][  0]LogD3D11RHI: Creating new Direct3DDevice
[2019.09.28-14.16.02:157][  0]LogD3D11RHI:     GPU DeviceId: 0x1e87 (for the marketing name, search the web for "GPU Device Id")
[2019.09.28-14.16.02:157][  0]LogWindows: EnumDisplayDevices:
[2019.09.28-14.16.02:157][  0]LogWindows:    0. 'NVIDIA GeForce RTX 2080' (P:1 D:1)
[2019.09.28-14.16.02:157][  0]LogWindows:    1. 'NVIDIA GeForce RTX 2080' (P:0 D:1)
[2019.09.28-14.16.02:158][  0]LogWindows:    2. 'NVIDIA GeForce RTX 2080' (P:0 D:1)
[2019.09.28-14.16.02:158][  0]LogWindows:    3. 'NVIDIA GeForce RTX 2080' (P:0 D:1)
[2019.09.28-14.16.02:158][  0]LogWindows: DebugString: FoundDriverCount:4 
[2019.09.28-14.16.02:158][  0]LogD3D11RHI:     Adapter Name: NVIDIA GeForce RTX 2080
[2019.09.28-14.16.02:158][  0]LogD3D11RHI:   Driver Version: 431.36 (internal:26.21.14.3136, unified:431.36)
[2019.09.28-14.16.02:158][  0]LogD3D11RHI:      Driver Date: 7-3-2019
[2019.09.28-14.16.02:158][  0]LogRHI: Texture pool is 5607 MB (70% of 8010 MB)
[2019.09.28-14.16.02:210][  0]LogD3D11RHI: Async texture creation enabled
[2019.09.28-14.16.02:228][  0]LogRendererCore: FGlobalReadBuffer::InitRHI
[2019.09.28-14.16.02:228][  0]LogRendererCore: FGlobalReadBuffer::InitRHI
[2019.09.28-14.16.02:228][  0]LogRendererCore: FGlobalReadBuffer::InitRHI
[2019.09.28-14.16.02:236][  0]LogD3D11RHI: GPU Timing Frequency: 1000.000000 (Debug: 2 1)
[2019.09.28-14.16.02:750][  0]LogTemp: Display: Module 'AllDesktopTargetPlatform' loaded TargetPlatform 'AllDesktop'
[2019.09.28-14.16.02:770][  0]LogTemp: Display: Module 'MacClientTargetPlatform' loaded TargetPlatform 'MacClient'
[2019.09.28-14.16.02:787][  0]LogTemp: Display: Module 'MacNoEditorTargetPlatform' loaded TargetPlatform 'MacNoEditor'
[2019.09.28-14.16.02:803][  0]LogTemp: Display: Module 'MacServerTargetPlatform' loaded TargetPlatform 'MacServer'
[2019.09.28-14.16.02:819][  0]LogTemp: Display: Module 'MacTargetPlatform' loaded TargetPlatform 'Mac'
[2019.09.28-14.16.02:833][  0]LogTemp: Display: Module 'WindowsClientTargetPlatform' loaded TargetPlatform 'WindowsClient'
[2019.09.28-14.16.02:848][  0]LogTemp: Display: Module 'WindowsNoEditorTargetPlatform' loaded TargetPlatform 'WindowsNoEditor'
[2019.09.28-14.16.02:862][  0]LogTemp: Display: Module 'WindowsServerTargetPlatform' loaded TargetPlatform 'WindowsServer'
[2019.09.28-14.16.02:871][  0]LogTemp: Display: Module 'WindowsTargetPlatform' loaded TargetPlatform 'Windows'
[2019.09.28-14.16.02:950][  0]LogTemp: Display: Module 'AndroidTargetPlatform' loaded TargetPlatform 'Android'
[2019.09.28-14.16.02:950][  0]LogTemp: Display: Module 'AndroidTargetPlatform' loaded TargetPlatform 'Android_ASTC'
[2019.09.28-14.16.02:950][  0]LogTemp: Display: Module 'AndroidTargetPlatform' loaded TargetPlatform 'Android_ATC'
[2019.09.28-14.16.02:950][  0]LogTemp: Display: Module 'AndroidTargetPlatform' loaded TargetPlatform 'Android_DXT'
[2019.09.28-14.16.02:951][  0]LogTemp: Display: Module 'AndroidTargetPlatform' loaded TargetPlatform 'Android_ETC1'
[2019.09.28-14.16.02:951][  0]LogTemp: Display: Module 'AndroidTargetPlatform' loaded TargetPlatform 'Android_ETC1a'
[2019.09.28-14.16.02:951][  0]LogTemp: Display: Module 'AndroidTargetPlatform' loaded TargetPlatform 'Android_ETC2'
[2019.09.28-14.16.02:951][  0]LogTemp: Display: Module 'AndroidTargetPlatform' loaded TargetPlatform 'Android_PVRTC'
[2019.09.28-14.16.02:951][  0]LogTemp: Display: Module 'AndroidTargetPlatform' loaded TargetPlatform 'AndroidClient'
[2019.09.28-14.16.02:951][  0]LogTemp: Display: Module 'AndroidTargetPlatform' loaded TargetPlatform 'Android_ASTCClient'
[2019.09.28-14.16.02:951][  0]LogTemp: Display: Module 'AndroidTargetPlatform' loaded TargetPlatform 'Android_ATCClient'
[2019.09.28-14.16.02:951][  0]LogTemp: Display: Module 'AndroidTargetPlatform' loaded TargetPlatform 'Android_DXTClient'
[2019.09.28-14.16.02:951][  0]LogTemp: Display: Module 'AndroidTargetPlatform' loaded TargetPlatform 'Android_ETC1Client'
[2019.09.28-14.16.02:951][  0]LogTemp: Display: Module 'AndroidTargetPlatform' loaded TargetPlatform 'Android_ETC1aClient'
[2019.09.28-14.16.02:951][  0]LogTemp: Display: Module 'AndroidTargetPlatform' loaded TargetPlatform 'Android_ETC2Client'
[2019.09.28-14.16.02:951][  0]LogTemp: Display: Module 'AndroidTargetPlatform' loaded TargetPlatform 'Android_PVRTCClient'
[2019.09.28-14.16.02:951][  0]LogTemp: Display: Module 'AndroidTargetPlatform' loaded TargetPlatform 'Android_Multi'
[2019.09.28-14.16.02:951][  0]LogTemp: Display: Module 'AndroidTargetPlatform' loaded TargetPlatform 'Android_MultiClient'
[2019.09.28-14.16.02:955][  0]LogTemp: Display: Module 'HTML5TargetPlatform' loaded TargetPlatform 'HTML5'
[2019.09.28-14.16.03:016][  0]LogTemp: Display: Module 'IOSTargetPlatform' loaded TargetPlatform 'IOSClient'
[2019.09.28-14.16.03:017][  0]LogTemp: Display: Module 'IOSTargetPlatform' loaded TargetPlatform 'IOS'
[2019.09.28-14.16.03:046][  0]LogTemp: Display: Module 'TVOSTargetPlatform' loaded TargetPlatform 'TVOSClient'
[2019.09.28-14.16.03:046][  0]LogTemp: Display: Module 'TVOSTargetPlatform' loaded TargetPlatform 'TVOS'
[2019.09.28-14.16.03:060][  0]LogTemp: Display: Module 'LinuxClientTargetPlatform' loaded TargetPlatform 'LinuxClient'
[2019.09.28-14.16.03:076][  0]LogTemp: Display: Module 'LinuxNoEditorTargetPlatform' loaded TargetPlatform 'LinuxNoEditor'
[2019.09.28-14.16.03:093][  0]LogTemp: Display: Module 'LinuxServerTargetPlatform' loaded TargetPlatform 'LinuxServer'
[2019.09.28-14.16.03:110][  0]LogTemp: Display: Module 'LinuxTargetPlatform' loaded TargetPlatform 'Linux'
[2019.09.28-14.16.03:158][  0]LogTemp: Display: Module 'LuminTargetPlatform' loaded TargetPlatform 'Lumin'
[2019.09.28-14.16.03:159][  0]LogTemp: Display: Module 'LuminTargetPlatform' loaded TargetPlatform 'LuminClient'
[2019.09.28-14.16.03:159][  0]LogTargetPlatformManager: Display: Building Assets For Windows
[2019.09.28-14.16.03:186][  0]LogAudioDebug: Display: Lib vorbis DLL was dynamically loaded.
[2019.09.28-14.16.03:327][  0]LogShaderCompilers: Guid format shader working directory is 1 characters bigger than the processId version (E:/SeniorProject/PollutionProject/SeniorProject/Intermediate/Shaders/WorkingDirectory/3352/).
[2019.09.28-14.16.03:328][  0]LogShaderCompilers: Cleaned the shader compiler working directory 'C:/Users/Gregory/AppData/Local/Temp/UnrealShaderWorkingDir/E29B6C4E47B9561A25C05B8927B2C872/'.
[2019.09.28-14.16.03:331][  0]LogXGEController: Cannot use XGE Controller as Incredibuild is not installed on this machine.
[2019.09.28-14.16.03:331][  0]LogShaderCompilers: Cannot use XGE Shader Compiler as Incredibuild is not installed on this machine.
[2019.09.28-14.16.03:331][  0]LogShaderCompilers: Display: Using Local Shader Compiler.
[2019.09.28-14.16.03:910][  0]LogDerivedDataCache: Display: Max Cache Size: 512 MB
[2019.09.28-14.16.03:972][  0]LogDerivedDataCache: Loaded boot cache 0.06s 72MB C:/Users/Gregory/AppData/Local/UnrealEngine/4.22/DerivedDataCache/Boot.ddc.
[2019.09.28-14.16.03:973][  0]LogDerivedDataCache: Display: Loaded Boot cache: C:/Users/Gregory/AppData/Local/UnrealEngine/4.22/DerivedDataCache/Boot.ddc
[2019.09.28-14.16.03:973][  0]LogDerivedDataCache: FDerivedDataBackendGraph:  Pak pak cache file E:/SeniorProject/PollutionProject/SeniorProject/DerivedDataCache/DDC.ddp not found, will not use a pak cache.
[2019.09.28-14.16.03:973][  0]LogDerivedDataCache: Unable to find inner node Pak for hierarchical cache Hierarchy.
[2019.09.28-14.16.03:973][  0]LogDerivedDataCache: FDerivedDataBackendGraph:  CompressedPak pak cache file E:/SeniorProject/PollutionProject/SeniorProject/DerivedDataCache/Compressed.ddp not found, will not use a pak cache.
[2019.09.28-14.16.03:973][  0]LogDerivedDataCache: Unable to find inner node CompressedPak for hierarchical cache Hierarchy.
[2019.09.28-14.16.03:986][  0]LogDerivedDataCache: Display: Pak cache opened for reading ../../../Engine/DerivedDataCache/Compressed.ddp.
[2019.09.28-14.16.03:989][  0]LogDerivedDataCache: Display: Pak cache opened for reading ../../../Enterprise/DerivedDataCache/Compressed.ddp.
[2019.09.28-14.16.04:002][  0]LogDerivedDataCache: Using Local data cache path C:/Users/Gregory/AppData/Local/UnrealEngine/Common/DerivedDataCache: Writable
[2019.09.28-14.16.04:002][  0]LogDerivedDataCache: Shared data cache path not found in *engine.ini, will not use an Shared cache.
[2019.09.28-14.16.04:002][  0]LogDerivedDataCache: Unable to find inner node Shared for hierarchical cache Hierarchy.
[2019.09.28-14.16.04:024][  0]LogMaterial: Verifying Global Shaders for PCD3D_SM5
[2019.09.28-14.16.04:025][  0]LogSlate: Using FreeType 2.6.0
[2019.09.28-14.16.04:025][  0]LogSlate: SlateFontServices - WITH_FREETYPE: 1, WITH_HARFBUZZ: 1
[2019.09.28-14.16.04:103][  0]LogAssetRegistry: FAssetRegistry took 0.0364 seconds to start up
[2019.09.28-14.16.04:474][  0]LogInit: Selected Device Profile: [Windows]
[2019.09.28-14.16.04:636][  0]LogMeshReduction: Using QuadricMeshReduction for automatic static mesh reduction
[2019.09.28-14.16.04:636][  0]LogMeshReduction: Using SimplygonMeshReduction for automatic skeletal mesh reduction
[2019.09.28-14.16.04:636][  0]LogMeshReduction: Using ProxyLODMeshReduction for automatic mesh merging
[2019.09.28-14.16.04:636][  0]LogMeshReduction: No distributed automatic mesh merging module available
[2019.09.28-14.16.04:636][  0]LogMeshMerging: No distributed automatic mesh merging module available
[2019.09.28-14.16.04:653][  0]LogNetVersion: SeniorProject 1.0.0, NetCL: 5660361, EngineNetVer: 10, GameNetVer: 0 (Checksum: 993350713)
[2019.09.28-14.16.05:118][  0]LogPackageLocalizationCache: Processed 16 localized package path(s) for 1 prioritized culture(s) in 0.053249 seconds
[2019.09.28-14.16.05:123][  0]LogUObjectArray: 42205 objects as part of root set at end of initial load.
[2019.09.28-14.16.05:124][  0]LogUObjectAllocator: 7325032 out of 0 bytes used by permanent object pool.
[2019.09.28-14.16.05:124][  0]LogUObjectArray: CloseDisregardForGC: 0/0 objects in disregard for GC pool
[2019.09.28-14.16.06:091][  0]LogTcpMessaging: Initializing TcpMessaging bridge
[2019.09.28-14.16.06:108][  0]LogUdpMessaging: Initializing bridge on interface 0.0.0.0:0 to multicast group 230.0.0.1:6666.
[2019.09.28-14.16.06:273][  0]SourceControl: Source control is disabled
[2019.09.28-14.16.07:202][  0]LogAndroidPermission: UAndroidPermissionCallbackProxy::GetInstance
[2019.09.28-14.16.07:499][  0]LogOcInput: OculusInput pre-init called
[2019.09.28-14.16.09:469][  0]LogWindows: Failed to load 'libalias_api.dll' (GetLastError=126)
[2019.09.28-14.16.09:469][  0]LogWindows: File 'libalias_api.dll' does not exist
[2019.09.28-14.16.09:470][  0]LogWindows: Failed to load 'libalias_api.dll' (GetLastError=126)
[2019.09.28-14.16.09:470][  0]LogWindows: File 'libalias_api.dll' does not exist
[2019.09.28-14.16.09:621][  0]LogEngine: Initializing Engine...
[2019.09.28-14.16.09:672][  0]LogHMD: Failed to initialize OpenVR with code 126
[2019.09.28-14.16.09:673][  0]LogStats: UGameplayTagsManager::InitializeManager -  0.000 s
[2019.09.28-14.16.09:879][  0]LogInit: Initializing FReadOnlyCVARCache
[2019.09.28-14.16.09:895][  0]LogAIModule: Creating AISystem for world Untitled
[2019.09.28-14.16.10:085][  0]LogInit: XAudio2 using 'Headset Earphone (2- Corsair HS70 Wireless Gaming Headset)' : 2 channels at 48 kHz using 16 bits per sample (channel mask 0x3)
[2019.09.28-14.16.10:112][  0]LogInit: FAudioDevice initialized.
[2019.09.28-14.16.10:113][  0]LogNetVersion: Set ProjectVersion to 1.0.0.0. Version Checksum will be recalculated on next use.
[2019.09.28-14.16.10:300][  0]LogDerivedDataCache: Saved boot cache 0.19s 72MB C:/Users/Gregory/AppData/Local/UnrealEngine/4.22/DerivedDataCache/Boot.ddc.
[2019.09.28-14.16.10:313][  0]LogInit: Texture streaming: Enabled
[2019.09.28-14.16.10:339][  0]LogEngineSessionManager: EngineSessionManager initialized
[2019.09.28-14.16.10:356][  0]LogInit: Transaction tracking system initialized
[2019.09.28-14.16.10:387][  0]BlueprintLog: New page: Editor Load
[2019.09.28-14.16.10:495][  0]LocalizationService: Localization service is disabled
[2019.09.28-14.16.10:815][  0]LogFileCache: Scanning file cache for directory 'E:/SeniorProject/PollutionProject/SeniorProject/Content/' took 0.02s
[2019.09.28-14.16.10:816][  0]LogCook: Display: Max memory allowance for cook 16384mb min free memory 0mb
[2019.09.28-14.16.10:816][  0]LogCook: Display: Mobile HDR setting 1
[2019.09.28-14.16.12:004][  0]Cmd: MAP LOAD FILE="../../../Engine/Content/Maps/Templates/Template_Default.umap" TEMPLATE=1 SHOWPROGRESS=1 FEATURELEVEL=3
[2019.09.28-14.16.12:005][  0]LightingResults: New page: Lighting Build
[2019.09.28-14.16.12:008][  0]MapCheck: New page: Map Check
[2019.09.28-14.16.12:008][  0]LightingResults: New page: Lighting Build
[2019.09.28-14.16.12:036][  0]LogUObjectHash: Compacting FUObjectHashTables data took   2.02ms
[2019.09.28-14.16.12:123][  0]LogAIModule: Creating AISystem for world Untitled_1
[2019.09.28-14.16.12:128][  0]LogEditorServer: Finished looking for orphan Actors (0.000 secs)
[2019.09.28-14.16.12:158][  0]LogUObjectHash: Compacting FUObjectHashTables data took   1.83ms
[2019.09.28-14.16.12:158][  0]Cmd: MAP CHECKDEP NOCLEARLOG
[2019.09.28-14.16.12:158][  0]MapCheck: Map check complete: 0 Error(s), 0 Warning(s), took 0.134ms to complete.
[2019.09.28-14.16.12:159][  0]LogFileHelpers: Loading map 'Template_Default' took 0.154
[2019.09.28-14.16.12:293][  0]LogSlate: Updating window title bar state: overlay mode, drag disabled, window buttons hidden, title bar hidden
[2019.09.28-14.16.12:300][  0]LogSlate: Updating window title bar state: overlay mode, drag disabled, window buttons hidden, title bar hidden
[2019.09.28-14.16.12:307][  0]LogSlate: Updating window title bar state: overlay mode, drag disabled, window buttons hidden, title bar hidden
[2019.09.28-14.16.12:315][  0]LogSlate: Updating window title bar state: overlay mode, drag disabled, window buttons hidden, title bar hidden
[2019.09.28-14.16.12:323][  0]LogCollectionManager: Loaded 0 collections in 0.001880 seconds
[2019.09.28-14.16.12:342][  0]LogFileCache: Scanning file cache for directory 'E:/SeniorProject/PollutionProject/SeniorProject/Saved/Collections/' took 0.01s
[2019.09.28-14.16.12:342][  0]LogFileCache: Scanning file cache for directory 'E:/SeniorProject/PollutionProject/SeniorProject/Content/Developers/Gregory/Collections/' took 0.00s
[2019.09.28-14.16.12:342][  0]LogFileCache: Scanning file cache for directory 'E:/SeniorProject/PollutionProject/SeniorProject/Content/Collections/' took 0.00s
[2019.09.28-14.16.12:342][  0]LogCollectionManager: Rebuilt the GUID cache for 0 collections in 0.000000 seconds
[2019.09.28-14.16.12:352][  0]LogContentBrowser: Native class hierarchy populated in 0.0093 seconds. Added 2867 classes and 728 folders.
[2019.09.28-14.16.12:358][  0]LogContentBrowser: Native class hierarchy updated for 'WidgetCarousel' in 0.0003 seconds. Added 0 classes and 0 folders.
[2019.09.28-14.16.12:360][  0]LogPakFile: Registered encryption key '00000000000000000000000000000000': 0 pak files mounted, 0 remain pending
[2019.09.28-14.16.12:361][  0]LogPakFile: Registered encryption key '00000000000000000000000000000000': 0 pak files mounted, 0 remain pending
[2019.09.28-14.16.12:361][  0]LogPakFile: Registered encryption key '00000000000000000000000000000000': 0 pak files mounted, 0 remain pending
[2019.09.28-14.16.12:361][  0]LogPakFile: Registered encryption key '00000000000000000000000000000000': 0 pak files mounted, 0 remain pending
[2019.09.28-14.16.12:362][  0]LogPakFile: Registered encryption key '00000000000000000000000000000000': 0 pak files mounted, 0 remain pending
[2019.09.28-14.16.12:362][  0]LogPakFile: Registered encryption key '00000000000000000000000000000000': 0 pak files mounted, 0 remain pending
[2019.09.28-14.16.12:363][  0]LogPakFile: Registered encryption key '00000000000000000000000000000000': 0 pak files mounted, 0 remain pending
[2019.09.28-14.16.12:363][  0]LogPakFile: Registered encryption key '00000000000000000000000000000000': 0 pak files mounted, 0 remain pending
[2019.09.28-14.16.12:364][  0]LogPakFile: Registered encryption key '00000000000000000000000000000000': 0 pak files mounted, 0 remain pending
[2019.09.28-14.16.12:365][  0]LogPakFile: Registered encryption key '00000000000000000000000000000000': 0 pak files mounted, 0 remain pending
[2019.09.28-14.16.12:366][  0]LogPakFile: Registered encryption key '00000000000000000000000000000000': 0 pak files mounted, 0 remain pending
[2019.09.28-14.16.12:366][  0]LogPakFile: Registered encryption key '00000000000000000000000000000000': 0 pak files mounted, 0 remain pending
[2019.09.28-14.16.12:367][  0]LogPakFile: Registered encryption key '00000000000000000000000000000000': 0 pak files mounted, 0 remain pending
[2019.09.28-14.16.12:367][  0]LogPakFile: Registered encryption key '00000000000000000000000000000000': 0 pak files mounted, 0 remain pending
[2019.09.28-14.16.12:368][  0]LogPakFile: Registered encryption key '00000000000000000000000000000000': 0 pak files mounted, 0 remain pending
[2019.09.28-14.16.12:369][  0]LogPakFile: Registered encryption key '00000000000000000000000000000000': 0 pak files mounted, 0 remain pending
[2019.09.28-14.16.12:369][  0]LogPakFile: Registered encryption key '00000000000000000000000000000000': 0 pak files mounted, 0 remain pending
[2019.09.28-14.16.12:370][  0]LogPakFile: Registered encryption key '00000000000000000000000000000000': 0 pak files mounted, 0 remain pending
[2019.09.28-14.16.12:370][  0]LogPakFile: Registered encryption key '00000000000000000000000000000000': 0 pak files mounted, 0 remain pending
[2019.09.28-14.16.12:371][  0]LogPakFile: Registered encryption key '00000000000000000000000000000000': 0 pak files mounted, 0 remain pending
[2019.09.28-14.16.12:371][  0]LogPakFile: Registered encryption key '00000000000000000000000000000000': 0 pak files mounted, 0 remain pending
[2019.09.28-14.16.12:372][  0]LogPakFile: Registered encryption key '00000000000000000000000000000000': 0 pak files mounted, 0 remain pending
[2019.09.28-14.16.12:373][  0]LogPakFile: Registered encryption key '00000000000000000000000000000000': 0 pak files mounted, 0 remain pending
[2019.09.28-14.16.12:373][  0]LogPakFile: Registered encryption key '00000000000000000000000000000000': 0 pak files mounted, 0 remain pending
[2019.09.28-14.16.12:374][  0]LogPakFile: Registered encryption key '00000000000000000000000000000000': 0 pak files mounted, 0 remain pending
[2019.09.28-14.16.12:374][  0]LogPakFile: Registered encryption key '00000000000000000000000000000000': 0 pak files mounted, 0 remain pending
[2019.09.28-14.16.12:375][  0]LogPakFile: Registered encryption key '00000000000000000000000000000000': 0 pak files mounted, 0 remain pending
[2019.09.28-14.16.12:375][  0]LogPakFile: Registered encryption key '00000000000000000000000000000000': 0 pak files mounted, 0 remain pending
[2019.09.28-14.16.12:401][  0]LogContentBrowser: Native class hierarchy updated for 'AddContentDialog' in 0.0003 seconds. Added 0 classes and 0 folders.
[2019.09.28-14.16.12:404][  0]LogContentBrowser: Native class hierarchy updated for 'SceneOutliner' in 0.0003 seconds. Added 1 classes and 0 folders.
[2019.09.28-14.16.12:420][  0]LogSlate: Took 0.000161 seconds to synchronously load lazily loaded font '../../../Engine/Content/Slate/Fonts/Roboto-Regular.ttf' (155K)
[2019.09.28-14.16.12:422][  0]LogSlate: Took 0.000136 seconds to synchronously load lazily loaded font '../../../Engine/Content/Slate/Fonts/Roboto-Bold.ttf' (160K)
[2019.09.28-14.16.12:427][  0]LogSlate: Took 0.000269 seconds to synchronously load lazily loaded font '../../../Engine/Content/Editor/Slate/Fonts/FontAwesome.ttf' (139K)
[2019.09.28-14.16.12:492][  0]LogRenderer: Reallocating scene render targets to support 1132x572 Format 10 NumSamples 1 (Frame:1).
[2019.09.28-14.16.12:653][  0]LogContentBrowser: Native class hierarchy updated for 'HierarchicalLODOutliner' in 0.0003 seconds. Added 0 classes and 0 folders.
[2019.09.28-14.16.12:653][  0]LogLoad: (Engine Initialization) Total time: 13.51 seconds
[2019.09.28-14.16.12:653][  0]LogLoad: (Engine Initialization) Total Blueprint compile time: 0.00 seconds
[2019.09.28-14.16.12:692][  0]LogAssetRegistry: Asset discovery search completed in 8.6127 seconds
[2019.09.28-14.16.12:694][  0]LogCollectionManager: Rebuilt the object cache for 0 collections in 0.000000 seconds (found 0 objects)
[2019.09.28-14.16.12:694][  0]LogCollectionManager: Fixed up redirectors for 0 collections in 0.000170 seconds (updated 0 objects)
[2019.09.28-14.16.12:696][  0]LogContentStreaming: Texture pool size now 1000 MB
[2019.09.28-14.16.12:733][  0]LogSlate: Took 0.000259 seconds to synchronously load lazily loaded font '../../../Engine/Content/Slate/Fonts/Roboto-Light.ttf' (167K)
[2019.09.28-14.16.18:264][ 34]LogEditorViewport: Clicking on Actor (context menu): StaticMeshActor (Floor)
[2019.09.28-14.16.18:392][ 34]LogSlate: FSceneViewport::OnFocusLost() reason 2
[2019.09.28-14.16.19:263][118]LogSlate: Took 0.000225 seconds to synchronously load lazily loaded font '../../../Engine/Content/Slate/Fonts/Roboto-Light.ttf' (167K)
[2019.09.28-14.16.20:101][118]LogAIModule: Creating AISystem for world GreyBoxLVL
[2019.09.28-14.16.20:118][118]LogAssetEditorManager: Opening Asset editor for World /Game/Levels/GreyBoxLVL.GreyBoxLVL
[2019.09.28-14.16.20:142][118]LogUObjectHash: Compacting FUObjectHashTables data took   1.89ms
[2019.09.28-14.16.20:144][118]Cmd: MAP LOAD FILE="E:/SeniorProject/PollutionProject/SeniorProject/Content/Levels/GreyBoxLVL.umap" TEMPLATE=0 SHOWPROGRESS=1 FEATURELEVEL=3
[2019.09.28-14.16.20:145][118]LightingResults: New page: Lighting Build
[2019.09.28-14.16.20:145][118]LoadErrors: New page: Loading map: GreyBoxLVL.umap
[2019.09.28-14.16.20:161][118]MapCheck: New page: Map Check
[2019.09.28-14.16.20:162][118]LightingResults: New page: Lighting Build
[2019.09.28-14.16.20:184][118]LogUObjectHash: Compacting FUObjectHashTables data took   1.50ms
[2019.09.28-14.16.21:298][118]LogEditorServer: Finished looking for orphan Actors (0.000 secs)
[2019.09.28-14.16.21:318][118]LogUObjectHash: Compacting FUObjectHashTables data took   1.40ms
[2019.09.28-14.16.21:341][118]Cmd: MAP CHECKDEP NOCLEARLOG
[2019.09.28-14.16.21:342][118]MapCheck: Map check complete: 0 Error(s), 0 Warning(s), took 0.112ms to complete.
[2019.09.28-14.16.21:342][118]LogFileHelpers: Loading map 'GreyBoxLVL' took 1.199
[2019.09.28-14.16.22:954][241]LogSlate: FSceneViewport::OnFocusLost() reason 0
[2019.09.28-14.16.23:029][250]LogTemp: Repeating last play command: Selected Viewport
[2019.09.28-14.16.23:040][250]LogBlueprintUserMessages: Early PlayInEditor Detection: Level '/Game/Levels/GreyBoxLVL.GreyBoxLVL:PersistentLevel' has LevelScriptBlueprint '/Game/Levels/GreyBoxLVL.GreyBoxLVL:PersistentLevel.GreyBoxLVL' with GeneratedClass '/Game/Levels/GreyBoxLVL.GreyBoxLVL_C' with ClassGeneratedBy '/Game/Levels/GreyBoxLVL.GreyBoxLVL:PersistentLevel.GreyBoxLVL'
[2019.09.28-14.16.23:041][250]LogPlayLevel: PlayLevel: No blueprints needed recompiling
[2019.09.28-14.16.23:041][250]PIE: New page: PIE session: GreyBoxLVL (Sep 28, 2019, 6:16:23 AM)
[2019.09.28-14.16.23:054][250]LogPlayLevel: Creating play world package: /Game/Levels/UEDPIE_0_GreyBoxLVL
[2019.09.28-14.16.23:088][250]LogPlayLevel: PIE: StaticDuplicateObject took: (0.033585s)
[2019.09.28-14.16.23:089][250]LogAIModule: Creating AISystem for world GreyBoxLVL
[2019.09.28-14.16.23:089][250]LogPlayLevel: PIE: World Init took: (0.000669s)
[2019.09.28-14.16.23:089][250]LogPlayLevel: PIE: Created PIE world by copying editor world from /Game/Levels/GreyBoxLVL.GreyBoxLVL to /Game/Levels/UEDPIE_0_GreyBoxLVL.GreyBoxLVL (0.034727s)
[2019.09.28-14.16.23:110][250]LogUObjectHash: Compacting FUObjectHashTables data took   1.18ms
[2019.09.28-14.16.23:245][250]LogInit: XAudio2 using 'Headset Earphone (2- Corsair HS70 Wireless Gaming Headset)' : 2 channels at 48 kHz using 16 bits per sample (channel mask 0x3)
[2019.09.28-14.16.23:261][250]LogInit: FAudioDevice initialized.
[2019.09.28-14.16.23:565][250]LogLoad: Game class is 'FirstPersonGameMode_C'
[2019.09.28-14.16.23:568][250]LogWorld: Bringing World /Game/Levels/UEDPIE_0_GreyBoxLVL.GreyBoxLVL up for play (max tick rate 0) at 2019.09.28-10.16.23
[2019.09.28-14.16.23:569][250]LogWorld: Bringing up level for play took: 0.003124
[2019.09.28-14.16.23:587][250]LogContentBrowser: Native class hierarchy updated for 'MovieSceneCapture' in 0.0003 seconds. Added 20 classes and 0 folders.
[2019.09.28-14.16.23:589][250]PIE: Play in editor start time for /Game/Levels/UEDPIE_0_GreyBoxLVL 0.375
[2019.09.28-14.16.23:589][250]LogBlueprintUserMessages: Late PlayInEditor Detection: Level '/Game/Levels/GreyBoxLVL.GreyBoxLVL:PersistentLevel' has LevelScriptBlueprint '/Game/Levels/GreyBoxLVL.GreyBoxLVL:PersistentLevel.GreyBoxLVL' with GeneratedClass '/Game/Levels/GreyBoxLVL.GreyBoxLVL_C' with ClassGeneratedBy '/Game/Levels/GreyBoxLVL.GreyBoxLVL:PersistentLevel.GreyBoxLVL'
[2019.09.28-14.16.54:400][251]LogCharacterMovement: Warning: GetSimulationTimeStep() - Max iterations 8 hit while remaining time 0.076924 > MaxSimulationTimeStep (0.050) for 'FirstPersonCharacter_C_0', movement 'Walking'
[2019.09.28-14.16.58:539][329]LogBlueprintUserMessages: Early EndPlayMap Detection: Level '/Game/Levels/GreyBoxLVL.GreyBoxLVL:PersistentLevel' has LevelScriptBlueprint '/Game/Levels/GreyBoxLVL.GreyBoxLVL:PersistentLevel.GreyBoxLVL' with GeneratedClass '/Game/Levels/GreyBoxLVL.GreyBoxLVL_C' with ClassGeneratedBy '/Game/Levels/GreyBoxLVL.GreyBoxLVL:PersistentLevel.GreyBoxLVL'
[2019.09.28-14.16.58:540][329]LogSlate: Updating window title bar state: overlay mode, drag disabled, window buttons hidden, title bar hidden
[2019.09.28-14.16.58:579][329]LogPlayLevel: Display: Shutting down PIE online subsystems
[2019.09.28-14.16.58:580][329]LogBlueprintUserMessages: Late EndPlayMap Detection: Level '/Game/Levels/GreyBoxLVL.GreyBoxLVL:PersistentLevel' has LevelScriptBlueprint '/Game/Levels/GreyBoxLVL.GreyBoxLVL:PersistentLevel.GreyBoxLVL' with GeneratedClass '/Game/Levels/GreyBoxLVL.GreyBoxLVL_C' with ClassGeneratedBy '/Game/Levels/GreyBoxLVL.GreyBoxLVL:PersistentLevel.GreyBoxLVL'
[2019.09.28-14.16.58:610][329]LogSlate: Updating window title bar state: overlay mode, drag disabled, window buttons hidden, title bar hidden
[2019.09.28-14.16.58:617][329]LogUObjectHash: Compacting FUObjectHashTables data took   2.81ms
[2019.09.28-14.16.58:639][330]LogPlayLevel: Display: Destroying online subsystem :Context_3
[2019.09.28-14.17.05:872][745]LogSlate: FSceneViewport::OnFocusLost() reason 0
[2019.09.28-14.17.06:068][745]LogTemp: Repeating last play command: Selected Viewport
[2019.09.28-14.17.06:083][745]LogBlueprintUserMessages: Early PlayInEditor Detection: Level '/Game/Levels/GreyBoxLVL.GreyBoxLVL:PersistentLevel' has LevelScriptBlueprint '/Game/Levels/GreyBoxLVL.GreyBoxLVL:PersistentLevel.GreyBoxLVL' with GeneratedClass '/Game/Levels/GreyBoxLVL.GreyBoxLVL_C' with ClassGeneratedBy '/Game/Levels/GreyBoxLVL.GreyBoxLVL:PersistentLevel.GreyBoxLVL'
[2019.09.28-14.17.06:083][745]LogPlayLevel: PlayLevel: No blueprints needed recompiling
[2019.09.28-14.17.06:083][745]PIE: New page: PIE session: GreyBoxLVL (Sep 28, 2019, 6:17:06 AM)
[2019.09.28-14.17.06:084][745]LogPlayLevel: Creating play world package: /Game/Levels/UEDPIE_0_GreyBoxLVL
[2019.09.28-14.17.06:125][745]LogPlayLevel: PIE: StaticDuplicateObject took: (0.039969s)
[2019.09.28-14.17.06:126][745]LogAIModule: Creating AISystem for world GreyBoxLVL
[2019.09.28-14.17.06:126][745]LogPlayLevel: PIE: World Init took: (0.000729s)
[2019.09.28-14.17.06:126][745]LogPlayLevel: PIE: Created PIE world by copying editor world from /Game/Levels/GreyBoxLVL.GreyBoxLVL to /Game/Levels/UEDPIE_0_GreyBoxLVL.GreyBoxLVL (0.041447s)
[2019.09.28-14.17.06:146][745]LogUObjectHash: Compacting FUObjectHashTables data took   0.98ms
[2019.09.28-14.17.06:284][745]LogInit: XAudio2 using 'Headset Earphone (2- Corsair HS70 Wireless Gaming Headset)' : 2 channels at 48 kHz using 16 bits per sample (channel mask 0x3)
[2019.09.28-14.17.06:302][745]LogInit: FAudioDevice initialized.
[2019.09.28-14.17.06:338][745]LogLoad: Game class is 'FirstPersonGameMode_C'
[2019.09.28-14.17.06:341][745]LogWorld: Bringing World /Game/Levels/UEDPIE_0_GreyBoxLVL.GreyBoxLVL up for play (max tick rate 0) at 2019.09.28-10.17.06
[2019.09.28-14.17.06:341][745]LogWorld: Bringing up level for play took: 0.002615
[2019.09.28-14.17.06:359][745]PIE: Play in editor start time for /Game/Levels/UEDPIE_0_GreyBoxLVL 1.144
[2019.09.28-14.17.06:359][745]LogBlueprintUserMessages: Late PlayInEditor Detection: Level '/Game/Levels/GreyBoxLVL.GreyBoxLVL:PersistentLevel' has LevelScriptBlueprint '/Game/Levels/GreyBoxLVL.GreyBoxLVL:PersistentLevel.GreyBoxLVL' with GeneratedClass '/Game/Levels/GreyBoxLVL.GreyBoxLVL_C' with ClassGeneratedBy '/Game/Levels/GreyBoxLVL.GreyBoxLVL:PersistentLevel.GreyBoxLVL'
[2019.09.28-14.17.15:939][227]LogBlueprintUserMessages: Early EndPlayMap Detection: Level '/Game/Levels/GreyBoxLVL.GreyBoxLVL:PersistentLevel' has LevelScriptBlueprint '/Game/Levels/GreyBoxLVL.GreyBoxLVL:PersistentLevel.GreyBoxLVL' with GeneratedClass '/Game/Levels/GreyBoxLVL.GreyBoxLVL_C' with ClassGeneratedBy '/Game/Levels/GreyBoxLVL.GreyBoxLVL:PersistentLevel.GreyBoxLVL'
[2019.09.28-14.17.15:939][227]LogSlate: Updating window title bar state: overlay mode, drag disabled, window buttons hidden, title bar hidden
[2019.09.28-14.17.15:983][227]LogPlayLevel: Display: Shutting down PIE online subsystems
[2019.09.28-14.17.15:984][227]LogBlueprintUserMessages: Late EndPlayMap Detection: Level '/Game/Levels/GreyBoxLVL.GreyBoxLVL:PersistentLevel' has LevelScriptBlueprint '/Game/Levels/GreyBoxLVL.GreyBoxLVL:PersistentLevel.GreyBoxLVL' with GeneratedClass '/Game/Levels/GreyBoxLVL.GreyBoxLVL_C' with ClassGeneratedBy '/Game/Levels/GreyBoxLVL.GreyBoxLVL:PersistentLevel.GreyBoxLVL'
[2019.09.28-14.17.16:007][227]LogSlate: Updating window title bar state: overlay mode, drag disabled, window buttons hidden, title bar hidden
[2019.09.28-14.17.16:010][227]LogUObjectHash: Compacting FUObjectHashTables data took   0.95ms
[2019.09.28-14.17.16:050][229]LogPlayLevel: Display: Destroying online subsystem :Context_4
[2019.09.28-14.17.26:112][382]LogEditorViewport: Clicking on Actor (LMB): Landscape (Landscape)
[2019.09.28-14.17.26:418][410]LogSlate: FSceneViewport::OnFocusLost() reason 0
[2019.09.28-14.17.26:500][419]LogTemp: Repeating last play command: Selected Viewport
[2019.09.28-14.17.26:513][419]LogBlueprintUserMessages: Early PlayInEditor Detection: Level '/Game/Levels/GreyBoxLVL.GreyBoxLVL:PersistentLevel' has LevelScriptBlueprint '/Game/Levels/GreyBoxLVL.GreyBoxLVL:PersistentLevel.GreyBoxLVL' with GeneratedClass '/Game/Levels/GreyBoxLVL.GreyBoxLVL_C' with ClassGeneratedBy '/Game/Levels/GreyBoxLVL.GreyBoxLVL:PersistentLevel.GreyBoxLVL'
[2019.09.28-14.17.26:513][419]LogPlayLevel: PlayLevel: No blueprints needed recompiling
[2019.09.28-14.17.26:513][419]PIE: New page: PIE session: GreyBoxLVL (Sep 28, 2019, 6:17:26 AM)
[2019.09.28-14.17.26:514][419]LogPlayLevel: Creating play world package: /Game/Levels/UEDPIE_0_GreyBoxLVL
[2019.09.28-14.17.26:551][419]LogPlayLevel: PIE: StaticDuplicateObject took: (0.037291s)
[2019.09.28-14.17.26:552][419]LogAIModule: Creating AISystem for world GreyBoxLVL
[2019.09.28-14.17.26:552][419]LogPlayLevel: PIE: World Init took: (0.001027s)
[2019.09.28-14.17.26:552][419]LogPlayLevel: PIE: Created PIE world by copying editor world from /Game/Levels/GreyBoxLVL.GreyBoxLVL to /Game/Levels/UEDPIE_0_GreyBoxLVL.GreyBoxLVL (0.038746s)
[2019.09.28-14.17.26:574][419]LogUObjectHash: Compacting FUObjectHashTables data took   1.82ms
[2019.09.28-14.17.26:722][419]LogInit: XAudio2 using 'Headset Earphone (2- Corsair HS70 Wireless Gaming Headset)' : 2 channels at 48 kHz using 16 bits per sample (channel mask 0x3)
[2019.09.28-14.17.26:738][419]LogInit: FAudioDevice initialized.
[2019.09.28-14.17.26:778][419]LogLoad: Game class is 'FirstPersonGameMode_C'
[2019.09.28-14.17.26:783][419]LogWorld: Bringing World /Game/Levels/UEDPIE_0_GreyBoxLVL.GreyBoxLVL up for play (max tick rate 0) at 2019.09.28-10.17.26
[2019.09.28-14.17.26:783][419]LogWorld: Bringing up level for play took: 0.004177
[2019.09.28-14.17.26:801][419]PIE: Play in editor start time for /Game/Levels/UEDPIE_0_GreyBoxLVL -0.414
[2019.09.28-14.17.26:801][419]LogBlueprintUserMessages: Late PlayInEditor Detection: Level '/Game/Levels/GreyBoxLVL.GreyBoxLVL:PersistentLevel' has LevelScriptBlueprint '/Game/Levels/GreyBoxLVL.GreyBoxLVL:PersistentLevel.GreyBoxLVL' with GeneratedClass '/Game/Levels/GreyBoxLVL.GreyBoxLVL_C' with ClassGeneratedBy '/Game/Levels/GreyBoxLVL.GreyBoxLVL:PersistentLevel.GreyBoxLVL'
[2019.09.28-14.17.38:986][420]LogCharacterMovement: Warning: GetSimulationTimeStep() - Max iterations 8 hit while remaining time 0.078355 > MaxSimulationTimeStep (0.050) for 'FirstPersonCharacter_C_0', movement 'Walking'
