Log file open, 12/07/19 09:26:38
LogWindows: Failed to load 'aqProf.dll' (GetLastError=126)
LogWindows: File 'aqProf.dll' does not exist
LogWindows: Failed to load 'VtuneApi.dll' (GetLastError=126)
LogWindows: File 'VtuneApi.dll' does not exist
LogWindows: Failed to load 'VtuneApi32e.dll' (GetLastError=126)
LogWindows: File 'VtuneApi32e.dll' does not exist
LogConsoleResponse: Display: Failed to find resolution value strings in scalability ini. Falling back to default.
LogInit: Display: Running engine for game: SeniorProject
LogPakFile: Registered encryption key '00000000000000000000000000000000': 0 pak files mounted, 0 remain pending
LogPlatformFile: Not using cached read wrapper
LogTaskGraph: Started task graph with 5 named threads and 23 total threads with 3 sets of task threads.
LogStats: Stats thread started at 0.300971
LogD3D11RHI: Loaded GFSDK_Aftermath_Lib.x64.dll
LogICUInternationalization: ICU TimeZone Detection - Raw Offset: -5:00, Platform Override: ''
LogPluginManager: Mounting plugin Paper2D
LogPluginManager: Mounting plugin AISupport
LogPluginManager: Mounting plugin LightPropagationVolume
LogPluginManager: Mounting plugin ActorLayerUtilities
LogPluginManager: Mounting plugin AnimationSharing
LogPluginManager: Mounting plugin CLionSourceCodeAccess
LogPluginManager: Mounting plugin CodeLiteSourceCodeAccess
LogPluginManager: Mounting plugin GitSourceControl
LogPluginManager: Mounting plugin KDevelopSourceCodeAccess
LogPluginManager: Mounting plugin NullSourceCodeAccess
LogPluginManager: Mounting plugin PerforceSourceControl
LogPluginManager: Mounting plugin SubversionSourceControl
LogPluginManager: Mounting plugin UObjectPlugin
LogPluginManager: Mounting plugin VisualStudioCodeSourceCodeAccess
LogPluginManager: Mounting plugin VisualStudioSourceCodeAccess
LogPluginManager: Mounting plugin XCodeSourceCodeAccess
LogPluginManager: Mounting plugin AssetManagerEditor
LogPluginManager: Mounting plugin CryptoKeys
LogPluginManager: Mounting plugin DataValidation
LogPluginManager: Mounting plugin EditorScriptingUtilities
LogPluginManager: Mounting plugin FacialAnimation
LogPluginManager: Mounting plugin GameplayTagsEditor
LogPluginManager: Mounting plugin GLTFImporter
LogPluginManager: Mounting plugin MacGraphicsSwitching
LogPluginManager: Mounting plugin MaterialAnalyzer
LogPluginManager: Mounting plugin MeshEditor
LogPluginManager: Mounting plugin MobileLauncherProfileWizard
LogPluginManager: Mounting plugin PluginBrowser
LogPluginManager: Mounting plugin SpeedTreeImporter
LogPluginManager: Mounting plugin DatasmithContent
LogPluginManager: Mounting plugin VariantManagerContent
LogPluginManager: Mounting plugin AlembicImporter
LogPluginManager: Mounting plugin AppleImageUtils
LogPluginManager: Mounting plugin AppleVision
LogPluginManager: Mounting plugin BackChannel
LogPluginManager: Mounting plugin BlastPlugin
LogPluginManager: Mounting plugin ChaosSolverPlugin
LogPluginManager: Mounting plugin CharacterAI
LogPluginManager: Mounting plugin GeometryCache
LogPluginManager: Mounting plugin GeometryCollectionPlugin
LogPluginManager: Mounting plugin HTML5Networking
LogPluginManager: Mounting plugin ProxyLODPlugin
LogPluginManager: Mounting plugin SkeletalReduction
LogPluginManager: Mounting plugin MagicLeap
LogPluginManager: Mounting plugin MagicLeapMedia
LogPluginManager: Mounting plugin AndroidMedia
LogPluginManager: Mounting plugin AvfMedia
LogPluginManager: Mounting plugin ImgMedia
LogPluginManager: Mounting plugin LinearTimecode
LogPluginManager: Mounting plugin MediaCompositing
LogPluginManager: Mounting plugin MediaPlayerEditor
LogPluginManager: Mounting plugin WebMMedia
LogPluginManager: Mounting plugin WmfMedia
LogPluginManager: Mounting plugin TcpMessaging
LogPluginManager: Mounting plugin UdpMessaging
LogPluginManager: Mounting plugin ActorSequence
LogPluginManager: Mounting plugin LevelSequenceEditor
LogPluginManager: Mounting plugin MatineeToLevelSequence
LogPluginManager: Mounting plugin NetcodeUnitTest
LogPluginManager: Mounting plugin NUTUnrealEngine4
LogPluginManager: Mounting plugin OnlineSubsystemGooglePlay
LogPluginManager: Mounting plugin OnlineSubsystemIOS
LogPluginManager: Mounting plugin OnlineSubsystem
LogPluginManager: Mounting plugin OnlineSubsystemNull
LogPluginManager: Mounting plugin OnlineSubsystemUtils
LogPluginManager: Mounting plugin LauncherChunkInstaller
LogPluginManager: Mounting plugin AndroidDeviceProfileSelector
LogPluginManager: Mounting plugin AndroidMoviePlayer
LogPluginManager: Mounting plugin AndroidPermission
LogPluginManager: Mounting plugin AppleMoviePlayer
LogPluginManager: Mounting plugin ArchVisCharacter
LogPluginManager: Mounting plugin AudioCapture
LogPluginManager: Mounting plugin CableComponent
LogPluginManager: Mounting plugin CustomMeshComponent
LogPluginManager: Mounting plugin EditableMesh
LogPluginManager: Mounting plugin ExampleDeviceProfileSelector
LogPluginManager: Mounting plugin Firebase
LogPluginManager: Mounting plugin GoogleCloudMessaging
LogPluginManager: Mounting plugin IOSDeviceProfileSelector
LogPluginManager: Mounting plugin LinuxDeviceProfileSelector
LogPluginManager: Mounting plugin LocationServicesBPLibrary
LogPluginManager: Mounting plugin MobilePatchingUtils
LogPluginManager: Mounting plugin OculusVR
LogPluginManager: Mounting plugin PhysXVehicles
LogPluginManager: Mounting plugin ProceduralMeshComponent
LogPluginManager: Mounting plugin RuntimePhysXCooking
LogPluginManager: Mounting plugin SignificanceManager
LogPluginManager: Mounting plugin SteamVR
LogPluginManager: Mounting plugin WebMMoviePlayer
LogPluginManager: Mounting plugin WindowsMoviePlayer
LogPluginManager: Mounting plugin DatasmithCADImporter
LogPluginManager: Mounting plugin DatasmithDataPrepEditor
LogPluginManager: Mounting plugin DatasmithFBXImporter
LogPluginManager: Mounting plugin DatasmithGLTFImporter
LogPluginManager: Mounting plugin DatasmithImporter
LogPluginManager: Mounting plugin MDLImporter
LogPluginManager: Mounting plugin StaticMeshEditorExtension
LogPluginManager: Mounting plugin VariantManager
LogInit: Using libcurl 7.55.1-DEV
LogInit:  - built for x86_64-pc-win32
LogInit:  - supports SSL with OpenSSL/1.1.1
LogInit:  - supports HTTP deflate (compression) using libz 1.2.8
LogInit:  - other features:
LogInit:      CURL_VERSION_SSL
LogInit:      CURL_VERSION_LIBZ
LogInit:      CURL_VERSION_IPV6
LogInit:      CURL_VERSION_ASYNCHDNS
LogInit:      CURL_VERSION_LARGEFILE
LogInit:      CURL_VERSION_IDN
LogInit:  CurlRequestOptions (configurable via config and command line):
LogInit:  - bVerifyPeer = true  - Libcurl will verify peer certificate
LogInit:  - bUseHttpProxy = false  - Libcurl will NOT use HTTP proxy
LogInit:  - bDontReuseConnections = false  - Libcurl will reuse connections
LogInit:  - MaxHostConnections = 16  - Libcurl will limit the number of connections to a host
LogInit:  - LocalHostAddr = Default
LogInit:  - BufferSize = 65536
LogInit: WinSock: version 1.1 (2.2), MaxSocks=32767, MaxUdp=65467
LogHMD: Failed initializing OVRPlugin 1.32.0
LogInit: Build: ++UE4+Release-4.22-CL-7053642
LogInit: Engine Version: 4.22.3-7053642+++UE4+Release-4.22
LogInit: Compatible Engine Version: 4.22.0-5660361+++UE4+Release-4.22
LogInit: Net CL: 5660361
LogInit: OS: Windows 10 (Release 1903) (), CPU: Intel(R) Core(TM) i7-6700K CPU @ 4.00GHz, GPU: NVIDIA GeForce RTX 2080
LogInit: Compiled (64-bit): Jun 18 2019 03:09:11
LogInit: Compiled with Visual C++: 19.16.27025.01
LogInit: Build Configuration: Development
LogInit: Branch Name: ++UE4+Release-4.22
LogInit: Command Line: 
LogInit: Base Directory: C:/Program Files/Epic Games/UE_4.22/Engine/Binaries/Win64/
LogInit: Installed Engine Build: 1
LogDevObjectVersion: Number of dev versions registered: 23
LogDevObjectVersion:   Dev-Blueprints (B0D832E4-1F89-4F0D-ACCF-7EB736FD4AA2): 10
LogDevObjectVersion:   Dev-Build (E1C64328-A22C-4D53-A36C-8E866417BD8C): 0
LogDevObjectVersion:   Dev-Core (375EC13C-06E4-48FB-B500-84F0262A717E): 3
LogDevObjectVersion:   Dev-Editor (E4B068ED-F494-42E9-A231-DA0B2E46BB41): 30
LogDevObjectVersion:   Dev-Framework (CFFC743F-43B0-4480-9391-14DF171D2073): 35
LogDevObjectVersion:   Dev-Mobile (B02B49B5-BB20-44E9-A304-32B752E40360): 2
LogDevObjectVersion:   Dev-Networking (A4E4105C-59A1-49B5-A7C5-40C4547EDFEE): 0
LogDevObjectVersion:   Dev-Online (39C831C9-5AE6-47DC-9A44-9C173E1C8E7C): 0
LogDevObjectVersion:   Dev-Physics (78F01B33-EBEA-4F98-B9B4-84EACCB95AA2): 0
LogDevObjectVersion:   Dev-Platform (6631380F-2D4D-43E0-8009-CF276956A95A): 0
LogDevObjectVersion:   Dev-Rendering (12F88B9F-8875-4AFC-A67C-D90C383ABD29): 28
LogDevObjectVersion:   Dev-Sequencer (7B5AE74C-D270-4C10-A958-57980B212A5A): 11
LogDevObjectVersion:   Dev-VR (D7296918-1DD6-4BDD-9DE2-64A83CC13884): 2
LogDevObjectVersion:   Dev-LoadTimes (C2A15278-BFE7-4AFE-6C17-90FF531DF755): 1
LogDevObjectVersion:   Private-Geometry (6EACA3D4-40EC-4CC1-B786-8BED09428FC5): 3
LogDevObjectVersion:   Dev-AnimPhys (29E575DD-E0A3-4627-9D10-D276232CDCEA): 17
LogDevObjectVersion:   Dev-Anim (AF43A65D-7FD3-4947-9873-3E8ED9C1BB05): 2
LogDevObjectVersion:   Dev-ReflectionCapture (6B266CEC-1EC7-4B8F-A30B-E4D90942FC07): 1
LogDevObjectVersion:   Dev-Automation (0DF73D61-A23F-47EA-B727-89E90C41499A): 1
LogDevObjectVersion:   FortniteMain (601D1886-AC64-4F84-AA16-D3DE0DEAC7D6): 25
LogDevObjectVersion:   Dev-Enterprise (9DFFBCD6-494F-0158-E221-12823C92A888): 6
LogDevObjectVersion:   Dev-Niagara (F2AED0AC-9AFE-416F-8664-AA7FFA26D6FC): 1
LogDevObjectVersion:   Dev-Destruction (174F1F0B-B4C6-45A5-B13F-2EE8D0FB917D): 2
LogInit: Presizing for max 16777216 objects, including 0 objects not considered by GC, pre-allocating 0 bytes for permanent pool.
LogInit: Object subsystem initialized
LogConfig: Setting CVar [[con.DebugEarlyDefault:1]]
LogConfig: Setting CVar [[r.setres:1280x720]]
[2019.12.07-14.26.39:717][  0]LogConfig: Setting CVar [[r.VSync:0]]
[2019.12.07-14.26.39:717][  0]LogConfig: Setting CVar [[r.RHICmdBypass:0]]
[2019.12.07-14.26.39:717][  0]LogConfig: Applying CVar settings from Section [/Script/Engine.RendererSettings] File [E:/SeniorProject/PollutionProject/SeniorProject/Saved/Config/Windows/Engine.ini]
[2019.12.07-14.26.39:717][  0]LogConfig: Setting CVar [[r.GPUCrashDebugging:0]]
[2019.12.07-14.26.39:717][  0]LogConfig: Setting CVar [[r.DefaultFeature.AutoExposure.ExtendDefaultLuminanceRange:1]]
[2019.12.07-14.26.39:717][  0]LogConfig: Setting CVar [[r.GenerateMeshDistanceFields:1]]
[2019.12.07-14.26.39:717][  0]LogConfig: Applying CVar settings from Section [/Script/Engine.RendererOverrideSettings] File [E:/SeniorProject/PollutionProject/SeniorProject/Saved/Config/Windows/Engine.ini]
[2019.12.07-14.26.39:717][  0]LogConfig: Applying CVar settings from Section [/Script/Engine.StreamingSettings] File [E:/SeniorProject/PollutionProject/SeniorProject/Saved/Config/Windows/Engine.ini]
[2019.12.07-14.26.39:717][  0]LogConfig: Setting CVar [[s.MinBulkDataSizeForAsyncLoading:131072]]
[2019.12.07-14.26.39:717][  0]LogConfig: Setting CVar [[s.AsyncLoadingThreadEnabled:0]]
[2019.12.07-14.26.39:717][  0]LogConfig: Setting CVar [[s.EventDrivenLoaderEnabled:1]]
[2019.12.07-14.26.39:717][  0]LogConfig: Setting CVar [[s.WarnIfTimeLimitExceeded:0]]
[2019.12.07-14.26.39:717][  0]LogConfig: Setting CVar [[s.TimeLimitExceededMultiplier:1.5]]
[2019.12.07-14.26.39:717][  0]LogConfig: Setting CVar [[s.TimeLimitExceededMinTime:0.005]]
[2019.12.07-14.26.39:717][  0]LogConfig: Setting CVar [[s.UseBackgroundLevelStreaming:1]]
[2019.12.07-14.26.39:717][  0]LogConfig: Setting CVar [[s.PriorityAsyncLoadingExtraTime:15.0]]
[2019.12.07-14.26.39:717][  0]LogConfig: Setting CVar [[s.LevelStreamingActorsUpdateTimeLimit:5.0]]
[2019.12.07-14.26.39:717][  0]LogConfig: Setting CVar [[s.PriorityLevelStreamingActorsUpdateExtraTime:5.0]]
[2019.12.07-14.26.39:717][  0]LogConfig: Setting CVar [[s.LevelStreamingComponentsRegistrationGranularity:10]]
[2019.12.07-14.26.39:717][  0]LogConfig: Setting CVar [[s.UnregisterComponentsTimeLimit:1.0]]
[2019.12.07-14.26.39:717][  0]LogConfig: Setting CVar [[s.LevelStreamingComponentsUnregistrationGranularity:5]]
[2019.12.07-14.26.39:717][  0]LogConfig: Applying CVar settings from Section [/Script/Engine.GarbageCollectionSettings] File [E:/SeniorProject/PollutionProject/SeniorProject/Saved/Config/Windows/Engine.ini]
[2019.12.07-14.26.39:717][  0]LogConfig: Setting CVar [[gc.MaxObjectsNotConsideredByGC:1]]
[2019.12.07-14.26.39:717][  0]LogConfig: Setting CVar [[gc.SizeOfPermanentObjectPool:0]]
[2019.12.07-14.26.39:717][  0]LogConfig: Setting CVar [[gc.FlushStreamingOnGC:0]]
[2019.12.07-14.26.39:717][  0]LogConfig: Setting CVar [[gc.NumRetriesBeforeForcingGC:10]]
[2019.12.07-14.26.39:717][  0]LogConfig: Setting CVar [[gc.AllowParallelGC:1]]
[2019.12.07-14.26.39:717][  0]LogConfig: Setting CVar [[gc.TimeBetweenPurgingPendingKillObjects:61.1]]
[2019.12.07-14.26.39:717][  0]LogConfig: Setting CVar [[gc.MaxObjectsInEditor:16777216]]
[2019.12.07-14.26.39:717][  0]LogConfig: Setting CVar [[gc.IncrementalBeginDestroyEnabled:1]]
[2019.12.07-14.26.39:717][  0]LogConfig: Setting CVar [[gc.CreateGCClusters:1]]
[2019.12.07-14.26.39:717][  0]LogConfig: Setting CVar [[gc.MinGCClusterSize:5]]
[2019.12.07-14.26.39:717][  0]LogConfig: Setting CVar [[gc.ActorClusteringEnabled:0]]
[2019.12.07-14.26.39:717][  0]LogConfig: Setting CVar [[gc.BlueprintClusteringEnabled:0]]
[2019.12.07-14.26.39:717][  0]LogConfig: Setting CVar [[gc.UseDisregardForGCOnDedicatedServers:0]]
[2019.12.07-14.26.39:717][  0]LogConfig: Applying CVar settings from Section [/Script/Engine.NetworkSettings] File [E:/SeniorProject/PollutionProject/SeniorProject/Saved/Config/Windows/Engine.ini]
[2019.12.07-14.26.39:717][  0]LogConfig: Applying CVar settings from Section [/Script/UnrealEd.CookerSettings] File [E:/SeniorProject/PollutionProject/SeniorProject/Saved/Config/Windows/Engine.ini]
[2019.12.07-14.26.39:737][  0]LogConfig: Applying CVar settings from Section [ViewDistanceQuality@3] File [E:/SeniorProject/PollutionProject/SeniorProject/Saved/Config/Windows/Scalability.ini]
[2019.12.07-14.26.39:737][  0]LogConfig: Setting CVar [[r.SkeletalMeshLODBias:0]]
[2019.12.07-14.26.39:737][  0]LogConfig: Setting CVar [[r.ViewDistanceScale:1.0]]
[2019.12.07-14.26.39:737][  0]LogConfig: Applying CVar settings from Section [AntiAliasingQuality@3] File [E:/SeniorProject/PollutionProject/SeniorProject/Saved/Config/Windows/Scalability.ini]
[2019.12.07-14.26.39:737][  0]LogConfig: Setting CVar [[r.PostProcessAAQuality:4]]
[2019.12.07-14.26.39:737][  0]LogConfig: Applying CVar settings from Section [ShadowQuality@3] File [E:/SeniorProject/PollutionProject/SeniorProject/Saved/Config/Windows/Scalability.ini]
[2019.12.07-14.26.39:737][  0]LogConfig: Setting CVar [[r.LightFunctionQuality:1]]
[2019.12.07-14.26.39:737][  0]LogConfig: Setting CVar [[r.ShadowQuality:5]]
[2019.12.07-14.26.39:737][  0]LogConfig: Setting CVar [[r.Shadow.CSM.MaxCascades:10]]
[2019.12.07-14.26.39:737][  0]LogConfig: Setting CVar [[r.Shadow.MaxResolution:2048]]
[2019.12.07-14.26.39:737][  0]LogConfig: Setting CVar [[r.Shadow.MaxCSMResolution:2048]]
[2019.12.07-14.26.39:737][  0]LogConfig: Setting CVar [[r.Shadow.RadiusThreshold:0.01]]
[2019.12.07-14.26.39:737][  0]LogConfig: Setting CVar [[r.Shadow.DistanceScale:1.0]]
[2019.12.07-14.26.39:737][  0]LogConfig: Setting CVar [[r.Shadow.CSM.TransitionScale:1.0]]
[2019.12.07-14.26.39:737][  0]LogConfig: Setting CVar [[r.Shadow.PreShadowResolutionFactor:1.0]]
[2019.12.07-14.26.39:737][  0]LogConfig: Setting CVar [[r.DistanceFieldShadowing:1]]
[2019.12.07-14.26.39:737][  0]LogConfig: Setting CVar [[r.DistanceFieldAO:1]]
[2019.12.07-14.26.39:737][  0]LogConfig: Setting CVar [[r.AOQuality:2]]
[2019.12.07-14.26.39:737][  0]LogConfig: Setting CVar [[r.VolumetricFog:1]]
[2019.12.07-14.26.39:737][  0]LogConfig: Setting CVar [[r.VolumetricFog.GridPixelSize:8]]
[2019.12.07-14.26.39:737][  0]LogConfig: Setting CVar [[r.VolumetricFog.GridSizeZ:128]]
[2019.12.07-14.26.39:737][  0]LogConfig: Setting CVar [[r.VolumetricFog.HistoryMissSupersampleCount:4]]
[2019.12.07-14.26.39:737][  0]LogConfig: Setting CVar [[r.LightMaxDrawDistanceScale:1]]
[2019.12.07-14.26.39:737][  0]LogConfig: Setting CVar [[r.CapsuleShadows:1]]
[2019.12.07-14.26.39:737][  0]LogConfig: Applying CVar settings from Section [PostProcessQuality@3] File [E:/SeniorProject/PollutionProject/SeniorProject/Saved/Config/Windows/Scalability.ini]
[2019.12.07-14.26.39:737][  0]LogConfig: Setting CVar [[r.MotionBlurQuality:4]]
[2019.12.07-14.26.39:737][  0]LogConfig: Setting CVar [[r.AmbientOcclusionMipLevelFactor:0.4]]
[2019.12.07-14.26.39:737][  0]LogConfig: Setting CVar [[r.AmbientOcclusionMaxQuality:100]]
[2019.12.07-14.26.39:737][  0]LogConfig: Setting CVar [[r.AmbientOcclusionLevels:-1]]
[2019.12.07-14.26.39:737][  0]LogConfig: Setting CVar [[r.AmbientOcclusionRadiusScale:1.0]]
[2019.12.07-14.26.39:737][  0]LogConfig: Setting CVar [[r.DepthOfFieldQuality:2]]
[2019.12.07-14.26.39:737][  0]LogConfig: Setting CVar [[r.RenderTargetPoolMin:400]]
[2019.12.07-14.26.39:737][  0]LogConfig: Setting CVar [[r.LensFlareQuality:2]]
[2019.12.07-14.26.39:737][  0]LogConfig: Setting CVar [[r.SceneColorFringeQuality:1]]
[2019.12.07-14.26.39:737][  0]LogConfig: Setting CVar [[r.EyeAdaptationQuality:2]]
[2019.12.07-14.26.39:737][  0]LogConfig: Setting CVar [[r.BloomQuality:5]]
[2019.12.07-14.26.39:737][  0]LogConfig: Setting CVar [[r.FastBlurThreshold:100]]
[2019.12.07-14.26.39:737][  0]LogConfig: Setting CVar [[r.Upscale.Quality:3]]
[2019.12.07-14.26.39:737][  0]LogConfig: Setting CVar [[r.Tonemapper.GrainQuantization:1]]
[2019.12.07-14.26.39:737][  0]LogConfig: Setting CVar [[r.LightShaftQuality:1]]
[2019.12.07-14.26.39:737][  0]LogConfig: Setting CVar [[r.Filter.SizeScale:1]]
[2019.12.07-14.26.39:737][  0]LogConfig: Setting CVar [[r.Tonemapper.Quality:5]]
[2019.12.07-14.26.39:737][  0]LogConfig: Setting CVar [[r.DOF.Gather.AccumulatorQuality:1        ; higher gathering accumulator quality]]
[2019.12.07-14.26.39:737][  0]LogConfig: Setting CVar [[r.DOF.Gather.PostfilterMethod:1          ; Median3x3 postfilering method]]
[2019.12.07-14.26.39:737][  0]LogConfig: Setting CVar [[r.DOF.Gather.EnableBokehSettings:0       ; no bokeh simulation when gathering]]
[2019.12.07-14.26.39:737][  0]LogConfig: Setting CVar [[r.DOF.Gather.RingCount:4                 ; medium number of samples when gathering]]
[2019.12.07-14.26.39:737][  0]LogConfig: Setting CVar [[r.DOF.Scatter.ForegroundCompositing:1    ; additive foreground scattering]]
[2019.12.07-14.26.39:737][  0]LogConfig: Setting CVar [[r.DOF.Scatter.BackgroundCompositing:2    ; additive background scattering]]
[2019.12.07-14.26.39:737][  0]LogConfig: Setting CVar [[r.DOF.Scatter.EnableBokehSettings:1      ; bokeh simulation when scattering]]
[2019.12.07-14.26.39:737][  0]LogConfig: Setting CVar [[r.DOF.Scatter.MaxSpriteRatio:0.1         ; only a maximum of 10% of scattered bokeh]]
[2019.12.07-14.26.39:737][  0]LogConfig: Setting CVar [[r.DOF.Recombine.Quality:1                ; cheap slight out of focus]]
[2019.12.07-14.26.39:737][  0]LogConfig: Setting CVar [[r.DOF.Recombine.EnableBokehSettings:0    ; no bokeh simulation on slight out of focus]]
[2019.12.07-14.26.39:737][  0]LogConfig: Setting CVar [[r.DOF.TemporalAAQuality:1                ; more stable temporal accumulation]]
[2019.12.07-14.26.39:737][  0]LogConfig: Setting CVar [[r.DOF.Kernel.MaxForegroundRadius:0.025]]
[2019.12.07-14.26.39:737][  0]LogConfig: Setting CVar [[r.DOF.Kernel.MaxBackgroundRadius:0.025]]
[2019.12.07-14.26.39:737][  0]LogConfig: Applying CVar settings from Section [TextureQuality@3] File [E:/SeniorProject/PollutionProject/SeniorProject/Saved/Config/Windows/Scalability.ini]
[2019.12.07-14.26.39:737][  0]LogConfig: Setting CVar [[r.Streaming.MipBias:0]]
[2019.12.07-14.26.39:737][  0]LogConfig: Setting CVar [[r.Streaming.AmortizeCPUToGPUCopy:0]]
[2019.12.07-14.26.39:737][  0]LogConfig: Setting CVar [[r.Streaming.MaxNumTexturesToStreamPerFrame:0]]
[2019.12.07-14.26.39:737][  0]LogConfig: Setting CVar [[r.Streaming.Boost:1]]
[2019.12.07-14.26.39:737][  0]LogConfig: Setting CVar [[r.MaxAnisotropy:8]]
[2019.12.07-14.26.39:737][  0]LogConfig: Setting CVar [[r.Streaming.LimitPoolSizeToVRAM:0]]
[2019.12.07-14.26.39:738][  0]LogConfig: Setting CVar [[r.Streaming.PoolSize:1000]]
[2019.12.07-14.26.39:738][  0]LogConfig: Setting CVar [[r.Streaming.MaxEffectiveScreenSize:0]]
[2019.12.07-14.26.39:738][  0]LogConfig: Applying CVar settings from Section [EffectsQuality@3] File [E:/SeniorProject/PollutionProject/SeniorProject/Saved/Config/Windows/Scalability.ini]
[2019.12.07-14.26.39:738][  0]LogConfig: Setting CVar [[r.TranslucencyLightingVolumeDim:64]]
[2019.12.07-14.26.39:738][  0]LogConfig: Setting CVar [[r.RefractionQuality:2]]
[2019.12.07-14.26.39:738][  0]LogConfig: Setting CVar [[r.SSR.Quality:3]]
[2019.12.07-14.26.39:738][  0]LogConfig: Setting CVar [[r.SceneColorFormat:4]]
[2019.12.07-14.26.39:738][  0]LogConfig: Setting CVar [[r.DetailMode:2]]
[2019.12.07-14.26.39:738][  0]LogConfig: Setting CVar [[r.TranslucencyVolumeBlur:1]]
[2019.12.07-14.26.39:738][  0]LogConfig: Setting CVar [[r.MaterialQualityLevel:1 ; High quality]]
[2019.12.07-14.26.39:738][  0]LogConfig: Setting CVar [[r.SSS.Scale:1]]
[2019.12.07-14.26.39:738][  0]LogConfig: Setting CVar [[r.SSS.SampleSet:2]]
[2019.12.07-14.26.39:738][  0]LogConfig: Setting CVar [[r.SSS.Quality:1]]
[2019.12.07-14.26.39:738][  0]LogConfig: Setting CVar [[r.SSS.HalfRes:1]]
[2019.12.07-14.26.39:738][  0]LogConfig: Setting CVar [[r.EmitterSpawnRateScale:1.0]]
[2019.12.07-14.26.39:738][  0]LogConfig: Setting CVar [[r.ParticleLightQuality:2]]
[2019.12.07-14.26.39:738][  0]LogConfig: Applying CVar settings from Section [FoliageQuality@3] File [E:/SeniorProject/PollutionProject/SeniorProject/Saved/Config/Windows/Scalability.ini]
[2019.12.07-14.26.39:738][  0]LogConfig: Setting CVar [[foliage.DensityScale:1.0]]
[2019.12.07-14.26.39:738][  0]LogConfig: Setting CVar [[grass.DensityScale:1.0]]
[2019.12.07-14.26.39:738][  0]LogInit: Selected Device Profile: [Windows]
[2019.12.07-14.26.39:738][  0]LogInit: Applying CVar settings loaded from the selected device profile: [Windows]
[2019.12.07-14.26.39:754][  0]LogHAL: Display: Platform has ~ 16 GB [17116258304 / 17179869184 / 16], which maps to Larger [LargestMinGB=32, LargerMinGB=12, DefaultMinGB=8, SmallerMinGB=6, SmallestMinGB=0)
[2019.12.07-14.26.39:754][  0]LogConfig: Setting CVar [[r.Vulkan.UseRealUBs:0		; Required until we fix HLR fall-out]]
[2019.12.07-14.26.39:754][  0]LogInit: Going up to parent DeviceProfile []
[2019.12.07-14.26.39:754][  0]LogConfig: Applying CVar settings from Section [ViewDistanceQuality@3] File [E:/SeniorProject/PollutionProject/SeniorProject/Saved/Config/Windows/Scalability.ini]
[2019.12.07-14.26.39:754][  0]LogConfig: Setting CVar [[r.SkeletalMeshLODBias:0]]
[2019.12.07-14.26.39:754][  0]LogConfig: Setting CVar [[r.ViewDistanceScale:1.0]]
[2019.12.07-14.26.39:754][  0]LogConfig: Applying CVar settings from Section [AntiAliasingQuality@3] File [E:/SeniorProject/PollutionProject/SeniorProject/Saved/Config/Windows/Scalability.ini]
[2019.12.07-14.26.39:754][  0]LogConfig: Setting CVar [[r.PostProcessAAQuality:4]]
[2019.12.07-14.26.39:754][  0]LogConfig: Applying CVar settings from Section [ShadowQuality@3] File [E:/SeniorProject/PollutionProject/SeniorProject/Saved/Config/Windows/Scalability.ini]
[2019.12.07-14.26.39:754][  0]LogConfig: Setting CVar [[r.LightFunctionQuality:1]]
[2019.12.07-14.26.39:754][  0]LogConfig: Setting CVar [[r.ShadowQuality:5]]
[2019.12.07-14.26.39:754][  0]LogConfig: Setting CVar [[r.Shadow.CSM.MaxCascades:10]]
[2019.12.07-14.26.39:754][  0]LogConfig: Setting CVar [[r.Shadow.MaxResolution:2048]]
[2019.12.07-14.26.39:754][  0]LogConfig: Setting CVar [[r.Shadow.MaxCSMResolution:2048]]
[2019.12.07-14.26.39:754][  0]LogConfig: Setting CVar [[r.Shadow.RadiusThreshold:0.01]]
[2019.12.07-14.26.39:754][  0]LogConfig: Setting CVar [[r.Shadow.DistanceScale:1.0]]
[2019.12.07-14.26.39:754][  0]LogConfig: Setting CVar [[r.Shadow.CSM.TransitionScale:1.0]]
[2019.12.07-14.26.39:754][  0]LogConfig: Setting CVar [[r.Shadow.PreShadowResolutionFactor:1.0]]
[2019.12.07-14.26.39:754][  0]LogConfig: Setting CVar [[r.DistanceFieldShadowing:1]]
[2019.12.07-14.26.39:754][  0]LogConfig: Setting CVar [[r.DistanceFieldAO:1]]
[2019.12.07-14.26.39:754][  0]LogConfig: Setting CVar [[r.AOQuality:2]]
[2019.12.07-14.26.39:754][  0]LogConfig: Setting CVar [[r.VolumetricFog:1]]
[2019.12.07-14.26.39:755][  0]LogConfig: Setting CVar [[r.VolumetricFog.GridPixelSize:8]]
[2019.12.07-14.26.39:755][  0]LogConfig: Setting CVar [[r.VolumetricFog.GridSizeZ:128]]
[2019.12.07-14.26.39:755][  0]LogConfig: Setting CVar [[r.VolumetricFog.HistoryMissSupersampleCount:4]]
[2019.12.07-14.26.39:755][  0]LogConfig: Setting CVar [[r.LightMaxDrawDistanceScale:1]]
[2019.12.07-14.26.39:755][  0]LogConfig: Setting CVar [[r.CapsuleShadows:1]]
[2019.12.07-14.26.39:755][  0]LogConfig: Applying CVar settings from Section [PostProcessQuality@3] File [E:/SeniorProject/PollutionProject/SeniorProject/Saved/Config/Windows/Scalability.ini]
[2019.12.07-14.26.39:755][  0]LogConfig: Setting CVar [[r.MotionBlurQuality:4]]
[2019.12.07-14.26.39:755][  0]LogConfig: Setting CVar [[r.AmbientOcclusionMipLevelFactor:0.4]]
[2019.12.07-14.26.39:755][  0]LogConfig: Setting CVar [[r.AmbientOcclusionMaxQuality:100]]
[2019.12.07-14.26.39:755][  0]LogConfig: Setting CVar [[r.AmbientOcclusionLevels:-1]]
[2019.12.07-14.26.39:755][  0]LogConfig: Setting CVar [[r.AmbientOcclusionRadiusScale:1.0]]
[2019.12.07-14.26.39:755][  0]LogConfig: Setting CVar [[r.DepthOfFieldQuality:2]]
[2019.12.07-14.26.39:755][  0]LogConfig: Setting CVar [[r.RenderTargetPoolMin:400]]
[2019.12.07-14.26.39:755][  0]LogConfig: Setting CVar [[r.LensFlareQuality:2]]
[2019.12.07-14.26.39:755][  0]LogConfig: Setting CVar [[r.SceneColorFringeQuality:1]]
[2019.12.07-14.26.39:755][  0]LogConfig: Setting CVar [[r.EyeAdaptationQuality:2]]
[2019.12.07-14.26.39:755][  0]LogConfig: Setting CVar [[r.BloomQuality:5]]
[2019.12.07-14.26.39:755][  0]LogConfig: Setting CVar [[r.FastBlurThreshold:100]]
[2019.12.07-14.26.39:755][  0]LogConfig: Setting CVar [[r.Upscale.Quality:3]]
[2019.12.07-14.26.39:755][  0]LogConfig: Setting CVar [[r.Tonemapper.GrainQuantization:1]]
[2019.12.07-14.26.39:755][  0]LogConfig: Setting CVar [[r.LightShaftQuality:1]]
[2019.12.07-14.26.39:755][  0]LogConfig: Setting CVar [[r.Filter.SizeScale:1]]
[2019.12.07-14.26.39:755][  0]LogConfig: Setting CVar [[r.Tonemapper.Quality:5]]
[2019.12.07-14.26.39:755][  0]LogConfig: Setting CVar [[r.DOF.Gather.AccumulatorQuality:1        ; higher gathering accumulator quality]]
[2019.12.07-14.26.39:755][  0]LogConfig: Setting CVar [[r.DOF.Gather.PostfilterMethod:1          ; Median3x3 postfilering method]]
[2019.12.07-14.26.39:755][  0]LogConfig: Setting CVar [[r.DOF.Gather.EnableBokehSettings:0       ; no bokeh simulation when gathering]]
[2019.12.07-14.26.39:755][  0]LogConfig: Setting CVar [[r.DOF.Gather.RingCount:4                 ; medium number of samples when gathering]]
[2019.12.07-14.26.39:755][  0]LogConfig: Setting CVar [[r.DOF.Scatter.ForegroundCompositing:1    ; additive foreground scattering]]
[2019.12.07-14.26.39:755][  0]LogConfig: Setting CVar [[r.DOF.Scatter.BackgroundCompositing:2    ; additive background scattering]]
[2019.12.07-14.26.39:755][  0]LogConfig: Setting CVar [[r.DOF.Scatter.EnableBokehSettings:1      ; bokeh simulation when scattering]]
[2019.12.07-14.26.39:755][  0]LogConfig: Setting CVar [[r.DOF.Scatter.MaxSpriteRatio:0.1         ; only a maximum of 10% of scattered bokeh]]
[2019.12.07-14.26.39:755][  0]LogConfig: Setting CVar [[r.DOF.Recombine.Quality:1                ; cheap slight out of focus]]
[2019.12.07-14.26.39:755][  0]LogConfig: Setting CVar [[r.DOF.Recombine.EnableBokehSettings:0    ; no bokeh simulation on slight out of focus]]
[2019.12.07-14.26.39:755][  0]LogConfig: Setting CVar [[r.DOF.TemporalAAQuality:1                ; more stable temporal accumulation]]
[2019.12.07-14.26.39:755][  0]LogConfig: Setting CVar [[r.DOF.Kernel.MaxForegroundRadius:0.025]]
[2019.12.07-14.26.39:755][  0]LogConfig: Setting CVar [[r.DOF.Kernel.MaxBackgroundRadius:0.025]]
[2019.12.07-14.26.39:755][  0]LogConfig: Applying CVar settings from Section [TextureQuality@3] File [E:/SeniorProject/PollutionProject/SeniorProject/Saved/Config/Windows/Scalability.ini]
[2019.12.07-14.26.39:755][  0]LogConfig: Setting CVar [[r.Streaming.MipBias:0]]
[2019.12.07-14.26.39:755][  0]LogConfig: Setting CVar [[r.Streaming.AmortizeCPUToGPUCopy:0]]
[2019.12.07-14.26.39:755][  0]LogConfig: Setting CVar [[r.Streaming.MaxNumTexturesToStreamPerFrame:0]]
[2019.12.07-14.26.39:755][  0]LogConfig: Setting CVar [[r.Streaming.Boost:1]]
[2019.12.07-14.26.39:755][  0]LogConfig: Setting CVar [[r.MaxAnisotropy:8]]
[2019.12.07-14.26.39:755][  0]LogConfig: Setting CVar [[r.Streaming.LimitPoolSizeToVRAM:0]]
[2019.12.07-14.26.39:755][  0]LogConfig: Setting CVar [[r.Streaming.PoolSize:1000]]
[2019.12.07-14.26.39:755][  0]LogConfig: Setting CVar [[r.Streaming.MaxEffectiveScreenSize:0]]
[2019.12.07-14.26.39:755][  0]LogConfig: Applying CVar settings from Section [EffectsQuality@3] File [E:/SeniorProject/PollutionProject/SeniorProject/Saved/Config/Windows/Scalability.ini]
[2019.12.07-14.26.39:755][  0]LogConfig: Setting CVar [[r.TranslucencyLightingVolumeDim:64]]
[2019.12.07-14.26.39:755][  0]LogConfig: Setting CVar [[r.RefractionQuality:2]]
[2019.12.07-14.26.39:756][  0]LogConfig: Setting CVar [[r.SSR.Quality:3]]
[2019.12.07-14.26.39:756][  0]LogConfig: Setting CVar [[r.SceneColorFormat:4]]
[2019.12.07-14.26.39:756][  0]LogConfig: Setting CVar [[r.DetailMode:2]]
[2019.12.07-14.26.39:756][  0]LogConfig: Setting CVar [[r.TranslucencyVolumeBlur:1]]
[2019.12.07-14.26.39:756][  0]LogConfig: Setting CVar [[r.MaterialQualityLevel:1 ; High quality]]
[2019.12.07-14.26.39:756][  0]LogConfig: Setting CVar [[r.SSS.Scale:1]]
[2019.12.07-14.26.39:756][  0]LogConfig: Setting CVar [[r.SSS.SampleSet:2]]
[2019.12.07-14.26.39:756][  0]LogConfig: Setting CVar [[r.SSS.Quality:1]]
[2019.12.07-14.26.39:756][  0]LogConfig: Setting CVar [[r.SSS.HalfRes:1]]
[2019.12.07-14.26.39:756][  0]LogConfig: Setting CVar [[r.EmitterSpawnRateScale:1.0]]
[2019.12.07-14.26.39:756][  0]LogConfig: Setting CVar [[r.ParticleLightQuality:2]]
[2019.12.07-14.26.39:756][  0]LogConfig: Applying CVar settings from Section [FoliageQuality@3] File [E:/SeniorProject/PollutionProject/SeniorProject/Saved/Config/Windows/Scalability.ini]
[2019.12.07-14.26.39:756][  0]LogConfig: Setting CVar [[foliage.DensityScale:1.0]]
[2019.12.07-14.26.39:756][  0]LogConfig: Setting CVar [[grass.DensityScale:1.0]]
[2019.12.07-14.26.39:756][  0]LogConfig: Applying CVar settings from Section [Startup] File [../../../Engine/Config/ConsoleVariables.ini]
[2019.12.07-14.26.39:756][  0]LogConfig: Setting CVar [[net.UseAdaptiveNetUpdateFrequency:0]]
[2019.12.07-14.26.39:756][  0]LogConfig: Setting CVar [[p.chaos.AllowCreatePhysxBodies:1]]
[2019.12.07-14.26.39:756][  0]LogConfig: Applying CVar settings from Section [ConsoleVariables] File [E:/SeniorProject/PollutionProject/SeniorProject/Saved/Config/Windows/Engine.ini]
[2019.12.07-14.26.39:756][  0]LogInit: Computer: GREGSPC
[2019.12.07-14.26.39:756][  0]LogInit: User: Gregory
[2019.12.07-14.26.39:756][  0]LogInit: CPU Page size=4096, Cores=4
[2019.12.07-14.26.39:756][  0]LogInit: High frequency timer resolution =10.000000 MHz
[2019.12.07-14.26.39:756][  0]LogMemory: Memory total: Physical=15.9GB (16GB approx)
[2019.12.07-14.26.39:756][  0]LogMemory: Platform Memory Stats for Windows
[2019.12.07-14.26.39:756][  0]LogMemory: Process Physical Memory: 102.52 MB used, 102.52 MB peak
[2019.12.07-14.26.39:756][  0]LogMemory: Process Virtual Memory: 100.95 MB used, 100.95 MB peak
[2019.12.07-14.26.39:756][  0]LogMemory: Physical Memory: 5940.59 MB used,  10382.74 MB free, 16323.34 MB total
[2019.12.07-14.26.39:756][  0]LogMemory: Virtual Memory: 4670.63 MB used,  134213056.00 MB free, 134217728.00 MB total
[2019.12.07-14.26.39:775][  0]LogInit: Using OS detected language (en-US).
[2019.12.07-14.26.39:775][  0]LogInit: Using OS detected locale (en-US).
[2019.12.07-14.26.39:775][  0]LogTextLocalizationManager: No specific localization for 'en-US' exists, so the 'en' localization will be used.
[2019.12.07-14.26.39:910][  0]LogInit: Setting process to per monitor DPI aware
[2019.12.07-14.26.39:959][  0]LogSlate: New Slate User Created.  User Index 0, Is Virtual User: 0
[2019.12.07-14.26.39:959][  0]LogSlate: Slate User Registered.  User Index 0, Is Virtual User: 0
[2019.12.07-14.26.40:128][  0]LogHMD: Failed to initialize OpenVR with code 126
[2019.12.07-14.26.40:128][  0]LogD3D11RHI: D3D11 adapters:
[2019.12.07-14.26.40:184][  0]LogD3D11RHI:    0. 'NVIDIA GeForce RTX 2080' (Feature Level 11_0)
[2019.12.07-14.26.40:184][  0]LogD3D11RHI:       8010/0/8161 MB DedicatedVideo/DedicatedSystem/SharedSystem, Outputs:4, VendorId:0x10de
[2019.12.07-14.26.40:186][  0]LogD3D11RHI:    1. 'Microsoft Basic Render Driver' (Feature Level 11_0)
[2019.12.07-14.26.40:186][  0]LogD3D11RHI:       0/0/8161 MB DedicatedVideo/DedicatedSystem/SharedSystem, Outputs:0, VendorId:0x1414
[2019.12.07-14.26.40:186][  0]LogD3D11RHI: Chosen D3D11 Adapter: 0
[2019.12.07-14.26.40:193][  0]LogD3D11RHI: Creating new Direct3DDevice
[2019.12.07-14.26.40:193][  0]LogD3D11RHI:     GPU DeviceId: 0x1e87 (for the marketing name, search the web for "GPU Device Id")
[2019.12.07-14.26.40:193][  0]LogWindows: EnumDisplayDevices:
[2019.12.07-14.26.40:193][  0]LogWindows:    0. 'NVIDIA GeForce RTX 2080' (P:1 D:1)
[2019.12.07-14.26.40:193][  0]LogWindows:    1. 'NVIDIA GeForce RTX 2080' (P:0 D:1)
[2019.12.07-14.26.40:194][  0]LogWindows:    2. 'NVIDIA GeForce RTX 2080' (P:0 D:1)
[2019.12.07-14.26.40:194][  0]LogWindows:    3. 'NVIDIA GeForce RTX 2080' (P:0 D:1)
[2019.12.07-14.26.40:194][  0]LogWindows: DebugString: FoundDriverCount:4 
[2019.12.07-14.26.40:194][  0]LogD3D11RHI:     Adapter Name: NVIDIA GeForce RTX 2080
[2019.12.07-14.26.40:194][  0]LogD3D11RHI:   Driver Version: 432.00 (internal:26.21.14.3200, unified:432.00)
[2019.12.07-14.26.40:194][  0]LogD3D11RHI:      Driver Date: 7-24-2019
[2019.12.07-14.26.40:194][  0]LogRHI: Texture pool is 5607 MB (70% of 8010 MB)
[2019.12.07-14.26.40:233][  0]LogD3D11RHI: Async texture creation enabled
[2019.12.07-14.26.40:247][  0]LogRendererCore: FGlobalReadBuffer::InitRHI
[2019.12.07-14.26.40:247][  0]LogRendererCore: FGlobalReadBuffer::InitRHI
[2019.12.07-14.26.40:247][  0]LogRendererCore: FGlobalReadBuffer::InitRHI
[2019.12.07-14.26.40:254][  0]LogD3D11RHI: GPU Timing Frequency: 1000.000000 (Debug: 2 1)
[2019.12.07-14.26.40:713][  0]LogTemp: Display: Module 'AllDesktopTargetPlatform' loaded TargetPlatform 'AllDesktop'
[2019.12.07-14.26.40:724][  0]LogTemp: Display: Module 'MacClientTargetPlatform' loaded TargetPlatform 'MacClient'
[2019.12.07-14.26.40:736][  0]LogTemp: Display: Module 'MacNoEditorTargetPlatform' loaded TargetPlatform 'MacNoEditor'
[2019.12.07-14.26.40:748][  0]LogTemp: Display: Module 'MacServerTargetPlatform' loaded TargetPlatform 'MacServer'
[2019.12.07-14.26.40:760][  0]LogTemp: Display: Module 'MacTargetPlatform' loaded TargetPlatform 'Mac'
[2019.12.07-14.26.40:771][  0]LogTemp: Display: Module 'WindowsClientTargetPlatform' loaded TargetPlatform 'WindowsClient'
[2019.12.07-14.26.40:783][  0]LogTemp: Display: Module 'WindowsNoEditorTargetPlatform' loaded TargetPlatform 'WindowsNoEditor'
[2019.12.07-14.26.40:795][  0]LogTemp: Display: Module 'WindowsServerTargetPlatform' loaded TargetPlatform 'WindowsServer'
[2019.12.07-14.26.40:800][  0]LogTemp: Display: Module 'WindowsTargetPlatform' loaded TargetPlatform 'Windows'
[2019.12.07-14.26.40:869][  0]LogTemp: Display: Module 'AndroidTargetPlatform' loaded TargetPlatform 'Android'
[2019.12.07-14.26.40:869][  0]LogTemp: Display: Module 'AndroidTargetPlatform' loaded TargetPlatform 'Android_ASTC'
[2019.12.07-14.26.40:869][  0]LogTemp: Display: Module 'AndroidTargetPlatform' loaded TargetPlatform 'Android_ATC'
[2019.12.07-14.26.40:869][  0]LogTemp: Display: Module 'AndroidTargetPlatform' loaded TargetPlatform 'Android_DXT'
[2019.12.07-14.26.40:869][  0]LogTemp: Display: Module 'AndroidTargetPlatform' loaded TargetPlatform 'Android_ETC1'
[2019.12.07-14.26.40:869][  0]LogTemp: Display: Module 'AndroidTargetPlatform' loaded TargetPlatform 'Android_ETC1a'
[2019.12.07-14.26.40:869][  0]LogTemp: Display: Module 'AndroidTargetPlatform' loaded TargetPlatform 'Android_ETC2'
[2019.12.07-14.26.40:869][  0]LogTemp: Display: Module 'AndroidTargetPlatform' loaded TargetPlatform 'Android_PVRTC'
[2019.12.07-14.26.40:869][  0]LogTemp: Display: Module 'AndroidTargetPlatform' loaded TargetPlatform 'AndroidClient'
[2019.12.07-14.26.40:869][  0]LogTemp: Display: Module 'AndroidTargetPlatform' loaded TargetPlatform 'Android_ASTCClient'
[2019.12.07-14.26.40:869][  0]LogTemp: Display: Module 'AndroidTargetPlatform' loaded TargetPlatform 'Android_ATCClient'
[2019.12.07-14.26.40:869][  0]LogTemp: Display: Module 'AndroidTargetPlatform' loaded TargetPlatform 'Android_DXTClient'
[2019.12.07-14.26.40:869][  0]LogTemp: Display: Module 'AndroidTargetPlatform' loaded TargetPlatform 'Android_ETC1Client'
[2019.12.07-14.26.40:869][  0]LogTemp: Display: Module 'AndroidTargetPlatform' loaded TargetPlatform 'Android_ETC1aClient'
[2019.12.07-14.26.40:869][  0]LogTemp: Display: Module 'AndroidTargetPlatform' loaded TargetPlatform 'Android_ETC2Client'
[2019.12.07-14.26.40:869][  0]LogTemp: Display: Module 'AndroidTargetPlatform' loaded TargetPlatform 'Android_PVRTCClient'
[2019.12.07-14.26.40:869][  0]LogTemp: Display: Module 'AndroidTargetPlatform' loaded TargetPlatform 'Android_Multi'
[2019.12.07-14.26.40:869][  0]LogTemp: Display: Module 'AndroidTargetPlatform' loaded TargetPlatform 'Android_MultiClient'
[2019.12.07-14.26.40:870][  0]LogTemp: Display: Module 'HTML5TargetPlatform' loaded TargetPlatform 'HTML5'
[2019.12.07-14.26.40:914][  0]LogTemp: Display: Module 'IOSTargetPlatform' loaded TargetPlatform 'IOSClient'
[2019.12.07-14.26.40:914][  0]LogTemp: Display: Module 'IOSTargetPlatform' loaded TargetPlatform 'IOS'
[2019.12.07-14.26.40:934][  0]LogTemp: Display: Module 'TVOSTargetPlatform' loaded TargetPlatform 'TVOSClient'
[2019.12.07-14.26.40:934][  0]LogTemp: Display: Module 'TVOSTargetPlatform' loaded TargetPlatform 'TVOS'
[2019.12.07-14.26.40:944][  0]LogTemp: Display: Module 'LinuxClientTargetPlatform' loaded TargetPlatform 'LinuxClient'
[2019.12.07-14.26.40:954][  0]LogTemp: Display: Module 'LinuxNoEditorTargetPlatform' loaded TargetPlatform 'LinuxNoEditor'
[2019.12.07-14.26.40:964][  0]LogTemp: Display: Module 'LinuxServerTargetPlatform' loaded TargetPlatform 'LinuxServer'
[2019.12.07-14.26.40:975][  0]LogTemp: Display: Module 'LinuxTargetPlatform' loaded TargetPlatform 'Linux'
[2019.12.07-14.26.41:011][  0]LogTemp: Display: Module 'LuminTargetPlatform' loaded TargetPlatform 'Lumin'
[2019.12.07-14.26.41:011][  0]LogTemp: Display: Module 'LuminTargetPlatform' loaded TargetPlatform 'LuminClient'
[2019.12.07-14.26.41:011][  0]LogTargetPlatformManager: Display: Building Assets For Windows
[2019.12.07-14.26.41:018][  0]LogAudioDebug: Display: Lib vorbis DLL was dynamically loaded.
[2019.12.07-14.26.41:062][  0]LogShaderCompilers: Guid format shader working directory is 0 characters bigger than the processId version (E:/SeniorProject/PollutionProject/SeniorProject/Intermediate/Shaders/WorkingDirectory/14500/).
[2019.12.07-14.26.41:062][  0]LogShaderCompilers: Cleaned the shader compiler working directory 'C:/Users/Gregory/AppData/Local/Temp/UnrealShaderWorkingDir/441B819A4CA594B53C4907A2B9D4F7AF/'.
[2019.12.07-14.26.41:064][  0]LogXGEController: Cannot use XGE Controller as Incredibuild is not installed on this machine.
[2019.12.07-14.26.41:064][  0]LogShaderCompilers: Cannot use XGE Shader Compiler as Incredibuild is not installed on this machine.
[2019.12.07-14.26.41:064][  0]LogShaderCompilers: Display: Using Local Shader Compiler.
[2019.12.07-14.26.41:524][  0]LogDerivedDataCache: Display: Max Cache Size: 512 MB
[2019.12.07-14.26.41:579][  0]LogDerivedDataCache: Loaded boot cache 0.05s 73MB C:/Users/Gregory/AppData/Local/UnrealEngine/4.22/DerivedDataCache/Boot.ddc.
[2019.12.07-14.26.41:579][  0]LogDerivedDataCache: Display: Loaded Boot cache: C:/Users/Gregory/AppData/Local/UnrealEngine/4.22/DerivedDataCache/Boot.ddc
[2019.12.07-14.26.41:580][  0]LogDerivedDataCache: FDerivedDataBackendGraph:  Pak pak cache file E:/SeniorProject/PollutionProject/SeniorProject/DerivedDataCache/DDC.ddp not found, will not use a pak cache.
[2019.12.07-14.26.41:580][  0]LogDerivedDataCache: Unable to find inner node Pak for hierarchical cache Hierarchy.
[2019.12.07-14.26.41:580][  0]LogDerivedDataCache: FDerivedDataBackendGraph:  CompressedPak pak cache file E:/SeniorProject/PollutionProject/SeniorProject/DerivedDataCache/Compressed.ddp not found, will not use a pak cache.
[2019.12.07-14.26.41:580][  0]LogDerivedDataCache: Unable to find inner node CompressedPak for hierarchical cache Hierarchy.
[2019.12.07-14.26.41:591][  0]LogDerivedDataCache: Display: Pak cache opened for reading ../../../Engine/DerivedDataCache/Compressed.ddp.
[2019.12.07-14.26.41:593][  0]LogDerivedDataCache: Display: Pak cache opened for reading ../../../Enterprise/DerivedDataCache/Compressed.ddp.
[2019.12.07-14.26.41:606][  0]LogDerivedDataCache: Using Local data cache path C:/Users/Gregory/AppData/Local/UnrealEngine/Common/DerivedDataCache: Writable
[2019.12.07-14.26.41:606][  0]LogDerivedDataCache: Shared data cache path not found in *engine.ini, will not use an Shared cache.
[2019.12.07-14.26.41:606][  0]LogDerivedDataCache: Unable to find inner node Shared for hierarchical cache Hierarchy.
[2019.12.07-14.26.41:625][  0]LogMaterial: Verifying Global Shaders for PCD3D_SM5
[2019.12.07-14.26.41:626][  0]LogSlate: Using FreeType 2.6.0
[2019.12.07-14.26.41:627][  0]LogSlate: SlateFontServices - WITH_FREETYPE: 1, WITH_HARFBUZZ: 1
[2019.12.07-14.26.41:704][  0]LogAssetRegistry: FAssetRegistry took 0.0365 seconds to start up
[2019.12.07-14.26.41:977][  0]LogInit: Selected Device Profile: [Windows]
[2019.12.07-14.26.42:089][  0]LogMeshReduction: Using QuadricMeshReduction for automatic static mesh reduction
[2019.12.07-14.26.42:089][  0]LogMeshReduction: Using SimplygonMeshReduction for automatic skeletal mesh reduction
[2019.12.07-14.26.42:089][  0]LogMeshReduction: Using ProxyLODMeshReduction for automatic mesh merging
[2019.12.07-14.26.42:089][  0]LogMeshReduction: No distributed automatic mesh merging module available
[2019.12.07-14.26.42:089][  0]LogMeshMerging: No distributed automatic mesh merging module available
[2019.12.07-14.26.42:098][  0]LogNetVersion: SeniorProject 1.0.0, NetCL: 5660361, EngineNetVer: 10, GameNetVer: 0 (Checksum: 993350713)
[2019.12.07-14.26.42:467][  0]LogPackageLocalizationCache: Processed 16 localized package path(s) for 1 prioritized culture(s) in 0.053947 seconds
[2019.12.07-14.26.42:472][  0]LogUObjectArray: 42205 objects as part of root set at end of initial load.
[2019.12.07-14.26.42:472][  0]LogUObjectAllocator: 7325032 out of 0 bytes used by permanent object pool.
[2019.12.07-14.26.42:472][  0]LogUObjectArray: CloseDisregardForGC: 0/0 objects in disregard for GC pool
[2019.12.07-14.26.43:147][  0]LogTcpMessaging: Initializing TcpMessaging bridge
[2019.12.07-14.26.43:161][  0]LogUdpMessaging: Initializing bridge on interface 0.0.0.0:0 to multicast group 230.0.0.1:6666.
[2019.12.07-14.26.43:296][  0]SourceControl: Source control is disabled
[2019.12.07-14.26.45:419][  0]LogAndroidPermission: UAndroidPermissionCallbackProxy::GetInstance
[2019.12.07-14.26.45:667][  0]LogOcInput: OculusInput pre-init called
[2019.12.07-14.26.48:625][  0]LogWindows: Failed to load 'libalias_api.dll' (GetLastError=126)
[2019.12.07-14.26.48:625][  0]LogWindows: File 'libalias_api.dll' does not exist
[2019.12.07-14.26.48:626][  0]LogWindows: Failed to load 'libalias_api.dll' (GetLastError=126)
[2019.12.07-14.26.48:626][  0]LogWindows: File 'libalias_api.dll' does not exist
[2019.12.07-14.26.48:752][  0]LogEngine: Initializing Engine...
[2019.12.07-14.26.48:774][  0]LogHMD: Failed to initialize OpenVR with code 126
[2019.12.07-14.26.48:775][  0]LogStats: UGameplayTagsManager::InitializeManager -  0.000 s
[2019.12.07-14.26.48:953][  0]LogInit: Initializing FReadOnlyCVARCache
[2019.12.07-14.26.48:966][  0]LogAIModule: Creating AISystem for world Untitled
[2019.12.07-14.26.49:140][  0]LogInit: XAudio2 using 'Headset Earphone (3- Corsair HS70 Wireless Gaming Headset)' : 2 channels at 48 kHz using 16 bits per sample (channel mask 0x3)
[2019.12.07-14.26.49:192][  0]LogInit: FAudioDevice initialized.
[2019.12.07-14.26.49:192][  0]LogNetVersion: Set ProjectVersion to 1.0.0.0. Version Checksum will be recalculated on next use.
[2019.12.07-14.26.49:327][  0]LogDerivedDataCache: Saved boot cache 0.13s 73MB C:/Users/Gregory/AppData/Local/UnrealEngine/4.22/DerivedDataCache/Boot.ddc.
[2019.12.07-14.26.49:337][  0]LogInit: Texture streaming: Enabled
[2019.12.07-14.26.49:353][  0]LogEngineSessionManager: EngineSessionManager initialized
[2019.12.07-14.26.49:371][  0]LogInit: Transaction tracking system initialized
[2019.12.07-14.26.49:392][  0]BlueprintLog: New page: Editor Load
[2019.12.07-14.26.49:459][  0]LocalizationService: Localization service is disabled
[2019.12.07-14.26.49:714][  0]LogCook: Display: Max memory allowance for cook 16384mb min free memory 0mb
[2019.12.07-14.26.49:714][  0]LogCook: Display: Mobile HDR setting 1
[2019.12.07-14.26.50:541][  0]LogFileCache: Scanning file cache for directory 'E:/SeniorProject/PollutionProject/SeniorProject/Content/' took 0.04s
[2019.12.07-14.26.51:546][  0]Cmd: MAP LOAD FILE="E:/SeniorProject/PollutionProject/SeniorProject/Content/Levels/GreyBoxLVL4.umap" TEMPLATE=0 SHOWPROGRESS=1 FEATURELEVEL=3
[2019.12.07-14.26.51:553][  0]LightingResults: New page: Lighting Build
[2019.12.07-14.26.51:556][  0]MapCheck: New page: Map Check
[2019.12.07-14.26.51:556][  0]LightingResults: New page: Lighting Build
[2019.12.07-14.26.51:576][  0]LogUObjectHash: Compacting FUObjectHashTables data took   1.58ms
[2019.12.07-14.27.08:235][  0]LogAIModule: Creating AISystem for world GreyBoxLVL4
[2019.12.07-14.27.12:168][  0]LogEditorServer: Finished looking for orphan Actors (0.000 secs)
[2019.12.07-14.27.12:333][  0]LogUObjectHash: Compacting FUObjectHashTables data took   2.68ms
[2019.12.07-14.27.12:333][  0]Cmd: MAP CHECKDEP NOCLEARLOG
[2019.12.07-14.27.12:334][  0]MapCheck: Map check complete: 0 Error(s), 0 Warning(s), took 0.626ms to complete.
[2019.12.07-14.27.12:334][  0]LogFileHelpers: Loading map 'GreyBoxLVL4' took 20.789
[2019.12.07-14.27.12:898][  0]LogSlate: Updating window title bar state: overlay mode, drag disabled, window buttons hidden, title bar hidden
[2019.12.07-14.27.12:907][  0]LogSlate: Updating window title bar state: overlay mode, drag disabled, window buttons hidden, title bar hidden
[2019.12.07-14.27.12:915][  0]LogSlate: Updating window title bar state: overlay mode, drag disabled, window buttons hidden, title bar hidden
[2019.12.07-14.27.12:924][  0]LogSlate: Updating window title bar state: overlay mode, drag disabled, window buttons hidden, title bar hidden
[2019.12.07-14.27.12:983][  0]LogCollectionManager: Loaded 0 collections in 0.002445 seconds
[2019.12.07-14.27.13:012][  0]LogFileCache: Scanning file cache for directory 'E:/SeniorProject/PollutionProject/SeniorProject/Saved/Collections/' took 0.01s
[2019.12.07-14.27.13:012][  0]LogFileCache: Scanning file cache for directory 'E:/SeniorProject/PollutionProject/SeniorProject/Content/Developers/Gregory/Collections/' took 0.00s
[2019.12.07-14.27.13:012][  0]LogFileCache: Scanning file cache for directory 'E:/SeniorProject/PollutionProject/SeniorProject/Content/Collections/' took 0.00s
[2019.12.07-14.27.13:012][  0]LogCollectionManager: Rebuilt the GUID cache for 0 collections in 0.000000 seconds
[2019.12.07-14.27.13:022][  0]LogContentBrowser: Native class hierarchy populated in 0.0094 seconds. Added 2867 classes and 728 folders.
[2019.12.07-14.27.13:074][  0]LogContentBrowser: Native class hierarchy updated for 'WidgetCarousel' in 0.0003 seconds. Added 0 classes and 0 folders.
[2019.12.07-14.27.13:165][  0]LogPakFile: Registered encryption key '00000000000000000000000000000000': 0 pak files mounted, 0 remain pending
[2019.12.07-14.27.13:229][  0]LogPakFile: Registered encryption key '00000000000000000000000000000000': 0 pak files mounted, 0 remain pending
[2019.12.07-14.27.13:289][  0]LogPakFile: Registered encryption key '00000000000000000000000000000000': 0 pak files mounted, 0 remain pending
[2019.12.07-14.27.13:298][  0]LogPakFile: Registered encryption key '00000000000000000000000000000000': 0 pak files mounted, 0 remain pending
[2019.12.07-14.27.13:336][  0]LogPakFile: Registered encryption key '00000000000000000000000000000000': 0 pak files mounted, 0 remain pending
[2019.12.07-14.27.13:362][  0]LogPakFile: Registered encryption key '00000000000000000000000000000000': 0 pak files mounted, 0 remain pending
[2019.12.07-14.27.13:386][  0]LogPakFile: Registered encryption key '00000000000000000000000000000000': 0 pak files mounted, 0 remain pending
[2019.12.07-14.27.13:401][  0]LogPakFile: Registered encryption key '00000000000000000000000000000000': 0 pak files mounted, 0 remain pending
[2019.12.07-14.27.13:410][  0]LogPakFile: Registered encryption key '00000000000000000000000000000000': 0 pak files mounted, 0 remain pending
[2019.12.07-14.27.13:427][  0]LogPakFile: Registered encryption key '00000000000000000000000000000000': 0 pak files mounted, 0 remain pending
[2019.12.07-14.27.13:442][  0]LogPakFile: Registered encryption key '00000000000000000000000000000000': 0 pak files mounted, 0 remain pending
[2019.12.07-14.27.13:453][  0]LogPakFile: Registered encryption key '00000000000000000000000000000000': 0 pak files mounted, 0 remain pending
[2019.12.07-14.27.13:467][  0]LogPakFile: Registered encryption key '00000000000000000000000000000000': 0 pak files mounted, 0 remain pending
[2019.12.07-14.27.13:491][  0]LogPakFile: Registered encryption key '00000000000000000000000000000000': 0 pak files mounted, 0 remain pending
[2019.12.07-14.27.13:508][  0]LogPakFile: Registered encryption key '00000000000000000000000000000000': 0 pak files mounted, 0 remain pending
[2019.12.07-14.27.13:517][  0]LogPakFile: Registered encryption key '00000000000000000000000000000000': 0 pak files mounted, 0 remain pending
[2019.12.07-14.27.13:551][  0]LogPakFile: Registered encryption key '00000000000000000000000000000000': 0 pak files mounted, 0 remain pending
[2019.12.07-14.27.13:570][  0]LogPakFile: Registered encryption key '00000000000000000000000000000000': 0 pak files mounted, 0 remain pending
[2019.12.07-14.27.13:585][  0]LogPakFile: Registered encryption key '00000000000000000000000000000000': 0 pak files mounted, 0 remain pending
[2019.12.07-14.27.13:595][  0]LogPakFile: Registered encryption key '00000000000000000000000000000000': 0 pak files mounted, 0 remain pending
[2019.12.07-14.27.13:614][  0]LogPakFile: Registered encryption key '00000000000000000000000000000000': 0 pak files mounted, 0 remain pending
[2019.12.07-14.27.13:626][  0]LogPakFile: Registered encryption key '00000000000000000000000000000000': 0 pak files mounted, 0 remain pending
[2019.12.07-14.27.13:640][  0]LogPakFile: Registered encryption key '00000000000000000000000000000000': 0 pak files mounted, 0 remain pending
[2019.12.07-14.27.13:651][  0]LogPakFile: Registered encryption key '00000000000000000000000000000000': 0 pak files mounted, 0 remain pending
[2019.12.07-14.27.13:669][  0]LogPakFile: Registered encryption key '00000000000000000000000000000000': 0 pak files mounted, 0 remain pending
[2019.12.07-14.27.13:684][  0]LogPakFile: Registered encryption key '00000000000000000000000000000000': 0 pak files mounted, 0 remain pending
[2019.12.07-14.27.13:699][  0]LogPakFile: Registered encryption key '00000000000000000000000000000000': 0 pak files mounted, 0 remain pending
[2019.12.07-14.27.13:738][  0]LogPakFile: Registered encryption key '00000000000000000000000000000000': 0 pak files mounted, 0 remain pending
[2019.12.07-14.27.15:356][  0]LogContentBrowser: Native class hierarchy updated for 'AddContentDialog' in 0.0003 seconds. Added 0 classes and 0 folders.
[2019.12.07-14.27.15:359][  0]LogContentBrowser: Native class hierarchy updated for 'SceneOutliner' in 0.0002 seconds. Added 1 classes and 0 folders.
[2019.12.07-14.27.15:376][  0]LogSlate: Took 0.000191 seconds to synchronously load lazily loaded font '../../../Engine/Content/Slate/Fonts/Roboto-Regular.ttf' (155K)
[2019.12.07-14.27.15:379][  0]LogSlate: Took 0.000139 seconds to synchronously load lazily loaded font '../../../Engine/Content/Slate/Fonts/Roboto-Bold.ttf' (160K)
[2019.12.07-14.27.15:422][  0]LogSlate: Took 0.038746 seconds to synchronously load lazily loaded font '../../../Engine/Content/Editor/Slate/Fonts/FontAwesome.ttf' (139K)
[2019.12.07-14.27.15:740][  0]LogRenderer: Reallocating scene render targets to support 1148x552 Format 10 NumSamples 1 (Frame:1).
[2019.12.07-14.27.15:842][  0]LogStaticMesh: Allocated 512x320x64 distance field atlas = 20.0Mb, with 82 objects containing 14.5Mb backing data
[2019.12.07-14.27.16:039][  0]LogSlate: Took 0.046916 seconds to synchronously load lazily loaded font '../../../Engine/Content/Slate/Fonts/Roboto-Light.ttf' (167K)
[2019.12.07-14.27.16:248][  0]LogContentBrowser: Native class hierarchy updated for 'HierarchicalLODOutliner' in 0.0004 seconds. Added 0 classes and 0 folders.
[2019.12.07-14.27.16:248][  0]LogLoad: (Engine Initialization) Total time: 39.27 seconds
[2019.12.07-14.27.16:248][  0]LogLoad: (Engine Initialization) Total Blueprint compile time: 0.00 seconds
[2019.12.07-14.27.16:330][  0]LogAssetRegistry: Asset discovery search completed in 34.6485 seconds
[2019.12.07-14.27.16:332][  0]LogCollectionManager: Rebuilt the object cache for 0 collections in 0.000000 seconds (found 0 objects)
[2019.12.07-14.27.16:332][  0]LogCollectionManager: Fixed up redirectors for 0 collections in 0.000044 seconds (updated 0 objects)
[2019.12.07-14.27.16:336][  0]LogContentStreaming: Texture pool size now 1000 MB
[2019.12.07-14.27.21:389][487]LogFileCache: Retrieving MD5 hashes for directory 'E:/SeniorProject/PollutionProject/SeniorProject/Content/' took 5.12s
[2019.12.07-14.29.45:190][651]LogSlate: FSceneViewport::OnFocusLost() reason 0
[2019.12.07-14.30.22:686][128]EditorErrors: New page: Actor attachment
[2019.12.07-14.30.41:221][ 57]LogSlate: Took 0.000180 seconds to synchronously load lazily loaded font '../../../Engine/Content/Slate/Fonts/Roboto-Light.ttf' (167K)
[2019.12.07-14.30.41:251][ 57]LogAssetEditorManager: Opening Asset editor for WidgetBlueprint /Game/UI/Counter.Counter
[2019.12.07-14.30.42:031][ 57]LogContentBrowser: Native class hierarchy updated for 'BlueprintGraph' in 0.0007 seconds. Added 121 classes and 0 folders.
[2019.12.07-14.30.43:024][ 57]LogBlueprintActionDatabase: Requesting refresh due to module change: SequencerWidgets (loaded)
[2019.12.07-14.30.43:692][ 57]LogSlate: Took 0.019776 seconds to synchronously load lazily loaded font '../../../Engine/Content/Slate/Fonts/Roboto-BoldCondensed.ttf' (158K)
[2019.12.07-14.31.02:805][468]LogSlate: Took 0.017522 seconds to synchronously load lazily loaded font '../../../Engine/Content/Slate/Fonts/Roboto-Italic.ttf' (157K)
[2019.12.07-14.31.07:780][827]LogEditorTransaction: Undo Delete current selection
[2019.12.07-14.31.22:062][884]BlueprintLog: New page: Compile Counter
[2019.12.07-14.31.22:160][884]LogUObjectHash: Compacting FUObjectHashTables data took   5.62ms
[2019.12.07-14.31.22:747][909]Cmd: OBJ SAVEPACKAGE PACKAGE="/Game/UI/Counter" FILE="E:/SeniorProject/PollutionProject/SeniorProject/Content/UI/Counter.uasset" SILENT=true
[2019.12.07-14.31.22:856][909]LogSavePackage: Moving 'E:/SeniorProject/PollutionProject/SeniorProject/Saved/CounterCEBC881A45989E7B45FC18AC3373ECED.tmp' to 'E:/SeniorProject/PollutionProject/SeniorProject/Content/UI/Counter.uasset'
[2019.12.07-14.31.45:601][330]LogAssetEditorManager: Opening Asset editor for Blueprint /Game/BP/DialogueSystem.DialogueSystem
[2019.12.07-14.32.35:663][694]BlueprintLog: New page: Compile DialogueSystem
[2019.12.07-14.32.35:927][694]LogUObjectHash: Compacting FUObjectHashTables data took   4.17ms
[2019.12.07-14.32.36:431][712]Cmd: OBJ SAVEPACKAGE PACKAGE="/Game/BP/DialogueSystem" FILE="E:/SeniorProject/PollutionProject/SeniorProject/Content/BP/DialogueSystem.uasset" SILENT=true
[2019.12.07-14.32.36:594][712]LogSavePackage: Moving 'E:/SeniorProject/PollutionProject/SeniorProject/Saved/DialogueSystemE1DC26DA44A5A94C370832B00419AAE3.tmp' to 'E:/SeniorProject/PollutionProject/SeniorProject/Content/BP/DialogueSystem.uasset'
[2019.12.07-14.32.47:107][ 51]LogAIModule: Creating AISystem for world GreyBoxLVL3
[2019.12.07-14.32.47:147][ 51]LogAssetEditorManager: Opening Asset editor for World /Game/Levels/GreyBoxLVL3.GreyBoxLVL3
[2019.12.07-14.32.47:189][ 51]LogUObjectHash: Compacting FUObjectHashTables data took   3.96ms
[2019.12.07-14.32.48:780][ 51]LogSlate: Window 'Save Content' being destroyed
[2019.12.07-14.32.48:785][ 51]Cmd: MAP LOAD FILE="E:/SeniorProject/PollutionProject/SeniorProject/Content/Levels/GreyBoxLVL3.umap" TEMPLATE=0 SHOWPROGRESS=1 FEATURELEVEL=3
[2019.12.07-14.32.48:786][ 51]LightingResults: New page: Lighting Build
[2019.12.07-14.32.48:787][ 51]LoadErrors: New page: Loading map: GreyBoxLVL3.umap
[2019.12.07-14.32.48:811][ 51]MapCheck: New page: Map Check
[2019.12.07-14.32.48:811][ 51]LightingResults: New page: Lighting Build
[2019.12.07-14.32.48:875][ 51]LogUObjectHash: Compacting FUObjectHashTables data took   3.52ms
[2019.12.07-14.32.50:056][ 51]LogEditorServer: Finished looking for orphan Actors (0.000 secs)
[2019.12.07-14.32.50:095][ 51]LogUObjectHash: Compacting FUObjectHashTables data took   2.48ms
[2019.12.07-14.32.50:131][ 51]Cmd: MAP CHECKDEP NOCLEARLOG
[2019.12.07-14.32.50:131][ 51]MapCheck: Map check complete: 0 Error(s), 0 Warning(s), took 0.163ms to complete.
[2019.12.07-14.32.50:131][ 51]LogFileHelpers: Loading map 'GreyBoxLVL3' took 1.348
[2019.12.07-14.32.50:219][ 52]LogStaticMesh: Allocated 512x370x64 distance field atlas = 23.1Mb, with 99 objects containing 19.1Mb backing data
[2019.12.07-14.32.55:190][383]LogUObjectHash: Compacting FUObjectHashTables data took   1.62ms
[2019.12.07-14.32.55:401][383]LogSlate: Window 'DialogueSystem' being destroyed
[2019.12.07-14.32.55:464][383]LogSlate: Window 'SeniorProject - Unreal Editor' being destroyed
[2019.12.07-14.32.55:465][383]LogWindowsTextInputMethodSystem: Display: IME system now deactivated.
[2019.12.07-14.32.55:680][384]Cmd: QUIT_EDITOR
[2019.12.07-14.32.55:722][384]LogExit: Preparing to exit.
[2019.12.07-14.32.56:472][384]LogExit: Editor shut down
[2019.12.07-14.32.56:472][384]LogExit: Transaction tracking system shut down
[2019.12.07-14.32.56:663][384]LogExit: Object subsystem successfully closed.
[2019.12.07-14.32.56:687][384]LogShaderCompilers: Display: Shaders left to compile 0
[2019.12.07-14.32.56:691][384]LogD3D11RHI: Shutdown
[2019.12.07-14.32.56:691][384]LogD3D11RHI: CleanupD3DDevice
[2019.12.07-14.32.56:691][384]LogRendererCore: FGlobalReadBuffer::ReleaseRHI
[2019.12.07-14.32.56:691][384]LogRendererCore: FGlobalDynamicReadBuffer::Cleanup()
[2019.12.07-14.32.56:691][384]LogRendererCore: FGlobalReadBuffer::ReleaseRHI
[2019.12.07-14.32.56:691][384]LogRendererCore: FGlobalDynamicReadBuffer::Cleanup()
[2019.12.07-14.32.56:691][384]LogRendererCore: FGlobalReadBuffer::ReleaseRHI
[2019.12.07-14.32.56:691][384]LogRendererCore: FGlobalDynamicReadBuffer::Cleanup()
[2019.12.07-14.32.56:799][384]LogD3D11RHI: ~FD3D11DynamicRHI
[2019.12.07-14.32.56:821][384]LogModuleManager: Shutting down and abandoning module SequencerWidgets (690)
[2019.12.07-14.32.56:822][384]LogModuleManager: Shutting down and abandoning module BlueprintGraph (688)
[2019.12.07-14.32.56:822][384]LogModuleManager: Shutting down and abandoning module HierarchicalLODOutliner (686)
[2019.12.07-14.32.56:822][384]LogModuleManager: Shutting down and abandoning module SceneOutliner (684)
[2019.12.07-14.32.56:822][384]LogModuleManager: Shutting down and abandoning module AddContentDialog (682)
[2019.12.07-14.32.56:822][384]LogModuleManager: Shutting down and abandoning module WidgetCarousel (681)
[2019.12.07-14.32.56:822][384]LogModuleManager: Shutting down and abandoning module EditorWidgets (678)
[2019.12.07-14.32.56:822][384]LogModuleManager: Shutting down and abandoning module CollectionManager (676)
[2019.12.07-14.32.56:822][384]LogModuleManager: Shutting down and abandoning module StatsViewer (674)
[2019.12.07-14.32.56:822][384]LogModuleManager: Shutting down and abandoning module FoliageEdit (672)
[2019.12.07-14.32.56:822][384]LogModuleManager: Shutting down and abandoning module LandscapeEditor (670)
[2019.12.07-14.32.56:822][384]LogModuleManager: Shutting down and abandoning module MeshPaintMode (668)
[2019.12.07-14.32.56:822][384]LogModuleManager: Shutting down and abandoning module SceneDepthPickerMode (666)
[2019.12.07-14.32.56:822][384]LogModuleManager: Shutting down and abandoning module ActorPickerMode (664)
[2019.12.07-14.32.56:822][384]LogModuleManager: Shutting down and abandoning module GeometryMode (662)
[2019.12.07-14.32.56:822][384]LogModuleManager: Shutting down and abandoning module TextureAlignMode (660)
[2019.12.07-14.32.56:822][384]LogModuleManager: Shutting down and abandoning module BspMode (658)
[2019.12.07-14.32.56:822][384]LogModuleManager: Shutting down and abandoning module PIEPreviewDeviceProfileSelector (656)
[2019.12.07-14.32.56:822][384]LogModuleManager: Shutting down and abandoning module SequenceRecorderSections (654)
[2019.12.07-14.32.56:823][384]LogModuleManager: Shutting down and abandoning module AutomationWorker (652)
[2019.12.07-14.32.56:823][384]LogModuleManager: Shutting down and abandoning module DatasmithFBXImporter (650)
[2019.12.07-14.32.56:823][384]LogModuleManager: Shutting down and abandoning module DatasmithDeltaGenImporter (648)
[2019.12.07-14.32.56:823][384]LogModuleManager: Shutting down and abandoning module DatasmithVREDImporter (646)
[2019.12.07-14.32.56:823][384]LogModuleManager: Shutting down and abandoning module OculusMR (644)
[2019.12.07-14.32.56:823][384]LogModuleManager: Shutting down and abandoning module AudioCaptureEditor (642)
[2019.12.07-14.32.56:823][384]LogModuleManager: Shutting down and abandoning module MatineeToLevelSequence (640)
[2019.12.07-14.32.56:823][384]LogModuleManager: Shutting down and abandoning module LevelSequenceEditor (638)
[2019.12.07-14.32.56:823][384]LogModuleManager: Shutting down and abandoning module PlacementMode (637)
[2019.12.07-14.32.56:823][384]LogModuleManager: Shutting down and abandoning module MaterialEditor (636)
[2019.12.07-14.32.56:823][384]LogModuleManager: Shutting down and abandoning module ActorSequenceEditor (632)
[2019.12.07-14.32.56:823][384]LogModuleManager: Shutting down and abandoning module WmfMediaFactory (630)
[2019.12.07-14.32.56:823][384]LogModuleManager: Shutting down and abandoning module WmfMediaEditor (628)
[2019.12.07-14.32.56:823][384]LogModuleManager: Shutting down and abandoning module WebMMediaFactory (626)
[2019.12.07-14.32.56:823][384]LogModuleManager: Shutting down and abandoning module WebMMediaEditor (624)
[2019.12.07-14.32.56:823][384]LogModuleManager: Shutting down and abandoning module WebMMedia (622)
[2019.12.07-14.32.56:823][384]LogModuleManager: Shutting down and abandoning module MediaPlayerEditor (620)
[2019.12.07-14.32.56:823][384]LogModuleManager: Shutting down and abandoning module MediaCompositingEditor (618)
[2019.12.07-14.32.56:823][384]LogModuleManager: Shutting down and abandoning module SequenceRecorder (617)
[2019.12.07-14.32.56:823][384]LogModuleManager: Shutting down and abandoning module OpenExrWrapper (614)
[2019.12.07-14.32.56:823][384]LogModuleManager: Shutting down and abandoning module ImgMediaFactory (612)
[2019.12.07-14.32.56:823][384]LogModuleManager: Shutting down and abandoning module ImgMediaEditor (610)
[2019.12.07-14.32.56:823][384]LogModuleManager: Shutting down and abandoning module AvfMediaFactory (608)
[2019.12.07-14.32.56:823][384]LogModuleManager: Shutting down and abandoning module AvfMediaEditor (606)
[2019.12.07-14.32.56:823][384]LogModuleManager: Shutting down and abandoning module AndroidMediaFactory (604)
[2019.12.07-14.32.56:823][384]LogModuleManager: Shutting down and abandoning module AndroidMediaEditor (602)
[2019.12.07-14.32.56:823][384]LogModuleManager: Shutting down and abandoning module MagicLeapCameraPreviewFactory (600)
[2019.12.07-14.32.56:823][384]LogModuleManager: Shutting down and abandoning module MagicLeapMediaCodecFactory (598)
[2019.12.07-14.32.56:823][384]LogModuleManager: Shutting down and abandoning module MagicLeapMediaFactory (596)
[2019.12.07-14.32.56:823][384]LogModuleManager: Shutting down and abandoning module MagicLeapMediaEditor (594)
[2019.12.07-14.32.56:823][384]LogModuleManager: Shutting down and abandoning module CharacterAI (592)
[2019.12.07-14.32.56:823][384]LogModuleManager: Shutting down and abandoning module SmartSnapping (590)
[2019.12.07-14.32.56:823][384]LogModuleManager: Shutting down and abandoning module SessionServices (588)
[2019.12.07-14.32.56:823][384]LogModuleManager: Shutting down and abandoning module MeshPaint (586)
[2019.12.07-14.32.56:823][384]LogModuleManager: Shutting down and abandoning module ViewportSnapping (584)
[2019.12.07-14.32.56:823][384]LogModuleManager: Shutting down and abandoning module ViewportInteraction (582)
[2019.12.07-14.32.56:823][384]LogModuleManager: Shutting down and abandoning module ClothPainter (580)
[2019.12.07-14.32.56:823][384]LogModuleManager: Shutting down and abandoning module SkeletalMeshEditor (579)
[2019.12.07-14.32.56:823][384]LogModuleManager: Shutting down and abandoning module LogVisualizer (576)
[2019.12.07-14.32.56:823][384]LogModuleManager: Shutting down and abandoning module IntroTutorials (574)
[2019.12.07-14.32.56:823][384]LogModuleManager: Shutting down and abandoning module GameProjectGeneration (573)
[2019.12.07-14.32.56:823][384]LogModuleManager: Shutting down and abandoning module LuminPlatformEditor (570)
[2019.12.07-14.32.56:823][384]LogModuleManager: Shutting down and abandoning module IOSPlatformEditor (568)
[2019.12.07-14.32.56:823][384]LogModuleManager: Shutting down and abandoning module HTML5PlatformEditor (566)
[2019.12.07-14.32.56:823][384]LogModuleManager: Shutting down and abandoning module AndroidPlatformEditor (564)
[2019.12.07-14.32.56:824][384]LogModuleManager: Shutting down and abandoning module AndroidDeviceDetection (563)
[2019.12.07-14.32.57:733][384]LogModuleManager: Shutting down and abandoning module WindowsPlatformEditor (560)
[2019.12.07-14.32.57:733][384]LogModuleManager: Shutting down and abandoning module LuminRuntimeSettings (558)
[2019.12.07-14.32.57:733][384]LogModuleManager: Shutting down and abandoning module IOSRuntimeSettings (556)
[2019.12.07-14.32.57:733][384]LogModuleManager: Shutting down and abandoning module AndroidRuntimeSettings (554)
[2019.12.07-14.32.57:733][384]LogModuleManager: Shutting down and abandoning module TimeManagementEditor (552)
[2019.12.07-14.32.57:733][384]LogModuleManager: Shutting down and abandoning module InputBindingEditor (550)
[2019.12.07-14.32.57:733][384]LogModuleManager: Shutting down and abandoning module MergeActors (548)
[2019.12.07-14.32.57:733][384]LogModuleManager: Shutting down and abandoning module LocalizationDashboard (546)
[2019.12.07-14.32.57:733][384]LogModuleManager: Shutting down and abandoning module LocalizationService (545)
[2019.12.07-14.32.57:733][384]LogModuleManager: Shutting down and abandoning module HardwareTargeting (542)
[2019.12.07-14.32.57:733][384]LogModuleManager: Shutting down and abandoning module DeviceProfileEditor (540)
[2019.12.07-14.32.57:733][384]LogModuleManager: Shutting down and abandoning module UndoHistory (538)
[2019.12.07-14.32.57:733][384]LogModuleManager: Shutting down and abandoning module XmlParser (536)
[2019.12.07-14.32.57:733][384]LogModuleManager: Shutting down and abandoning module Blutility (534)
[2019.12.07-14.32.57:733][384]LogModuleManager: Shutting down and abandoning module ProjectSettingsViewer (532)
[2019.12.07-14.32.57:733][384]LogModuleManager: Shutting down and abandoning module ProjectTargetPlatformEditor (531)
[2019.12.07-14.32.57:733][384]LogModuleManager: Shutting down and abandoning module EditorSettingsViewer (528)
[2019.12.07-14.32.57:733][384]LogModuleManager: Shutting down and abandoning module SettingsEditor (526)
[2019.12.07-14.32.57:733][384]LogModuleManager: Shutting down and abandoning module ProjectLauncher (524)
[2019.12.07-14.32.57:733][384]LogModuleManager: Shutting down and abandoning module SessionFrontend (522)
[2019.12.07-14.32.57:733][384]LogModuleManager: Shutting down and abandoning module ProfilerClient (520)
[2019.12.07-14.32.57:733][384]LogModuleManager: Shutting down and abandoning module DeviceManager (518)
[2019.12.07-14.32.57:733][384]LogModuleManager: Shutting down and abandoning module TargetDeviceServices (517)
[2019.12.07-14.32.57:777][384]LogModuleManager: Shutting down and abandoning module AutomationController (514)
[2019.12.07-14.32.57:777][384]LogModuleManager: Shutting down and abandoning module AutomationWindow (512)
[2019.12.07-14.32.57:777][384]LogModuleManager: Shutting down and abandoning module Layers (510)
[2019.12.07-14.32.57:777][384]LogModuleManager: Shutting down and abandoning module ComponentVisualizers (508)
[2019.12.07-14.32.57:777][384]LogModuleManager: Shutting down and abandoning module DetailCustomizations (506)
[2019.12.07-14.32.57:777][384]LogModuleManager: Shutting down and abandoning module PackagesDialog (504)
[2019.12.07-14.32.57:777][384]LogModuleManager: Shutting down and abandoning module AnimationBlueprintEditor (502)
[2019.12.07-14.32.57:777][384]LogModuleManager: Shutting down and abandoning module Persona (500)
[2019.12.07-14.32.57:777][384]LogModuleManager: Shutting down and abandoning module AnimGraph (499)
[2019.12.07-14.32.57:777][384]LogModuleManager: Shutting down and abandoning module Kismet (496)
[2019.12.07-14.32.57:783][384]LogModuleManager: Shutting down and abandoning module GraphEditor (494)
[2019.12.07-14.32.57:783][384]LogModuleManager: Shutting down and abandoning module ClassViewer (492)
[2019.12.07-14.32.57:783][384]LogModuleManager: Shutting down and abandoning module Toolbox (490)
[2019.12.07-14.32.57:783][384]LogModuleManager: Shutting down and abandoning module DesktopPlatform (489)
[2019.12.07-14.32.57:783][384]LogModuleManager: Shutting down and abandoning module ModuleUI (486)
[2019.12.07-14.32.57:783][384]LogModuleManager: Shutting down and abandoning module MovieSceneTools (484)
[2019.12.07-14.32.57:783][384]LogModuleManager: Shutting down and abandoning module OutputLog (482)
[2019.12.07-14.32.57:784][384]LogModuleManager: Shutting down and abandoning module GammaUI (480)
[2019.12.07-14.32.57:784][384]LogModuleManager: Shutting down and abandoning module Documentation (478)
[2019.12.07-14.32.57:784][384]LogModuleManager: Shutting down and abandoning module LiveCoding (476)
[2019.12.07-14.32.57:784][384]LogModuleManager: Shutting down and abandoning module LevelSequence (474)
[2019.12.07-14.32.57:784][384]LogModuleManager: Shutting down and abandoning module MovieSceneTracks (472)
[2019.12.07-14.32.57:784][384]LogModuleManager: Shutting down and abandoning module MovieScene (470)
[2019.12.07-14.32.57:784][384]LogModuleManager: Shutting down and abandoning module StreamingPauseRendering (468)
[2019.12.07-14.32.57:784][384]LogModuleManager: Shutting down and abandoning module LauncherPlatform (466)
[2019.12.07-14.32.57:784][384]LogModuleManager: Shutting down and abandoning module AnalyticsET (464)
[2019.12.07-14.32.57:784][384]LogModuleManager: Shutting down and abandoning module PortalServices (462)
[2019.12.07-14.32.57:784][384]LogModuleManager: Shutting down and abandoning module PortalRpc (460)
[2019.12.07-14.32.57:784][384]LogModuleManager: Shutting down and abandoning module MessagingRpc (458)
[2019.12.07-14.32.57:784][384]LogModuleManager: Shutting down and abandoning module AIModule (456)
[2019.12.07-14.32.57:784][384]LogModuleManager: Shutting down and abandoning module GameplayDebugger (455)
[2019.12.07-14.32.57:784][384]LogModuleManager: Shutting down and abandoning module AITestSuite (453)
[2019.12.07-14.32.57:784][384]LogModuleManager: Shutting down and abandoning module NavigationSystem (451)
[2019.12.07-14.32.57:784][384]LogModuleManager: Shutting down and abandoning module ImageWriteQueue (448)
[2019.12.07-14.32.57:787][384]LogModuleManager: Shutting down and abandoning module ProfilerService (446)
[2019.12.07-14.32.57:802][384]LogModuleManager: Shutting down and abandoning module TaskGraph (444)
[2019.12.07-14.32.57:802][384]LogModuleManager: Shutting down and abandoning module DatasmithCADImporter (442)
[2019.12.07-14.32.57:803][384]LogModuleManager: Shutting down and abandoning module VariantManager (440)
[2019.12.07-14.32.57:803][384]LogModuleManager: Shutting down and abandoning module StaticMeshEditorExtension (438)
[2019.12.07-14.32.57:803][384]LogModuleManager: Shutting down and abandoning module StaticMeshEditor (437)
[2019.12.07-14.32.57:803][384]LogModuleManager: Shutting down and abandoning module AdvancedPreviewScene (436)
[2019.12.07-14.32.57:803][384]LogModuleManager: Shutting down and abandoning module MeshProcessingLibrary (433)
[2019.12.07-14.32.57:803][384]LogModuleManager: Shutting down and abandoning module MDLImporter (430)
[2019.12.07-14.32.57:803][384]LogModuleManager: Shutting down and abandoning module DatasmithGLTFImporter (428)
[2019.12.07-14.32.57:803][384]LogModuleManager: Shutting down and abandoning module DatasmithImporter (427)
[2019.12.07-14.32.57:803][384]LogModuleManager: Shutting down and abandoning module DatasmithDataPrepLibraries (424)
[2019.12.07-14.32.57:803][384]LogModuleManager: Shutting down and abandoning module DatasmithDataPrepEditor (422)
[2019.12.07-14.32.57:803][384]LogModuleManager: Shutting down and abandoning module SteamVRController (420)
[2019.12.07-14.32.57:803][384]LogModuleManager: Shutting down and abandoning module ProceduralMeshComponentEditor (418)
[2019.12.07-14.32.57:803][384]LogModuleManager: Shutting down and abandoning module ProceduralMeshComponent (416)
[2019.12.07-14.32.57:803][384]LogModuleManager: Shutting down and abandoning module OculusEditor (414)
[2019.12.07-14.32.57:803][384]LogModuleManager: Shutting down and abandoning module OculusInput (412)
[2019.12.07-14.32.57:803][384]LogModuleManager: Shutting down and abandoning module MobilePatchingUtils (410)
[2019.12.07-14.32.57:803][384]LogModuleManager: Shutting down and abandoning module EditableMesh (408)
[2019.12.07-14.32.57:803][384]LogModuleManager: Shutting down and abandoning module CustomMeshComponent (406)
[2019.12.07-14.32.57:803][384]LogModuleManager: Shutting down and abandoning module CableComponent (404)
[2019.12.07-14.32.57:803][384]LogModuleManager: Shutting down and abandoning module AudioCapture (402)
[2019.12.07-14.32.57:803][384]LogModuleManager: Shutting down and abandoning module ArchVisCharacter (400)
[2019.12.07-14.32.57:803][384]LogModuleManager: Shutting down and abandoning module AndroidPermission (398)
[2019.12.07-14.32.57:803][384]LogModuleManager: Shutting down and abandoning module NUTUnrealEngine4 (396)
[2019.12.07-14.32.57:803][384]LogModuleManager: Shutting down and abandoning module NetcodeUnitTest (394)
[2019.12.07-14.32.57:803][384]LogModuleManager: Shutting down and abandoning module MediaCompositing (392)
[2019.12.07-14.32.57:803][384]LogModuleManager: Shutting down and abandoning module LinearTimecode (390)
[2019.12.07-14.32.57:803][384]LogModuleManager: Shutting down and abandoning module ImgMedia (388)
[2019.12.07-14.32.57:803][384]LogModuleManager: Shutting down and abandoning module MagicLeapHelperVulkan (386)
[2019.12.07-14.32.57:803][384]LogModuleManager: Shutting down and abandoning module MagicLeapHelperOpenGL (384)
[2019.12.07-14.32.57:803][384]LogModuleManager: Shutting down and abandoning module MagicLeapAudio (382)
[2019.12.07-14.32.57:803][384]LogModuleManager: Shutting down and abandoning module HTML5Networking (380)
[2019.12.07-14.32.57:803][384]LogModuleManager: Shutting down and abandoning module GeometryCollectionEditor (378)
[2019.12.07-14.32.57:803][384]LogModuleManager: Shutting down and abandoning module GeometryCollectionExampleCore (376)
[2019.12.07-14.32.57:803][384]LogModuleManager: Shutting down and abandoning module GeometryCacheTracks (374)
[2019.12.07-14.32.57:803][384]LogModuleManager: Shutting down and abandoning module GeometryCacheSequencer (372)
[2019.12.07-14.32.57:804][384]LogModuleManager: Shutting down and abandoning module ChaosSolverEditor (370)
[2019.12.07-14.32.57:804][384]LogModuleManager: Shutting down and abandoning module BlastAuthoring (368)
[2019.12.07-14.32.57:804][384]LogModuleManager: Shutting down and abandoning module BackChannel (366)
[2019.12.07-14.32.57:804][384]LogModuleManager: Shutting down and abandoning module AppleVision (364)
[2019.12.07-14.32.57:804][384]LogModuleManager: Shutting down and abandoning module AppleImageUtilsBlueprintSupport (362)
[2019.12.07-14.32.57:804][384]LogModuleManager: Shutting down and abandoning module AppleImageUtils (360)
[2019.12.07-14.32.57:804][384]LogModuleManager: Shutting down and abandoning module AlembicImporter (358)
[2019.12.07-14.32.57:804][384]LogModuleManager: Shutting down and abandoning module AlembicLibrary (357)
[2019.12.07-14.32.57:804][384]LogModuleManager: Shutting down and abandoning module GeometryCache (356)
[2019.12.07-14.32.57:804][384]LogModuleManager: Shutting down and abandoning module GeometryCacheEd (355)
[2019.12.07-14.32.57:804][384]LogModuleManager: Shutting down and abandoning module VariantManagerContent (350)
[2019.12.07-14.32.57:804][384]LogModuleManager: Shutting down and abandoning module DatasmithContentEditor (348)
[2019.12.07-14.32.57:804][384]LogModuleManager: Shutting down and abandoning module SpeedTreeImporter (346)
[2019.12.07-14.32.57:804][384]LogModuleManager: Shutting down and abandoning module PluginBrowser (344)
[2019.12.07-14.32.57:804][384]LogModuleManager: Shutting down and abandoning module MobileLauncherProfileWizard (342)
[2019.12.07-14.32.57:804][384]LogModuleManager: Shutting down and abandoning module PolygonModeling (340)
[2019.12.07-14.32.57:804][384]LogModuleManager: Shutting down and abandoning module MeshEditor (338)
[2019.12.07-14.32.57:804][384]LogModuleManager: Shutting down and abandoning module MaterialAnalyzer (336)
[2019.12.07-14.32.57:804][384]LogModuleManager: Shutting down and abandoning module GLTFImporter (334)
[2019.12.07-14.32.57:804][384]LogModuleManager: Shutting down and abandoning module EditorScriptingUtilities (332)
[2019.12.07-14.32.57:804][384]LogModuleManager: Shutting down and abandoning module CryptoKeysOpenSSL (330)
[2019.12.07-14.32.57:804][384]LogModuleManager: Shutting down and abandoning module CryptoKeys (328)
[2019.12.07-14.32.57:804][384]LogModuleManager: Shutting down and abandoning module VisualStudioSourceCodeAccess (326)
[2019.12.07-14.32.57:804][384]LogModuleManager: Shutting down and abandoning module VisualStudioCodeSourceCodeAccess (324)
[2019.12.07-14.32.57:804][384]LogModuleManager: Shutting down and abandoning module UObjectPlugin (322)
[2019.12.07-14.32.57:804][384]LogModuleManager: Shutting down and abandoning module SubversionSourceControl (320)
[2019.12.07-14.32.57:804][384]LogModuleManager: Shutting down and abandoning module PerforceSourceControl (318)
[2019.12.07-14.32.57:804][384]LogModuleManager: Shutting down and abandoning module GitSourceControl (316)
[2019.12.07-14.32.57:804][384]LogModuleManager: Shutting down and abandoning module SourceControl (315)
[2019.12.07-14.32.57:804][384]LogModuleManager: Shutting down and abandoning module CLionSourceCodeAccess (312)
[2019.12.07-14.32.57:804][384]LogModuleManager: Shutting down and abandoning module AnimationSharingEd (310)
[2019.12.07-14.32.57:804][384]LogModuleManager: Shutting down and abandoning module ActorLayerUtilitiesEditor (308)
[2019.12.07-14.32.57:804][384]LogModuleManager: Shutting down and abandoning module ActorLayerUtilities (306)
[2019.12.07-14.32.57:804][384]LogModuleManager: Shutting down and abandoning module LightPropagationVolumeEditor (304)
[2019.12.07-14.32.57:804][384]LogModuleManager: Shutting down and abandoning module PaperTiledImporter (302)
[2019.12.07-14.32.57:804][384]LogModuleManager: Shutting down and abandoning module PaperSpriteSheetImporter (300)
[2019.12.07-14.32.57:804][384]LogModuleManager: Shutting down and abandoning module Paper2DEditor (298)
[2019.12.07-14.32.57:804][384]LogModuleManager: Shutting down and abandoning module SeniorProject (296)
[2019.12.07-14.32.57:804][384]LogModuleManager: Shutting down and abandoning module SignificanceManager (294)
[2019.12.07-14.32.57:804][384]LogModuleManager: Shutting down and abandoning module RuntimePhysXCooking (292)
[2019.12.07-14.32.57:804][384]LogModuleManager: Shutting down and abandoning module PhysXVehiclesEditor (290)
[2019.12.07-14.32.57:804][384]LogModuleManager: Shutting down and abandoning module PhysXVehicles (288)
[2019.12.07-14.32.57:804][384]LogModuleManager: Shutting down and abandoning module LocationServicesBPLibrary (286)
[2019.12.07-14.32.57:804][384]LogModuleManager: Shutting down and abandoning module ActorSequence (284)
[2019.12.07-14.32.57:804][384]LogModuleManager: Shutting down and abandoning module UdpMessaging (282)
[2019.12.07-14.32.57:905][384]LogModuleManager: Shutting down and abandoning module TcpMessaging (280)
[2019.12.07-14.32.58:006][384]LogModuleManager: Shutting down and abandoning module MagicLeapIdentity (278)
[2019.12.07-14.32.58:006][384]LogModuleManager: Shutting down and abandoning module MagicLeapSecureStorage (276)
[2019.12.07-14.32.58:006][384]LogModuleManager: Shutting down and abandoning module MagicLeapHandTracking (274)
[2019.12.07-14.32.58:006][384]LogModuleManager: Shutting down and abandoning module MagicLeapEyeTracker (272)
[2019.12.07-14.32.58:006][384]LogModuleManager: Shutting down and abandoning module MagicLeapController (270)
[2019.12.07-14.32.58:017][384]LogSlate: Slate User Destroyed.  User Index 0, Is Virtual User: 0
[2019.12.07-14.32.58:017][384]LogModuleManager: Shutting down and abandoning module MagicLeapAR (268)
[2019.12.07-14.32.58:017][384]LogModuleManager: Shutting down and abandoning module AugmentedReality (267)
[2019.12.07-14.32.58:017][384]LogModuleManager: Shutting down and abandoning module GameplayTagsEditor (264)
[2019.12.07-14.32.58:017][384]LogModuleManager: Shutting down and abandoning module FacialAnimationEditor (262)
[2019.12.07-14.32.58:017][384]LogModuleManager: Shutting down and abandoning module FacialAnimation (260)
[2019.12.07-14.32.58:017][384]LogModuleManager: Shutting down and abandoning module DataValidation (258)
[2019.12.07-14.32.58:017][384]LogModuleManager: Shutting down and abandoning module AssetManagerEditor (256)
[2019.12.07-14.32.58:018][384]LogModuleManager: Shutting down and abandoning module LevelEditor (255)
[2019.12.07-14.32.58:018][384]LogModuleManager: Shutting down and abandoning module PixelInspectorModule (254)
[2019.12.07-14.32.58:018][384]LogModuleManager: Shutting down and abandoning module CommonMenuExtensions (252)
[2019.12.07-14.32.58:018][384]LogModuleManager: Shutting down and abandoning module MainFrame (250)
[2019.12.07-14.32.58:018][384]LogModuleManager: Shutting down and abandoning module HotReload (249)
[2019.12.07-14.32.58:019][384]LogModuleManager: Shutting down and abandoning module ContentBrowser (245)
[2019.12.07-14.32.58:019][384]LogModuleManager: Shutting down and abandoning module TreeMap (243)
[2019.12.07-14.32.58:019][384]LogModuleManager: Shutting down and abandoning module AnimationSharing (240)
[2019.12.07-14.32.58:019][384]LogModuleManager: Shutting down and abandoning module LightPropagationVolumeRuntime (238)
[2019.12.07-14.32.58:019][384]LogModuleManager: Shutting down and abandoning module AISupportModule (236)
[2019.12.07-14.32.58:019][384]LogModuleManager: Shutting down and abandoning module Paper2D (234)
[2019.12.07-14.32.58:019][384]LogModuleManager: Shutting down and abandoning module WindowsMoviePlayer (232)
[2019.12.07-14.32.58:019][384]LogModuleManager: Shutting down and abandoning module WebMMoviePlayer (230)
[2019.12.07-14.32.58:019][384]LogModuleManager: Shutting down and abandoning module PacketHandler (228)
[2019.12.07-14.32.58:019][384]LogModuleManager: Shutting down and abandoning module ClothingSystemEditor (226)
[2019.12.07-14.32.58:019][384]LogModuleManager: Shutting down and abandoning module ClothingSystemRuntime (224)
[2019.12.07-14.32.58:019][384]LogModuleManager: Shutting down and abandoning module MediaAssets (222)
[2019.12.07-14.32.58:019][384]LogModuleManager: Shutting down and abandoning module Overlay (220)
[2019.12.07-14.32.58:019][384]LogModuleManager: Shutting down and abandoning module OverlayEditor (219)
[2019.12.07-14.32.58:019][384]LogModuleManager: Shutting down and abandoning module VREditor (216)
[2019.12.07-14.32.58:019][384]LogModuleManager: Shutting down and abandoning module StringTableEditor (214)
[2019.12.07-14.32.58:020][384]LogModuleManager: Shutting down and abandoning module GameplayTasksEditor (212)
[2019.12.07-14.32.58:020][384]LogModuleManager: Shutting down and abandoning module BehaviorTreeEditor (210)
[2019.12.07-14.32.58:020][384]LogModuleManager: Shutting down and abandoning module FunctionalTesting (208)
[2019.12.07-14.32.58:020][384]LogModuleManager: Shutting down and abandoning module CollisionAnalyzer (206)
[2019.12.07-14.32.58:020][384]LogModuleManager: Shutting down and abandoning module WorkspaceMenuStructure (205)
[2019.12.07-14.32.58:020][384]LogModuleManager: Shutting down and abandoning module UMG (202)
[2019.12.07-14.32.58:020][384]LogModuleManager: Shutting down and abandoning module UMGEditor (201)
[2019.12.07-14.32.58:020][384]LogModuleManager: Shutting down and abandoning module Sequencer (200)
[2019.12.07-14.32.58:020][384]LogModuleManager: Shutting down and abandoning module MessageLog (197)
[2019.12.07-14.32.58:020][384]LogModuleManager: Shutting down and abandoning module SlateReflector (192)
[2019.12.07-14.32.58:020][384]LogModuleManager: Shutting down and abandoning module Slate (190)
[2019.12.07-14.32.58:020][384]LogModuleManager: Shutting down and abandoning module EditorStyle (188)
[2019.12.07-14.32.58:021][384]LogModuleManager: Shutting down and abandoning module UnrealEd (186)
[2019.12.07-14.32.58:021][384]LogModuleManager: Shutting down and abandoning module MRMesh (184)
[2019.12.07-14.32.58:021][384]LogModuleManager: Shutting down and abandoning module SourceCodeAccess (182)
[2019.12.07-14.32.58:021][384]LogModuleManager: Shutting down and abandoning module HeadMountedDisplay (180)
[2019.12.07-14.32.58:021][384]LogModuleManager: Shutting down and abandoning module XAudio2 (178)
[2019.12.07-14.32.58:021][384]LogModuleManager: Shutting down and abandoning module Networking (176)
[2019.12.07-14.32.58:021][384]LogModuleManager: Shutting down and abandoning module Core (174)
[2019.12.07-14.32.58:021][384]LogModuleManager: Shutting down and abandoning module KismetCompiler (172)
[2019.12.07-14.32.58:021][384]LogModuleManager: Shutting down and abandoning module MeshUtilities (170)
[2019.12.07-14.32.58:021][384]LogModuleManager: Shutting down and abandoning module MeshMergeUtilities (169)
[2019.12.07-14.32.58:021][384]LogModuleManager: Shutting down and abandoning module MeshReductionInterface (168)
[2019.12.07-14.32.58:021][384]LogModuleManager: Shutting down and abandoning module SkeletalMeshReduction (167)
[2019.12.07-14.32.58:021][384]LogModuleManager: Shutting down and abandoning module ProxyLODMeshReduction (165)
[2019.12.07-14.32.58:021][384]LogModuleManager: Shutting down and abandoning module QuadricMeshReduction (163)
[2019.12.07-14.32.58:021][384]LogModuleManager: Shutting down and abandoning module MaterialBaking (159)
[2019.12.07-14.32.58:021][384]LogModuleManager: Shutting down and abandoning module DerivedDataCache (154)
[2019.12.07-14.32.58:116][384]LogDerivedDataCache: Shutdown
[2019.12.07-14.32.58:116][384]LogModuleManager: Shutting down and abandoning module XGEController (152)
[2019.12.07-14.32.58:116][384]LogModuleManager: Shutting down and abandoning module TargetPlatform (150)
[2019.12.07-14.32.58:116][384]LogModuleManager: Shutting down and abandoning module VulkanShaderFormat (149)
[2019.12.07-14.32.58:116][384]LogModuleManager: Shutting down and abandoning module ShaderFormatVectorVM (147)
[2019.12.07-14.32.58:116][384]LogModuleManager: Shutting down and abandoning module ShaderFormatOpenGL (145)
[2019.12.07-14.32.58:116][384]LogModuleManager: Shutting down and abandoning module ShaderFormatD3D (143)
[2019.12.07-14.32.58:116][384]LogModuleManager: Shutting down and abandoning module MetalShaderFormat (141)
[2019.12.07-14.32.58:116][384]LogModuleManager: Shutting down and abandoning module TextureFormatUncompressed (139)
[2019.12.07-14.32.58:116][384]LogModuleManager: Shutting down and abandoning module TextureFormatPVR (137)
[2019.12.07-14.32.58:116][384]LogModuleManager: Shutting down and abandoning module TextureFormatDXT (135)
[2019.12.07-14.32.58:116][384]LogModuleManager: Shutting down and abandoning module TextureFormatIntelISPCTexComp (133)
[2019.12.07-14.32.58:117][384]LogModuleManager: Shutting down and abandoning module TextureFormatASTC (131)
[2019.12.07-14.32.58:117][384]LogModuleManager: Shutting down and abandoning module ImageWrapper (130)
[2019.12.07-14.32.58:117][384]LogModuleManager: Shutting down and abandoning module TextureFormatAndroid (127)
[2019.12.07-14.32.58:117][384]LogModuleManager: Shutting down and abandoning module AudioFormatOpus (125)
[2019.12.07-14.32.58:117][384]LogModuleManager: Shutting down and abandoning module AudioFormatOgg (123)
[2019.12.07-14.32.58:117][384]LogModuleManager: Shutting down and abandoning module AudioFormatADPCM (121)
[2019.12.07-14.32.58:117][384]LogModuleManager: Shutting down and abandoning module LuminTargetPlatform (119)
[2019.12.07-14.32.58:117][384]LogModuleManager: Shutting down and abandoning module LinuxTargetPlatform (117)
[2019.12.07-14.32.58:117][384]LogModuleManager: Shutting down and abandoning module LinuxServerTargetPlatform (115)
[2019.12.07-14.32.58:117][384]LogModuleManager: Shutting down and abandoning module LinuxNoEditorTargetPlatform (113)
[2019.12.07-14.32.58:117][384]LogModuleManager: Shutting down and abandoning module LinuxClientTargetPlatform (111)
[2019.12.07-14.32.58:117][384]LogModuleManager: Shutting down and abandoning module TVOSTargetPlatform (109)
[2019.12.07-14.32.58:118][384]LogModuleManager: Shutting down and abandoning module Messaging (107)
[2019.12.07-14.32.58:118][384]LogModuleManager: Shutting down and abandoning module IOSTargetPlatform (105)
[2019.12.07-14.32.58:118][384]LogModuleManager: Shutting down and abandoning module HTML5TargetPlatform (103)
[2019.12.07-14.32.58:118][384]LogModuleManager: Shutting down and abandoning module AndroidTargetPlatform (101)
[2019.12.07-14.32.58:123][384]LogModuleManager: Shutting down and abandoning module WindowsTargetPlatform (99)
[2019.12.07-14.32.58:123][384]LogModuleManager: Shutting down and abandoning module WindowsServerTargetPlatform (97)
[2019.12.07-14.32.58:123][384]LogModuleManager: Shutting down and abandoning module WindowsNoEditorTargetPlatform (95)
[2019.12.07-14.32.58:123][384]LogModuleManager: Shutting down and abandoning module WindowsClientTargetPlatform (93)
[2019.12.07-14.32.58:123][384]LogModuleManager: Shutting down and abandoning module MacTargetPlatform (91)
[2019.12.07-14.32.58:123][384]LogModuleManager: Shutting down and abandoning module MacServerTargetPlatform (89)
[2019.12.07-14.32.58:123][384]LogModuleManager: Shutting down and abandoning module MacNoEditorTargetPlatform (87)
[2019.12.07-14.32.58:123][384]LogModuleManager: Shutting down and abandoning module MacClientTargetPlatform (85)
[2019.12.07-14.32.58:123][384]LogModuleManager: Shutting down and abandoning module AllDesktopTargetPlatform (83)
[2019.12.07-14.32.58:123][384]LogModuleManager: Shutting down and abandoning module InputCore (80)
[2019.12.07-14.32.58:123][384]LogModuleManager: Shutting down and abandoning module Settings (78)
[2019.12.07-14.32.58:123][384]LogModuleManager: Shutting down and abandoning module DirectoryWatcher (76)
[2019.12.07-14.32.58:123][384]LogModuleManager: Shutting down and abandoning module PhysXCooking (74)
[2019.12.07-14.32.58:123][384]LogModuleManager: Shutting down and abandoning module SteamVR (72)
[2019.12.07-14.32.58:123][384]LogHMD: Freeing OpenVRDLLHandle.
[2019.12.07-14.32.58:123][384]LogModuleManager: Shutting down and abandoning module OculusHMD (70)
[2019.12.07-14.32.58:123][384]LogModuleManager: Shutting down and abandoning module ExampleDeviceProfileSelector (68)
[2019.12.07-14.32.58:123][384]LogModuleManager: Shutting down and abandoning module LauncherChunkInstaller (66)
[2019.12.07-14.32.58:123][384]LogModuleManager: Shutting down and abandoning module OnlineBlueprintSupport (64)
[2019.12.07-14.32.58:123][384]LogModuleManager: Shutting down and abandoning module OnlineSubsystem (60)
[2019.12.07-14.32.58:124][384]LogModuleManager: Shutting down and abandoning module XMPP (55)
[2019.12.07-14.32.58:124][384]LogModuleManager: Shutting down and abandoning module WebSockets (54)
[2019.12.07-14.32.58:138][384]LogModuleManager: Shutting down and abandoning module HTTP (51)
[2019.12.07-14.32.58:138][384]LogHttp: Display: Http module shutting down, but needs to wait on 1 outstanding Http requests:
[2019.12.07-14.32.58:138][384]LogHttp: Display: 	verb=[POST] url=[https://datarouter.ol.epicgames.com/datarouter/api/v1/public/data?SessionID=%7BB6A7B629-439F-FF86-6612-4099F5480EC4%7D&AppID=UEEditor.Rocket.Release&AppVersion=4.22.3-7053642%2B%2B%2BUE4%2BRelease-4.22&UserID=51bfa0b045cbf14adcb461b1b05e0e89%7C2e8b1b4f078b4bcfacfd31f9b30f3716%7Cbdc763f3-2d52-4c7c-9d3b-0a7386c2f1cc&AppEnvironment=datacollector-binary&UploadType=eteventstream] status=Processing
[2019.12.07-14.32.58:157][384]LogModuleManager: Shutting down and abandoning module SSL (50)
[2019.12.07-14.32.58:158][384]LogModuleManager: Shutting down and abandoning module WmfMedia (46)
[2019.12.07-14.32.58:160][384]LogModuleManager: Shutting down and abandoning module Media (45)
[2019.12.07-14.32.58:166][384]LogModuleManager: Shutting down and abandoning module MagicLeap (42)
[2019.12.07-14.32.58:167][384]LogModuleManager: Shutting down and abandoning module DatasmithContent (40)
[2019.12.07-14.32.58:167][384]LogModuleManager: Shutting down and abandoning module AnimationModifiers (38)
[2019.12.07-14.32.58:167][384]LogModuleManager: Shutting down and abandoning module PropertyEditor (37)
[2019.12.07-14.32.58:167][384]LogModuleManager: Shutting down and abandoning module AudioEditor (34)
[2019.12.07-14.32.58:167][384]LogModuleManager: Shutting down and abandoning module TextureCompressor (32)
[2019.12.07-14.32.58:167][384]LogModuleManager: Shutting down and abandoning module RenderCore (30)
[2019.12.07-14.32.58:167][384]LogModuleManager: Shutting down and abandoning module Landscape (28)
[2019.12.07-14.32.58:167][384]LogModuleManager: Shutting down and abandoning module SlateRHIRenderer (26)
[2019.12.07-14.32.58:168][384]LogModuleManager: Shutting down and abandoning module OpenGLDrv (24)
[2019.12.07-14.32.58:168][384]LogModuleManager: Shutting down and abandoning module D3D11RHI (22)
[2019.12.07-14.32.58:168][384]LogModuleManager: Shutting down and abandoning module AnimGraphRuntime (20)
[2019.12.07-14.32.58:168][384]LogModuleManager: Shutting down and abandoning module Renderer (18)
[2019.12.07-14.32.58:168][384]LogModuleManager: Shutting down and abandoning module Engine (16)
[2019.12.07-14.32.58:168][384]LogModuleManager: Shutting down and abandoning module CoreUObject (14)
[2019.12.07-14.32.58:168][384]LogModuleManager: Shutting down and abandoning module NetworkFile (12)
[2019.12.07-14.32.58:168][384]LogModuleManager: Shutting down and abandoning module CookedIterativeFile (10)
[2019.12.07-14.32.58:168][384]LogModuleManager: Shutting down and abandoning module StreamingFile (8)
[2019.12.07-14.32.58:168][384]LogModuleManager: Shutting down and abandoning module SandboxFile (6)
[2019.12.07-14.32.58:168][384]LogModuleManager: Shutting down and abandoning module PakFile (4)
[2019.12.07-14.32.58:168][384]LogModuleManager: Shutting down and abandoning module RSA (3)
[2019.12.07-14.32.58:187][384]LogExit: Exiting.
[2019.12.07-14.32.58:220][384]Log file closed, 12/07/19 09:32:58
