Log file open, 04/09/20 09:18:24
LogWindows: Failed to load 'aqProf.dll' (GetLastError=126)
LogWindows: File 'aqProf.dll' does not exist
LogWindows: Failed to load 'VtuneApi.dll' (GetLastError=126)
LogWindows: File 'VtuneApi.dll' does not exist
LogWindows: Failed to load 'VtuneApi32e.dll' (GetLastError=126)
LogWindows: File 'VtuneApi32e.dll' does not exist
LogConsoleResponse: Display: Failed to find resolution value strings in scalability ini. Falling back to default.
LogInit: Display: Running engine for game: SeniorProject
LogPakFile: Registered encryption key '00000000000000000000000000000000': 0 pak files mounted, 0 remain pending
LogPlatformFile: Not using cached read wrapper
LogTaskGraph: Started task graph with 5 named threads and 23 total threads with 3 sets of task threads.
LogStats: Stats thread started at 0.420320
LogD3D11RHI: Loaded GFSDK_Aftermath_Lib.x64.dll
LogICUInternationalization: ICU TimeZone Detection - Raw Offset: -5:00, Platform Override: ''
LogPluginManager: Mounting plugin Paper2D
LogPluginManager: Mounting plugin AISupport
LogPluginManager: Mounting plugin LightPropagationVolume
LogPluginManager: Mounting plugin ActorLayerUtilities
LogPluginManager: Mounting plugin AnimationSharing
LogPluginManager: Mounting plugin CLionSourceCodeAccess
LogPluginManager: Mounting plugin CodeLiteSourceCodeAccess
LogPluginManager: Mounting plugin GitSourceControl
LogPluginManager: Mounting plugin KDevelopSourceCodeAccess
LogPluginManager: Mounting plugin NullSourceCodeAccess
LogPluginManager: Mounting plugin PerforceSourceControl
LogPluginManager: Mounting plugin SubversionSourceControl
LogPluginManager: Mounting plugin UObjectPlugin
LogPluginManager: Mounting plugin VisualStudioCodeSourceCodeAccess
LogPluginManager: Mounting plugin VisualStudioSourceCodeAccess
LogPluginManager: Mounting plugin XCodeSourceCodeAccess
LogPluginManager: Mounting plugin AssetManagerEditor
LogPluginManager: Mounting plugin CryptoKeys
LogPluginManager: Mounting plugin DataValidation
LogPluginManager: Mounting plugin EditorScriptingUtilities
LogPluginManager: Mounting plugin FacialAnimation
LogPluginManager: Mounting plugin GameplayTagsEditor
LogPluginManager: Mounting plugin GLTFImporter
LogPluginManager: Mounting plugin MacGraphicsSwitching
LogPluginManager: Mounting plugin MaterialAnalyzer
LogPluginManager: Mounting plugin MeshEditor
LogPluginManager: Mounting plugin MobileLauncherProfileWizard
LogPluginManager: Mounting plugin PluginBrowser
LogPluginManager: Mounting plugin SpeedTreeImporter
LogPluginManager: Mounting plugin DatasmithContent
LogPluginManager: Mounting plugin VariantManagerContent
LogPluginManager: Mounting plugin AlembicImporter
LogPluginManager: Mounting plugin AppleImageUtils
LogPluginManager: Mounting plugin AppleVision
LogPluginManager: Mounting plugin BackChannel
LogPluginManager: Mounting plugin BlastPlugin
LogPluginManager: Mounting plugin ChaosSolverPlugin
LogPluginManager: Mounting plugin CharacterAI
LogPluginManager: Mounting plugin GeometryCache
LogPluginManager: Mounting plugin GeometryCollectionPlugin
LogPluginManager: Mounting plugin HTML5Networking
LogPluginManager: Mounting plugin ProxyLODPlugin
LogPluginManager: Mounting plugin SkeletalReduction
LogPluginManager: Mounting plugin MagicLeap
LogPluginManager: Mounting plugin MagicLeapMedia
LogPluginManager: Mounting plugin AndroidMedia
LogPluginManager: Mounting plugin AvfMedia
LogPluginManager: Mounting plugin ImgMedia
LogPluginManager: Mounting plugin LinearTimecode
LogPluginManager: Mounting plugin MediaCompositing
LogPluginManager: Mounting plugin MediaPlayerEditor
LogPluginManager: Mounting plugin WebMMedia
LogPluginManager: Mounting plugin WmfMedia
LogPluginManager: Mounting plugin TcpMessaging
LogPluginManager: Mounting plugin UdpMessaging
LogPluginManager: Mounting plugin ActorSequence
LogPluginManager: Mounting plugin LevelSequenceEditor
LogPluginManager: Mounting plugin MatineeToLevelSequence
LogPluginManager: Mounting plugin NetcodeUnitTest
LogPluginManager: Mounting plugin NUTUnrealEngine4
LogPluginManager: Mounting plugin OnlineSubsystemGooglePlay
LogPluginManager: Mounting plugin OnlineSubsystemIOS
LogPluginManager: Mounting plugin OnlineSubsystem
LogPluginManager: Mounting plugin OnlineSubsystemNull
LogPluginManager: Mounting plugin OnlineSubsystemUtils
LogPluginManager: Mounting plugin LauncherChunkInstaller
LogPluginManager: Mounting plugin AndroidDeviceProfileSelector
LogPluginManager: Mounting plugin AndroidMoviePlayer
LogPluginManager: Mounting plugin AndroidPermission
LogPluginManager: Mounting plugin AppleMoviePlayer
LogPluginManager: Mounting plugin ArchVisCharacter
LogPluginManager: Mounting plugin AudioCapture
LogPluginManager: Mounting plugin CableComponent
LogPluginManager: Mounting plugin CustomMeshComponent
LogPluginManager: Mounting plugin EditableMesh
LogPluginManager: Mounting plugin ExampleDeviceProfileSelector
LogPluginManager: Mounting plugin Firebase
LogPluginManager: Mounting plugin GoogleCloudMessaging
LogPluginManager: Mounting plugin IOSDeviceProfileSelector
LogPluginManager: Mounting plugin LinuxDeviceProfileSelector
LogPluginManager: Mounting plugin LocationServicesBPLibrary
LogPluginManager: Mounting plugin MobilePatchingUtils
LogPluginManager: Mounting plugin OculusVR
LogPluginManager: Mounting plugin PhysXVehicles
LogPluginManager: Mounting plugin ProceduralMeshComponent
LogPluginManager: Mounting plugin RuntimePhysXCooking
LogPluginManager: Mounting plugin SignificanceManager
LogPluginManager: Mounting plugin SteamVR
LogPluginManager: Mounting plugin WebMMoviePlayer
LogPluginManager: Mounting plugin WindowsMoviePlayer
LogPluginManager: Mounting plugin DatasmithCADImporter
LogPluginManager: Mounting plugin DatasmithDataPrepEditor
LogPluginManager: Mounting plugin DatasmithFBXImporter
LogPluginManager: Mounting plugin DatasmithGLTFImporter
LogPluginManager: Mounting plugin DatasmithImporter
LogPluginManager: Mounting plugin MDLImporter
LogPluginManager: Mounting plugin StaticMeshEditorExtension
LogPluginManager: Mounting plugin VariantManager
LogInit: Using libcurl 7.55.1-DEV
LogInit:  - built for x86_64-pc-win32
LogInit:  - supports SSL with OpenSSL/1.1.1
LogInit:  - supports HTTP deflate (compression) using libz 1.2.8
LogInit:  - other features:
LogInit:      CURL_VERSION_SSL
LogInit:      CURL_VERSION_LIBZ
LogInit:      CURL_VERSION_IPV6
LogInit:      CURL_VERSION_ASYNCHDNS
LogInit:      CURL_VERSION_LARGEFILE
LogInit:      CURL_VERSION_IDN
LogInit:  CurlRequestOptions (configurable via config and command line):
LogInit:  - bVerifyPeer = true  - Libcurl will verify peer certificate
LogInit:  - bUseHttpProxy = false  - Libcurl will NOT use HTTP proxy
LogInit:  - bDontReuseConnections = false  - Libcurl will reuse connections
LogInit:  - MaxHostConnections = 16  - Libcurl will limit the number of connections to a host
LogInit:  - LocalHostAddr = Default
LogInit:  - BufferSize = 65536
LogInit: WinSock: version 1.1 (2.2), MaxSocks=32767, MaxUdp=65467
LogHMD: Failed initializing OVRPlugin 1.32.0
LogInit: Build: ++UE4+Release-4.22-CL-7053642
LogInit: Engine Version: 4.22.3-7053642+++UE4+Release-4.22
LogInit: Compatible Engine Version: 4.22.0-5660361+++UE4+Release-4.22
LogInit: Net CL: 5660361
LogInit: OS: Windows 10 (Release 1903) (), CPU: Intel(R) Core(TM) i7-6700K CPU @ 4.00GHz, GPU: NVIDIA GeForce RTX 2080
LogInit: Compiled (64-bit): Jun 18 2019 03:09:11
LogInit: Compiled with Visual C++: 19.16.27025.01
LogInit: Build Configuration: Development
LogInit: Branch Name: ++UE4+Release-4.22
LogInit: Command Line: 
LogInit: Base Directory: C:/Program Files/Epic Games/UE_4.22/Engine/Binaries/Win64/
LogInit: Installed Engine Build: 1
LogDevObjectVersion: Number of dev versions registered: 23
LogDevObjectVersion:   Dev-Blueprints (B0D832E4-1F89-4F0D-ACCF-7EB736FD4AA2): 10
LogDevObjectVersion:   Dev-Build (E1C64328-A22C-4D53-A36C-8E866417BD8C): 0
LogDevObjectVersion:   Dev-Core (375EC13C-06E4-48FB-B500-84F0262A717E): 3
LogDevObjectVersion:   Dev-Editor (E4B068ED-F494-42E9-A231-DA0B2E46BB41): 30
LogDevObjectVersion:   Dev-Framework (CFFC743F-43B0-4480-9391-14DF171D2073): 35
LogDevObjectVersion:   Dev-Mobile (B02B49B5-BB20-44E9-A304-32B752E40360): 2
LogDevObjectVersion:   Dev-Networking (A4E4105C-59A1-49B5-A7C5-40C4547EDFEE): 0
LogDevObjectVersion:   Dev-Online (39C831C9-5AE6-47DC-9A44-9C173E1C8E7C): 0
LogDevObjectVersion:   Dev-Physics (78F01B33-EBEA-4F98-B9B4-84EACCB95AA2): 0
LogDevObjectVersion:   Dev-Platform (6631380F-2D4D-43E0-8009-CF276956A95A): 0
LogDevObjectVersion:   Dev-Rendering (12F88B9F-8875-4AFC-A67C-D90C383ABD29): 28
LogDevObjectVersion:   Dev-Sequencer (7B5AE74C-D270-4C10-A958-57980B212A5A): 11
LogDevObjectVersion:   Dev-VR (D7296918-1DD6-4BDD-9DE2-64A83CC13884): 2
LogDevObjectVersion:   Dev-LoadTimes (C2A15278-BFE7-4AFE-6C17-90FF531DF755): 1
LogDevObjectVersion:   Private-Geometry (6EACA3D4-40EC-4CC1-B786-8BED09428FC5): 3
LogDevObjectVersion:   Dev-AnimPhys (29E575DD-E0A3-4627-9D10-D276232CDCEA): 17
LogDevObjectVersion:   Dev-Anim (AF43A65D-7FD3-4947-9873-3E8ED9C1BB05): 2
LogDevObjectVersion:   Dev-ReflectionCapture (6B266CEC-1EC7-4B8F-A30B-E4D90942FC07): 1
LogDevObjectVersion:   Dev-Automation (0DF73D61-A23F-47EA-B727-89E90C41499A): 1
LogDevObjectVersion:   FortniteMain (601D1886-AC64-4F84-AA16-D3DE0DEAC7D6): 25
LogDevObjectVersion:   Dev-Enterprise (9DFFBCD6-494F-0158-E221-12823C92A888): 6
LogDevObjectVersion:   Dev-Niagara (F2AED0AC-9AFE-416F-8664-AA7FFA26D6FC): 1
LogDevObjectVersion:   Dev-Destruction (174F1F0B-B4C6-45A5-B13F-2EE8D0FB917D): 2
LogInit: Presizing for max 16777216 objects, including 0 objects not considered by GC, pre-allocating 0 bytes for permanent pool.
LogInit: Object subsystem initialized
LogConfig: Setting CVar [[con.DebugEarlyDefault:1]]
LogConfig: Setting CVar [[r.setres:1280x720]]
[2020.04.09-13.18.27:532][  0]LogConfig: Setting CVar [[r.VSync:0]]
[2020.04.09-13.18.27:532][  0]LogConfig: Setting CVar [[r.RHICmdBypass:0]]
[2020.04.09-13.18.27:532][  0]LogConfig: Applying CVar settings from Section [/Script/Engine.RendererSettings] File [E:/SeniorProject/PollutionProject/SeniorProject/Saved/Config/Windows/Engine.ini]
[2020.04.09-13.18.27:532][  0]LogConfig: Setting CVar [[r.GPUCrashDebugging:0]]
[2020.04.09-13.18.27:532][  0]LogConfig: Setting CVar [[r.DefaultFeature.AutoExposure.ExtendDefaultLuminanceRange:1]]
[2020.04.09-13.18.27:532][  0]LogConfig: Setting CVar [[r.GenerateMeshDistanceFields:1]]
[2020.04.09-13.18.27:532][  0]LogConfig: Applying CVar settings from Section [/Script/Engine.RendererOverrideSettings] File [E:/SeniorProject/PollutionProject/SeniorProject/Saved/Config/Windows/Engine.ini]
[2020.04.09-13.18.27:532][  0]LogConfig: Applying CVar settings from Section [/Script/Engine.StreamingSettings] File [E:/SeniorProject/PollutionProject/SeniorProject/Saved/Config/Windows/Engine.ini]
[2020.04.09-13.18.27:532][  0]LogConfig: Setting CVar [[s.MinBulkDataSizeForAsyncLoading:131072]]
[2020.04.09-13.18.27:532][  0]LogConfig: Setting CVar [[s.AsyncLoadingThreadEnabled:0]]
[2020.04.09-13.18.27:532][  0]LogConfig: Setting CVar [[s.EventDrivenLoaderEnabled:1]]
[2020.04.09-13.18.27:532][  0]LogConfig: Setting CVar [[s.WarnIfTimeLimitExceeded:0]]
[2020.04.09-13.18.27:532][  0]LogConfig: Setting CVar [[s.TimeLimitExceededMultiplier:1.5]]
[2020.04.09-13.18.27:532][  0]LogConfig: Setting CVar [[s.TimeLimitExceededMinTime:0.005]]
[2020.04.09-13.18.27:532][  0]LogConfig: Setting CVar [[s.UseBackgroundLevelStreaming:1]]
[2020.04.09-13.18.27:532][  0]LogConfig: Setting CVar [[s.PriorityAsyncLoadingExtraTime:15.0]]
[2020.04.09-13.18.27:532][  0]LogConfig: Setting CVar [[s.LevelStreamingActorsUpdateTimeLimit:5.0]]
[2020.04.09-13.18.27:532][  0]LogConfig: Setting CVar [[s.PriorityLevelStreamingActorsUpdateExtraTime:5.0]]
[2020.04.09-13.18.27:532][  0]LogConfig: Setting CVar [[s.LevelStreamingComponentsRegistrationGranularity:10]]
[2020.04.09-13.18.27:532][  0]LogConfig: Setting CVar [[s.UnregisterComponentsTimeLimit:1.0]]
[2020.04.09-13.18.27:532][  0]LogConfig: Setting CVar [[s.LevelStreamingComponentsUnregistrationGranularity:5]]
[2020.04.09-13.18.27:532][  0]LogConfig: Applying CVar settings from Section [/Script/Engine.GarbageCollectionSettings] File [E:/SeniorProject/PollutionProject/SeniorProject/Saved/Config/Windows/Engine.ini]
[2020.04.09-13.18.27:532][  0]LogConfig: Setting CVar [[gc.MaxObjectsNotConsideredByGC:1]]
[2020.04.09-13.18.27:532][  0]LogConfig: Setting CVar [[gc.SizeOfPermanentObjectPool:0]]
[2020.04.09-13.18.27:532][  0]LogConfig: Setting CVar [[gc.FlushStreamingOnGC:0]]
[2020.04.09-13.18.27:532][  0]LogConfig: Setting CVar [[gc.NumRetriesBeforeForcingGC:10]]
[2020.04.09-13.18.27:532][  0]LogConfig: Setting CVar [[gc.AllowParallelGC:1]]
[2020.04.09-13.18.27:532][  0]LogConfig: Setting CVar [[gc.TimeBetweenPurgingPendingKillObjects:61.1]]
[2020.04.09-13.18.27:532][  0]LogConfig: Setting CVar [[gc.MaxObjectsInEditor:16777216]]
[2020.04.09-13.18.27:532][  0]LogConfig: Setting CVar [[gc.IncrementalBeginDestroyEnabled:1]]
[2020.04.09-13.18.27:532][  0]LogConfig: Setting CVar [[gc.CreateGCClusters:1]]
[2020.04.09-13.18.27:532][  0]LogConfig: Setting CVar [[gc.MinGCClusterSize:5]]
[2020.04.09-13.18.27:532][  0]LogConfig: Setting CVar [[gc.ActorClusteringEnabled:0]]
[2020.04.09-13.18.27:532][  0]LogConfig: Setting CVar [[gc.BlueprintClusteringEnabled:0]]
[2020.04.09-13.18.27:532][  0]LogConfig: Setting CVar [[gc.UseDisregardForGCOnDedicatedServers:0]]
[2020.04.09-13.18.27:532][  0]LogConfig: Applying CVar settings from Section [/Script/Engine.NetworkSettings] File [E:/SeniorProject/PollutionProject/SeniorProject/Saved/Config/Windows/Engine.ini]
[2020.04.09-13.18.27:532][  0]LogConfig: Applying CVar settings from Section [/Script/UnrealEd.CookerSettings] File [E:/SeniorProject/PollutionProject/SeniorProject/Saved/Config/Windows/Engine.ini]
[2020.04.09-13.18.27:552][  0]LogConfig: Applying CVar settings from Section [ViewDistanceQuality@3] File [E:/SeniorProject/PollutionProject/SeniorProject/Saved/Config/Windows/Scalability.ini]
[2020.04.09-13.18.27:552][  0]LogConfig: Setting CVar [[r.SkeletalMeshLODBias:0]]
[2020.04.09-13.18.27:552][  0]LogConfig: Setting CVar [[r.ViewDistanceScale:1.0]]
[2020.04.09-13.18.27:552][  0]LogConfig: Applying CVar settings from Section [AntiAliasingQuality@3] File [E:/SeniorProject/PollutionProject/SeniorProject/Saved/Config/Windows/Scalability.ini]
[2020.04.09-13.18.27:552][  0]LogConfig: Setting CVar [[r.PostProcessAAQuality:4]]
[2020.04.09-13.18.27:552][  0]LogConfig: Applying CVar settings from Section [ShadowQuality@3] File [E:/SeniorProject/PollutionProject/SeniorProject/Saved/Config/Windows/Scalability.ini]
[2020.04.09-13.18.27:553][  0]LogConfig: Setting CVar [[r.LightFunctionQuality:1]]
[2020.04.09-13.18.27:553][  0]LogConfig: Setting CVar [[r.ShadowQuality:5]]
[2020.04.09-13.18.27:553][  0]LogConfig: Setting CVar [[r.Shadow.CSM.MaxCascades:10]]
[2020.04.09-13.18.27:553][  0]LogConfig: Setting CVar [[r.Shadow.MaxResolution:2048]]
[2020.04.09-13.18.27:553][  0]LogConfig: Setting CVar [[r.Shadow.MaxCSMResolution:2048]]
[2020.04.09-13.18.27:553][  0]LogConfig: Setting CVar [[r.Shadow.RadiusThreshold:0.01]]
[2020.04.09-13.18.27:553][  0]LogConfig: Setting CVar [[r.Shadow.DistanceScale:1.0]]
[2020.04.09-13.18.27:553][  0]LogConfig: Setting CVar [[r.Shadow.CSM.TransitionScale:1.0]]
[2020.04.09-13.18.27:553][  0]LogConfig: Setting CVar [[r.Shadow.PreShadowResolutionFactor:1.0]]
[2020.04.09-13.18.27:553][  0]LogConfig: Setting CVar [[r.DistanceFieldShadowing:1]]
[2020.04.09-13.18.27:553][  0]LogConfig: Setting CVar [[r.DistanceFieldAO:1]]
[2020.04.09-13.18.27:553][  0]LogConfig: Setting CVar [[r.AOQuality:2]]
[2020.04.09-13.18.27:553][  0]LogConfig: Setting CVar [[r.VolumetricFog:1]]
[2020.04.09-13.18.27:553][  0]LogConfig: Setting CVar [[r.VolumetricFog.GridPixelSize:8]]
[2020.04.09-13.18.27:553][  0]LogConfig: Setting CVar [[r.VolumetricFog.GridSizeZ:128]]
[2020.04.09-13.18.27:553][  0]LogConfig: Setting CVar [[r.VolumetricFog.HistoryMissSupersampleCount:4]]
[2020.04.09-13.18.27:553][  0]LogConfig: Setting CVar [[r.LightMaxDrawDistanceScale:1]]
[2020.04.09-13.18.27:553][  0]LogConfig: Setting CVar [[r.CapsuleShadows:1]]
[2020.04.09-13.18.27:553][  0]LogConfig: Applying CVar settings from Section [PostProcessQuality@3] File [E:/SeniorProject/PollutionProject/SeniorProject/Saved/Config/Windows/Scalability.ini]
[2020.04.09-13.18.27:553][  0]LogConfig: Setting CVar [[r.MotionBlurQuality:4]]
[2020.04.09-13.18.27:553][  0]LogConfig: Setting CVar [[r.AmbientOcclusionMipLevelFactor:0.4]]
[2020.04.09-13.18.27:553][  0]LogConfig: Setting CVar [[r.AmbientOcclusionMaxQuality:100]]
[2020.04.09-13.18.27:553][  0]LogConfig: Setting CVar [[r.AmbientOcclusionLevels:-1]]
[2020.04.09-13.18.27:553][  0]LogConfig: Setting CVar [[r.AmbientOcclusionRadiusScale:1.0]]
[2020.04.09-13.18.27:553][  0]LogConfig: Setting CVar [[r.DepthOfFieldQuality:2]]
[2020.04.09-13.18.27:553][  0]LogConfig: Setting CVar [[r.RenderTargetPoolMin:400]]
[2020.04.09-13.18.27:553][  0]LogConfig: Setting CVar [[r.LensFlareQuality:2]]
[2020.04.09-13.18.27:553][  0]LogConfig: Setting CVar [[r.SceneColorFringeQuality:1]]
[2020.04.09-13.18.27:553][  0]LogConfig: Setting CVar [[r.EyeAdaptationQuality:2]]
[2020.04.09-13.18.27:553][  0]LogConfig: Setting CVar [[r.BloomQuality:5]]
[2020.04.09-13.18.27:553][  0]LogConfig: Setting CVar [[r.FastBlurThreshold:100]]
[2020.04.09-13.18.27:553][  0]LogConfig: Setting CVar [[r.Upscale.Quality:3]]
[2020.04.09-13.18.27:553][  0]LogConfig: Setting CVar [[r.Tonemapper.GrainQuantization:1]]
[2020.04.09-13.18.27:553][  0]LogConfig: Setting CVar [[r.LightShaftQuality:1]]
[2020.04.09-13.18.27:553][  0]LogConfig: Setting CVar [[r.Filter.SizeScale:1]]
[2020.04.09-13.18.27:553][  0]LogConfig: Setting CVar [[r.Tonemapper.Quality:5]]
[2020.04.09-13.18.27:553][  0]LogConfig: Setting CVar [[r.DOF.Gather.AccumulatorQuality:1        ; higher gathering accumulator quality]]
[2020.04.09-13.18.27:553][  0]LogConfig: Setting CVar [[r.DOF.Gather.PostfilterMethod:1          ; Median3x3 postfilering method]]
[2020.04.09-13.18.27:553][  0]LogConfig: Setting CVar [[r.DOF.Gather.EnableBokehSettings:0       ; no bokeh simulation when gathering]]
[2020.04.09-13.18.27:553][  0]LogConfig: Setting CVar [[r.DOF.Gather.RingCount:4                 ; medium number of samples when gathering]]
[2020.04.09-13.18.27:553][  0]LogConfig: Setting CVar [[r.DOF.Scatter.ForegroundCompositing:1    ; additive foreground scattering]]
[2020.04.09-13.18.27:553][  0]LogConfig: Setting CVar [[r.DOF.Scatter.BackgroundCompositing:2    ; additive background scattering]]
[2020.04.09-13.18.27:553][  0]LogConfig: Setting CVar [[r.DOF.Scatter.EnableBokehSettings:1      ; bokeh simulation when scattering]]
[2020.04.09-13.18.27:553][  0]LogConfig: Setting CVar [[r.DOF.Scatter.MaxSpriteRatio:0.1         ; only a maximum of 10% of scattered bokeh]]
[2020.04.09-13.18.27:553][  0]LogConfig: Setting CVar [[r.DOF.Recombine.Quality:1                ; cheap slight out of focus]]
[2020.04.09-13.18.27:553][  0]LogConfig: Setting CVar [[r.DOF.Recombine.EnableBokehSettings:0    ; no bokeh simulation on slight out of focus]]
[2020.04.09-13.18.27:553][  0]LogConfig: Setting CVar [[r.DOF.TemporalAAQuality:1                ; more stable temporal accumulation]]
[2020.04.09-13.18.27:553][  0]LogConfig: Setting CVar [[r.DOF.Kernel.MaxForegroundRadius:0.025]]
[2020.04.09-13.18.27:553][  0]LogConfig: Setting CVar [[r.DOF.Kernel.MaxBackgroundRadius:0.025]]
[2020.04.09-13.18.27:553][  0]LogConfig: Applying CVar settings from Section [TextureQuality@3] File [E:/SeniorProject/PollutionProject/SeniorProject/Saved/Config/Windows/Scalability.ini]
[2020.04.09-13.18.27:553][  0]LogConfig: Setting CVar [[r.Streaming.MipBias:0]]
[2020.04.09-13.18.27:553][  0]LogConfig: Setting CVar [[r.Streaming.AmortizeCPUToGPUCopy:0]]
[2020.04.09-13.18.27:553][  0]LogConfig: Setting CVar [[r.Streaming.MaxNumTexturesToStreamPerFrame:0]]
[2020.04.09-13.18.27:553][  0]LogConfig: Setting CVar [[r.Streaming.Boost:1]]
[2020.04.09-13.18.27:553][  0]LogConfig: Setting CVar [[r.MaxAnisotropy:8]]
[2020.04.09-13.18.27:553][  0]LogConfig: Setting CVar [[r.Streaming.LimitPoolSizeToVRAM:0]]
[2020.04.09-13.18.27:553][  0]LogConfig: Setting CVar [[r.Streaming.PoolSize:1000]]
[2020.04.09-13.18.27:553][  0]LogConfig: Setting CVar [[r.Streaming.MaxEffectiveScreenSize:0]]
[2020.04.09-13.18.27:553][  0]LogConfig: Applying CVar settings from Section [EffectsQuality@3] File [E:/SeniorProject/PollutionProject/SeniorProject/Saved/Config/Windows/Scalability.ini]
[2020.04.09-13.18.27:553][  0]LogConfig: Setting CVar [[r.TranslucencyLightingVolumeDim:64]]
[2020.04.09-13.18.27:553][  0]LogConfig: Setting CVar [[r.RefractionQuality:2]]
[2020.04.09-13.18.27:553][  0]LogConfig: Setting CVar [[r.SSR.Quality:3]]
[2020.04.09-13.18.27:553][  0]LogConfig: Setting CVar [[r.SceneColorFormat:4]]
[2020.04.09-13.18.27:553][  0]LogConfig: Setting CVar [[r.DetailMode:2]]
[2020.04.09-13.18.27:553][  0]LogConfig: Setting CVar [[r.TranslucencyVolumeBlur:1]]
[2020.04.09-13.18.27:553][  0]LogConfig: Setting CVar [[r.MaterialQualityLevel:1 ; High quality]]
[2020.04.09-13.18.27:553][  0]LogConfig: Setting CVar [[r.SSS.Scale:1]]
[2020.04.09-13.18.27:553][  0]LogConfig: Setting CVar [[r.SSS.SampleSet:2]]
[2020.04.09-13.18.27:553][  0]LogConfig: Setting CVar [[r.SSS.Quality:1]]
[2020.04.09-13.18.27:553][  0]LogConfig: Setting CVar [[r.SSS.HalfRes:1]]
[2020.04.09-13.18.27:553][  0]LogConfig: Setting CVar [[r.EmitterSpawnRateScale:1.0]]
[2020.04.09-13.18.27:553][  0]LogConfig: Setting CVar [[r.ParticleLightQuality:2]]
[2020.04.09-13.18.27:553][  0]LogConfig: Applying CVar settings from Section [FoliageQuality@3] File [E:/SeniorProject/PollutionProject/SeniorProject/Saved/Config/Windows/Scalability.ini]
[2020.04.09-13.18.27:553][  0]LogConfig: Setting CVar [[foliage.DensityScale:1.0]]
[2020.04.09-13.18.27:553][  0]LogConfig: Setting CVar [[grass.DensityScale:1.0]]
[2020.04.09-13.18.27:554][  0]LogInit: Selected Device Profile: [Windows]
[2020.04.09-13.18.27:554][  0]LogInit: Applying CVar settings loaded from the selected device profile: [Windows]
[2020.04.09-13.18.27:651][  0]LogHAL: Display: Platform has ~ 16 GB [17116258304 / 17179869184 / 16], which maps to Larger [LargestMinGB=32, LargerMinGB=12, DefaultMinGB=8, SmallerMinGB=6, SmallestMinGB=0)
[2020.04.09-13.18.27:651][  0]LogConfig: Setting CVar [[r.Vulkan.UseRealUBs:0		; Required until we fix HLR fall-out]]
[2020.04.09-13.18.27:651][  0]LogInit: Going up to parent DeviceProfile []
[2020.04.09-13.18.27:651][  0]LogConfig: Applying CVar settings from Section [ViewDistanceQuality@3] File [E:/SeniorProject/PollutionProject/SeniorProject/Saved/Config/Windows/Scalability.ini]
[2020.04.09-13.18.27:651][  0]LogConfig: Setting CVar [[r.SkeletalMeshLODBias:0]]
[2020.04.09-13.18.27:651][  0]LogConfig: Setting CVar [[r.ViewDistanceScale:1.0]]
[2020.04.09-13.18.27:651][  0]LogConfig: Applying CVar settings from Section [AntiAliasingQuality@3] File [E:/SeniorProject/PollutionProject/SeniorProject/Saved/Config/Windows/Scalability.ini]
[2020.04.09-13.18.27:651][  0]LogConfig: Setting CVar [[r.PostProcessAAQuality:4]]
[2020.04.09-13.18.27:651][  0]LogConfig: Applying CVar settings from Section [ShadowQuality@3] File [E:/SeniorProject/PollutionProject/SeniorProject/Saved/Config/Windows/Scalability.ini]
[2020.04.09-13.18.27:651][  0]LogConfig: Setting CVar [[r.LightFunctionQuality:1]]
[2020.04.09-13.18.27:651][  0]LogConfig: Setting CVar [[r.ShadowQuality:5]]
[2020.04.09-13.18.27:651][  0]LogConfig: Setting CVar [[r.Shadow.CSM.MaxCascades:10]]
[2020.04.09-13.18.27:651][  0]LogConfig: Setting CVar [[r.Shadow.MaxResolution:2048]]
[2020.04.09-13.18.27:651][  0]LogConfig: Setting CVar [[r.Shadow.MaxCSMResolution:2048]]
[2020.04.09-13.18.27:651][  0]LogConfig: Setting CVar [[r.Shadow.RadiusThreshold:0.01]]
[2020.04.09-13.18.27:651][  0]LogConfig: Setting CVar [[r.Shadow.DistanceScale:1.0]]
[2020.04.09-13.18.27:651][  0]LogConfig: Setting CVar [[r.Shadow.CSM.TransitionScale:1.0]]
[2020.04.09-13.18.27:651][  0]LogConfig: Setting CVar [[r.Shadow.PreShadowResolutionFactor:1.0]]
[2020.04.09-13.18.27:651][  0]LogConfig: Setting CVar [[r.DistanceFieldShadowing:1]]
[2020.04.09-13.18.27:651][  0]LogConfig: Setting CVar [[r.DistanceFieldAO:1]]
[2020.04.09-13.18.27:651][  0]LogConfig: Setting CVar [[r.AOQuality:2]]
[2020.04.09-13.18.27:651][  0]LogConfig: Setting CVar [[r.VolumetricFog:1]]
[2020.04.09-13.18.27:651][  0]LogConfig: Setting CVar [[r.VolumetricFog.GridPixelSize:8]]
[2020.04.09-13.18.27:651][  0]LogConfig: Setting CVar [[r.VolumetricFog.GridSizeZ:128]]
[2020.04.09-13.18.27:651][  0]LogConfig: Setting CVar [[r.VolumetricFog.HistoryMissSupersampleCount:4]]
[2020.04.09-13.18.27:651][  0]LogConfig: Setting CVar [[r.LightMaxDrawDistanceScale:1]]
[2020.04.09-13.18.27:651][  0]LogConfig: Setting CVar [[r.CapsuleShadows:1]]
[2020.04.09-13.18.27:651][  0]LogConfig: Applying CVar settings from Section [PostProcessQuality@3] File [E:/SeniorProject/PollutionProject/SeniorProject/Saved/Config/Windows/Scalability.ini]
[2020.04.09-13.18.27:651][  0]LogConfig: Setting CVar [[r.MotionBlurQuality:4]]
[2020.04.09-13.18.27:651][  0]LogConfig: Setting CVar [[r.AmbientOcclusionMipLevelFactor:0.4]]
[2020.04.09-13.18.27:651][  0]LogConfig: Setting CVar [[r.AmbientOcclusionMaxQuality:100]]
[2020.04.09-13.18.27:651][  0]LogConfig: Setting CVar [[r.AmbientOcclusionLevels:-1]]
[2020.04.09-13.18.27:651][  0]LogConfig: Setting CVar [[r.AmbientOcclusionRadiusScale:1.0]]
[2020.04.09-13.18.27:651][  0]LogConfig: Setting CVar [[r.DepthOfFieldQuality:2]]
[2020.04.09-13.18.27:651][  0]LogConfig: Setting CVar [[r.RenderTargetPoolMin:400]]
[2020.04.09-13.18.27:651][  0]LogConfig: Setting CVar [[r.LensFlareQuality:2]]
[2020.04.09-13.18.27:651][  0]LogConfig: Setting CVar [[r.SceneColorFringeQuality:1]]
[2020.04.09-13.18.27:651][  0]LogConfig: Setting CVar [[r.EyeAdaptationQuality:2]]
[2020.04.09-13.18.27:651][  0]LogConfig: Setting CVar [[r.BloomQuality:5]]
[2020.04.09-13.18.27:651][  0]LogConfig: Setting CVar [[r.FastBlurThreshold:100]]
[2020.04.09-13.18.27:651][  0]LogConfig: Setting CVar [[r.Upscale.Quality:3]]
[2020.04.09-13.18.27:651][  0]LogConfig: Setting CVar [[r.Tonemapper.GrainQuantization:1]]
[2020.04.09-13.18.27:651][  0]LogConfig: Setting CVar [[r.LightShaftQuality:1]]
[2020.04.09-13.18.27:652][  0]LogConfig: Setting CVar [[r.Filter.SizeScale:1]]
[2020.04.09-13.18.27:652][  0]LogConfig: Setting CVar [[r.Tonemapper.Quality:5]]
[2020.04.09-13.18.27:652][  0]LogConfig: Setting CVar [[r.DOF.Gather.AccumulatorQuality:1        ; higher gathering accumulator quality]]
[2020.04.09-13.18.27:652][  0]LogConfig: Setting CVar [[r.DOF.Gather.PostfilterMethod:1          ; Median3x3 postfilering method]]
[2020.04.09-13.18.27:652][  0]LogConfig: Setting CVar [[r.DOF.Gather.EnableBokehSettings:0       ; no bokeh simulation when gathering]]
[2020.04.09-13.18.27:652][  0]LogConfig: Setting CVar [[r.DOF.Gather.RingCount:4                 ; medium number of samples when gathering]]
[2020.04.09-13.18.27:652][  0]LogConfig: Setting CVar [[r.DOF.Scatter.ForegroundCompositing:1    ; additive foreground scattering]]
[2020.04.09-13.18.27:652][  0]LogConfig: Setting CVar [[r.DOF.Scatter.BackgroundCompositing:2    ; additive background scattering]]
[2020.04.09-13.18.27:652][  0]LogConfig: Setting CVar [[r.DOF.Scatter.EnableBokehSettings:1      ; bokeh simulation when scattering]]
[2020.04.09-13.18.27:652][  0]LogConfig: Setting CVar [[r.DOF.Scatter.MaxSpriteRatio:0.1         ; only a maximum of 10% of scattered bokeh]]
[2020.04.09-13.18.27:652][  0]LogConfig: Setting CVar [[r.DOF.Recombine.Quality:1                ; cheap slight out of focus]]
[2020.04.09-13.18.27:652][  0]LogConfig: Setting CVar [[r.DOF.Recombine.EnableBokehSettings:0    ; no bokeh simulation on slight out of focus]]
[2020.04.09-13.18.27:652][  0]LogConfig: Setting CVar [[r.DOF.TemporalAAQuality:1                ; more stable temporal accumulation]]
[2020.04.09-13.18.27:652][  0]LogConfig: Setting CVar [[r.DOF.Kernel.MaxForegroundRadius:0.025]]
[2020.04.09-13.18.27:652][  0]LogConfig: Setting CVar [[r.DOF.Kernel.MaxBackgroundRadius:0.025]]
[2020.04.09-13.18.27:652][  0]LogConfig: Applying CVar settings from Section [TextureQuality@3] File [E:/SeniorProject/PollutionProject/SeniorProject/Saved/Config/Windows/Scalability.ini]
[2020.04.09-13.18.27:652][  0]LogConfig: Setting CVar [[r.Streaming.MipBias:0]]
[2020.04.09-13.18.27:652][  0]LogConfig: Setting CVar [[r.Streaming.AmortizeCPUToGPUCopy:0]]
[2020.04.09-13.18.27:652][  0]LogConfig: Setting CVar [[r.Streaming.MaxNumTexturesToStreamPerFrame:0]]
[2020.04.09-13.18.27:652][  0]LogConfig: Setting CVar [[r.Streaming.Boost:1]]
[2020.04.09-13.18.27:652][  0]LogConfig: Setting CVar [[r.MaxAnisotropy:8]]
[2020.04.09-13.18.27:652][  0]LogConfig: Setting CVar [[r.Streaming.LimitPoolSizeToVRAM:0]]
[2020.04.09-13.18.27:652][  0]LogConfig: Setting CVar [[r.Streaming.PoolSize:1000]]
[2020.04.09-13.18.27:652][  0]LogConfig: Setting CVar [[r.Streaming.MaxEffectiveScreenSize:0]]
[2020.04.09-13.18.27:652][  0]LogConfig: Applying CVar settings from Section [EffectsQuality@3] File [E:/SeniorProject/PollutionProject/SeniorProject/Saved/Config/Windows/Scalability.ini]
[2020.04.09-13.18.27:652][  0]LogConfig: Setting CVar [[r.TranslucencyLightingVolumeDim:64]]
[2020.04.09-13.18.27:652][  0]LogConfig: Setting CVar [[r.RefractionQuality:2]]
[2020.04.09-13.18.27:652][  0]LogConfig: Setting CVar [[r.SSR.Quality:3]]
[2020.04.09-13.18.27:652][  0]LogConfig: Setting CVar [[r.SceneColorFormat:4]]
[2020.04.09-13.18.27:652][  0]LogConfig: Setting CVar [[r.DetailMode:2]]
[2020.04.09-13.18.27:652][  0]LogConfig: Setting CVar [[r.TranslucencyVolumeBlur:1]]
[2020.04.09-13.18.27:652][  0]LogConfig: Setting CVar [[r.MaterialQualityLevel:1 ; High quality]]
[2020.04.09-13.18.27:652][  0]LogConfig: Setting CVar [[r.SSS.Scale:1]]
[2020.04.09-13.18.27:652][  0]LogConfig: Setting CVar [[r.SSS.SampleSet:2]]
[2020.04.09-13.18.27:652][  0]LogConfig: Setting CVar [[r.SSS.Quality:1]]
[2020.04.09-13.18.27:652][  0]LogConfig: Setting CVar [[r.SSS.HalfRes:1]]
[2020.04.09-13.18.27:652][  0]LogConfig: Setting CVar [[r.EmitterSpawnRateScale:1.0]]
[2020.04.09-13.18.27:652][  0]LogConfig: Setting CVar [[r.ParticleLightQuality:2]]
[2020.04.09-13.18.27:652][  0]LogConfig: Applying CVar settings from Section [FoliageQuality@3] File [E:/SeniorProject/PollutionProject/SeniorProject/Saved/Config/Windows/Scalability.ini]
[2020.04.09-13.18.27:652][  0]LogConfig: Setting CVar [[foliage.DensityScale:1.0]]
[2020.04.09-13.18.27:652][  0]LogConfig: Setting CVar [[grass.DensityScale:1.0]]
[2020.04.09-13.18.27:652][  0]LogConfig: Applying CVar settings from Section [Startup] File [../../../Engine/Config/ConsoleVariables.ini]
[2020.04.09-13.18.27:652][  0]LogConfig: Setting CVar [[net.UseAdaptiveNetUpdateFrequency:0]]
[2020.04.09-13.18.27:652][  0]LogConfig: Setting CVar [[p.chaos.AllowCreatePhysxBodies:1]]
[2020.04.09-13.18.27:652][  0]LogConfig: Applying CVar settings from Section [ConsoleVariables] File [E:/SeniorProject/PollutionProject/SeniorProject/Saved/Config/Windows/Engine.ini]
[2020.04.09-13.18.27:652][  0]LogInit: Computer: GREGSPC
[2020.04.09-13.18.27:652][  0]LogInit: User: Gregory
[2020.04.09-13.18.27:652][  0]LogInit: CPU Page size=4096, Cores=4
[2020.04.09-13.18.27:652][  0]LogInit: High frequency timer resolution =10.000000 MHz
[2020.04.09-13.18.27:653][  0]LogMemory: Memory total: Physical=15.9GB (16GB approx)
[2020.04.09-13.18.27:653][  0]LogMemory: Platform Memory Stats for Windows
[2020.04.09-13.18.27:653][  0]LogMemory: Process Physical Memory: 102.30 MB used, 102.30 MB peak
[2020.04.09-13.18.27:653][  0]LogMemory: Process Virtual Memory: 103.50 MB used, 103.50 MB peak
[2020.04.09-13.18.27:653][  0]LogMemory: Physical Memory: 7637.95 MB used,  8685.39 MB free, 16323.34 MB total
[2020.04.09-13.18.27:653][  0]LogMemory: Virtual Memory: 4670.20 MB used,  134213056.00 MB free, 134217728.00 MB total
[2020.04.09-13.18.27:677][  0]LogInit: Using OS detected language (en-US).
[2020.04.09-13.18.27:677][  0]LogInit: Using OS detected locale (en-US).
[2020.04.09-13.18.27:678][  0]LogTextLocalizationManager: No specific localization for 'en-US' exists, so the 'en' localization will be used.
[2020.04.09-13.18.27:856][  0]LogInit: Setting process to per monitor DPI aware
[2020.04.09-13.18.27:925][  0]LogSlate: New Slate User Created.  User Index 0, Is Virtual User: 0
[2020.04.09-13.18.27:925][  0]LogSlate: Slate User Registered.  User Index 0, Is Virtual User: 0
[2020.04.09-13.18.28:119][  0]LogHMD: Failed to initialize OpenVR with code 126
[2020.04.09-13.18.28:119][  0]LogD3D11RHI: D3D11 adapters:
[2020.04.09-13.18.28:207][  0]LogD3D11RHI:    0. 'NVIDIA GeForce RTX 2080' (Feature Level 11_0)
[2020.04.09-13.18.28:207][  0]LogD3D11RHI:       8010/0/8161 MB DedicatedVideo/DedicatedSystem/SharedSystem, Outputs:4, VendorId:0x10de
[2020.04.09-13.18.28:210][  0]LogD3D11RHI:    1. 'Microsoft Basic Render Driver' (Feature Level 11_0)
[2020.04.09-13.18.28:210][  0]LogD3D11RHI:       0/0/8161 MB DedicatedVideo/DedicatedSystem/SharedSystem, Outputs:0, VendorId:0x1414
[2020.04.09-13.18.28:210][  0]LogD3D11RHI: Chosen D3D11 Adapter: 0
[2020.04.09-13.18.28:224][  0]LogD3D11RHI: Creating new Direct3DDevice
[2020.04.09-13.18.28:225][  0]LogD3D11RHI:     GPU DeviceId: 0x1e87 (for the marketing name, search the web for "GPU Device Id")
[2020.04.09-13.18.28:225][  0]LogWindows: EnumDisplayDevices:
[2020.04.09-13.18.28:225][  0]LogWindows:    0. 'NVIDIA GeForce RTX 2080' (P:1 D:1)
[2020.04.09-13.18.28:225][  0]LogWindows:    1. 'NVIDIA GeForce RTX 2080' (P:0 D:1)
[2020.04.09-13.18.28:225][  0]LogWindows:    2. 'NVIDIA GeForce RTX 2080' (P:0 D:1)
[2020.04.09-13.18.28:226][  0]LogWindows:    3. 'NVIDIA GeForce RTX 2080' (P:0 D:1)
[2020.04.09-13.18.28:226][  0]LogWindows: DebugString: FoundDriverCount:4 
[2020.04.09-13.18.28:226][  0]LogD3D11RHI:     Adapter Name: NVIDIA GeForce RTX 2080
[2020.04.09-13.18.28:226][  0]LogD3D11RHI:   Driver Version: 432.00 (internal:26.21.14.3200, unified:432.00)
[2020.04.09-13.18.28:226][  0]LogD3D11RHI:      Driver Date: 7-24-2019
[2020.04.09-13.18.28:226][  0]LogRHI: Texture pool is 5607 MB (70% of 8010 MB)
[2020.04.09-13.18.28:276][  0]LogD3D11RHI: Async texture creation enabled
[2020.04.09-13.18.28:934][  0]LogRendererCore: FGlobalReadBuffer::InitRHI
[2020.04.09-13.18.28:935][  0]LogRendererCore: FGlobalReadBuffer::InitRHI
[2020.04.09-13.18.28:935][  0]LogRendererCore: FGlobalReadBuffer::InitRHI
[2020.04.09-13.18.28:943][  0]LogD3D11RHI: GPU Timing Frequency: 1000.000000 (Debug: 2 1)
[2020.04.09-13.18.29:416][  0]LogTemp: Display: Module 'AllDesktopTargetPlatform' loaded TargetPlatform 'AllDesktop'
[2020.04.09-13.18.29:428][  0]LogTemp: Display: Module 'MacClientTargetPlatform' loaded TargetPlatform 'MacClient'
[2020.04.09-13.18.29:442][  0]LogTemp: Display: Module 'MacNoEditorTargetPlatform' loaded TargetPlatform 'MacNoEditor'
[2020.04.09-13.18.29:455][  0]LogTemp: Display: Module 'MacServerTargetPlatform' loaded TargetPlatform 'MacServer'
[2020.04.09-13.18.29:470][  0]LogTemp: Display: Module 'MacTargetPlatform' loaded TargetPlatform 'Mac'
[2020.04.09-13.18.29:485][  0]LogTemp: Display: Module 'WindowsClientTargetPlatform' loaded TargetPlatform 'WindowsClient'
[2020.04.09-13.18.29:498][  0]LogTemp: Display: Module 'WindowsNoEditorTargetPlatform' loaded TargetPlatform 'WindowsNoEditor'
[2020.04.09-13.18.29:511][  0]LogTemp: Display: Module 'WindowsServerTargetPlatform' loaded TargetPlatform 'WindowsServer'
[2020.04.09-13.18.29:519][  0]LogTemp: Display: Module 'WindowsTargetPlatform' loaded TargetPlatform 'Windows'
[2020.04.09-13.18.29:592][  0]LogTemp: Display: Module 'AndroidTargetPlatform' loaded TargetPlatform 'Android'
[2020.04.09-13.18.29:592][  0]LogTemp: Display: Module 'AndroidTargetPlatform' loaded TargetPlatform 'Android_ASTC'
[2020.04.09-13.18.29:592][  0]LogTemp: Display: Module 'AndroidTargetPlatform' loaded TargetPlatform 'Android_ATC'
[2020.04.09-13.18.29:592][  0]LogTemp: Display: Module 'AndroidTargetPlatform' loaded TargetPlatform 'Android_DXT'
[2020.04.09-13.18.29:592][  0]LogTemp: Display: Module 'AndroidTargetPlatform' loaded TargetPlatform 'Android_ETC1'
[2020.04.09-13.18.29:592][  0]LogTemp: Display: Module 'AndroidTargetPlatform' loaded TargetPlatform 'Android_ETC1a'
[2020.04.09-13.18.29:592][  0]LogTemp: Display: Module 'AndroidTargetPlatform' loaded TargetPlatform 'Android_ETC2'
[2020.04.09-13.18.29:592][  0]LogTemp: Display: Module 'AndroidTargetPlatform' loaded TargetPlatform 'Android_PVRTC'
[2020.04.09-13.18.29:592][  0]LogTemp: Display: Module 'AndroidTargetPlatform' loaded TargetPlatform 'AndroidClient'
[2020.04.09-13.18.29:592][  0]LogTemp: Display: Module 'AndroidTargetPlatform' loaded TargetPlatform 'Android_ASTCClient'
[2020.04.09-13.18.29:592][  0]LogTemp: Display: Module 'AndroidTargetPlatform' loaded TargetPlatform 'Android_ATCClient'
[2020.04.09-13.18.29:592][  0]LogTemp: Display: Module 'AndroidTargetPlatform' loaded TargetPlatform 'Android_DXTClient'
[2020.04.09-13.18.29:592][  0]LogTemp: Display: Module 'AndroidTargetPlatform' loaded TargetPlatform 'Android_ETC1Client'
[2020.04.09-13.18.29:592][  0]LogTemp: Display: Module 'AndroidTargetPlatform' loaded TargetPlatform 'Android_ETC1aClient'
[2020.04.09-13.18.29:592][  0]LogTemp: Display: Module 'AndroidTargetPlatform' loaded TargetPlatform 'Android_ETC2Client'
[2020.04.09-13.18.29:592][  0]LogTemp: Display: Module 'AndroidTargetPlatform' loaded TargetPlatform 'Android_PVRTCClient'
[2020.04.09-13.18.29:592][  0]LogTemp: Display: Module 'AndroidTargetPlatform' loaded TargetPlatform 'Android_Multi'
[2020.04.09-13.18.29:592][  0]LogTemp: Display: Module 'AndroidTargetPlatform' loaded TargetPlatform 'Android_MultiClient'
[2020.04.09-13.18.29:594][  0]LogTemp: Display: Module 'HTML5TargetPlatform' loaded TargetPlatform 'HTML5'
[2020.04.09-13.18.29:641][  0]LogTemp: Display: Module 'IOSTargetPlatform' loaded TargetPlatform 'IOSClient'
[2020.04.09-13.18.29:641][  0]LogTemp: Display: Module 'IOSTargetPlatform' loaded TargetPlatform 'IOS'
[2020.04.09-13.18.29:664][  0]LogTemp: Display: Module 'TVOSTargetPlatform' loaded TargetPlatform 'TVOSClient'
[2020.04.09-13.18.29:664][  0]LogTemp: Display: Module 'TVOSTargetPlatform' loaded TargetPlatform 'TVOS'
[2020.04.09-13.18.29:676][  0]LogTemp: Display: Module 'LinuxClientTargetPlatform' loaded TargetPlatform 'LinuxClient'
[2020.04.09-13.18.29:687][  0]LogTemp: Display: Module 'LinuxNoEditorTargetPlatform' loaded TargetPlatform 'LinuxNoEditor'
[2020.04.09-13.18.29:701][  0]LogTemp: Display: Module 'LinuxServerTargetPlatform' loaded TargetPlatform 'LinuxServer'
[2020.04.09-13.18.29:712][  0]LogTemp: Display: Module 'LinuxTargetPlatform' loaded TargetPlatform 'Linux'
[2020.04.09-13.18.29:753][  0]LogTemp: Display: Module 'LuminTargetPlatform' loaded TargetPlatform 'Lumin'
[2020.04.09-13.18.29:754][  0]LogTemp: Display: Module 'LuminTargetPlatform' loaded TargetPlatform 'LuminClient'
[2020.04.09-13.18.29:754][  0]LogTargetPlatformManager: Display: Building Assets For Windows
[2020.04.09-13.18.29:763][  0]LogAudioDebug: Display: Lib vorbis DLL was dynamically loaded.
[2020.04.09-13.18.29:824][  0]LogShaderCompilers: Guid format shader working directory is 0 characters bigger than the processId version (E:/SeniorProject/PollutionProject/SeniorProject/Intermediate/Shaders/WorkingDirectory/13796/).
[2020.04.09-13.18.29:824][  0]LogShaderCompilers: Cleaned the shader compiler working directory 'C:/Users/Gregory/AppData/Local/Temp/UnrealShaderWorkingDir/97636963495A44F5112BA78FBEF03E4F/'.
[2020.04.09-13.18.29:827][  0]LogXGEController: Cannot use XGE Controller as Incredibuild is not installed on this machine.
[2020.04.09-13.18.29:827][  0]LogShaderCompilers: Cannot use XGE Shader Compiler as Incredibuild is not installed on this machine.
[2020.04.09-13.18.29:827][  0]LogShaderCompilers: Display: Using Local Shader Compiler.
[2020.04.09-13.18.30:339][  0]LogDerivedDataCache: Display: Max Cache Size: 512 MB
[2020.04.09-13.18.30:413][  0]LogDerivedDataCache: Loaded boot cache 0.07s 73MB C:/Users/Gregory/AppData/Local/UnrealEngine/4.22/DerivedDataCache/Boot.ddc.
[2020.04.09-13.18.30:414][  0]LogDerivedDataCache: Display: Loaded Boot cache: C:/Users/Gregory/AppData/Local/UnrealEngine/4.22/DerivedDataCache/Boot.ddc
[2020.04.09-13.18.30:414][  0]LogDerivedDataCache: FDerivedDataBackendGraph:  Pak pak cache file E:/SeniorProject/PollutionProject/SeniorProject/DerivedDataCache/DDC.ddp not found, will not use a pak cache.
[2020.04.09-13.18.30:414][  0]LogDerivedDataCache: Unable to find inner node Pak for hierarchical cache Hierarchy.
[2020.04.09-13.18.30:414][  0]LogDerivedDataCache: FDerivedDataBackendGraph:  CompressedPak pak cache file E:/SeniorProject/PollutionProject/SeniorProject/DerivedDataCache/Compressed.ddp not found, will not use a pak cache.
[2020.04.09-13.18.30:414][  0]LogDerivedDataCache: Unable to find inner node CompressedPak for hierarchical cache Hierarchy.
[2020.04.09-13.18.30:427][  0]LogDerivedDataCache: Display: Pak cache opened for reading ../../../Engine/DerivedDataCache/Compressed.ddp.
[2020.04.09-13.18.30:429][  0]LogDerivedDataCache: Display: Pak cache opened for reading ../../../Enterprise/DerivedDataCache/Compressed.ddp.
[2020.04.09-13.18.30:442][  0]LogDerivedDataCache: Using Local data cache path C:/Users/Gregory/AppData/Local/UnrealEngine/Common/DerivedDataCache: Writable
[2020.04.09-13.18.30:442][  0]LogDerivedDataCache: Shared data cache path not found in *engine.ini, will not use an Shared cache.
[2020.04.09-13.18.30:442][  0]LogDerivedDataCache: Unable to find inner node Shared for hierarchical cache Hierarchy.
[2020.04.09-13.18.30:463][  0]LogMaterial: Verifying Global Shaders for PCD3D_SM5
[2020.04.09-13.18.30:464][  0]LogSlate: Using FreeType 2.6.0
[2020.04.09-13.18.30:465][  0]LogSlate: SlateFontServices - WITH_FREETYPE: 1, WITH_HARFBUZZ: 1
[2020.04.09-13.18.30:547][  0]LogAssetRegistry: FAssetRegistry took 0.0321 seconds to start up
[2020.04.09-13.18.30:847][  0]LogInit: Selected Device Profile: [Windows]
[2020.04.09-13.18.30:977][  0]LogMeshReduction: Using QuadricMeshReduction for automatic static mesh reduction
[2020.04.09-13.18.30:978][  0]LogMeshReduction: Using SimplygonMeshReduction for automatic skeletal mesh reduction
[2020.04.09-13.18.30:978][  0]LogMeshReduction: Using ProxyLODMeshReduction for automatic mesh merging
[2020.04.09-13.18.30:978][  0]LogMeshReduction: No distributed automatic mesh merging module available
[2020.04.09-13.18.30:978][  0]LogMeshMerging: No distributed automatic mesh merging module available
[2020.04.09-13.18.30:990][  0]LogNetVersion: SeniorProject 1.0.0, NetCL: 5660361, EngineNetVer: 10, GameNetVer: 0 (Checksum: 993350713)
[2020.04.09-13.18.31:587][  0]LogPackageLocalizationCache: Processed 16 localized package path(s) for 1 prioritized culture(s) in 0.059724 seconds
[2020.04.09-13.18.31:593][  0]LogUObjectArray: 42205 objects as part of root set at end of initial load.
[2020.04.09-13.18.31:593][  0]LogUObjectAllocator: 7325032 out of 0 bytes used by permanent object pool.
[2020.04.09-13.18.31:593][  0]LogUObjectArray: CloseDisregardForGC: 0/0 objects in disregard for GC pool
[2020.04.09-13.18.32:364][  0]LogTcpMessaging: Initializing TcpMessaging bridge
[2020.04.09-13.18.32:378][  0]LogUdpMessaging: Initializing bridge on interface 0.0.0.0:0 to multicast group 230.0.0.1:6666.
[2020.04.09-13.27.26:371][  0]LogStats: FPlatformStackWalk::StackWalkAndDump - 533.230 s
[2020.04.09-13.27.26:411][  0]LogOutputDevice: Error: === Handled ensure: ===
[2020.04.09-13.27.26:411][  0]LogOutputDevice: Error: 
[2020.04.09-13.27.26:411][  0]LogOutputDevice: Error: Ensure condition failed: AttachmentRules.LocationRule == EAttachmentRule::KeepRelative && AttachmentRules.RotationRule == EAttachmentRule::KeepRelative && AttachmentRules.ScaleRule == EAttachmentRule::KeepRelative [File:D:\Build\++UE4\Sync\Engine\Source\Runtime\Engine\Private\Components\SceneComponent.cpp] [Line: 1786]
[2020.04.09-13.27.26:411][  0]LogOutputDevice: Error: AttachToComponent when called from a constructor is only setting up attachment and will always be treated as KeepRelative. Consider calling SetupAttachment directly instead.
[2020.04.09-13.27.26:411][  0]LogOutputDevice: Error: Stack: 
[2020.04.09-13.27.26:411][  0]LogOutputDevice: Error: [Callstack] 0x00007ffdccd5cd89 UE4Editor-Engine.dll!DispatchCheckVerify<bool,<lambda_2fa4c8014e6e2d59bee8e8ac7e5934f3> >() [d:\build\++ue4\sync\engine\source\runtime\core\public\misc\assertionmacros.h:161]
[2020.04.09-13.27.26:411][  0]LogOutputDevice: Error: [Callstack] 0x00007ffdcbb94fa1 UE4Editor-Engine.dll!USceneComponent::AttachToComponent() [d:\build\++ue4\sync\engine\source\runtime\engine\private\components\scenecomponent.cpp:1786]
[2020.04.09-13.27.26:411][  0]LogOutputDevice: Error: [Callstack] 0x00007ffda4e755cd UE4Editor-SeniorProject-4274.dll!AFirstPersonCharacter::AFirstPersonCharacter() [E:\SeniorProject\PollutionProject\SeniorProject\Source\SeniorProject\Private\FirstPersonCharacter.cpp:507]
[2020.04.09-13.27.26:411][  0]LogOutputDevice: Error: [Callstack] 0x00007ffdce9d610f UE4Editor-CoreUObject.dll!UClass::CreateDefaultObject() [d:\build\++ue4\sync\engine\source\runtime\coreuobject\private\uobject\class.cpp:3076]
[2020.04.09-13.27.26:411][  0]LogOutputDevice: Error: [Callstack] 0x00007ffdcec11056 UE4Editor-CoreUObject.dll!UObjectLoadAllCompiledInDefaultProperties() [d:\build\++ue4\sync\engine\source\runtime\coreuobject\private\uobject\uobjectbase.cpp:793]
[2020.04.09-13.27.26:411][  0]LogOutputDevice: Error: [Callstack] 0x00007ffdcebfedef UE4Editor-CoreUObject.dll!ProcessNewlyLoadedUObjects() [d:\build\++ue4\sync\engine\source\runtime\coreuobject\private\uobject\uobjectbase.cpp:869]
[2020.04.09-13.27.26:411][  0]LogOutputDevice: Error: [Callstack] 0x00007ffdce9da727 UE4Editor-CoreUObject.dll!TBaseStaticDelegateInstance<void __cdecl(void)>::ExecuteIfSafe() [d:\build\++ue4\sync\engine\source\runtime\core\public\delegates\delegateinstancesimpl.h:813]
[2020.04.09-13.27.26:411][  0]LogOutputDevice: Error: [Callstack] 0x00007ffdce024a2b UE4Editor-Core.dll!TBaseMulticastDelegate<void>::Broadcast() [d:\build\++ue4\sync\engine\source\runtime\core\public\delegates\delegatesignatureimpl.inl:977]
[2020.04.09-13.27.26:411][  0]LogOutputDevice: Error: [Callstack] 0x00007ffdce1f5cb5 UE4Editor-Core.dll!FModuleManager::LoadModuleWithFailureReason() [d:\build\++ue4\sync\engine\source\runtime\core\private\modules\modulemanager.cpp:530]
[2020.04.09-13.27.26:411][  0]LogOutputDevice: Error: [Callstack] 0x00007ffe27da8d67 UE4Editor-Projects.dll!FModuleDescriptor::LoadModulesForPhase() [d:\build\++ue4\sync\engine\source\runtime\projects\private\moduledescriptor.cpp:596]
[2020.04.09-13.27.26:411][  0]LogOutputDevice: Error: [Callstack] 0x00007ffe27da8ff7 UE4Editor-Projects.dll!FProjectManager::LoadModulesForProject() [d:\build\++ue4\sync\engine\source\runtime\projects\private\projectmanager.cpp:63]
[2020.04.09-13.27.26:411][  0]LogOutputDevice: Error: [Callstack] 0x00007ff7f0657eb1 UE4Editor.exe!FEngineLoop::LoadStartupModules() [d:\build\++ue4\sync\engine\source\runtime\launch\private\launchengineloop.cpp:3135]
[2020.04.09-13.27.26:411][  0]LogOutputDevice: Error: [Callstack] 0x00007ff7f065d671 UE4Editor.exe!FEngineLoop::PreInit() [d:\build\++ue4\sync\engine\source\runtime\launch\private\launchengineloop.cpp:2536]
[2020.04.09-13.27.26:411][  0]LogOutputDevice: Error: [Callstack] 0x00007ff7f0655377 UE4Editor.exe!GuardedMain() [d:\build\++ue4\sync\engine\source\runtime\launch\private\launch.cpp:129]
[2020.04.09-13.27.26:411][  0]LogOutputDevice: Error: [Callstack] 0x00007ff7f06555ca UE4Editor.exe!GuardedMainWrapper() [d:\build\++ue4\sync\engine\source\runtime\launch\private\windows\launchwindows.cpp:145]
[2020.04.09-13.27.26:411][  0]LogOutputDevice: Error: [Callstack] 0x00007ff7f066316c UE4Editor.exe!WinMain() [d:\build\++ue4\sync\engine\source\runtime\launch\private\windows\launchwindows.cpp:275]
[2020.04.09-13.27.26:411][  0]LogOutputDevice: Error: [Callstack] 0x00007ff7f0665b8e UE4Editor.exe!__scrt_common_main_seh() [d:\agent\_work\3\s\src\vctools\crt\vcstartup\src\startup\exe_common.inl:288]
[2020.04.09-13.27.26:411][  0]LogOutputDevice: Error: [Callstack] 0x00007ffe3e227bd4 KERNEL32.DLL!UnknownFunction []
[2020.04.09-13.27.26:411][  0]LogOutputDevice: Error: [Callstack] 0x00007ffe3f3cced1 ntdll.dll!UnknownFunction []
[2020.04.09-13.27.26:411][  0]LogOutputDevice: Error: 
[2020.04.09-13.27.26:422][  0]LogStats:                SubmitErrorReport -  0.000 s
[2020.04.09-13.27.34:815][  0]LogStats:                    SendNewReport -  8.393 s
[2020.04.09-13.27.34:815][  0]LogStats:             FDebug::EnsureFailed - 541.674 s
[2020.04.09-13.27.40:861][  0]SourceControl: Source control is disabled
[2020.04.09-13.28.10:401][  0]LogAndroidPermission: UAndroidPermissionCallbackProxy::GetInstance
[2020.04.09-13.28.12:582][  0]LogOcInput: OculusInput pre-init called
[2020.04.09-13.30.32:097][  0]LogWindows: Failed to load 'libalias_api.dll' (GetLastError=126)
[2020.04.09-13.30.32:097][  0]LogWindows: File 'libalias_api.dll' does not exist
[2020.04.09-13.30.32:099][  0]LogWindows: Failed to load 'libalias_api.dll' (GetLastError=126)
[2020.04.09-13.30.32:099][  0]LogWindows: File 'libalias_api.dll' does not exist
[2020.04.09-13.30.34:490][  0]LogEngine: Initializing Engine...
[2020.04.09-13.30.34:901][  0]LogHMD: Failed to initialize OpenVR with code 126
[2020.04.09-13.30.34:946][  0]LogStats: UGameplayTagsManager::InitializeManager -  0.009 s
[2020.04.09-13.30.36:232][  0]LogInit: Initializing FReadOnlyCVARCache
[2020.04.09-13.30.37:137][  0]LogAIModule: Creating AISystem for world Untitled
[2020.04.09-13.30.37:813][  0]LogInit: XAudio2 using 'Headset Earphone (2- Corsair HS70 Wireless Gaming Headset)' : 2 channels at 48 kHz using 16 bits per sample (channel mask 0x3)
[2020.04.09-13.30.37:903][  0]LogInit: FAudioDevice initialized.
[2020.04.09-13.30.37:917][  0]LogNetVersion: Set ProjectVersion to 1.0.0.0. Version Checksum will be recalculated on next use.
[2020.04.09-13.30.38:168][  0]LogDerivedDataCache: Saved boot cache 0.25s 73MB C:/Users/Gregory/AppData/Local/UnrealEngine/4.22/DerivedDataCache/Boot.ddc.
[2020.04.09-13.30.38:179][  0]LogInit: Texture streaming: Enabled
[2020.04.09-13.30.38:425][  0]LogEngineSessionManager: EngineSessionManager initialized
[2020.04.09-13.30.38:679][  0]LogInit: Transaction tracking system initialized
[2020.04.09-13.30.39:091][  0]BlueprintLog: New page: Editor Load
[2020.04.09-13.30.40:597][  0]LocalizationService: Localization service is disabled
[2020.04.09-13.30.47:708][  0]LogFileCache: Scanning file cache for directory 'E:/SeniorProject/PollutionProject/SeniorProject/Content/' took 0.04s
[2020.04.09-13.30.47:709][  0]LogCook: Display: Max memory allowance for cook 16384mb min free memory 0mb
[2020.04.09-13.30.47:739][  0]LogCook: Display: Mobile HDR setting 1
[2020.04.09-13.31.02:026][  0]Cmd: MAP LOAD FILE="E:/SeniorProject/PollutionProject/SeniorProject/Content/Levels/GreyBoxLVL4.umap" TEMPLATE=0 SHOWPROGRESS=1 FEATURELEVEL=3
[2020.04.09-13.31.02:091][  0]LightingResults: New page: Lighting Build
[2020.04.09-13.31.02:576][  0]MapCheck: New page: Map Check
[2020.04.09-13.31.02:576][  0]LightingResults: New page: Lighting Build
[2020.04.09-13.31.03:532][  0]LogUObjectHash: Compacting FUObjectHashTables data took   1.59ms
[2020.04.09-13.31.06:937][  0]LogLinker: Warning: Asset 'E:/SeniorProject/PollutionProject/SeniorProject/Content/Materials/MF_ConvolveTexture.uasset' has been saved with empty engine version. The asset will be loaded but may be incompatible.
[2020.04.09-13.31.06:939][  0]LogLinker: Warning: Asset 'E:/SeniorProject/PollutionProject/SeniorProject/Content/Materials/MF_ExtractDepth.uasset' has been saved with empty engine version. The asset will be loaded but may be incompatible.
[2020.04.09-13.31.06:940][  0]LogLinker: Warning: Asset 'E:/SeniorProject/PollutionProject/SeniorProject/Content/Materials/MF_SampleSceneTextureNeighbourUVs.uasset' has been saved with empty engine version. The asset will be loaded but may be incompatible.
[2020.04.09-13.31.29:726][  0]LogTexture: Display: Building textures: Texture2D_0 (BGRA8, 128X128)
[2020.04.09-13.31.29:727][  0]LogTexture: Display: Building textures: Texture2D_1 (BGRA8, 128X128)
[2020.04.09-13.31.29:727][  0]LogTexture: Display: Building textures: Texture2D_14 (BGRA8, 128X128)
[2020.04.09-13.31.29:727][  0]LogTexture: Display: Building textures: Texture2D_13 (BGRA8, 128X128)
[2020.04.09-13.31.29:727][  0]LogTexture: Display: Building textures: Texture2D_15 (BGRA8, 128X128)
[2020.04.09-13.31.29:727][  0]LogTexture: Display: Building textures: Texture2D_18 (BGRA8, 128X128)
[2020.04.09-13.31.29:727][  0]LogTexture: Display: Building textures: Texture2D_19 (BGRA8, 128X128)
[2020.04.09-13.31.29:727][  0]LogTexture: Display: Building textures: Texture2D_20 (BGRA8, 128X128)
[2020.04.09-13.31.29:727][  0]LogTexture: Display: Building textures: Texture2D_2 (BGRA8, 128X128)
[2020.04.09-13.31.29:727][  0]LogTexture: Display: Building textures: Texture2D_17 (BGRA8, 128X128)
[2020.04.09-13.31.29:727][  0]LogTexture: Display: Building textures: Texture2D_4 (BGRA8, 128X128)
[2020.04.09-13.31.29:727][  0]LogTexture: Display: Building textures: Texture2D_3 (BGRA8, 128X128)
[2020.04.09-13.31.29:727][  0]LogTexture: Display: Building textures: Texture2D_5 (BGRA8, 128X128)
[2020.04.09-13.31.29:727][  0]LogTexture: Display: Building textures: Texture2D_6 (BGRA8, 128X128)
[2020.04.09-13.31.29:727][  0]LogTexture: Display: Building textures: Texture2D_7 (BGRA8, 128X128)
[2020.04.09-13.31.29:727][  0]LogTexture: Display: Building textures: Texture2D_85 (BGRA8, 128X128)
[2020.04.09-13.31.29:727][  0]LogTexture: Display: Building textures: Texture2D_90 (BGRA8, 128X128)
[2020.04.09-13.31.29:727][  0]LogTexture: Display: Building textures: Texture2D_9 (BGRA8, 128X128)
[2020.04.09-13.31.29:727][  0]LogTexture: Display: Building textures: Texture2D_92 (BGRA8, 128X128)
[2020.04.09-13.31.29:727][  0]LogTexture: Display: Building textures: Texture2D_88 (BGRA8, 128X128)
[2020.04.09-13.31.29:727][  0]LogTexture: Display: Building textures: Texture2D_89 (BGRA8, 128X128)
[2020.04.09-13.31.29:727][  0]LogTexture: Display: Building textures: Sand_001_NRM (BC5, 2048X2048)
[2020.04.09-13.31.29:727][  0]LogTexture: Display: Building textures: Sand_001_COLOR (AutoDXT, 2048X2048)
[2020.04.09-13.31.29:727][  0]LogTexture: Display: Building textures: FlatRock_low_Material__2_OcclusionRoughnessMetallic (AutoDXT, 2048X2048)
[2020.04.09-13.31.29:727][  0]LogTexture: Display: Building textures: FlatRock_low_Material__2_Normal (BC5, 2048X2048)
[2020.04.09-13.31.29:727][  0]LogTexture: Display: Building textures: FlatRock_low_Material__2_BaseColor (AutoDXT, 2048X2048)
[2020.04.09-13.31.29:727][  0]LogStaticMesh: Building static mesh GroundLeaves01Low...
[2020.04.09-13.31.30:376][  0]LogStaticMesh: Built static mesh [0.68s] /Game/Assets/Trees/Goundleaves/GroundLeaves01Low/GroundLeaves01Low.GroundLeaves01Low
[2020.04.09-13.31.31:616][  0]LogMaterial: Display: Missing cached shader map for material TerrainMat, compiling. 
[2020.04.09-13.31.33:090][  0]LogMeshUtilities: Finished distance field build in 2.1s - 8x8x8 distance field, 964 triangles, Range [0.0, 1.0], GroundLeaves01Low
[2020.04.09-13.31.33:090][  0]LogMaterial: Display: Missing cached shader map for material TerrainMat, compiling. 
[2020.04.09-13.31.33:124][  0]LogMaterial: Display: Missing cached shader map for material TerrainMat, compiling. 
[2020.04.09-13.31.33:156][  0]LogMaterial: Display: Missing cached shader map for material TerrainMat, compiling. 
[2020.04.09-13.31.33:190][  0]LogMaterial: Display: Missing cached shader map for material TerrainMat, compiling. 
[2020.04.09-13.31.33:224][  0]LogMaterial: Display: Missing cached shader map for material TerrainMat, compiling. 
[2020.04.09-13.31.33:331][  0]LogMaterial: Display: Missing cached shader map for material TerrainMat, compiling. 
[2020.04.09-13.31.33:365][  0]LogMaterial: Display: Missing cached shader map for material TerrainMat, compiling. 
[2020.04.09-13.31.33:406][  0]LogMaterial: Display: Missing cached shader map for material TerrainMat, compiling. 
[2020.04.09-13.31.48:738][  0]LogShaderCompilers: Display: Shaders left to compile 480
[2020.04.09-13.31.48:738][  0]LogShaderCompilers: Display: Shaders left to compile 470
[2020.04.09-13.31.48:738][  0]LogStaticMesh: Building static mesh FlatRock_low...
[2020.04.09-13.31.48:815][  0]LogStaticMesh: Built static mesh [0.08s] /Game/Assets/Rocks/FlatRock_low.FlatRock_low
[2020.04.09-13.32.17:088][  0]LogShaderCompilers: Display: Shaders left to compile 460
[2020.04.09-13.32.17:088][  0]LogShaderCompilers: Display: Shaders left to compile 450
[2020.04.09-13.32.17:088][  0]LogShaderCompilers: Display: Shaders left to compile 440
[2020.04.09-13.32.17:088][  0]LogMeshUtilities: Finished distance field build in 7.5s - 64x64x60 distance field, 3588 triangles, Range [-0.2, 0.8], FlatRock_low
[2020.04.09-13.32.17:088][  0]LogShaderCompilers: Display: Shaders left to compile 430
[2020.04.09-13.32.17:088][  0]LogShaderCompilers: Display: Shaders left to compile 420
[2020.04.09-13.32.17:088][  0]LogShaderCompilers: Display: Shaders left to compile 410
[2020.04.09-13.32.17:088][  0]LogShaderCompilers: Display: Shaders left to compile 400
[2020.04.09-13.32.17:088][  0]LogShaderCompilers: Display: Shaders left to compile 390
[2020.04.09-13.32.17:088][  0]LogShaderCompilers: Display: Shaders left to compile 380
[2020.04.09-13.32.17:088][  0]LogShaderCompilers: Display: Shaders left to compile 370
[2020.04.09-13.32.17:088][  0]LogShaderCompilers: Display: Shaders left to compile 360
[2020.04.09-13.32.17:088][  0]LogShaderCompilers: Display: Shaders left to compile 350
[2020.04.09-13.32.17:088][  0]LogShaderCompilers: Display: Shaders left to compile 340
[2020.04.09-13.32.17:089][  0]LogShaderCompilers: Display: Shaders left to compile 330
[2020.04.09-13.32.17:089][  0]LogShaderCompilers: Display: Shaders left to compile 320
[2020.04.09-13.32.17:089][  0]LogShaderCompilers: Display: Shaders left to compile 310
[2020.04.09-13.32.17:089][  0]LogShaderCompilers: Display: Shaders left to compile 300
[2020.04.09-13.32.17:089][  0]LogShaderCompilers: Display: Shaders left to compile 290
[2020.04.09-13.32.17:089][  0]LogShaderCompilers: Display: Shaders left to compile 280
[2020.04.09-13.32.17:089][  0]LogShaderCompilers: Display: Shaders left to compile 270
[2020.04.09-13.32.17:089][  0]LogShaderCompilers: Display: Shaders left to compile 260
[2020.04.09-13.32.17:089][  0]LogShaderCompilers: Display: Shaders left to compile 250
[2020.04.09-13.32.17:089][  0]LogMaterial: Display: Missing cached shader map for material M_Rock02, compiling. 
[2020.04.09-13.32.20:042][  0]LogAIModule: Creating AISystem for world GreyBoxLVL4
[2020.04.09-13.32.25:990][  0]LogEditorServer: Finished looking for orphan Actors (0.002 secs)
[2020.04.09-13.32.26:960][  0]LogUObjectHash: Compacting FUObjectHashTables data took   9.02ms
[2020.04.09-13.32.26:981][  0]Cmd: MAP CHECKDEP NOCLEARLOG
[2020.04.09-13.32.27:003][  0]MapCheck: Map check complete: 0 Error(s), 0 Warning(s), took 13.385ms to complete.
[2020.04.09-13.32.27:013][  0]LogFileHelpers: Loading map 'GreyBoxLVL4' took 85.004
[2020.04.09-13.32.31:042][  0]LogSlate: Updating window title bar state: overlay mode, drag disabled, window buttons hidden, title bar hidden
[2020.04.09-13.32.31:060][  0]LogSlate: Updating window title bar state: overlay mode, drag disabled, window buttons hidden, title bar hidden
[2020.04.09-13.32.31:077][  0]LogSlate: Updating window title bar state: overlay mode, drag disabled, window buttons hidden, title bar hidden
[2020.04.09-13.32.31:092][  0]LogSlate: Updating window title bar state: overlay mode, drag disabled, window buttons hidden, title bar hidden
[2020.04.09-13.32.31:313][  0]LogCollectionManager: Loaded 0 collections in 0.005706 seconds
[2020.04.09-13.32.31:487][  0]LogFileCache: Scanning file cache for directory 'E:/SeniorProject/PollutionProject/SeniorProject/Saved/Collections/' took 0.01s
[2020.04.09-13.32.31:487][  0]LogFileCache: Scanning file cache for directory 'E:/SeniorProject/PollutionProject/SeniorProject/Content/Developers/Gregory/Collections/' took 0.01s
[2020.04.09-13.32.31:487][  0]LogFileCache: Scanning file cache for directory 'E:/SeniorProject/PollutionProject/SeniorProject/Content/Collections/' took 0.00s
[2020.04.09-13.32.31:487][  0]LogCollectionManager: Rebuilt the GUID cache for 0 collections in 0.000001 seconds
[2020.04.09-13.32.31:529][  0]LogContentBrowser: Native class hierarchy populated in 0.0396 seconds. Added 2876 classes and 729 folders.
[2020.04.09-13.32.31:666][  0]LogContentBrowser: Native class hierarchy updated for 'WidgetCarousel' in 0.0008 seconds. Added 0 classes and 0 folders.
[2020.04.09-13.32.31:785][  0]LogPakFile: Registered encryption key '00000000000000000000000000000000': 0 pak files mounted, 0 remain pending
[2020.04.09-13.32.31:946][  0]LogPakFile: Registered encryption key '00000000000000000000000000000000': 0 pak files mounted, 0 remain pending
[2020.04.09-13.32.32:010][  0]LogPakFile: Registered encryption key '00000000000000000000000000000000': 0 pak files mounted, 0 remain pending
[2020.04.09-13.32.32:046][  0]LogPakFile: Registered encryption key '00000000000000000000000000000000': 0 pak files mounted, 0 remain pending
[2020.04.09-13.32.32:072][  0]LogPakFile: Registered encryption key '00000000000000000000000000000000': 0 pak files mounted, 0 remain pending
[2020.04.09-13.32.32:097][  0]LogPakFile: Registered encryption key '00000000000000000000000000000000': 0 pak files mounted, 0 remain pending
[2020.04.09-13.32.32:117][  0]LogPakFile: Registered encryption key '00000000000000000000000000000000': 0 pak files mounted, 0 remain pending
[2020.04.09-13.32.32:148][  0]LogPakFile: Registered encryption key '00000000000000000000000000000000': 0 pak files mounted, 0 remain pending
[2020.04.09-13.32.32:170][  0]LogPakFile: Registered encryption key '00000000000000000000000000000000': 0 pak files mounted, 0 remain pending
[2020.04.09-13.32.32:217][  0]LogPakFile: Registered encryption key '00000000000000000000000000000000': 0 pak files mounted, 0 remain pending
[2020.04.09-13.32.32:244][  0]LogPakFile: Registered encryption key '00000000000000000000000000000000': 0 pak files mounted, 0 remain pending
[2020.04.09-13.32.32:271][  0]LogPakFile: Registered encryption key '00000000000000000000000000000000': 0 pak files mounted, 0 remain pending
[2020.04.09-13.32.32:291][  0]LogPakFile: Registered encryption key '00000000000000000000000000000000': 0 pak files mounted, 0 remain pending
[2020.04.09-13.32.32:335][  0]LogPakFile: Registered encryption key '00000000000000000000000000000000': 0 pak files mounted, 0 remain pending
[2020.04.09-13.32.32:381][  0]LogPakFile: Registered encryption key '00000000000000000000000000000000': 0 pak files mounted, 0 remain pending
[2020.04.09-13.32.32:488][  0]LogPakFile: Registered encryption key '00000000000000000000000000000000': 0 pak files mounted, 0 remain pending
[2020.04.09-13.32.32:624][  0]LogPakFile: Registered encryption key '00000000000000000000000000000000': 0 pak files mounted, 0 remain pending
[2020.04.09-13.32.32:639][  0]LogPakFile: Registered encryption key '00000000000000000000000000000000': 0 pak files mounted, 0 remain pending
[2020.04.09-13.32.32:670][  0]LogPakFile: Registered encryption key '00000000000000000000000000000000': 0 pak files mounted, 0 remain pending
[2020.04.09-13.32.32:707][  0]LogPakFile: Registered encryption key '00000000000000000000000000000000': 0 pak files mounted, 0 remain pending
[2020.04.09-13.32.32:733][  0]LogPakFile: Registered encryption key '00000000000000000000000000000000': 0 pak files mounted, 0 remain pending
[2020.04.09-13.32.32:782][  0]LogPakFile: Registered encryption key '00000000000000000000000000000000': 0 pak files mounted, 0 remain pending
[2020.04.09-13.32.32:814][  0]LogPakFile: Registered encryption key '00000000000000000000000000000000': 0 pak files mounted, 0 remain pending
[2020.04.09-13.32.32:844][  0]LogPakFile: Registered encryption key '00000000000000000000000000000000': 0 pak files mounted, 0 remain pending
[2020.04.09-13.32.32:902][  0]LogPakFile: Registered encryption key '00000000000000000000000000000000': 0 pak files mounted, 0 remain pending
[2020.04.09-13.32.32:926][  0]LogPakFile: Registered encryption key '00000000000000000000000000000000': 0 pak files mounted, 0 remain pending
[2020.04.09-13.32.32:951][  0]LogPakFile: Registered encryption key '00000000000000000000000000000000': 0 pak files mounted, 0 remain pending
[2020.04.09-13.32.33:017][  0]LogPakFile: Registered encryption key '00000000000000000000000000000000': 0 pak files mounted, 0 remain pending
[2020.04.09-13.32.35:060][  0]LogContentBrowser: Native class hierarchy updated for 'AddContentDialog' in 0.0007 seconds. Added 0 classes and 0 folders.
[2020.04.09-13.32.35:137][  0]LogContentBrowser: Native class hierarchy updated for 'SceneOutliner' in 0.0010 seconds. Added 1 classes and 0 folders.
[2020.04.09-13.32.36:944][  0]LogSlate: Took 0.030526 seconds to synchronously load lazily loaded font '../../../Engine/Content/Slate/Fonts/Roboto-Regular.ttf' (155K)
[2020.04.09-13.32.37:037][  0]LogSlate: Took 0.039674 seconds to synchronously load lazily loaded font '../../../Engine/Content/Slate/Fonts/Roboto-Bold.ttf' (160K)
[2020.04.09-13.32.37:500][  0]LogSlate: Took 0.143570 seconds to synchronously load lazily loaded font '../../../Engine/Content/Editor/Slate/Fonts/FontAwesome.ttf' (139K)
[2020.04.09-13.32.38:969][  0]LogRenderer: Reallocating scene render targets to support 1176x580 Format 10 NumSamples 1 (Frame:1).
[2020.04.09-13.32.40:279][  0]LogStaticMesh: Allocated 512x434x64 distance field atlas = 27.1Mb, with 167 objects containing 22.7Mb backing data
[2020.04.09-13.32.43:329][  0]LogContentBrowser: Native class hierarchy updated for 'HierarchicalLODOutliner' in 0.0007 seconds. Added 0 classes and 0 folders.
[2020.04.09-13.32.43:330][  0]LogLoad: (Engine Initialization) Total time: 866.90 seconds
[2020.04.09-13.32.43:330][  0]LogLoad: (Engine Initialization) Total Blueprint compile time: 0.00 seconds
[2020.04.09-13.32.44:279][  0]LogContentStreaming: Texture pool size now 1000 MB
[2020.04.09-13.32.44:869][  0]LogSlate: Took 0.038151 seconds to synchronously load lazily loaded font '../../../Engine/Content/Slate/Fonts/Roboto-Light.ttf' (167K)
[2020.04.09-13.32.46:735][  2]LogSlate: FSceneViewport::OnFocusLost() reason 0
[2020.04.09-13.32.47:192][  4]LogAssetRegistry: Asset discovery search completed in 856.6681 seconds
[2020.04.09-13.32.47:301][  4]LogCollectionManager: Rebuilt the object cache for 0 collections in 0.000001 seconds (found 0 objects)
[2020.04.09-13.32.47:301][  4]LogCollectionManager: Fixed up redirectors for 0 collections in 0.057103 seconds (updated 0 objects)
[2020.04.09-13.32.50:480][ 29]LogFileCache: Retrieving MD5 hashes for directory 'E:/SeniorProject/PollutionProject/SeniorProject/Content/' took 6.55s
[2020.04.09-13.38.12:553][ 87]LogSlate: FSceneViewport::OnFocusLost() reason 0
[2020.04.09-13.39.05:716][854]LogEditorViewport: Clicking on Actor (LMB): StaticMeshActor (FlairGun_001A)
[2020.04.09-13.39.07:425][943]LogEditorViewport: Clicking on Actor (LMB): StaticMeshActor (FlashLight_001A)
[2020.04.09-13.39.12:489][352]LogSlate: FSceneViewport::OnFocusLost() reason 0
[2020.04.09-13.39.22:381][297]LogSlate: Took 0.000135 seconds to synchronously load lazily loaded font '../../../Engine/Content/Slate/Fonts/Roboto-Light.ttf' (167K)
[2020.04.09-13.39.43:165][242]LogSlate: Window 'Select Path' being destroyed
[2020.04.09-13.39.43:437][242]LogUObjectHash: Compacting FUObjectHashTables data took   2.38ms
[2020.04.09-13.39.43:620][242]LogAssetEditorManager: Opening Asset editor for Blueprint /Game/FlashLight_BluePrint.FlashLight_BluePrint
[2020.04.09-13.39.44:868][242]LogContentBrowser: Native class hierarchy updated for 'BlueprintGraph' in 0.0006 seconds. Added 121 classes and 0 folders.
[2020.04.09-13.39.59:361][866]LogSlate: FSceneViewport::OnFocusLost() reason 0
[2020.04.09-13.40.05:484][318]LogSlate: FSceneViewport::OnFocusLost() reason 2
[2020.04.09-13.40.09:926][439]LogSlate: FSceneViewport::OnFocusLost() reason 2
[2020.04.09-13.40.18:070][766]LogSlate: FSceneViewport::OnFocusLost() reason 2
[2020.04.09-13.40.25:653][229]Cmd: TRANSACTION UNDO
[2020.04.09-13.40.25:653][229]LogEditorTransaction: Undo Move Actors
[2020.04.09-13.40.28:106][365]LogSlate: FSceneViewport::OnFocusLost() reason 2
[2020.04.09-13.40.34:458][737]LogEditorTransaction: Undo Modify Component(s)
[2020.04.09-13.40.35:483][758]LogSlate: Took 0.020106 seconds to synchronously load lazily loaded font '../../../Engine/Content/Slate/Fonts/Roboto-Italic.ttf' (157K)
[2020.04.09-13.40.35:519][759]LogSlate: FSceneViewport::OnFocusLost() reason 0
[2020.04.09-13.40.46:555][555]LogSlate: FSceneViewport::OnFocusLost() reason 2
[2020.04.09-13.40.47:454][615]LogSlate: FSceneViewport::OnFocusLost() reason 2
[2020.04.09-13.41.11:821][ 67]LogEditorTransaction: Undo Modify Component(s)
[2020.04.09-13.41.15:349][325]LogSlate: FSceneViewport::OnFocusLost() reason 0
[2020.04.09-13.41.40:974][ 78]LogRenderer: Reallocating scene render targets to support 1176x712 Format 10 NumSamples 1 (Frame:6701).
[2020.04.09-13.41.47:627][556]LogSlate: FSceneViewport::OnFocusLost() reason 0
[2020.04.09-13.41.58:269][380]LogSlate: FSceneViewport::OnFocusLost() reason 2
[2020.04.09-13.42.02:043][628]LogSlate: FSceneViewport::OnFocusLost() reason 2
[2020.04.09-13.42.21:629][868]LogSlate: FSceneViewport::OnFocusLost() reason 2
[2020.04.09-13.42.39:212][ 80]LogSlate: FSceneViewport::OnFocusLost() reason 2
[2020.04.09-13.42.50:593][885]LogSlate: FSceneViewport::OnFocusLost() reason 2
[2020.04.09-13.43.47:411][550]LogEditorViewport: Clicking on Actor (LMB): FlashLight_BluePrint_C (FlashLight_BluePrint)
[2020.04.09-13.43.48:384][617]LogSlate: FSceneViewport::OnFocusLost() reason 2
[2020.04.09-13.43.49:349][684]LogSlate: FSceneViewport::OnFocusLost() reason 0
[2020.04.09-13.43.49:449][695]BlueprintLog: New page: Compile FlashLight_BluePrint
[2020.04.09-13.43.50:405][695]LogUObjectHash: Compacting FUObjectHashTables data took   4.42ms
[2020.04.09-13.43.52:092][768]LogUObjectHash: Compacting FUObjectHashTables data took   3.43ms
[2020.04.09-13.43.58:231][768]LogSavePackage: Moving 'E:/SeniorProject/PollutionProject/SeniorProject/Saved/GreyBoxLVL4_Auto11D6637E44EC3259E94C2F4B177CEDA6E.tmp' to 'E:/SeniorProject/PollutionProject/SeniorProject/Saved/Autosaves/Game/Levels/GreyBoxLVL4_Auto1.umap'
[2020.04.09-13.43.58:300][768]LogFileHelpers: Editor autosave (incl. sublevels) for '/Game/Levels/GreyBoxLVL4' took 6.243
[2020.04.09-13.43.58:301][768]LogFileHelpers: Editor autosave (incl. sublevels) for all levels took 6.243
[2020.04.09-13.43.58:304][768]OBJ SavePackage: Generating thumbnails for [1] asset(s) in package [/Game/FlashLight_BluePrint] ([1] browsable assets)...
[2020.04.09-13.43.58:346][768]OBJ SavePackage:     Rendered thumbnail for [Blueprint /Game/FlashLight_BluePrint.FlashLight_BluePrint]
[2020.04.09-13.43.58:346][768]OBJ SavePackage: Finished generating thumbnails for package [/Game/FlashLight_BluePrint]
[2020.04.09-13.43.58:346][768]Cmd: OBJ SAVEPACKAGE PACKAGE="/Game/FlashLight_BluePrint" FILE="E:/SeniorProject/PollutionProject/SeniorProject/Saved/Autosaves/Game/FlashLight_BluePrint_Auto1.uasset" SILENT=false AUTOSAVING=true
[2020.04.09-13.43.58:383][768]LogSavePackage: Moving 'E:/SeniorProject/PollutionProject/SeniorProject/Saved/FlashLight_BluePrint_Auto13030974945C86CD6E73BA9BEC7705954.tmp' to 'E:/SeniorProject/PollutionProject/SeniorProject/Saved/Autosaves/Game/FlashLight_BluePrint_Auto1.uasset'
[2020.04.09-13.43.58:383][768]LogFileHelpers: Auto-saving content packages took 0.080
[2020.04.09-14.15.04:625][929]LogSlate: FSceneViewport::OnFocusLost() reason 0
[2020.04.09-14.15.08:866][225]LogSlate: FSceneViewport::OnFocusLost() reason 0
[2020.04.09-14.15.08:943][234]BlueprintLog: New page: Compile FlashLight_BluePrint
[2020.04.09-14.15.09:278][234]LogUObjectHash: Compacting FUObjectHashTables data took   4.32ms
[2020.04.09-14.15.09:873][258]Cmd: OBJ SAVEPACKAGE PACKAGE="/Game/FlashLight_BluePrint" FILE="E:/SeniorProject/PollutionProject/SeniorProject/Content/FlashLight_BluePrint.uasset" SILENT=true
[2020.04.09-14.15.09:891][258]LogSavePackage: Moving 'E:/SeniorProject/PollutionProject/SeniorProject/Saved/FlashLight_BluePrint937A73C94616A9C4201C36BBECE69E4D.tmp' to 'E:/SeniorProject/PollutionProject/SeniorProject/Content/FlashLight_BluePrint.uasset'
[2020.04.09-14.16.18:306][169]LogSlate: Prevented a slow task dialog from being summoned while a context menu was open
[2020.04.09-14.16.41:243][185]LogEditorViewport: Clicking on Actor (LMB): StaticMeshActor (FlairGun_001A)
[2020.04.09-14.16.45:667][541]LogSlate: FSceneViewport::OnFocusLost() reason 0
[2020.04.09-14.16.48:317][766]LogEditorViewport: Clicking on Actor (LMB): FlashLight_BluePrint_C (FlashLight_BluePrint)
[2020.04.09-14.16.52:427][107]LogSlate: FSceneViewport::OnFocusLost() reason 0
[2020.04.09-14.17.02:999][996]LogSlate: FSceneViewport::OnFocusLost() reason 2
[2020.04.09-14.17.08:816][396]LogMetaData: Removing '/Game/Blueprints/FlashLight_BluePrint.FlashLight_BluePrint:UserConstructionScript.K2Node_FunctionEntry_0' ref from Metadata '/Game/FlashLight_BluePrint.PackageMetaData'
[2020.04.09-14.17.08:816][396]LogMetaData: Removing '/Game/Blueprints/FlashLight_BluePrint.SKEL_FlashLight_BluePrint_C' ref from Metadata '/Game/FlashLight_BluePrint.PackageMetaData'
[2020.04.09-14.17.08:816][396]LogMetaData: Removing '/Game/Blueprints/FlashLight_BluePrint.FlashLight_BluePrint_C' ref from Metadata '/Game/FlashLight_BluePrint.PackageMetaData'
[2020.04.09-14.17.08:816][396]LogMetaData: Removing '/Game/Blueprints/FlashLight_BluePrint.FlashLight_BluePrint:EventGraph.K2Node_Event_0' ref from Metadata '/Game/FlashLight_BluePrint.PackageMetaData'
[2020.04.09-14.17.08:816][396]LogMetaData: Removing '/Game/Blueprints/FlashLight_BluePrint.FlashLight_BluePrint:EventGraph.K2Node_Event_1' ref from Metadata '/Game/FlashLight_BluePrint.PackageMetaData'
[2020.04.09-14.17.08:816][396]LogMetaData: Removing '/Game/Blueprints/FlashLight_BluePrint.FlashLight_BluePrint:EventGraph.K2Node_Event_2' ref from Metadata '/Game/FlashLight_BluePrint.PackageMetaData'
[2020.04.09-14.17.08:816][396]LogMetaData: Removing '/Game/Blueprints/FlashLight_BluePrint.FlashLight_BluePrint_C:PointLight' ref from Metadata '/Game/FlashLight_BluePrint.PackageMetaData'
[2020.04.09-14.17.08:816][396]LogMetaData: Removing '/Game/Blueprints/FlashLight_BluePrint.SKEL_FlashLight_BluePrint_C:UserConstructionScript' ref from Metadata '/Game/FlashLight_BluePrint.PackageMetaData'
[2020.04.09-14.17.08:816][396]LogMetaData: Removing '/Game/Blueprints/FlashLight_BluePrint.SKEL_FlashLight_BluePrint_C:PointLight' ref from Metadata '/Game/FlashLight_BluePrint.PackageMetaData'
[2020.04.09-14.17.08:816][396]LogMetaData: Removing '/Game/Blueprints/FlashLight_BluePrint.SKEL_FlashLight_BluePrint_C:ReceiveTick' ref from Metadata '/Game/FlashLight_BluePrint.PackageMetaData'
[2020.04.09-14.17.08:816][396]LogMetaData: Removing '/Game/Blueprints/FlashLight_BluePrint.SKEL_FlashLight_BluePrint_C:ReceiveActorBeginOverlap' ref from Metadata '/Game/FlashLight_BluePrint.PackageMetaData'
[2020.04.09-14.17.08:816][396]LogMetaData: Removing '/Game/Blueprints/FlashLight_BluePrint.SKEL_FlashLight_BluePrint_C:ReceiveBeginPlay' ref from Metadata '/Game/FlashLight_BluePrint.PackageMetaData'
[2020.04.09-14.17.08:913][396]Cmd: OBJ SAVEPACKAGE PACKAGE="/Game/Blueprints/FlashLight_BluePrint" FILE="E:/SeniorProject/PollutionProject/SeniorProject/Content/Blueprints/FlashLight_BluePrint.uasset" SILENT=true
[2020.04.09-14.17.08:932][396]LogSavePackage: Moving 'E:/SeniorProject/PollutionProject/SeniorProject/Saved/FlashLight_BluePrint8D3ECDB84BE416DE32CA84B294316B8E.tmp' to 'E:/SeniorProject/PollutionProject/SeniorProject/Content/Blueprints/FlashLight_BluePrint.uasset'
[2020.04.09-14.17.09:823][396]LogUObjectHash: Compacting FUObjectHashTables data took   3.61ms
[2020.04.09-14.17.09:855][396]LogUObjectHash: Compacting FUObjectHashTables data took   2.17ms
[2020.04.09-14.17.09:887][396]LogUObjectHash: Compacting FUObjectHashTables data took   0.76ms
[2020.04.09-14.17.10:024][396]SourceControl: rm 'SeniorProject/Content/FlashLight_BluePrint.uasset'
[2020.04.09-14.17.19:742][178]LogAssetEditorManager: Opening Asset editor for Class /Script/SeniorProject.FirstPersonCharacter
[2020.04.09-14.18.32:910][419]LogUObjectHash: Compacting FUObjectHashTables data took   4.58ms
[2020.04.09-14.18.38:669][419]LogSavePackage: Moving 'E:/SeniorProject/PollutionProject/SeniorProject/Saved/GreyBoxLVL4_Auto2C643A5EA4D77C9CBB1AF3F8BC7D05847.tmp' to 'E:/SeniorProject/PollutionProject/SeniorProject/Saved/Autosaves/Game/Levels/GreyBoxLVL4_Auto2.umap'
[2020.04.09-14.18.38:674][419]LogFileHelpers: Editor autosave (incl. sublevels) for '/Game/Levels/GreyBoxLVL4' took 5.801
[2020.04.09-14.18.38:674][419]LogFileHelpers: Editor autosave (incl. sublevels) for all levels took 5.801
[2020.04.09-14.18.43:747][435]LogUnrealEdMisc: Warning: Heartbeat event firing too frequently (10.975 sec). This should never happen. Something is wrong with the timer delegate!
[2020.04.09-14.34.45:736][393]LogSlate: FSceneViewport::OnFocusLost() reason 0
[2020.04.09-14.43.20:327][813]LogUObjectHash: Compacting FUObjectHashTables data took   3.49ms
[2020.04.09-14.43.25:789][813]LogSavePackage: Moving 'E:/SeniorProject/PollutionProject/SeniorProject/Saved/GreyBoxLVL4_Auto34335DEA948AF172688DE1AB9529A304B.tmp' to 'E:/SeniorProject/PollutionProject/SeniorProject/Saved/Autosaves/Game/Levels/GreyBoxLVL4_Auto3.umap'
[2020.04.09-14.43.25:803][813]LogFileHelpers: Editor autosave (incl. sublevels) for '/Game/Levels/GreyBoxLVL4' took 5.526
[2020.04.09-14.43.25:803][813]LogFileHelpers: Editor autosave (incl. sublevels) for all levels took 5.526
[2020.04.09-14.43.25:806][813]OBJ SavePackage: Generating thumbnails for [1] asset(s) in package [/Game/Blueprints/FlashLight_BluePrint] ([1] browsable assets)...
[2020.04.09-14.43.25:841][813]OBJ SavePackage:     Rendered thumbnail for [Blueprint /Game/Blueprints/FlashLight_BluePrint.FlashLight_BluePrint]
[2020.04.09-14.43.25:841][813]OBJ SavePackage: Finished generating thumbnails for package [/Game/Blueprints/FlashLight_BluePrint]
[2020.04.09-14.43.25:878][813]LogSavePackage: Moving 'E:/SeniorProject/PollutionProject/SeniorProject/Saved/FlashLight_BluePrint_Auto357D54D5446CD9C892551C3876CBD6987.tmp' to 'E:/SeniorProject/PollutionProject/SeniorProject/Saved/Autosaves/Game/Blueprints/FlashLight_BluePrint_Auto3.uasset'
[2020.04.09-14.43.25:879][813]LogFileHelpers: Auto-saving content packages took 0.073
[2020.04.09-14.46.51:514][562]LogHotReload: New module detected: UE4Editor-SeniorProject-0003.dll
[2020.04.09-14.46.54:542][572]LogHotReload: Starting Hot-Reload from IDE
[2020.04.09-14.46.54:647][572]LogUObjectHash: Compacting FUObjectHashTables data took   3.41ms
[2020.04.09-14.46.54:668][572]LogBlueprintActionDatabase: Requesting refresh due to module change: SeniorProject (unloaded)
[2020.04.09-14.46.55:084][572]LogClass: GameObjectInfo HotReload.
[2020.04.09-14.46.55:084][572]LogClass: DialougeSystem HotReload.
[2020.04.09-14.46.55:084][572]LogClass: AudioInformation HotReload.
[2020.04.09-14.46.55:107][572]LogHotReload: Re-instancing FirstPersonCharacter after hot-reload.
[2020.04.09-14.46.55:442][572]LogBlueprintActionDatabase: Requesting refresh due to module change: SeniorProject (loaded)
[2020.04.09-14.46.55:443][572]LogContentBrowser: Native class hierarchy updated for 'SeniorProject' in 0.0005 seconds. Added 12 classes and 3 folders.
[2020.04.09-14.46.55:449][572]Display: HotReload successful (25 functions remapped  3 scriptstructs remapped)
[2020.04.09-14.46.55:656][572]LogUObjectHash: Compacting FUObjectHashTables data took   3.04ms
[2020.04.09-14.46.55:657][572]LogBlueprintActionDatabase: Requesting refresh due to hot reload
[2020.04.09-14.46.55:670][572]LogContentBrowser: Native class hierarchy populated in 0.0129 seconds. Added 2876 classes and 729 folders.
[2020.04.09-14.46.55:932][572]Display: HotReload took  1.4s.
[2020.04.09-15.04.27:252][840]LogSlate: FSceneViewport::OnFocusLost() reason 2
[2020.04.09-15.06.43:136][254]LogUObjectHash: Compacting FUObjectHashTables data took 100.65ms
[2020.04.09-15.06.43:502][254]Cmd: OBJ SAVEPACKAGE PACKAGE="/Game/Levels/GreyBoxLVL4" FILE="E:/SeniorProject/PollutionProject/SeniorProject/Content/Levels/GreyBoxLVL4.umap" SILENT=true AUTOSAVING=false KEEPDIRTY=false
[2020.04.09-15.06.43:751][254]LogUObjectHash: Compacting FUObjectHashTables data took   2.65ms
[2020.04.09-15.06.49:323][254]LogSavePackage: Moving 'E:/SeniorProject/PollutionProject/SeniorProject/Saved/GreyBoxLVL405A67C764A7F15404F2BD781609E1D27.tmp' to 'E:/SeniorProject/PollutionProject/SeniorProject/Content/Levels/GreyBoxLVL4.umap'
[2020.04.09-15.06.49:469][254]LogFileHelpers: Saving map 'GreyBoxLVL4' took 5.970
[2020.04.09-15.06.49:473][254]Cmd: OBJ SAVEPACKAGE PACKAGE="/Game/Blueprints/FlashLight_BluePrint" FILE="E:/SeniorProject/PollutionProject/SeniorProject/Content/Blueprints/FlashLight_BluePrint.uasset" SILENT=true
[2020.04.09-15.06.49:494][254]LogSavePackage: Moving 'E:/SeniorProject/PollutionProject/SeniorProject/Saved/FlashLight_BluePrint39F9F23143FE17F460DB178B26A4A898.tmp' to 'E:/SeniorProject/PollutionProject/SeniorProject/Content/Blueprints/FlashLight_BluePrint.uasset'
[2020.04.09-15.13.51:453][720]LogEditorViewport: Clicking on Actor (LMB): FlashLight_BluePrint_C (FlashLight_BluePrint)
[2020.04.09-15.13.53:244][790]LogSlate: FSceneViewport::OnFocusLost() reason 0
[2020.04.09-15.14.33:598][501]LogSlate: Prevented a slow task dialog from being summoned while a context menu was open
[2020.04.09-15.15.15:399][246]LogTemp: Repeating last play command: Selected Viewport
[2020.04.09-15.15.15:934][246]LogBlueprintUserMessages: Early PlayInEditor Detection: Level '/Game/Levels/GreyBoxLVL4.GreyBoxLVL4:PersistentLevel' has LevelScriptBlueprint '/Game/Levels/GreyBoxLVL4.GreyBoxLVL4:PersistentLevel.GreyBoxLVL4' with GeneratedClass '/Game/Levels/GreyBoxLVL4.GreyBoxLVL4_C' with ClassGeneratedBy '/Game/Levels/GreyBoxLVL4.GreyBoxLVL4:PersistentLevel.GreyBoxLVL4'
[2020.04.09-15.15.15:993][246]BlueprintLog: New page: Pre-Play auto-recompile
[2020.04.09-15.15.16:119][246]LogPlayLevel: [PlayLevel] Compiling FlashLight_BluePrint before play...
[2020.04.09-15.15.17:959][246]LogUObjectHash: Compacting FUObjectHashTables data took  69.10ms
[2020.04.09-15.15.17:960][246]LogPlayLevel: PlayLevel: Blueprint regeneration took 1967 ms (1 blueprints)
[2020.04.09-15.15.18:255][246]PIE: New page: PIE session: GreyBoxLVL4 (Apr 9, 2020, 7:15:17 AM)
[2020.04.09-15.15.18:807][246]LogPlayLevel: Creating play world package: /Game/Levels/UEDPIE_0_GreyBoxLVL4
[2020.04.09-15.15.20:994][246]LogPlayLevel: PIE: StaticDuplicateObject took: (2.161021s)
[2020.04.09-15.15.21:045][246]LogAIModule: Creating AISystem for world GreyBoxLVL4
[2020.04.09-15.15.21:065][246]LogPlayLevel: PIE: World Init took: (0.071311s)
[2020.04.09-15.15.21:124][246]LogPlayLevel: PIE: Created PIE world by copying editor world from /Game/Levels/GreyBoxLVL4.GreyBoxLVL4 to /Game/Levels/UEDPIE_0_GreyBoxLVL4.GreyBoxLVL4 (2.317741s)
[2020.04.09-15.15.21:299][246]LogUObjectHash: Compacting FUObjectHashTables data took   4.51ms
[2020.04.09-15.15.21:689][246]LogInit: XAudio2 using 'Headset Earphone (2- Corsair HS70 Wireless Gaming Headset)' : 2 channels at 48 kHz using 16 bits per sample (channel mask 0x3)
[2020.04.09-15.15.22:115][246]LogInit: FAudioDevice initialized.
[2020.04.09-15.15.23:233][246]LogLoad: Game class is 'FirstPersonGameMode_C'
[2020.04.09-15.15.26:770][246]LogWorld: Bringing World /Game/Levels/UEDPIE_0_GreyBoxLVL4.GreyBoxLVL4 up for play (max tick rate 0) at 2020.04.09-11.15.26
[2020.04.09-15.15.27:858][246]LogWorld: Bringing up level for play took: 4.332388
[2020.04.09-15.15.28:291][246]LogBlueprintActionDatabase: Requesting refresh due to module change: Voice (loaded)
[2020.04.09-15.15.28:496][246]LogBlueprintActionDatabase: Requesting refresh due to module change: MovieSceneCapture (loaded)
[2020.04.09-15.15.28:496][246]LogContentBrowser: Native class hierarchy updated for 'MovieSceneCapture' in 0.0005 seconds. Added 20 classes and 0 folders.
[2020.04.09-15.15.28:569][246]LogScript: Warning: Script Msg: Attempted to access index 0 from array 'CallFunc_GetAllActorsOfClass_OutActors' of length 0 in '/Game/BP/Checkpoint.Checkpoint_C:ExecuteUbergraph_Checkpoint'!
[2020.04.09-15.15.28:569][246]LogScript: Warning: Script Msg: Attempted to access index 0 from array 'CallFunc_GetAllActorsOfClass_OutActors' of length 0 in '/Game/BP/Checkpoint.Checkpoint_C:ExecuteUbergraph_Checkpoint'!
[2020.04.09-15.15.28:569][246]LogScript: Warning: Script Msg: Attempted to access index 0 from array 'CallFunc_GetAllActorsOfClass_OutActors' of length 0 in '/Game/BP/OutroTrigger.OutroTrigger_C:ExecuteUbergraph_OutroTrigger'!
[2020.04.09-15.15.28:569][246]LogScript: Warning: Script Msg: Attempted to access index 0 from array 'CallFunc_GetAllActorsOfClass_OutActors' of length 0 in '/Game/BP/Respawn.Respawn_C:ExecuteUbergraph_Respawn'!
[2020.04.09-15.15.28:569][246]LogScript: Warning: Script Msg: Attempted to access index 0 from array 'CallFunc_GetAllActorsOfClass_OutActors' of length 0 in '/Game/BP/Respawn.Respawn_C:ExecuteUbergraph_Respawn'!
[2020.04.09-15.15.28:571][246]LogScript: Warning: Script Msg: Attempted to access index 0 from array 'CallFunc_GetAllActorsOfClass_OutActors' of length 0 in '/Game/Materials/FinishStopper.FinishStopper_C:ExecuteUbergraph_FinishStopper'!
[2020.04.09-15.15.28:770][246]PIE: Play in editor start time for /Game/Levels/UEDPIE_0_GreyBoxLVL4 13.556
[2020.04.09-15.15.28:809][246]LogBlueprintUserMessages: Late PlayInEditor Detection: Level '/Game/Levels/GreyBoxLVL4.GreyBoxLVL4:PersistentLevel' has LevelScriptBlueprint '/Game/Levels/GreyBoxLVL4.GreyBoxLVL4:PersistentLevel.GreyBoxLVL4' with GeneratedClass '/Game/Levels/GreyBoxLVL4.GreyBoxLVL4_C' with ClassGeneratedBy '/Game/Levels/GreyBoxLVL4.GreyBoxLVL4:PersistentLevel.GreyBoxLVL4'
[2020.04.09-15.15.36:174][574]LogBlueprintUserMessages: Early EndPlayMap Detection: Level '/Game/Levels/GreyBoxLVL4.GreyBoxLVL4:PersistentLevel' has LevelScriptBlueprint '/Game/Levels/GreyBoxLVL4.GreyBoxLVL4:PersistentLevel.GreyBoxLVL4' with GeneratedClass '/Game/Levels/GreyBoxLVL4.GreyBoxLVL4_C' with ClassGeneratedBy '/Game/Levels/GreyBoxLVL4.GreyBoxLVL4:PersistentLevel.GreyBoxLVL4'
[2020.04.09-15.15.36:330][574]LogSlate: Updating window title bar state: overlay mode, drag disabled, window buttons hidden, title bar hidden
[2020.04.09-15.15.36:555][574]LogPlayLevel: Display: Shutting down PIE online subsystems
[2020.04.09-15.15.36:575][574]LogBlueprintUserMessages: Late EndPlayMap Detection: Level '/Game/Levels/GreyBoxLVL4.GreyBoxLVL4:PersistentLevel' has LevelScriptBlueprint '/Game/Levels/GreyBoxLVL4.GreyBoxLVL4:PersistentLevel.GreyBoxLVL4' with GeneratedClass '/Game/Levels/GreyBoxLVL4.GreyBoxLVL4_C' with ClassGeneratedBy '/Game/Levels/GreyBoxLVL4.GreyBoxLVL4:PersistentLevel.GreyBoxLVL4'
[2020.04.09-15.15.37:152][574]LogSlate: Updating window title bar state: overlay mode, drag disabled, window buttons hidden, title bar hidden
[2020.04.09-15.15.38:599][574]LogUObjectHash: Compacting FUObjectHashTables data took  23.04ms
[2020.04.09-15.15.39:412][575]LogPlayLevel: Display: Destroying online subsystem :Context_22
[2020.04.09-15.15.41:933][649]LogSlate: FSceneViewport::OnFocusLost() reason 0
[2020.04.09-15.16.06:375][518]LogSlate: FSceneViewport::OnFocusLost() reason 0
[2020.04.09-15.16.06:437][520]LogTemp: Repeating last play command: Selected Viewport
[2020.04.09-15.16.06:477][520]LogBlueprintUserMessages: Early PlayInEditor Detection: Level '/Game/Levels/GreyBoxLVL4.GreyBoxLVL4:PersistentLevel' has LevelScriptBlueprint '/Game/Levels/GreyBoxLVL4.GreyBoxLVL4:PersistentLevel.GreyBoxLVL4' with GeneratedClass '/Game/Levels/GreyBoxLVL4.GreyBoxLVL4_C' with ClassGeneratedBy '/Game/Levels/GreyBoxLVL4.GreyBoxLVL4:PersistentLevel.GreyBoxLVL4'
[2020.04.09-15.16.06:477][520]LogPlayLevel: PlayLevel: No blueprints needed recompiling
[2020.04.09-15.16.06:477][520]PIE: New page: PIE session: GreyBoxLVL4 (Apr 9, 2020, 7:16:06 AM)
[2020.04.09-15.16.06:477][520]LogPlayLevel: Creating play world package: /Game/Levels/UEDPIE_0_GreyBoxLVL4
[2020.04.09-15.16.06:879][520]LogPlayLevel: PIE: StaticDuplicateObject took: (0.400945s)
[2020.04.09-15.16.06:880][520]LogAIModule: Creating AISystem for world GreyBoxLVL4
[2020.04.09-15.16.06:894][520]LogPlayLevel: PIE: World Init took: (0.014187s)
[2020.04.09-15.16.06:894][520]LogPlayLevel: PIE: Created PIE world by copying editor world from /Game/Levels/GreyBoxLVL4.GreyBoxLVL4 to /Game/Levels/UEDPIE_0_GreyBoxLVL4.GreyBoxLVL4 (0.416259s)
[2020.04.09-15.16.07:110][520]LogUObjectHash: Compacting FUObjectHashTables data took   3.66ms
[2020.04.09-15.16.07:260][520]LogInit: XAudio2 using 'Headset Earphone (2- Corsair HS70 Wireless Gaming Headset)' : 2 channels at 48 kHz using 16 bits per sample (channel mask 0x3)
[2020.04.09-15.16.07:276][520]LogInit: FAudioDevice initialized.
[2020.04.09-15.16.07:321][520]LogLoad: Game class is 'FirstPersonGameMode_C'
[2020.04.09-15.16.07:548][520]LogWorld: Bringing World /Game/Levels/UEDPIE_0_GreyBoxLVL4.GreyBoxLVL4 up for play (max tick rate 0) at 2020.04.09-11.16.07
[2020.04.09-15.16.07:555][520]LogWorld: Bringing up level for play took: 0.231700
[2020.04.09-15.16.07:569][520]LogScript: Warning: Script Msg: Attempted to access index 0 from array 'CallFunc_GetAllActorsOfClass_OutActors' of length 0 in '/Game/BP/Checkpoint.Checkpoint_C:ExecuteUbergraph_Checkpoint'!
[2020.04.09-15.16.07:570][520]LogScript: Warning: Script Msg: Attempted to access index 0 from array 'CallFunc_GetAllActorsOfClass_OutActors' of length 0 in '/Game/BP/Checkpoint.Checkpoint_C:ExecuteUbergraph_Checkpoint'!
[2020.04.09-15.16.07:570][520]LogScript: Warning: Script Msg: Attempted to access index 0 from array 'CallFunc_GetAllActorsOfClass_OutActors' of length 0 in '/Game/BP/OutroTrigger.OutroTrigger_C:ExecuteUbergraph_OutroTrigger'!
[2020.04.09-15.16.07:570][520]LogScript: Warning: Script Msg: Attempted to access index 0 from array 'CallFunc_GetAllActorsOfClass_OutActors' of length 0 in '/Game/BP/Respawn.Respawn_C:ExecuteUbergraph_Respawn'!
[2020.04.09-15.16.07:570][520]LogScript: Warning: Script Msg: Attempted to access index 0 from array 'CallFunc_GetAllActorsOfClass_OutActors' of length 0 in '/Game/BP/Respawn.Respawn_C:ExecuteUbergraph_Respawn'!
[2020.04.09-15.16.07:576][520]LogScript: Warning: Script Msg: Attempted to access index 0 from array 'CallFunc_GetAllActorsOfClass_OutActors' of length 0 in '/Game/Materials/FinishStopper.FinishStopper_C:ExecuteUbergraph_FinishStopper'!
[2020.04.09-15.16.07:579][520]PIE: Play in editor start time for /Game/Levels/UEDPIE_0_GreyBoxLVL4 0.364
[2020.04.09-15.16.07:580][520]LogBlueprintUserMessages: Late PlayInEditor Detection: Level '/Game/Levels/GreyBoxLVL4.GreyBoxLVL4:PersistentLevel' has LevelScriptBlueprint '/Game/Levels/GreyBoxLVL4.GreyBoxLVL4:PersistentLevel.GreyBoxLVL4' with GeneratedClass '/Game/Levels/GreyBoxLVL4.GreyBoxLVL4_C' with ClassGeneratedBy '/Game/Levels/GreyBoxLVL4.GreyBoxLVL4:PersistentLevel.GreyBoxLVL4'
[2020.04.09-15.16.30:310][341]PIE: Warning: Mobility of /Game/Levels/UEDPIE_0_GreyBoxLVL4.GreyBoxLVL4:PersistentLevel.FlashLight_BluePrint : StaticMeshComponent0 has to be 'Movable' if you'd like to move. 
[2020.04.09-15.16.30:310][341]PIE: Warning: Mobility of /Game/Levels/UEDPIE_0_GreyBoxLVL4.GreyBoxLVL4:PersistentLevel.FlashLight_BluePrint : StaticMeshComponent0 has to be 'Movable' if you'd like to move. 
[2020.04.09-15.16.30:310][341]LogOutputDevice: Warning: 

Script Stack (0 frames):

[2020.04.09-15.16.30:310][341]LogWindows: Windows GetLastError: The operation completed successfully. (0)
[2020.04.09-15.17.30:595][341]LogWindows: Error: === Critical error: ===
[2020.04.09-15.17.30:595][341]LogWindows: Error: 
[2020.04.09-15.17.30:595][341]LogWindows: Error: Assertion failed: (Index >= 0) & (Index < ArrayNum) [File:C:\Program Files\Epic Games\UE_4.22\Engine\Source\Runtime\Core\Public\Containers/Array.h] [Line: 611] 
[2020.04.09-15.17.30:595][341]LogWindows: Error: Array index out of bounds: 0 from an array of size 0
[2020.04.09-15.17.30:595][341]LogWindows: Error: 
[2020.04.09-15.17.30:595][341]LogWindows: Error: 
[2020.04.09-15.17.30:595][341]LogWindows: Error: 
[2020.04.09-15.17.30:939][341]LogExit: Executing StaticShutdownAfterError
[2020.04.09-15.17.53:038][341]LogWindows: FPlatformMisc::RequestExit(1)
[2020.04.09-15.17.53:237][341]Log file closed, 04/09/20 11:17:53
