Log file open, 02/05/20 18:43:40
LogWindows: Failed to load 'aqProf.dll' (GetLastError=126)
LogWindows: File 'aqProf.dll' does not exist
LogWindows: Failed to load 'VtuneApi.dll' (GetLastError=126)
LogWindows: File 'VtuneApi.dll' does not exist
LogWindows: Failed to load 'VtuneApi32e.dll' (GetLastError=126)
LogWindows: File 'VtuneApi32e.dll' does not exist
LogConsoleResponse: Display: Failed to find resolution value strings in scalability ini. Falling back to default.
LogInit: Display: Running engine for game: SeniorProject
LogPakFile: Registered encryption key '00000000000000000000000000000000': 0 pak files mounted, 0 remain pending
LogPlatformFile: Not using cached read wrapper
LogTaskGraph: Started task graph with 5 named threads and 23 total threads with 3 sets of task threads.
LogStats: Stats thread started at 0.306998
LogD3D11RHI: Loaded GFSDK_Aftermath_Lib.x64.dll
LogICUInternationalization: ICU TimeZone Detection - Raw Offset: -5:00, Platform Override: ''
LogPluginManager: Mounting plugin Paper2D
LogPluginManager: Mounting plugin AISupport
LogPluginManager: Mounting plugin LightPropagationVolume
LogPluginManager: Mounting plugin ActorLayerUtilities
LogPluginManager: Mounting plugin AnimationSharing
LogPluginManager: Mounting plugin CLionSourceCodeAccess
LogPluginManager: Mounting plugin CodeLiteSourceCodeAccess
LogPluginManager: Mounting plugin GitSourceControl
LogPluginManager: Mounting plugin KDevelopSourceCodeAccess
LogPluginManager: Mounting plugin NullSourceCodeAccess
LogPluginManager: Mounting plugin PerforceSourceControl
LogPluginManager: Mounting plugin SubversionSourceControl
LogPluginManager: Mounting plugin UObjectPlugin
LogPluginManager: Mounting plugin VisualStudioCodeSourceCodeAccess
LogPluginManager: Mounting plugin VisualStudioSourceCodeAccess
LogPluginManager: Mounting plugin XCodeSourceCodeAccess
LogPluginManager: Mounting plugin AssetManagerEditor
LogPluginManager: Mounting plugin CryptoKeys
LogPluginManager: Mounting plugin DataValidation
LogPluginManager: Mounting plugin EditorScriptingUtilities
LogPluginManager: Mounting plugin FacialAnimation
LogPluginManager: Mounting plugin GameplayTagsEditor
LogPluginManager: Mounting plugin GLTFImporter
LogPluginManager: Mounting plugin MacGraphicsSwitching
LogPluginManager: Mounting plugin MaterialAnalyzer
LogPluginManager: Mounting plugin MeshEditor
LogPluginManager: Mounting plugin MobileLauncherProfileWizard
LogPluginManager: Mounting plugin PluginBrowser
LogPluginManager: Mounting plugin SpeedTreeImporter
LogPluginManager: Mounting plugin DatasmithContent
LogPluginManager: Mounting plugin VariantManagerContent
LogPluginManager: Mounting plugin AlembicImporter
LogPluginManager: Mounting plugin AppleImageUtils
LogPluginManager: Mounting plugin AppleVision
LogPluginManager: Mounting plugin BackChannel
LogPluginManager: Mounting plugin BlastPlugin
LogPluginManager: Mounting plugin ChaosSolverPlugin
LogPluginManager: Mounting plugin CharacterAI
LogPluginManager: Mounting plugin GeometryCache
LogPluginManager: Mounting plugin GeometryCollectionPlugin
LogPluginManager: Mounting plugin HTML5Networking
LogPluginManager: Mounting plugin ProxyLODPlugin
LogPluginManager: Mounting plugin SkeletalReduction
LogPluginManager: Mounting plugin MagicLeap
LogPluginManager: Mounting plugin MagicLeapMedia
LogPluginManager: Mounting plugin AndroidMedia
LogPluginManager: Mounting plugin AvfMedia
LogPluginManager: Mounting plugin ImgMedia
LogPluginManager: Mounting plugin LinearTimecode
LogPluginManager: Mounting plugin MediaCompositing
LogPluginManager: Mounting plugin MediaPlayerEditor
LogPluginManager: Mounting plugin WebMMedia
LogPluginManager: Mounting plugin WmfMedia
LogPluginManager: Mounting plugin TcpMessaging
LogPluginManager: Mounting plugin UdpMessaging
LogPluginManager: Mounting plugin ActorSequence
LogPluginManager: Mounting plugin LevelSequenceEditor
LogPluginManager: Mounting plugin MatineeToLevelSequence
LogPluginManager: Mounting plugin NetcodeUnitTest
LogPluginManager: Mounting plugin NUTUnrealEngine4
LogPluginManager: Mounting plugin OnlineSubsystemGooglePlay
LogPluginManager: Mounting plugin OnlineSubsystemIOS
LogPluginManager: Mounting plugin OnlineSubsystem
LogPluginManager: Mounting plugin OnlineSubsystemNull
LogPluginManager: Mounting plugin OnlineSubsystemUtils
LogPluginManager: Mounting plugin LauncherChunkInstaller
LogPluginManager: Mounting plugin AndroidDeviceProfileSelector
LogPluginManager: Mounting plugin AndroidMoviePlayer
LogPluginManager: Mounting plugin AndroidPermission
LogPluginManager: Mounting plugin AppleMoviePlayer
LogPluginManager: Mounting plugin ArchVisCharacter
LogPluginManager: Mounting plugin AudioCapture
LogPluginManager: Mounting plugin CableComponent
LogPluginManager: Mounting plugin CustomMeshComponent
LogPluginManager: Mounting plugin EditableMesh
LogPluginManager: Mounting plugin ExampleDeviceProfileSelector
LogPluginManager: Mounting plugin Firebase
LogPluginManager: Mounting plugin GoogleCloudMessaging
LogPluginManager: Mounting plugin IOSDeviceProfileSelector
LogPluginManager: Mounting plugin LinuxDeviceProfileSelector
LogPluginManager: Mounting plugin LocationServicesBPLibrary
LogPluginManager: Mounting plugin MobilePatchingUtils
LogPluginManager: Mounting plugin OculusVR
LogPluginManager: Mounting plugin PhysXVehicles
LogPluginManager: Mounting plugin ProceduralMeshComponent
LogPluginManager: Mounting plugin RuntimePhysXCooking
LogPluginManager: Mounting plugin SignificanceManager
LogPluginManager: Mounting plugin SteamVR
LogPluginManager: Mounting plugin WebMMoviePlayer
LogPluginManager: Mounting plugin WindowsMoviePlayer
LogPluginManager: Mounting plugin DatasmithCADImporter
LogPluginManager: Mounting plugin DatasmithDataPrepEditor
LogPluginManager: Mounting plugin DatasmithFBXImporter
LogPluginManager: Mounting plugin DatasmithGLTFImporter
LogPluginManager: Mounting plugin DatasmithImporter
LogPluginManager: Mounting plugin MDLImporter
LogPluginManager: Mounting plugin StaticMeshEditorExtension
LogPluginManager: Mounting plugin VariantManager
LogInit: Using libcurl 7.55.1-DEV
LogInit:  - built for x86_64-pc-win32
LogInit:  - supports SSL with OpenSSL/1.1.1
LogInit:  - supports HTTP deflate (compression) using libz 1.2.8
LogInit:  - other features:
LogInit:      CURL_VERSION_SSL
LogInit:      CURL_VERSION_LIBZ
LogInit:      CURL_VERSION_IPV6
LogInit:      CURL_VERSION_ASYNCHDNS
LogInit:      CURL_VERSION_LARGEFILE
LogInit:      CURL_VERSION_IDN
LogInit:  CurlRequestOptions (configurable via config and command line):
LogInit:  - bVerifyPeer = true  - Libcurl will verify peer certificate
LogInit:  - bUseHttpProxy = false  - Libcurl will NOT use HTTP proxy
LogInit:  - bDontReuseConnections = false  - Libcurl will reuse connections
LogInit:  - MaxHostConnections = 16  - Libcurl will limit the number of connections to a host
LogInit:  - LocalHostAddr = Default
LogInit:  - BufferSize = 65536
LogInit: WinSock: version 1.1 (2.2), MaxSocks=32767, MaxUdp=65467
LogHMD: Failed initializing OVRPlugin 1.32.0
LogInit: Build: ++UE4+Release-4.22-CL-7053642
LogInit: Engine Version: 4.22.3-7053642+++UE4+Release-4.22
LogInit: Compatible Engine Version: 4.22.0-5660361+++UE4+Release-4.22
LogInit: Net CL: 5660361
LogInit: OS: Windows 10 (Release 1903) (), CPU: Intel(R) Core(TM) i7-7700HQ CPU @ 2.80GHz, GPU: NVIDIA GeForce GTX 1070
LogInit: Compiled (64-bit): Jun 18 2019 03:09:11
LogInit: Compiled with Visual C++: 19.16.27025.01
LogInit: Build Configuration: Development
LogInit: Branch Name: ++UE4+Release-4.22
LogInit: Command Line: 
LogInit: Base Directory: D:/TheBestGame/UE_4.22/Engine/Binaries/Win64/
LogInit: Installed Engine Build: 1
LogDevObjectVersion: Number of dev versions registered: 23
LogDevObjectVersion:   Dev-Blueprints (B0D832E4-1F89-4F0D-ACCF-7EB736FD4AA2): 10
LogDevObjectVersion:   Dev-Build (E1C64328-A22C-4D53-A36C-8E866417BD8C): 0
LogDevObjectVersion:   Dev-Core (375EC13C-06E4-48FB-B500-84F0262A717E): 3
LogDevObjectVersion:   Dev-Editor (E4B068ED-F494-42E9-A231-DA0B2E46BB41): 30
LogDevObjectVersion:   Dev-Framework (CFFC743F-43B0-4480-9391-14DF171D2073): 35
LogDevObjectVersion:   Dev-Mobile (B02B49B5-BB20-44E9-A304-32B752E40360): 2
LogDevObjectVersion:   Dev-Networking (A4E4105C-59A1-49B5-A7C5-40C4547EDFEE): 0
LogDevObjectVersion:   Dev-Online (39C831C9-5AE6-47DC-9A44-9C173E1C8E7C): 0
LogDevObjectVersion:   Dev-Physics (78F01B33-EBEA-4F98-B9B4-84EACCB95AA2): 0
LogDevObjectVersion:   Dev-Platform (6631380F-2D4D-43E0-8009-CF276956A95A): 0
LogDevObjectVersion:   Dev-Rendering (12F88B9F-8875-4AFC-A67C-D90C383ABD29): 28
LogDevObjectVersion:   Dev-Sequencer (7B5AE74C-D270-4C10-A958-57980B212A5A): 11
LogDevObjectVersion:   Dev-VR (D7296918-1DD6-4BDD-9DE2-64A83CC13884): 2
LogDevObjectVersion:   Dev-LoadTimes (C2A15278-BFE7-4AFE-6C17-90FF531DF755): 1
LogDevObjectVersion:   Private-Geometry (6EACA3D4-40EC-4CC1-B786-8BED09428FC5): 3
LogDevObjectVersion:   Dev-AnimPhys (29E575DD-E0A3-4627-9D10-D276232CDCEA): 17
LogDevObjectVersion:   Dev-Anim (AF43A65D-7FD3-4947-9873-3E8ED9C1BB05): 2
LogDevObjectVersion:   Dev-ReflectionCapture (6B266CEC-1EC7-4B8F-A30B-E4D90942FC07): 1
LogDevObjectVersion:   Dev-Automation (0DF73D61-A23F-47EA-B727-89E90C41499A): 1
LogDevObjectVersion:   FortniteMain (601D1886-AC64-4F84-AA16-D3DE0DEAC7D6): 25
LogDevObjectVersion:   Dev-Enterprise (9DFFBCD6-494F-0158-E221-12823C92A888): 6
LogDevObjectVersion:   Dev-Niagara (F2AED0AC-9AFE-416F-8664-AA7FFA26D6FC): 1
LogDevObjectVersion:   Dev-Destruction (174F1F0B-B4C6-45A5-B13F-2EE8D0FB917D): 2
LogInit: Presizing for max 16777216 objects, including 0 objects not considered by GC, pre-allocating 0 bytes for permanent pool.
LogInit: Object subsystem initialized
LogConfig: Setting CVar [[con.DebugEarlyDefault:1]]
LogConfig: Setting CVar [[r.setres:1280x720]]
[2020.02.05-23.43.41:071][  0]LogConfig: Setting CVar [[r.VSync:0]]
[2020.02.05-23.43.41:071][  0]LogConfig: Setting CVar [[r.RHICmdBypass:0]]
[2020.02.05-23.43.41:071][  0]LogConfig: Applying CVar settings from Section [/Script/Engine.RendererSettings] File [C:/SeniorProject/PollutionProject/SeniorProject/Saved/Config/Windows/Engine.ini]
[2020.02.05-23.43.41:071][  0]LogConfig: Setting CVar [[r.GPUCrashDebugging:0]]
[2020.02.05-23.43.41:071][  0]LogConfig: Setting CVar [[r.DefaultFeature.AutoExposure.ExtendDefaultLuminanceRange:1]]
[2020.02.05-23.43.41:071][  0]LogConfig: Setting CVar [[r.GenerateMeshDistanceFields:1]]
[2020.02.05-23.43.41:071][  0]LogConfig: Applying CVar settings from Section [/Script/Engine.RendererOverrideSettings] File [C:/SeniorProject/PollutionProject/SeniorProject/Saved/Config/Windows/Engine.ini]
[2020.02.05-23.43.41:071][  0]LogConfig: Applying CVar settings from Section [/Script/Engine.StreamingSettings] File [C:/SeniorProject/PollutionProject/SeniorProject/Saved/Config/Windows/Engine.ini]
[2020.02.05-23.43.41:071][  0]LogConfig: Setting CVar [[s.MinBulkDataSizeForAsyncLoading:131072]]
[2020.02.05-23.43.41:071][  0]LogConfig: Setting CVar [[s.AsyncLoadingThreadEnabled:0]]
[2020.02.05-23.43.41:071][  0]LogConfig: Setting CVar [[s.EventDrivenLoaderEnabled:1]]
[2020.02.05-23.43.41:071][  0]LogConfig: Setting CVar [[s.WarnIfTimeLimitExceeded:0]]
[2020.02.05-23.43.41:071][  0]LogConfig: Setting CVar [[s.TimeLimitExceededMultiplier:1.5]]
[2020.02.05-23.43.41:071][  0]LogConfig: Setting CVar [[s.TimeLimitExceededMinTime:0.005]]
[2020.02.05-23.43.41:071][  0]LogConfig: Setting CVar [[s.UseBackgroundLevelStreaming:1]]
[2020.02.05-23.43.41:071][  0]LogConfig: Setting CVar [[s.PriorityAsyncLoadingExtraTime:15.0]]
[2020.02.05-23.43.41:071][  0]LogConfig: Setting CVar [[s.LevelStreamingActorsUpdateTimeLimit:5.0]]
[2020.02.05-23.43.41:071][  0]LogConfig: Setting CVar [[s.PriorityLevelStreamingActorsUpdateExtraTime:5.0]]
[2020.02.05-23.43.41:071][  0]LogConfig: Setting CVar [[s.LevelStreamingComponentsRegistrationGranularity:10]]
[2020.02.05-23.43.41:071][  0]LogConfig: Setting CVar [[s.UnregisterComponentsTimeLimit:1.0]]
[2020.02.05-23.43.41:071][  0]LogConfig: Setting CVar [[s.LevelStreamingComponentsUnregistrationGranularity:5]]
[2020.02.05-23.43.41:071][  0]LogConfig: Applying CVar settings from Section [/Script/Engine.GarbageCollectionSettings] File [C:/SeniorProject/PollutionProject/SeniorProject/Saved/Config/Windows/Engine.ini]
[2020.02.05-23.43.41:071][  0]LogConfig: Setting CVar [[gc.MaxObjectsNotConsideredByGC:1]]
[2020.02.05-23.43.41:071][  0]LogConfig: Setting CVar [[gc.SizeOfPermanentObjectPool:0]]
[2020.02.05-23.43.41:071][  0]LogConfig: Setting CVar [[gc.FlushStreamingOnGC:0]]
[2020.02.05-23.43.41:071][  0]LogConfig: Setting CVar [[gc.NumRetriesBeforeForcingGC:10]]
[2020.02.05-23.43.41:071][  0]LogConfig: Setting CVar [[gc.AllowParallelGC:1]]
[2020.02.05-23.43.41:071][  0]LogConfig: Setting CVar [[gc.TimeBetweenPurgingPendingKillObjects:61.1]]
[2020.02.05-23.43.41:071][  0]LogConfig: Setting CVar [[gc.MaxObjectsInEditor:16777216]]
[2020.02.05-23.43.41:071][  0]LogConfig: Setting CVar [[gc.IncrementalBeginDestroyEnabled:1]]
[2020.02.05-23.43.41:071][  0]LogConfig: Setting CVar [[gc.CreateGCClusters:1]]
[2020.02.05-23.43.41:071][  0]LogConfig: Setting CVar [[gc.MinGCClusterSize:5]]
[2020.02.05-23.43.41:071][  0]LogConfig: Setting CVar [[gc.ActorClusteringEnabled:0]]
[2020.02.05-23.43.41:071][  0]LogConfig: Setting CVar [[gc.BlueprintClusteringEnabled:0]]
[2020.02.05-23.43.41:071][  0]LogConfig: Setting CVar [[gc.UseDisregardForGCOnDedicatedServers:0]]
[2020.02.05-23.43.41:071][  0]LogConfig: Applying CVar settings from Section [/Script/Engine.NetworkSettings] File [C:/SeniorProject/PollutionProject/SeniorProject/Saved/Config/Windows/Engine.ini]
[2020.02.05-23.43.41:071][  0]LogConfig: Applying CVar settings from Section [/Script/UnrealEd.CookerSettings] File [C:/SeniorProject/PollutionProject/SeniorProject/Saved/Config/Windows/Engine.ini]
[2020.02.05-23.43.41:075][  0]LogConfig: Applying CVar settings from Section [ViewDistanceQuality@3] File [C:/SeniorProject/PollutionProject/SeniorProject/Saved/Config/Windows/Scalability.ini]
[2020.02.05-23.43.41:075][  0]LogConfig: Setting CVar [[r.SkeletalMeshLODBias:0]]
[2020.02.05-23.43.41:075][  0]LogConfig: Setting CVar [[r.ViewDistanceScale:1.0]]
[2020.02.05-23.43.41:075][  0]LogConfig: Applying CVar settings from Section [AntiAliasingQuality@3] File [C:/SeniorProject/PollutionProject/SeniorProject/Saved/Config/Windows/Scalability.ini]
[2020.02.05-23.43.41:075][  0]LogConfig: Setting CVar [[r.PostProcessAAQuality:4]]
[2020.02.05-23.43.41:075][  0]LogConfig: Applying CVar settings from Section [ShadowQuality@3] File [C:/SeniorProject/PollutionProject/SeniorProject/Saved/Config/Windows/Scalability.ini]
[2020.02.05-23.43.41:075][  0]LogConfig: Setting CVar [[r.LightFunctionQuality:1]]
[2020.02.05-23.43.41:075][  0]LogConfig: Setting CVar [[r.ShadowQuality:5]]
[2020.02.05-23.43.41:075][  0]LogConfig: Setting CVar [[r.Shadow.CSM.MaxCascades:10]]
[2020.02.05-23.43.41:075][  0]LogConfig: Setting CVar [[r.Shadow.MaxResolution:2048]]
[2020.02.05-23.43.41:075][  0]LogConfig: Setting CVar [[r.Shadow.MaxCSMResolution:2048]]
[2020.02.05-23.43.41:075][  0]LogConfig: Setting CVar [[r.Shadow.RadiusThreshold:0.01]]
[2020.02.05-23.43.41:075][  0]LogConfig: Setting CVar [[r.Shadow.DistanceScale:1.0]]
[2020.02.05-23.43.41:075][  0]LogConfig: Setting CVar [[r.Shadow.CSM.TransitionScale:1.0]]
[2020.02.05-23.43.41:075][  0]LogConfig: Setting CVar [[r.Shadow.PreShadowResolutionFactor:1.0]]
[2020.02.05-23.43.41:075][  0]LogConfig: Setting CVar [[r.DistanceFieldShadowing:1]]
[2020.02.05-23.43.41:075][  0]LogConfig: Setting CVar [[r.DistanceFieldAO:1]]
[2020.02.05-23.43.41:075][  0]LogConfig: Setting CVar [[r.AOQuality:2]]
[2020.02.05-23.43.41:075][  0]LogConfig: Setting CVar [[r.VolumetricFog:1]]
[2020.02.05-23.43.41:075][  0]LogConfig: Setting CVar [[r.VolumetricFog.GridPixelSize:8]]
[2020.02.05-23.43.41:075][  0]LogConfig: Setting CVar [[r.VolumetricFog.GridSizeZ:128]]
[2020.02.05-23.43.41:075][  0]LogConfig: Setting CVar [[r.VolumetricFog.HistoryMissSupersampleCount:4]]
[2020.02.05-23.43.41:075][  0]LogConfig: Setting CVar [[r.LightMaxDrawDistanceScale:1]]
[2020.02.05-23.43.41:075][  0]LogConfig: Setting CVar [[r.CapsuleShadows:1]]
[2020.02.05-23.43.41:075][  0]LogConfig: Applying CVar settings from Section [PostProcessQuality@3] File [C:/SeniorProject/PollutionProject/SeniorProject/Saved/Config/Windows/Scalability.ini]
[2020.02.05-23.43.41:075][  0]LogConfig: Setting CVar [[r.MotionBlurQuality:4]]
[2020.02.05-23.43.41:075][  0]LogConfig: Setting CVar [[r.AmbientOcclusionMipLevelFactor:0.4]]
[2020.02.05-23.43.41:075][  0]LogConfig: Setting CVar [[r.AmbientOcclusionMaxQuality:100]]
[2020.02.05-23.43.41:075][  0]LogConfig: Setting CVar [[r.AmbientOcclusionLevels:-1]]
[2020.02.05-23.43.41:075][  0]LogConfig: Setting CVar [[r.AmbientOcclusionRadiusScale:1.0]]
[2020.02.05-23.43.41:075][  0]LogConfig: Setting CVar [[r.DepthOfFieldQuality:2]]
[2020.02.05-23.43.41:075][  0]LogConfig: Setting CVar [[r.RenderTargetPoolMin:400]]
[2020.02.05-23.43.41:075][  0]LogConfig: Setting CVar [[r.LensFlareQuality:2]]
[2020.02.05-23.43.41:075][  0]LogConfig: Setting CVar [[r.SceneColorFringeQuality:1]]
[2020.02.05-23.43.41:075][  0]LogConfig: Setting CVar [[r.EyeAdaptationQuality:2]]
[2020.02.05-23.43.41:075][  0]LogConfig: Setting CVar [[r.BloomQuality:5]]
[2020.02.05-23.43.41:075][  0]LogConfig: Setting CVar [[r.FastBlurThreshold:100]]
[2020.02.05-23.43.41:075][  0]LogConfig: Setting CVar [[r.Upscale.Quality:3]]
[2020.02.05-23.43.41:075][  0]LogConfig: Setting CVar [[r.Tonemapper.GrainQuantization:1]]
[2020.02.05-23.43.41:075][  0]LogConfig: Setting CVar [[r.LightShaftQuality:1]]
[2020.02.05-23.43.41:075][  0]LogConfig: Setting CVar [[r.Filter.SizeScale:1]]
[2020.02.05-23.43.41:075][  0]LogConfig: Setting CVar [[r.Tonemapper.Quality:5]]
[2020.02.05-23.43.41:075][  0]LogConfig: Setting CVar [[r.DOF.Gather.AccumulatorQuality:1        ; higher gathering accumulator quality]]
[2020.02.05-23.43.41:075][  0]LogConfig: Setting CVar [[r.DOF.Gather.PostfilterMethod:1          ; Median3x3 postfilering method]]
[2020.02.05-23.43.41:075][  0]LogConfig: Setting CVar [[r.DOF.Gather.EnableBokehSettings:0       ; no bokeh simulation when gathering]]
[2020.02.05-23.43.41:076][  0]LogConfig: Setting CVar [[r.DOF.Gather.RingCount:4                 ; medium number of samples when gathering]]
[2020.02.05-23.43.41:076][  0]LogConfig: Setting CVar [[r.DOF.Scatter.ForegroundCompositing:1    ; additive foreground scattering]]
[2020.02.05-23.43.41:076][  0]LogConfig: Setting CVar [[r.DOF.Scatter.BackgroundCompositing:2    ; additive background scattering]]
[2020.02.05-23.43.41:076][  0]LogConfig: Setting CVar [[r.DOF.Scatter.EnableBokehSettings:1      ; bokeh simulation when scattering]]
[2020.02.05-23.43.41:076][  0]LogConfig: Setting CVar [[r.DOF.Scatter.MaxSpriteRatio:0.1         ; only a maximum of 10% of scattered bokeh]]
[2020.02.05-23.43.41:076][  0]LogConfig: Setting CVar [[r.DOF.Recombine.Quality:1                ; cheap slight out of focus]]
[2020.02.05-23.43.41:076][  0]LogConfig: Setting CVar [[r.DOF.Recombine.EnableBokehSettings:0    ; no bokeh simulation on slight out of focus]]
[2020.02.05-23.43.41:076][  0]LogConfig: Setting CVar [[r.DOF.TemporalAAQuality:1                ; more stable temporal accumulation]]
[2020.02.05-23.43.41:076][  0]LogConfig: Setting CVar [[r.DOF.Kernel.MaxForegroundRadius:0.025]]
[2020.02.05-23.43.41:076][  0]LogConfig: Setting CVar [[r.DOF.Kernel.MaxBackgroundRadius:0.025]]
[2020.02.05-23.43.41:076][  0]LogConfig: Applying CVar settings from Section [TextureQuality@3] File [C:/SeniorProject/PollutionProject/SeniorProject/Saved/Config/Windows/Scalability.ini]
[2020.02.05-23.43.41:076][  0]LogConfig: Setting CVar [[r.Streaming.MipBias:0]]
[2020.02.05-23.43.41:076][  0]LogConfig: Setting CVar [[r.Streaming.AmortizeCPUToGPUCopy:0]]
[2020.02.05-23.43.41:076][  0]LogConfig: Setting CVar [[r.Streaming.MaxNumTexturesToStreamPerFrame:0]]
[2020.02.05-23.43.41:076][  0]LogConfig: Setting CVar [[r.Streaming.Boost:1]]
[2020.02.05-23.43.41:076][  0]LogConfig: Setting CVar [[r.MaxAnisotropy:8]]
[2020.02.05-23.43.41:076][  0]LogConfig: Setting CVar [[r.Streaming.LimitPoolSizeToVRAM:0]]
[2020.02.05-23.43.41:076][  0]LogConfig: Setting CVar [[r.Streaming.PoolSize:1000]]
[2020.02.05-23.43.41:076][  0]LogConfig: Setting CVar [[r.Streaming.MaxEffectiveScreenSize:0]]
[2020.02.05-23.43.41:076][  0]LogConfig: Applying CVar settings from Section [EffectsQuality@3] File [C:/SeniorProject/PollutionProject/SeniorProject/Saved/Config/Windows/Scalability.ini]
[2020.02.05-23.43.41:076][  0]LogConfig: Setting CVar [[r.TranslucencyLightingVolumeDim:64]]
[2020.02.05-23.43.41:076][  0]LogConfig: Setting CVar [[r.RefractionQuality:2]]
[2020.02.05-23.43.41:076][  0]LogConfig: Setting CVar [[r.SSR.Quality:3]]
[2020.02.05-23.43.41:076][  0]LogConfig: Setting CVar [[r.SceneColorFormat:4]]
[2020.02.05-23.43.41:076][  0]LogConfig: Setting CVar [[r.DetailMode:2]]
[2020.02.05-23.43.41:076][  0]LogConfig: Setting CVar [[r.TranslucencyVolumeBlur:1]]
[2020.02.05-23.43.41:076][  0]LogConfig: Setting CVar [[r.MaterialQualityLevel:1 ; High quality]]
[2020.02.05-23.43.41:076][  0]LogConfig: Setting CVar [[r.SSS.Scale:1]]
[2020.02.05-23.43.41:076][  0]LogConfig: Setting CVar [[r.SSS.SampleSet:2]]
[2020.02.05-23.43.41:076][  0]LogConfig: Setting CVar [[r.SSS.Quality:1]]
[2020.02.05-23.43.41:076][  0]LogConfig: Setting CVar [[r.SSS.HalfRes:1]]
[2020.02.05-23.43.41:076][  0]LogConfig: Setting CVar [[r.EmitterSpawnRateScale:1.0]]
[2020.02.05-23.43.41:076][  0]LogConfig: Setting CVar [[r.ParticleLightQuality:2]]
[2020.02.05-23.43.41:076][  0]LogConfig: Applying CVar settings from Section [FoliageQuality@3] File [C:/SeniorProject/PollutionProject/SeniorProject/Saved/Config/Windows/Scalability.ini]
[2020.02.05-23.43.41:076][  0]LogConfig: Setting CVar [[foliage.DensityScale:1.0]]
[2020.02.05-23.43.41:076][  0]LogConfig: Setting CVar [[grass.DensityScale:1.0]]
[2020.02.05-23.43.41:076][  0]LogInit: Selected Device Profile: [Windows]
[2020.02.05-23.43.41:076][  0]LogInit: Applying CVar settings loaded from the selected device profile: [Windows]
[2020.02.05-23.43.41:093][  0]LogHAL: Display: Platform has ~ 16 GB [17130708992 / 17179869184 / 16], which maps to Larger [LargestMinGB=32, LargerMinGB=12, DefaultMinGB=8, SmallerMinGB=6, SmallestMinGB=0)
[2020.02.05-23.43.41:093][  0]LogConfig: Setting CVar [[r.Vulkan.UseRealUBs:0		; Required until we fix HLR fall-out]]
[2020.02.05-23.43.41:093][  0]LogInit: Going up to parent DeviceProfile []
[2020.02.05-23.43.41:093][  0]LogConfig: Applying CVar settings from Section [ViewDistanceQuality@3] File [C:/SeniorProject/PollutionProject/SeniorProject/Saved/Config/Windows/Scalability.ini]
[2020.02.05-23.43.41:093][  0]LogConfig: Setting CVar [[r.SkeletalMeshLODBias:0]]
[2020.02.05-23.43.41:093][  0]LogConfig: Setting CVar [[r.ViewDistanceScale:1.0]]
[2020.02.05-23.43.41:093][  0]LogConfig: Applying CVar settings from Section [AntiAliasingQuality@3] File [C:/SeniorProject/PollutionProject/SeniorProject/Saved/Config/Windows/Scalability.ini]
[2020.02.05-23.43.41:093][  0]LogConfig: Setting CVar [[r.PostProcessAAQuality:4]]
[2020.02.05-23.43.41:093][  0]LogConfig: Applying CVar settings from Section [ShadowQuality@3] File [C:/SeniorProject/PollutionProject/SeniorProject/Saved/Config/Windows/Scalability.ini]
[2020.02.05-23.43.41:093][  0]LogConfig: Setting CVar [[r.LightFunctionQuality:1]]
[2020.02.05-23.43.41:093][  0]LogConfig: Setting CVar [[r.ShadowQuality:5]]
[2020.02.05-23.43.41:093][  0]LogConfig: Setting CVar [[r.Shadow.CSM.MaxCascades:10]]
[2020.02.05-23.43.41:093][  0]LogConfig: Setting CVar [[r.Shadow.MaxResolution:2048]]
[2020.02.05-23.43.41:093][  0]LogConfig: Setting CVar [[r.Shadow.MaxCSMResolution:2048]]
[2020.02.05-23.43.41:093][  0]LogConfig: Setting CVar [[r.Shadow.RadiusThreshold:0.01]]
[2020.02.05-23.43.41:093][  0]LogConfig: Setting CVar [[r.Shadow.DistanceScale:1.0]]
[2020.02.05-23.43.41:093][  0]LogConfig: Setting CVar [[r.Shadow.CSM.TransitionScale:1.0]]
[2020.02.05-23.43.41:093][  0]LogConfig: Setting CVar [[r.Shadow.PreShadowResolutionFactor:1.0]]
[2020.02.05-23.43.41:093][  0]LogConfig: Setting CVar [[r.DistanceFieldShadowing:1]]
[2020.02.05-23.43.41:094][  0]LogConfig: Setting CVar [[r.DistanceFieldAO:1]]
[2020.02.05-23.43.41:094][  0]LogConfig: Setting CVar [[r.AOQuality:2]]
[2020.02.05-23.43.41:094][  0]LogConfig: Setting CVar [[r.VolumetricFog:1]]
[2020.02.05-23.43.41:094][  0]LogConfig: Setting CVar [[r.VolumetricFog.GridPixelSize:8]]
[2020.02.05-23.43.41:094][  0]LogConfig: Setting CVar [[r.VolumetricFog.GridSizeZ:128]]
[2020.02.05-23.43.41:094][  0]LogConfig: Setting CVar [[r.VolumetricFog.HistoryMissSupersampleCount:4]]
[2020.02.05-23.43.41:094][  0]LogConfig: Setting CVar [[r.LightMaxDrawDistanceScale:1]]
[2020.02.05-23.43.41:094][  0]LogConfig: Setting CVar [[r.CapsuleShadows:1]]
[2020.02.05-23.43.41:094][  0]LogConfig: Applying CVar settings from Section [PostProcessQuality@3] File [C:/SeniorProject/PollutionProject/SeniorProject/Saved/Config/Windows/Scalability.ini]
[2020.02.05-23.43.41:094][  0]LogConfig: Setting CVar [[r.MotionBlurQuality:4]]
[2020.02.05-23.43.41:094][  0]LogConfig: Setting CVar [[r.AmbientOcclusionMipLevelFactor:0.4]]
[2020.02.05-23.43.41:094][  0]LogConfig: Setting CVar [[r.AmbientOcclusionMaxQuality:100]]
[2020.02.05-23.43.41:094][  0]LogConfig: Setting CVar [[r.AmbientOcclusionLevels:-1]]
[2020.02.05-23.43.41:094][  0]LogConfig: Setting CVar [[r.AmbientOcclusionRadiusScale:1.0]]
[2020.02.05-23.43.41:094][  0]LogConfig: Setting CVar [[r.DepthOfFieldQuality:2]]
[2020.02.05-23.43.41:094][  0]LogConfig: Setting CVar [[r.RenderTargetPoolMin:400]]
[2020.02.05-23.43.41:094][  0]LogConfig: Setting CVar [[r.LensFlareQuality:2]]
[2020.02.05-23.43.41:094][  0]LogConfig: Setting CVar [[r.SceneColorFringeQuality:1]]
[2020.02.05-23.43.41:094][  0]LogConfig: Setting CVar [[r.EyeAdaptationQuality:2]]
[2020.02.05-23.43.41:094][  0]LogConfig: Setting CVar [[r.BloomQuality:5]]
[2020.02.05-23.43.41:094][  0]LogConfig: Setting CVar [[r.FastBlurThreshold:100]]
[2020.02.05-23.43.41:094][  0]LogConfig: Setting CVar [[r.Upscale.Quality:3]]
[2020.02.05-23.43.41:094][  0]LogConfig: Setting CVar [[r.Tonemapper.GrainQuantization:1]]
[2020.02.05-23.43.41:094][  0]LogConfig: Setting CVar [[r.LightShaftQuality:1]]
[2020.02.05-23.43.41:094][  0]LogConfig: Setting CVar [[r.Filter.SizeScale:1]]
[2020.02.05-23.43.41:094][  0]LogConfig: Setting CVar [[r.Tonemapper.Quality:5]]
[2020.02.05-23.43.41:094][  0]LogConfig: Setting CVar [[r.DOF.Gather.AccumulatorQuality:1        ; higher gathering accumulator quality]]
[2020.02.05-23.43.41:094][  0]LogConfig: Setting CVar [[r.DOF.Gather.PostfilterMethod:1          ; Median3x3 postfilering method]]
[2020.02.05-23.43.41:094][  0]LogConfig: Setting CVar [[r.DOF.Gather.EnableBokehSettings:0       ; no bokeh simulation when gathering]]
[2020.02.05-23.43.41:094][  0]LogConfig: Setting CVar [[r.DOF.Gather.RingCount:4                 ; medium number of samples when gathering]]
[2020.02.05-23.43.41:094][  0]LogConfig: Setting CVar [[r.DOF.Scatter.ForegroundCompositing:1    ; additive foreground scattering]]
[2020.02.05-23.43.41:094][  0]LogConfig: Setting CVar [[r.DOF.Scatter.BackgroundCompositing:2    ; additive background scattering]]
[2020.02.05-23.43.41:094][  0]LogConfig: Setting CVar [[r.DOF.Scatter.EnableBokehSettings:1      ; bokeh simulation when scattering]]
[2020.02.05-23.43.41:094][  0]LogConfig: Setting CVar [[r.DOF.Scatter.MaxSpriteRatio:0.1         ; only a maximum of 10% of scattered bokeh]]
[2020.02.05-23.43.41:094][  0]LogConfig: Setting CVar [[r.DOF.Recombine.Quality:1                ; cheap slight out of focus]]
[2020.02.05-23.43.41:094][  0]LogConfig: Setting CVar [[r.DOF.Recombine.EnableBokehSettings:0    ; no bokeh simulation on slight out of focus]]
[2020.02.05-23.43.41:094][  0]LogConfig: Setting CVar [[r.DOF.TemporalAAQuality:1                ; more stable temporal accumulation]]
[2020.02.05-23.43.41:094][  0]LogConfig: Setting CVar [[r.DOF.Kernel.MaxForegroundRadius:0.025]]
[2020.02.05-23.43.41:094][  0]LogConfig: Setting CVar [[r.DOF.Kernel.MaxBackgroundRadius:0.025]]
[2020.02.05-23.43.41:094][  0]LogConfig: Applying CVar settings from Section [TextureQuality@3] File [C:/SeniorProject/PollutionProject/SeniorProject/Saved/Config/Windows/Scalability.ini]
[2020.02.05-23.43.41:094][  0]LogConfig: Setting CVar [[r.Streaming.MipBias:0]]
[2020.02.05-23.43.41:094][  0]LogConfig: Setting CVar [[r.Streaming.AmortizeCPUToGPUCopy:0]]
[2020.02.05-23.43.41:094][  0]LogConfig: Setting CVar [[r.Streaming.MaxNumTexturesToStreamPerFrame:0]]
[2020.02.05-23.43.41:095][  0]LogConfig: Setting CVar [[r.Streaming.Boost:1]]
[2020.02.05-23.43.41:095][  0]LogConfig: Setting CVar [[r.MaxAnisotropy:8]]
[2020.02.05-23.43.41:095][  0]LogConfig: Setting CVar [[r.Streaming.LimitPoolSizeToVRAM:0]]
[2020.02.05-23.43.41:095][  0]LogConfig: Setting CVar [[r.Streaming.PoolSize:1000]]
[2020.02.05-23.43.41:095][  0]LogConfig: Setting CVar [[r.Streaming.MaxEffectiveScreenSize:0]]
[2020.02.05-23.43.41:095][  0]LogConfig: Applying CVar settings from Section [EffectsQuality@3] File [C:/SeniorProject/PollutionProject/SeniorProject/Saved/Config/Windows/Scalability.ini]
[2020.02.05-23.43.41:095][  0]LogConfig: Setting CVar [[r.TranslucencyLightingVolumeDim:64]]
[2020.02.05-23.43.41:095][  0]LogConfig: Setting CVar [[r.RefractionQuality:2]]
[2020.02.05-23.43.41:095][  0]LogConfig: Setting CVar [[r.SSR.Quality:3]]
[2020.02.05-23.43.41:095][  0]LogConfig: Setting CVar [[r.SceneColorFormat:4]]
[2020.02.05-23.43.41:095][  0]LogConfig: Setting CVar [[r.DetailMode:2]]
[2020.02.05-23.43.41:095][  0]LogConfig: Setting CVar [[r.TranslucencyVolumeBlur:1]]
[2020.02.05-23.43.41:095][  0]LogConfig: Setting CVar [[r.MaterialQualityLevel:1 ; High quality]]
[2020.02.05-23.43.41:095][  0]LogConfig: Setting CVar [[r.SSS.Scale:1]]
[2020.02.05-23.43.41:095][  0]LogConfig: Setting CVar [[r.SSS.SampleSet:2]]
[2020.02.05-23.43.41:095][  0]LogConfig: Setting CVar [[r.SSS.Quality:1]]
[2020.02.05-23.43.41:095][  0]LogConfig: Setting CVar [[r.SSS.HalfRes:1]]
[2020.02.05-23.43.41:095][  0]LogConfig: Setting CVar [[r.EmitterSpawnRateScale:1.0]]
[2020.02.05-23.43.41:095][  0]LogConfig: Setting CVar [[r.ParticleLightQuality:2]]
[2020.02.05-23.43.41:095][  0]LogConfig: Applying CVar settings from Section [FoliageQuality@3] File [C:/SeniorProject/PollutionProject/SeniorProject/Saved/Config/Windows/Scalability.ini]
[2020.02.05-23.43.41:095][  0]LogConfig: Setting CVar [[foliage.DensityScale:1.0]]
[2020.02.05-23.43.41:095][  0]LogConfig: Setting CVar [[grass.DensityScale:1.0]]
[2020.02.05-23.43.41:095][  0]LogConfig: Applying CVar settings from Section [Startup] File [../../../Engine/Config/ConsoleVariables.ini]
[2020.02.05-23.43.41:095][  0]LogConfig: Setting CVar [[net.UseAdaptiveNetUpdateFrequency:0]]
[2020.02.05-23.43.41:095][  0]LogConfig: Setting CVar [[p.chaos.AllowCreatePhysxBodies:1]]
[2020.02.05-23.43.41:095][  0]LogConfig: Applying CVar settings from Section [ConsoleVariables] File [C:/SeniorProject/PollutionProject/SeniorProject/Saved/Config/Windows/Engine.ini]
[2020.02.05-23.43.41:095][  0]LogInit: Computer: DESKTOP-L1LT82N
[2020.02.05-23.43.41:095][  0]LogInit: User: Greg
[2020.02.05-23.43.41:095][  0]LogInit: CPU Page size=4096, Cores=4
[2020.02.05-23.43.41:095][  0]LogInit: High frequency timer resolution =10.000000 MHz
[2020.02.05-23.43.41:095][  0]LogMemory: Memory total: Physical=16.0GB (16GB approx)
[2020.02.05-23.43.41:096][  0]LogMemory: Platform Memory Stats for Windows
[2020.02.05-23.43.41:096][  0]LogMemory: Process Physical Memory: 104.23 MB used, 104.23 MB peak
[2020.02.05-23.43.41:096][  0]LogMemory: Process Virtual Memory: 106.90 MB used, 106.90 MB peak
[2020.02.05-23.43.41:096][  0]LogMemory: Physical Memory: 11232.83 MB used,  5104.29 MB free, 16337.12 MB total
[2020.02.05-23.43.41:096][  0]LogMemory: Virtual Memory: 4676.29 MB used,  134213048.00 MB free, 134217728.00 MB total
[2020.02.05-23.43.42:011][  0]LogInit: Using OS detected language (en-US).
[2020.02.05-23.43.42:011][  0]LogInit: Using OS detected locale (en-US).
[2020.02.05-23.43.42:012][  0]LogTextLocalizationManager: No specific localization for 'en-US' exists, so the 'en' localization will be used.
[2020.02.05-23.43.42:211][  0]LogInit: Setting process to per monitor DPI aware
[2020.02.05-23.43.42:259][  0]LogSlate: New Slate User Created.  User Index 0, Is Virtual User: 0
[2020.02.05-23.43.42:259][  0]LogSlate: Slate User Registered.  User Index 0, Is Virtual User: 0
[2020.02.05-23.43.42:477][  0]LogHMD: Failed to initialize OpenVR with code 110
[2020.02.05-23.43.42:477][  0]LogD3D11RHI: D3D11 adapters:
[2020.02.05-23.43.42:578][  0]LogD3D11RHI:    0. 'NVIDIA GeForce GTX 1070' (Feature Level 11_0)
[2020.02.05-23.43.42:578][  0]LogD3D11RHI:       8089/0/8168 MB DedicatedVideo/DedicatedSystem/SharedSystem, Outputs:1, VendorId:0x10de
[2020.02.05-23.43.42:581][  0]LogD3D11RHI:    1. 'Microsoft Basic Render Driver' (Feature Level 11_0)
[2020.02.05-23.43.42:581][  0]LogD3D11RHI:       0/0/8168 MB DedicatedVideo/DedicatedSystem/SharedSystem, Outputs:0, VendorId:0x1414
[2020.02.05-23.43.42:581][  0]LogD3D11RHI: Chosen D3D11 Adapter: 0
[2020.02.05-23.43.42:594][  0]LogD3D11RHI: Creating new Direct3DDevice
[2020.02.05-23.43.42:594][  0]LogD3D11RHI:     GPU DeviceId: 0x1be1 (for the marketing name, search the web for "GPU Device Id")
[2020.02.05-23.43.42:594][  0]LogWindows: EnumDisplayDevices:
[2020.02.05-23.43.42:594][  0]LogWindows:    0. 'NVIDIA GeForce GTX 1070' (P:1 D:1)
[2020.02.05-23.43.42:594][  0]LogWindows:    1. 'NVIDIA GeForce GTX 1070' (P:0 D:0)
[2020.02.05-23.43.42:595][  0]LogWindows:    2. 'NVIDIA GeForce GTX 1070' (P:0 D:0)
[2020.02.05-23.43.42:595][  0]LogWindows:    3. 'NVIDIA GeForce GTX 1070' (P:0 D:0)
[2020.02.05-23.43.42:595][  0]LogWindows: DebugString: FoundDriverCount:4 
[2020.02.05-23.43.42:595][  0]LogD3D11RHI:     Adapter Name: NVIDIA GeForce GTX 1070
[2020.02.05-23.43.42:595][  0]LogD3D11RHI:   Driver Version: 388.57 (internal:23.21.13.8857, unified:388.57)
[2020.02.05-23.43.42:595][  0]LogD3D11RHI:      Driver Date: 12-4-2017
[2020.02.05-23.43.42:595][  0]LogRHI: Texture pool is 5662 MB (70% of 8089 MB)
[2020.02.05-23.43.42:636][  0]LogD3D11RHI: Async texture creation enabled
[2020.02.05-23.43.42:639][  0]LogRendererCore: FGlobalReadBuffer::InitRHI
[2020.02.05-23.43.42:639][  0]LogRendererCore: FGlobalReadBuffer::InitRHI
[2020.02.05-23.43.42:639][  0]LogRendererCore: FGlobalReadBuffer::InitRHI
[2020.02.05-23.43.42:647][  0]LogD3D11RHI: GPU Timing Frequency: 1000.000000 (Debug: 2 1)
[2020.02.05-23.43.43:147][  0]LogTemp: Display: Module 'AllDesktopTargetPlatform' loaded TargetPlatform 'AllDesktop'
[2020.02.05-23.43.43:162][  0]LogTemp: Display: Module 'MacClientTargetPlatform' loaded TargetPlatform 'MacClient'
[2020.02.05-23.43.43:178][  0]LogTemp: Display: Module 'MacNoEditorTargetPlatform' loaded TargetPlatform 'MacNoEditor'
[2020.02.05-23.43.43:195][  0]LogTemp: Display: Module 'MacServerTargetPlatform' loaded TargetPlatform 'MacServer'
[2020.02.05-23.43.43:216][  0]LogTemp: Display: Module 'MacTargetPlatform' loaded TargetPlatform 'Mac'
[2020.02.05-23.43.43:233][  0]LogTemp: Display: Module 'WindowsClientTargetPlatform' loaded TargetPlatform 'WindowsClient'
[2020.02.05-23.43.43:249][  0]LogTemp: Display: Module 'WindowsNoEditorTargetPlatform' loaded TargetPlatform 'WindowsNoEditor'
[2020.02.05-23.43.43:266][  0]LogTemp: Display: Module 'WindowsServerTargetPlatform' loaded TargetPlatform 'WindowsServer'
[2020.02.05-23.43.43:274][  0]LogTemp: Display: Module 'WindowsTargetPlatform' loaded TargetPlatform 'Windows'
[2020.02.05-23.43.43:383][  0]LogTemp: Display: Module 'AndroidTargetPlatform' loaded TargetPlatform 'Android'
[2020.02.05-23.43.43:383][  0]LogTemp: Display: Module 'AndroidTargetPlatform' loaded TargetPlatform 'Android_ASTC'
[2020.02.05-23.43.43:383][  0]LogTemp: Display: Module 'AndroidTargetPlatform' loaded TargetPlatform 'Android_ATC'
[2020.02.05-23.43.43:383][  0]LogTemp: Display: Module 'AndroidTargetPlatform' loaded TargetPlatform 'Android_DXT'
[2020.02.05-23.43.43:383][  0]LogTemp: Display: Module 'AndroidTargetPlatform' loaded TargetPlatform 'Android_ETC1'
[2020.02.05-23.43.43:383][  0]LogTemp: Display: Module 'AndroidTargetPlatform' loaded TargetPlatform 'Android_ETC1a'
[2020.02.05-23.43.43:383][  0]LogTemp: Display: Module 'AndroidTargetPlatform' loaded TargetPlatform 'Android_ETC2'
[2020.02.05-23.43.43:383][  0]LogTemp: Display: Module 'AndroidTargetPlatform' loaded TargetPlatform 'Android_PVRTC'
[2020.02.05-23.43.43:383][  0]LogTemp: Display: Module 'AndroidTargetPlatform' loaded TargetPlatform 'AndroidClient'
[2020.02.05-23.43.43:383][  0]LogTemp: Display: Module 'AndroidTargetPlatform' loaded TargetPlatform 'Android_ASTCClient'
[2020.02.05-23.43.43:384][  0]LogTemp: Display: Module 'AndroidTargetPlatform' loaded TargetPlatform 'Android_ATCClient'
[2020.02.05-23.43.43:384][  0]LogTemp: Display: Module 'AndroidTargetPlatform' loaded TargetPlatform 'Android_DXTClient'
[2020.02.05-23.43.43:384][  0]LogTemp: Display: Module 'AndroidTargetPlatform' loaded TargetPlatform 'Android_ETC1Client'
[2020.02.05-23.43.43:384][  0]LogTemp: Display: Module 'AndroidTargetPlatform' loaded TargetPlatform 'Android_ETC1aClient'
[2020.02.05-23.43.43:384][  0]LogTemp: Display: Module 'AndroidTargetPlatform' loaded TargetPlatform 'Android_ETC2Client'
[2020.02.05-23.43.43:384][  0]LogTemp: Display: Module 'AndroidTargetPlatform' loaded TargetPlatform 'Android_PVRTCClient'
[2020.02.05-23.43.43:384][  0]LogTemp: Display: Module 'AndroidTargetPlatform' loaded TargetPlatform 'Android_Multi'
[2020.02.05-23.43.43:384][  0]LogTemp: Display: Module 'AndroidTargetPlatform' loaded TargetPlatform 'Android_MultiClient'
[2020.02.05-23.43.43:386][  0]LogTemp: Display: Module 'HTML5TargetPlatform' loaded TargetPlatform 'HTML5'
[2020.02.05-23.43.43:446][  0]LogTemp: Display: Module 'IOSTargetPlatform' loaded TargetPlatform 'IOSClient'
[2020.02.05-23.43.43:446][  0]LogTemp: Display: Module 'IOSTargetPlatform' loaded TargetPlatform 'IOS'
[2020.02.05-23.43.43:474][  0]LogTemp: Display: Module 'TVOSTargetPlatform' loaded TargetPlatform 'TVOSClient'
[2020.02.05-23.43.43:474][  0]LogTemp: Display: Module 'TVOSTargetPlatform' loaded TargetPlatform 'TVOS'
[2020.02.05-23.43.43:491][  0]LogTemp: Display: Module 'LinuxClientTargetPlatform' loaded TargetPlatform 'LinuxClient'
[2020.02.05-23.43.43:506][  0]LogTemp: Display: Module 'LinuxNoEditorTargetPlatform' loaded TargetPlatform 'LinuxNoEditor'
[2020.02.05-23.43.43:522][  0]LogTemp: Display: Module 'LinuxServerTargetPlatform' loaded TargetPlatform 'LinuxServer'
[2020.02.05-23.43.43:536][  0]LogTemp: Display: Module 'LinuxTargetPlatform' loaded TargetPlatform 'Linux'
[2020.02.05-23.43.43:587][  0]LogTemp: Display: Module 'LuminTargetPlatform' loaded TargetPlatform 'Lumin'
[2020.02.05-23.43.43:587][  0]LogTemp: Display: Module 'LuminTargetPlatform' loaded TargetPlatform 'LuminClient'
[2020.02.05-23.43.43:587][  0]LogTargetPlatformManager: Display: Building Assets For Windows
[2020.02.05-23.43.43:595][  0]LogAudioDebug: Display: Lib vorbis DLL was dynamically loaded.
[2020.02.05-23.43.43:640][  0]LogShaderCompilers: Guid format shader working directory is -3 characters bigger than the processId version (C:/SeniorProject/PollutionProject/SeniorProject/Intermediate/Shaders/WorkingDirectory/31704/).
[2020.02.05-23.43.43:640][  0]LogShaderCompilers: Cleaned the shader compiler working directory 'C:/Users/Greg/AppData/Local/Temp/UnrealShaderWorkingDir/C40D6D214A60A048F04F45881A4A0A55/'.
[2020.02.05-23.43.43:642][  0]LogXGEController: Cannot use XGE Controller as Incredibuild is not installed on this machine.
[2020.02.05-23.43.43:642][  0]LogShaderCompilers: Cannot use XGE Shader Compiler as Incredibuild is not installed on this machine.
[2020.02.05-23.43.43:642][  0]LogShaderCompilers: Display: Using Local Shader Compiler.
[2020.02.05-23.43.44:316][  0]LogDerivedDataCache: Display: Max Cache Size: 512 MB
[2020.02.05-23.43.44:376][  0]LogDerivedDataCache: Loaded boot cache 0.06s 73MB C:/Users/Greg/AppData/Local/UnrealEngine/4.22/DerivedDataCache/Boot.ddc.
[2020.02.05-23.43.44:376][  0]LogDerivedDataCache: Display: Loaded Boot cache: C:/Users/Greg/AppData/Local/UnrealEngine/4.22/DerivedDataCache/Boot.ddc
[2020.02.05-23.43.44:377][  0]LogDerivedDataCache: FDerivedDataBackendGraph:  Pak pak cache file C:/SeniorProject/PollutionProject/SeniorProject/DerivedDataCache/DDC.ddp not found, will not use a pak cache.
[2020.02.05-23.43.44:377][  0]LogDerivedDataCache: Unable to find inner node Pak for hierarchical cache Hierarchy.
[2020.02.05-23.43.44:377][  0]LogDerivedDataCache: FDerivedDataBackendGraph:  CompressedPak pak cache file C:/SeniorProject/PollutionProject/SeniorProject/DerivedDataCache/Compressed.ddp not found, will not use a pak cache.
[2020.02.05-23.43.44:377][  0]LogDerivedDataCache: Unable to find inner node CompressedPak for hierarchical cache Hierarchy.
[2020.02.05-23.43.44:394][  0]LogDerivedDataCache: Display: Pak cache opened for reading ../../../Engine/DerivedDataCache/Compressed.ddp.
[2020.02.05-23.43.44:399][  0]LogDerivedDataCache: Display: Pak cache opened for reading ../../../Enterprise/DerivedDataCache/Compressed.ddp.
[2020.02.05-23.43.44:411][  0]LogDerivedDataCache: Using Local data cache path C:/Users/Greg/AppData/Local/UnrealEngine/Common/DerivedDataCache: Writable
[2020.02.05-23.43.44:411][  0]LogDerivedDataCache: Shared data cache path not found in *engine.ini, will not use an Shared cache.
[2020.02.05-23.43.44:411][  0]LogDerivedDataCache: Unable to find inner node Shared for hierarchical cache Hierarchy.
[2020.02.05-23.43.44:442][  0]LogMaterial: Verifying Global Shaders for PCD3D_SM5
[2020.02.05-23.43.44:444][  0]LogSlate: Using FreeType 2.6.0
[2020.02.05-23.43.44:444][  0]LogSlate: SlateFontServices - WITH_FREETYPE: 1, WITH_HARFBUZZ: 1
[2020.02.05-23.43.44:544][  0]LogAssetRegistry: FAssetRegistry took 0.0358 seconds to start up
[2020.02.05-23.43.44:990][  0]LogInit: Selected Device Profile: [Windows]
[2020.02.05-23.43.45:167][  0]LogMeshReduction: Using QuadricMeshReduction for automatic static mesh reduction
[2020.02.05-23.43.45:167][  0]LogMeshReduction: Using SimplygonMeshReduction for automatic skeletal mesh reduction
[2020.02.05-23.43.45:167][  0]LogMeshReduction: Using ProxyLODMeshReduction for automatic mesh merging
[2020.02.05-23.43.45:167][  0]LogMeshReduction: No distributed automatic mesh merging module available
[2020.02.05-23.43.45:167][  0]LogMeshMerging: No distributed automatic mesh merging module available
[2020.02.05-23.43.45:179][  0]LogNetVersion: SeniorProject 1.0.0, NetCL: 5660361, EngineNetVer: 10, GameNetVer: 0 (Checksum: 993350713)
[2020.02.05-23.43.45:730][  0]LogPackageLocalizationCache: Processed 16 localized package path(s) for 1 prioritized culture(s) in 0.082539 seconds
[2020.02.05-23.43.45:740][  0]LogUObjectArray: 42205 objects as part of root set at end of initial load.
[2020.02.05-23.43.45:740][  0]LogUObjectAllocator: 7325032 out of 0 bytes used by permanent object pool.
[2020.02.05-23.43.45:740][  0]LogUObjectArray: CloseDisregardForGC: 0/0 objects in disregard for GC pool
[2020.02.05-23.43.46:731][  0]LogTcpMessaging: Initializing TcpMessaging bridge
[2020.02.05-23.43.46:745][  0]LogUdpMessaging: Initializing bridge on interface 0.0.0.0:0 to multicast group 230.0.0.1:6666.
[2020.02.05-23.43.47:044][  0]LogStats: FPlatformStackWalk::StackWalkAndDump -  0.204 s
[2020.02.05-23.43.47:044][  0]LogOutputDevice: Error: === Handled ensure: ===
[2020.02.05-23.43.47:044][  0]LogOutputDevice: Error: 
[2020.02.05-23.43.47:044][  0]LogOutputDevice: Error: Ensure condition failed: AttachmentRules.LocationRule == EAttachmentRule::KeepRelative && AttachmentRules.RotationRule == EAttachmentRule::KeepRelative && AttachmentRules.ScaleRule == EAttachmentRule::KeepRelative [File:D:\Build\++UE4\Sync\Engine\Source\Runtime\Engine\Private\Components\SceneComponent.cpp] [Line: 1786]
[2020.02.05-23.43.47:044][  0]LogOutputDevice: Error: AttachToComponent when called from a constructor is only setting up attachment and will always be treated as KeepRelative. Consider calling SetupAttachment directly instead.
[2020.02.05-23.43.47:044][  0]LogOutputDevice: Error: Stack: 
[2020.02.05-23.43.47:044][  0]LogOutputDevice: Error: [Callstack] 0x00007ffdc711cd89 UE4Editor-Engine.dll!UnknownFunction []
[2020.02.05-23.43.47:044][  0]LogOutputDevice: Error: [Callstack] 0x00007ffdc5f54fa1 UE4Editor-Engine.dll!UnknownFunction []
[2020.02.05-23.43.47:044][  0]LogOutputDevice: Error: [Callstack] 0x00007ffdc54f3da1 UE4Editor-SeniorProject-6224.dll!AFirstPersonCharacter::AFirstPersonCharacter() [C:\SeniorProject\PollutionProject\SeniorProject\Source\SeniorProject\Private\FirstPersonCharacter.cpp:178]
[2020.02.05-23.43.47:044][  0]LogOutputDevice: Error: [Callstack] 0x00007ffdfb10610f UE4Editor-CoreUObject.dll!UnknownFunction []
[2020.02.05-23.43.47:044][  0]LogOutputDevice: Error: [Callstack] 0x00007ffdfb341056 UE4Editor-CoreUObject.dll!UnknownFunction []
[2020.02.05-23.43.47:044][  0]LogOutputDevice: Error: [Callstack] 0x00007ffdfb32edef UE4Editor-CoreUObject.dll!UnknownFunction []
[2020.02.05-23.43.47:044][  0]LogOutputDevice: Error: [Callstack] 0x00007ffdfb10a727 UE4Editor-CoreUObject.dll!UnknownFunction []
[2020.02.05-23.43.47:044][  0]LogOutputDevice: Error: [Callstack] 0x00007ffdf7264a2b UE4Editor-Core.dll!UnknownFunction []
[2020.02.05-23.43.47:044][  0]LogOutputDevice: Error: [Callstack] 0x00007ffdf7435cb5 UE4Editor-Core.dll!UnknownFunction []
[2020.02.05-23.43.47:044][  0]LogOutputDevice: Error: [Callstack] 0x00007ffe23d68d67 UE4Editor-Projects.dll!UnknownFunction []
[2020.02.05-23.43.47:044][  0]LogOutputDevice: Error: [Callstack] 0x00007ffe23d68ff7 UE4Editor-Projects.dll!UnknownFunction []
[2020.02.05-23.43.47:044][  0]LogOutputDevice: Error: [Callstack] 0x00007ff6a5157eb1 UE4Editor.exe!UnknownFunction []
[2020.02.05-23.43.47:044][  0]LogOutputDevice: Error: [Callstack] 0x00007ff6a515d671 UE4Editor.exe!UnknownFunction []
[2020.02.05-23.43.47:044][  0]LogOutputDevice: Error: [Callstack] 0x00007ff6a5155377 UE4Editor.exe!UnknownFunction []
[2020.02.05-23.43.47:044][  0]LogOutputDevice: Error: [Callstack] 0x00007ff6a51555ca UE4Editor.exe!UnknownFunction []
[2020.02.05-23.43.47:044][  0]LogOutputDevice: Error: [Callstack] 0x00007ff6a516316c UE4Editor.exe!UnknownFunction []
[2020.02.05-23.43.47:044][  0]LogOutputDevice: Error: [Callstack] 0x00007ff6a5165b8e UE4Editor.exe!UnknownFunction []
[2020.02.05-23.43.47:044][  0]LogOutputDevice: Error: [Callstack] 0x00007ffe6d917bd4 KERNEL32.DLL!UnknownFunction []
[2020.02.05-23.43.47:044][  0]LogOutputDevice: Error: [Callstack] 0x00007ffe6e12ced1 ntdll.dll!UnknownFunction []
[2020.02.05-23.43.47:044][  0]LogOutputDevice: Error: 
[2020.02.05-23.43.47:059][  0]LogStats:                SubmitErrorReport -  0.000 s
[2020.02.05-23.43.47:657][  0]LogStats:                    SendNewReport -  0.598 s
[2020.02.05-23.43.47:657][  0]LogStats:             FDebug::EnsureFailed -  0.817 s
[2020.02.05-23.43.47:702][  0]SourceControl: Source control is disabled
[2020.02.05-23.43.48:335][  0]LogAndroidPermission: UAndroidPermissionCallbackProxy::GetInstance
[2020.02.05-23.43.48:452][  0]LogOcInput: OculusInput pre-init called
[2020.02.05-23.43.51:492][  0]LogEngine: Initializing Engine...
[2020.02.05-23.43.51:493][  0]LogHMD: Failed to initialize OpenVR with code 110
[2020.02.05-23.43.51:494][  0]LogStats: UGameplayTagsManager::InitializeManager -  0.000 s
[2020.02.05-23.43.51:909][  0]LogInit: Initializing FReadOnlyCVARCache
[2020.02.05-23.43.51:922][  0]LogAIModule: Creating AISystem for world Untitled
[2020.02.05-23.43.51:984][  0]LogInit: XAudio2 using 'Speakers (Realtek High Definition Audio)' : 6 channels at 48 kHz using 32 bits per sample (channel mask 0x3f)
[2020.02.05-23.43.52:244][  0]LogInit: FAudioDevice initialized.
[2020.02.05-23.43.52:244][  0]LogNetVersion: Set ProjectVersion to 1.0.0.0. Version Checksum will be recalculated on next use.
[2020.02.05-23.43.52:399][  0]LogDerivedDataCache: Saved boot cache 0.15s 73MB C:/Users/Greg/AppData/Local/UnrealEngine/4.22/DerivedDataCache/Boot.ddc.
[2020.02.05-23.43.52:412][  0]LogInit: Texture streaming: Enabled
[2020.02.05-23.43.52:435][  0]LogEngineSessionManager: EngineSessionManager initialized
[2020.02.05-23.43.52:466][  0]LogInit: Transaction tracking system initialized
[2020.02.05-23.43.52:494][  0]BlueprintLog: New page: Editor Load
[2020.02.05-23.43.52:578][  0]LocalizationService: Localization service is disabled
[2020.02.05-23.43.52:951][  0]LogCook: Display: Max memory allowance for cook 16384mb min free memory 0mb
[2020.02.05-23.43.52:951][  0]LogCook: Display: Mobile HDR setting 1
[2020.02.05-23.43.53:121][  0]LogFileCache: Scanning file cache for directory 'C:/SeniorProject/PollutionProject/SeniorProject/Content/' took 0.05s
[2020.02.05-23.43.54:917][  0]Cmd: MAP LOAD FILE="C:/SeniorProject/PollutionProject/SeniorProject/Content/Levels/GreyBoxLVL4.umap" TEMPLATE=0 SHOWPROGRESS=1 FEATURELEVEL=3
[2020.02.05-23.43.54:917][  0]LightingResults: New page: Lighting Build
[2020.02.05-23.43.54:920][  0]MapCheck: New page: Map Check
[2020.02.05-23.43.54:920][  0]LightingResults: New page: Lighting Build
[2020.02.05-23.43.54:960][  0]LogUObjectHash: Compacting FUObjectHashTables data took   2.59ms
[2020.02.05-23.44.00:255][  0]LogAIModule: Creating AISystem for world GreyBoxLVL4
[2020.02.05-23.44.02:214][  0]LogEditorServer: Finished looking for orphan Actors (0.001 secs)
[2020.02.05-23.44.02:352][  0]LogUObjectHash: Compacting FUObjectHashTables data took   5.22ms
[2020.02.05-23.44.02:352][  0]Cmd: MAP CHECKDEP NOCLEARLOG
[2020.02.05-23.44.02:353][  0]MapCheck: Map check complete: 0 Error(s), 0 Warning(s), took 0.669ms to complete.
[2020.02.05-23.44.02:353][  0]LogFileHelpers: Loading map 'GreyBoxLVL4' took 7.436
[2020.02.05-23.44.02:521][  0]LogSlate: Updating window title bar state: overlay mode, drag disabled, window buttons hidden, title bar hidden
[2020.02.05-23.44.02:534][  0]LogSlate: Updating window title bar state: overlay mode, drag disabled, window buttons hidden, title bar hidden
[2020.02.05-23.44.02:546][  0]LogSlate: Updating window title bar state: overlay mode, drag disabled, window buttons hidden, title bar hidden
[2020.02.05-23.44.02:558][  0]LogSlate: Updating window title bar state: overlay mode, drag disabled, window buttons hidden, title bar hidden
[2020.02.05-23.44.02:566][  0]LogCollectionManager: Loaded 0 collections in 0.001776 seconds
[2020.02.05-23.44.02:607][  0]LogFileCache: Scanning file cache for directory 'C:/SeniorProject/PollutionProject/SeniorProject/Saved/Collections/' took 0.01s
[2020.02.05-23.44.02:607][  0]LogFileCache: Scanning file cache for directory 'C:/SeniorProject/PollutionProject/SeniorProject/Content/Developers/Greg/Collections/' took 0.01s
[2020.02.05-23.44.02:607][  0]LogFileCache: Scanning file cache for directory 'C:/SeniorProject/PollutionProject/SeniorProject/Content/Collections/' took 0.01s
[2020.02.05-23.44.02:607][  0]LogCollectionManager: Rebuilt the GUID cache for 0 collections in 0.000000 seconds
[2020.02.05-23.44.02:626][  0]LogContentBrowser: Native class hierarchy populated in 0.0185 seconds. Added 2875 classes and 729 folders.
[2020.02.05-23.44.02:636][  0]LogContentBrowser: Native class hierarchy updated for 'WidgetCarousel' in 0.0007 seconds. Added 0 classes and 0 folders.
[2020.02.05-23.44.02:639][  0]LogPakFile: Registered encryption key '00000000000000000000000000000000': 0 pak files mounted, 0 remain pending
[2020.02.05-23.44.02:640][  0]LogPakFile: Registered encryption key '00000000000000000000000000000000': 0 pak files mounted, 0 remain pending
[2020.02.05-23.44.02:641][  0]LogPakFile: Registered encryption key '00000000000000000000000000000000': 0 pak files mounted, 0 remain pending
[2020.02.05-23.44.02:641][  0]LogPakFile: Registered encryption key '00000000000000000000000000000000': 0 pak files mounted, 0 remain pending
[2020.02.05-23.44.02:642][  0]LogPakFile: Registered encryption key '00000000000000000000000000000000': 0 pak files mounted, 0 remain pending
[2020.02.05-23.44.02:642][  0]LogPakFile: Registered encryption key '00000000000000000000000000000000': 0 pak files mounted, 0 remain pending
[2020.02.05-23.44.02:643][  0]LogPakFile: Registered encryption key '00000000000000000000000000000000': 0 pak files mounted, 0 remain pending
[2020.02.05-23.44.02:644][  0]LogPakFile: Registered encryption key '00000000000000000000000000000000': 0 pak files mounted, 0 remain pending
[2020.02.05-23.44.02:645][  0]LogPakFile: Registered encryption key '00000000000000000000000000000000': 0 pak files mounted, 0 remain pending
[2020.02.05-23.44.02:646][  0]LogPakFile: Registered encryption key '00000000000000000000000000000000': 0 pak files mounted, 0 remain pending
[2020.02.05-23.44.02:646][  0]LogPakFile: Registered encryption key '00000000000000000000000000000000': 0 pak files mounted, 0 remain pending
[2020.02.05-23.44.02:647][  0]LogPakFile: Registered encryption key '00000000000000000000000000000000': 0 pak files mounted, 0 remain pending
[2020.02.05-23.44.02:648][  0]LogPakFile: Registered encryption key '00000000000000000000000000000000': 0 pak files mounted, 0 remain pending
[2020.02.05-23.44.02:649][  0]LogPakFile: Registered encryption key '00000000000000000000000000000000': 0 pak files mounted, 0 remain pending
[2020.02.05-23.44.02:650][  0]LogPakFile: Registered encryption key '00000000000000000000000000000000': 0 pak files mounted, 0 remain pending
[2020.02.05-23.44.02:651][  0]LogPakFile: Registered encryption key '00000000000000000000000000000000': 0 pak files mounted, 0 remain pending
[2020.02.05-23.44.02:652][  0]LogPakFile: Registered encryption key '00000000000000000000000000000000': 0 pak files mounted, 0 remain pending
[2020.02.05-23.44.02:652][  0]LogPakFile: Registered encryption key '00000000000000000000000000000000': 0 pak files mounted, 0 remain pending
[2020.02.05-23.44.02:653][  0]LogPakFile: Registered encryption key '00000000000000000000000000000000': 0 pak files mounted, 0 remain pending
[2020.02.05-23.44.02:654][  0]LogPakFile: Registered encryption key '00000000000000000000000000000000': 0 pak files mounted, 0 remain pending
[2020.02.05-23.44.02:654][  0]LogPakFile: Registered encryption key '00000000000000000000000000000000': 0 pak files mounted, 0 remain pending
[2020.02.05-23.44.02:655][  0]LogPakFile: Registered encryption key '00000000000000000000000000000000': 0 pak files mounted, 0 remain pending
[2020.02.05-23.44.02:656][  0]LogPakFile: Registered encryption key '00000000000000000000000000000000': 0 pak files mounted, 0 remain pending
[2020.02.05-23.44.02:657][  0]LogPakFile: Registered encryption key '00000000000000000000000000000000': 0 pak files mounted, 0 remain pending
[2020.02.05-23.44.02:658][  0]LogPakFile: Registered encryption key '00000000000000000000000000000000': 0 pak files mounted, 0 remain pending
[2020.02.05-23.44.02:658][  0]LogPakFile: Registered encryption key '00000000000000000000000000000000': 0 pak files mounted, 0 remain pending
[2020.02.05-23.44.02:659][  0]LogPakFile: Registered encryption key '00000000000000000000000000000000': 0 pak files mounted, 0 remain pending
[2020.02.05-23.44.02:660][  0]LogPakFile: Registered encryption key '00000000000000000000000000000000': 0 pak files mounted, 0 remain pending
[2020.02.05-23.44.02:713][  0]LogContentBrowser: Native class hierarchy updated for 'AddContentDialog' in 0.0006 seconds. Added 0 classes and 0 folders.
[2020.02.05-23.44.02:719][  0]LogContentBrowser: Native class hierarchy updated for 'SceneOutliner' in 0.0007 seconds. Added 1 classes and 0 folders.
[2020.02.05-23.44.04:724][  0]LogSlate: Only BGRA pngs, bmps or icos are supported in by External Image Picker
[2020.02.05-23.44.04:776][  0]LogSlate: Took 0.000257 seconds to synchronously load lazily loaded font '../../../Engine/Content/Slate/Fonts/Roboto-Regular.ttf' (155K)
[2020.02.05-23.44.04:781][  0]LogSlate: Took 0.000318 seconds to synchronously load lazily loaded font '../../../Engine/Content/Slate/Fonts/Roboto-Bold.ttf' (160K)
[2020.02.05-23.44.04:789][  0]LogSlate: Took 0.000236 seconds to synchronously load lazily loaded font '../../../Engine/Content/Editor/Slate/Fonts/FontAwesome.ttf' (139K)
[2020.02.05-23.44.04:903][  0]LogRenderer: Reallocating scene render targets to support 932x412 Format 10 NumSamples 1 (Frame:1).
[2020.02.05-23.44.05:095][  0]LogStaticMesh: Allocated 512x384x64 distance field atlas = 24.0Mb, with 148 objects containing 20.6Mb backing data
[2020.02.05-23.44.05:232][  0]LogSlate: Took 0.000214 seconds to synchronously load lazily loaded font '../../../Engine/Content/Slate/Fonts/Roboto-Light.ttf' (167K)
[2020.02.05-23.44.05:448][  0]LogContentBrowser: Native class hierarchy updated for 'HierarchicalLODOutliner' in 0.0005 seconds. Added 0 classes and 0 folders.
[2020.02.05-23.44.05:449][  0]LogLoad: (Engine Initialization) Total time: 27.19 seconds
[2020.02.05-23.44.05:449][  0]LogLoad: (Engine Initialization) Total Blueprint compile time: 0.00 seconds
[2020.02.05-23.44.05:572][  0]LogContentStreaming: Texture pool size now 1000 MB
[2020.02.05-23.44.05:738][  1]LogAssetRegistry: Asset discovery search completed in 21.2171 seconds
[2020.02.05-23.44.05:743][  1]LogCollectionManager: Rebuilt the object cache for 0 collections in 0.000000 seconds (found 0 objects)
[2020.02.05-23.44.05:743][  1]LogCollectionManager: Fixed up redirectors for 0 collections in 0.000125 seconds (updated 0 objects)
[2020.02.05-23.44.10:814][156]LogFileCache: Retrieving MD5 hashes for directory 'C:/SeniorProject/PollutionProject/SeniorProject/Content/' took 5.33s
[2020.02.05-23.44.54:873][287]LogSlate: FSceneViewport::OnFocusLost() reason 2
[2020.02.05-23.44.56:060][335]LogSlate: Window 'Project Settings' being destroyed
[2020.02.05-23.44.56:075][335]LogSlate: Window 'Project Settings' being destroyed
[2020.02.05-23.44.57:009][356]LogSlate: FSceneViewport::OnFocusLost() reason 0
[2020.02.05-23.44.57:832][360]Candidate modules for hot reload:
[2020.02.05-23.44.57:832][360]  SeniorProject
[2020.02.05-23.44.57:860][360]Launching UnrealBuildTool... [D:/TheBestGame/UE_4.22/Engine/Binaries/DotNET/UnrealBuildTool.exe  -ModuleWithSuffix=SeniorProject,8204 Win64 Development -TargetType=Editor -Project="C:/SeniorProject/PollutionProject/SeniorProject/SeniorProject.uproject" "C:/SeniorProject/PollutionProject/SeniorProject/SeniorProject.uproject"  -IgnoreJunk]
[2020.02.05-23.44.58:077][360]Warning: Starting HotReload took  1.0s.
[2020.02.05-23.46.37:773][ 55]CompilerResultsLog: New page: Compilation - Feb 5, 2020, 1:46:37 PM
[2020.02.05-23.46.37:790][ 55]CompilerResultsLog: Using 'git status' to determine working set for adaptive non-unity build (C:\SeniorProject\PollutionProject).
[2020.02.05-23.46.37:790][ 55]CompilerResultsLog: Creating makefile for SeniorProjectEditor (ini files are newer than makefile)
[2020.02.05-23.46.37:790][ 55]CompilerResultsLog: Parsing headers for SeniorProjectEditor
[2020.02.05-23.46.37:790][ 55]CompilerResultsLog:   Running UnrealHeaderTool "C:\SeniorProject\PollutionProject\SeniorProject\SeniorProject.uproject" "C:\SeniorProject\PollutionProject\SeniorProject\Intermediate\Build\Win64\SeniorProjectEditor\Development\SeniorProjectEditor.uhtmanifest" -LogCmds="loginit warning, logexit warning, logdatabase error" -Unattended -WarningsAsErrors -installed
[2020.02.05-23.46.37:790][ 55]CompilerResultsLog: Reflection code generated for SeniorProjectEditor in 38.5084009 seconds
[2020.02.05-23.46.37:790][ 55]CompilerResultsLog: Using Visual Studio 2019 14.22.27905 toolchain (C:\Program Files (x86)\VS19\VC\Tools\MSVC\14.22.27905) and Windows 10.0.17763.0 SDK (C:\Program Files (x86)\Windows Kits\10).
[2020.02.05-23.46.37:790][ 55]CompilerResultsLog: Building 30 actions with 8 processes...
[2020.02.05-23.46.37:790][ 55]CompilerResultsLog:   [1/30] SharedPCH.Engine.cpp
[2020.02.05-23.46.37:790][ 55]CompilerResultsLog:   [2/30] SeniorProject.cpp
[2020.02.05-23.46.37:790][ 55]CompilerResultsLog:   [3/30] GameObjectInformation.cpp
[2020.02.05-23.46.37:790][ 55]CompilerResultsLog:   [4/30] MyGameInstance.cpp
[2020.02.05-23.46.37:790][ 55]CompilerResultsLog:   [5/30] Movement.cpp
[2020.02.05-23.46.37:790][ 55]CompilerResultsLog:   [6/30] ButtonInfo.cpp
[2020.02.05-23.46.37:790][ 55]CompilerResultsLog:   [7/30] UnrealInfo.cpp
[2020.02.05-23.46.37:790][ 55]CompilerResultsLog:   [8/30] MyLocalPlayer.cpp
[2020.02.05-23.46.37:790][ 55]CompilerResultsLog:   [9/30] DialougeSystemStruct.cpp
[2020.02.05-23.46.37:790][ 55]CompilerResultsLog:   [10/30] DialogueSystemStruct.cpp
[2020.02.05-23.46.37:790][ 55]CompilerResultsLog:   [11/30] UnrealInformation.cpp
[2020.02.05-23.46.37:790][ 55]CompilerResultsLog:   [12/30] AudioInformationStruct.cpp
[2020.02.05-23.46.37:790][ 55]CompilerResultsLog:   [13/30] SeniorProjectGameModeBase.cpp
[2020.02.05-23.46.37:790][ 55]CompilerResultsLog:   [14/30] ButtonInfo.gen.cpp
[2020.02.05-23.46.37:790][ 55]CompilerResultsLog:   [15/30] FirstPersonCharacter.cpp
[2020.02.05-23.46.37:790][ 55]CompilerResultsLog:   [16/30] DialogueSystemStruct.gen.cpp
[2020.02.05-23.46.37:790][ 55]CompilerResultsLog:   [17/30] DialougeSystemStruct.gen.cpp
[2020.02.05-23.46.37:790][ 55]CompilerResultsLog:   [18/30] GameObjectInformation.gen.cpp
[2020.02.05-23.46.37:790][ 55]CompilerResultsLog:   [19/30] MyLocalPlayer.gen.cpp
[2020.02.05-23.46.37:790][ 55]CompilerResultsLog:   [20/30] MyGameInstance.gen.cpp
[2020.02.05-23.46.37:790][ 55]CompilerResultsLog:   [21/30] Movement.gen.cpp
[2020.02.05-23.46.37:790][ 55]CompilerResultsLog:   [22/30] DoYouCopySystem.gen.cpp
[2020.02.05-23.46.37:790][ 55]CompilerResultsLog:   [23/30] SeniorProject.init.gen.cpp
[2020.02.05-23.46.37:790][ 55]CompilerResultsLog:   [24/30] FirstPersonCharacter.gen.cpp
[2020.02.05-23.46.37:790][ 55]CompilerResultsLog:   [25/30] AudioInformationStruct.gen.cpp
[2020.02.05-23.46.37:790][ 55]CompilerResultsLog:   [26/30] SeniorProjectGameModeBase.gen.cpp
[2020.02.05-23.46.37:790][ 55]CompilerResultsLog:   [27/30] DoYouCopySystem.cpp
[2020.02.05-23.46.37:790][ 55]CompilerResultsLog:   C:\SeniorProject\PollutionProject\SeniorProject\Source\SeniorProject\DoYouCopySystem.cpp(71): warning C4458: declaration of 'audio' hides class member
[2020.02.05-23.46.37:790][ 55]CompilerResultsLog:   C:\SeniorProject\PollutionProject\SeniorProject\Source\SeniorProject\DoYouCopySystem.h(60): note: see declaration of 'ADoYouCopySystem::audio'
[2020.02.05-23.46.37:790][ 55]CompilerResultsLog:   C:\SeniorProject\PollutionProject\SeniorProject\Source\SeniorProject\DoYouCopySystem.cpp(165): warning C4458: declaration of 'audio' hides class member
[2020.02.05-23.46.37:790][ 55]CompilerResultsLog:   C:\SeniorProject\PollutionProject\SeniorProject\Source\SeniorProject\DoYouCopySystem.h(60): note: see declaration of 'ADoYouCopySystem::audio'
[2020.02.05-23.46.37:790][ 55]CompilerResultsLog:   C:\SeniorProject\PollutionProject\SeniorProject\Source\SeniorProject\DoYouCopySystem.cpp(173): warning C4458: declaration of 'audio' hides class member
[2020.02.05-23.46.37:790][ 55]CompilerResultsLog:   C:\SeniorProject\PollutionProject\SeniorProject\Source\SeniorProject\DoYouCopySystem.h(60): note: see declaration of 'ADoYouCopySystem::audio'
[2020.02.05-23.46.37:790][ 55]CompilerResultsLog:   C:\SeniorProject\PollutionProject\SeniorProject\Source\SeniorProject\DoYouCopySystem.cpp(182): warning C4458: declaration of 'audio' hides class member
[2020.02.05-23.46.37:791][ 55]CompilerResultsLog:   C:\SeniorProject\PollutionProject\SeniorProject\Source\SeniorProject\DoYouCopySystem.h(60): note: see declaration of 'ADoYouCopySystem::audio'
[2020.02.05-23.46.37:791][ 55]CompilerResultsLog:   C:\SeniorProject\PollutionProject\SeniorProject\Source\SeniorProject\DoYouCopySystem.cpp(60) : warning C4701: potentially uninitialized local variable 'close' used
[2020.02.05-23.46.37:791][ 55]CompilerResultsLog:   [28/30] UE4Editor-SeniorProject-8204.lib
[2020.02.05-23.46.37:791][ 55]CompilerResultsLog:      Creating library C:\SeniorProject\PollutionProject\SeniorProject\Intermediate\Build\Win64\UE4Editor\Development\SeniorProject\UE4Editor-SeniorProject-8204.lib and object C:\SeniorProject\PollutionProject\SeniorProject\Intermediate\Build\Win64\UE4Editor\Development\SeniorProject\UE4Editor-SeniorProject-8204.exp
[2020.02.05-23.46.37:791][ 55]CompilerResultsLog:   [29/30] UE4Editor-SeniorProject-8204.dll
[2020.02.05-23.46.37:791][ 55]CompilerResultsLog:      Creating library C:\SeniorProject\PollutionProject\SeniorProject\Intermediate\Build\Win64\UE4Editor\Development\SeniorProject\UE4Editor-SeniorProject-8204.suppressed.lib and object C:\SeniorProject\PollutionProject\SeniorProject\Intermediate\Build\Win64\UE4Editor\Development\SeniorProject\UE4Editor-SeniorProject-8204.suppressed.exp
[2020.02.05-23.46.37:791][ 55]CompilerResultsLog:   [30/30] SeniorProjectEditor.target
[2020.02.05-23.46.37:791][ 55]CompilerResultsLog: Total time in Parallel executor: 49.81 seconds
[2020.02.05-23.46.37:791][ 55]CompilerResultsLog: Total execution time: 99.09 seconds
[2020.02.05-23.46.37:806][ 55]LogMainFrame: MainFrame: Module compiling took 100.086 seconds
[2020.02.05-23.46.37:902][ 55]LogUObjectHash: Compacting FUObjectHashTables data took   1.06ms
[2020.02.05-23.46.38:015][ 55]LogClass: GameObjectInfo HotReload.
[2020.02.05-23.46.38:015][ 55]LogClass: DialougeSystem HotReload.
[2020.02.05-23.46.38:015][ 55]LogClass: AudioInformation HotReload.
[2020.02.05-23.46.38:048][ 55]LogHotReload: Re-instancing FirstPersonCharacter after hot-reload.
[2020.02.05-23.46.38:987][ 55]LogContentBrowser: Native class hierarchy updated for 'SeniorProject' in 0.0005 seconds. Added 11 classes and 3 folders.
[2020.02.05-23.46.38:991][ 55]Display: HotReload successful (10 functions remapped  3 scriptstructs remapped)
[2020.02.05-23.46.39:180][ 55]LogUObjectHash: Compacting FUObjectHashTables data took   1.92ms
[2020.02.05-23.46.39:190][ 55]LogContentBrowser: Native class hierarchy populated in 0.0109 seconds. Added 2875 classes and 729 folders.
[2020.02.05-23.46.39:329][ 55]Display: HotReload took 102.2s.
[2020.02.05-23.46.47:840][430]LogTemp: Repeating last play command: Selected Viewport
[2020.02.05-23.46.47:913][430]LogBlueprintUserMessages: Early PlayInEditor Detection: Level '/Game/Levels/GreyBoxLVL4.GreyBoxLVL4:PersistentLevel' has LevelScriptBlueprint '/Game/Levels/GreyBoxLVL4.GreyBoxLVL4:PersistentLevel.GreyBoxLVL4' with GeneratedClass '/Game/Levels/GreyBoxLVL4.GreyBoxLVL4_C' with ClassGeneratedBy '/Game/Levels/GreyBoxLVL4.GreyBoxLVL4:PersistentLevel.GreyBoxLVL4'
[2020.02.05-23.46.47:934][430]LogPlayLevel: PlayLevel: No blueprints needed recompiling
[2020.02.05-23.46.47:934][430]PIE: New page: PIE session: GreyBoxLVL4 (Feb 5, 2020, 1:46:47 PM)
[2020.02.05-23.46.48:091][430]LogPlayLevel: Creating play world package: /Game/Levels/UEDPIE_0_GreyBoxLVL4
[2020.02.05-23.46.48:987][430]LogPlayLevel: PIE: StaticDuplicateObject took: (0.895688s)
[2020.02.05-23.46.49:047][430]LogAIModule: Creating AISystem for world GreyBoxLVL4
[2020.02.05-23.46.49:062][430]LogPlayLevel: PIE: World Init took: (0.073915s)
[2020.02.05-23.46.49:062][430]LogPlayLevel: PIE: Created PIE world by copying editor world from /Game/Levels/GreyBoxLVL4.GreyBoxLVL4 to /Game/Levels/UEDPIE_0_GreyBoxLVL4.GreyBoxLVL4 (0.970659s)
[2020.02.05-23.46.49:100][430]LogUObjectHash: Compacting FUObjectHashTables data took   2.82ms
[2020.02.05-23.46.49:176][430]LogInit: XAudio2 using 'Speakers (Realtek High Definition Audio)' : 6 channels at 48 kHz using 32 bits per sample (channel mask 0x3f)
[2020.02.05-23.46.49:380][430]LogInit: FAudioDevice initialized.
[2020.02.05-23.46.49:670][430]LogLoad: Game class is 'FirstPersonGameMode_C'
[2020.02.05-23.46.50:087][430]LogWorld: Bringing World /Game/Levels/UEDPIE_0_GreyBoxLVL4.GreyBoxLVL4 up for play (max tick rate 60) at 2020.02.05-18.46.50
[2020.02.05-23.46.50:506][430]LogWorld: Bringing up level for play took: 0.679589
[2020.02.05-23.46.50:900][430]LogContentBrowser: Native class hierarchy updated for 'MovieSceneCapture' in 0.0005 seconds. Added 20 classes and 0 folders.
[2020.02.05-23.46.50:934][430]LogScript: Warning: Script Msg: Attempted to access index 0 from array 'CallFunc_GetAllActorsOfClass_OutActors' of length 0 in '/Game/BP/Log.Log_C:ExecuteUbergraph_Log'!
[2020.02.05-23.46.50:934][430]LogScript: Warning: Script Msg: Attempted to access index 0 from array 'CallFunc_GetAllActorsOfClass_OutActors' of length 0 in '/Game/FinishStopper.FinishStopper_C:ExecuteUbergraph_FinishStopper'!
[2020.02.05-23.46.50:934][430]LogScript: Warning: Script Msg: Attempted to access index 0 from array 'CallFunc_GetAllActorsOfClass_OutActors' of length 0 in '/Game/BoxInteraction.BoxInteraction_C:ExecuteUbergraph_BoxInteraction'!
[2020.02.05-23.46.50:934][430]LogScript: Warning: Script Msg: Attempted to access index 0 from array 'CallFunc_GetAllActorsOfClass_OutActors' of length 0 in '/Game/BP/DoorKnobCine.DoorKnobCine_C:ExecuteUbergraph_DoorKnobCine'!
[2020.02.05-23.46.50:934][430]LogScript: Warning: Script Msg: Attempted to access index 0 from array 'CallFunc_GetAllActorsOfClass_OutActors' of length 0 in '/Game/BP/Checkpoint.Checkpoint_C:ExecuteUbergraph_Checkpoint'!
[2020.02.05-23.46.50:934][430]LogScript: Warning: Script Msg: Attempted to access index 0 from array 'CallFunc_GetAllActorsOfClass_OutActors' of length 0 in '/Game/BP/Checkpoint.Checkpoint_C:ExecuteUbergraph_Checkpoint'!
[2020.02.05-23.46.50:934][430]LogScript: Warning: Script Msg: Attempted to access index 0 from array 'CallFunc_GetAllActorsOfClass_OutActors' of length 0 in '/Game/BP/OutroTrigger.OutroTrigger_C:ExecuteUbergraph_OutroTrigger'!
[2020.02.05-23.46.50:934][430]LogScript: Warning: Script Msg: Attempted to access index 0 from array 'CallFunc_GetAllActorsOfClass_OutActors' of length 0 in '/Game/BP/DialogueSystem.DialogueSystem_C:ExecuteUbergraph_DialogueSystem'!
[2020.02.05-23.46.51:162][430]LogBlueprintUserMessages: [DialogueSystem_2] Hello
[2020.02.05-23.46.51:205][430]LogScript: Warning: Script Msg: Attempted to access index 0 from array 'CallFunc_GetAllActorsOfClass_OutActors' of length 0 in '/Game/BP/InteractiveLog.InteractiveLog_C:ExecuteUbergraph_InteractiveLog'!
[2020.02.05-23.46.51:205][430]LogScript: Warning: Script Msg: Attempted to access index 0 from array 'CallFunc_GetAllActorsOfClass_OutActors' of length 0 in '/Game/BP/Respawn.Respawn_C:ExecuteUbergraph_Respawn'!
[2020.02.05-23.46.51:205][430]LogScript: Warning: Script Msg: Attempted to access index 0 from array 'CallFunc_GetAllActorsOfClass_OutActors' of length 0 in '/Game/BP/Respawn.Respawn_C:ExecuteUbergraph_Respawn'!
[2020.02.05-23.46.51:367][430]PIE: Play in editor start time for /Game/Levels/UEDPIE_0_GreyBoxLVL4 4.276
[2020.02.05-23.46.51:387][430]LogBlueprintUserMessages: Late PlayInEditor Detection: Level '/Game/Levels/GreyBoxLVL4.GreyBoxLVL4:PersistentLevel' has LevelScriptBlueprint '/Game/Levels/GreyBoxLVL4.GreyBoxLVL4:PersistentLevel.GreyBoxLVL4' with GeneratedClass '/Game/Levels/GreyBoxLVL4.GreyBoxLVL4_C' with ClassGeneratedBy '/Game/Levels/GreyBoxLVL4.GreyBoxLVL4:PersistentLevel.GreyBoxLVL4'
[2020.02.05-23.46.59:628][880]LogBlueprintUserMessages: Early EndPlayMap Detection: Level '/Game/Levels/GreyBoxLVL4.GreyBoxLVL4:PersistentLevel' has LevelScriptBlueprint '/Game/Levels/GreyBoxLVL4.GreyBoxLVL4:PersistentLevel.GreyBoxLVL4' with GeneratedClass '/Game/Levels/GreyBoxLVL4.GreyBoxLVL4_C' with ClassGeneratedBy '/Game/Levels/GreyBoxLVL4.GreyBoxLVL4:PersistentLevel.GreyBoxLVL4'
[2020.02.05-23.46.59:680][880]LogSlate: Updating window title bar state: overlay mode, drag disabled, window buttons hidden, title bar hidden
[2020.02.05-23.46.59:935][880]LogPlayLevel: Display: Shutting down PIE online subsystems
[2020.02.05-23.46.59:936][880]LogBlueprintUserMessages: Late EndPlayMap Detection: Level '/Game/Levels/GreyBoxLVL4.GreyBoxLVL4:PersistentLevel' has LevelScriptBlueprint '/Game/Levels/GreyBoxLVL4.GreyBoxLVL4:PersistentLevel.GreyBoxLVL4' with GeneratedClass '/Game/Levels/GreyBoxLVL4.GreyBoxLVL4_C' with ClassGeneratedBy '/Game/Levels/GreyBoxLVL4.GreyBoxLVL4:PersistentLevel.GreyBoxLVL4'
[2020.02.05-23.47.00:104][880]LogSlate: Updating window title bar state: overlay mode, drag disabled, window buttons hidden, title bar hidden
[2020.02.05-23.47.00:303][880]LogUObjectHash: Compacting FUObjectHashTables data took   4.10ms
[2020.02.05-23.47.00:386][881]LogPlayLevel: Display: Destroying online subsystem :Context_16
[2020.02.05-23.47.01:228][922]LogSlate: FSceneViewport::OnFocusLost() reason 2
[2020.02.05-23.47.01:361][922]LogSlate: Took 0.022395 seconds to synchronously load lazily loaded font '../../../Engine/Content/Slate/Fonts/Roboto-Light.ttf' (167K)
[2020.02.05-23.47.01:377][922]LogSlate: FSceneViewport::OnFocusLost() reason 2
[2020.02.05-23.47.01:412][922]Cmd: OBJ SAVEPACKAGE PACKAGE="/Game/Levels/GreyBoxLVL4" FILE="C:/SeniorProject/PollutionProject/SeniorProject/Content/Levels/GreyBoxLVL4.umap" SILENT=true AUTOSAVING=false KEEPDIRTY=false
[2020.02.05-23.47.01:461][922]LogUObjectHash: Compacting FUObjectHashTables data took   1.06ms
[2020.02.05-23.47.07:349][922]LogSavePackage: Moving 'C:/SeniorProject/PollutionProject/SeniorProject/Saved/GreyBoxLVL422C161084BED7B393DF7039CAEC85296.tmp' to 'C:/SeniorProject/PollutionProject/SeniorProject/Content/Levels/GreyBoxLVL4.umap'
[2020.02.05-23.47.08:222][964]LogSlate: FSceneViewport::OnFocusLost() reason 0
[2020.02.05-23.47.08:332][969]LogUObjectHash: Compacting FUObjectHashTables data took   2.55ms
[2020.02.05-23.47.08:579][969]LogSlate: Window 'SeniorProject - Unreal Editor' being destroyed
[2020.02.05-23.47.08:590][969]LogWindowsTextInputMethodSystem: Display: IME system now deactivated.
[2020.02.05-23.47.09:056][970]Cmd: QUIT_EDITOR
[2020.02.05-23.47.10:334][970]LogExit: Preparing to exit.
[2020.02.05-23.47.11:544][970]LogExit: Editor shut down
[2020.02.05-23.47.11:545][970]LogExit: Transaction tracking system shut down
[2020.02.05-23.47.13:558][970]LogExit: Object subsystem successfully closed.
[2020.02.05-23.47.13:714][970]LogShaderCompilers: Display: Shaders left to compile 0
[2020.02.05-23.47.13:733][970]LogD3D11RHI: Shutdown
[2020.02.05-23.47.13:733][970]LogD3D11RHI: CleanupD3DDevice
[2020.02.05-23.47.13:771][970]LogRendererCore: FGlobalReadBuffer::ReleaseRHI
[2020.02.05-23.47.13:771][970]LogRendererCore: FGlobalDynamicReadBuffer::Cleanup()
[2020.02.05-23.47.13:780][970]LogRendererCore: FGlobalReadBuffer::ReleaseRHI
[2020.02.05-23.47.13:780][970]LogRendererCore: FGlobalDynamicReadBuffer::Cleanup()
[2020.02.05-23.47.13:781][970]LogRendererCore: FGlobalReadBuffer::ReleaseRHI
[2020.02.05-23.47.13:781][970]LogRendererCore: FGlobalDynamicReadBuffer::Cleanup()
[2020.02.05-23.47.14:022][970]LogD3D11RHI: ~FD3D11DynamicRHI
[2020.02.05-23.47.15:732][970]LogModuleManager: Shutting down and abandoning module MovieSceneCapture (693)
[2020.02.05-23.47.15:732][970]LogModuleManager: Shutting down and abandoning module Voice (691)
[2020.02.05-23.47.15:752][970]LogModuleManager: Shutting down and abandoning module SeniorProject (689)
[2020.02.05-23.47.15:752][970]LogModuleManager: Shutting down and abandoning module HierarchicalLODOutliner (688)
[2020.02.05-23.47.15:752][970]LogModuleManager: Shutting down and abandoning module ExternalImagePicker (686)
[2020.02.05-23.47.15:752][970]LogModuleManager: Shutting down and abandoning module SceneOutliner (684)
[2020.02.05-23.47.15:752][970]LogModuleManager: Shutting down and abandoning module AddContentDialog (682)
[2020.02.05-23.47.15:767][970]LogModuleManager: Shutting down and abandoning module WidgetCarousel (681)
[2020.02.05-23.47.15:767][970]LogModuleManager: Shutting down and abandoning module EditorWidgets (678)
[2020.02.05-23.47.15:767][970]LogModuleManager: Shutting down and abandoning module CollectionManager (676)
[2020.02.05-23.47.15:782][970]LogModuleManager: Shutting down and abandoning module StatsViewer (674)
[2020.02.05-23.47.15:798][970]LogModuleManager: Shutting down and abandoning module FoliageEdit (672)
[2020.02.05-23.47.15:810][970]LogModuleManager: Shutting down and abandoning module LandscapeEditor (670)
[2020.02.05-23.47.15:841][970]LogModuleManager: Shutting down and abandoning module MeshPaintMode (668)
[2020.02.05-23.47.15:855][970]LogModuleManager: Shutting down and abandoning module SceneDepthPickerMode (666)
[2020.02.05-23.47.15:856][970]LogModuleManager: Shutting down and abandoning module ActorPickerMode (664)
[2020.02.05-23.47.15:856][970]LogModuleManager: Shutting down and abandoning module GeometryMode (662)
[2020.02.05-23.47.15:856][970]LogModuleManager: Shutting down and abandoning module TextureAlignMode (660)
[2020.02.05-23.47.15:856][970]LogModuleManager: Shutting down and abandoning module BspMode (658)
[2020.02.05-23.47.15:856][970]LogModuleManager: Shutting down and abandoning module PIEPreviewDeviceProfileSelector (656)
[2020.02.05-23.47.15:869][970]LogModuleManager: Shutting down and abandoning module SequenceRecorderSections (654)
[2020.02.05-23.47.15:884][970]LogModuleManager: Shutting down and abandoning module AutomationWorker (652)
[2020.02.05-23.47.15:893][970]LogModuleManager: Shutting down and abandoning module DatasmithFBXImporter (650)
[2020.02.05-23.47.15:910][970]LogModuleManager: Shutting down and abandoning module DatasmithDeltaGenImporter (648)
[2020.02.05-23.47.15:930][970]LogModuleManager: Shutting down and abandoning module DatasmithVREDImporter (646)
[2020.02.05-23.47.15:930][970]LogModuleManager: Shutting down and abandoning module OculusMR (644)
[2020.02.05-23.47.15:930][970]LogModuleManager: Shutting down and abandoning module AudioCaptureEditor (642)
[2020.02.05-23.47.15:946][970]LogModuleManager: Shutting down and abandoning module MatineeToLevelSequence (640)
[2020.02.05-23.47.15:972][970]LogModuleManager: Shutting down and abandoning module LevelSequenceEditor (638)
[2020.02.05-23.47.16:003][970]LogModuleManager: Shutting down and abandoning module PlacementMode (637)
[2020.02.05-23.47.16:003][970]LogModuleManager: Shutting down and abandoning module MaterialEditor (636)
[2020.02.05-23.47.16:037][970]LogModuleManager: Shutting down and abandoning module ActorSequenceEditor (632)
[2020.02.05-23.47.16:047][970]LogModuleManager: Shutting down and abandoning module WmfMediaFactory (630)
[2020.02.05-23.47.16:047][970]LogModuleManager: Shutting down and abandoning module WmfMediaEditor (628)
[2020.02.05-23.47.16:047][970]LogModuleManager: Shutting down and abandoning module WebMMediaFactory (626)
[2020.02.05-23.47.16:047][970]LogModuleManager: Shutting down and abandoning module WebMMediaEditor (624)
[2020.02.05-23.47.16:047][970]LogModuleManager: Shutting down and abandoning module WebMMedia (622)
[2020.02.05-23.47.16:058][970]LogModuleManager: Shutting down and abandoning module MediaPlayerEditor (620)
[2020.02.05-23.47.16:068][970]LogModuleManager: Shutting down and abandoning module MediaCompositingEditor (618)
[2020.02.05-23.47.16:095][970]LogModuleManager: Shutting down and abandoning module SequenceRecorder (617)
[2020.02.05-23.47.16:095][970]LogModuleManager: Shutting down and abandoning module OpenExrWrapper (614)
[2020.02.05-23.47.16:095][970]LogModuleManager: Shutting down and abandoning module ImgMediaFactory (612)
[2020.02.05-23.47.16:095][970]LogModuleManager: Shutting down and abandoning module ImgMediaEditor (610)
[2020.02.05-23.47.16:095][970]LogModuleManager: Shutting down and abandoning module AvfMediaFactory (608)
[2020.02.05-23.47.16:095][970]LogModuleManager: Shutting down and abandoning module AvfMediaEditor (606)
[2020.02.05-23.47.16:095][970]LogModuleManager: Shutting down and abandoning module AndroidMediaFactory (604)
[2020.02.05-23.47.16:095][970]LogModuleManager: Shutting down and abandoning module AndroidMediaEditor (602)
[2020.02.05-23.47.16:095][970]LogModuleManager: Shutting down and abandoning module MagicLeapCameraPreviewFactory (600)
[2020.02.05-23.47.16:095][970]LogModuleManager: Shutting down and abandoning module MagicLeapMediaCodecFactory (598)
[2020.02.05-23.47.16:095][970]LogModuleManager: Shutting down and abandoning module MagicLeapMediaFactory (596)
[2020.02.05-23.47.16:095][970]LogModuleManager: Shutting down and abandoning module MagicLeapMediaEditor (594)
[2020.02.05-23.47.16:095][970]LogModuleManager: Shutting down and abandoning module CharacterAI (592)
[2020.02.05-23.47.16:095][970]LogModuleManager: Shutting down and abandoning module SmartSnapping (590)
[2020.02.05-23.47.16:095][970]LogModuleManager: Shutting down and abandoning module SessionServices (588)
[2020.02.05-23.47.16:096][970]LogModuleManager: Shutting down and abandoning module MeshPaint (586)
[2020.02.05-23.47.16:105][970]LogModuleManager: Shutting down and abandoning module ViewportSnapping (584)
[2020.02.05-23.47.16:105][970]LogModuleManager: Shutting down and abandoning module ViewportInteraction (582)
[2020.02.05-23.47.16:105][970]LogModuleManager: Shutting down and abandoning module ClothPainter (580)
[2020.02.05-23.47.16:131][970]LogModuleManager: Shutting down and abandoning module SkeletalMeshEditor (579)
[2020.02.05-23.47.16:154][970]LogModuleManager: Shutting down and abandoning module LogVisualizer (576)
[2020.02.05-23.47.16:167][970]LogModuleManager: Shutting down and abandoning module IntroTutorials (574)
[2020.02.05-23.47.16:228][970]LogModuleManager: Shutting down and abandoning module GameProjectGeneration (573)
