Log file open, 09/30/19 07:52:59
LogWindows: Failed to load 'aqProf.dll' (GetLastError=126)
LogWindows: File 'aqProf.dll' does not exist
LogWindows: Failed to load 'VtuneApi.dll' (GetLastError=126)
LogWindows: File 'VtuneApi.dll' does not exist
LogWindows: Failed to load 'VtuneApi32e.dll' (GetLastError=126)
LogWindows: File 'VtuneApi32e.dll' does not exist
LogConsoleResponse: Display: Failed to find resolution value strings in scalability ini. Falling back to default.
LogInit: Display: Running engine for game: SeniorProject
LogPakFile: Registered encryption key '00000000000000000000000000000000': 0 pak files mounted, 0 remain pending
LogPlatformFile: Not using cached read wrapper
LogTaskGraph: Started task graph with 5 named threads and 23 total threads with 3 sets of task threads.
LogStats: Stats thread started at 1.003533
LogD3D11RHI: Loaded GFSDK_Aftermath_Lib.x64.dll
LogICUInternationalization: ICU TimeZone Detection - Raw Offset: -5:00, Platform Override: ''
LogPluginManager: Mounting plugin Paper2D
LogPluginManager: Mounting plugin AISupport
LogPluginManager: Mounting plugin LightPropagationVolume
LogPluginManager: Mounting plugin ActorLayerUtilities
LogPluginManager: Mounting plugin AnimationSharing
LogPluginManager: Mounting plugin CLionSourceCodeAccess
LogPluginManager: Mounting plugin CodeLiteSourceCodeAccess
LogPluginManager: Mounting plugin GitSourceControl
LogPluginManager: Mounting plugin KDevelopSourceCodeAccess
LogPluginManager: Mounting plugin NullSourceCodeAccess
LogPluginManager: Mounting plugin PerforceSourceControl
LogPluginManager: Mounting plugin SubversionSourceControl
LogPluginManager: Mounting plugin UObjectPlugin
LogPluginManager: Mounting plugin VisualStudioCodeSourceCodeAccess
LogPluginManager: Mounting plugin VisualStudioSourceCodeAccess
LogPluginManager: Mounting plugin XCodeSourceCodeAccess
LogPluginManager: Mounting plugin AssetManagerEditor
LogPluginManager: Mounting plugin CryptoKeys
LogPluginManager: Mounting plugin DataValidation
LogPluginManager: Mounting plugin EditorScriptingUtilities
LogPluginManager: Mounting plugin FacialAnimation
LogPluginManager: Mounting plugin GameplayTagsEditor
LogPluginManager: Mounting plugin GLTFImporter
LogPluginManager: Mounting plugin MacGraphicsSwitching
LogPluginManager: Mounting plugin MaterialAnalyzer
LogPluginManager: Mounting plugin MeshEditor
LogPluginManager: Mounting plugin MobileLauncherProfileWizard
LogPluginManager: Mounting plugin PluginBrowser
LogPluginManager: Mounting plugin SpeedTreeImporter
LogPluginManager: Mounting plugin DatasmithContent
LogPluginManager: Mounting plugin VariantManagerContent
LogPluginManager: Mounting plugin AlembicImporter
LogPluginManager: Mounting plugin AppleImageUtils
LogPluginManager: Mounting plugin AppleVision
LogPluginManager: Mounting plugin BackChannel
LogPluginManager: Mounting plugin BlastPlugin
LogPluginManager: Mounting plugin ChaosSolverPlugin
LogPluginManager: Mounting plugin CharacterAI
LogPluginManager: Mounting plugin GeometryCache
LogPluginManager: Mounting plugin GeometryCollectionPlugin
LogPluginManager: Mounting plugin HTML5Networking
LogPluginManager: Mounting plugin ProxyLODPlugin
LogPluginManager: Mounting plugin SkeletalReduction
LogPluginManager: Mounting plugin MagicLeap
LogPluginManager: Mounting plugin MagicLeapMedia
LogPluginManager: Mounting plugin AndroidMedia
LogPluginManager: Mounting plugin AvfMedia
LogPluginManager: Mounting plugin ImgMedia
LogPluginManager: Mounting plugin LinearTimecode
LogPluginManager: Mounting plugin MediaCompositing
LogPluginManager: Mounting plugin MediaPlayerEditor
LogPluginManager: Mounting plugin WebMMedia
LogPluginManager: Mounting plugin WmfMedia
LogPluginManager: Mounting plugin TcpMessaging
LogPluginManager: Mounting plugin UdpMessaging
LogPluginManager: Mounting plugin ActorSequence
LogPluginManager: Mounting plugin LevelSequenceEditor
LogPluginManager: Mounting plugin MatineeToLevelSequence
LogPluginManager: Mounting plugin NetcodeUnitTest
LogPluginManager: Mounting plugin NUTUnrealEngine4
LogPluginManager: Mounting plugin OnlineSubsystemGooglePlay
LogPluginManager: Mounting plugin OnlineSubsystemIOS
LogPluginManager: Mounting plugin OnlineSubsystem
LogPluginManager: Mounting plugin OnlineSubsystemNull
LogPluginManager: Mounting plugin OnlineSubsystemUtils
LogPluginManager: Mounting plugin LauncherChunkInstaller
LogPluginManager: Mounting plugin AndroidDeviceProfileSelector
LogPluginManager: Mounting plugin AndroidMoviePlayer
LogPluginManager: Mounting plugin AndroidPermission
LogPluginManager: Mounting plugin AppleMoviePlayer
LogPluginManager: Mounting plugin ArchVisCharacter
LogPluginManager: Mounting plugin AudioCapture
LogPluginManager: Mounting plugin CableComponent
LogPluginManager: Mounting plugin CustomMeshComponent
LogPluginManager: Mounting plugin EditableMesh
LogPluginManager: Mounting plugin ExampleDeviceProfileSelector
LogPluginManager: Mounting plugin Firebase
LogPluginManager: Mounting plugin GoogleCloudMessaging
LogPluginManager: Mounting plugin IOSDeviceProfileSelector
LogPluginManager: Mounting plugin LinuxDeviceProfileSelector
LogPluginManager: Mounting plugin LocationServicesBPLibrary
LogPluginManager: Mounting plugin MobilePatchingUtils
LogPluginManager: Mounting plugin OculusVR
LogPluginManager: Mounting plugin PhysXVehicles
LogPluginManager: Mounting plugin ProceduralMeshComponent
LogPluginManager: Mounting plugin RuntimePhysXCooking
LogPluginManager: Mounting plugin SignificanceManager
LogPluginManager: Mounting plugin SteamVR
LogPluginManager: Mounting plugin WebMMoviePlayer
LogPluginManager: Mounting plugin WindowsMoviePlayer
LogPluginManager: Mounting plugin DatasmithCADImporter
LogPluginManager: Mounting plugin DatasmithDataPrepEditor
LogPluginManager: Mounting plugin DatasmithFBXImporter
LogPluginManager: Mounting plugin DatasmithGLTFImporter
LogPluginManager: Mounting plugin DatasmithImporter
LogPluginManager: Mounting plugin MDLImporter
LogPluginManager: Mounting plugin StaticMeshEditorExtension
LogPluginManager: Mounting plugin VariantManager
LogInit: Using libcurl 7.55.1-DEV
LogInit:  - built for x86_64-pc-win32
LogInit:  - supports SSL with OpenSSL/1.1.1
LogInit:  - supports HTTP deflate (compression) using libz 1.2.8
LogInit:  - other features:
LogInit:      CURL_VERSION_SSL
LogInit:      CURL_VERSION_LIBZ
LogInit:      CURL_VERSION_IPV6
LogInit:      CURL_VERSION_ASYNCHDNS
LogInit:      CURL_VERSION_LARGEFILE
LogInit:      CURL_VERSION_IDN
LogInit:  CurlRequestOptions (configurable via config and command line):
LogInit:  - bVerifyPeer = true  - Libcurl will verify peer certificate
LogInit:  - bUseHttpProxy = false  - Libcurl will NOT use HTTP proxy
LogInit:  - bDontReuseConnections = false  - Libcurl will reuse connections
LogInit:  - MaxHostConnections = 16  - Libcurl will limit the number of connections to a host
LogInit:  - LocalHostAddr = Default
LogInit:  - BufferSize = 65536
LogInit: WinSock: version 1.1 (2.2), MaxSocks=32767, MaxUdp=65467
LogHMD: Failed initializing OVRPlugin 1.32.0
LogInit: Build: ++UE4+Release-4.22-CL-7053642
LogInit: Engine Version: 4.22.3-7053642+++UE4+Release-4.22
LogInit: Compatible Engine Version: 4.22.0-5660361+++UE4+Release-4.22
LogInit: Net CL: 5660361
LogInit: OS: Windows 10 (Release 1903) (), CPU: Intel(R) Core(TM) i7-6700K CPU @ 4.00GHz, GPU: NVIDIA GeForce RTX 2080
LogInit: Compiled (64-bit): Jun 18 2019 03:09:11
LogInit: Compiled with Visual C++: 19.16.27025.01
LogInit: Build Configuration: Development
LogInit: Branch Name: ++UE4+Release-4.22
LogInit: Command Line:  -skipcompile
LogInit: Base Directory: C:/Program Files/Epic Games/UE_4.22/Engine/Binaries/Win64/
LogInit: Installed Engine Build: 1
LogDevObjectVersion: Number of dev versions registered: 23
LogDevObjectVersion:   Dev-Blueprints (B0D832E4-1F89-4F0D-ACCF-7EB736FD4AA2): 10
LogDevObjectVersion:   Dev-Build (E1C64328-A22C-4D53-A36C-8E866417BD8C): 0
LogDevObjectVersion:   Dev-Core (375EC13C-06E4-48FB-B500-84F0262A717E): 3
LogDevObjectVersion:   Dev-Editor (E4B068ED-F494-42E9-A231-DA0B2E46BB41): 30
LogDevObjectVersion:   Dev-Framework (CFFC743F-43B0-4480-9391-14DF171D2073): 35
LogDevObjectVersion:   Dev-Mobile (B02B49B5-BB20-44E9-A304-32B752E40360): 2
LogDevObjectVersion:   Dev-Networking (A4E4105C-59A1-49B5-A7C5-40C4547EDFEE): 0
LogDevObjectVersion:   Dev-Online (39C831C9-5AE6-47DC-9A44-9C173E1C8E7C): 0
LogDevObjectVersion:   Dev-Physics (78F01B33-EBEA-4F98-B9B4-84EACCB95AA2): 0
LogDevObjectVersion:   Dev-Platform (6631380F-2D4D-43E0-8009-CF276956A95A): 0
LogDevObjectVersion:   Dev-Rendering (12F88B9F-8875-4AFC-A67C-D90C383ABD29): 28
LogDevObjectVersion:   Dev-Sequencer (7B5AE74C-D270-4C10-A958-57980B212A5A): 11
LogDevObjectVersion:   Dev-VR (D7296918-1DD6-4BDD-9DE2-64A83CC13884): 2
LogDevObjectVersion:   Dev-LoadTimes (C2A15278-BFE7-4AFE-6C17-90FF531DF755): 1
LogDevObjectVersion:   Private-Geometry (6EACA3D4-40EC-4CC1-B786-8BED09428FC5): 3
LogDevObjectVersion:   Dev-AnimPhys (29E575DD-E0A3-4627-9D10-D276232CDCEA): 17
LogDevObjectVersion:   Dev-Anim (AF43A65D-7FD3-4947-9873-3E8ED9C1BB05): 2
LogDevObjectVersion:   Dev-ReflectionCapture (6B266CEC-1EC7-4B8F-A30B-E4D90942FC07): 1
LogDevObjectVersion:   Dev-Automation (0DF73D61-A23F-47EA-B727-89E90C41499A): 1
LogDevObjectVersion:   FortniteMain (601D1886-AC64-4F84-AA16-D3DE0DEAC7D6): 25
LogDevObjectVersion:   Dev-Enterprise (9DFFBCD6-494F-0158-E221-12823C92A888): 6
LogDevObjectVersion:   Dev-Niagara (F2AED0AC-9AFE-416F-8664-AA7FFA26D6FC): 1
LogDevObjectVersion:   Dev-Destruction (174F1F0B-B4C6-45A5-B13F-2EE8D0FB917D): 2
LogInit: Presizing for max 16777216 objects, including 0 objects not considered by GC, pre-allocating 0 bytes for permanent pool.
LogInit: Object subsystem initialized
LogConfig: Setting CVar [[con.DebugEarlyDefault:1]]
LogConfig: Setting CVar [[r.setres:1280x720]]
[2019.09.30-11.53.00:871][  0]LogConfig: Setting CVar [[r.VSync:0]]
[2019.09.30-11.53.00:871][  0]LogConfig: Setting CVar [[r.RHICmdBypass:0]]
[2019.09.30-11.53.00:871][  0]LogConfig: Applying CVar settings from Section [/Script/Engine.RendererSettings] File [E:/SeniorProject/PollutionProject/SeniorProject/Saved/Config/Windows/Engine.ini]
[2019.09.30-11.53.00:871][  0]LogConfig: Setting CVar [[r.GPUCrashDebugging:0]]
[2019.09.30-11.53.00:871][  0]LogConfig: Setting CVar [[r.DefaultFeature.AutoExposure.ExtendDefaultLuminanceRange:1]]
[2019.09.30-11.53.00:871][  0]LogConfig: Applying CVar settings from Section [/Script/Engine.RendererOverrideSettings] File [E:/SeniorProject/PollutionProject/SeniorProject/Saved/Config/Windows/Engine.ini]
[2019.09.30-11.53.00:871][  0]LogConfig: Applying CVar settings from Section [/Script/Engine.StreamingSettings] File [E:/SeniorProject/PollutionProject/SeniorProject/Saved/Config/Windows/Engine.ini]
[2019.09.30-11.53.00:872][  0]LogConfig: Setting CVar [[s.MinBulkDataSizeForAsyncLoading:131072]]
[2019.09.30-11.53.00:872][  0]LogConfig: Setting CVar [[s.AsyncLoadingThreadEnabled:0]]
[2019.09.30-11.53.00:872][  0]LogConfig: Setting CVar [[s.EventDrivenLoaderEnabled:1]]
[2019.09.30-11.53.00:872][  0]LogConfig: Setting CVar [[s.WarnIfTimeLimitExceeded:0]]
[2019.09.30-11.53.00:872][  0]LogConfig: Setting CVar [[s.TimeLimitExceededMultiplier:1.5]]
[2019.09.30-11.53.00:872][  0]LogConfig: Setting CVar [[s.TimeLimitExceededMinTime:0.005]]
[2019.09.30-11.53.00:872][  0]LogConfig: Setting CVar [[s.UseBackgroundLevelStreaming:1]]
[2019.09.30-11.53.00:872][  0]LogConfig: Setting CVar [[s.PriorityAsyncLoadingExtraTime:15.0]]
[2019.09.30-11.53.00:872][  0]LogConfig: Setting CVar [[s.LevelStreamingActorsUpdateTimeLimit:5.0]]
[2019.09.30-11.53.00:872][  0]LogConfig: Setting CVar [[s.PriorityLevelStreamingActorsUpdateExtraTime:5.0]]
[2019.09.30-11.53.00:872][  0]LogConfig: Setting CVar [[s.LevelStreamingComponentsRegistrationGranularity:10]]
[2019.09.30-11.53.00:872][  0]LogConfig: Setting CVar [[s.UnregisterComponentsTimeLimit:1.0]]
[2019.09.30-11.53.00:873][  0]LogConfig: Setting CVar [[s.LevelStreamingComponentsUnregistrationGranularity:5]]
[2019.09.30-11.53.00:873][  0]LogConfig: Applying CVar settings from Section [/Script/Engine.GarbageCollectionSettings] File [E:/SeniorProject/PollutionProject/SeniorProject/Saved/Config/Windows/Engine.ini]
[2019.09.30-11.53.00:873][  0]LogConfig: Setting CVar [[gc.MaxObjectsNotConsideredByGC:1]]
[2019.09.30-11.53.00:873][  0]LogConfig: Setting CVar [[gc.SizeOfPermanentObjectPool:0]]
[2019.09.30-11.53.00:873][  0]LogConfig: Setting CVar [[gc.FlushStreamingOnGC:0]]
[2019.09.30-11.53.00:873][  0]LogConfig: Setting CVar [[gc.NumRetriesBeforeForcingGC:10]]
[2019.09.30-11.53.00:873][  0]LogConfig: Setting CVar [[gc.AllowParallelGC:1]]
[2019.09.30-11.53.00:873][  0]LogConfig: Setting CVar [[gc.TimeBetweenPurgingPendingKillObjects:61.1]]
[2019.09.30-11.53.00:873][  0]LogConfig: Setting CVar [[gc.MaxObjectsInEditor:16777216]]
[2019.09.30-11.53.00:873][  0]LogConfig: Setting CVar [[gc.IncrementalBeginDestroyEnabled:1]]
[2019.09.30-11.53.00:873][  0]LogConfig: Setting CVar [[gc.CreateGCClusters:1]]
[2019.09.30-11.53.00:873][  0]LogConfig: Setting CVar [[gc.MinGCClusterSize:5]]
[2019.09.30-11.53.00:873][  0]LogConfig: Setting CVar [[gc.ActorClusteringEnabled:0]]
[2019.09.30-11.53.00:873][  0]LogConfig: Setting CVar [[gc.BlueprintClusteringEnabled:0]]
[2019.09.30-11.53.00:873][  0]LogConfig: Setting CVar [[gc.UseDisregardForGCOnDedicatedServers:0]]
[2019.09.30-11.53.00:874][  0]LogConfig: Applying CVar settings from Section [/Script/Engine.NetworkSettings] File [E:/SeniorProject/PollutionProject/SeniorProject/Saved/Config/Windows/Engine.ini]
[2019.09.30-11.53.00:874][  0]LogConfig: Applying CVar settings from Section [/Script/UnrealEd.CookerSettings] File [E:/SeniorProject/PollutionProject/SeniorProject/Saved/Config/Windows/Engine.ini]
[2019.09.30-11.53.00:954][  0]LogConfig: Applying CVar settings from Section [ViewDistanceQuality@3] File [E:/SeniorProject/PollutionProject/SeniorProject/Saved/Config/Windows/Scalability.ini]
[2019.09.30-11.53.00:954][  0]LogConfig: Setting CVar [[r.SkeletalMeshLODBias:0]]
[2019.09.30-11.53.00:954][  0]LogConfig: Setting CVar [[r.ViewDistanceScale:1.0]]
[2019.09.30-11.53.00:954][  0]LogConfig: Applying CVar settings from Section [AntiAliasingQuality@3] File [E:/SeniorProject/PollutionProject/SeniorProject/Saved/Config/Windows/Scalability.ini]
[2019.09.30-11.53.00:954][  0]LogConfig: Setting CVar [[r.PostProcessAAQuality:4]]
[2019.09.30-11.53.00:954][  0]LogConfig: Applying CVar settings from Section [ShadowQuality@3] File [E:/SeniorProject/PollutionProject/SeniorProject/Saved/Config/Windows/Scalability.ini]
[2019.09.30-11.53.00:954][  0]LogConfig: Setting CVar [[r.LightFunctionQuality:1]]
[2019.09.30-11.53.00:954][  0]LogConfig: Setting CVar [[r.ShadowQuality:5]]
[2019.09.30-11.53.00:954][  0]LogConfig: Setting CVar [[r.Shadow.CSM.MaxCascades:10]]
[2019.09.30-11.53.00:954][  0]LogConfig: Setting CVar [[r.Shadow.MaxResolution:2048]]
[2019.09.30-11.53.00:954][  0]LogConfig: Setting CVar [[r.Shadow.MaxCSMResolution:2048]]
[2019.09.30-11.53.00:954][  0]LogConfig: Setting CVar [[r.Shadow.RadiusThreshold:0.01]]
[2019.09.30-11.53.00:955][  0]LogConfig: Setting CVar [[r.Shadow.DistanceScale:1.0]]
[2019.09.30-11.53.00:955][  0]LogConfig: Setting CVar [[r.Shadow.CSM.TransitionScale:1.0]]
[2019.09.30-11.53.00:955][  0]LogConfig: Setting CVar [[r.Shadow.PreShadowResolutionFactor:1.0]]
[2019.09.30-11.53.00:955][  0]LogConfig: Setting CVar [[r.DistanceFieldShadowing:1]]
[2019.09.30-11.53.00:955][  0]LogConfig: Setting CVar [[r.DistanceFieldAO:1]]
[2019.09.30-11.53.00:955][  0]LogConfig: Setting CVar [[r.AOQuality:2]]
[2019.09.30-11.53.00:955][  0]LogConfig: Setting CVar [[r.VolumetricFog:1]]
[2019.09.30-11.53.00:955][  0]LogConfig: Setting CVar [[r.VolumetricFog.GridPixelSize:8]]
[2019.09.30-11.53.00:955][  0]LogConfig: Setting CVar [[r.VolumetricFog.GridSizeZ:128]]
[2019.09.30-11.53.00:955][  0]LogConfig: Setting CVar [[r.VolumetricFog.HistoryMissSupersampleCount:4]]
[2019.09.30-11.53.00:955][  0]LogConfig: Setting CVar [[r.LightMaxDrawDistanceScale:1]]
[2019.09.30-11.53.00:955][  0]LogConfig: Setting CVar [[r.CapsuleShadows:1]]
[2019.09.30-11.53.00:955][  0]LogConfig: Applying CVar settings from Section [PostProcessQuality@3] File [E:/SeniorProject/PollutionProject/SeniorProject/Saved/Config/Windows/Scalability.ini]
[2019.09.30-11.53.00:955][  0]LogConfig: Setting CVar [[r.MotionBlurQuality:4]]
[2019.09.30-11.53.00:955][  0]LogConfig: Setting CVar [[r.AmbientOcclusionMipLevelFactor:0.4]]
[2019.09.30-11.53.00:955][  0]LogConfig: Setting CVar [[r.AmbientOcclusionMaxQuality:100]]
[2019.09.30-11.53.00:956][  0]LogConfig: Setting CVar [[r.AmbientOcclusionLevels:-1]]
[2019.09.30-11.53.00:956][  0]LogConfig: Setting CVar [[r.AmbientOcclusionRadiusScale:1.0]]
[2019.09.30-11.53.00:956][  0]LogConfig: Setting CVar [[r.DepthOfFieldQuality:2]]
[2019.09.30-11.53.00:956][  0]LogConfig: Setting CVar [[r.RenderTargetPoolMin:400]]
[2019.09.30-11.53.00:956][  0]LogConfig: Setting CVar [[r.LensFlareQuality:2]]
[2019.09.30-11.53.00:956][  0]LogConfig: Setting CVar [[r.SceneColorFringeQuality:1]]
[2019.09.30-11.53.00:956][  0]LogConfig: Setting CVar [[r.EyeAdaptationQuality:2]]
[2019.09.30-11.53.00:956][  0]LogConfig: Setting CVar [[r.BloomQuality:5]]
[2019.09.30-11.53.00:956][  0]LogConfig: Setting CVar [[r.FastBlurThreshold:100]]
[2019.09.30-11.53.00:956][  0]LogConfig: Setting CVar [[r.Upscale.Quality:3]]
[2019.09.30-11.53.00:956][  0]LogConfig: Setting CVar [[r.Tonemapper.GrainQuantization:1]]
[2019.09.30-11.53.00:956][  0]LogConfig: Setting CVar [[r.LightShaftQuality:1]]
[2019.09.30-11.53.00:956][  0]LogConfig: Setting CVar [[r.Filter.SizeScale:1]]
[2019.09.30-11.53.00:956][  0]LogConfig: Setting CVar [[r.Tonemapper.Quality:5]]
[2019.09.30-11.53.00:956][  0]LogConfig: Setting CVar [[r.DOF.Gather.AccumulatorQuality:1        ; higher gathering accumulator quality]]
[2019.09.30-11.53.00:956][  0]LogConfig: Setting CVar [[r.DOF.Gather.PostfilterMethod:1          ; Median3x3 postfilering method]]
[2019.09.30-11.53.00:956][  0]LogConfig: Setting CVar [[r.DOF.Gather.EnableBokehSettings:0       ; no bokeh simulation when gathering]]
[2019.09.30-11.53.00:956][  0]LogConfig: Setting CVar [[r.DOF.Gather.RingCount:4                 ; medium number of samples when gathering]]
[2019.09.30-11.53.00:956][  0]LogConfig: Setting CVar [[r.DOF.Scatter.ForegroundCompositing:1    ; additive foreground scattering]]
[2019.09.30-11.53.00:957][  0]LogConfig: Setting CVar [[r.DOF.Scatter.BackgroundCompositing:2    ; additive background scattering]]
[2019.09.30-11.53.00:957][  0]LogConfig: Setting CVar [[r.DOF.Scatter.EnableBokehSettings:1      ; bokeh simulation when scattering]]
[2019.09.30-11.53.00:957][  0]LogConfig: Setting CVar [[r.DOF.Scatter.MaxSpriteRatio:0.1         ; only a maximum of 10% of scattered bokeh]]
[2019.09.30-11.53.00:957][  0]LogConfig: Setting CVar [[r.DOF.Recombine.Quality:1                ; cheap slight out of focus]]
[2019.09.30-11.53.00:957][  0]LogConfig: Setting CVar [[r.DOF.Recombine.EnableBokehSettings:0    ; no bokeh simulation on slight out of focus]]
[2019.09.30-11.53.00:957][  0]LogConfig: Setting CVar [[r.DOF.TemporalAAQuality:1                ; more stable temporal accumulation]]
[2019.09.30-11.53.00:957][  0]LogConfig: Setting CVar [[r.DOF.Kernel.MaxForegroundRadius:0.025]]
[2019.09.30-11.53.00:957][  0]LogConfig: Setting CVar [[r.DOF.Kernel.MaxBackgroundRadius:0.025]]
[2019.09.30-11.53.00:957][  0]LogConfig: Applying CVar settings from Section [TextureQuality@3] File [E:/SeniorProject/PollutionProject/SeniorProject/Saved/Config/Windows/Scalability.ini]
[2019.09.30-11.53.00:957][  0]LogConfig: Setting CVar [[r.Streaming.MipBias:0]]
[2019.09.30-11.53.00:957][  0]LogConfig: Setting CVar [[r.Streaming.AmortizeCPUToGPUCopy:0]]
[2019.09.30-11.53.00:957][  0]LogConfig: Setting CVar [[r.Streaming.MaxNumTexturesToStreamPerFrame:0]]
[2019.09.30-11.53.00:957][  0]LogConfig: Setting CVar [[r.Streaming.Boost:1]]
[2019.09.30-11.53.00:957][  0]LogConfig: Setting CVar [[r.MaxAnisotropy:8]]
[2019.09.30-11.53.00:957][  0]LogConfig: Setting CVar [[r.Streaming.LimitPoolSizeToVRAM:0]]
[2019.09.30-11.53.00:957][  0]LogConfig: Setting CVar [[r.Streaming.PoolSize:1000]]
[2019.09.30-11.53.00:957][  0]LogConfig: Setting CVar [[r.Streaming.MaxEffectiveScreenSize:0]]
[2019.09.30-11.53.00:957][  0]LogConfig: Applying CVar settings from Section [EffectsQuality@3] File [E:/SeniorProject/PollutionProject/SeniorProject/Saved/Config/Windows/Scalability.ini]
[2019.09.30-11.53.00:957][  0]LogConfig: Setting CVar [[r.TranslucencyLightingVolumeDim:64]]
[2019.09.30-11.53.00:957][  0]LogConfig: Setting CVar [[r.RefractionQuality:2]]
[2019.09.30-11.53.00:958][  0]LogConfig: Setting CVar [[r.SSR.Quality:3]]
[2019.09.30-11.53.00:958][  0]LogConfig: Setting CVar [[r.SceneColorFormat:4]]
[2019.09.30-11.53.00:958][  0]LogConfig: Setting CVar [[r.DetailMode:2]]
[2019.09.30-11.53.00:958][  0]LogConfig: Setting CVar [[r.TranslucencyVolumeBlur:1]]
[2019.09.30-11.53.00:958][  0]LogConfig: Setting CVar [[r.MaterialQualityLevel:1 ; High quality]]
[2019.09.30-11.53.00:958][  0]LogConfig: Setting CVar [[r.SSS.Scale:1]]
[2019.09.30-11.53.00:958][  0]LogConfig: Setting CVar [[r.SSS.SampleSet:2]]
[2019.09.30-11.53.00:958][  0]LogConfig: Setting CVar [[r.SSS.Quality:1]]
[2019.09.30-11.53.00:958][  0]LogConfig: Setting CVar [[r.SSS.HalfRes:1]]
[2019.09.30-11.53.00:958][  0]LogConfig: Setting CVar [[r.EmitterSpawnRateScale:1.0]]
[2019.09.30-11.53.00:958][  0]LogConfig: Setting CVar [[r.ParticleLightQuality:2]]
[2019.09.30-11.53.00:958][  0]LogConfig: Applying CVar settings from Section [FoliageQuality@3] File [E:/SeniorProject/PollutionProject/SeniorProject/Saved/Config/Windows/Scalability.ini]
[2019.09.30-11.53.00:958][  0]LogConfig: Setting CVar [[foliage.DensityScale:1.0]]
[2019.09.30-11.53.00:958][  0]LogConfig: Setting CVar [[grass.DensityScale:1.0]]
[2019.09.30-11.53.00:958][  0]LogInit: Selected Device Profile: [Windows]
[2019.09.30-11.53.00:958][  0]LogInit: Applying CVar settings loaded from the selected device profile: [Windows]
[2019.09.30-11.53.01:046][  0]LogHAL: Display: Platform has ~ 16 GB [17116258304 / 17179869184 / 16], which maps to Larger [LargestMinGB=32, LargerMinGB=12, DefaultMinGB=8, SmallerMinGB=6, SmallestMinGB=0)
[2019.09.30-11.53.01:047][  0]LogConfig: Setting CVar [[r.Vulkan.UseRealUBs:0		; Required until we fix HLR fall-out]]
[2019.09.30-11.53.01:047][  0]LogInit: Going up to parent DeviceProfile []
[2019.09.30-11.53.01:047][  0]LogConfig: Applying CVar settings from Section [ViewDistanceQuality@3] File [E:/SeniorProject/PollutionProject/SeniorProject/Saved/Config/Windows/Scalability.ini]
[2019.09.30-11.53.01:047][  0]LogConfig: Setting CVar [[r.SkeletalMeshLODBias:0]]
[2019.09.30-11.53.01:047][  0]LogConfig: Setting CVar [[r.ViewDistanceScale:1.0]]
[2019.09.30-11.53.01:047][  0]LogConfig: Applying CVar settings from Section [AntiAliasingQuality@3] File [E:/SeniorProject/PollutionProject/SeniorProject/Saved/Config/Windows/Scalability.ini]
[2019.09.30-11.53.01:047][  0]LogConfig: Setting CVar [[r.PostProcessAAQuality:4]]
[2019.09.30-11.53.01:047][  0]LogConfig: Applying CVar settings from Section [ShadowQuality@3] File [E:/SeniorProject/PollutionProject/SeniorProject/Saved/Config/Windows/Scalability.ini]
[2019.09.30-11.53.01:047][  0]LogConfig: Setting CVar [[r.LightFunctionQuality:1]]
[2019.09.30-11.53.01:047][  0]LogConfig: Setting CVar [[r.ShadowQuality:5]]
[2019.09.30-11.53.01:048][  0]LogConfig: Setting CVar [[r.Shadow.CSM.MaxCascades:10]]
[2019.09.30-11.53.01:048][  0]LogConfig: Setting CVar [[r.Shadow.MaxResolution:2048]]
[2019.09.30-11.53.01:048][  0]LogConfig: Setting CVar [[r.Shadow.MaxCSMResolution:2048]]
[2019.09.30-11.53.01:048][  0]LogConfig: Setting CVar [[r.Shadow.RadiusThreshold:0.01]]
[2019.09.30-11.53.01:048][  0]LogConfig: Setting CVar [[r.Shadow.DistanceScale:1.0]]
[2019.09.30-11.53.01:048][  0]LogConfig: Setting CVar [[r.Shadow.CSM.TransitionScale:1.0]]
[2019.09.30-11.53.01:048][  0]LogConfig: Setting CVar [[r.Shadow.PreShadowResolutionFactor:1.0]]
[2019.09.30-11.53.01:048][  0]LogConfig: Setting CVar [[r.DistanceFieldShadowing:1]]
[2019.09.30-11.53.01:048][  0]LogConfig: Setting CVar [[r.DistanceFieldAO:1]]
[2019.09.30-11.53.01:048][  0]LogConfig: Setting CVar [[r.AOQuality:2]]
[2019.09.30-11.53.01:048][  0]LogConfig: Setting CVar [[r.VolumetricFog:1]]
[2019.09.30-11.53.01:048][  0]LogConfig: Setting CVar [[r.VolumetricFog.GridPixelSize:8]]
[2019.09.30-11.53.01:048][  0]LogConfig: Setting CVar [[r.VolumetricFog.GridSizeZ:128]]
[2019.09.30-11.53.01:048][  0]LogConfig: Setting CVar [[r.VolumetricFog.HistoryMissSupersampleCount:4]]
[2019.09.30-11.53.01:048][  0]LogConfig: Setting CVar [[r.LightMaxDrawDistanceScale:1]]
[2019.09.30-11.53.01:049][  0]LogConfig: Setting CVar [[r.CapsuleShadows:1]]
[2019.09.30-11.53.01:049][  0]LogConfig: Applying CVar settings from Section [PostProcessQuality@3] File [E:/SeniorProject/PollutionProject/SeniorProject/Saved/Config/Windows/Scalability.ini]
[2019.09.30-11.53.01:049][  0]LogConfig: Setting CVar [[r.MotionBlurQuality:4]]
[2019.09.30-11.53.01:049][  0]LogConfig: Setting CVar [[r.AmbientOcclusionMipLevelFactor:0.4]]
[2019.09.30-11.53.01:049][  0]LogConfig: Setting CVar [[r.AmbientOcclusionMaxQuality:100]]
[2019.09.30-11.53.01:049][  0]LogConfig: Setting CVar [[r.AmbientOcclusionLevels:-1]]
[2019.09.30-11.53.01:049][  0]LogConfig: Setting CVar [[r.AmbientOcclusionRadiusScale:1.0]]
[2019.09.30-11.53.01:049][  0]LogConfig: Setting CVar [[r.DepthOfFieldQuality:2]]
[2019.09.30-11.53.01:049][  0]LogConfig: Setting CVar [[r.RenderTargetPoolMin:400]]
[2019.09.30-11.53.01:049][  0]LogConfig: Setting CVar [[r.LensFlareQuality:2]]
[2019.09.30-11.53.01:049][  0]LogConfig: Setting CVar [[r.SceneColorFringeQuality:1]]
[2019.09.30-11.53.01:049][  0]LogConfig: Setting CVar [[r.EyeAdaptationQuality:2]]
[2019.09.30-11.53.01:049][  0]LogConfig: Setting CVar [[r.BloomQuality:5]]
[2019.09.30-11.53.01:050][  0]LogConfig: Setting CVar [[r.FastBlurThreshold:100]]
[2019.09.30-11.53.01:050][  0]LogConfig: Setting CVar [[r.Upscale.Quality:3]]
[2019.09.30-11.53.01:050][  0]LogConfig: Setting CVar [[r.Tonemapper.GrainQuantization:1]]
[2019.09.30-11.53.01:050][  0]LogConfig: Setting CVar [[r.LightShaftQuality:1]]
[2019.09.30-11.53.01:050][  0]LogConfig: Setting CVar [[r.Filter.SizeScale:1]]
[2019.09.30-11.53.01:050][  0]LogConfig: Setting CVar [[r.Tonemapper.Quality:5]]
[2019.09.30-11.53.01:050][  0]LogConfig: Setting CVar [[r.DOF.Gather.AccumulatorQuality:1        ; higher gathering accumulator quality]]
[2019.09.30-11.53.01:050][  0]LogConfig: Setting CVar [[r.DOF.Gather.PostfilterMethod:1          ; Median3x3 postfilering method]]
[2019.09.30-11.53.01:050][  0]LogConfig: Setting CVar [[r.DOF.Gather.EnableBokehSettings:0       ; no bokeh simulation when gathering]]
[2019.09.30-11.53.01:050][  0]LogConfig: Setting CVar [[r.DOF.Gather.RingCount:4                 ; medium number of samples when gathering]]
[2019.09.30-11.53.01:050][  0]LogConfig: Setting CVar [[r.DOF.Scatter.ForegroundCompositing:1    ; additive foreground scattering]]
[2019.09.30-11.53.01:050][  0]LogConfig: Setting CVar [[r.DOF.Scatter.BackgroundCompositing:2    ; additive background scattering]]
[2019.09.30-11.53.01:050][  0]LogConfig: Setting CVar [[r.DOF.Scatter.EnableBokehSettings:1      ; bokeh simulation when scattering]]
[2019.09.30-11.53.01:050][  0]LogConfig: Setting CVar [[r.DOF.Scatter.MaxSpriteRatio:0.1         ; only a maximum of 10% of scattered bokeh]]
[2019.09.30-11.53.01:051][  0]LogConfig: Setting CVar [[r.DOF.Recombine.Quality:1                ; cheap slight out of focus]]
[2019.09.30-11.53.01:051][  0]LogConfig: Setting CVar [[r.DOF.Recombine.EnableBokehSettings:0    ; no bokeh simulation on slight out of focus]]
[2019.09.30-11.53.01:051][  0]LogConfig: Setting CVar [[r.DOF.TemporalAAQuality:1                ; more stable temporal accumulation]]
[2019.09.30-11.53.01:051][  0]LogConfig: Setting CVar [[r.DOF.Kernel.MaxForegroundRadius:0.025]]
[2019.09.30-11.53.01:051][  0]LogConfig: Setting CVar [[r.DOF.Kernel.MaxBackgroundRadius:0.025]]
[2019.09.30-11.53.01:051][  0]LogConfig: Applying CVar settings from Section [TextureQuality@3] File [E:/SeniorProject/PollutionProject/SeniorProject/Saved/Config/Windows/Scalability.ini]
[2019.09.30-11.53.01:051][  0]LogConfig: Setting CVar [[r.Streaming.MipBias:0]]
[2019.09.30-11.53.01:051][  0]LogConfig: Setting CVar [[r.Streaming.AmortizeCPUToGPUCopy:0]]
[2019.09.30-11.53.01:051][  0]LogConfig: Setting CVar [[r.Streaming.MaxNumTexturesToStreamPerFrame:0]]
[2019.09.30-11.53.01:051][  0]LogConfig: Setting CVar [[r.Streaming.Boost:1]]
[2019.09.30-11.53.01:051][  0]LogConfig: Setting CVar [[r.MaxAnisotropy:8]]
[2019.09.30-11.53.01:051][  0]LogConfig: Setting CVar [[r.Streaming.LimitPoolSizeToVRAM:0]]
[2019.09.30-11.53.01:051][  0]LogConfig: Setting CVar [[r.Streaming.PoolSize:1000]]
[2019.09.30-11.53.01:051][  0]LogConfig: Setting CVar [[r.Streaming.MaxEffectiveScreenSize:0]]
[2019.09.30-11.53.01:051][  0]LogConfig: Applying CVar settings from Section [EffectsQuality@3] File [E:/SeniorProject/PollutionProject/SeniorProject/Saved/Config/Windows/Scalability.ini]
[2019.09.30-11.53.01:051][  0]LogConfig: Setting CVar [[r.TranslucencyLightingVolumeDim:64]]
[2019.09.30-11.53.01:052][  0]LogConfig: Setting CVar [[r.RefractionQuality:2]]
[2019.09.30-11.53.01:052][  0]LogConfig: Setting CVar [[r.SSR.Quality:3]]
[2019.09.30-11.53.01:052][  0]LogConfig: Setting CVar [[r.SceneColorFormat:4]]
[2019.09.30-11.53.01:052][  0]LogConfig: Setting CVar [[r.DetailMode:2]]
[2019.09.30-11.53.01:052][  0]LogConfig: Setting CVar [[r.TranslucencyVolumeBlur:1]]
[2019.09.30-11.53.01:052][  0]LogConfig: Setting CVar [[r.MaterialQualityLevel:1 ; High quality]]
[2019.09.30-11.53.01:052][  0]LogConfig: Setting CVar [[r.SSS.Scale:1]]
[2019.09.30-11.53.01:052][  0]LogConfig: Setting CVar [[r.SSS.SampleSet:2]]
[2019.09.30-11.53.01:052][  0]LogConfig: Setting CVar [[r.SSS.Quality:1]]
[2019.09.30-11.53.01:052][  0]LogConfig: Setting CVar [[r.SSS.HalfRes:1]]
[2019.09.30-11.53.01:052][  0]LogConfig: Setting CVar [[r.EmitterSpawnRateScale:1.0]]
[2019.09.30-11.53.01:052][  0]LogConfig: Setting CVar [[r.ParticleLightQuality:2]]
[2019.09.30-11.53.01:052][  0]LogConfig: Applying CVar settings from Section [FoliageQuality@3] File [E:/SeniorProject/PollutionProject/SeniorProject/Saved/Config/Windows/Scalability.ini]
[2019.09.30-11.53.01:052][  0]LogConfig: Setting CVar [[foliage.DensityScale:1.0]]
[2019.09.30-11.53.01:053][  0]LogConfig: Setting CVar [[grass.DensityScale:1.0]]
[2019.09.30-11.53.01:053][  0]LogConfig: Applying CVar settings from Section [Startup] File [../../../Engine/Config/ConsoleVariables.ini]
[2019.09.30-11.53.01:053][  0]LogConfig: Setting CVar [[net.UseAdaptiveNetUpdateFrequency:0]]
[2019.09.30-11.53.01:053][  0]LogConfig: Setting CVar [[p.chaos.AllowCreatePhysxBodies:1]]
[2019.09.30-11.53.01:053][  0]LogConfig: Applying CVar settings from Section [ConsoleVariables] File [E:/SeniorProject/PollutionProject/SeniorProject/Saved/Config/Windows/Engine.ini]
[2019.09.30-11.53.01:053][  0]LogInit: Computer: GREGSPC
[2019.09.30-11.53.01:053][  0]LogInit: User: Gregory
[2019.09.30-11.53.01:053][  0]LogInit: CPU Page size=4096, Cores=4
[2019.09.30-11.53.01:053][  0]LogInit: High frequency timer resolution =10.000000 MHz
[2019.09.30-11.53.01:053][  0]LogMemory: Memory total: Physical=15.9GB (16GB approx)
[2019.09.30-11.53.01:053][  0]LogMemory: Platform Memory Stats for Windows
[2019.09.30-11.53.01:053][  0]LogMemory: Process Physical Memory: 101.05 MB used, 101.05 MB peak
[2019.09.30-11.53.01:054][  0]LogMemory: Process Virtual Memory: 92.82 MB used, 92.82 MB peak
[2019.09.30-11.53.01:054][  0]LogMemory: Physical Memory: 12516.75 MB used,  3806.58 MB free, 16323.34 MB total
[2019.09.30-11.53.01:054][  0]LogMemory: Virtual Memory: 4662.56 MB used,  134213064.00 MB free, 134217728.00 MB total
[2019.09.30-11.53.13:133][  0]LogInit: Using OS detected language (en-US).
[2019.09.30-11.53.13:133][  0]LogInit: Using OS detected locale (en-US).
[2019.09.30-11.53.13:134][  0]LogTextLocalizationManager: No specific localization for 'en-US' exists, so the 'en' localization will be used.
[2019.09.30-11.53.13:313][  0]LogInit: Setting process to per monitor DPI aware
[2019.09.30-11.53.13:421][  0]LogSlate: New Slate User Created.  User Index 0, Is Virtual User: 0
[2019.09.30-11.53.13:421][  0]LogSlate: Slate User Registered.  User Index 0, Is Virtual User: 0
[2019.09.30-11.53.13:725][  0]LogHMD: Failed to initialize OpenVR with code 126
[2019.09.30-11.53.13:725][  0]LogD3D11RHI: D3D11 adapters:
[2019.09.30-11.53.13:838][  0]LogD3D11RHI:    0. 'NVIDIA GeForce RTX 2080' (Feature Level 11_0)
[2019.09.30-11.53.13:838][  0]LogD3D11RHI:       8010/0/8161 MB DedicatedVideo/DedicatedSystem/SharedSystem, Outputs:4, VendorId:0x10de
[2019.09.30-11.53.13:931][  0]LogD3D11RHI:    1. 'Microsoft Basic Render Driver' (Feature Level 11_0)
[2019.09.30-11.53.13:931][  0]LogD3D11RHI:       0/0/8161 MB DedicatedVideo/DedicatedSystem/SharedSystem, Outputs:0, VendorId:0x1414
[2019.09.30-11.53.13:931][  0]LogD3D11RHI: Chosen D3D11 Adapter: 0
[2019.09.30-11.53.13:943][  0]LogD3D11RHI: Creating new Direct3DDevice
[2019.09.30-11.53.13:943][  0]LogD3D11RHI:     GPU DeviceId: 0x1e87 (for the marketing name, search the web for "GPU Device Id")
[2019.09.30-11.53.13:943][  0]LogWindows: EnumDisplayDevices:
[2019.09.30-11.53.13:943][  0]LogWindows:    0. 'NVIDIA GeForce RTX 2080' (P:1 D:1)
[2019.09.30-11.53.13:944][  0]LogWindows:    1. 'NVIDIA GeForce RTX 2080' (P:0 D:1)
[2019.09.30-11.53.13:944][  0]LogWindows:    2. 'NVIDIA GeForce RTX 2080' (P:0 D:1)
[2019.09.30-11.53.13:944][  0]LogWindows:    3. 'NVIDIA GeForce RTX 2080' (P:0 D:1)
[2019.09.30-11.53.13:944][  0]LogWindows: DebugString: FoundDriverCount:4 
[2019.09.30-11.53.13:944][  0]LogD3D11RHI:     Adapter Name: NVIDIA GeForce RTX 2080
[2019.09.30-11.53.13:944][  0]LogD3D11RHI:   Driver Version: 431.36 (internal:26.21.14.3136, unified:431.36)
[2019.09.30-11.53.13:945][  0]LogD3D11RHI:      Driver Date: 7-3-2019
[2019.09.30-11.53.13:945][  0]LogRHI: Texture pool is 5607 MB (70% of 8010 MB)
[2019.09.30-11.53.14:005][  0]LogD3D11RHI: Async texture creation enabled
[2019.09.30-11.53.14:218][  0]LogRendererCore: FGlobalReadBuffer::InitRHI
[2019.09.30-11.53.14:218][  0]LogRendererCore: FGlobalReadBuffer::InitRHI
[2019.09.30-11.53.14:218][  0]LogRendererCore: FGlobalReadBuffer::InitRHI
[2019.09.30-11.53.14:228][  0]LogD3D11RHI: GPU Timing Frequency: 1000.000000 (Debug: 2 1)
[2019.09.30-11.53.15:177][  0]LogTemp: Display: Module 'AllDesktopTargetPlatform' loaded TargetPlatform 'AllDesktop'
[2019.09.30-11.53.15:191][  0]LogTemp: Display: Module 'MacClientTargetPlatform' loaded TargetPlatform 'MacClient'
[2019.09.30-11.53.15:205][  0]LogTemp: Display: Module 'MacNoEditorTargetPlatform' loaded TargetPlatform 'MacNoEditor'
[2019.09.30-11.53.15:221][  0]LogTemp: Display: Module 'MacServerTargetPlatform' loaded TargetPlatform 'MacServer'
[2019.09.30-11.53.15:240][  0]LogTemp: Display: Module 'MacTargetPlatform' loaded TargetPlatform 'Mac'
[2019.09.30-11.53.15:255][  0]LogTemp: Display: Module 'WindowsClientTargetPlatform' loaded TargetPlatform 'WindowsClient'
[2019.09.30-11.53.15:271][  0]LogTemp: Display: Module 'WindowsNoEditorTargetPlatform' loaded TargetPlatform 'WindowsNoEditor'
[2019.09.30-11.53.15:285][  0]LogTemp: Display: Module 'WindowsServerTargetPlatform' loaded TargetPlatform 'WindowsServer'
[2019.09.30-11.53.15:293][  0]LogTemp: Display: Module 'WindowsTargetPlatform' loaded TargetPlatform 'Windows'
[2019.09.30-11.53.15:373][  0]LogTemp: Display: Module 'AndroidTargetPlatform' loaded TargetPlatform 'Android'
[2019.09.30-11.53.15:374][  0]LogTemp: Display: Module 'AndroidTargetPlatform' loaded TargetPlatform 'Android_ASTC'
[2019.09.30-11.53.15:374][  0]LogTemp: Display: Module 'AndroidTargetPlatform' loaded TargetPlatform 'Android_ATC'
[2019.09.30-11.53.15:374][  0]LogTemp: Display: Module 'AndroidTargetPlatform' loaded TargetPlatform 'Android_DXT'
[2019.09.30-11.53.15:374][  0]LogTemp: Display: Module 'AndroidTargetPlatform' loaded TargetPlatform 'Android_ETC1'
[2019.09.30-11.53.15:374][  0]LogTemp: Display: Module 'AndroidTargetPlatform' loaded TargetPlatform 'Android_ETC1a'
[2019.09.30-11.53.15:374][  0]LogTemp: Display: Module 'AndroidTargetPlatform' loaded TargetPlatform 'Android_ETC2'
[2019.09.30-11.53.15:374][  0]LogTemp: Display: Module 'AndroidTargetPlatform' loaded TargetPlatform 'Android_PVRTC'
[2019.09.30-11.53.15:374][  0]LogTemp: Display: Module 'AndroidTargetPlatform' loaded TargetPlatform 'AndroidClient'
[2019.09.30-11.53.15:374][  0]LogTemp: Display: Module 'AndroidTargetPlatform' loaded TargetPlatform 'Android_ASTCClient'
[2019.09.30-11.53.15:374][  0]LogTemp: Display: Module 'AndroidTargetPlatform' loaded TargetPlatform 'Android_ATCClient'
[2019.09.30-11.53.15:374][  0]LogTemp: Display: Module 'AndroidTargetPlatform' loaded TargetPlatform 'Android_DXTClient'
[2019.09.30-11.53.15:374][  0]LogTemp: Display: Module 'AndroidTargetPlatform' loaded TargetPlatform 'Android_ETC1Client'
[2019.09.30-11.53.15:374][  0]LogTemp: Display: Module 'AndroidTargetPlatform' loaded TargetPlatform 'Android_ETC1aClient'
[2019.09.30-11.53.15:374][  0]LogTemp: Display: Module 'AndroidTargetPlatform' loaded TargetPlatform 'Android_ETC2Client'
[2019.09.30-11.53.15:375][  0]LogTemp: Display: Module 'AndroidTargetPlatform' loaded TargetPlatform 'Android_PVRTCClient'
[2019.09.30-11.53.15:375][  0]LogTemp: Display: Module 'AndroidTargetPlatform' loaded TargetPlatform 'Android_Multi'
[2019.09.30-11.53.15:375][  0]LogTemp: Display: Module 'AndroidTargetPlatform' loaded TargetPlatform 'Android_MultiClient'
[2019.09.30-11.53.15:379][  0]LogTemp: Display: Module 'HTML5TargetPlatform' loaded TargetPlatform 'HTML5'
[2019.09.30-11.53.15:433][  0]LogTemp: Display: Module 'IOSTargetPlatform' loaded TargetPlatform 'IOSClient'
[2019.09.30-11.53.15:434][  0]LogTemp: Display: Module 'IOSTargetPlatform' loaded TargetPlatform 'IOS'
[2019.09.30-11.53.15:457][  0]LogTemp: Display: Module 'TVOSTargetPlatform' loaded TargetPlatform 'TVOSClient'
[2019.09.30-11.53.15:457][  0]LogTemp: Display: Module 'TVOSTargetPlatform' loaded TargetPlatform 'TVOS'
[2019.09.30-11.53.15:471][  0]LogTemp: Display: Module 'LinuxClientTargetPlatform' loaded TargetPlatform 'LinuxClient'
[2019.09.30-11.53.15:489][  0]LogTemp: Display: Module 'LinuxNoEditorTargetPlatform' loaded TargetPlatform 'LinuxNoEditor'
[2019.09.30-11.53.15:547][  0]LogTemp: Display: Module 'LinuxServerTargetPlatform' loaded TargetPlatform 'LinuxServer'
[2019.09.30-11.53.15:564][  0]LogTemp: Display: Module 'LinuxTargetPlatform' loaded TargetPlatform 'Linux'
[2019.09.30-11.53.15:613][  0]LogTemp: Display: Module 'LuminTargetPlatform' loaded TargetPlatform 'Lumin'
[2019.09.30-11.53.15:613][  0]LogTemp: Display: Module 'LuminTargetPlatform' loaded TargetPlatform 'LuminClient'
[2019.09.30-11.53.15:613][  0]LogTargetPlatformManager: Display: Building Assets For Windows
[2019.09.30-11.53.15:635][  0]LogAudioDebug: Display: Lib vorbis DLL was dynamically loaded.
[2019.09.30-11.53.15:813][  0]LogShaderCompilers: Guid format shader working directory is 1 characters bigger than the processId version (E:/SeniorProject/PollutionProject/SeniorProject/Intermediate/Shaders/WorkingDirectory/7320/).
[2019.09.30-11.53.15:813][  0]LogShaderCompilers: Cleaned the shader compiler working directory 'C:/Users/Gregory/AppData/Local/Temp/UnrealShaderWorkingDir/FB82A3EF4E649D22061564868E9E42F8/'.
[2019.09.30-11.53.15:815][  0]LogXGEController: Cannot use XGE Controller as Incredibuild is not installed on this machine.
[2019.09.30-11.53.15:816][  0]LogShaderCompilers: Cannot use XGE Shader Compiler as Incredibuild is not installed on this machine.
[2019.09.30-11.53.15:816][  0]LogShaderCompilers: Display: Using Local Shader Compiler.
[2019.09.30-11.53.16:465][  0]LogDerivedDataCache: Display: Max Cache Size: 512 MB
[2019.09.30-11.53.16:541][  0]LogDerivedDataCache: Loaded boot cache 0.07s 72MB C:/Users/Gregory/AppData/Local/UnrealEngine/4.22/DerivedDataCache/Boot.ddc.
[2019.09.30-11.53.16:541][  0]LogDerivedDataCache: Display: Loaded Boot cache: C:/Users/Gregory/AppData/Local/UnrealEngine/4.22/DerivedDataCache/Boot.ddc
[2019.09.30-11.53.16:541][  0]LogDerivedDataCache: FDerivedDataBackendGraph:  Pak pak cache file E:/SeniorProject/PollutionProject/SeniorProject/DerivedDataCache/DDC.ddp not found, will not use a pak cache.
[2019.09.30-11.53.16:541][  0]LogDerivedDataCache: Unable to find inner node Pak for hierarchical cache Hierarchy.
[2019.09.30-11.53.16:541][  0]LogDerivedDataCache: FDerivedDataBackendGraph:  CompressedPak pak cache file E:/SeniorProject/PollutionProject/SeniorProject/DerivedDataCache/Compressed.ddp not found, will not use a pak cache.
[2019.09.30-11.53.16:541][  0]LogDerivedDataCache: Unable to find inner node CompressedPak for hierarchical cache Hierarchy.
[2019.09.30-11.53.16:554][  0]LogDerivedDataCache: Display: Pak cache opened for reading ../../../Engine/DerivedDataCache/Compressed.ddp.
[2019.09.30-11.53.16:557][  0]LogDerivedDataCache: Display: Pak cache opened for reading ../../../Enterprise/DerivedDataCache/Compressed.ddp.
[2019.09.30-11.53.16:571][  0]LogDerivedDataCache: Using Local data cache path C:/Users/Gregory/AppData/Local/UnrealEngine/Common/DerivedDataCache: Writable
[2019.09.30-11.53.16:571][  0]LogDerivedDataCache: Shared data cache path not found in *engine.ini, will not use an Shared cache.
[2019.09.30-11.53.16:571][  0]LogDerivedDataCache: Unable to find inner node Shared for hierarchical cache Hierarchy.
[2019.09.30-11.53.16:593][  0]LogMaterial: Verifying Global Shaders for PCD3D_SM5
[2019.09.30-11.53.16:594][  0]LogSlate: Using FreeType 2.6.0
[2019.09.30-11.53.16:595][  0]LogSlate: SlateFontServices - WITH_FREETYPE: 1, WITH_HARFBUZZ: 1
[2019.09.30-11.53.16:682][  0]LogAssetRegistry: FAssetRegistry took 0.0356 seconds to start up
[2019.09.30-11.53.17:033][  0]LogInit: Selected Device Profile: [Windows]
[2019.09.30-11.53.17:283][  0]LogMeshReduction: Using QuadricMeshReduction for automatic static mesh reduction
[2019.09.30-11.53.17:284][  0]LogMeshReduction: Using SimplygonMeshReduction for automatic skeletal mesh reduction
[2019.09.30-11.53.17:284][  0]LogMeshReduction: Using ProxyLODMeshReduction for automatic mesh merging
[2019.09.30-11.53.17:284][  0]LogMeshReduction: No distributed automatic mesh merging module available
[2019.09.30-11.53.17:284][  0]LogMeshMerging: No distributed automatic mesh merging module available
[2019.09.30-11.53.17:307][  0]LogNetVersion: SeniorProject 1.0.0, NetCL: 5660361, EngineNetVer: 10, GameNetVer: 0 (Checksum: 993350713)
[2019.09.30-11.53.17:860][  0]LogPackageLocalizationCache: Processed 16 localized package path(s) for 1 prioritized culture(s) in 0.086521 seconds
[2019.09.30-11.53.17:872][  0]LogUObjectArray: 42205 objects as part of root set at end of initial load.
[2019.09.30-11.53.17:872][  0]LogUObjectAllocator: 7325032 out of 0 bytes used by permanent object pool.
[2019.09.30-11.53.17:872][  0]LogUObjectArray: CloseDisregardForGC: 0/0 objects in disregard for GC pool
[2019.09.30-11.53.19:352][  0]LogTcpMessaging: Initializing TcpMessaging bridge
[2019.09.30-11.53.19:372][  0]LogUdpMessaging: Initializing bridge on interface 0.0.0.0:0 to multicast group 230.0.0.1:6666.
[2019.09.30-11.53.20:687][  0]SourceControl: Source control is disabled
[2019.09.30-11.53.24:154][  0]LogAndroidPermission: UAndroidPermissionCallbackProxy::GetInstance
[2019.09.30-11.53.24:625][  0]LogOcInput: OculusInput pre-init called
[2019.09.30-11.53.44:586][  0]LogWindows: Failed to load 'libalias_api.dll' (GetLastError=126)
[2019.09.30-11.53.44:587][  0]LogWindows: File 'libalias_api.dll' does not exist
[2019.09.30-11.53.44:588][  0]LogWindows: Failed to load 'libalias_api.dll' (GetLastError=126)
[2019.09.30-11.53.44:588][  0]LogWindows: File 'libalias_api.dll' does not exist
[2019.09.30-11.53.44:736][  0]LogEngine: Initializing Engine...
[2019.09.30-11.53.44:788][  0]LogHMD: Failed to initialize OpenVR with code 126
[2019.09.30-11.53.44:789][  0]LogStats: UGameplayTagsManager::InitializeManager -  0.000 s
[2019.09.30-11.53.45:081][  0]LogInit: Initializing FReadOnlyCVARCache
[2019.09.30-11.53.45:109][  0]LogAIModule: Creating AISystem for world Untitled
[2019.09.30-11.53.45:345][  0]LogInit: XAudio2 using 'Headset Earphone (2- Corsair HS70 Wireless Gaming Headset)' : 2 channels at 48 kHz using 16 bits per sample (channel mask 0x3)
[2019.09.30-11.53.45:429][  0]LogInit: FAudioDevice initialized.
[2019.09.30-11.53.45:429][  0]LogNetVersion: Set ProjectVersion to 1.0.0.0. Version Checksum will be recalculated on next use.
[2019.09.30-11.53.45:724][  0]LogDerivedDataCache: Saved boot cache 0.30s 72MB C:/Users/Gregory/AppData/Local/UnrealEngine/4.22/DerivedDataCache/Boot.ddc.
[2019.09.30-11.53.45:736][  0]LogInit: Texture streaming: Enabled
[2019.09.30-11.53.45:766][  0]LogEngineSessionManager: EngineSessionManager initialized
[2019.09.30-11.53.45:795][  0]LogInit: Transaction tracking system initialized
[2019.09.30-11.53.45:832][  0]BlueprintLog: New page: Editor Load
[2019.09.30-11.53.45:974][  0]LocalizationService: Localization service is disabled
[2019.09.30-11.53.46:377][  0]LogFileCache: Scanning file cache for directory 'E:/SeniorProject/PollutionProject/SeniorProject/Content/' took 0.02s
[2019.09.30-11.53.46:378][  0]LogCook: Display: Max memory allowance for cook 16384mb min free memory 0mb
[2019.09.30-11.53.46:378][  0]LogCook: Display: Mobile HDR setting 1
[2019.09.30-11.53.49:416][  0]Cmd: MAP LOAD FILE="../../../Engine/Content/Maps/Templates/Template_Default.umap" TEMPLATE=1 SHOWPROGRESS=1 FEATURELEVEL=3
[2019.09.30-11.53.49:417][  0]LightingResults: New page: Lighting Build
[2019.09.30-11.53.49:421][  0]MapCheck: New page: Map Check
[2019.09.30-11.53.49:421][  0]LightingResults: New page: Lighting Build
[2019.09.30-11.53.49:443][  0]LogUObjectHash: Compacting FUObjectHashTables data took   2.24ms
[2019.09.30-11.53.49:529][  0]LogAIModule: Creating AISystem for world Untitled_1
[2019.09.30-11.53.49:534][  0]LogEditorServer: Finished looking for orphan Actors (0.000 secs)
[2019.09.30-11.53.49:562][  0]LogUObjectHash: Compacting FUObjectHashTables data took   1.86ms
[2019.09.30-11.53.49:562][  0]Cmd: MAP CHECKDEP NOCLEARLOG
[2019.09.30-11.53.49:563][  0]MapCheck: Map check complete: 0 Error(s), 0 Warning(s), took 0.229ms to complete.
[2019.09.30-11.53.49:563][  0]LogFileHelpers: Loading map 'Template_Default' took 0.147
[2019.09.30-11.53.49:791][  0]LogSlate: Updating window title bar state: overlay mode, drag disabled, window buttons hidden, title bar hidden
[2019.09.30-11.53.49:801][  0]LogSlate: Updating window title bar state: overlay mode, drag disabled, window buttons hidden, title bar hidden
[2019.09.30-11.53.49:810][  0]LogSlate: Updating window title bar state: overlay mode, drag disabled, window buttons hidden, title bar hidden
[2019.09.30-11.53.49:825][  0]LogSlate: Updating window title bar state: overlay mode, drag disabled, window buttons hidden, title bar hidden
[2019.09.30-11.53.49:836][  0]LogCollectionManager: Loaded 0 collections in 0.003449 seconds
[2019.09.30-11.53.49:857][  0]LogFileCache: Scanning file cache for directory 'E:/SeniorProject/PollutionProject/SeniorProject/Saved/Collections/' took 0.01s
[2019.09.30-11.53.49:857][  0]LogFileCache: Scanning file cache for directory 'E:/SeniorProject/PollutionProject/SeniorProject/Content/Developers/Gregory/Collections/' took 0.00s
[2019.09.30-11.53.49:857][  0]LogFileCache: Scanning file cache for directory 'E:/SeniorProject/PollutionProject/SeniorProject/Content/Collections/' took 0.00s
[2019.09.30-11.53.49:857][  0]LogCollectionManager: Rebuilt the GUID cache for 0 collections in 0.000002 seconds
[2019.09.30-11.53.49:873][  0]LogContentBrowser: Native class hierarchy populated in 0.0156 seconds. Added 2867 classes and 728 folders.
[2019.09.30-11.53.49:885][  0]LogContentBrowser: Native class hierarchy updated for 'WidgetCarousel' in 0.0005 seconds. Added 0 classes and 0 folders.
[2019.09.30-11.53.49:887][  0]LogPakFile: Registered encryption key '00000000000000000000000000000000': 0 pak files mounted, 0 remain pending
[2019.09.30-11.53.49:889][  0]LogPakFile: Registered encryption key '00000000000000000000000000000000': 0 pak files mounted, 0 remain pending
[2019.09.30-11.53.49:890][  0]LogPakFile: Registered encryption key '00000000000000000000000000000000': 0 pak files mounted, 0 remain pending
[2019.09.30-11.53.49:891][  0]LogPakFile: Registered encryption key '00000000000000000000000000000000': 0 pak files mounted, 0 remain pending
[2019.09.30-11.53.49:892][  0]LogPakFile: Registered encryption key '00000000000000000000000000000000': 0 pak files mounted, 0 remain pending
[2019.09.30-11.53.49:893][  0]LogPakFile: Registered encryption key '00000000000000000000000000000000': 0 pak files mounted, 0 remain pending
[2019.09.30-11.53.49:894][  0]LogPakFile: Registered encryption key '00000000000000000000000000000000': 0 pak files mounted, 0 remain pending
[2019.09.30-11.53.49:895][  0]LogPakFile: Registered encryption key '00000000000000000000000000000000': 0 pak files mounted, 0 remain pending
[2019.09.30-11.53.49:895][  0]LogPakFile: Registered encryption key '00000000000000000000000000000000': 0 pak files mounted, 0 remain pending
[2019.09.30-11.53.49:896][  0]LogPakFile: Registered encryption key '00000000000000000000000000000000': 0 pak files mounted, 0 remain pending
[2019.09.30-11.53.49:897][  0]LogPakFile: Registered encryption key '00000000000000000000000000000000': 0 pak files mounted, 0 remain pending
[2019.09.30-11.53.49:898][  0]LogPakFile: Registered encryption key '00000000000000000000000000000000': 0 pak files mounted, 0 remain pending
[2019.09.30-11.53.49:900][  0]LogPakFile: Registered encryption key '00000000000000000000000000000000': 0 pak files mounted, 0 remain pending
[2019.09.30-11.53.49:900][  0]LogPakFile: Registered encryption key '00000000000000000000000000000000': 0 pak files mounted, 0 remain pending
[2019.09.30-11.53.49:901][  0]LogPakFile: Registered encryption key '00000000000000000000000000000000': 0 pak files mounted, 0 remain pending
[2019.09.30-11.53.49:902][  0]LogPakFile: Registered encryption key '00000000000000000000000000000000': 0 pak files mounted, 0 remain pending
[2019.09.30-11.53.49:903][  0]LogPakFile: Registered encryption key '00000000000000000000000000000000': 0 pak files mounted, 0 remain pending
[2019.09.30-11.53.49:904][  0]LogPakFile: Registered encryption key '00000000000000000000000000000000': 0 pak files mounted, 0 remain pending
[2019.09.30-11.53.49:905][  0]LogPakFile: Registered encryption key '00000000000000000000000000000000': 0 pak files mounted, 0 remain pending
[2019.09.30-11.53.49:906][  0]LogPakFile: Registered encryption key '00000000000000000000000000000000': 0 pak files mounted, 0 remain pending
[2019.09.30-11.53.49:907][  0]LogPakFile: Registered encryption key '00000000000000000000000000000000': 0 pak files mounted, 0 remain pending
[2019.09.30-11.53.49:908][  0]LogPakFile: Registered encryption key '00000000000000000000000000000000': 0 pak files mounted, 0 remain pending
[2019.09.30-11.53.49:909][  0]LogPakFile: Registered encryption key '00000000000000000000000000000000': 0 pak files mounted, 0 remain pending
[2019.09.30-11.53.49:910][  0]LogPakFile: Registered encryption key '00000000000000000000000000000000': 0 pak files mounted, 0 remain pending
[2019.09.30-11.53.49:911][  0]LogPakFile: Registered encryption key '00000000000000000000000000000000': 0 pak files mounted, 0 remain pending
[2019.09.30-11.53.49:912][  0]LogPakFile: Registered encryption key '00000000000000000000000000000000': 0 pak files mounted, 0 remain pending
[2019.09.30-11.53.49:913][  0]LogPakFile: Registered encryption key '00000000000000000000000000000000': 0 pak files mounted, 0 remain pending
[2019.09.30-11.53.49:914][  0]LogPakFile: Registered encryption key '00000000000000000000000000000000': 0 pak files mounted, 0 remain pending
[2019.09.30-11.53.49:960][  0]LogContentBrowser: Native class hierarchy updated for 'AddContentDialog' in 0.0006 seconds. Added 0 classes and 0 folders.
[2019.09.30-11.53.49:966][  0]LogContentBrowser: Native class hierarchy updated for 'SceneOutliner' in 0.0006 seconds. Added 1 classes and 0 folders.
[2019.09.30-11.53.51:673][  0]LogSlate: Only BGRA pngs, bmps or icos are supported in by External Image Picker
[2019.09.30-11.53.51:732][  0]LogSlate: Took 0.000362 seconds to synchronously load lazily loaded font '../../../Engine/Content/Slate/Fonts/Roboto-Regular.ttf' (155K)
[2019.09.30-11.53.51:753][  0]LogSlate: Took 0.000508 seconds to synchronously load lazily loaded font '../../../Engine/Content/Slate/Fonts/Roboto-Bold.ttf' (160K)
[2019.09.30-11.53.51:767][  0]LogSlate: Took 0.000370 seconds to synchronously load lazily loaded font '../../../Engine/Content/Editor/Slate/Fonts/FontAwesome.ttf' (139K)
[2019.09.30-11.53.51:861][  0]LogRenderer: Reallocating scene render targets to support 1132x572 Format 10 NumSamples 1 (Frame:1).
[2019.09.30-11.53.52:021][  0]LogContentBrowser: Native class hierarchy updated for 'HierarchicalLODOutliner' in 0.0005 seconds. Added 0 classes and 0 folders.
[2019.09.30-11.53.52:022][  0]LogLoad: (Engine Initialization) Total time: 55.68 seconds
[2019.09.30-11.53.52:023][  0]LogLoad: (Engine Initialization) Total Blueprint compile time: 0.00 seconds
[2019.09.30-11.53.52:088][  0]LogAssetRegistry: Asset discovery search completed in 35.4308 seconds
[2019.09.30-11.53.52:093][  0]LogCollectionManager: Rebuilt the object cache for 0 collections in 0.000000 seconds (found 0 objects)
[2019.09.30-11.53.52:093][  0]LogCollectionManager: Fixed up redirectors for 0 collections in 0.000229 seconds (updated 0 objects)
[2019.09.30-11.53.52:095][  0]LogContentStreaming: Texture pool size now 1000 MB
[2019.09.30-11.53.52:127][  0]LogSlate: Took 0.000188 seconds to synchronously load lazily loaded font '../../../Engine/Content/Slate/Fonts/Roboto-Light.ttf' (167K)
[2019.09.30-11.54.08:019][706]LogSlate: FSceneViewport::OnFocusLost() reason 0
[2019.09.30-11.54.10:769][  0]LogSlate: Took 0.000187 seconds to synchronously load lazily loaded font '../../../Engine/Content/Slate/Fonts/Roboto-Light.ttf' (167K)
[2019.09.30-11.54.11:139][  0]LogAIModule: Creating AISystem for world GreyBoxLVL
[2019.09.30-11.54.11:161][  0]LogAssetEditorManager: Opening Asset editor for World /Game/Levels/GreyBoxLVL.GreyBoxLVL
[2019.09.30-11.54.11:190][  0]LogUObjectHash: Compacting FUObjectHashTables data took   1.84ms
[2019.09.30-11.54.11:192][  0]Cmd: MAP LOAD FILE="E:/SeniorProject/PollutionProject/SeniorProject/Content/Levels/GreyBoxLVL.umap" TEMPLATE=0 SHOWPROGRESS=1 FEATURELEVEL=3
[2019.09.30-11.54.11:193][  0]LightingResults: New page: Lighting Build
[2019.09.30-11.54.11:194][  0]LoadErrors: New page: Loading map: GreyBoxLVL.umap
[2019.09.30-11.54.11:194][  0]MapCheck: New page: Map Check
[2019.09.30-11.54.11:195][  0]LightingResults: New page: Lighting Build
[2019.09.30-11.54.11:223][  0]LogUObjectHash: Compacting FUObjectHashTables data took   2.48ms
[2019.09.30-11.54.11:274][  0]LogEditorServer: Finished looking for orphan Actors (0.000 secs)
[2019.09.30-11.54.11:301][  0]LogUObjectHash: Compacting FUObjectHashTables data took   1.57ms
[2019.09.30-11.54.11:335][  0]Cmd: MAP CHECKDEP NOCLEARLOG
[2019.09.30-11.54.11:335][  0]MapCheck: Map check complete: 0 Error(s), 0 Warning(s), took 0.117ms to complete.
[2019.09.30-11.54.11:336][  0]LogFileHelpers: Loading map 'GreyBoxLVL' took 0.145
[2019.09.30-11.54.24:418][664]LogTemp: Repeating last play command: Selected Viewport
[2019.09.30-11.54.24:594][664]LogBlueprintUserMessages: Early PlayInEditor Detection: Level '/Game/Levels/GreyBoxLVL.GreyBoxLVL:PersistentLevel' has LevelScriptBlueprint '/Game/Levels/GreyBoxLVL.GreyBoxLVL:PersistentLevel.GreyBoxLVL' with GeneratedClass '/Game/Levels/GreyBoxLVL.GreyBoxLVL_C' with ClassGeneratedBy '/Game/Levels/GreyBoxLVL.GreyBoxLVL:PersistentLevel.GreyBoxLVL'
[2019.09.30-11.54.24:634][664]LogPlayLevel: PlayLevel: No blueprints needed recompiling
[2019.09.30-11.54.24:669][664]PIE: New page: PIE session: GreyBoxLVL (Sep 30, 2019, 3:54:24 AM)
[2019.09.30-11.54.24:796][664]LogPlayLevel: Creating play world package: /Game/Levels/UEDPIE_0_GreyBoxLVL
[2019.09.30-11.54.24:920][664]LogPlayLevel: PIE: StaticDuplicateObject took: (0.122997s)
[2019.09.30-11.54.24:938][664]LogAIModule: Creating AISystem for world GreyBoxLVL
[2019.09.30-11.54.24:964][664]LogPlayLevel: PIE: World Init took: (0.044273s)
[2019.09.30-11.54.24:964][664]LogPlayLevel: PIE: Created PIE world by copying editor world from /Game/Levels/GreyBoxLVL.GreyBoxLVL to /Game/Levels/UEDPIE_0_GreyBoxLVL.GreyBoxLVL (0.168425s)
[2019.09.30-11.54.24:990][664]LogUObjectHash: Compacting FUObjectHashTables data took   1.64ms
[2019.09.30-11.54.25:236][664]LogInit: XAudio2 using 'Headset Earphone (2- Corsair HS70 Wireless Gaming Headset)' : 2 channels at 48 kHz using 16 bits per sample (channel mask 0x3)
[2019.09.30-11.54.25:262][664]LogInit: FAudioDevice initialized.
[2019.09.30-11.54.26:435][664]LogLoad: Game class is 'FirstPersonGameMode_C'
[2019.09.30-11.54.26:583][664]LogWorld: Bringing World /Game/Levels/UEDPIE_0_GreyBoxLVL.GreyBoxLVL up for play (max tick rate 0) at 2019.09.30-07.54.26
[2019.09.30-11.54.26:803][664]LogWorld: Bringing up level for play took: 0.236931
[2019.09.30-11.54.27:086][664]LogContentBrowser: Native class hierarchy updated for 'MovieSceneCapture' in 0.0004 seconds. Added 20 classes and 0 folders.
[2019.09.30-11.54.27:256][664]PIE: Play in editor start time for /Game/Levels/UEDPIE_0_GreyBoxLVL 2.192
[2019.09.30-11.54.27:256][664]LogBlueprintUserMessages: Late PlayInEditor Detection: Level '/Game/Levels/GreyBoxLVL.GreyBoxLVL:PersistentLevel' has LevelScriptBlueprint '/Game/Levels/GreyBoxLVL.GreyBoxLVL:PersistentLevel.GreyBoxLVL' with GeneratedClass '/Game/Levels/GreyBoxLVL.GreyBoxLVL_C' with ClassGeneratedBy '/Game/Levels/GreyBoxLVL.GreyBoxLVL:PersistentLevel.GreyBoxLVL'
[2019.09.30-11.55.36:458][665]LogCharacterMovement: Warning: GetSimulationTimeStep() - Max iterations 8 hit while remaining time 0.076924 > MaxSimulationTimeStep (0.050) for 'FirstPersonCharacter_C_0', movement 'Walking'
[2019.09.30-11.55.52:035][844]LogUnrealEdMisc: Warning: Heartbeat event firing too frequently (15.674 sec). This should never happen. Something is wrong with the timer delegate!
[2019.09.30-11.55.55:325][231]LogBlueprintUserMessages: Early EndPlayMap Detection: Level '/Game/Levels/GreyBoxLVL.GreyBoxLVL:PersistentLevel' has LevelScriptBlueprint '/Game/Levels/GreyBoxLVL.GreyBoxLVL:PersistentLevel.GreyBoxLVL' with GeneratedClass '/Game/Levels/GreyBoxLVL.GreyBoxLVL_C' with ClassGeneratedBy '/Game/Levels/GreyBoxLVL.GreyBoxLVL:PersistentLevel.GreyBoxLVL'
[2019.09.30-11.55.55:372][231]LogSlate: Updating window title bar state: overlay mode, drag disabled, window buttons hidden, title bar hidden
[2019.09.30-11.55.55:568][231]LogPlayLevel: Display: Shutting down PIE online subsystems
[2019.09.30-11.55.55:569][231]LogBlueprintUserMessages: Late EndPlayMap Detection: Level '/Game/Levels/GreyBoxLVL.GreyBoxLVL:PersistentLevel' has LevelScriptBlueprint '/Game/Levels/GreyBoxLVL.GreyBoxLVL:PersistentLevel.GreyBoxLVL' with GeneratedClass '/Game/Levels/GreyBoxLVL.GreyBoxLVL_C' with ClassGeneratedBy '/Game/Levels/GreyBoxLVL.GreyBoxLVL:PersistentLevel.GreyBoxLVL'
[2019.09.30-11.55.55:674][231]LogSlate: Updating window title bar state: overlay mode, drag disabled, window buttons hidden, title bar hidden
[2019.09.30-11.55.55:770][231]LogUObjectHash: Compacting FUObjectHashTables data took   3.01ms
[2019.09.30-11.55.55:803][232]LogPlayLevel: Display: Destroying online subsystem :Context_2
