Log file open, 11/28/19 11:51:00
LogWindows: Failed to load 'aqProf.dll' (GetLastError=126)
LogWindows: File 'aqProf.dll' does not exist
LogWindows: Failed to load 'VtuneApi.dll' (GetLastError=126)
LogWindows: File 'VtuneApi.dll' does not exist
LogWindows: Failed to load 'VtuneApi32e.dll' (GetLastError=126)
LogWindows: File 'VtuneApi32e.dll' does not exist
LogConsoleResponse: Display: Failed to find resolution value strings in scalability ini. Falling back to default.
LogInit: Display: Running engine for game: SeniorProject
LogPakFile: Registered encryption key '00000000000000000000000000000000': 0 pak files mounted, 0 remain pending
LogPlatformFile: Not using cached read wrapper
LogTaskGraph: Started task graph with 5 named threads and 23 total threads with 3 sets of task threads.
LogStats: Stats thread started at 3.513118
LogD3D11RHI: Loaded GFSDK_Aftermath_Lib.x64.dll
LogICUInternationalization: ICU TimeZone Detection - Raw Offset: -5:00, Platform Override: ''
LogPluginManager: Mounting plugin Paper2D
LogPluginManager: Mounting plugin AISupport
LogPluginManager: Mounting plugin LightPropagationVolume
LogPluginManager: Mounting plugin ActorLayerUtilities
LogPluginManager: Mounting plugin AnimationSharing
LogPluginManager: Mounting plugin CLionSourceCodeAccess
LogPluginManager: Mounting plugin CodeLiteSourceCodeAccess
LogPluginManager: Mounting plugin GitSourceControl
LogPluginManager: Mounting plugin KDevelopSourceCodeAccess
LogPluginManager: Mounting plugin NullSourceCodeAccess
LogPluginManager: Mounting plugin PerforceSourceControl
LogPluginManager: Mounting plugin SubversionSourceControl
LogPluginManager: Mounting plugin UObjectPlugin
LogPluginManager: Mounting plugin VisualStudioCodeSourceCodeAccess
LogPluginManager: Mounting plugin VisualStudioSourceCodeAccess
LogPluginManager: Mounting plugin XCodeSourceCodeAccess
LogPluginManager: Mounting plugin AssetManagerEditor
LogPluginManager: Mounting plugin CryptoKeys
LogPluginManager: Mounting plugin DataValidation
LogPluginManager: Mounting plugin EditorScriptingUtilities
LogPluginManager: Mounting plugin FacialAnimation
LogPluginManager: Mounting plugin GameplayTagsEditor
LogPluginManager: Mounting plugin GLTFImporter
LogPluginManager: Mounting plugin MacGraphicsSwitching
LogPluginManager: Mounting plugin MaterialAnalyzer
LogPluginManager: Mounting plugin MeshEditor
LogPluginManager: Mounting plugin MobileLauncherProfileWizard
LogPluginManager: Mounting plugin PluginBrowser
LogPluginManager: Mounting plugin SpeedTreeImporter
LogPluginManager: Mounting plugin DatasmithContent
LogPluginManager: Mounting plugin VariantManagerContent
LogPluginManager: Mounting plugin AlembicImporter
LogPluginManager: Mounting plugin AppleImageUtils
LogPluginManager: Mounting plugin AppleVision
LogPluginManager: Mounting plugin BackChannel
LogPluginManager: Mounting plugin BlastPlugin
LogPluginManager: Mounting plugin ChaosSolverPlugin
LogPluginManager: Mounting plugin CharacterAI
LogPluginManager: Mounting plugin GeometryCache
LogPluginManager: Mounting plugin GeometryCollectionPlugin
LogPluginManager: Mounting plugin HTML5Networking
LogPluginManager: Mounting plugin ProxyLODPlugin
LogPluginManager: Mounting plugin SkeletalReduction
LogPluginManager: Mounting plugin MagicLeap
LogPluginManager: Mounting plugin MagicLeapMedia
LogPluginManager: Mounting plugin AndroidMedia
LogPluginManager: Mounting plugin AvfMedia
LogPluginManager: Mounting plugin ImgMedia
LogPluginManager: Mounting plugin LinearTimecode
LogPluginManager: Mounting plugin MediaCompositing
LogPluginManager: Mounting plugin MediaPlayerEditor
LogPluginManager: Mounting plugin WebMMedia
LogPluginManager: Mounting plugin WmfMedia
LogPluginManager: Mounting plugin TcpMessaging
LogPluginManager: Mounting plugin UdpMessaging
LogPluginManager: Mounting plugin ActorSequence
LogPluginManager: Mounting plugin LevelSequenceEditor
LogPluginManager: Mounting plugin MatineeToLevelSequence
LogPluginManager: Mounting plugin NetcodeUnitTest
LogPluginManager: Mounting plugin NUTUnrealEngine4
LogPluginManager: Mounting plugin OnlineSubsystemGooglePlay
LogPluginManager: Mounting plugin OnlineSubsystemIOS
LogPluginManager: Mounting plugin OnlineSubsystem
LogPluginManager: Mounting plugin OnlineSubsystemNull
LogPluginManager: Mounting plugin OnlineSubsystemUtils
LogPluginManager: Mounting plugin LauncherChunkInstaller
LogPluginManager: Mounting plugin AndroidDeviceProfileSelector
LogPluginManager: Mounting plugin AndroidMoviePlayer
LogPluginManager: Mounting plugin AndroidPermission
LogPluginManager: Mounting plugin AppleMoviePlayer
LogPluginManager: Mounting plugin ArchVisCharacter
LogPluginManager: Mounting plugin AudioCapture
LogPluginManager: Mounting plugin CableComponent
LogPluginManager: Mounting plugin CustomMeshComponent
LogPluginManager: Mounting plugin EditableMesh
LogPluginManager: Mounting plugin ExampleDeviceProfileSelector
LogPluginManager: Mounting plugin Firebase
LogPluginManager: Mounting plugin GoogleCloudMessaging
LogPluginManager: Mounting plugin IOSDeviceProfileSelector
LogPluginManager: Mounting plugin LinuxDeviceProfileSelector
LogPluginManager: Mounting plugin LocationServicesBPLibrary
LogPluginManager: Mounting plugin MobilePatchingUtils
LogPluginManager: Mounting plugin OculusVR
LogPluginManager: Mounting plugin PhysXVehicles
LogPluginManager: Mounting plugin ProceduralMeshComponent
LogPluginManager: Mounting plugin RuntimePhysXCooking
LogPluginManager: Mounting plugin SignificanceManager
LogPluginManager: Mounting plugin SteamVR
LogPluginManager: Mounting plugin WebMMoviePlayer
LogPluginManager: Mounting plugin WindowsMoviePlayer
LogPluginManager: Mounting plugin DatasmithCADImporter
LogPluginManager: Mounting plugin DatasmithDataPrepEditor
LogPluginManager: Mounting plugin DatasmithFBXImporter
LogPluginManager: Mounting plugin DatasmithGLTFImporter
LogPluginManager: Mounting plugin DatasmithImporter
LogPluginManager: Mounting plugin MDLImporter
LogPluginManager: Mounting plugin StaticMeshEditorExtension
LogPluginManager: Mounting plugin VariantManager
LogInit: Using libcurl 7.55.1-DEV
LogInit:  - built for x86_64-pc-win32
LogInit:  - supports SSL with OpenSSL/1.1.1
LogInit:  - supports HTTP deflate (compression) using libz 1.2.8
LogInit:  - other features:
LogInit:      CURL_VERSION_SSL
LogInit:      CURL_VERSION_LIBZ
LogInit:      CURL_VERSION_IPV6
LogInit:      CURL_VERSION_ASYNCHDNS
LogInit:      CURL_VERSION_LARGEFILE
LogInit:      CURL_VERSION_IDN
LogInit:  CurlRequestOptions (configurable via config and command line):
LogInit:  - bVerifyPeer = true  - Libcurl will verify peer certificate
LogInit:  - bUseHttpProxy = false  - Libcurl will NOT use HTTP proxy
LogInit:  - bDontReuseConnections = false  - Libcurl will reuse connections
LogInit:  - MaxHostConnections = 16  - Libcurl will limit the number of connections to a host
LogInit:  - LocalHostAddr = Default
LogInit:  - BufferSize = 65536
LogInit: WinSock: version 1.1 (2.2), MaxSocks=32767, MaxUdp=65467
LogHMD: Failed initializing OVRPlugin 1.32.0
LogInit: Build: ++UE4+Release-4.22-CL-7053642
LogInit: Engine Version: 4.22.3-7053642+++UE4+Release-4.22
LogInit: Compatible Engine Version: 4.22.0-5660361+++UE4+Release-4.22
LogInit: Net CL: 5660361
LogInit: OS: Windows 10 (Release 1903) (), CPU: Intel(R) Core(TM) i7-7700HQ CPU @ 2.80GHz, GPU: NVIDIA GeForce GTX 1070
LogInit: Compiled (64-bit): Jun 18 2019 03:09:11
LogInit: Compiled with Visual C++: 19.16.27025.01
LogInit: Build Configuration: Development
LogInit: Branch Name: ++UE4+Release-4.22
LogInit: Command Line: 
LogInit: Base Directory: D:/TheBestGame/UE_4.22/Engine/Binaries/Win64/
LogInit: Installed Engine Build: 1
LogDevObjectVersion: Number of dev versions registered: 23
LogDevObjectVersion:   Dev-Blueprints (B0D832E4-1F89-4F0D-ACCF-7EB736FD4AA2): 10
LogDevObjectVersion:   Dev-Build (E1C64328-A22C-4D53-A36C-8E866417BD8C): 0
LogDevObjectVersion:   Dev-Core (375EC13C-06E4-48FB-B500-84F0262A717E): 3
LogDevObjectVersion:   Dev-Editor (E4B068ED-F494-42E9-A231-DA0B2E46BB41): 30
LogDevObjectVersion:   Dev-Framework (CFFC743F-43B0-4480-9391-14DF171D2073): 35
LogDevObjectVersion:   Dev-Mobile (B02B49B5-BB20-44E9-A304-32B752E40360): 2
LogDevObjectVersion:   Dev-Networking (A4E4105C-59A1-49B5-A7C5-40C4547EDFEE): 0
LogDevObjectVersion:   Dev-Online (39C831C9-5AE6-47DC-9A44-9C173E1C8E7C): 0
LogDevObjectVersion:   Dev-Physics (78F01B33-EBEA-4F98-B9B4-84EACCB95AA2): 0
LogDevObjectVersion:   Dev-Platform (6631380F-2D4D-43E0-8009-CF276956A95A): 0
LogDevObjectVersion:   Dev-Rendering (12F88B9F-8875-4AFC-A67C-D90C383ABD29): 28
LogDevObjectVersion:   Dev-Sequencer (7B5AE74C-D270-4C10-A958-57980B212A5A): 11
LogDevObjectVersion:   Dev-VR (D7296918-1DD6-4BDD-9DE2-64A83CC13884): 2
LogDevObjectVersion:   Dev-LoadTimes (C2A15278-BFE7-4AFE-6C17-90FF531DF755): 1
LogDevObjectVersion:   Private-Geometry (6EACA3D4-40EC-4CC1-B786-8BED09428FC5): 3
LogDevObjectVersion:   Dev-AnimPhys (29E575DD-E0A3-4627-9D10-D276232CDCEA): 17
LogDevObjectVersion:   Dev-Anim (AF43A65D-7FD3-4947-9873-3E8ED9C1BB05): 2
LogDevObjectVersion:   Dev-ReflectionCapture (6B266CEC-1EC7-4B8F-A30B-E4D90942FC07): 1
LogDevObjectVersion:   Dev-Automation (0DF73D61-A23F-47EA-B727-89E90C41499A): 1
LogDevObjectVersion:   FortniteMain (601D1886-AC64-4F84-AA16-D3DE0DEAC7D6): 25
LogDevObjectVersion:   Dev-Enterprise (9DFFBCD6-494F-0158-E221-12823C92A888): 6
LogDevObjectVersion:   Dev-Niagara (F2AED0AC-9AFE-416F-8664-AA7FFA26D6FC): 1
LogDevObjectVersion:   Dev-Destruction (174F1F0B-B4C6-45A5-B13F-2EE8D0FB917D): 2
LogInit: Presizing for max 16777216 objects, including 0 objects not considered by GC, pre-allocating 0 bytes for permanent pool.
LogInit: Object subsystem initialized
LogConfig: Setting CVar [[con.DebugEarlyDefault:1]]
LogConfig: Setting CVar [[r.setres:1280x720]]
[2019.11.28-16.51.06:216][  0]LogConfig: Setting CVar [[r.VSync:0]]
[2019.11.28-16.51.06:216][  0]LogConfig: Setting CVar [[r.RHICmdBypass:0]]
[2019.11.28-16.51.06:216][  0]LogConfig: Applying CVar settings from Section [/Script/Engine.RendererSettings] File [C:/SeniorProject/PollutionProject/SeniorProject/Saved/Config/Windows/Engine.ini]
[2019.11.28-16.51.06:217][  0]LogConfig: Setting CVar [[r.GPUCrashDebugging:0]]
[2019.11.28-16.51.06:217][  0]LogConfig: Setting CVar [[r.DefaultFeature.AutoExposure.ExtendDefaultLuminanceRange:1]]
[2019.11.28-16.51.06:217][  0]LogConfig: Setting CVar [[r.GenerateMeshDistanceFields:1]]
[2019.11.28-16.51.06:217][  0]LogConfig: Applying CVar settings from Section [/Script/Engine.RendererOverrideSettings] File [C:/SeniorProject/PollutionProject/SeniorProject/Saved/Config/Windows/Engine.ini]
[2019.11.28-16.51.06:217][  0]LogConfig: Applying CVar settings from Section [/Script/Engine.StreamingSettings] File [C:/SeniorProject/PollutionProject/SeniorProject/Saved/Config/Windows/Engine.ini]
[2019.11.28-16.51.06:217][  0]LogConfig: Setting CVar [[s.MinBulkDataSizeForAsyncLoading:131072]]
[2019.11.28-16.51.06:217][  0]LogConfig: Setting CVar [[s.AsyncLoadingThreadEnabled:0]]
[2019.11.28-16.51.06:217][  0]LogConfig: Setting CVar [[s.EventDrivenLoaderEnabled:1]]
[2019.11.28-16.51.06:217][  0]LogConfig: Setting CVar [[s.WarnIfTimeLimitExceeded:0]]
[2019.11.28-16.51.06:217][  0]LogConfig: Setting CVar [[s.TimeLimitExceededMultiplier:1.5]]
[2019.11.28-16.51.06:217][  0]LogConfig: Setting CVar [[s.TimeLimitExceededMinTime:0.005]]
[2019.11.28-16.51.06:217][  0]LogConfig: Setting CVar [[s.UseBackgroundLevelStreaming:1]]
[2019.11.28-16.51.06:217][  0]LogConfig: Setting CVar [[s.PriorityAsyncLoadingExtraTime:15.0]]
[2019.11.28-16.51.06:217][  0]LogConfig: Setting CVar [[s.LevelStreamingActorsUpdateTimeLimit:5.0]]
[2019.11.28-16.51.06:217][  0]LogConfig: Setting CVar [[s.PriorityLevelStreamingActorsUpdateExtraTime:5.0]]
[2019.11.28-16.51.06:217][  0]LogConfig: Setting CVar [[s.LevelStreamingComponentsRegistrationGranularity:10]]
[2019.11.28-16.51.06:217][  0]LogConfig: Setting CVar [[s.UnregisterComponentsTimeLimit:1.0]]
[2019.11.28-16.51.06:217][  0]LogConfig: Setting CVar [[s.LevelStreamingComponentsUnregistrationGranularity:5]]
[2019.11.28-16.51.06:217][  0]LogConfig: Applying CVar settings from Section [/Script/Engine.GarbageCollectionSettings] File [C:/SeniorProject/PollutionProject/SeniorProject/Saved/Config/Windows/Engine.ini]
[2019.11.28-16.51.06:217][  0]LogConfig: Setting CVar [[gc.MaxObjectsNotConsideredByGC:1]]
[2019.11.28-16.51.06:217][  0]LogConfig: Setting CVar [[gc.SizeOfPermanentObjectPool:0]]
[2019.11.28-16.51.06:217][  0]LogConfig: Setting CVar [[gc.FlushStreamingOnGC:0]]
[2019.11.28-16.51.06:217][  0]LogConfig: Setting CVar [[gc.NumRetriesBeforeForcingGC:10]]
[2019.11.28-16.51.06:217][  0]LogConfig: Setting CVar [[gc.AllowParallelGC:1]]
[2019.11.28-16.51.06:218][  0]LogConfig: Setting CVar [[gc.TimeBetweenPurgingPendingKillObjects:61.1]]
[2019.11.28-16.51.06:218][  0]LogConfig: Setting CVar [[gc.MaxObjectsInEditor:16777216]]
[2019.11.28-16.51.06:218][  0]LogConfig: Setting CVar [[gc.IncrementalBeginDestroyEnabled:1]]
[2019.11.28-16.51.06:219][  0]LogConfig: Setting CVar [[gc.CreateGCClusters:1]]
[2019.11.28-16.51.06:219][  0]LogConfig: Setting CVar [[gc.MinGCClusterSize:5]]
[2019.11.28-16.51.06:219][  0]LogConfig: Setting CVar [[gc.ActorClusteringEnabled:0]]
[2019.11.28-16.51.06:219][  0]LogConfig: Setting CVar [[gc.BlueprintClusteringEnabled:0]]
[2019.11.28-16.51.06:219][  0]LogConfig: Setting CVar [[gc.UseDisregardForGCOnDedicatedServers:0]]
[2019.11.28-16.51.06:219][  0]LogConfig: Applying CVar settings from Section [/Script/Engine.NetworkSettings] File [C:/SeniorProject/PollutionProject/SeniorProject/Saved/Config/Windows/Engine.ini]
[2019.11.28-16.51.06:219][  0]LogConfig: Applying CVar settings from Section [/Script/UnrealEd.CookerSettings] File [C:/SeniorProject/PollutionProject/SeniorProject/Saved/Config/Windows/Engine.ini]
[2019.11.28-16.51.06:247][  0]LogConfig: Applying CVar settings from Section [ViewDistanceQuality@3] File [C:/SeniorProject/PollutionProject/SeniorProject/Saved/Config/Windows/Scalability.ini]
[2019.11.28-16.51.06:247][  0]LogConfig: Setting CVar [[r.SkeletalMeshLODBias:0]]
[2019.11.28-16.51.06:247][  0]LogConfig: Setting CVar [[r.ViewDistanceScale:1.0]]
[2019.11.28-16.51.06:247][  0]LogConfig: Applying CVar settings from Section [AntiAliasingQuality@3] File [C:/SeniorProject/PollutionProject/SeniorProject/Saved/Config/Windows/Scalability.ini]
[2019.11.28-16.51.06:247][  0]LogConfig: Setting CVar [[r.PostProcessAAQuality:4]]
[2019.11.28-16.51.06:247][  0]LogConfig: Applying CVar settings from Section [ShadowQuality@3] File [C:/SeniorProject/PollutionProject/SeniorProject/Saved/Config/Windows/Scalability.ini]
[2019.11.28-16.51.06:247][  0]LogConfig: Setting CVar [[r.LightFunctionQuality:1]]
[2019.11.28-16.51.06:247][  0]LogConfig: Setting CVar [[r.ShadowQuality:5]]
[2019.11.28-16.51.06:247][  0]LogConfig: Setting CVar [[r.Shadow.CSM.MaxCascades:10]]
[2019.11.28-16.51.06:247][  0]LogConfig: Setting CVar [[r.Shadow.MaxResolution:2048]]
[2019.11.28-16.51.06:247][  0]LogConfig: Setting CVar [[r.Shadow.MaxCSMResolution:2048]]
[2019.11.28-16.51.06:247][  0]LogConfig: Setting CVar [[r.Shadow.RadiusThreshold:0.01]]
[2019.11.28-16.51.06:248][  0]LogConfig: Setting CVar [[r.Shadow.DistanceScale:1.0]]
[2019.11.28-16.51.06:248][  0]LogConfig: Setting CVar [[r.Shadow.CSM.TransitionScale:1.0]]
[2019.11.28-16.51.06:248][  0]LogConfig: Setting CVar [[r.Shadow.PreShadowResolutionFactor:1.0]]
[2019.11.28-16.51.06:249][  0]LogConfig: Setting CVar [[r.DistanceFieldShadowing:1]]
[2019.11.28-16.51.06:249][  0]LogConfig: Setting CVar [[r.DistanceFieldAO:1]]
[2019.11.28-16.51.06:249][  0]LogConfig: Setting CVar [[r.AOQuality:2]]
[2019.11.28-16.51.06:249][  0]LogConfig: Setting CVar [[r.VolumetricFog:1]]
[2019.11.28-16.51.06:249][  0]LogConfig: Setting CVar [[r.VolumetricFog.GridPixelSize:8]]
[2019.11.28-16.51.06:249][  0]LogConfig: Setting CVar [[r.VolumetricFog.GridSizeZ:128]]
[2019.11.28-16.51.06:249][  0]LogConfig: Setting CVar [[r.VolumetricFog.HistoryMissSupersampleCount:4]]
[2019.11.28-16.51.06:249][  0]LogConfig: Setting CVar [[r.LightMaxDrawDistanceScale:1]]
[2019.11.28-16.51.06:249][  0]LogConfig: Setting CVar [[r.CapsuleShadows:1]]
[2019.11.28-16.51.06:250][  0]LogConfig: Applying CVar settings from Section [PostProcessQuality@3] File [C:/SeniorProject/PollutionProject/SeniorProject/Saved/Config/Windows/Scalability.ini]
[2019.11.28-16.51.06:250][  0]LogConfig: Setting CVar [[r.MotionBlurQuality:4]]
[2019.11.28-16.51.06:250][  0]LogConfig: Setting CVar [[r.AmbientOcclusionMipLevelFactor:0.4]]
[2019.11.28-16.51.06:250][  0]LogConfig: Setting CVar [[r.AmbientOcclusionMaxQuality:100]]
[2019.11.28-16.51.06:250][  0]LogConfig: Setting CVar [[r.AmbientOcclusionLevels:-1]]
[2019.11.28-16.51.06:250][  0]LogConfig: Setting CVar [[r.AmbientOcclusionRadiusScale:1.0]]
[2019.11.28-16.51.06:250][  0]LogConfig: Setting CVar [[r.DepthOfFieldQuality:2]]
[2019.11.28-16.51.06:250][  0]LogConfig: Setting CVar [[r.RenderTargetPoolMin:400]]
[2019.11.28-16.51.06:250][  0]LogConfig: Setting CVar [[r.LensFlareQuality:2]]
[2019.11.28-16.51.06:250][  0]LogConfig: Setting CVar [[r.SceneColorFringeQuality:1]]
[2019.11.28-16.51.06:250][  0]LogConfig: Setting CVar [[r.EyeAdaptationQuality:2]]
[2019.11.28-16.51.06:250][  0]LogConfig: Setting CVar [[r.BloomQuality:5]]
[2019.11.28-16.51.06:250][  0]LogConfig: Setting CVar [[r.FastBlurThreshold:100]]
[2019.11.28-16.51.06:250][  0]LogConfig: Setting CVar [[r.Upscale.Quality:3]]
[2019.11.28-16.51.06:250][  0]LogConfig: Setting CVar [[r.Tonemapper.GrainQuantization:1]]
[2019.11.28-16.51.06:251][  0]LogConfig: Setting CVar [[r.LightShaftQuality:1]]
[2019.11.28-16.51.06:252][  0]LogConfig: Setting CVar [[r.Filter.SizeScale:1]]
[2019.11.28-16.51.06:252][  0]LogConfig: Setting CVar [[r.Tonemapper.Quality:5]]
[2019.11.28-16.51.06:252][  0]LogConfig: Setting CVar [[r.DOF.Gather.AccumulatorQuality:1        ; higher gathering accumulator quality]]
[2019.11.28-16.51.06:252][  0]LogConfig: Setting CVar [[r.DOF.Gather.PostfilterMethod:1          ; Median3x3 postfilering method]]
[2019.11.28-16.51.06:252][  0]LogConfig: Setting CVar [[r.DOF.Gather.EnableBokehSettings:0       ; no bokeh simulation when gathering]]
[2019.11.28-16.51.06:252][  0]LogConfig: Setting CVar [[r.DOF.Gather.RingCount:4                 ; medium number of samples when gathering]]
[2019.11.28-16.51.06:252][  0]LogConfig: Setting CVar [[r.DOF.Scatter.ForegroundCompositing:1    ; additive foreground scattering]]
[2019.11.28-16.51.06:252][  0]LogConfig: Setting CVar [[r.DOF.Scatter.BackgroundCompositing:2    ; additive background scattering]]
[2019.11.28-16.51.06:252][  0]LogConfig: Setting CVar [[r.DOF.Scatter.EnableBokehSettings:1      ; bokeh simulation when scattering]]
[2019.11.28-16.51.06:252][  0]LogConfig: Setting CVar [[r.DOF.Scatter.MaxSpriteRatio:0.1         ; only a maximum of 10% of scattered bokeh]]
[2019.11.28-16.51.06:252][  0]LogConfig: Setting CVar [[r.DOF.Recombine.Quality:1                ; cheap slight out of focus]]
[2019.11.28-16.51.06:252][  0]LogConfig: Setting CVar [[r.DOF.Recombine.EnableBokehSettings:0    ; no bokeh simulation on slight out of focus]]
[2019.11.28-16.51.06:252][  0]LogConfig: Setting CVar [[r.DOF.TemporalAAQuality:1                ; more stable temporal accumulation]]
[2019.11.28-16.51.06:252][  0]LogConfig: Setting CVar [[r.DOF.Kernel.MaxForegroundRadius:0.025]]
[2019.11.28-16.51.06:252][  0]LogConfig: Setting CVar [[r.DOF.Kernel.MaxBackgroundRadius:0.025]]
[2019.11.28-16.51.06:252][  0]LogConfig: Applying CVar settings from Section [TextureQuality@3] File [C:/SeniorProject/PollutionProject/SeniorProject/Saved/Config/Windows/Scalability.ini]
[2019.11.28-16.51.06:253][  0]LogConfig: Setting CVar [[r.Streaming.MipBias:0]]
[2019.11.28-16.51.06:253][  0]LogConfig: Setting CVar [[r.Streaming.AmortizeCPUToGPUCopy:0]]
[2019.11.28-16.51.06:253][  0]LogConfig: Setting CVar [[r.Streaming.MaxNumTexturesToStreamPerFrame:0]]
[2019.11.28-16.51.06:253][  0]LogConfig: Setting CVar [[r.Streaming.Boost:1]]
[2019.11.28-16.51.06:253][  0]LogConfig: Setting CVar [[r.MaxAnisotropy:8]]
[2019.11.28-16.51.06:253][  0]LogConfig: Setting CVar [[r.Streaming.LimitPoolSizeToVRAM:0]]
[2019.11.28-16.51.06:253][  0]LogConfig: Setting CVar [[r.Streaming.PoolSize:1000]]
[2019.11.28-16.51.06:253][  0]LogConfig: Setting CVar [[r.Streaming.MaxEffectiveScreenSize:0]]
[2019.11.28-16.51.06:253][  0]LogConfig: Applying CVar settings from Section [EffectsQuality@3] File [C:/SeniorProject/PollutionProject/SeniorProject/Saved/Config/Windows/Scalability.ini]
[2019.11.28-16.51.06:253][  0]LogConfig: Setting CVar [[r.TranslucencyLightingVolumeDim:64]]
[2019.11.28-16.51.06:254][  0]LogConfig: Setting CVar [[r.RefractionQuality:2]]
[2019.11.28-16.51.06:254][  0]LogConfig: Setting CVar [[r.SSR.Quality:3]]
[2019.11.28-16.51.06:254][  0]LogConfig: Setting CVar [[r.SceneColorFormat:4]]
[2019.11.28-16.51.06:254][  0]LogConfig: Setting CVar [[r.DetailMode:2]]
[2019.11.28-16.51.06:254][  0]LogConfig: Setting CVar [[r.TranslucencyVolumeBlur:1]]
[2019.11.28-16.51.06:254][  0]LogConfig: Setting CVar [[r.MaterialQualityLevel:1 ; High quality]]
[2019.11.28-16.51.06:254][  0]LogConfig: Setting CVar [[r.SSS.Scale:1]]
[2019.11.28-16.51.06:254][  0]LogConfig: Setting CVar [[r.SSS.SampleSet:2]]
[2019.11.28-16.51.06:254][  0]LogConfig: Setting CVar [[r.SSS.Quality:1]]
[2019.11.28-16.51.06:255][  0]LogConfig: Setting CVar [[r.SSS.HalfRes:1]]
[2019.11.28-16.51.06:255][  0]LogConfig: Setting CVar [[r.EmitterSpawnRateScale:1.0]]
[2019.11.28-16.51.06:255][  0]LogConfig: Setting CVar [[r.ParticleLightQuality:2]]
[2019.11.28-16.51.06:255][  0]LogConfig: Applying CVar settings from Section [FoliageQuality@3] File [C:/SeniorProject/PollutionProject/SeniorProject/Saved/Config/Windows/Scalability.ini]
[2019.11.28-16.51.06:255][  0]LogConfig: Setting CVar [[foliage.DensityScale:1.0]]
[2019.11.28-16.51.06:255][  0]LogConfig: Setting CVar [[grass.DensityScale:1.0]]
[2019.11.28-16.51.06:255][  0]LogInit: Selected Device Profile: [Windows]
[2019.11.28-16.51.06:255][  0]LogInit: Applying CVar settings loaded from the selected device profile: [Windows]
[2019.11.28-16.51.06:389][  0]LogHAL: Display: Platform has ~ 16 GB [17130708992 / 17179869184 / 16], which maps to Larger [LargestMinGB=32, LargerMinGB=12, DefaultMinGB=8, SmallerMinGB=6, SmallestMinGB=0)
[2019.11.28-16.51.06:389][  0]LogConfig: Setting CVar [[r.Vulkan.UseRealUBs:0		; Required until we fix HLR fall-out]]
[2019.11.28-16.51.06:389][  0]LogInit: Going up to parent DeviceProfile []
[2019.11.28-16.51.06:390][  0]LogConfig: Applying CVar settings from Section [ViewDistanceQuality@3] File [C:/SeniorProject/PollutionProject/SeniorProject/Saved/Config/Windows/Scalability.ini]
[2019.11.28-16.51.06:390][  0]LogConfig: Setting CVar [[r.SkeletalMeshLODBias:0]]
[2019.11.28-16.51.06:390][  0]LogConfig: Setting CVar [[r.ViewDistanceScale:1.0]]
[2019.11.28-16.51.06:390][  0]LogConfig: Applying CVar settings from Section [AntiAliasingQuality@3] File [C:/SeniorProject/PollutionProject/SeniorProject/Saved/Config/Windows/Scalability.ini]
[2019.11.28-16.51.06:390][  0]LogConfig: Setting CVar [[r.PostProcessAAQuality:4]]
[2019.11.28-16.51.06:390][  0]LogConfig: Applying CVar settings from Section [ShadowQuality@3] File [C:/SeniorProject/PollutionProject/SeniorProject/Saved/Config/Windows/Scalability.ini]
[2019.11.28-16.51.06:390][  0]LogConfig: Setting CVar [[r.LightFunctionQuality:1]]
[2019.11.28-16.51.06:390][  0]LogConfig: Setting CVar [[r.ShadowQuality:5]]
[2019.11.28-16.51.06:391][  0]LogConfig: Setting CVar [[r.Shadow.CSM.MaxCascades:10]]
[2019.11.28-16.51.06:391][  0]LogConfig: Setting CVar [[r.Shadow.MaxResolution:2048]]
[2019.11.28-16.51.06:391][  0]LogConfig: Setting CVar [[r.Shadow.MaxCSMResolution:2048]]
[2019.11.28-16.51.06:391][  0]LogConfig: Setting CVar [[r.Shadow.RadiusThreshold:0.01]]
[2019.11.28-16.51.06:391][  0]LogConfig: Setting CVar [[r.Shadow.DistanceScale:1.0]]
[2019.11.28-16.51.06:391][  0]LogConfig: Setting CVar [[r.Shadow.CSM.TransitionScale:1.0]]
[2019.11.28-16.51.06:391][  0]LogConfig: Setting CVar [[r.Shadow.PreShadowResolutionFactor:1.0]]
[2019.11.28-16.51.06:391][  0]LogConfig: Setting CVar [[r.DistanceFieldShadowing:1]]
[2019.11.28-16.51.06:391][  0]LogConfig: Setting CVar [[r.DistanceFieldAO:1]]
[2019.11.28-16.51.06:392][  0]LogConfig: Setting CVar [[r.AOQuality:2]]
[2019.11.28-16.51.06:392][  0]LogConfig: Setting CVar [[r.VolumetricFog:1]]
[2019.11.28-16.51.06:392][  0]LogConfig: Setting CVar [[r.VolumetricFog.GridPixelSize:8]]
[2019.11.28-16.51.06:392][  0]LogConfig: Setting CVar [[r.VolumetricFog.GridSizeZ:128]]
[2019.11.28-16.51.06:392][  0]LogConfig: Setting CVar [[r.VolumetricFog.HistoryMissSupersampleCount:4]]
[2019.11.28-16.51.06:392][  0]LogConfig: Setting CVar [[r.LightMaxDrawDistanceScale:1]]
[2019.11.28-16.51.06:392][  0]LogConfig: Setting CVar [[r.CapsuleShadows:1]]
[2019.11.28-16.51.06:392][  0]LogConfig: Applying CVar settings from Section [PostProcessQuality@3] File [C:/SeniorProject/PollutionProject/SeniorProject/Saved/Config/Windows/Scalability.ini]
[2019.11.28-16.51.06:392][  0]LogConfig: Setting CVar [[r.MotionBlurQuality:4]]
[2019.11.28-16.51.06:392][  0]LogConfig: Setting CVar [[r.AmbientOcclusionMipLevelFactor:0.4]]
[2019.11.28-16.51.06:392][  0]LogConfig: Setting CVar [[r.AmbientOcclusionMaxQuality:100]]
[2019.11.28-16.51.06:392][  0]LogConfig: Setting CVar [[r.AmbientOcclusionLevels:-1]]
[2019.11.28-16.51.06:392][  0]LogConfig: Setting CVar [[r.AmbientOcclusionRadiusScale:1.0]]
[2019.11.28-16.51.06:392][  0]LogConfig: Setting CVar [[r.DepthOfFieldQuality:2]]
[2019.11.28-16.51.06:392][  0]LogConfig: Setting CVar [[r.RenderTargetPoolMin:400]]
[2019.11.28-16.51.06:392][  0]LogConfig: Setting CVar [[r.LensFlareQuality:2]]
[2019.11.28-16.51.06:393][  0]LogConfig: Setting CVar [[r.SceneColorFringeQuality:1]]
[2019.11.28-16.51.06:393][  0]LogConfig: Setting CVar [[r.EyeAdaptationQuality:2]]
[2019.11.28-16.51.06:393][  0]LogConfig: Setting CVar [[r.BloomQuality:5]]
[2019.11.28-16.51.06:393][  0]LogConfig: Setting CVar [[r.FastBlurThreshold:100]]
[2019.11.28-16.51.06:393][  0]LogConfig: Setting CVar [[r.Upscale.Quality:3]]
[2019.11.28-16.51.06:393][  0]LogConfig: Setting CVar [[r.Tonemapper.GrainQuantization:1]]
[2019.11.28-16.51.06:393][  0]LogConfig: Setting CVar [[r.LightShaftQuality:1]]
[2019.11.28-16.51.06:393][  0]LogConfig: Setting CVar [[r.Filter.SizeScale:1]]
[2019.11.28-16.51.06:394][  0]LogConfig: Setting CVar [[r.Tonemapper.Quality:5]]
[2019.11.28-16.51.06:394][  0]LogConfig: Setting CVar [[r.DOF.Gather.AccumulatorQuality:1        ; higher gathering accumulator quality]]
[2019.11.28-16.51.06:394][  0]LogConfig: Setting CVar [[r.DOF.Gather.PostfilterMethod:1          ; Median3x3 postfilering method]]
[2019.11.28-16.51.06:394][  0]LogConfig: Setting CVar [[r.DOF.Gather.EnableBokehSettings:0       ; no bokeh simulation when gathering]]
[2019.11.28-16.51.06:394][  0]LogConfig: Setting CVar [[r.DOF.Gather.RingCount:4                 ; medium number of samples when gathering]]
[2019.11.28-16.51.06:394][  0]LogConfig: Setting CVar [[r.DOF.Scatter.ForegroundCompositing:1    ; additive foreground scattering]]
[2019.11.28-16.51.06:394][  0]LogConfig: Setting CVar [[r.DOF.Scatter.BackgroundCompositing:2    ; additive background scattering]]
[2019.11.28-16.51.06:394][  0]LogConfig: Setting CVar [[r.DOF.Scatter.EnableBokehSettings:1      ; bokeh simulation when scattering]]
[2019.11.28-16.51.06:394][  0]LogConfig: Setting CVar [[r.DOF.Scatter.MaxSpriteRatio:0.1         ; only a maximum of 10% of scattered bokeh]]
[2019.11.28-16.51.06:394][  0]LogConfig: Setting CVar [[r.DOF.Recombine.Quality:1                ; cheap slight out of focus]]
[2019.11.28-16.51.06:394][  0]LogConfig: Setting CVar [[r.DOF.Recombine.EnableBokehSettings:0    ; no bokeh simulation on slight out of focus]]
[2019.11.28-16.51.06:394][  0]LogConfig: Setting CVar [[r.DOF.TemporalAAQuality:1                ; more stable temporal accumulation]]
[2019.11.28-16.51.06:394][  0]LogConfig: Setting CVar [[r.DOF.Kernel.MaxForegroundRadius:0.025]]
[2019.11.28-16.51.06:395][  0]LogConfig: Setting CVar [[r.DOF.Kernel.MaxBackgroundRadius:0.025]]
[2019.11.28-16.51.06:395][  0]LogConfig: Applying CVar settings from Section [TextureQuality@3] File [C:/SeniorProject/PollutionProject/SeniorProject/Saved/Config/Windows/Scalability.ini]
[2019.11.28-16.51.06:395][  0]LogConfig: Setting CVar [[r.Streaming.MipBias:0]]
[2019.11.28-16.51.06:395][  0]LogConfig: Setting CVar [[r.Streaming.AmortizeCPUToGPUCopy:0]]
[2019.11.28-16.51.06:395][  0]LogConfig: Setting CVar [[r.Streaming.MaxNumTexturesToStreamPerFrame:0]]
[2019.11.28-16.51.06:395][  0]LogConfig: Setting CVar [[r.Streaming.Boost:1]]
[2019.11.28-16.51.06:395][  0]LogConfig: Setting CVar [[r.MaxAnisotropy:8]]
[2019.11.28-16.51.06:395][  0]LogConfig: Setting CVar [[r.Streaming.LimitPoolSizeToVRAM:0]]
[2019.11.28-16.51.06:395][  0]LogConfig: Setting CVar [[r.Streaming.PoolSize:1000]]
[2019.11.28-16.51.06:395][  0]LogConfig: Setting CVar [[r.Streaming.MaxEffectiveScreenSize:0]]
[2019.11.28-16.51.06:395][  0]LogConfig: Applying CVar settings from Section [EffectsQuality@3] File [C:/SeniorProject/PollutionProject/SeniorProject/Saved/Config/Windows/Scalability.ini]
[2019.11.28-16.51.06:395][  0]LogConfig: Setting CVar [[r.TranslucencyLightingVolumeDim:64]]
[2019.11.28-16.51.06:395][  0]LogConfig: Setting CVar [[r.RefractionQuality:2]]
[2019.11.28-16.51.06:396][  0]LogConfig: Setting CVar [[r.SSR.Quality:3]]
[2019.11.28-16.51.06:396][  0]LogConfig: Setting CVar [[r.SceneColorFormat:4]]
[2019.11.28-16.51.06:396][  0]LogConfig: Setting CVar [[r.DetailMode:2]]
[2019.11.28-16.51.06:396][  0]LogConfig: Setting CVar [[r.TranslucencyVolumeBlur:1]]
[2019.11.28-16.51.06:396][  0]LogConfig: Setting CVar [[r.MaterialQualityLevel:1 ; High quality]]
[2019.11.28-16.51.06:396][  0]LogConfig: Setting CVar [[r.SSS.Scale:1]]
[2019.11.28-16.51.06:396][  0]LogConfig: Setting CVar [[r.SSS.SampleSet:2]]
[2019.11.28-16.51.06:396][  0]LogConfig: Setting CVar [[r.SSS.Quality:1]]
[2019.11.28-16.51.06:396][  0]LogConfig: Setting CVar [[r.SSS.HalfRes:1]]
[2019.11.28-16.51.06:397][  0]LogConfig: Setting CVar [[r.EmitterSpawnRateScale:1.0]]
[2019.11.28-16.51.06:397][  0]LogConfig: Setting CVar [[r.ParticleLightQuality:2]]
[2019.11.28-16.51.06:397][  0]LogConfig: Applying CVar settings from Section [FoliageQuality@3] File [C:/SeniorProject/PollutionProject/SeniorProject/Saved/Config/Windows/Scalability.ini]
[2019.11.28-16.51.06:397][  0]LogConfig: Setting CVar [[foliage.DensityScale:1.0]]
[2019.11.28-16.51.06:397][  0]LogConfig: Setting CVar [[grass.DensityScale:1.0]]
[2019.11.28-16.51.06:397][  0]LogConfig: Applying CVar settings from Section [Startup] File [../../../Engine/Config/ConsoleVariables.ini]
[2019.11.28-16.51.06:434][  0]LogConfig: Setting CVar [[net.UseAdaptiveNetUpdateFrequency:0]]
[2019.11.28-16.51.06:434][  0]LogConfig: Setting CVar [[p.chaos.AllowCreatePhysxBodies:1]]
[2019.11.28-16.51.06:434][  0]LogConfig: Applying CVar settings from Section [ConsoleVariables] File [C:/SeniorProject/PollutionProject/SeniorProject/Saved/Config/Windows/Engine.ini]
[2019.11.28-16.51.06:434][  0]LogInit: Computer: DESKTOP-L1LT82N
[2019.11.28-16.51.06:435][  0]LogInit: User: Greg
[2019.11.28-16.51.06:436][  0]LogInit: CPU Page size=4096, Cores=4
[2019.11.28-16.51.06:436][  0]LogInit: High frequency timer resolution =10.000000 MHz
[2019.11.28-16.51.06:436][  0]LogMemory: Memory total: Physical=16.0GB (16GB approx)
[2019.11.28-16.51.06:436][  0]LogMemory: Platform Memory Stats for Windows
[2019.11.28-16.51.06:436][  0]LogMemory: Process Physical Memory: 103.43 MB used, 103.43 MB peak
[2019.11.28-16.51.06:437][  0]LogMemory: Process Virtual Memory: 106.46 MB used, 106.46 MB peak
[2019.11.28-16.51.06:437][  0]LogMemory: Physical Memory: 10561.79 MB used,  5775.32 MB free, 16337.12 MB total
[2019.11.28-16.51.06:437][  0]LogMemory: Virtual Memory: 4676.28 MB used,  134213048.00 MB free, 134217728.00 MB total
[2019.11.28-16.51.09:558][  0]LogInit: Using OS detected language (en-US).
[2019.11.28-16.51.09:558][  0]LogInit: Using OS detected locale (en-US).
[2019.11.28-16.51.09:578][  0]LogTextLocalizationManager: No specific localization for 'en-US' exists, so the 'en' localization will be used.
[2019.11.28-16.51.11:148][  0]LogInit: Setting process to per monitor DPI aware
[2019.11.28-16.51.11:829][  0]LogSlate: New Slate User Created.  User Index 0, Is Virtual User: 0
[2019.11.28-16.51.11:830][  0]LogSlate: Slate User Registered.  User Index 0, Is Virtual User: 0
[2019.11.28-16.51.22:529][  0]LogHMD: Failed to initialize OpenVR with code 110
[2019.11.28-16.51.22:529][  0]LogD3D11RHI: D3D11 adapters:
[2019.11.28-16.51.22:771][  0]LogD3D11RHI:    0. 'NVIDIA GeForce GTX 1070' (Feature Level 11_0)
[2019.11.28-16.51.22:771][  0]LogD3D11RHI:       8089/0/8168 MB DedicatedVideo/DedicatedSystem/SharedSystem, Outputs:1, VendorId:0x10de
[2019.11.28-16.51.22:779][  0]LogD3D11RHI:    1. 'Microsoft Basic Render Driver' (Feature Level 11_0)
[2019.11.28-16.51.22:780][  0]LogD3D11RHI:       0/0/8168 MB DedicatedVideo/DedicatedSystem/SharedSystem, Outputs:0, VendorId:0x1414
[2019.11.28-16.51.22:780][  0]LogD3D11RHI: Chosen D3D11 Adapter: 0
[2019.11.28-16.51.22:809][  0]LogD3D11RHI: Creating new Direct3DDevice
[2019.11.28-16.51.22:810][  0]LogD3D11RHI:     GPU DeviceId: 0x1be1 (for the marketing name, search the web for "GPU Device Id")
[2019.11.28-16.51.22:810][  0]LogWindows: EnumDisplayDevices:
[2019.11.28-16.51.22:810][  0]LogWindows:    0. 'NVIDIA GeForce GTX 1070' (P:1 D:1)
[2019.11.28-16.51.22:811][  0]LogWindows:    1. 'NVIDIA GeForce GTX 1070' (P:0 D:0)
[2019.11.28-16.51.22:812][  0]LogWindows:    2. 'NVIDIA GeForce GTX 1070' (P:0 D:0)
[2019.11.28-16.51.22:813][  0]LogWindows:    3. 'NVIDIA GeForce GTX 1070' (P:0 D:0)
[2019.11.28-16.51.22:814][  0]LogWindows: DebugString: FoundDriverCount:4 
[2019.11.28-16.51.22:814][  0]LogD3D11RHI:     Adapter Name: NVIDIA GeForce GTX 1070
[2019.11.28-16.51.22:814][  0]LogD3D11RHI:   Driver Version: 388.57 (internal:23.21.13.8857, unified:388.57)
[2019.11.28-16.51.22:814][  0]LogD3D11RHI:      Driver Date: 12-4-2017
[2019.11.28-16.51.22:814][  0]LogRHI: Texture pool is 5662 MB (70% of 8089 MB)
[2019.11.28-16.51.22:948][  0]LogD3D11RHI: Async texture creation enabled
[2019.11.28-16.51.22:984][  0]LogRendererCore: FGlobalReadBuffer::InitRHI
[2019.11.28-16.51.22:986][  0]LogRendererCore: FGlobalReadBuffer::InitRHI
[2019.11.28-16.51.22:986][  0]LogRendererCore: FGlobalReadBuffer::InitRHI
[2019.11.28-16.51.23:001][  0]LogD3D11RHI: GPU Timing Frequency: 1000.000000 (Debug: 2 1)
[2019.11.28-16.51.24:599][  0]LogTemp: Display: Module 'AllDesktopTargetPlatform' loaded TargetPlatform 'AllDesktop'
[2019.11.28-16.51.24:656][  0]LogTemp: Display: Module 'MacClientTargetPlatform' loaded TargetPlatform 'MacClient'
[2019.11.28-16.51.24:698][  0]LogTemp: Display: Module 'MacNoEditorTargetPlatform' loaded TargetPlatform 'MacNoEditor'
[2019.11.28-16.51.24:744][  0]LogTemp: Display: Module 'MacServerTargetPlatform' loaded TargetPlatform 'MacServer'
[2019.11.28-16.51.24:827][  0]LogTemp: Display: Module 'MacTargetPlatform' loaded TargetPlatform 'Mac'
[2019.11.28-16.51.24:890][  0]LogTemp: Display: Module 'WindowsClientTargetPlatform' loaded TargetPlatform 'WindowsClient'
[2019.11.28-16.51.24:951][  0]LogTemp: Display: Module 'WindowsNoEditorTargetPlatform' loaded TargetPlatform 'WindowsNoEditor'
[2019.11.28-16.51.25:006][  0]LogTemp: Display: Module 'WindowsServerTargetPlatform' loaded TargetPlatform 'WindowsServer'
[2019.11.28-16.51.25:043][  0]LogTemp: Display: Module 'WindowsTargetPlatform' loaded TargetPlatform 'Windows'
[2019.11.28-16.51.25:262][  0]LogTemp: Display: Module 'AndroidTargetPlatform' loaded TargetPlatform 'Android'
[2019.11.28-16.51.25:262][  0]LogTemp: Display: Module 'AndroidTargetPlatform' loaded TargetPlatform 'Android_ASTC'
[2019.11.28-16.51.25:262][  0]LogTemp: Display: Module 'AndroidTargetPlatform' loaded TargetPlatform 'Android_ATC'
[2019.11.28-16.51.25:262][  0]LogTemp: Display: Module 'AndroidTargetPlatform' loaded TargetPlatform 'Android_DXT'
[2019.11.28-16.51.25:262][  0]LogTemp: Display: Module 'AndroidTargetPlatform' loaded TargetPlatform 'Android_ETC1'
[2019.11.28-16.51.25:262][  0]LogTemp: Display: Module 'AndroidTargetPlatform' loaded TargetPlatform 'Android_ETC1a'
[2019.11.28-16.51.25:262][  0]LogTemp: Display: Module 'AndroidTargetPlatform' loaded TargetPlatform 'Android_ETC2'
[2019.11.28-16.51.25:262][  0]LogTemp: Display: Module 'AndroidTargetPlatform' loaded TargetPlatform 'Android_PVRTC'
[2019.11.28-16.51.25:262][  0]LogTemp: Display: Module 'AndroidTargetPlatform' loaded TargetPlatform 'AndroidClient'
[2019.11.28-16.51.25:262][  0]LogTemp: Display: Module 'AndroidTargetPlatform' loaded TargetPlatform 'Android_ASTCClient'
[2019.11.28-16.51.25:262][  0]LogTemp: Display: Module 'AndroidTargetPlatform' loaded TargetPlatform 'Android_ATCClient'
[2019.11.28-16.51.25:263][  0]LogTemp: Display: Module 'AndroidTargetPlatform' loaded TargetPlatform 'Android_DXTClient'
[2019.11.28-16.51.25:263][  0]LogTemp: Display: Module 'AndroidTargetPlatform' loaded TargetPlatform 'Android_ETC1Client'
[2019.11.28-16.51.25:263][  0]LogTemp: Display: Module 'AndroidTargetPlatform' loaded TargetPlatform 'Android_ETC1aClient'
[2019.11.28-16.51.25:263][  0]LogTemp: Display: Module 'AndroidTargetPlatform' loaded TargetPlatform 'Android_ETC2Client'
[2019.11.28-16.51.25:263][  0]LogTemp: Display: Module 'AndroidTargetPlatform' loaded TargetPlatform 'Android_PVRTCClient'
[2019.11.28-16.51.25:263][  0]LogTemp: Display: Module 'AndroidTargetPlatform' loaded TargetPlatform 'Android_Multi'
[2019.11.28-16.51.25:263][  0]LogTemp: Display: Module 'AndroidTargetPlatform' loaded TargetPlatform 'Android_MultiClient'
[2019.11.28-16.51.25:295][  0]LogTemp: Display: Module 'HTML5TargetPlatform' loaded TargetPlatform 'HTML5'
[2019.11.28-16.51.25:514][  0]LogTemp: Display: Module 'IOSTargetPlatform' loaded TargetPlatform 'IOSClient'
[2019.11.28-16.51.25:514][  0]LogTemp: Display: Module 'IOSTargetPlatform' loaded TargetPlatform 'IOS'
[2019.11.28-16.51.25:580][  0]LogTemp: Display: Module 'TVOSTargetPlatform' loaded TargetPlatform 'TVOSClient'
[2019.11.28-16.51.25:580][  0]LogTemp: Display: Module 'TVOSTargetPlatform' loaded TargetPlatform 'TVOS'
[2019.11.28-16.51.25:632][  0]LogTemp: Display: Module 'LinuxClientTargetPlatform' loaded TargetPlatform 'LinuxClient'
[2019.11.28-16.51.25:763][  0]LogTemp: Display: Module 'LinuxNoEditorTargetPlatform' loaded TargetPlatform 'LinuxNoEditor'
[2019.11.28-16.51.25:909][  0]LogTemp: Display: Module 'LinuxServerTargetPlatform' loaded TargetPlatform 'LinuxServer'
[2019.11.28-16.51.26:039][  0]LogTemp: Display: Module 'LinuxTargetPlatform' loaded TargetPlatform 'Linux'
[2019.11.28-16.51.26:167][  0]LogTemp: Display: Module 'LuminTargetPlatform' loaded TargetPlatform 'Lumin'
[2019.11.28-16.51.26:167][  0]LogTemp: Display: Module 'LuminTargetPlatform' loaded TargetPlatform 'LuminClient'
[2019.11.28-16.51.26:167][  0]LogTargetPlatformManager: Display: Building Assets For Windows
[2019.11.28-16.51.26:496][  0]LogAudioDebug: Display: Lib vorbis DLL was dynamically loaded.
[2019.11.28-16.51.27:750][  0]LogShaderCompilers: Guid format shader working directory is -3 characters bigger than the processId version (C:/SeniorProject/PollutionProject/SeniorProject/Intermediate/Shaders/WorkingDirectory/18760/).
[2019.11.28-16.51.27:750][  0]LogShaderCompilers: Cleaned the shader compiler working directory 'C:/Users/Greg/AppData/Local/Temp/UnrealShaderWorkingDir/D9DC567540A6AE0180099395E29FCEE1/'.
[2019.11.28-16.51.27:784][  0]LogXGEController: Cannot use XGE Controller as Incredibuild is not installed on this machine.
[2019.11.28-16.51.27:784][  0]LogShaderCompilers: Cannot use XGE Shader Compiler as Incredibuild is not installed on this machine.
[2019.11.28-16.51.27:785][  0]LogShaderCompilers: Display: Using Local Shader Compiler.
[2019.11.28-16.51.38:899][  0]LogDerivedDataCache: Display: Max Cache Size: 512 MB
[2019.11.28-16.51.39:593][  0]LogDerivedDataCache: Loaded boot cache 0.69s 73MB C:/Users/Greg/AppData/Local/UnrealEngine/4.22/DerivedDataCache/Boot.ddc.
[2019.11.28-16.51.39:593][  0]LogDerivedDataCache: Display: Loaded Boot cache: C:/Users/Greg/AppData/Local/UnrealEngine/4.22/DerivedDataCache/Boot.ddc
[2019.11.28-16.51.39:593][  0]LogDerivedDataCache: FDerivedDataBackendGraph:  Pak pak cache file C:/SeniorProject/PollutionProject/SeniorProject/DerivedDataCache/DDC.ddp not found, will not use a pak cache.
[2019.11.28-16.51.39:594][  0]LogDerivedDataCache: Unable to find inner node Pak for hierarchical cache Hierarchy.
[2019.11.28-16.51.39:594][  0]LogDerivedDataCache: FDerivedDataBackendGraph:  CompressedPak pak cache file C:/SeniorProject/PollutionProject/SeniorProject/DerivedDataCache/Compressed.ddp not found, will not use a pak cache.
[2019.11.28-16.51.39:594][  0]LogDerivedDataCache: Unable to find inner node CompressedPak for hierarchical cache Hierarchy.
[2019.11.28-16.51.39:700][  0]LogDerivedDataCache: Display: Pak cache opened for reading ../../../Engine/DerivedDataCache/Compressed.ddp.
[2019.11.28-16.51.39:754][  0]LogDerivedDataCache: Display: Pak cache opened for reading ../../../Enterprise/DerivedDataCache/Compressed.ddp.
[2019.11.28-16.51.39:769][  0]LogDerivedDataCache: Using Local data cache path C:/Users/Greg/AppData/Local/UnrealEngine/Common/DerivedDataCache: Writable
[2019.11.28-16.51.39:769][  0]LogDerivedDataCache: Shared data cache path not found in *engine.ini, will not use an Shared cache.
[2019.11.28-16.51.39:769][  0]LogDerivedDataCache: Unable to find inner node Shared for hierarchical cache Hierarchy.
[2019.11.28-16.51.39:893][  0]LogMaterial: Verifying Global Shaders for PCD3D_SM5
[2019.11.28-16.51.39:911][  0]LogSlate: Using FreeType 2.6.0
[2019.11.28-16.51.40:028][  0]LogSlate: SlateFontServices - WITH_FREETYPE: 1, WITH_HARFBUZZ: 1
[2019.11.28-16.51.41:999][  0]LogAssetRegistry: FAssetRegistry took 0.0943 seconds to start up
[2019.11.28-16.51.45:241][  0]LogInit: Selected Device Profile: [Windows]
[2019.11.28-16.51.47:515][  0]LogMeshReduction: Using QuadricMeshReduction for automatic static mesh reduction
[2019.11.28-16.51.47:515][  0]LogMeshReduction: Using SimplygonMeshReduction for automatic skeletal mesh reduction
[2019.11.28-16.51.47:515][  0]LogMeshReduction: Using ProxyLODMeshReduction for automatic mesh merging
[2019.11.28-16.51.47:516][  0]LogMeshReduction: No distributed automatic mesh merging module available
[2019.11.28-16.51.47:525][  0]LogMeshMerging: No distributed automatic mesh merging module available
[2019.11.28-16.51.48:371][  0]LogNetVersion: SeniorProject 1.0.0, NetCL: 5660361, EngineNetVer: 10, GameNetVer: 0 (Checksum: 993350713)
[2019.11.28-16.51.54:121][  0]LogPackageLocalizationCache: Processed 16 localized package path(s) for 1 prioritized culture(s) in 0.276868 seconds
[2019.11.28-16.51.54:140][  0]LogUObjectArray: 42205 objects as part of root set at end of initial load.
[2019.11.28-16.51.54:140][  0]LogUObjectAllocator: 7325032 out of 0 bytes used by permanent object pool.
[2019.11.28-16.51.54:140][  0]LogUObjectArray: CloseDisregardForGC: 0/0 objects in disregard for GC pool
[2019.11.28-16.52.20:010][  0]LogTcpMessaging: Initializing TcpMessaging bridge
[2019.11.28-16.52.20:103][  0]LogUdpMessaging: Initializing bridge on interface 0.0.0.0:0 to multicast group 230.0.0.1:6666.
[2019.11.28-16.52.21:829][  0]SourceControl: Source control is disabled
[2019.11.28-16.52.30:765][  0]LogAndroidPermission: UAndroidPermissionCallbackProxy::GetInstance
[2019.11.28-16.52.31:902][  0]LogOcInput: OculusInput pre-init called
[2019.11.28-16.52.44:398][  0]LogEngine: Initializing Engine...
[2019.11.28-16.52.44:411][  0]LogHMD: Failed to initialize OpenVR with code 110
[2019.11.28-16.52.44:426][  0]LogStats: UGameplayTagsManager::InitializeManager -  0.012 s
[2019.11.28-16.52.45:064][  0]LogInit: Initializing FReadOnlyCVARCache
[2019.11.28-16.52.45:605][  0]LogAIModule: Creating AISystem for world Untitled
[2019.11.28-16.52.46:075][  0]LogInit: XAudio2 using 'Headphones (Bose AE2 SoundLink Stereo)' : 2 channels at 44.1 kHz using 16 bits per sample (channel mask 0x3)
[2019.11.28-16.52.46:181][  0]LogInit: FAudioDevice initialized.
[2019.11.28-16.52.46:199][  0]LogNetVersion: Set ProjectVersion to 1.0.0.0. Version Checksum will be recalculated on next use.
[2019.11.28-16.52.46:638][  0]LogDerivedDataCache: Saved boot cache 0.44s 73MB C:/Users/Greg/AppData/Local/UnrealEngine/4.22/DerivedDataCache/Boot.ddc.
[2019.11.28-16.52.46:654][  0]LogInit: Texture streaming: Enabled
[2019.11.28-16.52.47:076][  0]LogEngineSessionManager: EngineSessionManager initialized
[2019.11.28-16.52.47:478][  0]LogInit: Transaction tracking system initialized
[2019.11.28-16.52.48:260][  0]BlueprintLog: New page: Editor Load
[2019.11.28-16.52.50:817][  0]LocalizationService: Localization service is disabled
[2019.11.28-16.52.54:661][  0]LogCook: Display: Max memory allowance for cook 16384mb min free memory 0mb
[2019.11.28-16.52.54:661][  0]LogCook: Display: Mobile HDR setting 1
[2019.11.28-16.52.55:616][  0]LogFileCache: Scanning file cache for directory 'C:/SeniorProject/PollutionProject/SeniorProject/Content/' took 0.17s
[2019.11.28-16.53.02:807][  0]Cmd: MAP LOAD FILE="C:/SeniorProject/PollutionProject/SeniorProject/Content/Levels/GreyBoxLVL3.umap" TEMPLATE=0 SHOWPROGRESS=1 FEATURELEVEL=3
[2019.11.28-16.53.02:821][  0]LightingResults: New page: Lighting Build
[2019.11.28-16.53.02:886][  0]MapCheck: New page: Map Check
[2019.11.28-16.53.02:886][  0]LightingResults: New page: Lighting Build
[2019.11.28-16.53.03:090][  0]LogUObjectHash: Compacting FUObjectHashTables data took   5.80ms
[2019.11.28-16.53.15:966][  0]LogAIModule: Creating AISystem for world GreyBoxLVL3
[2019.11.28-16.53.19:900][  0]LogEditorServer: Finished looking for orphan Actors (0.000 secs)
[2019.11.28-16.53.20:113][  0]LogUObjectHash: Compacting FUObjectHashTables data took  10.39ms
[2019.11.28-16.53.20:114][  0]Cmd: MAP CHECKDEP NOCLEARLOG
[2019.11.28-16.53.20:115][  0]MapCheck: Map check complete: 0 Error(s), 0 Warning(s), took 0.745ms to complete.
[2019.11.28-16.53.20:124][  0]LogFileHelpers: Loading map 'GreyBoxLVL3' took 17.317
[2019.11.28-16.53.21:999][  0]LogSlate: Updating window title bar state: overlay mode, drag disabled, window buttons hidden, title bar hidden
[2019.11.28-16.53.22:090][  0]LogSlate: Updating window title bar state: overlay mode, drag disabled, window buttons hidden, title bar hidden
[2019.11.28-16.53.22:120][  0]LogSlate: Updating window title bar state: overlay mode, drag disabled, window buttons hidden, title bar hidden
[2019.11.28-16.53.22:147][  0]LogSlate: Updating window title bar state: overlay mode, drag disabled, window buttons hidden, title bar hidden
[2019.11.28-16.53.22:401][  0]LogCollectionManager: Loaded 0 collections in 0.004662 seconds
[2019.11.28-16.53.22:774][  0]LogFileCache: Scanning file cache for directory 'C:/SeniorProject/PollutionProject/SeniorProject/Saved/Collections/' took 0.01s
[2019.11.28-16.53.22:774][  0]LogFileCache: Scanning file cache for directory 'C:/SeniorProject/PollutionProject/SeniorProject/Content/Developers/Greg/Collections/' took 0.01s
[2019.11.28-16.53.22:774][  0]LogFileCache: Scanning file cache for directory 'C:/SeniorProject/PollutionProject/SeniorProject/Content/Collections/' took 0.01s
[2019.11.28-16.53.22:774][  0]LogCollectionManager: Rebuilt the GUID cache for 0 collections in 0.000001 seconds
[2019.11.28-16.53.22:868][  0]LogContentBrowser: Native class hierarchy populated in 0.0632 seconds. Added 2867 classes and 728 folders.
[2019.11.28-16.53.23:110][  0]LogContentBrowser: Native class hierarchy updated for 'WidgetCarousel' in 0.0015 seconds. Added 0 classes and 0 folders.
[2019.11.28-16.53.23:221][  0]LogPakFile: Registered encryption key '00000000000000000000000000000000': 0 pak files mounted, 0 remain pending
[2019.11.28-16.53.23:293][  0]LogPakFile: Registered encryption key '00000000000000000000000000000000': 0 pak files mounted, 0 remain pending
[2019.11.28-16.53.23:321][  0]LogPakFile: Registered encryption key '00000000000000000000000000000000': 0 pak files mounted, 0 remain pending
[2019.11.28-16.53.23:337][  0]LogPakFile: Registered encryption key '00000000000000000000000000000000': 0 pak files mounted, 0 remain pending
[2019.11.28-16.53.23:362][  0]LogPakFile: Registered encryption key '00000000000000000000000000000000': 0 pak files mounted, 0 remain pending
[2019.11.28-16.53.23:385][  0]LogPakFile: Registered encryption key '00000000000000000000000000000000': 0 pak files mounted, 0 remain pending
[2019.11.28-16.53.23:404][  0]LogPakFile: Registered encryption key '00000000000000000000000000000000': 0 pak files mounted, 0 remain pending
[2019.11.28-16.53.23:429][  0]LogPakFile: Registered encryption key '00000000000000000000000000000000': 0 pak files mounted, 0 remain pending
[2019.11.28-16.53.23:440][  0]LogPakFile: Registered encryption key '00000000000000000000000000000000': 0 pak files mounted, 0 remain pending
[2019.11.28-16.53.23:460][  0]LogPakFile: Registered encryption key '00000000000000000000000000000000': 0 pak files mounted, 0 remain pending
[2019.11.28-16.53.23:482][  0]LogPakFile: Registered encryption key '00000000000000000000000000000000': 0 pak files mounted, 0 remain pending
[2019.11.28-16.53.23:504][  0]LogPakFile: Registered encryption key '00000000000000000000000000000000': 0 pak files mounted, 0 remain pending
[2019.11.28-16.53.23:521][  0]LogPakFile: Registered encryption key '00000000000000000000000000000000': 0 pak files mounted, 0 remain pending
[2019.11.28-16.53.23:541][  0]LogPakFile: Registered encryption key '00000000000000000000000000000000': 0 pak files mounted, 0 remain pending
[2019.11.28-16.53.23:563][  0]LogPakFile: Registered encryption key '00000000000000000000000000000000': 0 pak files mounted, 0 remain pending
[2019.11.28-16.53.23:608][  0]LogPakFile: Registered encryption key '00000000000000000000000000000000': 0 pak files mounted, 0 remain pending
[2019.11.28-16.53.23:704][  0]LogPakFile: Registered encryption key '00000000000000000000000000000000': 0 pak files mounted, 0 remain pending
[2019.11.28-16.53.23:730][  0]LogPakFile: Registered encryption key '00000000000000000000000000000000': 0 pak files mounted, 0 remain pending
[2019.11.28-16.53.23:753][  0]LogPakFile: Registered encryption key '00000000000000000000000000000000': 0 pak files mounted, 0 remain pending
[2019.11.28-16.53.23:774][  0]LogPakFile: Registered encryption key '00000000000000000000000000000000': 0 pak files mounted, 0 remain pending
[2019.11.28-16.53.23:797][  0]LogPakFile: Registered encryption key '00000000000000000000000000000000': 0 pak files mounted, 0 remain pending
[2019.11.28-16.53.23:822][  0]LogPakFile: Registered encryption key '00000000000000000000000000000000': 0 pak files mounted, 0 remain pending
[2019.11.28-16.53.23:851][  0]LogPakFile: Registered encryption key '00000000000000000000000000000000': 0 pak files mounted, 0 remain pending
[2019.11.28-16.53.23:898][  0]LogPakFile: Registered encryption key '00000000000000000000000000000000': 0 pak files mounted, 0 remain pending
[2019.11.28-16.53.23:930][  0]LogPakFile: Registered encryption key '00000000000000000000000000000000': 0 pak files mounted, 0 remain pending
[2019.11.28-16.53.23:960][  0]LogPakFile: Registered encryption key '00000000000000000000000000000000': 0 pak files mounted, 0 remain pending
[2019.11.28-16.53.23:994][  0]LogPakFile: Registered encryption key '00000000000000000000000000000000': 0 pak files mounted, 0 remain pending
[2019.11.28-16.53.24:041][  0]LogPakFile: Registered encryption key '00000000000000000000000000000000': 0 pak files mounted, 0 remain pending
[2019.11.28-16.53.25:237][  0]LogContentBrowser: Native class hierarchy updated for 'AddContentDialog' in 0.0007 seconds. Added 0 classes and 0 folders.
[2019.11.28-16.53.25:339][  0]LogContentBrowser: Native class hierarchy updated for 'SceneOutliner' in 0.0015 seconds. Added 1 classes and 0 folders.
[2019.11.28-16.53.26:136][  0]LogSlate: Took 0.034529 seconds to synchronously load lazily loaded font '../../../Engine/Content/Slate/Fonts/Roboto-Regular.ttf' (155K)
[2019.11.28-16.53.26:220][  0]LogSlate: Took 0.032834 seconds to synchronously load lazily loaded font '../../../Engine/Content/Slate/Fonts/Roboto-Bold.ttf' (160K)
[2019.11.28-16.53.26:418][  0]LogSlate: Took 0.056388 seconds to synchronously load lazily loaded font '../../../Engine/Content/Editor/Slate/Fonts/FontAwesome.ttf' (139K)
[2019.11.28-16.53.27:362][  0]LogRenderer: Reallocating scene render targets to support 848x604 Format 10 NumSamples 1 (Frame:1).
[2019.11.28-16.53.29:098][  0]LogContentBrowser: Native class hierarchy updated for 'HierarchicalLODOutliner' in 0.0021 seconds. Added 0 classes and 0 folders.
[2019.11.28-16.53.29:098][  0]LogLoad: (Engine Initialization) Total time: 181.42 seconds
[2019.11.28-16.53.29:099][  0]LogLoad: (Engine Initialization) Total Blueprint compile time: 0.00 seconds
[2019.11.28-16.53.29:486][  0]LogContentStreaming: Texture pool size now 1000 MB
[2019.11.28-16.53.29:779][  0]LogSlate: Took 0.032088 seconds to synchronously load lazily loaded font '../../../Engine/Content/Slate/Fonts/Roboto-Light.ttf' (167K)
[2019.11.28-16.53.30:536][  3]LogStaticMesh: Allocated 512x320x64 distance field atlas = 20.0Mb, with 77 objects containing 14.9Mb backing data
[2019.11.28-16.53.30:831][  3]LogAssetRegistry: Asset discovery search completed in 108.8581 seconds
[2019.11.28-16.53.30:856][  3]LogCollectionManager: Rebuilt the object cache for 0 collections in 0.000001 seconds (found 0 objects)
[2019.11.28-16.53.30:856][  3]LogCollectionManager: Fixed up redirectors for 0 collections in 0.012318 seconds (updated 0 objects)
[2019.11.28-16.53.30:951][  3]LogSlate: Took 0.000548 seconds to synchronously load lazily loaded font '../../../Engine/Content/Slate/Fonts/Roboto-Light.ttf' (167K)
[2019.11.28-16.53.40:452][ 32]LogFileCache: Retrieving MD5 hashes for directory 'C:/SeniorProject/PollutionProject/SeniorProject/Content/' took 11.26s
[2019.11.28-16.57.52:762][862]LogSlate: FSceneViewport::OnFocusLost() reason 0
[2019.11.28-16.57.58:615][ 76]LogSlate: FSceneViewport::OnFocusLost() reason 0
[2019.11.28-16.58.03:814][221]LogTexture: Display: Building textures: Signs_Names (AutoDXT, 1024X1024)
[2019.11.28-16.58.03:814][221]LogTexture: Display: Building textures: Texture2D_58 (BGRA8, 512X512)
[2019.11.28-16.58.03:814][221]LogTexture: Display: Building textures: Texture2D_31 (BGRA8, 512X512)
[2019.11.28-16.58.03:814][221]LogTexture: Display: Building textures: Texture2D_63 (BGRA8, 512X512)
[2019.11.28-16.58.03:814][221]LogMaterial: Display: Missing cached shader map for material BaseMaterial, compiling. 
[2019.11.28-16.58.04:534][221]LogStaticMesh: Building static mesh SleepingBag...
[2019.11.28-16.58.04:766][221]LogStaticMesh: Built static mesh [0.26s] /Game/Assets/LowPolyAssets/SleepingBag.SleepingBag
[2019.11.28-16.58.04:934][221]LogMaterial: Display: Missing cached shader map for material trail, compiling. 
[2019.11.28-16.58.05:318][221]LogStaticMesh: Building static mesh boat...
[2019.11.28-16.58.05:343][221]LogStaticMesh: Built static mesh [0.02s] /Game/Assets/LowPolyAssets/boat.boat
[2019.11.28-16.58.05:381][221]LogStaticMesh: Building static mesh Fish...
[2019.11.28-16.58.05:396][221]LogStaticMesh: Built static mesh [0.01s] /Game/Assets/LowPolyAssets/Fish.Fish
[2019.11.28-16.58.05:450][221]LogStaticMesh: Building static mesh Market...
[2019.11.28-16.58.07:077][221]LogMeshUtilities: Finished distance field build in 1.0s - 16x8x8 distance field, 648 triangles, Range [-0.2, 0.4], SleepingBag
[2019.11.28-16.58.07:077][221]LogMeshUtilities: Discarded distance field for Fish as mesh was not closed!  Assign a two-sided material to fix.
[2019.11.28-16.58.07:077][221]LogMeshUtilities: Finished distance field build in 0.0s - 8x8x8 distance field, 114 triangles, Range [-0.3, 0.4], Fish
[2019.11.28-16.58.07:077][221]LogStaticMesh: Built static mesh [1.63s] /Game/Assets/LowPolyAssets/Market.Market
[2019.11.28-16.58.07:466][221]LogAudioDerivedData: Display: Building compressed audio format OGG hash OGG wave A07...
[2019.11.28-16.58.07:981][221]LogAudioDerivedData: Display: Updated SoundWave->RawPCMDataSize from 0 to 1638400 while cooking SoundWave /Game/Assets/Recording/Audio/NewAudio/A07.A07.
[2019.11.28-16.58.07:982][221]LogAudioDerivedData: Display: Building compressed audio format OGG hash OGG wave A06...
[2019.11.28-16.58.08:204][221]LogAudioDerivedData: Display: Updated SoundWave->RawPCMDataSize from 0 to 901120 while cooking SoundWave /Game/Assets/Recording/Audio/NewAudio/A06.A06.
[2019.11.28-16.58.08:204][221]LogAudioDerivedData: Display: Building compressed audio format OGG hash OGG wave A05...
[2019.11.28-16.58.08:389][221]LogAudioDerivedData: Display: Updated SoundWave->RawPCMDataSize from 0 to 659456 while cooking SoundWave /Game/Assets/Recording/Audio/NewAudio/A05.A05.
[2019.11.28-16.58.08:390][221]LogAudioDerivedData: Display: Building compressed audio format OGG hash OGG wave A04...
[2019.11.28-16.58.08:788][221]LogAudioDerivedData: Display: Updated SoundWave->RawPCMDataSize from 0 to 1748992 while cooking SoundWave /Game/Assets/Recording/Audio/NewAudio/A04.A04.
[2019.11.28-16.58.08:788][221]LogAudioDerivedData: Display: Building compressed audio format OGG hash OGG wave A03...
[2019.11.28-16.58.08:913][221]LogAudioDerivedData: Display: Updated SoundWave->RawPCMDataSize from 0 to 458752 while cooking SoundWave /Game/Assets/Recording/Audio/NewAudio/A03.A03.
[2019.11.28-16.58.08:914][221]LogAudioDerivedData: Display: Building compressed audio format OGG hash OGG wave A02...
[2019.11.28-16.58.09:089][221]LogAudioDerivedData: Display: Updated SoundWave->RawPCMDataSize from 0 to 753664 while cooking SoundWave /Game/Assets/Recording/Audio/NewAudio/A02.A02.
[2019.11.28-16.58.09:089][221]LogAudioDerivedData: Display: Building compressed audio format OGG hash OGG wave A01...
[2019.11.28-16.58.09:210][221]LogAudioDerivedData: Display: Updated SoundWave->RawPCMDataSize from 0 to 454656 while cooking SoundWave /Game/Assets/Recording/Audio/NewAudio/A01.A01.
[2019.11.28-16.58.09:618][221]LogAIModule: Creating AISystem for world GreyBoxLVL4
[2019.11.28-16.58.14:148][425]LogMeshUtilities: Finished distance field build in 8.2s - 64x64x64 distance field, 216 triangles, Range [-0.1, 0.7], boat
[2019.11.28-16.58.18:843][533]LogStaticMesh: Allocated 512x383x64 distance field atlas = 23.9Mb, with 88 objects containing 16.5Mb backing data
[2019.11.28-16.58.20:399][584]LogAssetEditorManager: Opening Asset editor for World /Game/Levels/GreyBoxLVL4.GreyBoxLVL4
[2019.11.28-16.58.26:168][584]LogUObjectHash: Compacting FUObjectHashTables data took   5.49ms
[2019.11.28-16.58.26:216][584]Cmd: MAP LOAD FILE="C:/SeniorProject/PollutionProject/SeniorProject/Content/Levels/GreyBoxLVL4.umap" TEMPLATE=0 SHOWPROGRESS=1 FEATURELEVEL=3
[2019.11.28-16.58.26:219][584]LightingResults: New page: Lighting Build
[2019.11.28-16.58.26:220][584]LoadErrors: New page: Loading map: GreyBoxLVL4.umap
[2019.11.28-16.58.26:320][584]MapCheck: New page: Map Check
[2019.11.28-16.58.26:321][584]LightingResults: New page: Lighting Build
[2019.11.28-16.58.26:401][584]LogUObjectHash: Compacting FUObjectHashTables data took   5.55ms
[2019.11.28-16.58.26:838][584]LogMeshUtilities: Finished distance field build in 12.4s - 64x64x64 distance field, 17472 triangles, Range [-0.0, 0.7], Market
[2019.11.28-16.58.26:902][584]LogEditorServer: Finished looking for orphan Actors (0.001 secs)
[2019.11.28-16.58.27:081][584]LogUObjectHash: Compacting FUObjectHashTables data took   3.76ms
[2019.11.28-16.58.27:233][584]Cmd: MAP CHECKDEP NOCLEARLOG
[2019.11.28-16.58.27:234][584]MapCheck: Map check complete: 0 Error(s), 0 Warning(s), took 0.682ms to complete.
[2019.11.28-16.58.27:238][584]LogFileHelpers: Loading map 'GreyBoxLVL4' took 1.069
[2019.11.28-17.04.48:752][919]LogSlate: FSceneViewport::OnFocusLost() reason 0
[2019.11.28-17.04.48:857][925]LogUObjectHash: Compacting FUObjectHashTables data took   1.06ms
[2019.11.28-17.04.49:231][925]LogSlate: Window 'SeniorProject - Unreal Editor' being destroyed
[2019.11.28-17.04.49:954][926]Cmd: QUIT_EDITOR
[2019.11.28-17.04.50:003][926]LogWindowsTextInputMethodSystem: Display: IME system now deactivated.
[2019.11.28-17.04.50:023][926]LogExit: Preparing to exit.
[2019.11.28-17.04.50:864][926]LogExit: Editor shut down
[2019.11.28-17.04.50:865][926]LogExit: Transaction tracking system shut down
[2019.11.28-17.04.51:488][926]LogExit: Object subsystem successfully closed.
[2019.11.28-17.04.51:544][926]LogShaderCompilers: Display: Shaders left to compile 0
[2019.11.28-17.04.51:559][926]LogD3D11RHI: Shutdown
[2019.11.28-17.04.51:559][926]LogD3D11RHI: CleanupD3DDevice
[2019.11.28-17.04.51:590][926]LogRendererCore: FGlobalReadBuffer::ReleaseRHI
[2019.11.28-17.04.51:590][926]LogRendererCore: FGlobalDynamicReadBuffer::Cleanup()
[2019.11.28-17.04.51:590][926]LogRendererCore: FGlobalReadBuffer::ReleaseRHI
[2019.11.28-17.04.51:590][926]LogRendererCore: FGlobalDynamicReadBuffer::Cleanup()
[2019.11.28-17.04.51:590][926]LogRendererCore: FGlobalReadBuffer::ReleaseRHI
[2019.11.28-17.04.51:590][926]LogRendererCore: FGlobalDynamicReadBuffer::Cleanup()
[2019.11.28-17.04.51:594][926]LogD3D11RHI: ~FD3D11DynamicRHI
[2019.11.28-17.04.51:859][926]LogModuleManager: Shutting down and abandoning module MeshBuilder (688)
[2019.11.28-17.04.51:859][926]LogModuleManager: Shutting down and abandoning module HierarchicalLODOutliner (686)
[2019.11.28-17.04.51:859][926]LogModuleManager: Shutting down and abandoning module SceneOutliner (684)
[2019.11.28-17.04.51:859][926]LogModuleManager: Shutting down and abandoning module AddContentDialog (682)
[2019.11.28-17.04.51:871][926]LogModuleManager: Shutting down and abandoning module WidgetCarousel (681)
[2019.11.28-17.04.51:871][926]LogModuleManager: Shutting down and abandoning module EditorWidgets (678)
[2019.11.28-17.04.51:871][926]LogModuleManager: Shutting down and abandoning module CollectionManager (676)
[2019.11.28-17.04.51:872][926]LogModuleManager: Shutting down and abandoning module StatsViewer (674)
[2019.11.28-17.04.51:872][926]LogModuleManager: Shutting down and abandoning module FoliageEdit (672)
[2019.11.28-17.04.51:872][926]LogModuleManager: Shutting down and abandoning module LandscapeEditor (670)
[2019.11.28-17.04.51:872][926]LogModuleManager: Shutting down and abandoning module MeshPaintMode (668)
[2019.11.28-17.04.51:872][926]LogModuleManager: Shutting down and abandoning module SceneDepthPickerMode (666)
[2019.11.28-17.04.51:872][926]LogModuleManager: Shutting down and abandoning module ActorPickerMode (664)
[2019.11.28-17.04.51:872][926]LogModuleManager: Shutting down and abandoning module GeometryMode (662)
[2019.11.28-17.04.51:872][926]LogModuleManager: Shutting down and abandoning module TextureAlignMode (660)
[2019.11.28-17.04.51:872][926]LogModuleManager: Shutting down and abandoning module BspMode (658)
[2019.11.28-17.04.51:872][926]LogModuleManager: Shutting down and abandoning module PIEPreviewDeviceProfileSelector (656)
[2019.11.28-17.04.51:872][926]LogModuleManager: Shutting down and abandoning module SequenceRecorderSections (654)
[2019.11.28-17.04.51:872][926]LogModuleManager: Shutting down and abandoning module AutomationWorker (652)
[2019.11.28-17.04.51:872][926]LogModuleManager: Shutting down and abandoning module DatasmithFBXImporter (650)
[2019.11.28-17.04.51:885][926]LogModuleManager: Shutting down and abandoning module DatasmithDeltaGenImporter (648)
[2019.11.28-17.04.51:906][926]LogModuleManager: Shutting down and abandoning module DatasmithVREDImporter (646)
[2019.11.28-17.04.51:906][926]LogModuleManager: Shutting down and abandoning module OculusMR (644)
[2019.11.28-17.04.51:906][926]LogModuleManager: Shutting down and abandoning module AudioCaptureEditor (642)
[2019.11.28-17.04.51:906][926]LogModuleManager: Shutting down and abandoning module MatineeToLevelSequence (640)
[2019.11.28-17.04.51:906][926]LogModuleManager: Shutting down and abandoning module LevelSequenceEditor (638)
[2019.11.28-17.04.51:906][926]LogModuleManager: Shutting down and abandoning module PlacementMode (637)
[2019.11.28-17.04.51:906][926]LogModuleManager: Shutting down and abandoning module MaterialEditor (636)
[2019.11.28-17.04.51:906][926]LogModuleManager: Shutting down and abandoning module ActorSequenceEditor (632)
[2019.11.28-17.04.51:906][926]LogModuleManager: Shutting down and abandoning module WmfMediaFactory (630)
[2019.11.28-17.04.51:906][926]LogModuleManager: Shutting down and abandoning module WmfMediaEditor (628)
[2019.11.28-17.04.51:906][926]LogModuleManager: Shutting down and abandoning module WebMMediaFactory (626)
[2019.11.28-17.04.51:906][926]LogModuleManager: Shutting down and abandoning module WebMMediaEditor (624)
[2019.11.28-17.04.51:906][926]LogModuleManager: Shutting down and abandoning module WebMMedia (622)
[2019.11.28-17.04.51:906][926]LogModuleManager: Shutting down and abandoning module MediaPlayerEditor (620)
[2019.11.28-17.04.51:906][926]LogModuleManager: Shutting down and abandoning module MediaCompositingEditor (618)
[2019.11.28-17.04.51:906][926]LogModuleManager: Shutting down and abandoning module SequenceRecorder (617)
[2019.11.28-17.04.51:907][926]LogModuleManager: Shutting down and abandoning module OpenExrWrapper (614)
[2019.11.28-17.04.51:907][926]LogModuleManager: Shutting down and abandoning module ImgMediaFactory (612)
[2019.11.28-17.04.51:907][926]LogModuleManager: Shutting down and abandoning module ImgMediaEditor (610)
[2019.11.28-17.04.51:907][926]LogModuleManager: Shutting down and abandoning module AvfMediaFactory (608)
[2019.11.28-17.04.51:907][926]LogModuleManager: Shutting down and abandoning module AvfMediaEditor (606)
[2019.11.28-17.04.51:907][926]LogModuleManager: Shutting down and abandoning module AndroidMediaFactory (604)
[2019.11.28-17.04.51:907][926]LogModuleManager: Shutting down and abandoning module AndroidMediaEditor (602)
[2019.11.28-17.04.51:907][926]LogModuleManager: Shutting down and abandoning module MagicLeapCameraPreviewFactory (600)
[2019.11.28-17.04.51:907][926]LogModuleManager: Shutting down and abandoning module MagicLeapMediaCodecFactory (598)
[2019.11.28-17.04.51:907][926]LogModuleManager: Shutting down and abandoning module MagicLeapMediaFactory (596)
[2019.11.28-17.04.51:907][926]LogModuleManager: Shutting down and abandoning module MagicLeapMediaEditor (594)
[2019.11.28-17.04.51:907][926]LogModuleManager: Shutting down and abandoning module CharacterAI (592)
[2019.11.28-17.04.51:907][926]LogModuleManager: Shutting down and abandoning module SmartSnapping (590)
[2019.11.28-17.04.51:907][926]LogModuleManager: Shutting down and abandoning module SessionServices (588)
[2019.11.28-17.04.51:907][926]LogModuleManager: Shutting down and abandoning module MeshPaint (586)
[2019.11.28-17.04.51:907][926]LogModuleManager: Shutting down and abandoning module ViewportSnapping (584)
[2019.11.28-17.04.51:907][926]LogModuleManager: Shutting down and abandoning module ViewportInteraction (582)
[2019.11.28-17.04.51:907][926]LogModuleManager: Shutting down and abandoning module ClothPainter (580)
[2019.11.28-17.04.51:907][926]LogModuleManager: Shutting down and abandoning module SkeletalMeshEditor (579)
[2019.11.28-17.04.51:907][926]LogModuleManager: Shutting down and abandoning module LogVisualizer (576)
[2019.11.28-17.04.51:907][926]LogModuleManager: Shutting down and abandoning module IntroTutorials (574)
[2019.11.28-17.04.51:916][926]LogModuleManager: Shutting down and abandoning module GameProjectGeneration (573)
[2019.11.28-17.04.51:916][926]LogModuleManager: Shutting down and abandoning module LuminPlatformEditor (570)
[2019.11.28-17.04.51:916][926]LogModuleManager: Shutting down and abandoning module IOSPlatformEditor (568)
[2019.11.28-17.04.51:916][926]LogModuleManager: Shutting down and abandoning module HTML5PlatformEditor (566)
[2019.11.28-17.04.51:916][926]LogModuleManager: Shutting down and abandoning module AndroidPlatformEditor (564)
[2019.11.28-17.04.51:916][926]LogModuleManager: Shutting down and abandoning module AndroidDeviceDetection (563)
[2019.11.28-17.04.52:260][926]LogModuleManager: Shutting down and abandoning module WindowsPlatformEditor (560)
[2019.11.28-17.04.52:260][926]LogModuleManager: Shutting down and abandoning module LuminRuntimeSettings (558)
[2019.11.28-17.04.52:260][926]LogModuleManager: Shutting down and abandoning module IOSRuntimeSettings (556)
[2019.11.28-17.04.52:260][926]LogModuleManager: Shutting down and abandoning module AndroidRuntimeSettings (554)
[2019.11.28-17.04.52:260][926]LogModuleManager: Shutting down and abandoning module TimeManagementEditor (552)
[2019.11.28-17.04.52:260][926]LogModuleManager: Shutting down and abandoning module InputBindingEditor (550)
[2019.11.28-17.04.52:260][926]LogModuleManager: Shutting down and abandoning module MergeActors (548)
[2019.11.28-17.04.52:260][926]LogModuleManager: Shutting down and abandoning module LocalizationDashboard (546)
[2019.11.28-17.04.52:260][926]LogModuleManager: Shutting down and abandoning module LocalizationService (545)
[2019.11.28-17.04.52:260][926]LogModuleManager: Shutting down and abandoning module HardwareTargeting (542)
[2019.11.28-17.04.52:260][926]LogModuleManager: Shutting down and abandoning module DeviceProfileEditor (540)
[2019.11.28-17.04.52:260][926]LogModuleManager: Shutting down and abandoning module UndoHistory (538)
[2019.11.28-17.04.52:260][926]LogModuleManager: Shutting down and abandoning module XmlParser (536)
[2019.11.28-17.04.52:261][926]LogModuleManager: Shutting down and abandoning module Blutility (534)
[2019.11.28-17.04.52:261][926]LogModuleManager: Shutting down and abandoning module ProjectSettingsViewer (532)
[2019.11.28-17.04.52:261][926]LogModuleManager: Shutting down and abandoning module ProjectTargetPlatformEditor (531)
[2019.11.28-17.04.52:261][926]LogModuleManager: Shutting down and abandoning module EditorSettingsViewer (528)
[2019.11.28-17.04.52:261][926]LogModuleManager: Shutting down and abandoning module SettingsEditor (526)
[2019.11.28-17.04.52:261][926]LogModuleManager: Shutting down and abandoning module ProjectLauncher (524)
[2019.11.28-17.04.52:261][926]LogModuleManager: Shutting down and abandoning module SessionFrontend (522)
[2019.11.28-17.04.52:261][926]LogModuleManager: Shutting down and abandoning module ProfilerClient (520)
[2019.11.28-17.04.52:261][926]LogModuleManager: Shutting down and abandoning module DeviceManager (518)
[2019.11.28-17.04.52:261][926]LogModuleManager: Shutting down and abandoning module TargetDeviceServices (517)
[2019.11.28-17.04.52:304][926]LogModuleManager: Shutting down and abandoning module AutomationController (514)
[2019.11.28-17.04.52:304][926]LogModuleManager: Shutting down and abandoning module AutomationWindow (512)
[2019.11.28-17.04.52:304][926]LogModuleManager: Shutting down and abandoning module Layers (510)
[2019.11.28-17.04.52:304][926]LogModuleManager: Shutting down and abandoning module ComponentVisualizers (508)
[2019.11.28-17.04.52:304][926]LogModuleManager: Shutting down and abandoning module DetailCustomizations (506)
[2019.11.28-17.04.52:304][926]LogModuleManager: Shutting down and abandoning module PackagesDialog (504)
[2019.11.28-17.04.52:304][926]LogModuleManager: Shutting down and abandoning module AnimationBlueprintEditor (502)
[2019.11.28-17.04.52:304][926]LogModuleManager: Shutting down and abandoning module Persona (500)
[2019.11.28-17.04.52:304][926]LogModuleManager: Shutting down and abandoning module AnimGraph (499)
[2019.11.28-17.04.52:304][926]LogModuleManager: Shutting down and abandoning module Kismet (496)
[2019.11.28-17.04.52:306][926]LogModuleManager: Shutting down and abandoning module GraphEditor (494)
[2019.11.28-17.04.52:307][926]LogModuleManager: Shutting down and abandoning module ClassViewer (492)
[2019.11.28-17.04.52:307][926]LogModuleManager: Shutting down and abandoning module Toolbox (490)
[2019.11.28-17.04.52:307][926]LogModuleManager: Shutting down and abandoning module DesktopPlatform (489)
[2019.11.28-17.04.52:307][926]LogModuleManager: Shutting down and abandoning module ModuleUI (486)
[2019.11.28-17.04.52:307][926]LogModuleManager: Shutting down and abandoning module MovieSceneTools (484)
[2019.11.28-17.04.52:307][926]LogModuleManager: Shutting down and abandoning module OutputLog (482)
[2019.11.28-17.04.52:307][926]LogModuleManager: Shutting down and abandoning module GammaUI (480)
[2019.11.28-17.04.52:307][926]LogModuleManager: Shutting down and abandoning module Documentation (478)
[2019.11.28-17.04.52:307][926]LogModuleManager: Shutting down and abandoning module LiveCoding (476)
[2019.11.28-17.04.52:308][926]LogModuleManager: Shutting down and abandoning module LevelSequence (474)
[2019.11.28-17.04.52:308][926]LogModuleManager: Shutting down and abandoning module MovieSceneTracks (472)
[2019.11.28-17.04.52:308][926]LogModuleManager: Shutting down and abandoning module MovieScene (470)
[2019.11.28-17.04.52:308][926]LogModuleManager: Shutting down and abandoning module StreamingPauseRendering (468)
[2019.11.28-17.04.52:308][926]LogModuleManager: Shutting down and abandoning module LauncherPlatform (466)
[2019.11.28-17.04.52:308][926]LogModuleManager: Shutting down and abandoning module AnalyticsET (464)
[2019.11.28-17.04.52:308][926]LogModuleManager: Shutting down and abandoning module PortalServices (462)
[2019.11.28-17.04.52:308][926]LogModuleManager: Shutting down and abandoning module PortalRpc (460)
[2019.11.28-17.04.52:308][926]LogModuleManager: Shutting down and abandoning module MessagingRpc (458)
[2019.11.28-17.04.52:309][926]LogModuleManager: Shutting down and abandoning module AIModule (456)
[2019.11.28-17.04.52:309][926]LogModuleManager: Shutting down and abandoning module GameplayDebugger (455)
[2019.11.28-17.04.52:309][926]LogModuleManager: Shutting down and abandoning module AITestSuite (453)
[2019.11.28-17.04.52:309][926]LogModuleManager: Shutting down and abandoning module NavigationSystem (451)
[2019.11.28-17.04.52:309][926]LogModuleManager: Shutting down and abandoning module ImageWriteQueue (448)
[2019.11.28-17.04.52:316][926]LogModuleManager: Shutting down and abandoning module ProfilerService (446)
[2019.11.28-17.04.52:508][926]LogModuleManager: Shutting down and abandoning module TaskGraph (444)
[2019.11.28-17.04.52:508][926]LogModuleManager: Shutting down and abandoning module DatasmithCADImporter (442)
[2019.11.28-17.04.52:513][926]LogModuleManager: Shutting down and abandoning module VariantManager (440)
[2019.11.28-17.04.52:548][926]LogModuleManager: Shutting down and abandoning module StaticMeshEditorExtension (438)
[2019.11.28-17.04.52:548][926]LogModuleManager: Shutting down and abandoning module StaticMeshEditor (437)
[2019.11.28-17.04.52:574][926]LogModuleManager: Shutting down and abandoning module AdvancedPreviewScene (436)
[2019.11.28-17.04.52:574][926]LogModuleManager: Shutting down and abandoning module MeshProcessingLibrary (433)
[2019.11.28-17.04.52:589][926]LogModuleManager: Shutting down and abandoning module MDLImporter (430)
[2019.11.28-17.04.52:597][926]LogModuleManager: Shutting down and abandoning module DatasmithGLTFImporter (428)
[2019.11.28-17.04.52:608][926]LogModuleManager: Shutting down and abandoning module DatasmithImporter (427)
[2019.11.28-17.04.52:648][926]LogModuleManager: Shutting down and abandoning module DatasmithDataPrepLibraries (424)
[2019.11.28-17.04.52:661][926]LogModuleManager: Shutting down and abandoning module DatasmithDataPrepEditor (422)
[2019.11.28-17.04.52:704][926]LogModuleManager: Shutting down and abandoning module SteamVRController (420)
[2019.11.28-17.04.52:704][926]LogModuleManager: Shutting down and abandoning module ProceduralMeshComponentEditor (418)
[2019.11.28-17.04.52:705][926]LogModuleManager: Shutting down and abandoning module ProceduralMeshComponent (416)
[2019.11.28-17.04.52:705][926]LogModuleManager: Shutting down and abandoning module OculusEditor (414)
[2019.11.28-17.04.52:705][926]LogModuleManager: Shutting down and abandoning module OculusInput (412)
[2019.11.28-17.04.52:705][926]LogModuleManager: Shutting down and abandoning module MobilePatchingUtils (410)
[2019.11.28-17.04.52:705][926]LogModuleManager: Shutting down and abandoning module EditableMesh (408)
[2019.11.28-17.04.52:705][926]LogModuleManager: Shutting down and abandoning module CustomMeshComponent (406)
[2019.11.28-17.04.52:705][926]LogModuleManager: Shutting down and abandoning module CableComponent (404)
[2019.11.28-17.04.52:705][926]LogModuleManager: Shutting down and abandoning module AudioCapture (402)
[2019.11.28-17.04.52:706][926]LogModuleManager: Shutting down and abandoning module ArchVisCharacter (400)
[2019.11.28-17.04.52:706][926]LogModuleManager: Shutting down and abandoning module AndroidPermission (398)
[2019.11.28-17.04.52:706][926]LogModuleManager: Shutting down and abandoning module NUTUnrealEngine4 (396)
[2019.11.28-17.04.52:706][926]LogModuleManager: Shutting down and abandoning module NetcodeUnitTest (394)
[2019.11.28-17.04.52:706][926]LogModuleManager: Shutting down and abandoning module MediaCompositing (392)
[2019.11.28-17.04.52:706][926]LogModuleManager: Shutting down and abandoning module LinearTimecode (390)
[2019.11.28-17.04.52:706][926]LogModuleManager: Shutting down and abandoning module ImgMedia (388)
[2019.11.28-17.04.52:706][926]LogModuleManager: Shutting down and abandoning module MagicLeapHelperVulkan (386)
[2019.11.28-17.04.52:707][926]LogModuleManager: Shutting down and abandoning module MagicLeapHelperOpenGL (384)
[2019.11.28-17.04.52:707][926]LogModuleManager: Shutting down and abandoning module MagicLeapAudio (382)
[2019.11.28-17.04.52:707][926]LogModuleManager: Shutting down and abandoning module HTML5Networking (380)
[2019.11.28-17.04.52:707][926]LogModuleManager: Shutting down and abandoning module GeometryCollectionEditor (378)
[2019.11.28-17.04.52:718][926]LogModuleManager: Shutting down and abandoning module GeometryCollectionExampleCore (376)
[2019.11.28-17.04.52:726][926]LogModuleManager: Shutting down and abandoning module GeometryCacheTracks (374)
[2019.11.28-17.04.52:726][926]LogModuleManager: Shutting down and abandoning module GeometryCacheSequencer (372)
[2019.11.28-17.04.52:727][926]LogModuleManager: Shutting down and abandoning module ChaosSolverEditor (370)
[2019.11.28-17.04.52:727][926]LogModuleManager: Shutting down and abandoning module BlastAuthoring (368)
[2019.11.28-17.04.52:727][926]LogModuleManager: Shutting down and abandoning module BackChannel (366)
[2019.11.28-17.04.52:727][926]LogModuleManager: Shutting down and abandoning module AppleVision (364)
[2019.11.28-17.04.52:727][926]LogModuleManager: Shutting down and abandoning module AppleImageUtilsBlueprintSupport (362)
[2019.11.28-17.04.52:727][926]LogModuleManager: Shutting down and abandoning module AppleImageUtils (360)
[2019.11.28-17.04.52:727][926]LogModuleManager: Shutting down and abandoning module AlembicImporter (358)
[2019.11.28-17.04.52:727][926]LogModuleManager: Shutting down and abandoning module AlembicLibrary (357)
[2019.11.28-17.04.52:727][926]LogModuleManager: Shutting down and abandoning module GeometryCache (356)
[2019.11.28-17.04.52:727][926]LogModuleManager: Shutting down and abandoning module GeometryCacheEd (355)
[2019.11.28-17.04.52:727][926]LogModuleManager: Shutting down and abandoning module VariantManagerContent (350)
[2019.11.28-17.04.52:727][926]LogModuleManager: Shutting down and abandoning module DatasmithContentEditor (348)
[2019.11.28-17.04.52:727][926]LogModuleManager: Shutting down and abandoning module SpeedTreeImporter (346)
[2019.11.28-17.04.52:727][926]LogModuleManager: Shutting down and abandoning module PluginBrowser (344)
[2019.11.28-17.04.52:727][926]LogModuleManager: Shutting down and abandoning module MobileLauncherProfileWizard (342)
[2019.11.28-17.04.52:728][926]LogModuleManager: Shutting down and abandoning module PolygonModeling (340)
[2019.11.28-17.04.52:728][926]LogModuleManager: Shutting down and abandoning module MeshEditor (338)
[2019.11.28-17.04.52:728][926]LogModuleManager: Shutting down and abandoning module MaterialAnalyzer (336)
[2019.11.28-17.04.52:728][926]LogModuleManager: Shutting down and abandoning module GLTFImporter (334)
[2019.11.28-17.04.52:744][926]LogModuleManager: Shutting down and abandoning module EditorScriptingUtilities (332)
[2019.11.28-17.04.52:744][926]LogModuleManager: Shutting down and abandoning module CryptoKeysOpenSSL (330)
[2019.11.28-17.04.52:744][926]LogModuleManager: Shutting down and abandoning module CryptoKeys (328)
[2019.11.28-17.04.52:744][926]LogModuleManager: Shutting down and abandoning module VisualStudioSourceCodeAccess (326)
[2019.11.28-17.04.52:744][926]LogModuleManager: Shutting down and abandoning module VisualStudioCodeSourceCodeAccess (324)
[2019.11.28-17.04.52:744][926]LogModuleManager: Shutting down and abandoning module UObjectPlugin (322)
[2019.11.28-17.04.52:744][926]LogModuleManager: Shutting down and abandoning module SubversionSourceControl (320)
[2019.11.28-17.04.52:744][926]LogModuleManager: Shutting down and abandoning module PerforceSourceControl (318)
[2019.11.28-17.04.52:744][926]LogModuleManager: Shutting down and abandoning module GitSourceControl (316)
[2019.11.28-17.04.52:753][926]LogModuleManager: Shutting down and abandoning module SourceControl (315)
[2019.11.28-17.04.52:753][926]LogModuleManager: Shutting down and abandoning module CLionSourceCodeAccess (312)
[2019.11.28-17.04.52:753][926]LogModuleManager: Shutting down and abandoning module AnimationSharingEd (310)
[2019.11.28-17.04.52:753][926]LogModuleManager: Shutting down and abandoning module ActorLayerUtilitiesEditor (308)
[2019.11.28-17.04.52:753][926]LogModuleManager: Shutting down and abandoning module ActorLayerUtilities (306)
[2019.11.28-17.04.52:753][926]LogModuleManager: Shutting down and abandoning module LightPropagationVolumeEditor (304)
[2019.11.28-17.04.52:753][926]LogModuleManager: Shutting down and abandoning module PaperTiledImporter (302)
[2019.11.28-17.04.52:753][926]LogModuleManager: Shutting down and abandoning module PaperSpriteSheetImporter (300)
[2019.11.28-17.04.52:753][926]LogModuleManager: Shutting down and abandoning module Paper2DEditor (298)
[2019.11.28-17.04.52:754][926]LogModuleManager: Shutting down and abandoning module SeniorProject (296)
[2019.11.28-17.04.52:754][926]LogModuleManager: Shutting down and abandoning module SignificanceManager (294)
[2019.11.28-17.04.52:754][926]LogModuleManager: Shutting down and abandoning module RuntimePhysXCooking (292)
[2019.11.28-17.04.52:754][926]LogModuleManager: Shutting down and abandoning module PhysXVehiclesEditor (290)
[2019.11.28-17.04.52:754][926]LogModuleManager: Shutting down and abandoning module PhysXVehicles (288)
[2019.11.28-17.04.52:754][926]LogModuleManager: Shutting down and abandoning module LocationServicesBPLibrary (286)
[2019.11.28-17.04.52:754][926]LogModuleManager: Shutting down and abandoning module ActorSequence (284)
[2019.11.28-17.04.52:754][926]LogModuleManager: Shutting down and abandoning module UdpMessaging (282)
[2019.11.28-17.04.52:856][926]LogModuleManager: Shutting down and abandoning module TcpMessaging (280)
[2019.11.28-17.04.52:957][926]LogModuleManager: Shutting down and abandoning module MagicLeapIdentity (278)
[2019.11.28-17.04.52:957][926]LogModuleManager: Shutting down and abandoning module MagicLeapSecureStorage (276)
[2019.11.28-17.04.52:957][926]LogModuleManager: Shutting down and abandoning module MagicLeapHandTracking (274)
[2019.11.28-17.04.52:957][926]LogModuleManager: Shutting down and abandoning module MagicLeapEyeTracker (272)
[2019.11.28-17.04.52:957][926]LogModuleManager: Shutting down and abandoning module MagicLeapController (270)
[2019.11.28-17.04.52:957][926]LogSlate: Slate User Destroyed.  User Index 0, Is Virtual User: 0
[2019.11.28-17.04.52:958][926]LogModuleManager: Shutting down and abandoning module MagicLeapAR (268)
[2019.11.28-17.04.52:958][926]LogModuleManager: Shutting down and abandoning module AugmentedReality (267)
[2019.11.28-17.04.52:958][926]LogModuleManager: Shutting down and abandoning module GameplayTagsEditor (264)
[2019.11.28-17.04.52:958][926]LogModuleManager: Shutting down and abandoning module FacialAnimationEditor (262)
[2019.11.28-17.04.52:958][926]LogModuleManager: Shutting down and abandoning module FacialAnimation (260)
[2019.11.28-17.04.52:958][926]LogModuleManager: Shutting down and abandoning module DataValidation (258)
[2019.11.28-17.04.52:958][926]LogModuleManager: Shutting down and abandoning module AssetManagerEditor (256)
[2019.11.28-17.04.52:958][926]LogModuleManager: Shutting down and abandoning module LevelEditor (255)
[2019.11.28-17.04.52:960][926]LogModuleManager: Shutting down and abandoning module PixelInspectorModule (254)
[2019.11.28-17.04.52:960][926]LogModuleManager: Shutting down and abandoning module CommonMenuExtensions (252)
[2019.11.28-17.04.52:960][926]LogModuleManager: Shutting down and abandoning module MainFrame (250)
[2019.11.28-17.04.52:961][926]LogModuleManager: Shutting down and abandoning module HotReload (249)
[2019.11.28-17.04.52:962][926]LogModuleManager: Shutting down and abandoning module ContentBrowser (245)
[2019.11.28-17.04.52:964][926]LogModuleManager: Shutting down and abandoning module TreeMap (243)
[2019.11.28-17.04.52:965][926]LogModuleManager: Shutting down and abandoning module AnimationSharing (240)
[2019.11.28-17.04.52:965][926]LogModuleManager: Shutting down and abandoning module LightPropagationVolumeRuntime (238)
[2019.11.28-17.04.52:965][926]LogModuleManager: Shutting down and abandoning module AISupportModule (236)
[2019.11.28-17.04.52:965][926]LogModuleManager: Shutting down and abandoning module Paper2D (234)
[2019.11.28-17.04.52:965][926]LogModuleManager: Shutting down and abandoning module WindowsMoviePlayer (232)
[2019.11.28-17.04.52:965][926]LogModuleManager: Shutting down and abandoning module WebMMoviePlayer (230)
[2019.11.28-17.04.52:966][926]LogModuleManager: Shutting down and abandoning module PacketHandler (228)
[2019.11.28-17.04.52:966][926]LogModuleManager: Shutting down and abandoning module ClothingSystemEditor (226)
[2019.11.28-17.04.52:966][926]LogModuleManager: Shutting down and abandoning module ClothingSystemRuntime (224)
[2019.11.28-17.04.52:966][926]LogModuleManager: Shutting down and abandoning module MediaAssets (222)
[2019.11.28-17.04.52:966][926]LogModuleManager: Shutting down and abandoning module Overlay (220)
[2019.11.28-17.04.52:966][926]LogModuleManager: Shutting down and abandoning module OverlayEditor (219)
[2019.11.28-17.04.52:966][926]LogModuleManager: Shutting down and abandoning module VREditor (216)
[2019.11.28-17.04.52:966][926]LogModuleManager: Shutting down and abandoning module StringTableEditor (214)
[2019.11.28-17.04.52:966][926]LogModuleManager: Shutting down and abandoning module GameplayTasksEditor (212)
[2019.11.28-17.04.52:966][926]LogModuleManager: Shutting down and abandoning module BehaviorTreeEditor (210)
[2019.11.28-17.04.52:966][926]LogModuleManager: Shutting down and abandoning module FunctionalTesting (208)
[2019.11.28-17.04.52:966][926]LogModuleManager: Shutting down and abandoning module CollisionAnalyzer (206)
[2019.11.28-17.04.52:967][926]LogModuleManager: Shutting down and abandoning module WorkspaceMenuStructure (205)
[2019.11.28-17.04.52:967][926]LogModuleManager: Shutting down and abandoning module UMG (202)
[2019.11.28-17.04.52:967][926]LogModuleManager: Shutting down and abandoning module UMGEditor (201)
[2019.11.28-17.04.52:967][926]LogModuleManager: Shutting down and abandoning module Sequencer (200)
[2019.11.28-17.04.52:967][926]LogModuleManager: Shutting down and abandoning module MessageLog (197)
[2019.11.28-17.04.52:967][926]LogModuleManager: Shutting down and abandoning module SlateReflector (192)
[2019.11.28-17.04.52:967][926]LogModuleManager: Shutting down and abandoning module Slate (190)
[2019.11.28-17.04.52:967][926]LogModuleManager: Shutting down and abandoning module EditorStyle (188)
[2019.11.28-17.04.52:972][926]LogModuleManager: Shutting down and abandoning module UnrealEd (186)
[2019.11.28-17.04.52:972][926]LogModuleManager: Shutting down and abandoning module MRMesh (184)
[2019.11.28-17.04.52:972][926]LogModuleManager: Shutting down and abandoning module SourceCodeAccess (182)
[2019.11.28-17.04.52:972][926]LogModuleManager: Shutting down and abandoning module HeadMountedDisplay (180)
[2019.11.28-17.04.52:972][926]LogModuleManager: Shutting down and abandoning module XAudio2 (178)
[2019.11.28-17.04.52:972][926]LogModuleManager: Shutting down and abandoning module Networking (176)
[2019.11.28-17.04.52:972][926]LogModuleManager: Shutting down and abandoning module Core (174)
[2019.11.28-17.04.52:972][926]LogModuleManager: Shutting down and abandoning module KismetCompiler (172)
[2019.11.28-17.04.52:972][926]LogModuleManager: Shutting down and abandoning module MeshUtilities (170)
[2019.11.28-17.04.52:972][926]LogModuleManager: Shutting down and abandoning module MeshMergeUtilities (169)
[2019.11.28-17.04.52:973][926]LogModuleManager: Shutting down and abandoning module MeshReductionInterface (168)
[2019.11.28-17.04.52:973][926]LogModuleManager: Shutting down and abandoning module SkeletalMeshReduction (167)
[2019.11.28-17.04.52:973][926]LogModuleManager: Shutting down and abandoning module ProxyLODMeshReduction (165)
[2019.11.28-17.04.52:973][926]LogModuleManager: Shutting down and abandoning module QuadricMeshReduction (163)
[2019.11.28-17.04.52:973][926]LogModuleManager: Shutting down and abandoning module MaterialBaking (159)
[2019.11.28-17.04.52:973][926]LogModuleManager: Shutting down and abandoning module DerivedDataCache (154)
[2019.11.28-17.04.53:060][926]LogDerivedDataCache: Shutdown
[2019.11.28-17.04.53:061][926]LogModuleManager: Shutting down and abandoning module XGEController (152)
[2019.11.28-17.04.53:061][926]LogModuleManager: Shutting down and abandoning module TargetPlatform (150)
[2019.11.28-17.04.53:061][926]LogModuleManager: Shutting down and abandoning module VulkanShaderFormat (149)
[2019.11.28-17.04.53:061][926]LogModuleManager: Shutting down and abandoning module ShaderFormatVectorVM (147)
[2019.11.28-17.04.53:061][926]LogModuleManager: Shutting down and abandoning module ShaderFormatOpenGL (145)
[2019.11.28-17.04.53:061][926]LogModuleManager: Shutting down and abandoning module ShaderFormatD3D (143)
[2019.11.28-17.04.53:061][926]LogModuleManager: Shutting down and abandoning module MetalShaderFormat (141)
[2019.11.28-17.04.53:061][926]LogModuleManager: Shutting down and abandoning module TextureFormatUncompressed (139)
[2019.11.28-17.04.53:061][926]LogModuleManager: Shutting down and abandoning module TextureFormatPVR (137)
[2019.11.28-17.04.53:061][926]LogModuleManager: Shutting down and abandoning module TextureFormatDXT (135)
[2019.11.28-17.04.53:061][926]LogModuleManager: Shutting down and abandoning module TextureFormatIntelISPCTexComp (133)
[2019.11.28-17.04.53:062][926]LogModuleManager: Shutting down and abandoning module TextureFormatASTC (131)
[2019.11.28-17.04.53:062][926]LogModuleManager: Shutting down and abandoning module ImageWrapper (130)
[2019.11.28-17.04.53:062][926]LogModuleManager: Shutting down and abandoning module TextureFormatAndroid (127)
[2019.11.28-17.04.53:062][926]LogModuleManager: Shutting down and abandoning module AudioFormatOpus (125)
[2019.11.28-17.04.53:062][926]LogModuleManager: Shutting down and abandoning module AudioFormatOgg (123)
[2019.11.28-17.04.53:062][926]LogModuleManager: Shutting down and abandoning module AudioFormatADPCM (121)
[2019.11.28-17.04.53:062][926]LogModuleManager: Shutting down and abandoning module LuminTargetPlatform (119)
[2019.11.28-17.04.53:064][926]LogModuleManager: Shutting down and abandoning module LinuxTargetPlatform (117)
[2019.11.28-17.04.53:064][926]LogModuleManager: Shutting down and abandoning module LinuxServerTargetPlatform (115)
[2019.11.28-17.04.53:064][926]LogModuleManager: Shutting down and abandoning module LinuxNoEditorTargetPlatform (113)
[2019.11.28-17.04.53:064][926]LogModuleManager: Shutting down and abandoning module LinuxClientTargetPlatform (111)
[2019.11.28-17.04.53:064][926]LogModuleManager: Shutting down and abandoning module TVOSTargetPlatform (109)
[2019.11.28-17.04.53:066][926]LogModuleManager: Shutting down and abandoning module Messaging (107)
[2019.11.28-17.04.53:066][926]LogModuleManager: Shutting down and abandoning module IOSTargetPlatform (105)
[2019.11.28-17.04.53:069][926]LogModuleManager: Shutting down and abandoning module HTML5TargetPlatform (103)
[2019.11.28-17.04.53:069][926]LogModuleManager: Shutting down and abandoning module AndroidTargetPlatform (101)
[2019.11.28-17.04.53:084][926]LogModuleManager: Shutting down and abandoning module WindowsTargetPlatform (99)
[2019.11.28-17.04.53:085][926]LogModuleManager: Shutting down and abandoning module WindowsServerTargetPlatform (97)
[2019.11.28-17.04.53:085][926]LogModuleManager: Shutting down and abandoning module WindowsNoEditorTargetPlatform (95)
[2019.11.28-17.04.53:085][926]LogModuleManager: Shutting down and abandoning module WindowsClientTargetPlatform (93)
[2019.11.28-17.04.53:085][926]LogModuleManager: Shutting down and abandoning module MacTargetPlatform (91)
[2019.11.28-17.04.53:085][926]LogModuleManager: Shutting down and abandoning module MacServerTargetPlatform (89)
[2019.11.28-17.04.53:085][926]LogModuleManager: Shutting down and abandoning module MacNoEditorTargetPlatform (87)
[2019.11.28-17.04.53:085][926]LogModuleManager: Shutting down and abandoning module MacClientTargetPlatform (85)
[2019.11.28-17.04.53:085][926]LogModuleManager: Shutting down and abandoning module AllDesktopTargetPlatform (83)
[2019.11.28-17.04.53:085][926]LogModuleManager: Shutting down and abandoning module InputCore (80)
[2019.11.28-17.04.53:085][926]LogModuleManager: Shutting down and abandoning module Settings (78)
[2019.11.28-17.04.53:086][926]LogModuleManager: Shutting down and abandoning module DirectoryWatcher (76)
[2019.11.28-17.04.53:086][926]LogModuleManager: Shutting down and abandoning module PhysXCooking (74)
[2019.11.28-17.04.53:086][926]LogModuleManager: Shutting down and abandoning module SteamVR (72)
[2019.11.28-17.04.53:086][926]LogHMD: Freeing OpenVRDLLHandle.
[2019.11.28-17.04.53:086][926]LogModuleManager: Shutting down and abandoning module OculusHMD (70)
[2019.11.28-17.04.53:086][926]LogModuleManager: Shutting down and abandoning module ExampleDeviceProfileSelector (68)
[2019.11.28-17.04.53:087][926]LogModuleManager: Shutting down and abandoning module LauncherChunkInstaller (66)
[2019.11.28-17.04.53:087][926]LogModuleManager: Shutting down and abandoning module OnlineBlueprintSupport (64)
[2019.11.28-17.04.53:087][926]LogModuleManager: Shutting down and abandoning module OnlineSubsystem (60)
[2019.11.28-17.04.53:089][926]LogModuleManager: Shutting down and abandoning module XMPP (55)
[2019.11.28-17.04.53:089][926]LogModuleManager: Shutting down and abandoning module WebSockets (54)
[2019.11.28-17.04.53:129][926]LogModuleManager: Shutting down and abandoning module HTTP (51)
[2019.11.28-17.04.53:129][926]LogHttp: Display: Http module shutting down, but needs to wait on 1 outstanding Http requests:
[2019.11.28-17.04.53:129][926]LogHttp: Display: 	verb=[POST] url=[https://datarouter.ol.epicgames.com/datarouter/api/v1/public/data?SessionID=%7BBE5AFD19-4ED4-C7F4-9DDF-158FDC4EDE66%7D&AppID=UEEditor.Rocket.Release&AppVersion=4.22.3-7053642%2B%2B%2BUE4%2BRelease-4.22&UserID=c556d04641ecb1056f34ce8eff86b63d%7C2e8b1b4f078b4bcfacfd31f9b30f3716%7C739a22ef-b861-424e-8f5f-67a441350325&AppEnvironment=datacollector-binary&UploadType=eteventstream] status=Processing
[2019.11.28-17.04.53:161][926]LogModuleManager: Shutting down and abandoning module SSL (50)
[2019.11.28-17.04.53:164][926]LogModuleManager: Shutting down and abandoning module WmfMedia (46)
[2019.11.28-17.04.53:167][926]LogModuleManager: Shutting down and abandoning module Media (45)
[2019.11.28-17.04.53:174][926]LogModuleManager: Shutting down and abandoning module MagicLeap (42)
[2019.11.28-17.04.53:174][926]LogModuleManager: Shutting down and abandoning module DatasmithContent (40)
[2019.11.28-17.04.53:175][926]LogModuleManager: Shutting down and abandoning module AnimationModifiers (38)
[2019.11.28-17.04.53:175][926]LogModuleManager: Shutting down and abandoning module PropertyEditor (37)
[2019.11.28-17.04.53:176][926]LogModuleManager: Shutting down and abandoning module AudioEditor (34)
[2019.11.28-17.04.53:176][926]LogModuleManager: Shutting down and abandoning module TextureCompressor (32)
[2019.11.28-17.04.53:176][926]LogModuleManager: Shutting down and abandoning module RenderCore (30)
[2019.11.28-17.04.53:176][926]LogModuleManager: Shutting down and abandoning module Landscape (28)
[2019.11.28-17.04.53:176][926]LogModuleManager: Shutting down and abandoning module SlateRHIRenderer (26)
[2019.11.28-17.04.53:178][926]LogModuleManager: Shutting down and abandoning module OpenGLDrv (24)
[2019.11.28-17.04.53:178][926]LogModuleManager: Shutting down and abandoning module D3D11RHI (22)
[2019.11.28-17.04.53:178][926]LogModuleManager: Shutting down and abandoning module AnimGraphRuntime (20)
[2019.11.28-17.04.53:178][926]LogModuleManager: Shutting down and abandoning module Renderer (18)
[2019.11.28-17.04.53:178][926]LogModuleManager: Shutting down and abandoning module Engine (16)
[2019.11.28-17.04.53:178][926]LogModuleManager: Shutting down and abandoning module CoreUObject (14)
[2019.11.28-17.04.53:178][926]LogModuleManager: Shutting down and abandoning module NetworkFile (12)
[2019.11.28-17.04.53:178][926]LogModuleManager: Shutting down and abandoning module CookedIterativeFile (10)
[2019.11.28-17.04.53:178][926]LogModuleManager: Shutting down and abandoning module StreamingFile (8)
[2019.11.28-17.04.53:178][926]LogModuleManager: Shutting down and abandoning module SandboxFile (6)
[2019.11.28-17.04.53:178][926]LogModuleManager: Shutting down and abandoning module PakFile (4)
[2019.11.28-17.04.53:178][926]LogModuleManager: Shutting down and abandoning module RSA (3)
[2019.11.28-17.04.53:199][926]LogExit: Exiting.
[2019.11.28-17.04.53:261][926]Log file closed, 11/28/19 12:04:53
