Log file open, 02/13/20 17:42:41
LogWindows: Failed to load 'aqProf.dll' (GetLastError=126)
LogWindows: File 'aqProf.dll' does not exist
LogWindows: Failed to load 'VtuneApi.dll' (GetLastError=126)
LogWindows: File 'VtuneApi.dll' does not exist
LogWindows: Failed to load 'VtuneApi32e.dll' (GetLastError=126)
LogWindows: File 'VtuneApi32e.dll' does not exist
LogConsoleResponse: Display: Failed to find resolution value strings in scalability ini. Falling back to default.
LogInit: Display: Running engine for game: SeniorProject
LogPakFile: Registered encryption key '00000000000000000000000000000000': 0 pak files mounted, 0 remain pending
LogPlatformFile: Not using cached read wrapper
LogTaskGraph: Started task graph with 5 named threads and 23 total threads with 3 sets of task threads.
LogStats: Stats thread started at 0.381543
LogD3D11RHI: Loaded GFSDK_Aftermath_Lib.x64.dll
LogICUInternationalization: ICU TimeZone Detection - Raw Offset: -5:00, Platform Override: ''
LogPluginManager: Mounting plugin Paper2D
LogPluginManager: Mounting plugin AISupport
LogPluginManager: Mounting plugin LightPropagationVolume
LogPluginManager: Mounting plugin ActorLayerUtilities
LogPluginManager: Mounting plugin AnimationSharing
LogPluginManager: Mounting plugin CLionSourceCodeAccess
LogPluginManager: Mounting plugin CodeLiteSourceCodeAccess
LogPluginManager: Mounting plugin GitSourceControl
LogPluginManager: Mounting plugin KDevelopSourceCodeAccess
LogPluginManager: Mounting plugin NullSourceCodeAccess
LogPluginManager: Mounting plugin PerforceSourceControl
LogPluginManager: Mounting plugin SubversionSourceControl
LogPluginManager: Mounting plugin UObjectPlugin
LogPluginManager: Mounting plugin VisualStudioCodeSourceCodeAccess
LogPluginManager: Mounting plugin VisualStudioSourceCodeAccess
LogPluginManager: Mounting plugin XCodeSourceCodeAccess
LogPluginManager: Mounting plugin AssetManagerEditor
LogPluginManager: Mounting plugin CryptoKeys
LogPluginManager: Mounting plugin DataValidation
LogPluginManager: Mounting plugin EditorScriptingUtilities
LogPluginManager: Mounting plugin FacialAnimation
LogPluginManager: Mounting plugin GameplayTagsEditor
LogPluginManager: Mounting plugin GLTFImporter
LogPluginManager: Mounting plugin MacGraphicsSwitching
LogPluginManager: Mounting plugin MaterialAnalyzer
LogPluginManager: Mounting plugin MeshEditor
LogPluginManager: Mounting plugin MobileLauncherProfileWizard
LogPluginManager: Mounting plugin PluginBrowser
LogPluginManager: Mounting plugin SpeedTreeImporter
LogPluginManager: Mounting plugin DatasmithContent
LogPluginManager: Mounting plugin VariantManagerContent
LogPluginManager: Mounting plugin AlembicImporter
LogPluginManager: Mounting plugin AppleImageUtils
LogPluginManager: Mounting plugin AppleVision
LogPluginManager: Mounting plugin BackChannel
LogPluginManager: Mounting plugin BlastPlugin
LogPluginManager: Mounting plugin ChaosSolverPlugin
LogPluginManager: Mounting plugin CharacterAI
LogPluginManager: Mounting plugin GeometryCache
LogPluginManager: Mounting plugin GeometryCollectionPlugin
LogPluginManager: Mounting plugin HTML5Networking
LogPluginManager: Mounting plugin ProxyLODPlugin
LogPluginManager: Mounting plugin SkeletalReduction
LogPluginManager: Mounting plugin MagicLeap
LogPluginManager: Mounting plugin MagicLeapMedia
LogPluginManager: Mounting plugin AndroidMedia
LogPluginManager: Mounting plugin AvfMedia
LogPluginManager: Mounting plugin ImgMedia
LogPluginManager: Mounting plugin LinearTimecode
LogPluginManager: Mounting plugin MediaCompositing
LogPluginManager: Mounting plugin MediaPlayerEditor
LogPluginManager: Mounting plugin WebMMedia
LogPluginManager: Mounting plugin WmfMedia
LogPluginManager: Mounting plugin TcpMessaging
LogPluginManager: Mounting plugin UdpMessaging
LogPluginManager: Mounting plugin ActorSequence
LogPluginManager: Mounting plugin LevelSequenceEditor
LogPluginManager: Mounting plugin MatineeToLevelSequence
LogPluginManager: Mounting plugin NetcodeUnitTest
LogPluginManager: Mounting plugin NUTUnrealEngine4
LogPluginManager: Mounting plugin OnlineSubsystemGooglePlay
LogPluginManager: Mounting plugin OnlineSubsystemIOS
LogPluginManager: Mounting plugin OnlineSubsystem
LogPluginManager: Mounting plugin OnlineSubsystemNull
LogPluginManager: Mounting plugin OnlineSubsystemUtils
LogPluginManager: Mounting plugin LauncherChunkInstaller
LogPluginManager: Mounting plugin AndroidDeviceProfileSelector
LogPluginManager: Mounting plugin AndroidMoviePlayer
LogPluginManager: Mounting plugin AndroidPermission
LogPluginManager: Mounting plugin AppleMoviePlayer
LogPluginManager: Mounting plugin ArchVisCharacter
LogPluginManager: Mounting plugin AudioCapture
LogPluginManager: Mounting plugin CableComponent
LogPluginManager: Mounting plugin CustomMeshComponent
LogPluginManager: Mounting plugin EditableMesh
LogPluginManager: Mounting plugin ExampleDeviceProfileSelector
LogPluginManager: Mounting plugin Firebase
LogPluginManager: Mounting plugin GoogleCloudMessaging
LogPluginManager: Mounting plugin IOSDeviceProfileSelector
LogPluginManager: Mounting plugin LinuxDeviceProfileSelector
LogPluginManager: Mounting plugin LocationServicesBPLibrary
LogPluginManager: Mounting plugin MobilePatchingUtils
LogPluginManager: Mounting plugin OculusVR
LogPluginManager: Mounting plugin PhysXVehicles
LogPluginManager: Mounting plugin ProceduralMeshComponent
LogPluginManager: Mounting plugin RuntimePhysXCooking
LogPluginManager: Mounting plugin SignificanceManager
LogPluginManager: Mounting plugin SteamVR
LogPluginManager: Mounting plugin WebMMoviePlayer
LogPluginManager: Mounting plugin WindowsMoviePlayer
LogPluginManager: Mounting plugin DatasmithCADImporter
LogPluginManager: Mounting plugin DatasmithDataPrepEditor
LogPluginManager: Mounting plugin DatasmithFBXImporter
LogPluginManager: Mounting plugin DatasmithGLTFImporter
LogPluginManager: Mounting plugin DatasmithImporter
LogPluginManager: Mounting plugin MDLImporter
LogPluginManager: Mounting plugin StaticMeshEditorExtension
LogPluginManager: Mounting plugin VariantManager
LogInit: Using libcurl 7.55.1-DEV
LogInit:  - built for x86_64-pc-win32
LogInit:  - supports SSL with OpenSSL/1.1.1
LogInit:  - supports HTTP deflate (compression) using libz 1.2.8
LogInit:  - other features:
LogInit:      CURL_VERSION_SSL
LogInit:      CURL_VERSION_LIBZ
LogInit:      CURL_VERSION_IPV6
LogInit:      CURL_VERSION_ASYNCHDNS
LogInit:      CURL_VERSION_LARGEFILE
LogInit:      CURL_VERSION_IDN
LogInit:  CurlRequestOptions (configurable via config and command line):
LogInit:  - bVerifyPeer = true  - Libcurl will verify peer certificate
LogInit:  - bUseHttpProxy = false  - Libcurl will NOT use HTTP proxy
LogInit:  - bDontReuseConnections = false  - Libcurl will reuse connections
LogInit:  - MaxHostConnections = 16  - Libcurl will limit the number of connections to a host
LogInit:  - LocalHostAddr = Default
LogInit:  - BufferSize = 65536
LogInit: WinSock: version 1.1 (2.2), MaxSocks=32767, MaxUdp=65467
LogHMD: Failed initializing OVRPlugin 1.32.0
LogInit: Build: ++UE4+Release-4.22-CL-7053642
LogInit: Engine Version: 4.22.3-7053642+++UE4+Release-4.22
LogInit: Compatible Engine Version: 4.22.0-5660361+++UE4+Release-4.22
LogInit: Net CL: 5660361
LogInit: OS: Windows 10 (Release 1903) (), CPU: Intel(R) Core(TM) i7-7700HQ CPU @ 2.80GHz, GPU: NVIDIA GeForce GTX 1070
LogInit: Compiled (64-bit): Jun 18 2019 03:09:11
LogInit: Compiled with Visual C++: 19.16.27025.01
LogInit: Build Configuration: Development
LogInit: Branch Name: ++UE4+Release-4.22
LogInit: Command Line:  -skipcompile
LogInit: Base Directory: D:/TheBestGame/UE_4.22/Engine/Binaries/Win64/
LogInit: Installed Engine Build: 1
LogDevObjectVersion: Number of dev versions registered: 23
LogDevObjectVersion:   Dev-Blueprints (B0D832E4-1F89-4F0D-ACCF-7EB736FD4AA2): 10
LogDevObjectVersion:   Dev-Build (E1C64328-A22C-4D53-A36C-8E866417BD8C): 0
LogDevObjectVersion:   Dev-Core (375EC13C-06E4-48FB-B500-84F0262A717E): 3
LogDevObjectVersion:   Dev-Editor (E4B068ED-F494-42E9-A231-DA0B2E46BB41): 30
LogDevObjectVersion:   Dev-Framework (CFFC743F-43B0-4480-9391-14DF171D2073): 35
LogDevObjectVersion:   Dev-Mobile (B02B49B5-BB20-44E9-A304-32B752E40360): 2
LogDevObjectVersion:   Dev-Networking (A4E4105C-59A1-49B5-A7C5-40C4547EDFEE): 0
LogDevObjectVersion:   Dev-Online (39C831C9-5AE6-47DC-9A44-9C173E1C8E7C): 0
LogDevObjectVersion:   Dev-Physics (78F01B33-EBEA-4F98-B9B4-84EACCB95AA2): 0
LogDevObjectVersion:   Dev-Platform (6631380F-2D4D-43E0-8009-CF276956A95A): 0
LogDevObjectVersion:   Dev-Rendering (12F88B9F-8875-4AFC-A67C-D90C383ABD29): 28
LogDevObjectVersion:   Dev-Sequencer (7B5AE74C-D270-4C10-A958-57980B212A5A): 11
LogDevObjectVersion:   Dev-VR (D7296918-1DD6-4BDD-9DE2-64A83CC13884): 2
LogDevObjectVersion:   Dev-LoadTimes (C2A15278-BFE7-4AFE-6C17-90FF531DF755): 1
LogDevObjectVersion:   Private-Geometry (6EACA3D4-40EC-4CC1-B786-8BED09428FC5): 3
LogDevObjectVersion:   Dev-AnimPhys (29E575DD-E0A3-4627-9D10-D276232CDCEA): 17
LogDevObjectVersion:   Dev-Anim (AF43A65D-7FD3-4947-9873-3E8ED9C1BB05): 2
LogDevObjectVersion:   Dev-ReflectionCapture (6B266CEC-1EC7-4B8F-A30B-E4D90942FC07): 1
LogDevObjectVersion:   Dev-Automation (0DF73D61-A23F-47EA-B727-89E90C41499A): 1
LogDevObjectVersion:   FortniteMain (601D1886-AC64-4F84-AA16-D3DE0DEAC7D6): 25
LogDevObjectVersion:   Dev-Enterprise (9DFFBCD6-494F-0158-E221-12823C92A888): 6
LogDevObjectVersion:   Dev-Niagara (F2AED0AC-9AFE-416F-8664-AA7FFA26D6FC): 1
LogDevObjectVersion:   Dev-Destruction (174F1F0B-B4C6-45A5-B13F-2EE8D0FB917D): 2
LogInit: Presizing for max 16777216 objects, including 0 objects not considered by GC, pre-allocating 0 bytes for permanent pool.
LogInit: Object subsystem initialized
LogConfig: Setting CVar [[con.DebugEarlyDefault:1]]
LogConfig: Setting CVar [[r.setres:1280x720]]
[2020.02.13-22.42.42:917][  0]LogConfig: Setting CVar [[r.VSync:0]]
[2020.02.13-22.42.42:917][  0]LogConfig: Setting CVar [[r.RHICmdBypass:0]]
[2020.02.13-22.42.42:917][  0]LogConfig: Applying CVar settings from Section [/Script/Engine.RendererSettings] File [C:/SeniorProject/PollutionProject/SeniorProject/Saved/Config/Windows/Engine.ini]
[2020.02.13-22.42.42:917][  0]LogConfig: Setting CVar [[r.GPUCrashDebugging:0]]
[2020.02.13-22.42.42:917][  0]LogConfig: Setting CVar [[r.DefaultFeature.AutoExposure.ExtendDefaultLuminanceRange:1]]
[2020.02.13-22.42.42:917][  0]LogConfig: Setting CVar [[r.GenerateMeshDistanceFields:1]]
[2020.02.13-22.42.42:917][  0]LogConfig: Applying CVar settings from Section [/Script/Engine.RendererOverrideSettings] File [C:/SeniorProject/PollutionProject/SeniorProject/Saved/Config/Windows/Engine.ini]
[2020.02.13-22.42.42:917][  0]LogConfig: Applying CVar settings from Section [/Script/Engine.StreamingSettings] File [C:/SeniorProject/PollutionProject/SeniorProject/Saved/Config/Windows/Engine.ini]
[2020.02.13-22.42.42:917][  0]LogConfig: Setting CVar [[s.MinBulkDataSizeForAsyncLoading:131072]]
[2020.02.13-22.42.42:917][  0]LogConfig: Setting CVar [[s.AsyncLoadingThreadEnabled:0]]
[2020.02.13-22.42.42:918][  0]LogConfig: Setting CVar [[s.EventDrivenLoaderEnabled:1]]
[2020.02.13-22.42.42:918][  0]LogConfig: Setting CVar [[s.WarnIfTimeLimitExceeded:0]]
[2020.02.13-22.42.42:918][  0]LogConfig: Setting CVar [[s.TimeLimitExceededMultiplier:1.5]]
[2020.02.13-22.42.42:918][  0]LogConfig: Setting CVar [[s.TimeLimitExceededMinTime:0.005]]
[2020.02.13-22.42.42:918][  0]LogConfig: Setting CVar [[s.UseBackgroundLevelStreaming:1]]
[2020.02.13-22.42.42:918][  0]LogConfig: Setting CVar [[s.PriorityAsyncLoadingExtraTime:15.0]]
[2020.02.13-22.42.42:918][  0]LogConfig: Setting CVar [[s.LevelStreamingActorsUpdateTimeLimit:5.0]]
[2020.02.13-22.42.42:918][  0]LogConfig: Setting CVar [[s.PriorityLevelStreamingActorsUpdateExtraTime:5.0]]
[2020.02.13-22.42.42:918][  0]LogConfig: Setting CVar [[s.LevelStreamingComponentsRegistrationGranularity:10]]
[2020.02.13-22.42.42:918][  0]LogConfig: Setting CVar [[s.UnregisterComponentsTimeLimit:1.0]]
[2020.02.13-22.42.42:919][  0]LogConfig: Setting CVar [[s.LevelStreamingComponentsUnregistrationGranularity:5]]
[2020.02.13-22.42.42:919][  0]LogConfig: Applying CVar settings from Section [/Script/Engine.GarbageCollectionSettings] File [C:/SeniorProject/PollutionProject/SeniorProject/Saved/Config/Windows/Engine.ini]
[2020.02.13-22.42.42:919][  0]LogConfig: Setting CVar [[gc.MaxObjectsNotConsideredByGC:1]]
[2020.02.13-22.42.42:919][  0]LogConfig: Setting CVar [[gc.SizeOfPermanentObjectPool:0]]
[2020.02.13-22.42.42:919][  0]LogConfig: Setting CVar [[gc.FlushStreamingOnGC:0]]
[2020.02.13-22.42.42:919][  0]LogConfig: Setting CVar [[gc.NumRetriesBeforeForcingGC:10]]
[2020.02.13-22.42.42:919][  0]LogConfig: Setting CVar [[gc.AllowParallelGC:1]]
[2020.02.13-22.42.42:919][  0]LogConfig: Setting CVar [[gc.TimeBetweenPurgingPendingKillObjects:61.1]]
[2020.02.13-22.42.42:919][  0]LogConfig: Setting CVar [[gc.MaxObjectsInEditor:16777216]]
[2020.02.13-22.42.42:920][  0]LogConfig: Setting CVar [[gc.IncrementalBeginDestroyEnabled:1]]
[2020.02.13-22.42.42:920][  0]LogConfig: Setting CVar [[gc.CreateGCClusters:1]]
[2020.02.13-22.42.42:920][  0]LogConfig: Setting CVar [[gc.MinGCClusterSize:5]]
[2020.02.13-22.42.42:920][  0]LogConfig: Setting CVar [[gc.ActorClusteringEnabled:0]]
[2020.02.13-22.42.42:920][  0]LogConfig: Setting CVar [[gc.BlueprintClusteringEnabled:0]]
[2020.02.13-22.42.42:920][  0]LogConfig: Setting CVar [[gc.UseDisregardForGCOnDedicatedServers:0]]
[2020.02.13-22.42.42:920][  0]LogConfig: Applying CVar settings from Section [/Script/Engine.NetworkSettings] File [C:/SeniorProject/PollutionProject/SeniorProject/Saved/Config/Windows/Engine.ini]
[2020.02.13-22.42.42:920][  0]LogConfig: Applying CVar settings from Section [/Script/UnrealEd.CookerSettings] File [C:/SeniorProject/PollutionProject/SeniorProject/Saved/Config/Windows/Engine.ini]
[2020.02.13-22.42.42:927][  0]LogConfig: Applying CVar settings from Section [ViewDistanceQuality@3] File [C:/SeniorProject/PollutionProject/SeniorProject/Saved/Config/Windows/Scalability.ini]
[2020.02.13-22.42.42:928][  0]LogConfig: Setting CVar [[r.SkeletalMeshLODBias:0]]
[2020.02.13-22.42.42:928][  0]LogConfig: Setting CVar [[r.ViewDistanceScale:1.0]]
[2020.02.13-22.42.42:928][  0]LogConfig: Applying CVar settings from Section [AntiAliasingQuality@3] File [C:/SeniorProject/PollutionProject/SeniorProject/Saved/Config/Windows/Scalability.ini]
[2020.02.13-22.42.42:928][  0]LogConfig: Setting CVar [[r.PostProcessAAQuality:4]]
[2020.02.13-22.42.42:928][  0]LogConfig: Applying CVar settings from Section [ShadowQuality@3] File [C:/SeniorProject/PollutionProject/SeniorProject/Saved/Config/Windows/Scalability.ini]
[2020.02.13-22.42.42:928][  0]LogConfig: Setting CVar [[r.LightFunctionQuality:1]]
[2020.02.13-22.42.42:928][  0]LogConfig: Setting CVar [[r.ShadowQuality:5]]
[2020.02.13-22.42.42:929][  0]LogConfig: Setting CVar [[r.Shadow.CSM.MaxCascades:10]]
[2020.02.13-22.42.42:929][  0]LogConfig: Setting CVar [[r.Shadow.MaxResolution:2048]]
[2020.02.13-22.42.42:929][  0]LogConfig: Setting CVar [[r.Shadow.MaxCSMResolution:2048]]
[2020.02.13-22.42.42:929][  0]LogConfig: Setting CVar [[r.Shadow.RadiusThreshold:0.01]]
[2020.02.13-22.42.42:929][  0]LogConfig: Setting CVar [[r.Shadow.DistanceScale:1.0]]
[2020.02.13-22.42.42:929][  0]LogConfig: Setting CVar [[r.Shadow.CSM.TransitionScale:1.0]]
[2020.02.13-22.42.42:929][  0]LogConfig: Setting CVar [[r.Shadow.PreShadowResolutionFactor:1.0]]
[2020.02.13-22.42.42:929][  0]LogConfig: Setting CVar [[r.DistanceFieldShadowing:1]]
[2020.02.13-22.42.42:930][  0]LogConfig: Setting CVar [[r.DistanceFieldAO:1]]
[2020.02.13-22.42.42:930][  0]LogConfig: Setting CVar [[r.AOQuality:2]]
[2020.02.13-22.42.42:930][  0]LogConfig: Setting CVar [[r.VolumetricFog:1]]
[2020.02.13-22.42.42:930][  0]LogConfig: Setting CVar [[r.VolumetricFog.GridPixelSize:8]]
[2020.02.13-22.42.42:930][  0]LogConfig: Setting CVar [[r.VolumetricFog.GridSizeZ:128]]
[2020.02.13-22.42.42:930][  0]LogConfig: Setting CVar [[r.VolumetricFog.HistoryMissSupersampleCount:4]]
[2020.02.13-22.42.42:930][  0]LogConfig: Setting CVar [[r.LightMaxDrawDistanceScale:1]]
[2020.02.13-22.42.42:930][  0]LogConfig: Setting CVar [[r.CapsuleShadows:1]]
[2020.02.13-22.42.42:930][  0]LogConfig: Applying CVar settings from Section [PostProcessQuality@3] File [C:/SeniorProject/PollutionProject/SeniorProject/Saved/Config/Windows/Scalability.ini]
[2020.02.13-22.42.42:930][  0]LogConfig: Setting CVar [[r.MotionBlurQuality:4]]
[2020.02.13-22.42.42:930][  0]LogConfig: Setting CVar [[r.AmbientOcclusionMipLevelFactor:0.4]]
[2020.02.13-22.42.42:930][  0]LogConfig: Setting CVar [[r.AmbientOcclusionMaxQuality:100]]
[2020.02.13-22.42.42:930][  0]LogConfig: Setting CVar [[r.AmbientOcclusionLevels:-1]]
[2020.02.13-22.42.42:930][  0]LogConfig: Setting CVar [[r.AmbientOcclusionRadiusScale:1.0]]
[2020.02.13-22.42.42:930][  0]LogConfig: Setting CVar [[r.DepthOfFieldQuality:2]]
[2020.02.13-22.42.42:931][  0]LogConfig: Setting CVar [[r.RenderTargetPoolMin:400]]
[2020.02.13-22.42.42:931][  0]LogConfig: Setting CVar [[r.LensFlareQuality:2]]
[2020.02.13-22.42.42:931][  0]LogConfig: Setting CVar [[r.SceneColorFringeQuality:1]]
[2020.02.13-22.42.42:931][  0]LogConfig: Setting CVar [[r.EyeAdaptationQuality:2]]
[2020.02.13-22.42.42:931][  0]LogConfig: Setting CVar [[r.BloomQuality:5]]
[2020.02.13-22.42.42:931][  0]LogConfig: Setting CVar [[r.FastBlurThreshold:100]]
[2020.02.13-22.42.42:931][  0]LogConfig: Setting CVar [[r.Upscale.Quality:3]]
[2020.02.13-22.42.42:931][  0]LogConfig: Setting CVar [[r.Tonemapper.GrainQuantization:1]]
[2020.02.13-22.42.42:931][  0]LogConfig: Setting CVar [[r.LightShaftQuality:1]]
[2020.02.13-22.42.42:931][  0]LogConfig: Setting CVar [[r.Filter.SizeScale:1]]
[2020.02.13-22.42.42:931][  0]LogConfig: Setting CVar [[r.Tonemapper.Quality:5]]
[2020.02.13-22.42.42:931][  0]LogConfig: Setting CVar [[r.DOF.Gather.AccumulatorQuality:1        ; higher gathering accumulator quality]]
[2020.02.13-22.42.42:931][  0]LogConfig: Setting CVar [[r.DOF.Gather.PostfilterMethod:1          ; Median3x3 postfilering method]]
[2020.02.13-22.42.42:931][  0]LogConfig: Setting CVar [[r.DOF.Gather.EnableBokehSettings:0       ; no bokeh simulation when gathering]]
[2020.02.13-22.42.42:931][  0]LogConfig: Setting CVar [[r.DOF.Gather.RingCount:4                 ; medium number of samples when gathering]]
[2020.02.13-22.42.42:932][  0]LogConfig: Setting CVar [[r.DOF.Scatter.ForegroundCompositing:1    ; additive foreground scattering]]
[2020.02.13-22.42.42:932][  0]LogConfig: Setting CVar [[r.DOF.Scatter.BackgroundCompositing:2    ; additive background scattering]]
[2020.02.13-22.42.42:932][  0]LogConfig: Setting CVar [[r.DOF.Scatter.EnableBokehSettings:1      ; bokeh simulation when scattering]]
[2020.02.13-22.42.42:932][  0]LogConfig: Setting CVar [[r.DOF.Scatter.MaxSpriteRatio:0.1         ; only a maximum of 10% of scattered bokeh]]
[2020.02.13-22.42.42:932][  0]LogConfig: Setting CVar [[r.DOF.Recombine.Quality:1                ; cheap slight out of focus]]
[2020.02.13-22.42.42:932][  0]LogConfig: Setting CVar [[r.DOF.Recombine.EnableBokehSettings:0    ; no bokeh simulation on slight out of focus]]
[2020.02.13-22.42.42:932][  0]LogConfig: Setting CVar [[r.DOF.TemporalAAQuality:1                ; more stable temporal accumulation]]
[2020.02.13-22.42.42:932][  0]LogConfig: Setting CVar [[r.DOF.Kernel.MaxForegroundRadius:0.025]]
[2020.02.13-22.42.42:932][  0]LogConfig: Setting CVar [[r.DOF.Kernel.MaxBackgroundRadius:0.025]]
[2020.02.13-22.42.42:932][  0]LogConfig: Applying CVar settings from Section [TextureQuality@3] File [C:/SeniorProject/PollutionProject/SeniorProject/Saved/Config/Windows/Scalability.ini]
[2020.02.13-22.42.42:932][  0]LogConfig: Setting CVar [[r.Streaming.MipBias:0]]
[2020.02.13-22.42.42:932][  0]LogConfig: Setting CVar [[r.Streaming.AmortizeCPUToGPUCopy:0]]
[2020.02.13-22.42.42:932][  0]LogConfig: Setting CVar [[r.Streaming.MaxNumTexturesToStreamPerFrame:0]]
[2020.02.13-22.42.42:932][  0]LogConfig: Setting CVar [[r.Streaming.Boost:1]]
[2020.02.13-22.42.42:932][  0]LogConfig: Setting CVar [[r.MaxAnisotropy:8]]
[2020.02.13-22.42.42:932][  0]LogConfig: Setting CVar [[r.Streaming.LimitPoolSizeToVRAM:0]]
[2020.02.13-22.42.42:932][  0]LogConfig: Setting CVar [[r.Streaming.PoolSize:1000]]
[2020.02.13-22.42.42:933][  0]LogConfig: Setting CVar [[r.Streaming.MaxEffectiveScreenSize:0]]
[2020.02.13-22.42.42:933][  0]LogConfig: Applying CVar settings from Section [EffectsQuality@3] File [C:/SeniorProject/PollutionProject/SeniorProject/Saved/Config/Windows/Scalability.ini]
[2020.02.13-22.42.42:933][  0]LogConfig: Setting CVar [[r.TranslucencyLightingVolumeDim:64]]
[2020.02.13-22.42.42:933][  0]LogConfig: Setting CVar [[r.RefractionQuality:2]]
[2020.02.13-22.42.42:933][  0]LogConfig: Setting CVar [[r.SSR.Quality:3]]
[2020.02.13-22.42.42:933][  0]LogConfig: Setting CVar [[r.SceneColorFormat:4]]
[2020.02.13-22.42.42:933][  0]LogConfig: Setting CVar [[r.DetailMode:2]]
[2020.02.13-22.42.42:933][  0]LogConfig: Setting CVar [[r.TranslucencyVolumeBlur:1]]
[2020.02.13-22.42.42:933][  0]LogConfig: Setting CVar [[r.MaterialQualityLevel:1 ; High quality]]
[2020.02.13-22.42.42:933][  0]LogConfig: Setting CVar [[r.SSS.Scale:1]]
[2020.02.13-22.42.42:933][  0]LogConfig: Setting CVar [[r.SSS.SampleSet:2]]
[2020.02.13-22.42.42:933][  0]LogConfig: Setting CVar [[r.SSS.Quality:1]]
[2020.02.13-22.42.42:933][  0]LogConfig: Setting CVar [[r.SSS.HalfRes:1]]
[2020.02.13-22.42.42:933][  0]LogConfig: Setting CVar [[r.EmitterSpawnRateScale:1.0]]
[2020.02.13-22.42.42:934][  0]LogConfig: Setting CVar [[r.ParticleLightQuality:2]]
[2020.02.13-22.42.42:934][  0]LogConfig: Applying CVar settings from Section [FoliageQuality@3] File [C:/SeniorProject/PollutionProject/SeniorProject/Saved/Config/Windows/Scalability.ini]
[2020.02.13-22.42.42:934][  0]LogConfig: Setting CVar [[foliage.DensityScale:1.0]]
[2020.02.13-22.42.42:934][  0]LogConfig: Setting CVar [[grass.DensityScale:1.0]]
[2020.02.13-22.42.42:934][  0]LogInit: Selected Device Profile: [Windows]
[2020.02.13-22.42.42:934][  0]LogInit: Applying CVar settings loaded from the selected device profile: [Windows]
[2020.02.13-22.42.42:948][  0]LogHAL: Display: Platform has ~ 16 GB [17130708992 / 17179869184 / 16], which maps to Larger [LargestMinGB=32, LargerMinGB=12, DefaultMinGB=8, SmallerMinGB=6, SmallestMinGB=0)
[2020.02.13-22.42.42:948][  0]LogConfig: Setting CVar [[r.Vulkan.UseRealUBs:0		; Required until we fix HLR fall-out]]
[2020.02.13-22.42.42:948][  0]LogInit: Going up to parent DeviceProfile []
[2020.02.13-22.42.42:949][  0]LogConfig: Applying CVar settings from Section [ViewDistanceQuality@3] File [C:/SeniorProject/PollutionProject/SeniorProject/Saved/Config/Windows/Scalability.ini]
[2020.02.13-22.42.42:949][  0]LogConfig: Setting CVar [[r.SkeletalMeshLODBias:0]]
[2020.02.13-22.42.42:949][  0]LogConfig: Setting CVar [[r.ViewDistanceScale:1.0]]
[2020.02.13-22.42.42:949][  0]LogConfig: Applying CVar settings from Section [AntiAliasingQuality@3] File [C:/SeniorProject/PollutionProject/SeniorProject/Saved/Config/Windows/Scalability.ini]
[2020.02.13-22.42.42:949][  0]LogConfig: Setting CVar [[r.PostProcessAAQuality:4]]
[2020.02.13-22.42.42:949][  0]LogConfig: Applying CVar settings from Section [ShadowQuality@3] File [C:/SeniorProject/PollutionProject/SeniorProject/Saved/Config/Windows/Scalability.ini]
[2020.02.13-22.42.42:949][  0]LogConfig: Setting CVar [[r.LightFunctionQuality:1]]
[2020.02.13-22.42.42:950][  0]LogConfig: Setting CVar [[r.ShadowQuality:5]]
[2020.02.13-22.42.42:950][  0]LogConfig: Setting CVar [[r.Shadow.CSM.MaxCascades:10]]
[2020.02.13-22.42.42:950][  0]LogConfig: Setting CVar [[r.Shadow.MaxResolution:2048]]
[2020.02.13-22.42.42:950][  0]LogConfig: Setting CVar [[r.Shadow.MaxCSMResolution:2048]]
[2020.02.13-22.42.42:950][  0]LogConfig: Setting CVar [[r.Shadow.RadiusThreshold:0.01]]
[2020.02.13-22.42.42:950][  0]LogConfig: Setting CVar [[r.Shadow.DistanceScale:1.0]]
[2020.02.13-22.42.42:950][  0]LogConfig: Setting CVar [[r.Shadow.CSM.TransitionScale:1.0]]
[2020.02.13-22.42.42:950][  0]LogConfig: Setting CVar [[r.Shadow.PreShadowResolutionFactor:1.0]]
[2020.02.13-22.42.42:950][  0]LogConfig: Setting CVar [[r.DistanceFieldShadowing:1]]
[2020.02.13-22.42.42:950][  0]LogConfig: Setting CVar [[r.DistanceFieldAO:1]]
[2020.02.13-22.42.42:950][  0]LogConfig: Setting CVar [[r.AOQuality:2]]
[2020.02.13-22.42.42:951][  0]LogConfig: Setting CVar [[r.VolumetricFog:1]]
[2020.02.13-22.42.42:951][  0]LogConfig: Setting CVar [[r.VolumetricFog.GridPixelSize:8]]
[2020.02.13-22.42.42:951][  0]LogConfig: Setting CVar [[r.VolumetricFog.GridSizeZ:128]]
[2020.02.13-22.42.42:951][  0]LogConfig: Setting CVar [[r.VolumetricFog.HistoryMissSupersampleCount:4]]
[2020.02.13-22.42.42:951][  0]LogConfig: Setting CVar [[r.LightMaxDrawDistanceScale:1]]
[2020.02.13-22.42.42:951][  0]LogConfig: Setting CVar [[r.CapsuleShadows:1]]
[2020.02.13-22.42.42:951][  0]LogConfig: Applying CVar settings from Section [PostProcessQuality@3] File [C:/SeniorProject/PollutionProject/SeniorProject/Saved/Config/Windows/Scalability.ini]
[2020.02.13-22.42.42:951][  0]LogConfig: Setting CVar [[r.MotionBlurQuality:4]]
[2020.02.13-22.42.42:951][  0]LogConfig: Setting CVar [[r.AmbientOcclusionMipLevelFactor:0.4]]
[2020.02.13-22.42.42:951][  0]LogConfig: Setting CVar [[r.AmbientOcclusionMaxQuality:100]]
[2020.02.13-22.42.42:951][  0]LogConfig: Setting CVar [[r.AmbientOcclusionLevels:-1]]
[2020.02.13-22.42.42:952][  0]LogConfig: Setting CVar [[r.AmbientOcclusionRadiusScale:1.0]]
[2020.02.13-22.42.42:952][  0]LogConfig: Setting CVar [[r.DepthOfFieldQuality:2]]
[2020.02.13-22.42.42:952][  0]LogConfig: Setting CVar [[r.RenderTargetPoolMin:400]]
[2020.02.13-22.42.42:952][  0]LogConfig: Setting CVar [[r.LensFlareQuality:2]]
[2020.02.13-22.42.42:952][  0]LogConfig: Setting CVar [[r.SceneColorFringeQuality:1]]
[2020.02.13-22.42.42:952][  0]LogConfig: Setting CVar [[r.EyeAdaptationQuality:2]]
[2020.02.13-22.42.42:952][  0]LogConfig: Setting CVar [[r.BloomQuality:5]]
[2020.02.13-22.42.42:952][  0]LogConfig: Setting CVar [[r.FastBlurThreshold:100]]
[2020.02.13-22.42.42:952][  0]LogConfig: Setting CVar [[r.Upscale.Quality:3]]
[2020.02.13-22.42.42:952][  0]LogConfig: Setting CVar [[r.Tonemapper.GrainQuantization:1]]
[2020.02.13-22.42.42:952][  0]LogConfig: Setting CVar [[r.LightShaftQuality:1]]
[2020.02.13-22.42.42:953][  0]LogConfig: Setting CVar [[r.Filter.SizeScale:1]]
[2020.02.13-22.42.42:953][  0]LogConfig: Setting CVar [[r.Tonemapper.Quality:5]]
[2020.02.13-22.42.42:953][  0]LogConfig: Setting CVar [[r.DOF.Gather.AccumulatorQuality:1        ; higher gathering accumulator quality]]
[2020.02.13-22.42.42:953][  0]LogConfig: Setting CVar [[r.DOF.Gather.PostfilterMethod:1          ; Median3x3 postfilering method]]
[2020.02.13-22.42.42:953][  0]LogConfig: Setting CVar [[r.DOF.Gather.EnableBokehSettings:0       ; no bokeh simulation when gathering]]
[2020.02.13-22.42.42:953][  0]LogConfig: Setting CVar [[r.DOF.Gather.RingCount:4                 ; medium number of samples when gathering]]
[2020.02.13-22.42.42:953][  0]LogConfig: Setting CVar [[r.DOF.Scatter.ForegroundCompositing:1    ; additive foreground scattering]]
[2020.02.13-22.42.42:953][  0]LogConfig: Setting CVar [[r.DOF.Scatter.BackgroundCompositing:2    ; additive background scattering]]
[2020.02.13-22.42.42:953][  0]LogConfig: Setting CVar [[r.DOF.Scatter.EnableBokehSettings:1      ; bokeh simulation when scattering]]
[2020.02.13-22.42.42:953][  0]LogConfig: Setting CVar [[r.DOF.Scatter.MaxSpriteRatio:0.1         ; only a maximum of 10% of scattered bokeh]]
[2020.02.13-22.42.42:953][  0]LogConfig: Setting CVar [[r.DOF.Recombine.Quality:1                ; cheap slight out of focus]]
[2020.02.13-22.42.42:953][  0]LogConfig: Setting CVar [[r.DOF.Recombine.EnableBokehSettings:0    ; no bokeh simulation on slight out of focus]]
[2020.02.13-22.42.42:953][  0]LogConfig: Setting CVar [[r.DOF.TemporalAAQuality:1                ; more stable temporal accumulation]]
[2020.02.13-22.42.42:953][  0]LogConfig: Setting CVar [[r.DOF.Kernel.MaxForegroundRadius:0.025]]
[2020.02.13-22.42.42:953][  0]LogConfig: Setting CVar [[r.DOF.Kernel.MaxBackgroundRadius:0.025]]
[2020.02.13-22.42.42:953][  0]LogConfig: Applying CVar settings from Section [TextureQuality@3] File [C:/SeniorProject/PollutionProject/SeniorProject/Saved/Config/Windows/Scalability.ini]
[2020.02.13-22.42.42:953][  0]LogConfig: Setting CVar [[r.Streaming.MipBias:0]]
[2020.02.13-22.42.42:953][  0]LogConfig: Setting CVar [[r.Streaming.AmortizeCPUToGPUCopy:0]]
[2020.02.13-22.42.42:953][  0]LogConfig: Setting CVar [[r.Streaming.MaxNumTexturesToStreamPerFrame:0]]
[2020.02.13-22.42.42:953][  0]LogConfig: Setting CVar [[r.Streaming.Boost:1]]
[2020.02.13-22.42.42:953][  0]LogConfig: Setting CVar [[r.MaxAnisotropy:8]]
[2020.02.13-22.42.42:953][  0]LogConfig: Setting CVar [[r.Streaming.LimitPoolSizeToVRAM:0]]
[2020.02.13-22.42.42:953][  0]LogConfig: Setting CVar [[r.Streaming.PoolSize:1000]]
[2020.02.13-22.42.42:954][  0]LogConfig: Setting CVar [[r.Streaming.MaxEffectiveScreenSize:0]]
[2020.02.13-22.42.42:954][  0]LogConfig: Applying CVar settings from Section [EffectsQuality@3] File [C:/SeniorProject/PollutionProject/SeniorProject/Saved/Config/Windows/Scalability.ini]
[2020.02.13-22.42.42:954][  0]LogConfig: Setting CVar [[r.TranslucencyLightingVolumeDim:64]]
[2020.02.13-22.42.42:954][  0]LogConfig: Setting CVar [[r.RefractionQuality:2]]
[2020.02.13-22.42.42:954][  0]LogConfig: Setting CVar [[r.SSR.Quality:3]]
[2020.02.13-22.42.42:954][  0]LogConfig: Setting CVar [[r.SceneColorFormat:4]]
[2020.02.13-22.42.42:954][  0]LogConfig: Setting CVar [[r.DetailMode:2]]
[2020.02.13-22.42.42:954][  0]LogConfig: Setting CVar [[r.TranslucencyVolumeBlur:1]]
[2020.02.13-22.42.42:954][  0]LogConfig: Setting CVar [[r.MaterialQualityLevel:1 ; High quality]]
[2020.02.13-22.42.42:954][  0]LogConfig: Setting CVar [[r.SSS.Scale:1]]
[2020.02.13-22.42.42:954][  0]LogConfig: Setting CVar [[r.SSS.SampleSet:2]]
[2020.02.13-22.42.42:954][  0]LogConfig: Setting CVar [[r.SSS.Quality:1]]
[2020.02.13-22.42.42:954][  0]LogConfig: Setting CVar [[r.SSS.HalfRes:1]]
[2020.02.13-22.42.42:955][  0]LogConfig: Setting CVar [[r.EmitterSpawnRateScale:1.0]]
[2020.02.13-22.42.42:955][  0]LogConfig: Setting CVar [[r.ParticleLightQuality:2]]
[2020.02.13-22.42.42:955][  0]LogConfig: Applying CVar settings from Section [FoliageQuality@3] File [C:/SeniorProject/PollutionProject/SeniorProject/Saved/Config/Windows/Scalability.ini]
[2020.02.13-22.42.42:955][  0]LogConfig: Setting CVar [[foliage.DensityScale:1.0]]
[2020.02.13-22.42.42:955][  0]LogConfig: Setting CVar [[grass.DensityScale:1.0]]
[2020.02.13-22.42.42:955][  0]LogConfig: Applying CVar settings from Section [Startup] File [../../../Engine/Config/ConsoleVariables.ini]
[2020.02.13-22.42.42:955][  0]LogConfig: Setting CVar [[net.UseAdaptiveNetUpdateFrequency:0]]
[2020.02.13-22.42.42:955][  0]LogConfig: Setting CVar [[p.chaos.AllowCreatePhysxBodies:1]]
[2020.02.13-22.42.42:955][  0]LogConfig: Applying CVar settings from Section [ConsoleVariables] File [C:/SeniorProject/PollutionProject/SeniorProject/Saved/Config/Windows/Engine.ini]
[2020.02.13-22.42.42:955][  0]LogInit: Computer: DESKTOP-L1LT82N
[2020.02.13-22.42.42:956][  0]LogInit: User: Greg
[2020.02.13-22.42.42:956][  0]LogInit: CPU Page size=4096, Cores=4
[2020.02.13-22.42.42:956][  0]LogInit: High frequency timer resolution =10.000000 MHz
[2020.02.13-22.42.42:956][  0]LogMemory: Memory total: Physical=16.0GB (16GB approx)
[2020.02.13-22.42.42:956][  0]LogMemory: Platform Memory Stats for Windows
[2020.02.13-22.42.42:956][  0]LogMemory: Process Physical Memory: 104.60 MB used, 104.61 MB peak
[2020.02.13-22.42.42:956][  0]LogMemory: Process Virtual Memory: 106.52 MB used, 106.52 MB peak
[2020.02.13-22.42.42:956][  0]LogMemory: Physical Memory: 11271.83 MB used,  5065.29 MB free, 16337.12 MB total
[2020.02.13-22.42.42:956][  0]LogMemory: Virtual Memory: 4676.29 MB used,  134213048.00 MB free, 134217728.00 MB total
[2020.02.13-22.42.43:971][  0]LogInit: Using OS detected language (en-US).
[2020.02.13-22.42.43:972][  0]LogInit: Using OS detected locale (en-US).
[2020.02.13-22.42.43:973][  0]LogTextLocalizationManager: No specific localization for 'en-US' exists, so the 'en' localization will be used.
[2020.02.13-22.42.44:164][  0]LogInit: Setting process to per monitor DPI aware
[2020.02.13-22.42.44:223][  0]LogSlate: New Slate User Created.  User Index 0, Is Virtual User: 0
[2020.02.13-22.42.44:224][  0]LogSlate: Slate User Registered.  User Index 0, Is Virtual User: 0
[2020.02.13-22.42.44:424][  0]LogHMD: Failed to initialize OpenVR with code 110
[2020.02.13-22.42.44:424][  0]LogD3D11RHI: D3D11 adapters:
[2020.02.13-22.42.44:505][  0]LogD3D11RHI:    0. 'NVIDIA GeForce GTX 1070' (Feature Level 11_0)
[2020.02.13-22.42.44:506][  0]LogD3D11RHI:       8089/0/8168 MB DedicatedVideo/DedicatedSystem/SharedSystem, Outputs:1, VendorId:0x10de
[2020.02.13-22.42.44:512][  0]LogD3D11RHI:    1. 'Microsoft Basic Render Driver' (Feature Level 11_0)
[2020.02.13-22.42.44:512][  0]LogD3D11RHI:       0/0/8168 MB DedicatedVideo/DedicatedSystem/SharedSystem, Outputs:0, VendorId:0x1414
[2020.02.13-22.42.44:512][  0]LogD3D11RHI: Chosen D3D11 Adapter: 0
[2020.02.13-22.42.44:523][  0]LogD3D11RHI: Creating new Direct3DDevice
[2020.02.13-22.42.44:523][  0]LogD3D11RHI:     GPU DeviceId: 0x1be1 (for the marketing name, search the web for "GPU Device Id")
[2020.02.13-22.42.44:523][  0]LogWindows: EnumDisplayDevices:
[2020.02.13-22.42.44:523][  0]LogWindows:    0. 'NVIDIA GeForce GTX 1070' (P:1 D:1)
[2020.02.13-22.42.44:524][  0]LogWindows:    1. 'NVIDIA GeForce GTX 1070' (P:0 D:0)
[2020.02.13-22.42.44:524][  0]LogWindows:    2. 'NVIDIA GeForce GTX 1070' (P:0 D:0)
[2020.02.13-22.42.44:525][  0]LogWindows:    3. 'NVIDIA GeForce GTX 1070' (P:0 D:0)
[2020.02.13-22.42.44:525][  0]LogWindows: DebugString: FoundDriverCount:4 
[2020.02.13-22.42.44:526][  0]LogD3D11RHI:     Adapter Name: NVIDIA GeForce GTX 1070
[2020.02.13-22.42.44:526][  0]LogD3D11RHI:   Driver Version: 388.57 (internal:23.21.13.8857, unified:388.57)
[2020.02.13-22.42.44:526][  0]LogD3D11RHI:      Driver Date: 12-4-2017
[2020.02.13-22.42.44:526][  0]LogRHI: Texture pool is 5662 MB (70% of 8089 MB)
[2020.02.13-22.42.44:576][  0]LogD3D11RHI: Async texture creation enabled
[2020.02.13-22.42.44:583][  0]LogRendererCore: FGlobalReadBuffer::InitRHI
[2020.02.13-22.42.44:583][  0]LogRendererCore: FGlobalReadBuffer::InitRHI
[2020.02.13-22.42.44:583][  0]LogRendererCore: FGlobalReadBuffer::InitRHI
[2020.02.13-22.42.44:594][  0]LogD3D11RHI: GPU Timing Frequency: 1000.000000 (Debug: 2 1)
[2020.02.13-22.42.45:256][  0]LogTemp: Display: Module 'AllDesktopTargetPlatform' loaded TargetPlatform 'AllDesktop'
[2020.02.13-22.42.45:271][  0]LogTemp: Display: Module 'MacClientTargetPlatform' loaded TargetPlatform 'MacClient'
[2020.02.13-22.42.45:286][  0]LogTemp: Display: Module 'MacNoEditorTargetPlatform' loaded TargetPlatform 'MacNoEditor'
[2020.02.13-22.42.45:303][  0]LogTemp: Display: Module 'MacServerTargetPlatform' loaded TargetPlatform 'MacServer'
[2020.02.13-22.42.45:319][  0]LogTemp: Display: Module 'MacTargetPlatform' loaded TargetPlatform 'Mac'
[2020.02.13-22.42.45:338][  0]LogTemp: Display: Module 'WindowsClientTargetPlatform' loaded TargetPlatform 'WindowsClient'
[2020.02.13-22.42.45:355][  0]LogTemp: Display: Module 'WindowsNoEditorTargetPlatform' loaded TargetPlatform 'WindowsNoEditor'
[2020.02.13-22.42.45:371][  0]LogTemp: Display: Module 'WindowsServerTargetPlatform' loaded TargetPlatform 'WindowsServer'
[2020.02.13-22.42.45:379][  0]LogTemp: Display: Module 'WindowsTargetPlatform' loaded TargetPlatform 'Windows'
[2020.02.13-22.42.45:471][  0]LogTemp: Display: Module 'AndroidTargetPlatform' loaded TargetPlatform 'Android'
[2020.02.13-22.42.45:472][  0]LogTemp: Display: Module 'AndroidTargetPlatform' loaded TargetPlatform 'Android_ASTC'
[2020.02.13-22.42.45:472][  0]LogTemp: Display: Module 'AndroidTargetPlatform' loaded TargetPlatform 'Android_ATC'
[2020.02.13-22.42.45:472][  0]LogTemp: Display: Module 'AndroidTargetPlatform' loaded TargetPlatform 'Android_DXT'
[2020.02.13-22.42.45:472][  0]LogTemp: Display: Module 'AndroidTargetPlatform' loaded TargetPlatform 'Android_ETC1'
[2020.02.13-22.42.45:472][  0]LogTemp: Display: Module 'AndroidTargetPlatform' loaded TargetPlatform 'Android_ETC1a'
[2020.02.13-22.42.45:472][  0]LogTemp: Display: Module 'AndroidTargetPlatform' loaded TargetPlatform 'Android_ETC2'
[2020.02.13-22.42.45:472][  0]LogTemp: Display: Module 'AndroidTargetPlatform' loaded TargetPlatform 'Android_PVRTC'
[2020.02.13-22.42.45:473][  0]LogTemp: Display: Module 'AndroidTargetPlatform' loaded TargetPlatform 'AndroidClient'
[2020.02.13-22.42.45:473][  0]LogTemp: Display: Module 'AndroidTargetPlatform' loaded TargetPlatform 'Android_ASTCClient'
[2020.02.13-22.42.45:473][  0]LogTemp: Display: Module 'AndroidTargetPlatform' loaded TargetPlatform 'Android_ATCClient'
[2020.02.13-22.42.45:473][  0]LogTemp: Display: Module 'AndroidTargetPlatform' loaded TargetPlatform 'Android_DXTClient'
[2020.02.13-22.42.45:473][  0]LogTemp: Display: Module 'AndroidTargetPlatform' loaded TargetPlatform 'Android_ETC1Client'
[2020.02.13-22.42.45:473][  0]LogTemp: Display: Module 'AndroidTargetPlatform' loaded TargetPlatform 'Android_ETC1aClient'
[2020.02.13-22.42.45:473][  0]LogTemp: Display: Module 'AndroidTargetPlatform' loaded TargetPlatform 'Android_ETC2Client'
[2020.02.13-22.42.45:474][  0]LogTemp: Display: Module 'AndroidTargetPlatform' loaded TargetPlatform 'Android_PVRTCClient'
[2020.02.13-22.42.45:474][  0]LogTemp: Display: Module 'AndroidTargetPlatform' loaded TargetPlatform 'Android_Multi'
[2020.02.13-22.42.45:474][  0]LogTemp: Display: Module 'AndroidTargetPlatform' loaded TargetPlatform 'Android_MultiClient'
[2020.02.13-22.42.45:479][  0]LogTemp: Display: Module 'HTML5TargetPlatform' loaded TargetPlatform 'HTML5'
[2020.02.13-22.42.45:537][  0]LogTemp: Display: Module 'IOSTargetPlatform' loaded TargetPlatform 'IOSClient'
[2020.02.13-22.42.45:537][  0]LogTemp: Display: Module 'IOSTargetPlatform' loaded TargetPlatform 'IOS'
[2020.02.13-22.42.45:571][  0]LogTemp: Display: Module 'TVOSTargetPlatform' loaded TargetPlatform 'TVOSClient'
[2020.02.13-22.42.45:572][  0]LogTemp: Display: Module 'TVOSTargetPlatform' loaded TargetPlatform 'TVOS'
[2020.02.13-22.42.45:586][  0]LogTemp: Display: Module 'LinuxClientTargetPlatform' loaded TargetPlatform 'LinuxClient'
[2020.02.13-22.42.45:603][  0]LogTemp: Display: Module 'LinuxNoEditorTargetPlatform' loaded TargetPlatform 'LinuxNoEditor'
[2020.02.13-22.42.45:618][  0]LogTemp: Display: Module 'LinuxServerTargetPlatform' loaded TargetPlatform 'LinuxServer'
[2020.02.13-22.42.45:638][  0]LogTemp: Display: Module 'LinuxTargetPlatform' loaded TargetPlatform 'Linux'
[2020.02.13-22.42.45:687][  0]LogTemp: Display: Module 'LuminTargetPlatform' loaded TargetPlatform 'Lumin'
[2020.02.13-22.42.45:687][  0]LogTemp: Display: Module 'LuminTargetPlatform' loaded TargetPlatform 'LuminClient'
[2020.02.13-22.42.45:687][  0]LogTargetPlatformManager: Display: Building Assets For Windows
[2020.02.13-22.42.45:704][  0]LogAudioDebug: Display: Lib vorbis DLL was dynamically loaded.
[2020.02.13-22.42.45:784][  0]LogShaderCompilers: Guid format shader working directory is -3 characters bigger than the processId version (C:/SeniorProject/PollutionProject/SeniorProject/Intermediate/Shaders/WorkingDirectory/23336/).
[2020.02.13-22.42.45:784][  0]LogShaderCompilers: Cleaned the shader compiler working directory 'C:/Users/Greg/AppData/Local/Temp/UnrealShaderWorkingDir/D0654F4E42F8D9C2F7269C945DF60F82/'.
[2020.02.13-22.42.45:786][  0]LogXGEController: Cannot use XGE Controller as Incredibuild is not installed on this machine.
[2020.02.13-22.42.45:786][  0]LogShaderCompilers: Cannot use XGE Shader Compiler as Incredibuild is not installed on this machine.
[2020.02.13-22.42.45:786][  0]LogShaderCompilers: Display: Using Local Shader Compiler.
[2020.02.13-22.42.46:398][  0]LogDerivedDataCache: Display: Max Cache Size: 512 MB
[2020.02.13-22.42.46:450][  0]LogDerivedDataCache: Loaded boot cache 0.05s 73MB C:/Users/Greg/AppData/Local/UnrealEngine/4.22/DerivedDataCache/Boot.ddc.
[2020.02.13-22.42.46:450][  0]LogDerivedDataCache: Display: Loaded Boot cache: C:/Users/Greg/AppData/Local/UnrealEngine/4.22/DerivedDataCache/Boot.ddc
[2020.02.13-22.42.46:451][  0]LogDerivedDataCache: FDerivedDataBackendGraph:  Pak pak cache file C:/SeniorProject/PollutionProject/SeniorProject/DerivedDataCache/DDC.ddp not found, will not use a pak cache.
[2020.02.13-22.42.46:451][  0]LogDerivedDataCache: Unable to find inner node Pak for hierarchical cache Hierarchy.
[2020.02.13-22.42.46:451][  0]LogDerivedDataCache: FDerivedDataBackendGraph:  CompressedPak pak cache file C:/SeniorProject/PollutionProject/SeniorProject/DerivedDataCache/Compressed.ddp not found, will not use a pak cache.
[2020.02.13-22.42.46:451][  0]LogDerivedDataCache: Unable to find inner node CompressedPak for hierarchical cache Hierarchy.
[2020.02.13-22.42.46:466][  0]LogDerivedDataCache: Display: Pak cache opened for reading ../../../Engine/DerivedDataCache/Compressed.ddp.
[2020.02.13-22.42.46:469][  0]LogDerivedDataCache: Display: Pak cache opened for reading ../../../Enterprise/DerivedDataCache/Compressed.ddp.
[2020.02.13-22.42.46:484][  0]LogDerivedDataCache: Using Local data cache path C:/Users/Greg/AppData/Local/UnrealEngine/Common/DerivedDataCache: Writable
[2020.02.13-22.42.46:485][  0]LogDerivedDataCache: Shared data cache path not found in *engine.ini, will not use an Shared cache.
[2020.02.13-22.42.46:485][  0]LogDerivedDataCache: Unable to find inner node Shared for hierarchical cache Hierarchy.
[2020.02.13-22.42.46:508][  0]LogMaterial: Verifying Global Shaders for PCD3D_SM5
[2020.02.13-22.42.46:509][  0]LogSlate: Using FreeType 2.6.0
[2020.02.13-22.42.46:510][  0]LogSlate: SlateFontServices - WITH_FREETYPE: 1, WITH_HARFBUZZ: 1
[2020.02.13-22.42.46:607][  0]LogAssetRegistry: FAssetRegistry took 0.0373 seconds to start up
[2020.02.13-22.42.46:963][  0]LogInit: Selected Device Profile: [Windows]
[2020.02.13-22.42.47:125][  0]LogMeshReduction: Using QuadricMeshReduction for automatic static mesh reduction
[2020.02.13-22.42.47:125][  0]LogMeshReduction: Using SimplygonMeshReduction for automatic skeletal mesh reduction
[2020.02.13-22.42.47:125][  0]LogMeshReduction: Using ProxyLODMeshReduction for automatic mesh merging
[2020.02.13-22.42.47:126][  0]LogMeshReduction: No distributed automatic mesh merging module available
[2020.02.13-22.42.47:126][  0]LogMeshMerging: No distributed automatic mesh merging module available
[2020.02.13-22.42.47:139][  0]LogNetVersion: SeniorProject 1.0.0, NetCL: 5660361, EngineNetVer: 10, GameNetVer: 0 (Checksum: 993350713)
[2020.02.13-22.42.47:689][  0]LogPackageLocalizationCache: Processed 16 localized package path(s) for 1 prioritized culture(s) in 0.083882 seconds
[2020.02.13-22.42.47:696][  0]LogUObjectArray: 42205 objects as part of root set at end of initial load.
[2020.02.13-22.42.47:696][  0]LogUObjectAllocator: 7325032 out of 0 bytes used by permanent object pool.
[2020.02.13-22.42.47:696][  0]LogUObjectArray: CloseDisregardForGC: 0/0 objects in disregard for GC pool
[2020.02.13-22.42.48:681][  0]LogTcpMessaging: Initializing TcpMessaging bridge
[2020.02.13-22.42.48:699][  0]LogUdpMessaging: Initializing bridge on interface 0.0.0.0:0 to multicast group 230.0.0.1:6666.
[2020.02.13-22.42.48:929][  0]LogOutputDevice: Error: Ensure condition failed: AttachmentRules.LocationRule == EAttachmentRule::KeepRelative && AttachmentRules.RotationRule == EAttachmentRule::KeepRelative && AttachmentRules.ScaleRule == EAttachmentRule::KeepRelative [File:D:\Build\++UE4\Sync\Engine\Source\Runtime\Engine\Private\Components\SceneComponent.cpp] [Line: 1786] 
AttachToComponent when called from a constructor is only setting up attachment and will always be treated as KeepRelative. Consider calling SetupAttachment directly instead.

[2020.02.13-22.42.48:929][  0]LogStats:             FDebug::EnsureFailed -  0.000 s
[2020.02.13-22.43.31:324][  0]SourceControl: Source control is disabled
[2020.02.13-22.43.32:032][  0]LogAndroidPermission: UAndroidPermissionCallbackProxy::GetInstance
[2020.02.13-22.43.32:238][  0]LogOcInput: OculusInput pre-init called
[2020.02.13-22.43.35:393][  0]LogEngine: Initializing Engine...
[2020.02.13-22.43.35:395][  0]LogHMD: Failed to initialize OpenVR with code 110
[2020.02.13-22.43.35:397][  0]LogStats: UGameplayTagsManager::InitializeManager -  0.000 s
[2020.02.13-22.43.35:624][  0]LogInit: Initializing FReadOnlyCVARCache
[2020.02.13-22.43.35:640][  0]LogAIModule: Creating AISystem for world Untitled
[2020.02.13-22.43.35:800][  0]LogInit: XAudio2 using 'Headphones (Bose AE2 SoundLink Stereo)' : 2 channels at 44.1 kHz using 16 bits per sample (channel mask 0x3)
[2020.02.13-22.43.35:835][  0]LogInit: FAudioDevice initialized.
[2020.02.13-22.43.35:835][  0]LogNetVersion: Set ProjectVersion to 1.0.0.0. Version Checksum will be recalculated on next use.
[2020.02.13-22.43.36:027][  0]LogDerivedDataCache: Saved boot cache 0.19s 73MB C:/Users/Greg/AppData/Local/UnrealEngine/4.22/DerivedDataCache/Boot.ddc.
[2020.02.13-22.43.36:039][  0]LogInit: Texture streaming: Enabled
[2020.02.13-22.43.36:066][  0]LogEngineSessionManager: EngineSessionManager initialized
[2020.02.13-22.43.36:066][  0]LogEngineSessionManager: EngineSessionManager sent abnormal shutdown report. Type=Debugger, SessionId={E235C6E7-4E71-4578-1A6E-278402EB637D}
[2020.02.13-22.43.36:082][  0]LogInit: Transaction tracking system initialized
[2020.02.13-22.43.36:109][  0]BlueprintLog: New page: Editor Load
[2020.02.13-22.43.36:220][  0]LocalizationService: Localization service is disabled
[2020.02.13-22.43.36:594][  0]LogCook: Display: Max memory allowance for cook 16384mb min free memory 0mb
[2020.02.13-22.43.36:594][  0]LogCook: Display: Mobile HDR setting 1
[2020.02.13-22.43.36:960][  0]LogFileCache: Scanning file cache for directory 'C:/SeniorProject/PollutionProject/SeniorProject/Content/' took 0.04s
[2020.02.13-22.43.38:212][  0]Cmd: MAP LOAD FILE="C:/SeniorProject/PollutionProject/SeniorProject/Content/Levels/GreyBoxLVL4.umap" TEMPLATE=0 SHOWPROGRESS=1 FEATURELEVEL=3
[2020.02.13-22.43.38:213][  0]LightingResults: New page: Lighting Build
[2020.02.13-22.43.38:215][  0]MapCheck: New page: Map Check
[2020.02.13-22.43.38:215][  0]LightingResults: New page: Lighting Build
[2020.02.13-22.43.38:242][  0]LogUObjectHash: Compacting FUObjectHashTables data took   1.62ms
[2020.02.13-22.43.41:910][  0]LogAIModule: Creating AISystem for world GreyBoxLVL4
[2020.02.13-22.43.43:341][  0]LogEditorServer: Finished looking for orphan Actors (0.000 secs)
[2020.02.13-22.43.43:458][  0]LogUObjectHash: Compacting FUObjectHashTables data took   4.94ms
[2020.02.13-22.43.43:458][  0]Cmd: MAP CHECKDEP NOCLEARLOG
[2020.02.13-22.43.43:459][  0]MapCheck: Map check complete: 0 Error(s), 0 Warning(s), took 0.602ms to complete.
[2020.02.13-22.43.43:459][  0]LogFileHelpers: Loading map 'GreyBoxLVL4' took 5.247
[2020.02.13-22.43.43:651][  0]LogSlate: Updating window title bar state: overlay mode, drag disabled, window buttons hidden, title bar hidden
[2020.02.13-22.43.43:660][  0]LogSlate: Updating window title bar state: overlay mode, drag disabled, window buttons hidden, title bar hidden
[2020.02.13-22.43.43:670][  0]LogSlate: Updating window title bar state: overlay mode, drag disabled, window buttons hidden, title bar hidden
[2020.02.13-22.43.43:679][  0]LogSlate: Updating window title bar state: overlay mode, drag disabled, window buttons hidden, title bar hidden
[2020.02.13-22.43.43:685][  0]LogCollectionManager: Loaded 0 collections in 0.001021 seconds
[2020.02.13-22.43.43:723][  0]LogFileCache: Scanning file cache for directory 'C:/SeniorProject/PollutionProject/SeniorProject/Saved/Collections/' took 0.02s
[2020.02.13-22.43.43:723][  0]LogFileCache: Scanning file cache for directory 'C:/SeniorProject/PollutionProject/SeniorProject/Content/Developers/Greg/Collections/' took 0.00s
[2020.02.13-22.43.43:724][  0]LogFileCache: Scanning file cache for directory 'C:/SeniorProject/PollutionProject/SeniorProject/Content/Collections/' took 0.02s
[2020.02.13-22.43.43:724][  0]LogCollectionManager: Rebuilt the GUID cache for 0 collections in 0.000000 seconds
[2020.02.13-22.43.43:735][  0]LogContentBrowser: Native class hierarchy populated in 0.0115 seconds. Added 2875 classes and 729 folders.
[2020.02.13-22.43.43:743][  0]LogContentBrowser: Native class hierarchy updated for 'WidgetCarousel' in 0.0004 seconds. Added 0 classes and 0 folders.
[2020.02.13-22.43.43:745][  0]LogPakFile: Registered encryption key '00000000000000000000000000000000': 0 pak files mounted, 0 remain pending
[2020.02.13-22.43.43:746][  0]LogPakFile: Registered encryption key '00000000000000000000000000000000': 0 pak files mounted, 0 remain pending
[2020.02.13-22.43.43:746][  0]LogPakFile: Registered encryption key '00000000000000000000000000000000': 0 pak files mounted, 0 remain pending
[2020.02.13-22.43.43:747][  0]LogPakFile: Registered encryption key '00000000000000000000000000000000': 0 pak files mounted, 0 remain pending
[2020.02.13-22.43.43:748][  0]LogPakFile: Registered encryption key '00000000000000000000000000000000': 0 pak files mounted, 0 remain pending
[2020.02.13-22.43.43:749][  0]LogPakFile: Registered encryption key '00000000000000000000000000000000': 0 pak files mounted, 0 remain pending
[2020.02.13-22.43.43:749][  0]LogPakFile: Registered encryption key '00000000000000000000000000000000': 0 pak files mounted, 0 remain pending
[2020.02.13-22.43.43:750][  0]LogPakFile: Registered encryption key '00000000000000000000000000000000': 0 pak files mounted, 0 remain pending
[2020.02.13-22.43.43:751][  0]LogPakFile: Registered encryption key '00000000000000000000000000000000': 0 pak files mounted, 0 remain pending
[2020.02.13-22.43.43:751][  0]LogPakFile: Registered encryption key '00000000000000000000000000000000': 0 pak files mounted, 0 remain pending
[2020.02.13-22.43.43:752][  0]LogPakFile: Registered encryption key '00000000000000000000000000000000': 0 pak files mounted, 0 remain pending
[2020.02.13-22.43.43:752][  0]LogPakFile: Registered encryption key '00000000000000000000000000000000': 0 pak files mounted, 0 remain pending
[2020.02.13-22.43.43:753][  0]LogPakFile: Registered encryption key '00000000000000000000000000000000': 0 pak files mounted, 0 remain pending
[2020.02.13-22.43.43:754][  0]LogPakFile: Registered encryption key '00000000000000000000000000000000': 0 pak files mounted, 0 remain pending
[2020.02.13-22.43.43:755][  0]LogPakFile: Registered encryption key '00000000000000000000000000000000': 0 pak files mounted, 0 remain pending
[2020.02.13-22.43.43:756][  0]LogPakFile: Registered encryption key '00000000000000000000000000000000': 0 pak files mounted, 0 remain pending
[2020.02.13-22.43.43:757][  0]LogPakFile: Registered encryption key '00000000000000000000000000000000': 0 pak files mounted, 0 remain pending
[2020.02.13-22.43.43:758][  0]LogPakFile: Registered encryption key '00000000000000000000000000000000': 0 pak files mounted, 0 remain pending
[2020.02.13-22.43.43:759][  0]LogPakFile: Registered encryption key '00000000000000000000000000000000': 0 pak files mounted, 0 remain pending
[2020.02.13-22.43.43:760][  0]LogPakFile: Registered encryption key '00000000000000000000000000000000': 0 pak files mounted, 0 remain pending
[2020.02.13-22.43.43:761][  0]LogPakFile: Registered encryption key '00000000000000000000000000000000': 0 pak files mounted, 0 remain pending
[2020.02.13-22.43.43:761][  0]LogPakFile: Registered encryption key '00000000000000000000000000000000': 0 pak files mounted, 0 remain pending
[2020.02.13-22.43.43:762][  0]LogPakFile: Registered encryption key '00000000000000000000000000000000': 0 pak files mounted, 0 remain pending
[2020.02.13-22.43.43:764][  0]LogPakFile: Registered encryption key '00000000000000000000000000000000': 0 pak files mounted, 0 remain pending
[2020.02.13-22.43.43:764][  0]LogPakFile: Registered encryption key '00000000000000000000000000000000': 0 pak files mounted, 0 remain pending
[2020.02.13-22.43.43:766][  0]LogPakFile: Registered encryption key '00000000000000000000000000000000': 0 pak files mounted, 0 remain pending
[2020.02.13-22.43.43:766][  0]LogPakFile: Registered encryption key '00000000000000000000000000000000': 0 pak files mounted, 0 remain pending
[2020.02.13-22.43.43:767][  0]LogPakFile: Registered encryption key '00000000000000000000000000000000': 0 pak files mounted, 0 remain pending
[2020.02.13-22.43.43:800][  0]LogContentBrowser: Native class hierarchy updated for 'AddContentDialog' in 0.0005 seconds. Added 0 classes and 0 folders.
[2020.02.13-22.43.43:805][  0]LogContentBrowser: Native class hierarchy updated for 'SceneOutliner' in 0.0006 seconds. Added 1 classes and 0 folders.
[2020.02.13-22.43.43:835][  0]LogSlate: Took 0.000196 seconds to synchronously load lazily loaded font '../../../Engine/Content/Slate/Fonts/Roboto-Regular.ttf' (155K)
[2020.02.13-22.43.43:838][  0]LogSlate: Took 0.000169 seconds to synchronously load lazily loaded font '../../../Engine/Content/Slate/Fonts/Roboto-Bold.ttf' (160K)
[2020.02.13-22.43.43:846][  0]LogSlate: Took 0.000240 seconds to synchronously load lazily loaded font '../../../Engine/Content/Editor/Slate/Fonts/FontAwesome.ttf' (139K)
[2020.02.13-22.43.43:917][  0]LogRenderer: Reallocating scene render targets to support 968x312 Format 10 NumSamples 1 (Frame:1).
[2020.02.13-22.43.44:061][  0]LogStaticMesh: Allocated 512x384x64 distance field atlas = 24.0Mb, with 148 objects containing 20.6Mb backing data
[2020.02.13-22.43.44:267][  0]LogSlate: Took 0.000202 seconds to synchronously load lazily loaded font '../../../Engine/Content/Slate/Fonts/Roboto-Light.ttf' (167K)
[2020.02.13-22.43.44:610][  0]LogContentBrowser: Native class hierarchy updated for 'HierarchicalLODOutliner' in 0.0006 seconds. Added 0 classes and 0 folders.
[2020.02.13-22.43.44:611][  0]LogLoad: (Engine Initialization) Total time: 64.36 seconds
[2020.02.13-22.43.44:611][  0]LogLoad: (Engine Initialization) Total Blueprint compile time: 0.00 seconds
[2020.02.13-22.43.44:732][  0]LogContentStreaming: Texture pool size now 1000 MB
[2020.02.13-22.43.44:905][  1]LogAssetRegistry: Asset discovery search completed in 58.3238 seconds
[2020.02.13-22.43.44:908][  1]LogCollectionManager: Rebuilt the object cache for 0 collections in 0.000000 seconds (found 0 objects)
[2020.02.13-22.43.44:908][  1]LogCollectionManager: Fixed up redirectors for 0 collections in 0.000168 seconds (updated 0 objects)
[2020.02.13-22.43.47:163][ 81]LogSlate: FSceneViewport::OnFocusLost() reason 0
[2020.02.13-22.43.47:229][ 85]LogSlate: Window 'Message Log' being destroyed
[2020.02.13-22.43.47:234][ 85]LogSlate: Window 'Message Log' being destroyed
[2020.02.13-22.43.48:890][184]LogSlate: FSceneViewport::OnFocusLost() reason 0
[2020.02.13-22.43.49:864][232]LogFileCache: Retrieving MD5 hashes for directory 'C:/SeniorProject/PollutionProject/SeniorProject/Content/' took 5.21s
[2020.02.13-22.44.08:546][295]LogSlate: Took 0.000223 seconds to synchronously load lazily loaded font '../../../Engine/Content/Slate/Fonts/Roboto-Italic.ttf' (157K)
[2020.02.13-22.44.09:240][331]LogSlate: Window 'Details' being destroyed
[2020.02.13-22.44.09:246][331]LogSlate: Window 'Details' being destroyed
[2020.02.13-22.44.10:000][373]LogTemp: Repeating last play command: Selected Viewport
[2020.02.13-22.44.10:028][373]LogBlueprintUserMessages: Early PlayInEditor Detection: Level '/Game/Levels/GreyBoxLVL4.GreyBoxLVL4:PersistentLevel' has LevelScriptBlueprint '/Game/Levels/GreyBoxLVL4.GreyBoxLVL4:PersistentLevel.GreyBoxLVL4' with GeneratedClass '/Game/Levels/GreyBoxLVL4.GreyBoxLVL4_C' with ClassGeneratedBy '/Game/Levels/GreyBoxLVL4.GreyBoxLVL4:PersistentLevel.GreyBoxLVL4'
[2020.02.13-22.44.10:029][373]LogPlayLevel: PlayLevel: No blueprints needed recompiling
[2020.02.13-22.44.10:029][373]PIE: New page: PIE session: GreyBoxLVL4 (Feb 13, 2020, 12:44:10 PM)
[2020.02.13-22.44.10:047][373]LogPlayLevel: Creating play world package: /Game/Levels/UEDPIE_0_GreyBoxLVL4
[2020.02.13-22.44.10:625][373]LogPlayLevel: PIE: StaticDuplicateObject took: (0.576442s)
[2020.02.13-22.44.10:626][373]LogAIModule: Creating AISystem for world GreyBoxLVL4
[2020.02.13-22.44.10:626][373]LogPlayLevel: PIE: World Init took: (0.001115s)
[2020.02.13-22.44.10:627][373]LogPlayLevel: PIE: Created PIE world by copying editor world from /Game/Levels/GreyBoxLVL4.GreyBoxLVL4 to /Game/Levels/UEDPIE_0_GreyBoxLVL4.GreyBoxLVL4 (0.579163s)
[2020.02.13-22.44.10:655][373]LogUObjectHash: Compacting FUObjectHashTables data took   2.28ms
[2020.02.13-22.44.10:710][373]LogInit: XAudio2 using 'Headphones (Bose AE2 SoundLink Stereo)' : 2 channels at 44.1 kHz using 16 bits per sample (channel mask 0x3)
[2020.02.13-22.44.10:735][373]LogInit: FAudioDevice initialized.
[2020.02.13-22.44.10:815][373]LogLoad: Game class is 'FirstPersonGameMode_C'
[2020.02.13-22.44.11:003][373]LogWorld: Bringing World /Game/Levels/UEDPIE_0_GreyBoxLVL4.GreyBoxLVL4 up for play (max tick rate 60) at 2020.02.13-17.44.11
[2020.02.13-22.44.11:048][373]LogWorld: Bringing up level for play took: 0.231378
[2020.02.13-22.44.11:072][373]LogContentBrowser: Native class hierarchy updated for 'MovieSceneCapture' in 0.0009 seconds. Added 20 classes and 0 folders.
[2020.02.13-22.44.11:073][373]LogScript: Warning: Script Msg: Attempted to access index 0 from array 'CallFunc_GetAllActorsOfClass_OutActors' of length 0 in '/Game/BP/Log.Log_C:ExecuteUbergraph_Log'!
[2020.02.13-22.44.11:074][373]LogScript: Warning: Script Msg: Attempted to access index 0 from array 'CallFunc_GetAllActorsOfClass_OutActors' of length 0 in '/Game/FinishStopper.FinishStopper_C:ExecuteUbergraph_FinishStopper'!
[2020.02.13-22.44.11:074][373]LogScript: Warning: Script Msg: Attempted to access index 0 from array 'CallFunc_GetAllActorsOfClass_OutActors' of length 0 in '/Game/BP/Checkpoint.Checkpoint_C:ExecuteUbergraph_Checkpoint'!
[2020.02.13-22.44.11:074][373]LogScript: Warning: Script Msg: Attempted to access index 0 from array 'CallFunc_GetAllActorsOfClass_OutActors' of length 0 in '/Game/BP/Checkpoint.Checkpoint_C:ExecuteUbergraph_Checkpoint'!
[2020.02.13-22.44.11:074][373]LogScript: Warning: Script Msg: Attempted to access index 0 from array 'CallFunc_GetAllActorsOfClass_OutActors' of length 0 in '/Game/BP/OutroTrigger.OutroTrigger_C:ExecuteUbergraph_OutroTrigger'!
[2020.02.13-22.44.11:075][373]LogScript: Warning: Script Msg: Attempted to access index 0 from array 'CallFunc_GetAllActorsOfClass_OutActors' of length 0 in '/Game/BP/InteractiveLog.InteractiveLog_C:ExecuteUbergraph_InteractiveLog'!
[2020.02.13-22.44.11:075][373]LogScript: Warning: Script Msg: Attempted to access index 0 from array 'CallFunc_GetAllActorsOfClass_OutActors' of length 0 in '/Game/BP/Respawn.Respawn_C:ExecuteUbergraph_Respawn'!
[2020.02.13-22.44.11:075][373]LogScript: Warning: Script Msg: Attempted to access index 0 from array 'CallFunc_GetAllActorsOfClass_OutActors' of length 0 in '/Game/BP/Respawn.Respawn_C:ExecuteUbergraph_Respawn'!
[2020.02.13-22.44.11:079][373]PIE: Play in editor start time for /Game/Levels/UEDPIE_0_GreyBoxLVL4 1.988
[2020.02.13-22.44.11:080][373]LogBlueprintUserMessages: Late PlayInEditor Detection: Level '/Game/Levels/GreyBoxLVL4.GreyBoxLVL4:PersistentLevel' has LevelScriptBlueprint '/Game/Levels/GreyBoxLVL4.GreyBoxLVL4:PersistentLevel.GreyBoxLVL4' with GeneratedClass '/Game/Levels/GreyBoxLVL4.GreyBoxLVL4_C' with ClassGeneratedBy '/Game/Levels/GreyBoxLVL4.GreyBoxLVL4:PersistentLevel.GreyBoxLVL4'
[2020.02.13-22.45.23:686][815]LogSlate: FSceneViewport::OnFocusLost() reason 2
[2020.02.13-22.46.33:293][923]LogSlate: FSceneViewport::OnFocusLost() reason 2
[2020.02.13-22.46.36:808][129]LogSlate: FSceneViewport::OnFocusLost() reason 2
[2020.02.13-22.46.44:228][556]LogSlate: FSceneViewport::OnFocusLost() reason 2
[2020.02.13-22.46.44:653][581]LogUnrealEdMisc: Warning: Heartbeat event firing too frequently (12.324 sec). This should never happen. Something is wrong with the timer delegate!
[2020.02.13-22.46.45:691][641]LogSlate: FSceneViewport::OnFocusLost() reason 2
[2020.02.13-22.46.57:425][298]LogSlate: FSceneViewport::OnFocusLost() reason 0
[2020.02.13-22.47.07:702][888]LogSlate: FSceneViewport::OnFocusLost() reason 0
[2020.02.13-22.47.14:278][274]LogSlate: FSceneViewport::OnFocusLost() reason 2
[2020.02.13-22.47.53:885][696]LogBlueprintUserMessages: Early EndPlayMap Detection: Level '/Game/Levels/GreyBoxLVL4.GreyBoxLVL4:PersistentLevel' has LevelScriptBlueprint '/Game/Levels/GreyBoxLVL4.GreyBoxLVL4:PersistentLevel.GreyBoxLVL4' with GeneratedClass '/Game/Levels/GreyBoxLVL4.GreyBoxLVL4_C' with ClassGeneratedBy '/Game/Levels/GreyBoxLVL4.GreyBoxLVL4:PersistentLevel.GreyBoxLVL4'
[2020.02.13-22.47.53:912][696]LogSlate: Updating window title bar state: overlay mode, drag disabled, window buttons hidden, title bar hidden
[2020.02.13-22.47.54:025][696]LogPlayLevel: Display: Shutting down PIE online subsystems
[2020.02.13-22.47.54:026][696]LogBlueprintUserMessages: Late EndPlayMap Detection: Level '/Game/Levels/GreyBoxLVL4.GreyBoxLVL4:PersistentLevel' has LevelScriptBlueprint '/Game/Levels/GreyBoxLVL4.GreyBoxLVL4:PersistentLevel.GreyBoxLVL4' with GeneratedClass '/Game/Levels/GreyBoxLVL4.GreyBoxLVL4_C' with ClassGeneratedBy '/Game/Levels/GreyBoxLVL4.GreyBoxLVL4:PersistentLevel.GreyBoxLVL4'
[2020.02.13-22.47.54:079][696]LogSlate: Updating window title bar state: overlay mode, drag disabled, window buttons hidden, title bar hidden
[2020.02.13-22.47.54:130][696]LogUObjectHash: Compacting FUObjectHashTables data took   3.63ms
[2020.02.13-22.47.54:173][697]LogPlayLevel: Display: Destroying online subsystem :Context_4
[2020.02.13-22.48.04:154][ 72]LogSlate: FSceneViewport::OnFocusLost() reason 2
[2020.02.13-22.48.04:260][ 72]LogSlate: Took 0.000171 seconds to synchronously load lazily loaded font '../../../Engine/Content/Slate/Fonts/Roboto-Light.ttf' (167K)
[2020.02.13-22.48.04:264][ 72]LogSlate: FSceneViewport::OnFocusLost() reason 2
[2020.02.13-22.48.04:275][ 72]Cmd: OBJ SAVEPACKAGE PACKAGE="/Game/Levels/GreyBoxLVL4" FILE="C:/SeniorProject/PollutionProject/SeniorProject/Content/Levels/GreyBoxLVL4.umap" SILENT=true AUTOSAVING=false KEEPDIRTY=false
[2020.02.13-22.48.04:307][ 72]LogUObjectHash: Compacting FUObjectHashTables data took   0.91ms
