Log file open, 01/04/20 13:36:27
LogWindows: Failed to load 'aqProf.dll' (GetLastError=126)
LogWindows: File 'aqProf.dll' does not exist
LogWindows: Failed to load 'VtuneApi.dll' (GetLastError=126)
LogWindows: File 'VtuneApi.dll' does not exist
LogWindows: Failed to load 'VtuneApi32e.dll' (GetLastError=126)
LogWindows: File 'VtuneApi32e.dll' does not exist
LogConsoleResponse: Display: Failed to find resolution value strings in scalability ini. Falling back to default.
LogInit: Display: Running engine for game: SeniorProject
LogPakFile: Registered encryption key '00000000000000000000000000000000': 0 pak files mounted, 0 remain pending
LogPlatformFile: Not using cached read wrapper
LogTaskGraph: Started task graph with 5 named threads and 23 total threads with 3 sets of task threads.
LogStats: Stats thread started at 0.412831
LogD3D11RHI: Loaded GFSDK_Aftermath_Lib.x64.dll
LogICUInternationalization: ICU TimeZone Detection - Raw Offset: -5:00, Platform Override: ''
LogPluginManager: Mounting plugin Paper2D
LogPluginManager: Mounting plugin AISupport
LogPluginManager: Mounting plugin LightPropagationVolume
LogPluginManager: Mounting plugin ActorLayerUtilities
LogPluginManager: Mounting plugin AnimationSharing
LogPluginManager: Mounting plugin CLionSourceCodeAccess
LogPluginManager: Mounting plugin CodeLiteSourceCodeAccess
LogPluginManager: Mounting plugin GitSourceControl
LogPluginManager: Mounting plugin KDevelopSourceCodeAccess
LogPluginManager: Mounting plugin NullSourceCodeAccess
LogPluginManager: Mounting plugin PerforceSourceControl
LogPluginManager: Mounting plugin SubversionSourceControl
LogPluginManager: Mounting plugin UObjectPlugin
LogPluginManager: Mounting plugin VisualStudioCodeSourceCodeAccess
LogPluginManager: Mounting plugin VisualStudioSourceCodeAccess
LogPluginManager: Mounting plugin XCodeSourceCodeAccess
LogPluginManager: Mounting plugin AssetManagerEditor
LogPluginManager: Mounting plugin CryptoKeys
LogPluginManager: Mounting plugin DataValidation
LogPluginManager: Mounting plugin EditorScriptingUtilities
LogPluginManager: Mounting plugin FacialAnimation
LogPluginManager: Mounting plugin GameplayTagsEditor
LogPluginManager: Mounting plugin GLTFImporter
LogPluginManager: Mounting plugin MacGraphicsSwitching
LogPluginManager: Mounting plugin MaterialAnalyzer
LogPluginManager: Mounting plugin MeshEditor
LogPluginManager: Mounting plugin MobileLauncherProfileWizard
LogPluginManager: Mounting plugin PluginBrowser
LogPluginManager: Mounting plugin SpeedTreeImporter
LogPluginManager: Mounting plugin DatasmithContent
LogPluginManager: Mounting plugin VariantManagerContent
LogPluginManager: Mounting plugin AlembicImporter
LogPluginManager: Mounting plugin AppleImageUtils
LogPluginManager: Mounting plugin AppleVision
LogPluginManager: Mounting plugin BackChannel
LogPluginManager: Mounting plugin BlastPlugin
LogPluginManager: Mounting plugin ChaosSolverPlugin
LogPluginManager: Mounting plugin CharacterAI
LogPluginManager: Mounting plugin GeometryCache
LogPluginManager: Mounting plugin GeometryCollectionPlugin
LogPluginManager: Mounting plugin HTML5Networking
LogPluginManager: Mounting plugin ProxyLODPlugin
LogPluginManager: Mounting plugin SkeletalReduction
LogPluginManager: Mounting plugin MagicLeap
LogPluginManager: Mounting plugin MagicLeapMedia
LogPluginManager: Mounting plugin AndroidMedia
LogPluginManager: Mounting plugin AvfMedia
LogPluginManager: Mounting plugin ImgMedia
LogPluginManager: Mounting plugin LinearTimecode
LogPluginManager: Mounting plugin MediaCompositing
LogPluginManager: Mounting plugin MediaPlayerEditor
LogPluginManager: Mounting plugin WebMMedia
LogPluginManager: Mounting plugin WmfMedia
LogPluginManager: Mounting plugin TcpMessaging
LogPluginManager: Mounting plugin UdpMessaging
LogPluginManager: Mounting plugin ActorSequence
LogPluginManager: Mounting plugin LevelSequenceEditor
LogPluginManager: Mounting plugin MatineeToLevelSequence
LogPluginManager: Mounting plugin NetcodeUnitTest
LogPluginManager: Mounting plugin NUTUnrealEngine4
LogPluginManager: Mounting plugin OnlineSubsystemGooglePlay
LogPluginManager: Mounting plugin OnlineSubsystemIOS
LogPluginManager: Mounting plugin OnlineSubsystem
LogPluginManager: Mounting plugin OnlineSubsystemNull
LogPluginManager: Mounting plugin OnlineSubsystemUtils
LogPluginManager: Mounting plugin LauncherChunkInstaller
LogPluginManager: Mounting plugin AndroidDeviceProfileSelector
LogPluginManager: Mounting plugin AndroidMoviePlayer
LogPluginManager: Mounting plugin AndroidPermission
LogPluginManager: Mounting plugin AppleMoviePlayer
LogPluginManager: Mounting plugin ArchVisCharacter
LogPluginManager: Mounting plugin AudioCapture
LogPluginManager: Mounting plugin CableComponent
LogPluginManager: Mounting plugin CustomMeshComponent
LogPluginManager: Mounting plugin EditableMesh
LogPluginManager: Mounting plugin ExampleDeviceProfileSelector
LogPluginManager: Mounting plugin Firebase
LogPluginManager: Mounting plugin GoogleCloudMessaging
LogPluginManager: Mounting plugin IOSDeviceProfileSelector
LogPluginManager: Mounting plugin LinuxDeviceProfileSelector
LogPluginManager: Mounting plugin LocationServicesBPLibrary
LogPluginManager: Mounting plugin MobilePatchingUtils
LogPluginManager: Mounting plugin OculusVR
LogPluginManager: Mounting plugin PhysXVehicles
LogPluginManager: Mounting plugin ProceduralMeshComponent
LogPluginManager: Mounting plugin RuntimePhysXCooking
LogPluginManager: Mounting plugin SignificanceManager
LogPluginManager: Mounting plugin SteamVR
LogPluginManager: Mounting plugin WebMMoviePlayer
LogPluginManager: Mounting plugin WindowsMoviePlayer
LogPluginManager: Mounting plugin DatasmithCADImporter
LogPluginManager: Mounting plugin DatasmithDataPrepEditor
LogPluginManager: Mounting plugin DatasmithFBXImporter
LogPluginManager: Mounting plugin DatasmithGLTFImporter
LogPluginManager: Mounting plugin DatasmithImporter
LogPluginManager: Mounting plugin MDLImporter
LogPluginManager: Mounting plugin StaticMeshEditorExtension
LogPluginManager: Mounting plugin VariantManager
LogInit: Using libcurl 7.55.1-DEV
LogInit:  - built for x86_64-pc-win32
LogInit:  - supports SSL with OpenSSL/1.1.1
LogInit:  - supports HTTP deflate (compression) using libz 1.2.8
LogInit:  - other features:
LogInit:      CURL_VERSION_SSL
LogInit:      CURL_VERSION_LIBZ
LogInit:      CURL_VERSION_IPV6
LogInit:      CURL_VERSION_ASYNCHDNS
LogInit:      CURL_VERSION_LARGEFILE
LogInit:      CURL_VERSION_IDN
LogInit:  CurlRequestOptions (configurable via config and command line):
LogInit:  - bVerifyPeer = true  - Libcurl will verify peer certificate
LogInit:  - bUseHttpProxy = false  - Libcurl will NOT use HTTP proxy
LogInit:  - bDontReuseConnections = false  - Libcurl will reuse connections
LogInit:  - MaxHostConnections = 16  - Libcurl will limit the number of connections to a host
LogInit:  - LocalHostAddr = Default
LogInit:  - BufferSize = 65536
LogInit: WinSock: version 1.1 (2.2), MaxSocks=32767, MaxUdp=65467
LogHMD: Failed initializing OVRPlugin 1.32.0
LogInit: Build: ++UE4+Release-4.22-CL-7053642
LogInit: Engine Version: 4.22.3-7053642+++UE4+Release-4.22
LogInit: Compatible Engine Version: 4.22.0-5660361+++UE4+Release-4.22
LogInit: Net CL: 5660361
LogInit: OS: Windows 10 (Release 1903) (), CPU: Intel(R) Core(TM) i7-6700K CPU @ 4.00GHz, GPU: NVIDIA GeForce RTX 2080
LogInit: Compiled (64-bit): Jun 18 2019 03:09:11
LogInit: Compiled with Visual C++: 19.16.27025.01
LogInit: Build Configuration: Development
LogInit: Branch Name: ++UE4+Release-4.22
LogInit: Command Line:  -skipcompile
LogInit: Base Directory: C:/Program Files/Epic Games/UE_4.22/Engine/Binaries/Win64/
LogInit: Installed Engine Build: 1
LogDevObjectVersion: Number of dev versions registered: 23
LogDevObjectVersion:   Dev-Blueprints (B0D832E4-1F89-4F0D-ACCF-7EB736FD4AA2): 10
LogDevObjectVersion:   Dev-Build (E1C64328-A22C-4D53-A36C-8E866417BD8C): 0
LogDevObjectVersion:   Dev-Core (375EC13C-06E4-48FB-B500-84F0262A717E): 3
LogDevObjectVersion:   Dev-Editor (E4B068ED-F494-42E9-A231-DA0B2E46BB41): 30
LogDevObjectVersion:   Dev-Framework (CFFC743F-43B0-4480-9391-14DF171D2073): 35
LogDevObjectVersion:   Dev-Mobile (B02B49B5-BB20-44E9-A304-32B752E40360): 2
LogDevObjectVersion:   Dev-Networking (A4E4105C-59A1-49B5-A7C5-40C4547EDFEE): 0
LogDevObjectVersion:   Dev-Online (39C831C9-5AE6-47DC-9A44-9C173E1C8E7C): 0
LogDevObjectVersion:   Dev-Physics (78F01B33-EBEA-4F98-B9B4-84EACCB95AA2): 0
LogDevObjectVersion:   Dev-Platform (6631380F-2D4D-43E0-8009-CF276956A95A): 0
LogDevObjectVersion:   Dev-Rendering (12F88B9F-8875-4AFC-A67C-D90C383ABD29): 28
LogDevObjectVersion:   Dev-Sequencer (7B5AE74C-D270-4C10-A958-57980B212A5A): 11
LogDevObjectVersion:   Dev-VR (D7296918-1DD6-4BDD-9DE2-64A83CC13884): 2
LogDevObjectVersion:   Dev-LoadTimes (C2A15278-BFE7-4AFE-6C17-90FF531DF755): 1
LogDevObjectVersion:   Private-Geometry (6EACA3D4-40EC-4CC1-B786-8BED09428FC5): 3
LogDevObjectVersion:   Dev-AnimPhys (29E575DD-E0A3-4627-9D10-D276232CDCEA): 17
LogDevObjectVersion:   Dev-Anim (AF43A65D-7FD3-4947-9873-3E8ED9C1BB05): 2
LogDevObjectVersion:   Dev-ReflectionCapture (6B266CEC-1EC7-4B8F-A30B-E4D90942FC07): 1
LogDevObjectVersion:   Dev-Automation (0DF73D61-A23F-47EA-B727-89E90C41499A): 1
LogDevObjectVersion:   FortniteMain (601D1886-AC64-4F84-AA16-D3DE0DEAC7D6): 25
LogDevObjectVersion:   Dev-Enterprise (9DFFBCD6-494F-0158-E221-12823C92A888): 6
LogDevObjectVersion:   Dev-Niagara (F2AED0AC-9AFE-416F-8664-AA7FFA26D6FC): 1
LogDevObjectVersion:   Dev-Destruction (174F1F0B-B4C6-45A5-B13F-2EE8D0FB917D): 2
LogInit: Presizing for max 16777216 objects, including 0 objects not considered by GC, pre-allocating 0 bytes for permanent pool.
LogInit: Object subsystem initialized
LogConfig: Setting CVar [[con.DebugEarlyDefault:1]]
LogConfig: Setting CVar [[r.setres:1280x720]]
[2020.01.04-18.36.29:172][  0]LogConfig: Setting CVar [[r.VSync:0]]
[2020.01.04-18.36.29:172][  0]LogConfig: Setting CVar [[r.RHICmdBypass:0]]
[2020.01.04-18.36.29:172][  0]LogConfig: Applying CVar settings from Section [/Script/Engine.RendererSettings] File [E:/SeniorProject/PollutionProject/SeniorProject/Saved/Config/Windows/Engine.ini]
[2020.01.04-18.36.29:172][  0]LogConfig: Setting CVar [[r.GPUCrashDebugging:0]]
[2020.01.04-18.36.29:173][  0]LogConfig: Setting CVar [[r.DefaultFeature.AutoExposure.ExtendDefaultLuminanceRange:1]]
[2020.01.04-18.36.29:173][  0]LogConfig: Setting CVar [[r.GenerateMeshDistanceFields:1]]
[2020.01.04-18.36.29:173][  0]LogConfig: Applying CVar settings from Section [/Script/Engine.RendererOverrideSettings] File [E:/SeniorProject/PollutionProject/SeniorProject/Saved/Config/Windows/Engine.ini]
[2020.01.04-18.36.29:173][  0]LogConfig: Applying CVar settings from Section [/Script/Engine.StreamingSettings] File [E:/SeniorProject/PollutionProject/SeniorProject/Saved/Config/Windows/Engine.ini]
[2020.01.04-18.36.29:173][  0]LogConfig: Setting CVar [[s.MinBulkDataSizeForAsyncLoading:131072]]
[2020.01.04-18.36.29:173][  0]LogConfig: Setting CVar [[s.AsyncLoadingThreadEnabled:0]]
[2020.01.04-18.36.29:173][  0]LogConfig: Setting CVar [[s.EventDrivenLoaderEnabled:1]]
[2020.01.04-18.36.29:173][  0]LogConfig: Setting CVar [[s.WarnIfTimeLimitExceeded:0]]
[2020.01.04-18.36.29:173][  0]LogConfig: Setting CVar [[s.TimeLimitExceededMultiplier:1.5]]
[2020.01.04-18.36.29:173][  0]LogConfig: Setting CVar [[s.TimeLimitExceededMinTime:0.005]]
[2020.01.04-18.36.29:173][  0]LogConfig: Setting CVar [[s.UseBackgroundLevelStreaming:1]]
[2020.01.04-18.36.29:174][  0]LogConfig: Setting CVar [[s.PriorityAsyncLoadingExtraTime:15.0]]
[2020.01.04-18.36.29:174][  0]LogConfig: Setting CVar [[s.LevelStreamingActorsUpdateTimeLimit:5.0]]
[2020.01.04-18.36.29:174][  0]LogConfig: Setting CVar [[s.PriorityLevelStreamingActorsUpdateExtraTime:5.0]]
[2020.01.04-18.36.29:174][  0]LogConfig: Setting CVar [[s.LevelStreamingComponentsRegistrationGranularity:10]]
[2020.01.04-18.36.29:174][  0]LogConfig: Setting CVar [[s.UnregisterComponentsTimeLimit:1.0]]
[2020.01.04-18.36.29:174][  0]LogConfig: Setting CVar [[s.LevelStreamingComponentsUnregistrationGranularity:5]]
[2020.01.04-18.36.29:174][  0]LogConfig: Applying CVar settings from Section [/Script/Engine.GarbageCollectionSettings] File [E:/SeniorProject/PollutionProject/SeniorProject/Saved/Config/Windows/Engine.ini]
[2020.01.04-18.36.29:174][  0]LogConfig: Setting CVar [[gc.MaxObjectsNotConsideredByGC:1]]
[2020.01.04-18.36.29:174][  0]LogConfig: Setting CVar [[gc.SizeOfPermanentObjectPool:0]]
[2020.01.04-18.36.29:174][  0]LogConfig: Setting CVar [[gc.FlushStreamingOnGC:0]]
[2020.01.04-18.36.29:174][  0]LogConfig: Setting CVar [[gc.NumRetriesBeforeForcingGC:10]]
[2020.01.04-18.36.29:174][  0]LogConfig: Setting CVar [[gc.AllowParallelGC:1]]
[2020.01.04-18.36.29:174][  0]LogConfig: Setting CVar [[gc.TimeBetweenPurgingPendingKillObjects:61.1]]
[2020.01.04-18.36.29:174][  0]LogConfig: Setting CVar [[gc.MaxObjectsInEditor:16777216]]
[2020.01.04-18.36.29:174][  0]LogConfig: Setting CVar [[gc.IncrementalBeginDestroyEnabled:1]]
[2020.01.04-18.36.29:174][  0]LogConfig: Setting CVar [[gc.CreateGCClusters:1]]
[2020.01.04-18.36.29:174][  0]LogConfig: Setting CVar [[gc.MinGCClusterSize:5]]
[2020.01.04-18.36.29:174][  0]LogConfig: Setting CVar [[gc.ActorClusteringEnabled:0]]
[2020.01.04-18.36.29:175][  0]LogConfig: Setting CVar [[gc.BlueprintClusteringEnabled:0]]
[2020.01.04-18.36.29:175][  0]LogConfig: Setting CVar [[gc.UseDisregardForGCOnDedicatedServers:0]]
[2020.01.04-18.36.29:175][  0]LogConfig: Applying CVar settings from Section [/Script/Engine.NetworkSettings] File [E:/SeniorProject/PollutionProject/SeniorProject/Saved/Config/Windows/Engine.ini]
[2020.01.04-18.36.29:175][  0]LogConfig: Applying CVar settings from Section [/Script/UnrealEd.CookerSettings] File [E:/SeniorProject/PollutionProject/SeniorProject/Saved/Config/Windows/Engine.ini]
[2020.01.04-18.36.29:203][  0]LogConfig: Applying CVar settings from Section [ViewDistanceQuality@3] File [E:/SeniorProject/PollutionProject/SeniorProject/Saved/Config/Windows/Scalability.ini]
[2020.01.04-18.36.29:203][  0]LogConfig: Setting CVar [[r.SkeletalMeshLODBias:0]]
[2020.01.04-18.36.29:203][  0]LogConfig: Setting CVar [[r.ViewDistanceScale:1.0]]
[2020.01.04-18.36.29:204][  0]LogConfig: Applying CVar settings from Section [AntiAliasingQuality@3] File [E:/SeniorProject/PollutionProject/SeniorProject/Saved/Config/Windows/Scalability.ini]
[2020.01.04-18.36.29:204][  0]LogConfig: Setting CVar [[r.PostProcessAAQuality:4]]
[2020.01.04-18.36.29:204][  0]LogConfig: Applying CVar settings from Section [ShadowQuality@3] File [E:/SeniorProject/PollutionProject/SeniorProject/Saved/Config/Windows/Scalability.ini]
[2020.01.04-18.36.29:204][  0]LogConfig: Setting CVar [[r.LightFunctionQuality:1]]
[2020.01.04-18.36.29:204][  0]LogConfig: Setting CVar [[r.ShadowQuality:5]]
[2020.01.04-18.36.29:204][  0]LogConfig: Setting CVar [[r.Shadow.CSM.MaxCascades:10]]
[2020.01.04-18.36.29:204][  0]LogConfig: Setting CVar [[r.Shadow.MaxResolution:2048]]
[2020.01.04-18.36.29:204][  0]LogConfig: Setting CVar [[r.Shadow.MaxCSMResolution:2048]]
[2020.01.04-18.36.29:204][  0]LogConfig: Setting CVar [[r.Shadow.RadiusThreshold:0.01]]
[2020.01.04-18.36.29:204][  0]LogConfig: Setting CVar [[r.Shadow.DistanceScale:1.0]]
[2020.01.04-18.36.29:204][  0]LogConfig: Setting CVar [[r.Shadow.CSM.TransitionScale:1.0]]
[2020.01.04-18.36.29:205][  0]LogConfig: Setting CVar [[r.Shadow.PreShadowResolutionFactor:1.0]]
[2020.01.04-18.36.29:205][  0]LogConfig: Setting CVar [[r.DistanceFieldShadowing:1]]
[2020.01.04-18.36.29:205][  0]LogConfig: Setting CVar [[r.DistanceFieldAO:1]]
[2020.01.04-18.36.29:205][  0]LogConfig: Setting CVar [[r.AOQuality:2]]
[2020.01.04-18.36.29:205][  0]LogConfig: Setting CVar [[r.VolumetricFog:1]]
[2020.01.04-18.36.29:205][  0]LogConfig: Setting CVar [[r.VolumetricFog.GridPixelSize:8]]
[2020.01.04-18.36.29:205][  0]LogConfig: Setting CVar [[r.VolumetricFog.GridSizeZ:128]]
[2020.01.04-18.36.29:205][  0]LogConfig: Setting CVar [[r.VolumetricFog.HistoryMissSupersampleCount:4]]
[2020.01.04-18.36.29:205][  0]LogConfig: Setting CVar [[r.LightMaxDrawDistanceScale:1]]
[2020.01.04-18.36.29:205][  0]LogConfig: Setting CVar [[r.CapsuleShadows:1]]
[2020.01.04-18.36.29:205][  0]LogConfig: Applying CVar settings from Section [PostProcessQuality@3] File [E:/SeniorProject/PollutionProject/SeniorProject/Saved/Config/Windows/Scalability.ini]
[2020.01.04-18.36.29:205][  0]LogConfig: Setting CVar [[r.MotionBlurQuality:4]]
[2020.01.04-18.36.29:205][  0]LogConfig: Setting CVar [[r.AmbientOcclusionMipLevelFactor:0.4]]
[2020.01.04-18.36.29:205][  0]LogConfig: Setting CVar [[r.AmbientOcclusionMaxQuality:100]]
[2020.01.04-18.36.29:205][  0]LogConfig: Setting CVar [[r.AmbientOcclusionLevels:-1]]
[2020.01.04-18.36.29:205][  0]LogConfig: Setting CVar [[r.AmbientOcclusionRadiusScale:1.0]]
[2020.01.04-18.36.29:205][  0]LogConfig: Setting CVar [[r.DepthOfFieldQuality:2]]
[2020.01.04-18.36.29:205][  0]LogConfig: Setting CVar [[r.RenderTargetPoolMin:400]]
[2020.01.04-18.36.29:205][  0]LogConfig: Setting CVar [[r.LensFlareQuality:2]]
[2020.01.04-18.36.29:206][  0]LogConfig: Setting CVar [[r.SceneColorFringeQuality:1]]
[2020.01.04-18.36.29:206][  0]LogConfig: Setting CVar [[r.EyeAdaptationQuality:2]]
[2020.01.04-18.36.29:206][  0]LogConfig: Setting CVar [[r.BloomQuality:5]]
[2020.01.04-18.36.29:206][  0]LogConfig: Setting CVar [[r.FastBlurThreshold:100]]
[2020.01.04-18.36.29:206][  0]LogConfig: Setting CVar [[r.Upscale.Quality:3]]
[2020.01.04-18.36.29:206][  0]LogConfig: Setting CVar [[r.Tonemapper.GrainQuantization:1]]
[2020.01.04-18.36.29:206][  0]LogConfig: Setting CVar [[r.LightShaftQuality:1]]
[2020.01.04-18.36.29:206][  0]LogConfig: Setting CVar [[r.Filter.SizeScale:1]]
[2020.01.04-18.36.29:206][  0]LogConfig: Setting CVar [[r.Tonemapper.Quality:5]]
[2020.01.04-18.36.29:206][  0]LogConfig: Setting CVar [[r.DOF.Gather.AccumulatorQuality:1        ; higher gathering accumulator quality]]
[2020.01.04-18.36.29:206][  0]LogConfig: Setting CVar [[r.DOF.Gather.PostfilterMethod:1          ; Median3x3 postfilering method]]
[2020.01.04-18.36.29:206][  0]LogConfig: Setting CVar [[r.DOF.Gather.EnableBokehSettings:0       ; no bokeh simulation when gathering]]
[2020.01.04-18.36.29:206][  0]LogConfig: Setting CVar [[r.DOF.Gather.RingCount:4                 ; medium number of samples when gathering]]
[2020.01.04-18.36.29:206][  0]LogConfig: Setting CVar [[r.DOF.Scatter.ForegroundCompositing:1    ; additive foreground scattering]]
[2020.01.04-18.36.29:207][  0]LogConfig: Setting CVar [[r.DOF.Scatter.BackgroundCompositing:2    ; additive background scattering]]
[2020.01.04-18.36.29:207][  0]LogConfig: Setting CVar [[r.DOF.Scatter.EnableBokehSettings:1      ; bokeh simulation when scattering]]
[2020.01.04-18.36.29:207][  0]LogConfig: Setting CVar [[r.DOF.Scatter.MaxSpriteRatio:0.1         ; only a maximum of 10% of scattered bokeh]]
[2020.01.04-18.36.29:207][  0]LogConfig: Setting CVar [[r.DOF.Recombine.Quality:1                ; cheap slight out of focus]]
[2020.01.04-18.36.29:207][  0]LogConfig: Setting CVar [[r.DOF.Recombine.EnableBokehSettings:0    ; no bokeh simulation on slight out of focus]]
[2020.01.04-18.36.29:207][  0]LogConfig: Setting CVar [[r.DOF.TemporalAAQuality:1                ; more stable temporal accumulation]]
[2020.01.04-18.36.29:207][  0]LogConfig: Setting CVar [[r.DOF.Kernel.MaxForegroundRadius:0.025]]
[2020.01.04-18.36.29:207][  0]LogConfig: Setting CVar [[r.DOF.Kernel.MaxBackgroundRadius:0.025]]
[2020.01.04-18.36.29:207][  0]LogConfig: Applying CVar settings from Section [TextureQuality@3] File [E:/SeniorProject/PollutionProject/SeniorProject/Saved/Config/Windows/Scalability.ini]
[2020.01.04-18.36.29:207][  0]LogConfig: Setting CVar [[r.Streaming.MipBias:0]]
[2020.01.04-18.36.29:207][  0]LogConfig: Setting CVar [[r.Streaming.AmortizeCPUToGPUCopy:0]]
[2020.01.04-18.36.29:207][  0]LogConfig: Setting CVar [[r.Streaming.MaxNumTexturesToStreamPerFrame:0]]
[2020.01.04-18.36.29:207][  0]LogConfig: Setting CVar [[r.Streaming.Boost:1]]
[2020.01.04-18.36.29:207][  0]LogConfig: Setting CVar [[r.MaxAnisotropy:8]]
[2020.01.04-18.36.29:207][  0]LogConfig: Setting CVar [[r.Streaming.LimitPoolSizeToVRAM:0]]
[2020.01.04-18.36.29:207][  0]LogConfig: Setting CVar [[r.Streaming.PoolSize:1000]]
[2020.01.04-18.36.29:207][  0]LogConfig: Setting CVar [[r.Streaming.MaxEffectiveScreenSize:0]]
[2020.01.04-18.36.29:207][  0]LogConfig: Applying CVar settings from Section [EffectsQuality@3] File [E:/SeniorProject/PollutionProject/SeniorProject/Saved/Config/Windows/Scalability.ini]
[2020.01.04-18.36.29:208][  0]LogConfig: Setting CVar [[r.TranslucencyLightingVolumeDim:64]]
[2020.01.04-18.36.29:208][  0]LogConfig: Setting CVar [[r.RefractionQuality:2]]
[2020.01.04-18.36.29:208][  0]LogConfig: Setting CVar [[r.SSR.Quality:3]]
[2020.01.04-18.36.29:208][  0]LogConfig: Setting CVar [[r.SceneColorFormat:4]]
[2020.01.04-18.36.29:208][  0]LogConfig: Setting CVar [[r.DetailMode:2]]
[2020.01.04-18.36.29:208][  0]LogConfig: Setting CVar [[r.TranslucencyVolumeBlur:1]]
[2020.01.04-18.36.29:208][  0]LogConfig: Setting CVar [[r.MaterialQualityLevel:1 ; High quality]]
[2020.01.04-18.36.29:208][  0]LogConfig: Setting CVar [[r.SSS.Scale:1]]
[2020.01.04-18.36.29:208][  0]LogConfig: Setting CVar [[r.SSS.SampleSet:2]]
[2020.01.04-18.36.29:208][  0]LogConfig: Setting CVar [[r.SSS.Quality:1]]
[2020.01.04-18.36.29:208][  0]LogConfig: Setting CVar [[r.SSS.HalfRes:1]]
[2020.01.04-18.36.29:208][  0]LogConfig: Setting CVar [[r.EmitterSpawnRateScale:1.0]]
[2020.01.04-18.36.29:208][  0]LogConfig: Setting CVar [[r.ParticleLightQuality:2]]
[2020.01.04-18.36.29:208][  0]LogConfig: Applying CVar settings from Section [FoliageQuality@3] File [E:/SeniorProject/PollutionProject/SeniorProject/Saved/Config/Windows/Scalability.ini]
[2020.01.04-18.36.29:208][  0]LogConfig: Setting CVar [[foliage.DensityScale:1.0]]
[2020.01.04-18.36.29:208][  0]LogConfig: Setting CVar [[grass.DensityScale:1.0]]
[2020.01.04-18.36.29:208][  0]LogInit: Selected Device Profile: [Windows]
[2020.01.04-18.36.29:208][  0]LogInit: Applying CVar settings loaded from the selected device profile: [Windows]
[2020.01.04-18.36.29:220][  0]LogHAL: Display: Platform has ~ 16 GB [17116258304 / 17179869184 / 16], which maps to Larger [LargestMinGB=32, LargerMinGB=12, DefaultMinGB=8, SmallerMinGB=6, SmallestMinGB=0)
[2020.01.04-18.36.29:220][  0]LogConfig: Setting CVar [[r.Vulkan.UseRealUBs:0		; Required until we fix HLR fall-out]]
[2020.01.04-18.36.29:220][  0]LogInit: Going up to parent DeviceProfile []
[2020.01.04-18.36.29:220][  0]LogConfig: Applying CVar settings from Section [ViewDistanceQuality@3] File [E:/SeniorProject/PollutionProject/SeniorProject/Saved/Config/Windows/Scalability.ini]
[2020.01.04-18.36.29:221][  0]LogConfig: Setting CVar [[r.SkeletalMeshLODBias:0]]
[2020.01.04-18.36.29:221][  0]LogConfig: Setting CVar [[r.ViewDistanceScale:1.0]]
[2020.01.04-18.36.29:221][  0]LogConfig: Applying CVar settings from Section [AntiAliasingQuality@3] File [E:/SeniorProject/PollutionProject/SeniorProject/Saved/Config/Windows/Scalability.ini]
[2020.01.04-18.36.29:221][  0]LogConfig: Setting CVar [[r.PostProcessAAQuality:4]]
[2020.01.04-18.36.29:221][  0]LogConfig: Applying CVar settings from Section [ShadowQuality@3] File [E:/SeniorProject/PollutionProject/SeniorProject/Saved/Config/Windows/Scalability.ini]
[2020.01.04-18.36.29:221][  0]LogConfig: Setting CVar [[r.LightFunctionQuality:1]]
[2020.01.04-18.36.29:221][  0]LogConfig: Setting CVar [[r.ShadowQuality:5]]
[2020.01.04-18.36.29:221][  0]LogConfig: Setting CVar [[r.Shadow.CSM.MaxCascades:10]]
[2020.01.04-18.36.29:221][  0]LogConfig: Setting CVar [[r.Shadow.MaxResolution:2048]]
[2020.01.04-18.36.29:221][  0]LogConfig: Setting CVar [[r.Shadow.MaxCSMResolution:2048]]
[2020.01.04-18.36.29:221][  0]LogConfig: Setting CVar [[r.Shadow.RadiusThreshold:0.01]]
[2020.01.04-18.36.29:221][  0]LogConfig: Setting CVar [[r.Shadow.DistanceScale:1.0]]
[2020.01.04-18.36.29:221][  0]LogConfig: Setting CVar [[r.Shadow.CSM.TransitionScale:1.0]]
[2020.01.04-18.36.29:221][  0]LogConfig: Setting CVar [[r.Shadow.PreShadowResolutionFactor:1.0]]
[2020.01.04-18.36.29:221][  0]LogConfig: Setting CVar [[r.DistanceFieldShadowing:1]]
[2020.01.04-18.36.29:221][  0]LogConfig: Setting CVar [[r.DistanceFieldAO:1]]
[2020.01.04-18.36.29:221][  0]LogConfig: Setting CVar [[r.AOQuality:2]]
[2020.01.04-18.36.29:221][  0]LogConfig: Setting CVar [[r.VolumetricFog:1]]
[2020.01.04-18.36.29:222][  0]LogConfig: Setting CVar [[r.VolumetricFog.GridPixelSize:8]]
[2020.01.04-18.36.29:222][  0]LogConfig: Setting CVar [[r.VolumetricFog.GridSizeZ:128]]
[2020.01.04-18.36.29:222][  0]LogConfig: Setting CVar [[r.VolumetricFog.HistoryMissSupersampleCount:4]]
[2020.01.04-18.36.29:222][  0]LogConfig: Setting CVar [[r.LightMaxDrawDistanceScale:1]]
[2020.01.04-18.36.29:222][  0]LogConfig: Setting CVar [[r.CapsuleShadows:1]]
[2020.01.04-18.36.29:222][  0]LogConfig: Applying CVar settings from Section [PostProcessQuality@3] File [E:/SeniorProject/PollutionProject/SeniorProject/Saved/Config/Windows/Scalability.ini]
[2020.01.04-18.36.29:222][  0]LogConfig: Setting CVar [[r.MotionBlurQuality:4]]
[2020.01.04-18.36.29:222][  0]LogConfig: Setting CVar [[r.AmbientOcclusionMipLevelFactor:0.4]]
[2020.01.04-18.36.29:222][  0]LogConfig: Setting CVar [[r.AmbientOcclusionMaxQuality:100]]
[2020.01.04-18.36.29:222][  0]LogConfig: Setting CVar [[r.AmbientOcclusionLevels:-1]]
[2020.01.04-18.36.29:222][  0]LogConfig: Setting CVar [[r.AmbientOcclusionRadiusScale:1.0]]
[2020.01.04-18.36.29:222][  0]LogConfig: Setting CVar [[r.DepthOfFieldQuality:2]]
[2020.01.04-18.36.29:222][  0]LogConfig: Setting CVar [[r.RenderTargetPoolMin:400]]
[2020.01.04-18.36.29:222][  0]LogConfig: Setting CVar [[r.LensFlareQuality:2]]
[2020.01.04-18.36.29:222][  0]LogConfig: Setting CVar [[r.SceneColorFringeQuality:1]]
[2020.01.04-18.36.29:222][  0]LogConfig: Setting CVar [[r.EyeAdaptationQuality:2]]
[2020.01.04-18.36.29:222][  0]LogConfig: Setting CVar [[r.BloomQuality:5]]
[2020.01.04-18.36.29:222][  0]LogConfig: Setting CVar [[r.FastBlurThreshold:100]]
[2020.01.04-18.36.29:222][  0]LogConfig: Setting CVar [[r.Upscale.Quality:3]]
[2020.01.04-18.36.29:222][  0]LogConfig: Setting CVar [[r.Tonemapper.GrainQuantization:1]]
[2020.01.04-18.36.29:222][  0]LogConfig: Setting CVar [[r.LightShaftQuality:1]]
[2020.01.04-18.36.29:223][  0]LogConfig: Setting CVar [[r.Filter.SizeScale:1]]
[2020.01.04-18.36.29:223][  0]LogConfig: Setting CVar [[r.Tonemapper.Quality:5]]
[2020.01.04-18.36.29:223][  0]LogConfig: Setting CVar [[r.DOF.Gather.AccumulatorQuality:1        ; higher gathering accumulator quality]]
[2020.01.04-18.36.29:223][  0]LogConfig: Setting CVar [[r.DOF.Gather.PostfilterMethod:1          ; Median3x3 postfilering method]]
[2020.01.04-18.36.29:223][  0]LogConfig: Setting CVar [[r.DOF.Gather.EnableBokehSettings:0       ; no bokeh simulation when gathering]]
[2020.01.04-18.36.29:223][  0]LogConfig: Setting CVar [[r.DOF.Gather.RingCount:4                 ; medium number of samples when gathering]]
[2020.01.04-18.36.29:223][  0]LogConfig: Setting CVar [[r.DOF.Scatter.ForegroundCompositing:1    ; additive foreground scattering]]
[2020.01.04-18.36.29:223][  0]LogConfig: Setting CVar [[r.DOF.Scatter.BackgroundCompositing:2    ; additive background scattering]]
[2020.01.04-18.36.29:223][  0]LogConfig: Setting CVar [[r.DOF.Scatter.EnableBokehSettings:1      ; bokeh simulation when scattering]]
[2020.01.04-18.36.29:223][  0]LogConfig: Setting CVar [[r.DOF.Scatter.MaxSpriteRatio:0.1         ; only a maximum of 10% of scattered bokeh]]
[2020.01.04-18.36.29:223][  0]LogConfig: Setting CVar [[r.DOF.Recombine.Quality:1                ; cheap slight out of focus]]
[2020.01.04-18.36.29:223][  0]LogConfig: Setting CVar [[r.DOF.Recombine.EnableBokehSettings:0    ; no bokeh simulation on slight out of focus]]
[2020.01.04-18.36.29:223][  0]LogConfig: Setting CVar [[r.DOF.TemporalAAQuality:1                ; more stable temporal accumulation]]
[2020.01.04-18.36.29:223][  0]LogConfig: Setting CVar [[r.DOF.Kernel.MaxForegroundRadius:0.025]]
[2020.01.04-18.36.29:223][  0]LogConfig: Setting CVar [[r.DOF.Kernel.MaxBackgroundRadius:0.025]]
[2020.01.04-18.36.29:223][  0]LogConfig: Applying CVar settings from Section [TextureQuality@3] File [E:/SeniorProject/PollutionProject/SeniorProject/Saved/Config/Windows/Scalability.ini]
[2020.01.04-18.36.29:223][  0]LogConfig: Setting CVar [[r.Streaming.MipBias:0]]
[2020.01.04-18.36.29:223][  0]LogConfig: Setting CVar [[r.Streaming.AmortizeCPUToGPUCopy:0]]
[2020.01.04-18.36.29:223][  0]LogConfig: Setting CVar [[r.Streaming.MaxNumTexturesToStreamPerFrame:0]]
[2020.01.04-18.36.29:223][  0]LogConfig: Setting CVar [[r.Streaming.Boost:1]]
[2020.01.04-18.36.29:223][  0]LogConfig: Setting CVar [[r.MaxAnisotropy:8]]
[2020.01.04-18.36.29:224][  0]LogConfig: Setting CVar [[r.Streaming.LimitPoolSizeToVRAM:0]]
[2020.01.04-18.36.29:224][  0]LogConfig: Setting CVar [[r.Streaming.PoolSize:1000]]
[2020.01.04-18.36.29:224][  0]LogConfig: Setting CVar [[r.Streaming.MaxEffectiveScreenSize:0]]
[2020.01.04-18.36.29:224][  0]LogConfig: Applying CVar settings from Section [EffectsQuality@3] File [E:/SeniorProject/PollutionProject/SeniorProject/Saved/Config/Windows/Scalability.ini]
[2020.01.04-18.36.29:224][  0]LogConfig: Setting CVar [[r.TranslucencyLightingVolumeDim:64]]
[2020.01.04-18.36.29:224][  0]LogConfig: Setting CVar [[r.RefractionQuality:2]]
[2020.01.04-18.36.29:224][  0]LogConfig: Setting CVar [[r.SSR.Quality:3]]
[2020.01.04-18.36.29:224][  0]LogConfig: Setting CVar [[r.SceneColorFormat:4]]
[2020.01.04-18.36.29:224][  0]LogConfig: Setting CVar [[r.DetailMode:2]]
[2020.01.04-18.36.29:224][  0]LogConfig: Setting CVar [[r.TranslucencyVolumeBlur:1]]
[2020.01.04-18.36.29:224][  0]LogConfig: Setting CVar [[r.MaterialQualityLevel:1 ; High quality]]
[2020.01.04-18.36.29:224][  0]LogConfig: Setting CVar [[r.SSS.Scale:1]]
[2020.01.04-18.36.29:224][  0]LogConfig: Setting CVar [[r.SSS.SampleSet:2]]
[2020.01.04-18.36.29:224][  0]LogConfig: Setting CVar [[r.SSS.Quality:1]]
[2020.01.04-18.36.29:224][  0]LogConfig: Setting CVar [[r.SSS.HalfRes:1]]
[2020.01.04-18.36.29:224][  0]LogConfig: Setting CVar [[r.EmitterSpawnRateScale:1.0]]
[2020.01.04-18.36.29:224][  0]LogConfig: Setting CVar [[r.ParticleLightQuality:2]]
[2020.01.04-18.36.29:224][  0]LogConfig: Applying CVar settings from Section [FoliageQuality@3] File [E:/SeniorProject/PollutionProject/SeniorProject/Saved/Config/Windows/Scalability.ini]
[2020.01.04-18.36.29:225][  0]LogConfig: Setting CVar [[foliage.DensityScale:1.0]]
[2020.01.04-18.36.29:225][  0]LogConfig: Setting CVar [[grass.DensityScale:1.0]]
[2020.01.04-18.36.29:225][  0]LogConfig: Applying CVar settings from Section [Startup] File [../../../Engine/Config/ConsoleVariables.ini]
[2020.01.04-18.36.29:225][  0]LogConfig: Setting CVar [[net.UseAdaptiveNetUpdateFrequency:0]]
[2020.01.04-18.36.29:225][  0]LogConfig: Setting CVar [[p.chaos.AllowCreatePhysxBodies:1]]
[2020.01.04-18.36.29:225][  0]LogConfig: Applying CVar settings from Section [ConsoleVariables] File [E:/SeniorProject/PollutionProject/SeniorProject/Saved/Config/Windows/Engine.ini]
[2020.01.04-18.36.29:225][  0]LogInit: Computer: GREGSPC
[2020.01.04-18.36.29:225][  0]LogInit: User: Gregory
[2020.01.04-18.36.29:225][  0]LogInit: CPU Page size=4096, Cores=4
[2020.01.04-18.36.29:225][  0]LogInit: High frequency timer resolution =10.000000 MHz
[2020.01.04-18.36.29:226][  0]LogMemory: Memory total: Physical=15.9GB (16GB approx)
[2020.01.04-18.36.29:226][  0]LogMemory: Platform Memory Stats for Windows
[2020.01.04-18.36.29:226][  0]LogMemory: Process Physical Memory: 104.26 MB used, 104.26 MB peak
[2020.01.04-18.36.29:226][  0]LogMemory: Process Virtual Memory: 105.47 MB used, 105.47 MB peak
[2020.01.04-18.36.29:226][  0]LogMemory: Physical Memory: 9522.26 MB used,  6801.08 MB free, 16323.34 MB total
[2020.01.04-18.36.29:226][  0]LogMemory: Virtual Memory: 4674.71 MB used,  134213056.00 MB free, 134217728.00 MB total
[2020.01.04-18.36.29:430][  0]LogInit: Using OS detected language (en-US).
[2020.01.04-18.36.29:430][  0]LogInit: Using OS detected locale (en-US).
[2020.01.04-18.36.29:431][  0]LogTextLocalizationManager: No specific localization for 'en-US' exists, so the 'en' localization will be used.
[2020.01.04-18.36.29:582][  0]LogInit: Setting process to per monitor DPI aware
[2020.01.04-18.36.29:674][  0]LogSlate: New Slate User Created.  User Index 0, Is Virtual User: 0
[2020.01.04-18.36.29:674][  0]LogSlate: Slate User Registered.  User Index 0, Is Virtual User: 0
[2020.01.04-18.36.29:950][  0]LogHMD: Failed to initialize OpenVR with code 126
[2020.01.04-18.36.29:950][  0]LogD3D11RHI: D3D11 adapters:
[2020.01.04-18.36.30:048][  0]LogD3D11RHI:    0. 'NVIDIA GeForce RTX 2080' (Feature Level 11_0)
[2020.01.04-18.36.30:048][  0]LogD3D11RHI:       8010/0/8161 MB DedicatedVideo/DedicatedSystem/SharedSystem, Outputs:4, VendorId:0x10de
[2020.01.04-18.36.30:054][  0]LogD3D11RHI:    1. 'Microsoft Basic Render Driver' (Feature Level 11_0)
[2020.01.04-18.36.30:054][  0]LogD3D11RHI:       0/0/8161 MB DedicatedVideo/DedicatedSystem/SharedSystem, Outputs:0, VendorId:0x1414
[2020.01.04-18.36.30:054][  0]LogD3D11RHI: Chosen D3D11 Adapter: 0
[2020.01.04-18.36.30:063][  0]LogD3D11RHI: Creating new Direct3DDevice
[2020.01.04-18.36.30:063][  0]LogD3D11RHI:     GPU DeviceId: 0x1e87 (for the marketing name, search the web for "GPU Device Id")
[2020.01.04-18.36.30:063][  0]LogWindows: EnumDisplayDevices:
[2020.01.04-18.36.30:063][  0]LogWindows:    0. 'NVIDIA GeForce RTX 2080' (P:1 D:1)
[2020.01.04-18.36.30:064][  0]LogWindows:    1. 'NVIDIA GeForce RTX 2080' (P:0 D:1)
[2020.01.04-18.36.30:064][  0]LogWindows:    2. 'NVIDIA GeForce RTX 2080' (P:0 D:1)
[2020.01.04-18.36.30:064][  0]LogWindows:    3. 'NVIDIA GeForce RTX 2080' (P:0 D:1)
[2020.01.04-18.36.30:064][  0]LogWindows: DebugString: FoundDriverCount:4 
[2020.01.04-18.36.30:065][  0]LogD3D11RHI:     Adapter Name: NVIDIA GeForce RTX 2080
[2020.01.04-18.36.30:065][  0]LogD3D11RHI:   Driver Version: 432.00 (internal:26.21.14.3200, unified:432.00)
[2020.01.04-18.36.30:065][  0]LogD3D11RHI:      Driver Date: 7-24-2019
[2020.01.04-18.36.30:065][  0]LogRHI: Texture pool is 5607 MB (70% of 8010 MB)
[2020.01.04-18.36.30:111][  0]LogD3D11RHI: Async texture creation enabled
[2020.01.04-18.36.30:131][  0]LogRendererCore: FGlobalReadBuffer::InitRHI
[2020.01.04-18.36.30:132][  0]LogRendererCore: FGlobalReadBuffer::InitRHI
[2020.01.04-18.36.30:132][  0]LogRendererCore: FGlobalReadBuffer::InitRHI
[2020.01.04-18.36.30:140][  0]LogD3D11RHI: GPU Timing Frequency: 1000.000000 (Debug: 2 1)
[2020.01.04-18.36.30:673][  0]LogTemp: Display: Module 'AllDesktopTargetPlatform' loaded TargetPlatform 'AllDesktop'
[2020.01.04-18.36.30:695][  0]LogTemp: Display: Module 'MacClientTargetPlatform' loaded TargetPlatform 'MacClient'
[2020.01.04-18.36.30:717][  0]LogTemp: Display: Module 'MacNoEditorTargetPlatform' loaded TargetPlatform 'MacNoEditor'
[2020.01.04-18.36.30:740][  0]LogTemp: Display: Module 'MacServerTargetPlatform' loaded TargetPlatform 'MacServer'
[2020.01.04-18.36.30:772][  0]LogTemp: Display: Module 'MacTargetPlatform' loaded TargetPlatform 'Mac'
[2020.01.04-18.36.30:795][  0]LogTemp: Display: Module 'WindowsClientTargetPlatform' loaded TargetPlatform 'WindowsClient'
[2020.01.04-18.36.30:816][  0]LogTemp: Display: Module 'WindowsNoEditorTargetPlatform' loaded TargetPlatform 'WindowsNoEditor'
[2020.01.04-18.36.30:855][  0]LogTemp: Display: Module 'WindowsServerTargetPlatform' loaded TargetPlatform 'WindowsServer'
[2020.01.04-18.36.30:889][  0]LogTemp: Display: Module 'WindowsTargetPlatform' loaded TargetPlatform 'Windows'
[2020.01.04-18.36.30:981][  0]LogTemp: Display: Module 'AndroidTargetPlatform' loaded TargetPlatform 'Android'
[2020.01.04-18.36.30:981][  0]LogTemp: Display: Module 'AndroidTargetPlatform' loaded TargetPlatform 'Android_ASTC'
[2020.01.04-18.36.30:981][  0]LogTemp: Display: Module 'AndroidTargetPlatform' loaded TargetPlatform 'Android_ATC'
[2020.01.04-18.36.30:981][  0]LogTemp: Display: Module 'AndroidTargetPlatform' loaded TargetPlatform 'Android_DXT'
[2020.01.04-18.36.30:981][  0]LogTemp: Display: Module 'AndroidTargetPlatform' loaded TargetPlatform 'Android_ETC1'
[2020.01.04-18.36.30:981][  0]LogTemp: Display: Module 'AndroidTargetPlatform' loaded TargetPlatform 'Android_ETC1a'
[2020.01.04-18.36.30:981][  0]LogTemp: Display: Module 'AndroidTargetPlatform' loaded TargetPlatform 'Android_ETC2'
[2020.01.04-18.36.30:981][  0]LogTemp: Display: Module 'AndroidTargetPlatform' loaded TargetPlatform 'Android_PVRTC'
[2020.01.04-18.36.30:981][  0]LogTemp: Display: Module 'AndroidTargetPlatform' loaded TargetPlatform 'AndroidClient'
[2020.01.04-18.36.30:981][  0]LogTemp: Display: Module 'AndroidTargetPlatform' loaded TargetPlatform 'Android_ASTCClient'
[2020.01.04-18.36.30:981][  0]LogTemp: Display: Module 'AndroidTargetPlatform' loaded TargetPlatform 'Android_ATCClient'
[2020.01.04-18.36.30:981][  0]LogTemp: Display: Module 'AndroidTargetPlatform' loaded TargetPlatform 'Android_DXTClient'
[2020.01.04-18.36.30:981][  0]LogTemp: Display: Module 'AndroidTargetPlatform' loaded TargetPlatform 'Android_ETC1Client'
[2020.01.04-18.36.30:981][  0]LogTemp: Display: Module 'AndroidTargetPlatform' loaded TargetPlatform 'Android_ETC1aClient'
[2020.01.04-18.36.30:982][  0]LogTemp: Display: Module 'AndroidTargetPlatform' loaded TargetPlatform 'Android_ETC2Client'
[2020.01.04-18.36.30:982][  0]LogTemp: Display: Module 'AndroidTargetPlatform' loaded TargetPlatform 'Android_PVRTCClient'
[2020.01.04-18.36.30:982][  0]LogTemp: Display: Module 'AndroidTargetPlatform' loaded TargetPlatform 'Android_Multi'
[2020.01.04-18.36.30:982][  0]LogTemp: Display: Module 'AndroidTargetPlatform' loaded TargetPlatform 'Android_MultiClient'
[2020.01.04-18.36.30:992][  0]LogTemp: Display: Module 'HTML5TargetPlatform' loaded TargetPlatform 'HTML5'
[2020.01.04-18.36.31:080][  0]LogTemp: Display: Module 'IOSTargetPlatform' loaded TargetPlatform 'IOSClient'
[2020.01.04-18.36.31:080][  0]LogTemp: Display: Module 'IOSTargetPlatform' loaded TargetPlatform 'IOS'
[2020.01.04-18.36.31:107][  0]LogTemp: Display: Module 'TVOSTargetPlatform' loaded TargetPlatform 'TVOSClient'
[2020.01.04-18.36.31:107][  0]LogTemp: Display: Module 'TVOSTargetPlatform' loaded TargetPlatform 'TVOS'
[2020.01.04-18.36.31:124][  0]LogTemp: Display: Module 'LinuxClientTargetPlatform' loaded TargetPlatform 'LinuxClient'
[2020.01.04-18.36.31:140][  0]LogTemp: Display: Module 'LinuxNoEditorTargetPlatform' loaded TargetPlatform 'LinuxNoEditor'
[2020.01.04-18.36.31:156][  0]LogTemp: Display: Module 'LinuxServerTargetPlatform' loaded TargetPlatform 'LinuxServer'
[2020.01.04-18.36.31:173][  0]LogTemp: Display: Module 'LinuxTargetPlatform' loaded TargetPlatform 'Linux'
[2020.01.04-18.36.31:219][  0]LogTemp: Display: Module 'LuminTargetPlatform' loaded TargetPlatform 'Lumin'
[2020.01.04-18.36.31:220][  0]LogTemp: Display: Module 'LuminTargetPlatform' loaded TargetPlatform 'LuminClient'
[2020.01.04-18.36.31:220][  0]LogTargetPlatformManager: Display: Building Assets For Windows
[2020.01.04-18.36.31:272][  0]LogAudioDebug: Display: Lib vorbis DLL was dynamically loaded.
[2020.01.04-18.36.31:744][  0]LogShaderCompilers: Guid format shader working directory is 0 characters bigger than the processId version (E:/SeniorProject/PollutionProject/SeniorProject/Intermediate/Shaders/WorkingDirectory/17600/).
[2020.01.04-18.36.31:745][  0]LogShaderCompilers: Cleaned the shader compiler working directory 'C:/Users/Gregory/AppData/Local/Temp/UnrealShaderWorkingDir/9B3D22C544F5077F1C1BBF8F1D855223/'.
[2020.01.04-18.36.31:748][  0]LogXGEController: Cleaning working directory: C:/Users/Gregory/AppData/Local/Temp/UnrealXGEWorkingDir/
[2020.01.04-18.36.31:748][  0]LogXGEController: Cannot use XGE Controller as Incredibuild is not installed on this machine.
[2020.01.04-18.36.31:748][  0]LogShaderCompilers: Cannot use XGE Shader Compiler as Incredibuild is not installed on this machine.
[2020.01.04-18.36.31:748][  0]LogShaderCompilers: Display: Using Local Shader Compiler.
[2020.01.04-18.36.32:255][  0]LogDerivedDataCache: Display: Max Cache Size: 512 MB
[2020.01.04-18.36.32:314][  0]LogDerivedDataCache: Loaded boot cache 0.06s 73MB C:/Users/Gregory/AppData/Local/UnrealEngine/4.22/DerivedDataCache/Boot.ddc.
[2020.01.04-18.36.32:314][  0]LogDerivedDataCache: Display: Loaded Boot cache: C:/Users/Gregory/AppData/Local/UnrealEngine/4.22/DerivedDataCache/Boot.ddc
[2020.01.04-18.36.32:314][  0]LogDerivedDataCache: FDerivedDataBackendGraph:  Pak pak cache file E:/SeniorProject/PollutionProject/SeniorProject/DerivedDataCache/DDC.ddp not found, will not use a pak cache.
[2020.01.04-18.36.32:315][  0]LogDerivedDataCache: Unable to find inner node Pak for hierarchical cache Hierarchy.
[2020.01.04-18.36.32:315][  0]LogDerivedDataCache: FDerivedDataBackendGraph:  CompressedPak pak cache file E:/SeniorProject/PollutionProject/SeniorProject/DerivedDataCache/Compressed.ddp not found, will not use a pak cache.
[2020.01.04-18.36.32:315][  0]LogDerivedDataCache: Unable to find inner node CompressedPak for hierarchical cache Hierarchy.
[2020.01.04-18.36.32:326][  0]LogDerivedDataCache: Display: Pak cache opened for reading ../../../Engine/DerivedDataCache/Compressed.ddp.
[2020.01.04-18.36.32:329][  0]LogDerivedDataCache: Display: Pak cache opened for reading ../../../Enterprise/DerivedDataCache/Compressed.ddp.
[2020.01.04-18.36.32:342][  0]LogDerivedDataCache: Using Local data cache path C:/Users/Gregory/AppData/Local/UnrealEngine/Common/DerivedDataCache: Writable
[2020.01.04-18.36.32:342][  0]LogDerivedDataCache: Shared data cache path not found in *engine.ini, will not use an Shared cache.
[2020.01.04-18.36.32:342][  0]LogDerivedDataCache: Unable to find inner node Shared for hierarchical cache Hierarchy.
[2020.01.04-18.36.32:362][  0]LogMaterial: Verifying Global Shaders for PCD3D_SM5
[2020.01.04-18.36.32:363][  0]LogSlate: Using FreeType 2.6.0
[2020.01.04-18.36.32:364][  0]LogSlate: SlateFontServices - WITH_FREETYPE: 1, WITH_HARFBUZZ: 1
[2020.01.04-18.36.32:446][  0]LogAssetRegistry: FAssetRegistry took 0.0369 seconds to start up
[2020.01.04-18.36.32:800][  0]LogFileManager: Warning: DeleteFile was unable to delete 'E:/SeniorProject/PollutionProject/SeniorProject/Intermediate/CachedAssetRegistry.bin', retrying in .5s...
[2020.01.04-18.36.32:800][  0]LogInit: Selected Device Profile: [Windows]
[2020.01.04-18.36.33:095][  0]LogMeshReduction: Using QuadricMeshReduction for automatic static mesh reduction
[2020.01.04-18.36.33:095][  0]LogMeshReduction: Using SimplygonMeshReduction for automatic skeletal mesh reduction
[2020.01.04-18.36.33:095][  0]LogMeshReduction: Using ProxyLODMeshReduction for automatic mesh merging
[2020.01.04-18.36.33:095][  0]LogMeshReduction: No distributed automatic mesh merging module available
[2020.01.04-18.36.33:095][  0]LogMeshMerging: No distributed automatic mesh merging module available
[2020.01.04-18.36.33:105][  0]LogNetVersion: SeniorProject 1.0.0, NetCL: 5660361, EngineNetVer: 10, GameNetVer: 0 (Checksum: 993350713)
[2020.01.04-18.36.33:530][  0]LogFileManager: Warning: DeleteFile recovered during retry!
[2020.01.04-18.36.33:530][  0]LogPackageLocalizationCache: Processed 16 localized package path(s) for 1 prioritized culture(s) in 0.054803 seconds
[2020.01.04-18.36.33:537][  0]LogUObjectArray: 42205 objects as part of root set at end of initial load.
[2020.01.04-18.36.33:537][  0]LogUObjectAllocator: 7325032 out of 0 bytes used by permanent object pool.
[2020.01.04-18.36.33:537][  0]LogUObjectArray: CloseDisregardForGC: 0/0 objects in disregard for GC pool
[2020.01.04-18.36.35:806][  0]LogTcpMessaging: Initializing TcpMessaging bridge
[2020.01.04-18.36.35:829][  0]LogUdpMessaging: Initializing bridge on interface 0.0.0.0:0 to multicast group 230.0.0.1:6666.
[2020.01.04-18.36.36:174][  0]LogOutputDevice: Error: Ensure condition failed: AttachmentRules.LocationRule == EAttachmentRule::KeepRelative && AttachmentRules.RotationRule == EAttachmentRule::KeepRelative && AttachmentRules.ScaleRule == EAttachmentRule::KeepRelative [File:D:\Build\++UE4\Sync\Engine\Source\Runtime\Engine\Private\Components\SceneComponent.cpp] [Line: 1786] 
AttachToComponent when called from a constructor is only setting up attachment and will always be treated as KeepRelative. Consider calling SetupAttachment directly instead.

[2020.01.04-18.36.36:174][  0]LogStats:             FDebug::EnsureFailed -  0.000 s
[2020.01.04-18.36.40:559][  0]SourceControl: Source control is disabled
[2020.01.04-18.36.42:971][  0]LogAndroidPermission: UAndroidPermissionCallbackProxy::GetInstance
[2020.01.04-18.36.43:471][  0]LogOcInput: OculusInput pre-init called
[2020.01.04-18.36.45:844][  0]LogWindows: Failed to load 'libalias_api.dll' (GetLastError=126)
[2020.01.04-18.36.45:844][  0]LogWindows: File 'libalias_api.dll' does not exist
[2020.01.04-18.36.45:846][  0]LogWindows: Failed to load 'libalias_api.dll' (GetLastError=126)
[2020.01.04-18.36.45:846][  0]LogWindows: File 'libalias_api.dll' does not exist
[2020.01.04-18.36.46:088][  0]LogEngine: Initializing Engine...
[2020.01.04-18.36.46:139][  0]LogHMD: Failed to initialize OpenVR with code 126
[2020.01.04-18.36.46:140][  0]LogStats: UGameplayTagsManager::InitializeManager -  0.000 s
[2020.01.04-18.36.46:340][  0]LogInit: Initializing FReadOnlyCVARCache
[2020.01.04-18.36.46:380][  0]LogAIModule: Creating AISystem for world Untitled
[2020.01.04-18.36.46:583][  0]LogInit: XAudio2 using 'Headset Earphone (2- Corsair HS70 Wireless Gaming Headset)' : 2 channels at 48 kHz using 16 bits per sample (channel mask 0x3)
[2020.01.04-18.36.46:617][  0]LogInit: FAudioDevice initialized.
[2020.01.04-18.36.46:618][  0]LogNetVersion: Set ProjectVersion to 1.0.0.0. Version Checksum will be recalculated on next use.
[2020.01.04-18.36.46:827][  0]LogDerivedDataCache: Saved boot cache 0.21s 73MB C:/Users/Gregory/AppData/Local/UnrealEngine/4.22/DerivedDataCache/Boot.ddc.
[2020.01.04-18.36.46:837][  0]LogInit: Texture streaming: Enabled
[2020.01.04-18.36.46:922][  0]LogEngineSessionManager: EngineSessionManager initialized
[2020.01.04-18.36.46:922][  0]LogEngineSessionManager: EngineSessionManager sent abnormal shutdown report. Type=Debugger, SessionId={9B10F90C-4BC9-70D2-B9D2-489C358ADC7C}
[2020.01.04-18.36.46:998][  0]LogInit: Transaction tracking system initialized
[2020.01.04-18.36.47:140][  0]BlueprintLog: New page: Editor Load
[2020.01.04-18.36.47:653][  0]LocalizationService: Localization service is disabled
[2020.01.04-18.36.48:298][  0]LogFileCache: Scanning file cache for directory 'E:/SeniorProject/PollutionProject/SeniorProject/Content/' took 0.02s
[2020.01.04-18.36.48:298][  0]LogCook: Display: Max memory allowance for cook 16384mb min free memory 0mb
[2020.01.04-18.36.48:299][  0]LogCook: Display: Mobile HDR setting 1
[2020.01.04-18.36.50:272][  0]Cmd: MAP LOAD FILE="E:/SeniorProject/PollutionProject/SeniorProject/Content/Levels/GreyBoxLVL4.umap" TEMPLATE=0 SHOWPROGRESS=1 FEATURELEVEL=3
[2020.01.04-18.36.50:273][  0]LightingResults: New page: Lighting Build
[2020.01.04-18.36.50:277][  0]MapCheck: New page: Map Check
[2020.01.04-18.36.50:277][  0]LightingResults: New page: Lighting Build
[2020.01.04-18.36.50:302][  0]LogUObjectHash: Compacting FUObjectHashTables data took   2.11ms
[2020.01.04-18.36.52:333][  0]LogAIModule: Creating AISystem for world GreyBoxLVL4
[2020.01.04-18.36.52:529][  0]LogEditorServer: Finished looking for orphan Actors (0.001 secs)
[2020.01.04-18.36.52:786][  0]LogUObjectHash: Compacting FUObjectHashTables data took   3.68ms
[2020.01.04-18.36.52:786][  0]Cmd: MAP CHECKDEP NOCLEARLOG
[2020.01.04-18.36.52:787][  0]MapCheck: Map check complete: 0 Error(s), 0 Warning(s), took 0.91ms to complete.
[2020.01.04-18.36.52:787][  0]LogFileHelpers: Loading map 'GreyBoxLVL4' took 2.515
[2020.01.04-18.36.52:966][  0]LogSlate: Updating window title bar state: overlay mode, drag disabled, window buttons hidden, title bar hidden
[2020.01.04-18.36.52:978][  0]LogSlate: Updating window title bar state: overlay mode, drag disabled, window buttons hidden, title bar hidden
[2020.01.04-18.36.52:990][  0]LogSlate: Updating window title bar state: overlay mode, drag disabled, window buttons hidden, title bar hidden
[2020.01.04-18.36.52:998][  0]LogSlate: Updating window title bar state: overlay mode, drag disabled, window buttons hidden, title bar hidden
[2020.01.04-18.36.53:048][  0]LogCollectionManager: Loaded 0 collections in 0.002611 seconds
[2020.01.04-18.36.53:084][  0]LogFileCache: Scanning file cache for directory 'E:/SeniorProject/PollutionProject/SeniorProject/Saved/Collections/' took 0.01s
[2020.01.04-18.36.53:085][  0]LogFileCache: Scanning file cache for directory 'E:/SeniorProject/PollutionProject/SeniorProject/Content/Developers/Gregory/Collections/' took 0.01s
[2020.01.04-18.36.53:085][  0]LogFileCache: Scanning file cache for directory 'E:/SeniorProject/PollutionProject/SeniorProject/Content/Collections/' took 0.00s
[2020.01.04-18.36.53:085][  0]LogCollectionManager: Rebuilt the GUID cache for 0 collections in 0.000002 seconds
[2020.01.04-18.36.53:098][  0]LogContentBrowser: Native class hierarchy populated in 0.0124 seconds. Added 2875 classes and 729 folders.
[2020.01.04-18.36.53:114][  0]LogContentBrowser: Native class hierarchy updated for 'WidgetCarousel' in 0.0005 seconds. Added 0 classes and 0 folders.
[2020.01.04-18.36.53:116][  0]LogPakFile: Registered encryption key '00000000000000000000000000000000': 0 pak files mounted, 0 remain pending
[2020.01.04-18.36.53:117][  0]LogPakFile: Registered encryption key '00000000000000000000000000000000': 0 pak files mounted, 0 remain pending
[2020.01.04-18.36.53:118][  0]LogPakFile: Registered encryption key '00000000000000000000000000000000': 0 pak files mounted, 0 remain pending
[2020.01.04-18.36.53:119][  0]LogPakFile: Registered encryption key '00000000000000000000000000000000': 0 pak files mounted, 0 remain pending
[2020.01.04-18.36.53:120][  0]LogPakFile: Registered encryption key '00000000000000000000000000000000': 0 pak files mounted, 0 remain pending
[2020.01.04-18.36.53:121][  0]LogPakFile: Registered encryption key '00000000000000000000000000000000': 0 pak files mounted, 0 remain pending
[2020.01.04-18.36.53:121][  0]LogPakFile: Registered encryption key '00000000000000000000000000000000': 0 pak files mounted, 0 remain pending
[2020.01.04-18.36.53:122][  0]LogPakFile: Registered encryption key '00000000000000000000000000000000': 0 pak files mounted, 0 remain pending
[2020.01.04-18.36.53:123][  0]LogPakFile: Registered encryption key '00000000000000000000000000000000': 0 pak files mounted, 0 remain pending
[2020.01.04-18.36.53:124][  0]LogPakFile: Registered encryption key '00000000000000000000000000000000': 0 pak files mounted, 0 remain pending
[2020.01.04-18.36.53:125][  0]LogPakFile: Registered encryption key '00000000000000000000000000000000': 0 pak files mounted, 0 remain pending
[2020.01.04-18.36.53:125][  0]LogPakFile: Registered encryption key '00000000000000000000000000000000': 0 pak files mounted, 0 remain pending
[2020.01.04-18.36.53:126][  0]LogPakFile: Registered encryption key '00000000000000000000000000000000': 0 pak files mounted, 0 remain pending
[2020.01.04-18.36.53:127][  0]LogPakFile: Registered encryption key '00000000000000000000000000000000': 0 pak files mounted, 0 remain pending
[2020.01.04-18.36.53:127][  0]LogPakFile: Registered encryption key '00000000000000000000000000000000': 0 pak files mounted, 0 remain pending
[2020.01.04-18.36.53:128][  0]LogPakFile: Registered encryption key '00000000000000000000000000000000': 0 pak files mounted, 0 remain pending
[2020.01.04-18.36.53:129][  0]LogPakFile: Registered encryption key '00000000000000000000000000000000': 0 pak files mounted, 0 remain pending
[2020.01.04-18.36.53:129][  0]LogPakFile: Registered encryption key '00000000000000000000000000000000': 0 pak files mounted, 0 remain pending
[2020.01.04-18.36.53:130][  0]LogPakFile: Registered encryption key '00000000000000000000000000000000': 0 pak files mounted, 0 remain pending
[2020.01.04-18.36.53:131][  0]LogPakFile: Registered encryption key '00000000000000000000000000000000': 0 pak files mounted, 0 remain pending
[2020.01.04-18.36.53:131][  0]LogPakFile: Registered encryption key '00000000000000000000000000000000': 0 pak files mounted, 0 remain pending
[2020.01.04-18.36.53:132][  0]LogPakFile: Registered encryption key '00000000000000000000000000000000': 0 pak files mounted, 0 remain pending
[2020.01.04-18.36.53:132][  0]LogPakFile: Registered encryption key '00000000000000000000000000000000': 0 pak files mounted, 0 remain pending
[2020.01.04-18.36.53:132][  0]LogPakFile: Registered encryption key '00000000000000000000000000000000': 0 pak files mounted, 0 remain pending
[2020.01.04-18.36.53:133][  0]LogPakFile: Registered encryption key '00000000000000000000000000000000': 0 pak files mounted, 0 remain pending
[2020.01.04-18.36.53:134][  0]LogPakFile: Registered encryption key '00000000000000000000000000000000': 0 pak files mounted, 0 remain pending
[2020.01.04-18.36.53:134][  0]LogPakFile: Registered encryption key '00000000000000000000000000000000': 0 pak files mounted, 0 remain pending
[2020.01.04-18.36.53:135][  0]LogPakFile: Registered encryption key '00000000000000000000000000000000': 0 pak files mounted, 0 remain pending
[2020.01.04-18.36.53:174][  0]LogContentBrowser: Native class hierarchy updated for 'AddContentDialog' in 0.0007 seconds. Added 0 classes and 0 folders.
[2020.01.04-18.36.53:180][  0]LogContentBrowser: Native class hierarchy updated for 'SceneOutliner' in 0.0006 seconds. Added 1 classes and 0 folders.
[2020.01.04-18.36.53:237][  0]LogSlate: Took 0.000191 seconds to synchronously load lazily loaded font '../../../Engine/Content/Slate/Fonts/Roboto-Regular.ttf' (155K)
[2020.01.04-18.36.53:240][  0]LogSlate: Took 0.000184 seconds to synchronously load lazily loaded font '../../../Engine/Content/Slate/Fonts/Roboto-Bold.ttf' (160K)
[2020.01.04-18.36.53:248][  0]LogSlate: Took 0.000239 seconds to synchronously load lazily loaded font '../../../Engine/Content/Editor/Slate/Fonts/FontAwesome.ttf' (139K)
[2020.01.04-18.36.53:317][  0]LogRenderer: Reallocating scene render targets to support 1004x552 Format 10 NumSamples 1 (Frame:1).
[2020.01.04-18.36.53:368][  0]LogStaticMesh: Allocated 512x320x64 distance field atlas = 20.0Mb, with 87 objects containing 16.0Mb backing data
[2020.01.04-18.36.53:553][  0]LogSlate: Took 0.000274 seconds to synchronously load lazily loaded font '../../../Engine/Content/Slate/Fonts/Roboto-Light.ttf' (167K)
[2020.01.04-18.36.53:764][  0]LogContentBrowser: Native class hierarchy updated for 'HierarchicalLODOutliner' in 0.0003 seconds. Added 0 classes and 0 folders.
[2020.01.04-18.36.53:764][  0]LogLoad: (Engine Initialization) Total time: 27.84 seconds
[2020.01.04-18.36.53:764][  0]LogLoad: (Engine Initialization) Total Blueprint compile time: 0.00 seconds
[2020.01.04-18.36.53:882][  0]LogAssetRegistry: Asset discovery search completed in 21.4616 seconds
[2020.01.04-18.36.53:887][  0]LogCollectionManager: Rebuilt the object cache for 0 collections in 0.000000 seconds (found 0 objects)
[2020.01.04-18.36.53:887][  0]LogCollectionManager: Fixed up redirectors for 0 collections in 0.000297 seconds (updated 0 objects)
[2020.01.04-18.36.53:892][  0]LogContentStreaming: Texture pool size now 1000 MB
[2020.01.04-18.36.58:997][231]LogFileCache: Retrieving MD5 hashes for directory 'E:/SeniorProject/PollutionProject/SeniorProject/Content/' took 5.16s
[2020.01.04-18.37.07:765][162]LogSlate: FSceneViewport::OnFocusLost() reason 0
[2020.01.04-18.37.09:094][277]LogSlate: Took 0.000165 seconds to synchronously load lazily loaded font '../../../Engine/Content/Slate/Fonts/Roboto-Light.ttf' (167K)
[2020.01.04-18.37.09:262][277]LogAIModule: Creating AISystem for world PlayTest
[2020.01.04-18.37.09:282][277]LogAssetEditorManager: Opening Asset editor for World /Game/Levels/PlayTest.PlayTest
[2020.01.04-18.37.09:306][277]LogUObjectHash: Compacting FUObjectHashTables data took   2.82ms
[2020.01.04-18.37.09:307][277]Cmd: MAP LOAD FILE="E:/SeniorProject/PollutionProject/SeniorProject/Content/Levels/PlayTest.umap" TEMPLATE=0 SHOWPROGRESS=1 FEATURELEVEL=3
[2020.01.04-18.37.09:308][277]LightingResults: New page: Lighting Build
[2020.01.04-18.37.09:308][277]LoadErrors: New page: Loading map: PlayTest.umap
[2020.01.04-18.37.09:337][277]MapCheck: New page: Map Check
[2020.01.04-18.37.09:338][277]LightingResults: New page: Lighting Build
[2020.01.04-18.37.09:394][277]LogUObjectHash: Compacting FUObjectHashTables data took   2.23ms
[2020.01.04-18.37.09:410][277]LogEditorServer: Finished looking for orphan Actors (0.000 secs)
[2020.01.04-18.37.09:432][277]LogUObjectHash: Compacting FUObjectHashTables data took   1.68ms
[2020.01.04-18.37.09:479][277]Cmd: MAP CHECKDEP NOCLEARLOG
[2020.01.04-18.37.09:481][277]MapCheck: Map check complete: 0 Error(s), 0 Warning(s), took 1.572ms to complete.
[2020.01.04-18.37.09:482][277]LogFileHelpers: Loading map 'PlayTest' took 0.174
[2020.01.04-18.37.21:427][ 51]LogSlate: Took 0.000334 seconds to synchronously load lazily loaded font '../../../Engine/Content/Slate/Fonts/Roboto-Italic.ttf' (157K)
[2020.01.04-18.37.29:186][886]LogTemp: Repeating last play command: Selected Viewport
[2020.01.04-18.37.29:223][886]LogBlueprintUserMessages: Early PlayInEditor Detection: Level '/Game/Levels/PlayTest.PlayTest:PersistentLevel' has LevelScriptBlueprint '/Game/Levels/PlayTest.PlayTest:PersistentLevel.PlayTest' with GeneratedClass '/Game/Levels/PlayTest.PlayTest_C' with ClassGeneratedBy '/Game/Levels/PlayTest.PlayTest:PersistentLevel.PlayTest'
[2020.01.04-18.37.29:223][886]LogPlayLevel: PlayLevel: No blueprints needed recompiling
[2020.01.04-18.37.29:223][886]PIE: New page: PIE session: PlayTest (Jan 4, 2020, 8:37:29 AM)
[2020.01.04-18.37.29:238][886]LogPlayLevel: Creating play world package: /Game/Levels/UEDPIE_0_PlayTest
[2020.01.04-18.37.29:249][886]LogPlayLevel: PIE: StaticDuplicateObject took: (0.011807s)
[2020.01.04-18.37.29:250][886]LogAIModule: Creating AISystem for world PlayTest
[2020.01.04-18.37.29:251][886]LogPlayLevel: PIE: World Init took: (0.001296s)
[2020.01.04-18.37.29:251][886]LogPlayLevel: PIE: Created PIE world by copying editor world from /Game/Levels/PlayTest.PlayTest to /Game/Levels/UEDPIE_0_PlayTest.PlayTest (0.013844s)
[2020.01.04-18.37.29:278][886]LogUObjectHash: Compacting FUObjectHashTables data took   1.83ms
[2020.01.04-18.37.29:429][886]LogInit: XAudio2 using 'Headset Earphone (2- Corsair HS70 Wireless Gaming Headset)' : 2 channels at 48 kHz using 16 bits per sample (channel mask 0x3)
[2020.01.04-18.37.29:447][886]LogInit: FAudioDevice initialized.
[2020.01.04-18.37.29:507][886]LogLoad: Game class is 'FirstPersonGameMode_C'
[2020.01.04-18.37.29:511][886]LogWorld: Bringing World /Game/Levels/UEDPIE_0_PlayTest.PlayTest up for play (max tick rate 0) at 2020.01.04-13.37.29
[2020.01.04-18.37.29:512][886]LogWorld: Bringing up level for play took: 0.003919
[2020.01.04-18.37.29:534][886]LogContentBrowser: Native class hierarchy updated for 'MovieSceneCapture' in 0.0007 seconds. Added 20 classes and 0 folders.
[2020.01.04-18.37.29:536][886]PIE: Play in editor start time for /Game/Levels/UEDPIE_0_PlayTest -0.356
[2020.01.04-18.37.29:536][886]LogBlueprintUserMessages: Late PlayInEditor Detection: Level '/Game/Levels/PlayTest.PlayTest:PersistentLevel' has LevelScriptBlueprint '/Game/Levels/PlayTest.PlayTest:PersistentLevel.PlayTest' with GeneratedClass '/Game/Levels/PlayTest.PlayTest_C' with ClassGeneratedBy '/Game/Levels/PlayTest.PlayTest:PersistentLevel.PlayTest'
[2020.01.04-18.37.31:751][114]LogSlate: FSceneViewport::OnFocusLost() reason 0
[2020.01.04-18.37.45:426][246]LogSlate: FSceneViewport::OnFocusLost() reason 0
[2020.01.04-18.37.52:939][957]LogSlate: FSceneViewport::OnFocusLost() reason 0
[2020.01.04-18.38.02:819][853]LogSlate: FSceneViewport::OnFocusLost() reason 0
[2020.01.04-18.38.18:540][239]LogSlate: FSceneViewport::OnFocusLost() reason 0
[2020.01.04-18.38.24:323][712]LogSlate: FSceneViewport::OnFocusLost() reason 0
[2020.01.04-18.38.24:394][719]LogBlueprintUserMessages: Early EndPlayMap Detection: Level '/Game/Levels/PlayTest.PlayTest:PersistentLevel' has LevelScriptBlueprint '/Game/Levels/PlayTest.PlayTest:PersistentLevel.PlayTest' with GeneratedClass '/Game/Levels/PlayTest.PlayTest_C' with ClassGeneratedBy '/Game/Levels/PlayTest.PlayTest:PersistentLevel.PlayTest'
[2020.01.04-18.38.24:396][719]LogSlate: Updating window title bar state: overlay mode, drag disabled, window buttons hidden, title bar hidden
[2020.01.04-18.38.24:438][719]LogPlayLevel: Display: Shutting down PIE online subsystems
[2020.01.04-18.38.24:438][719]LogBlueprintUserMessages: Late EndPlayMap Detection: Level '/Game/Levels/PlayTest.PlayTest:PersistentLevel' has LevelScriptBlueprint '/Game/Levels/PlayTest.PlayTest:PersistentLevel.PlayTest' with GeneratedClass '/Game/Levels/PlayTest.PlayTest_C' with ClassGeneratedBy '/Game/Levels/PlayTest.PlayTest:PersistentLevel.PlayTest'
[2020.01.04-18.38.24:466][719]LogSlate: Updating window title bar state: overlay mode, drag disabled, window buttons hidden, title bar hidden
[2020.01.04-18.38.24:472][719]LogUObjectHash: Compacting FUObjectHashTables data took   2.10ms
[2020.01.04-18.38.24:522][720]LogPlayLevel: Display: Destroying online subsystem :Context_2
[2020.01.04-18.38.30:271][333]LogTemp: Repeating last play command: Selected Viewport
[2020.01.04-18.38.30:294][333]LogBlueprintUserMessages: Early PlayInEditor Detection: Level '/Game/Levels/PlayTest.PlayTest:PersistentLevel' has LevelScriptBlueprint '/Game/Levels/PlayTest.PlayTest:PersistentLevel.PlayTest' with GeneratedClass '/Game/Levels/PlayTest.PlayTest_C' with ClassGeneratedBy '/Game/Levels/PlayTest.PlayTest:PersistentLevel.PlayTest'
[2020.01.04-18.38.30:295][333]LogPlayLevel: PlayLevel: No blueprints needed recompiling
[2020.01.04-18.38.30:295][333]PIE: New page: PIE session: PlayTest (Jan 4, 2020, 8:38:30 AM)
[2020.01.04-18.38.30:295][333]LogPlayLevel: Creating play world package: /Game/Levels/UEDPIE_0_PlayTest
[2020.01.04-18.38.30:307][333]LogPlayLevel: PIE: StaticDuplicateObject took: (0.011531s)
[2020.01.04-18.38.30:307][333]LogAIModule: Creating AISystem for world PlayTest
[2020.01.04-18.38.30:308][333]LogPlayLevel: PIE: World Init took: (0.000888s)
[2020.01.04-18.38.30:308][333]LogPlayLevel: PIE: Created PIE world by copying editor world from /Game/Levels/PlayTest.PlayTest to /Game/Levels/UEDPIE_0_PlayTest.PlayTest (0.012945s)
[2020.01.04-18.38.30:334][333]LogUObjectHash: Compacting FUObjectHashTables data took   2.25ms
[2020.01.04-18.38.30:486][333]LogInit: XAudio2 using 'Headset Earphone (2- Corsair HS70 Wireless Gaming Headset)' : 2 channels at 48 kHz using 16 bits per sample (channel mask 0x3)
[2020.01.04-18.38.30:503][333]LogInit: FAudioDevice initialized.
[2020.01.04-18.38.30:540][333]LogLoad: Game class is 'FirstPersonGameMode_C'
[2020.01.04-18.38.30:546][333]LogWorld: Bringing World /Game/Levels/UEDPIE_0_PlayTest.PlayTest up for play (max tick rate 0) at 2020.01.04-13.38.30
[2020.01.04-18.38.30:546][333]LogWorld: Bringing up level for play took: 0.005113
[2020.01.04-18.38.30:560][333]PIE: Play in editor start time for /Game/Levels/UEDPIE_0_PlayTest 0.669
[2020.01.04-18.38.30:561][333]LogBlueprintUserMessages: Late PlayInEditor Detection: Level '/Game/Levels/PlayTest.PlayTest:PersistentLevel' has LevelScriptBlueprint '/Game/Levels/PlayTest.PlayTest:PersistentLevel.PlayTest' with GeneratedClass '/Game/Levels/PlayTest.PlayTest_C' with ClassGeneratedBy '/Game/Levels/PlayTest.PlayTest:PersistentLevel.PlayTest'
[2020.01.04-18.38.37:544][128]LogSlate: FSceneViewport::OnFocusLost() reason 0
[2020.01.04-18.38.37:678][144]LogBlueprintUserMessages: Early EndPlayMap Detection: Level '/Game/Levels/PlayTest.PlayTest:PersistentLevel' has LevelScriptBlueprint '/Game/Levels/PlayTest.PlayTest:PersistentLevel.PlayTest' with GeneratedClass '/Game/Levels/PlayTest.PlayTest_C' with ClassGeneratedBy '/Game/Levels/PlayTest.PlayTest:PersistentLevel.PlayTest'
[2020.01.04-18.38.37:679][144]LogSlate: Updating window title bar state: overlay mode, drag disabled, window buttons hidden, title bar hidden
[2020.01.04-18.38.37:716][144]LogPlayLevel: Display: Shutting down PIE online subsystems
[2020.01.04-18.38.37:716][144]LogBlueprintUserMessages: Late EndPlayMap Detection: Level '/Game/Levels/PlayTest.PlayTest:PersistentLevel' has LevelScriptBlueprint '/Game/Levels/PlayTest.PlayTest:PersistentLevel.PlayTest' with GeneratedClass '/Game/Levels/PlayTest.PlayTest_C' with ClassGeneratedBy '/Game/Levels/PlayTest.PlayTest:PersistentLevel.PlayTest'
[2020.01.04-18.38.37:744][144]LogSlate: Updating window title bar state: overlay mode, drag disabled, window buttons hidden, title bar hidden
[2020.01.04-18.38.37:747][144]LogUObjectHash: Compacting FUObjectHashTables data took   1.19ms
[2020.01.04-18.38.37:787][147]LogPlayLevel: Display: Destroying online subsystem :Context_3
[2020.01.04-18.38.42:645][722]Cmd: SELECT NONE
