Log file open, 02/27/20 16:59:17
LogWindows: Failed to load 'aqProf.dll' (GetLastError=126)
LogWindows: File 'aqProf.dll' does not exist
LogWindows: Failed to load 'VtuneApi.dll' (GetLastError=126)
LogWindows: File 'VtuneApi.dll' does not exist
LogWindows: Failed to load 'VtuneApi32e.dll' (GetLastError=126)
LogWindows: File 'VtuneApi32e.dll' does not exist
LogConsoleResponse: Display: Failed to find resolution value strings in scalability ini. Falling back to default.
LogInit: Display: Running engine for game: SeniorProject
LogPakFile: Registered encryption key '00000000000000000000000000000000': 0 pak files mounted, 0 remain pending
LogPlatformFile: Not using cached read wrapper
LogTaskGraph: Started task graph with 5 named threads and 23 total threads with 3 sets of task threads.
LogStats: Stats thread started at 7.274343
LogD3D11RHI: Loaded GFSDK_Aftermath_Lib.x64.dll
LogICUInternationalization: ICU TimeZone Detection - Raw Offset: -5:00, Platform Override: ''
LogPluginManager: Mounting plugin Paper2D
LogPluginManager: Mounting plugin AISupport
LogPluginManager: Mounting plugin LightPropagationVolume
LogPluginManager: Mounting plugin ActorLayerUtilities
LogPluginManager: Mounting plugin AnimationSharing
LogPluginManager: Mounting plugin CLionSourceCodeAccess
LogPluginManager: Mounting plugin CodeLiteSourceCodeAccess
LogPluginManager: Mounting plugin GitSourceControl
LogPluginManager: Mounting plugin KDevelopSourceCodeAccess
LogPluginManager: Mounting plugin NullSourceCodeAccess
LogPluginManager: Mounting plugin PerforceSourceControl
LogPluginManager: Mounting plugin SubversionSourceControl
LogPluginManager: Mounting plugin UObjectPlugin
LogPluginManager: Mounting plugin VisualStudioCodeSourceCodeAccess
LogPluginManager: Mounting plugin VisualStudioSourceCodeAccess
LogPluginManager: Mounting plugin XCodeSourceCodeAccess
LogPluginManager: Mounting plugin AssetManagerEditor
LogPluginManager: Mounting plugin CryptoKeys
LogPluginManager: Mounting plugin DataValidation
LogPluginManager: Mounting plugin EditorScriptingUtilities
LogPluginManager: Mounting plugin FacialAnimation
LogPluginManager: Mounting plugin GameplayTagsEditor
LogPluginManager: Mounting plugin GLTFImporter
LogPluginManager: Mounting plugin MacGraphicsSwitching
LogPluginManager: Mounting plugin MaterialAnalyzer
LogPluginManager: Mounting plugin MeshEditor
LogPluginManager: Mounting plugin MobileLauncherProfileWizard
LogPluginManager: Mounting plugin PluginBrowser
LogPluginManager: Mounting plugin SpeedTreeImporter
LogPluginManager: Mounting plugin DatasmithContent
LogPluginManager: Mounting plugin VariantManagerContent
LogPluginManager: Mounting plugin AlembicImporter
LogPluginManager: Mounting plugin AppleImageUtils
LogPluginManager: Mounting plugin AppleVision
LogPluginManager: Mounting plugin BackChannel
LogPluginManager: Mounting plugin BlastPlugin
LogPluginManager: Mounting plugin ChaosSolverPlugin
LogPluginManager: Mounting plugin CharacterAI
LogPluginManager: Mounting plugin GeometryCache
LogPluginManager: Mounting plugin GeometryCollectionPlugin
LogPluginManager: Mounting plugin HTML5Networking
LogPluginManager: Mounting plugin ProxyLODPlugin
LogPluginManager: Mounting plugin SkeletalReduction
LogPluginManager: Mounting plugin MagicLeap
LogPluginManager: Mounting plugin MagicLeapMedia
LogPluginManager: Mounting plugin AndroidMedia
LogPluginManager: Mounting plugin AvfMedia
LogPluginManager: Mounting plugin ImgMedia
LogPluginManager: Mounting plugin LinearTimecode
LogPluginManager: Mounting plugin MediaCompositing
LogPluginManager: Mounting plugin MediaPlayerEditor
LogPluginManager: Mounting plugin WebMMedia
LogPluginManager: Mounting plugin WmfMedia
LogPluginManager: Mounting plugin TcpMessaging
LogPluginManager: Mounting plugin UdpMessaging
LogPluginManager: Mounting plugin ActorSequence
LogPluginManager: Mounting plugin LevelSequenceEditor
LogPluginManager: Mounting plugin MatineeToLevelSequence
LogPluginManager: Mounting plugin NetcodeUnitTest
LogPluginManager: Mounting plugin NUTUnrealEngine4
LogPluginManager: Mounting plugin OnlineSubsystemGooglePlay
LogPluginManager: Mounting plugin OnlineSubsystemIOS
LogPluginManager: Mounting plugin OnlineSubsystem
LogPluginManager: Mounting plugin OnlineSubsystemNull
LogPluginManager: Mounting plugin OnlineSubsystemUtils
LogPluginManager: Mounting plugin LauncherChunkInstaller
LogPluginManager: Mounting plugin AndroidDeviceProfileSelector
LogPluginManager: Mounting plugin AndroidMoviePlayer
LogPluginManager: Mounting plugin AndroidPermission
LogPluginManager: Mounting plugin AppleMoviePlayer
LogPluginManager: Mounting plugin ArchVisCharacter
LogPluginManager: Mounting plugin AudioCapture
LogPluginManager: Mounting plugin CableComponent
LogPluginManager: Mounting plugin CustomMeshComponent
LogPluginManager: Mounting plugin EditableMesh
LogPluginManager: Mounting plugin ExampleDeviceProfileSelector
LogPluginManager: Mounting plugin Firebase
LogPluginManager: Mounting plugin GoogleCloudMessaging
LogPluginManager: Mounting plugin IOSDeviceProfileSelector
LogPluginManager: Mounting plugin LinuxDeviceProfileSelector
LogPluginManager: Mounting plugin LocationServicesBPLibrary
LogPluginManager: Mounting plugin MobilePatchingUtils
LogPluginManager: Mounting plugin OculusVR
LogPluginManager: Mounting plugin PhysXVehicles
LogPluginManager: Mounting plugin ProceduralMeshComponent
LogPluginManager: Mounting plugin RuntimePhysXCooking
LogPluginManager: Mounting plugin SignificanceManager
LogPluginManager: Mounting plugin SteamVR
LogPluginManager: Mounting plugin WebMMoviePlayer
LogPluginManager: Mounting plugin WindowsMoviePlayer
LogPluginManager: Mounting plugin DatasmithCADImporter
LogPluginManager: Mounting plugin DatasmithDataPrepEditor
LogPluginManager: Mounting plugin DatasmithFBXImporter
LogPluginManager: Mounting plugin DatasmithGLTFImporter
LogPluginManager: Mounting plugin DatasmithImporter
LogPluginManager: Mounting plugin MDLImporter
LogPluginManager: Mounting plugin StaticMeshEditorExtension
LogPluginManager: Mounting plugin VariantManager
LogInit: Using libcurl 7.55.1-DEV
LogInit:  - built for x86_64-pc-win32
LogInit:  - supports SSL with OpenSSL/1.1.1
LogInit:  - supports HTTP deflate (compression) using libz 1.2.8
LogInit:  - other features:
LogInit:      CURL_VERSION_SSL
LogInit:      CURL_VERSION_LIBZ
LogInit:      CURL_VERSION_IPV6
LogInit:      CURL_VERSION_ASYNCHDNS
LogInit:      CURL_VERSION_LARGEFILE
LogInit:      CURL_VERSION_IDN
LogInit:  CurlRequestOptions (configurable via config and command line):
LogInit:  - bVerifyPeer = true  - Libcurl will verify peer certificate
LogInit:  - bUseHttpProxy = false  - Libcurl will NOT use HTTP proxy
LogInit:  - bDontReuseConnections = false  - Libcurl will reuse connections
LogInit:  - MaxHostConnections = 16  - Libcurl will limit the number of connections to a host
LogInit:  - LocalHostAddr = Default
LogInit:  - BufferSize = 65536
LogInit: WinSock: version 1.1 (2.2), MaxSocks=32767, MaxUdp=65467
LogHMD: Failed initializing OVRPlugin 1.32.0
LogInit: Build: ++UE4+Release-4.22-CL-7053642
LogInit: Engine Version: 4.22.3-7053642+++UE4+Release-4.22
LogInit: Compatible Engine Version: 4.22.0-5660361+++UE4+Release-4.22
LogInit: Net CL: 5660361
LogInit: OS: Windows 10 (Release 1903) (), CPU: Intel(R) Core(TM) i7-7700HQ CPU @ 2.80GHz, GPU: NVIDIA GeForce GTX 1070
LogInit: Compiled (64-bit): Jun 18 2019 03:09:11
LogInit: Compiled with Visual C++: 19.16.27025.01
LogInit: Build Configuration: Development
LogInit: Branch Name: ++UE4+Release-4.22
LogInit: Command Line:  -skipcompile
LogInit: Base Directory: D:/TheBestGame/UE_4.22/Engine/Binaries/Win64/
LogInit: Installed Engine Build: 1
LogDevObjectVersion: Number of dev versions registered: 23
LogDevObjectVersion:   Dev-Blueprints (B0D832E4-1F89-4F0D-ACCF-7EB736FD4AA2): 10
LogDevObjectVersion:   Dev-Build (E1C64328-A22C-4D53-A36C-8E866417BD8C): 0
LogDevObjectVersion:   Dev-Core (375EC13C-06E4-48FB-B500-84F0262A717E): 3
LogDevObjectVersion:   Dev-Editor (E4B068ED-F494-42E9-A231-DA0B2E46BB41): 30
LogDevObjectVersion:   Dev-Framework (CFFC743F-43B0-4480-9391-14DF171D2073): 35
LogDevObjectVersion:   Dev-Mobile (B02B49B5-BB20-44E9-A304-32B752E40360): 2
LogDevObjectVersion:   Dev-Networking (A4E4105C-59A1-49B5-A7C5-40C4547EDFEE): 0
LogDevObjectVersion:   Dev-Online (39C831C9-5AE6-47DC-9A44-9C173E1C8E7C): 0
LogDevObjectVersion:   Dev-Physics (78F01B33-EBEA-4F98-B9B4-84EACCB95AA2): 0
LogDevObjectVersion:   Dev-Platform (6631380F-2D4D-43E0-8009-CF276956A95A): 0
LogDevObjectVersion:   Dev-Rendering (12F88B9F-8875-4AFC-A67C-D90C383ABD29): 28
LogDevObjectVersion:   Dev-Sequencer (7B5AE74C-D270-4C10-A958-57980B212A5A): 11
LogDevObjectVersion:   Dev-VR (D7296918-1DD6-4BDD-9DE2-64A83CC13884): 2
LogDevObjectVersion:   Dev-LoadTimes (C2A15278-BFE7-4AFE-6C17-90FF531DF755): 1
LogDevObjectVersion:   Private-Geometry (6EACA3D4-40EC-4CC1-B786-8BED09428FC5): 3
LogDevObjectVersion:   Dev-AnimPhys (29E575DD-E0A3-4627-9D10-D276232CDCEA): 17
LogDevObjectVersion:   Dev-Anim (AF43A65D-7FD3-4947-9873-3E8ED9C1BB05): 2
LogDevObjectVersion:   Dev-ReflectionCapture (6B266CEC-1EC7-4B8F-A30B-E4D90942FC07): 1
LogDevObjectVersion:   Dev-Automation (0DF73D61-A23F-47EA-B727-89E90C41499A): 1
LogDevObjectVersion:   FortniteMain (601D1886-AC64-4F84-AA16-D3DE0DEAC7D6): 25
LogDevObjectVersion:   Dev-Enterprise (9DFFBCD6-494F-0158-E221-12823C92A888): 6
LogDevObjectVersion:   Dev-Niagara (F2AED0AC-9AFE-416F-8664-AA7FFA26D6FC): 1
LogDevObjectVersion:   Dev-Destruction (174F1F0B-B4C6-45A5-B13F-2EE8D0FB917D): 2
LogInit: Presizing for max 16777216 objects, including 0 objects not considered by GC, pre-allocating 0 bytes for permanent pool.
LogInit: Object subsystem initialized
LogConfig: Setting CVar [[con.DebugEarlyDefault:1]]
LogConfig: Setting CVar [[r.setres:1280x720]]
[2020.02.27-21.59.19:811][  0]LogConfig: Setting CVar [[r.VSync:0]]
[2020.02.27-21.59.19:811][  0]LogConfig: Setting CVar [[r.RHICmdBypass:0]]
[2020.02.27-21.59.19:812][  0]LogConfig: Applying CVar settings from Section [/Script/Engine.RendererSettings] File [C:/SeniorProject/PollutionProject/SeniorProject/Saved/Config/Windows/Engine.ini]
[2020.02.27-21.59.19:812][  0]LogConfig: Setting CVar [[r.GPUCrashDebugging:0]]
[2020.02.27-21.59.19:812][  0]LogConfig: Setting CVar [[r.DefaultFeature.AutoExposure.ExtendDefaultLuminanceRange:1]]
[2020.02.27-21.59.19:812][  0]LogConfig: Setting CVar [[r.GenerateMeshDistanceFields:1]]
[2020.02.27-21.59.19:812][  0]LogConfig: Applying CVar settings from Section [/Script/Engine.RendererOverrideSettings] File [C:/SeniorProject/PollutionProject/SeniorProject/Saved/Config/Windows/Engine.ini]
[2020.02.27-21.59.19:812][  0]LogConfig: Applying CVar settings from Section [/Script/Engine.StreamingSettings] File [C:/SeniorProject/PollutionProject/SeniorProject/Saved/Config/Windows/Engine.ini]
[2020.02.27-21.59.19:812][  0]LogConfig: Setting CVar [[s.MinBulkDataSizeForAsyncLoading:131072]]
[2020.02.27-21.59.19:812][  0]LogConfig: Setting CVar [[s.AsyncLoadingThreadEnabled:0]]
[2020.02.27-21.59.19:813][  0]LogConfig: Setting CVar [[s.EventDrivenLoaderEnabled:1]]
[2020.02.27-21.59.19:813][  0]LogConfig: Setting CVar [[s.WarnIfTimeLimitExceeded:0]]
[2020.02.27-21.59.19:813][  0]LogConfig: Setting CVar [[s.TimeLimitExceededMultiplier:1.5]]
[2020.02.27-21.59.19:813][  0]LogConfig: Setting CVar [[s.TimeLimitExceededMinTime:0.005]]
[2020.02.27-21.59.19:813][  0]LogConfig: Setting CVar [[s.UseBackgroundLevelStreaming:1]]
[2020.02.27-21.59.19:813][  0]LogConfig: Setting CVar [[s.PriorityAsyncLoadingExtraTime:15.0]]
[2020.02.27-21.59.19:813][  0]LogConfig: Setting CVar [[s.LevelStreamingActorsUpdateTimeLimit:5.0]]
[2020.02.27-21.59.19:813][  0]LogConfig: Setting CVar [[s.PriorityLevelStreamingActorsUpdateExtraTime:5.0]]
[2020.02.27-21.59.19:813][  0]LogConfig: Setting CVar [[s.LevelStreamingComponentsRegistrationGranularity:10]]
[2020.02.27-21.59.19:813][  0]LogConfig: Setting CVar [[s.UnregisterComponentsTimeLimit:1.0]]
[2020.02.27-21.59.19:814][  0]LogConfig: Setting CVar [[s.LevelStreamingComponentsUnregistrationGranularity:5]]
[2020.02.27-21.59.19:814][  0]LogConfig: Applying CVar settings from Section [/Script/Engine.GarbageCollectionSettings] File [C:/SeniorProject/PollutionProject/SeniorProject/Saved/Config/Windows/Engine.ini]
[2020.02.27-21.59.19:814][  0]LogConfig: Setting CVar [[gc.MaxObjectsNotConsideredByGC:1]]
[2020.02.27-21.59.19:814][  0]LogConfig: Setting CVar [[gc.SizeOfPermanentObjectPool:0]]
[2020.02.27-21.59.19:814][  0]LogConfig: Setting CVar [[gc.FlushStreamingOnGC:0]]
[2020.02.27-21.59.19:814][  0]LogConfig: Setting CVar [[gc.NumRetriesBeforeForcingGC:10]]
[2020.02.27-21.59.19:814][  0]LogConfig: Setting CVar [[gc.AllowParallelGC:1]]
[2020.02.27-21.59.19:814][  0]LogConfig: Setting CVar [[gc.TimeBetweenPurgingPendingKillObjects:61.1]]
[2020.02.27-21.59.19:814][  0]LogConfig: Setting CVar [[gc.MaxObjectsInEditor:16777216]]
[2020.02.27-21.59.19:814][  0]LogConfig: Setting CVar [[gc.IncrementalBeginDestroyEnabled:1]]
[2020.02.27-21.59.19:814][  0]LogConfig: Setting CVar [[gc.CreateGCClusters:1]]
[2020.02.27-21.59.19:814][  0]LogConfig: Setting CVar [[gc.MinGCClusterSize:5]]
[2020.02.27-21.59.19:815][  0]LogConfig: Setting CVar [[gc.ActorClusteringEnabled:0]]
[2020.02.27-21.59.19:815][  0]LogConfig: Setting CVar [[gc.BlueprintClusteringEnabled:0]]
[2020.02.27-21.59.19:815][  0]LogConfig: Setting CVar [[gc.UseDisregardForGCOnDedicatedServers:0]]
[2020.02.27-21.59.19:815][  0]LogConfig: Applying CVar settings from Section [/Script/Engine.NetworkSettings] File [C:/SeniorProject/PollutionProject/SeniorProject/Saved/Config/Windows/Engine.ini]
[2020.02.27-21.59.19:815][  0]LogConfig: Applying CVar settings from Section [/Script/UnrealEd.CookerSettings] File [C:/SeniorProject/PollutionProject/SeniorProject/Saved/Config/Windows/Engine.ini]
[2020.02.27-21.59.19:849][  0]LogConfig: Applying CVar settings from Section [ViewDistanceQuality@3] File [C:/SeniorProject/PollutionProject/SeniorProject/Saved/Config/Windows/Scalability.ini]
[2020.02.27-21.59.19:849][  0]LogConfig: Setting CVar [[r.SkeletalMeshLODBias:0]]
[2020.02.27-21.59.19:849][  0]LogConfig: Setting CVar [[r.ViewDistanceScale:1.0]]
[2020.02.27-21.59.19:849][  0]LogConfig: Applying CVar settings from Section [AntiAliasingQuality@3] File [C:/SeniorProject/PollutionProject/SeniorProject/Saved/Config/Windows/Scalability.ini]
[2020.02.27-21.59.19:849][  0]LogConfig: Setting CVar [[r.PostProcessAAQuality:4]]
[2020.02.27-21.59.19:849][  0]LogConfig: Applying CVar settings from Section [ShadowQuality@3] File [C:/SeniorProject/PollutionProject/SeniorProject/Saved/Config/Windows/Scalability.ini]
[2020.02.27-21.59.19:850][  0]LogConfig: Setting CVar [[r.LightFunctionQuality:1]]
[2020.02.27-21.59.19:850][  0]LogConfig: Setting CVar [[r.ShadowQuality:5]]
[2020.02.27-21.59.19:850][  0]LogConfig: Setting CVar [[r.Shadow.CSM.MaxCascades:10]]
[2020.02.27-21.59.19:850][  0]LogConfig: Setting CVar [[r.Shadow.MaxResolution:2048]]
[2020.02.27-21.59.19:850][  0]LogConfig: Setting CVar [[r.Shadow.MaxCSMResolution:2048]]
[2020.02.27-21.59.19:850][  0]LogConfig: Setting CVar [[r.Shadow.RadiusThreshold:0.01]]
[2020.02.27-21.59.19:850][  0]LogConfig: Setting CVar [[r.Shadow.DistanceScale:1.0]]
[2020.02.27-21.59.19:850][  0]LogConfig: Setting CVar [[r.Shadow.CSM.TransitionScale:1.0]]
[2020.02.27-21.59.19:850][  0]LogConfig: Setting CVar [[r.Shadow.PreShadowResolutionFactor:1.0]]
[2020.02.27-21.59.19:850][  0]LogConfig: Setting CVar [[r.DistanceFieldShadowing:1]]
[2020.02.27-21.59.19:850][  0]LogConfig: Setting CVar [[r.DistanceFieldAO:1]]
[2020.02.27-21.59.19:850][  0]LogConfig: Setting CVar [[r.AOQuality:2]]
[2020.02.27-21.59.19:850][  0]LogConfig: Setting CVar [[r.VolumetricFog:1]]
[2020.02.27-21.59.19:851][  0]LogConfig: Setting CVar [[r.VolumetricFog.GridPixelSize:8]]
[2020.02.27-21.59.19:851][  0]LogConfig: Setting CVar [[r.VolumetricFog.GridSizeZ:128]]
[2020.02.27-21.59.19:851][  0]LogConfig: Setting CVar [[r.VolumetricFog.HistoryMissSupersampleCount:4]]
[2020.02.27-21.59.19:851][  0]LogConfig: Setting CVar [[r.LightMaxDrawDistanceScale:1]]
[2020.02.27-21.59.19:851][  0]LogConfig: Setting CVar [[r.CapsuleShadows:1]]
[2020.02.27-21.59.19:851][  0]LogConfig: Applying CVar settings from Section [PostProcessQuality@3] File [C:/SeniorProject/PollutionProject/SeniorProject/Saved/Config/Windows/Scalability.ini]
[2020.02.27-21.59.19:851][  0]LogConfig: Setting CVar [[r.MotionBlurQuality:4]]
[2020.02.27-21.59.19:851][  0]LogConfig: Setting CVar [[r.AmbientOcclusionMipLevelFactor:0.4]]
[2020.02.27-21.59.19:851][  0]LogConfig: Setting CVar [[r.AmbientOcclusionMaxQuality:100]]
[2020.02.27-21.59.19:851][  0]LogConfig: Setting CVar [[r.AmbientOcclusionLevels:-1]]
[2020.02.27-21.59.19:851][  0]LogConfig: Setting CVar [[r.AmbientOcclusionRadiusScale:1.0]]
[2020.02.27-21.59.19:851][  0]LogConfig: Setting CVar [[r.DepthOfFieldQuality:2]]
[2020.02.27-21.59.19:851][  0]LogConfig: Setting CVar [[r.RenderTargetPoolMin:400]]
[2020.02.27-21.59.19:852][  0]LogConfig: Setting CVar [[r.LensFlareQuality:2]]
[2020.02.27-21.59.19:852][  0]LogConfig: Setting CVar [[r.SceneColorFringeQuality:1]]
[2020.02.27-21.59.19:852][  0]LogConfig: Setting CVar [[r.EyeAdaptationQuality:2]]
[2020.02.27-21.59.19:852][  0]LogConfig: Setting CVar [[r.BloomQuality:5]]
[2020.02.27-21.59.19:852][  0]LogConfig: Setting CVar [[r.FastBlurThreshold:100]]
[2020.02.27-21.59.19:852][  0]LogConfig: Setting CVar [[r.Upscale.Quality:3]]
[2020.02.27-21.59.19:852][  0]LogConfig: Setting CVar [[r.Tonemapper.GrainQuantization:1]]
[2020.02.27-21.59.19:852][  0]LogConfig: Setting CVar [[r.LightShaftQuality:1]]
[2020.02.27-21.59.19:852][  0]LogConfig: Setting CVar [[r.Filter.SizeScale:1]]
[2020.02.27-21.59.19:852][  0]LogConfig: Setting CVar [[r.Tonemapper.Quality:5]]
[2020.02.27-21.59.19:852][  0]LogConfig: Setting CVar [[r.DOF.Gather.AccumulatorQuality:1        ; higher gathering accumulator quality]]
[2020.02.27-21.59.19:852][  0]LogConfig: Setting CVar [[r.DOF.Gather.PostfilterMethod:1          ; Median3x3 postfilering method]]
[2020.02.27-21.59.19:852][  0]LogConfig: Setting CVar [[r.DOF.Gather.EnableBokehSettings:0       ; no bokeh simulation when gathering]]
[2020.02.27-21.59.19:853][  0]LogConfig: Setting CVar [[r.DOF.Gather.RingCount:4                 ; medium number of samples when gathering]]
[2020.02.27-21.59.19:853][  0]LogConfig: Setting CVar [[r.DOF.Scatter.ForegroundCompositing:1    ; additive foreground scattering]]
[2020.02.27-21.59.19:853][  0]LogConfig: Setting CVar [[r.DOF.Scatter.BackgroundCompositing:2    ; additive background scattering]]
[2020.02.27-21.59.19:853][  0]LogConfig: Setting CVar [[r.DOF.Scatter.EnableBokehSettings:1      ; bokeh simulation when scattering]]
[2020.02.27-21.59.19:853][  0]LogConfig: Setting CVar [[r.DOF.Scatter.MaxSpriteRatio:0.1         ; only a maximum of 10% of scattered bokeh]]
[2020.02.27-21.59.19:853][  0]LogConfig: Setting CVar [[r.DOF.Recombine.Quality:1                ; cheap slight out of focus]]
[2020.02.27-21.59.19:853][  0]LogConfig: Setting CVar [[r.DOF.Recombine.EnableBokehSettings:0    ; no bokeh simulation on slight out of focus]]
[2020.02.27-21.59.19:853][  0]LogConfig: Setting CVar [[r.DOF.TemporalAAQuality:1                ; more stable temporal accumulation]]
[2020.02.27-21.59.19:853][  0]LogConfig: Setting CVar [[r.DOF.Kernel.MaxForegroundRadius:0.025]]
[2020.02.27-21.59.19:853][  0]LogConfig: Setting CVar [[r.DOF.Kernel.MaxBackgroundRadius:0.025]]
[2020.02.27-21.59.19:853][  0]LogConfig: Applying CVar settings from Section [TextureQuality@3] File [C:/SeniorProject/PollutionProject/SeniorProject/Saved/Config/Windows/Scalability.ini]
[2020.02.27-21.59.19:853][  0]LogConfig: Setting CVar [[r.Streaming.MipBias:0]]
[2020.02.27-21.59.19:853][  0]LogConfig: Setting CVar [[r.Streaming.AmortizeCPUToGPUCopy:0]]
[2020.02.27-21.59.19:854][  0]LogConfig: Setting CVar [[r.Streaming.MaxNumTexturesToStreamPerFrame:0]]
[2020.02.27-21.59.19:854][  0]LogConfig: Setting CVar [[r.Streaming.Boost:1]]
[2020.02.27-21.59.19:854][  0]LogConfig: Setting CVar [[r.MaxAnisotropy:8]]
[2020.02.27-21.59.19:854][  0]LogConfig: Setting CVar [[r.Streaming.LimitPoolSizeToVRAM:0]]
[2020.02.27-21.59.19:854][  0]LogConfig: Setting CVar [[r.Streaming.PoolSize:1000]]
[2020.02.27-21.59.19:854][  0]LogConfig: Setting CVar [[r.Streaming.MaxEffectiveScreenSize:0]]
[2020.02.27-21.59.19:854][  0]LogConfig: Applying CVar settings from Section [EffectsQuality@3] File [C:/SeniorProject/PollutionProject/SeniorProject/Saved/Config/Windows/Scalability.ini]
[2020.02.27-21.59.19:854][  0]LogConfig: Setting CVar [[r.TranslucencyLightingVolumeDim:64]]
[2020.02.27-21.59.19:854][  0]LogConfig: Setting CVar [[r.RefractionQuality:2]]
[2020.02.27-21.59.19:854][  0]LogConfig: Setting CVar [[r.SSR.Quality:3]]
[2020.02.27-21.59.19:854][  0]LogConfig: Setting CVar [[r.SceneColorFormat:4]]
[2020.02.27-21.59.19:854][  0]LogConfig: Setting CVar [[r.DetailMode:2]]
[2020.02.27-21.59.19:854][  0]LogConfig: Setting CVar [[r.TranslucencyVolumeBlur:1]]
[2020.02.27-21.59.19:855][  0]LogConfig: Setting CVar [[r.MaterialQualityLevel:1 ; High quality]]
[2020.02.27-21.59.19:855][  0]LogConfig: Setting CVar [[r.SSS.Scale:1]]
[2020.02.27-21.59.19:855][  0]LogConfig: Setting CVar [[r.SSS.SampleSet:2]]
[2020.02.27-21.59.19:855][  0]LogConfig: Setting CVar [[r.SSS.Quality:1]]
[2020.02.27-21.59.19:855][  0]LogConfig: Setting CVar [[r.SSS.HalfRes:1]]
[2020.02.27-21.59.19:855][  0]LogConfig: Setting CVar [[r.EmitterSpawnRateScale:1.0]]
[2020.02.27-21.59.19:855][  0]LogConfig: Setting CVar [[r.ParticleLightQuality:2]]
[2020.02.27-21.59.19:855][  0]LogConfig: Applying CVar settings from Section [FoliageQuality@3] File [C:/SeniorProject/PollutionProject/SeniorProject/Saved/Config/Windows/Scalability.ini]
[2020.02.27-21.59.19:855][  0]LogConfig: Setting CVar [[foliage.DensityScale:1.0]]
[2020.02.27-21.59.19:855][  0]LogConfig: Setting CVar [[grass.DensityScale:1.0]]
[2020.02.27-21.59.19:858][  0]LogInit: Selected Device Profile: [Windows]
[2020.02.27-21.59.19:858][  0]LogInit: Applying CVar settings loaded from the selected device profile: [Windows]
[2020.02.27-21.59.19:914][  0]LogHAL: Display: Platform has ~ 16 GB [17130708992 / 17179869184 / 16], which maps to Larger [LargestMinGB=32, LargerMinGB=12, DefaultMinGB=8, SmallerMinGB=6, SmallestMinGB=0)
[2020.02.27-21.59.19:914][  0]LogConfig: Setting CVar [[r.Vulkan.UseRealUBs:0		; Required until we fix HLR fall-out]]
[2020.02.27-21.59.19:914][  0]LogInit: Going up to parent DeviceProfile []
[2020.02.27-21.59.19:933][  0]LogConfig: Applying CVar settings from Section [ViewDistanceQuality@3] File [C:/SeniorProject/PollutionProject/SeniorProject/Saved/Config/Windows/Scalability.ini]
[2020.02.27-21.59.19:933][  0]LogConfig: Setting CVar [[r.SkeletalMeshLODBias:0]]
[2020.02.27-21.59.19:933][  0]LogConfig: Setting CVar [[r.ViewDistanceScale:1.0]]
[2020.02.27-21.59.19:934][  0]LogConfig: Applying CVar settings from Section [AntiAliasingQuality@3] File [C:/SeniorProject/PollutionProject/SeniorProject/Saved/Config/Windows/Scalability.ini]
[2020.02.27-21.59.19:934][  0]LogConfig: Setting CVar [[r.PostProcessAAQuality:4]]
[2020.02.27-21.59.19:934][  0]LogConfig: Applying CVar settings from Section [ShadowQuality@3] File [C:/SeniorProject/PollutionProject/SeniorProject/Saved/Config/Windows/Scalability.ini]
[2020.02.27-21.59.19:934][  0]LogConfig: Setting CVar [[r.LightFunctionQuality:1]]
[2020.02.27-21.59.19:934][  0]LogConfig: Setting CVar [[r.ShadowQuality:5]]
[2020.02.27-21.59.19:934][  0]LogConfig: Setting CVar [[r.Shadow.CSM.MaxCascades:10]]
[2020.02.27-21.59.19:934][  0]LogConfig: Setting CVar [[r.Shadow.MaxResolution:2048]]
[2020.02.27-21.59.19:934][  0]LogConfig: Setting CVar [[r.Shadow.MaxCSMResolution:2048]]
[2020.02.27-21.59.19:934][  0]LogConfig: Setting CVar [[r.Shadow.RadiusThreshold:0.01]]
[2020.02.27-21.59.19:934][  0]LogConfig: Setting CVar [[r.Shadow.DistanceScale:1.0]]
[2020.02.27-21.59.19:935][  0]LogConfig: Setting CVar [[r.Shadow.CSM.TransitionScale:1.0]]
[2020.02.27-21.59.19:935][  0]LogConfig: Setting CVar [[r.Shadow.PreShadowResolutionFactor:1.0]]
[2020.02.27-21.59.19:935][  0]LogConfig: Setting CVar [[r.DistanceFieldShadowing:1]]
[2020.02.27-21.59.19:935][  0]LogConfig: Setting CVar [[r.DistanceFieldAO:1]]
[2020.02.27-21.59.19:935][  0]LogConfig: Setting CVar [[r.AOQuality:2]]
[2020.02.27-21.59.19:935][  0]LogConfig: Setting CVar [[r.VolumetricFog:1]]
[2020.02.27-21.59.19:935][  0]LogConfig: Setting CVar [[r.VolumetricFog.GridPixelSize:8]]
[2020.02.27-21.59.19:935][  0]LogConfig: Setting CVar [[r.VolumetricFog.GridSizeZ:128]]
[2020.02.27-21.59.19:935][  0]LogConfig: Setting CVar [[r.VolumetricFog.HistoryMissSupersampleCount:4]]
[2020.02.27-21.59.19:935][  0]LogConfig: Setting CVar [[r.LightMaxDrawDistanceScale:1]]
[2020.02.27-21.59.19:936][  0]LogConfig: Setting CVar [[r.CapsuleShadows:1]]
[2020.02.27-21.59.19:936][  0]LogConfig: Applying CVar settings from Section [PostProcessQuality@3] File [C:/SeniorProject/PollutionProject/SeniorProject/Saved/Config/Windows/Scalability.ini]
[2020.02.27-21.59.19:936][  0]LogConfig: Setting CVar [[r.MotionBlurQuality:4]]
[2020.02.27-21.59.19:936][  0]LogConfig: Setting CVar [[r.AmbientOcclusionMipLevelFactor:0.4]]
[2020.02.27-21.59.19:936][  0]LogConfig: Setting CVar [[r.AmbientOcclusionMaxQuality:100]]
[2020.02.27-21.59.19:936][  0]LogConfig: Setting CVar [[r.AmbientOcclusionLevels:-1]]
[2020.02.27-21.59.19:936][  0]LogConfig: Setting CVar [[r.AmbientOcclusionRadiusScale:1.0]]
[2020.02.27-21.59.19:936][  0]LogConfig: Setting CVar [[r.DepthOfFieldQuality:2]]
[2020.02.27-21.59.19:936][  0]LogConfig: Setting CVar [[r.RenderTargetPoolMin:400]]
[2020.02.27-21.59.19:936][  0]LogConfig: Setting CVar [[r.LensFlareQuality:2]]
[2020.02.27-21.59.19:937][  0]LogConfig: Setting CVar [[r.SceneColorFringeQuality:1]]
[2020.02.27-21.59.19:937][  0]LogConfig: Setting CVar [[r.EyeAdaptationQuality:2]]
[2020.02.27-21.59.19:937][  0]LogConfig: Setting CVar [[r.BloomQuality:5]]
[2020.02.27-21.59.19:937][  0]LogConfig: Setting CVar [[r.FastBlurThreshold:100]]
[2020.02.27-21.59.19:937][  0]LogConfig: Setting CVar [[r.Upscale.Quality:3]]
[2020.02.27-21.59.19:937][  0]LogConfig: Setting CVar [[r.Tonemapper.GrainQuantization:1]]
[2020.02.27-21.59.19:937][  0]LogConfig: Setting CVar [[r.LightShaftQuality:1]]
[2020.02.27-21.59.19:937][  0]LogConfig: Setting CVar [[r.Filter.SizeScale:1]]
[2020.02.27-21.59.19:937][  0]LogConfig: Setting CVar [[r.Tonemapper.Quality:5]]
[2020.02.27-21.59.19:937][  0]LogConfig: Setting CVar [[r.DOF.Gather.AccumulatorQuality:1        ; higher gathering accumulator quality]]
[2020.02.27-21.59.19:938][  0]LogConfig: Setting CVar [[r.DOF.Gather.PostfilterMethod:1          ; Median3x3 postfilering method]]
[2020.02.27-21.59.19:938][  0]LogConfig: Setting CVar [[r.DOF.Gather.EnableBokehSettings:0       ; no bokeh simulation when gathering]]
[2020.02.27-21.59.19:938][  0]LogConfig: Setting CVar [[r.DOF.Gather.RingCount:4                 ; medium number of samples when gathering]]
[2020.02.27-21.59.19:938][  0]LogConfig: Setting CVar [[r.DOF.Scatter.ForegroundCompositing:1    ; additive foreground scattering]]
[2020.02.27-21.59.19:938][  0]LogConfig: Setting CVar [[r.DOF.Scatter.BackgroundCompositing:2    ; additive background scattering]]
[2020.02.27-21.59.19:938][  0]LogConfig: Setting CVar [[r.DOF.Scatter.EnableBokehSettings:1      ; bokeh simulation when scattering]]
[2020.02.27-21.59.19:938][  0]LogConfig: Setting CVar [[r.DOF.Scatter.MaxSpriteRatio:0.1         ; only a maximum of 10% of scattered bokeh]]
[2020.02.27-21.59.19:938][  0]LogConfig: Setting CVar [[r.DOF.Recombine.Quality:1                ; cheap slight out of focus]]
[2020.02.27-21.59.19:938][  0]LogConfig: Setting CVar [[r.DOF.Recombine.EnableBokehSettings:0    ; no bokeh simulation on slight out of focus]]
[2020.02.27-21.59.19:938][  0]LogConfig: Setting CVar [[r.DOF.TemporalAAQuality:1                ; more stable temporal accumulation]]
[2020.02.27-21.59.19:938][  0]LogConfig: Setting CVar [[r.DOF.Kernel.MaxForegroundRadius:0.025]]
[2020.02.27-21.59.19:938][  0]LogConfig: Setting CVar [[r.DOF.Kernel.MaxBackgroundRadius:0.025]]
[2020.02.27-21.59.19:939][  0]LogConfig: Applying CVar settings from Section [TextureQuality@3] File [C:/SeniorProject/PollutionProject/SeniorProject/Saved/Config/Windows/Scalability.ini]
[2020.02.27-21.59.19:939][  0]LogConfig: Setting CVar [[r.Streaming.MipBias:0]]
[2020.02.27-21.59.19:939][  0]LogConfig: Setting CVar [[r.Streaming.AmortizeCPUToGPUCopy:0]]
[2020.02.27-21.59.19:939][  0]LogConfig: Setting CVar [[r.Streaming.MaxNumTexturesToStreamPerFrame:0]]
[2020.02.27-21.59.19:939][  0]LogConfig: Setting CVar [[r.Streaming.Boost:1]]
[2020.02.27-21.59.19:939][  0]LogConfig: Setting CVar [[r.MaxAnisotropy:8]]
[2020.02.27-21.59.19:939][  0]LogConfig: Setting CVar [[r.Streaming.LimitPoolSizeToVRAM:0]]
[2020.02.27-21.59.19:939][  0]LogConfig: Setting CVar [[r.Streaming.PoolSize:1000]]
[2020.02.27-21.59.19:939][  0]LogConfig: Setting CVar [[r.Streaming.MaxEffectiveScreenSize:0]]
[2020.02.27-21.59.19:939][  0]LogConfig: Applying CVar settings from Section [EffectsQuality@3] File [C:/SeniorProject/PollutionProject/SeniorProject/Saved/Config/Windows/Scalability.ini]
[2020.02.27-21.59.19:939][  0]LogConfig: Setting CVar [[r.TranslucencyLightingVolumeDim:64]]
[2020.02.27-21.59.19:939][  0]LogConfig: Setting CVar [[r.RefractionQuality:2]]
[2020.02.27-21.59.19:939][  0]LogConfig: Setting CVar [[r.SSR.Quality:3]]
[2020.02.27-21.59.19:939][  0]LogConfig: Setting CVar [[r.SceneColorFormat:4]]
[2020.02.27-21.59.19:940][  0]LogConfig: Setting CVar [[r.DetailMode:2]]
[2020.02.27-21.59.19:940][  0]LogConfig: Setting CVar [[r.TranslucencyVolumeBlur:1]]
[2020.02.27-21.59.19:940][  0]LogConfig: Setting CVar [[r.MaterialQualityLevel:1 ; High quality]]
[2020.02.27-21.59.19:940][  0]LogConfig: Setting CVar [[r.SSS.Scale:1]]
[2020.02.27-21.59.19:940][  0]LogConfig: Setting CVar [[r.SSS.SampleSet:2]]
[2020.02.27-21.59.19:940][  0]LogConfig: Setting CVar [[r.SSS.Quality:1]]
[2020.02.27-21.59.19:940][  0]LogConfig: Setting CVar [[r.SSS.HalfRes:1]]
[2020.02.27-21.59.19:940][  0]LogConfig: Setting CVar [[r.EmitterSpawnRateScale:1.0]]
[2020.02.27-21.59.19:940][  0]LogConfig: Setting CVar [[r.ParticleLightQuality:2]]
[2020.02.27-21.59.19:940][  0]LogConfig: Applying CVar settings from Section [FoliageQuality@3] File [C:/SeniorProject/PollutionProject/SeniorProject/Saved/Config/Windows/Scalability.ini]
[2020.02.27-21.59.19:940][  0]LogConfig: Setting CVar [[foliage.DensityScale:1.0]]
[2020.02.27-21.59.19:940][  0]LogConfig: Setting CVar [[grass.DensityScale:1.0]]
[2020.02.27-21.59.19:940][  0]LogConfig: Applying CVar settings from Section [Startup] File [../../../Engine/Config/ConsoleVariables.ini]
[2020.02.27-21.59.19:941][  0]LogConfig: Setting CVar [[net.UseAdaptiveNetUpdateFrequency:0]]
[2020.02.27-21.59.19:941][  0]LogConfig: Setting CVar [[p.chaos.AllowCreatePhysxBodies:1]]
[2020.02.27-21.59.19:941][  0]LogConfig: Applying CVar settings from Section [ConsoleVariables] File [C:/SeniorProject/PollutionProject/SeniorProject/Saved/Config/Windows/Engine.ini]
[2020.02.27-21.59.19:958][  0]LogInit: Computer: DESKTOP-L1LT82N
[2020.02.27-21.59.19:959][  0]LogInit: User: Greg
[2020.02.27-21.59.19:959][  0]LogInit: CPU Page size=4096, Cores=4
[2020.02.27-21.59.19:959][  0]LogInit: High frequency timer resolution =10.000000 MHz
[2020.02.27-21.59.19:959][  0]LogMemory: Memory total: Physical=16.0GB (16GB approx)
[2020.02.27-21.59.19:959][  0]LogMemory: Platform Memory Stats for Windows
[2020.02.27-21.59.19:960][  0]LogMemory: Process Physical Memory: 102.99 MB used, 102.99 MB peak
[2020.02.27-21.59.19:960][  0]LogMemory: Process Virtual Memory: 104.74 MB used, 104.74 MB peak
[2020.02.27-21.59.19:960][  0]LogMemory: Physical Memory: 12406.86 MB used,  3930.26 MB free, 16337.12 MB total
[2020.02.27-21.59.19:960][  0]LogMemory: Virtual Memory: 4671.19 MB used,  134213056.00 MB free, 134217728.00 MB total
[2020.02.27-21.59.22:298][  0]LogInit: Using OS detected language (en-US).
[2020.02.27-21.59.22:298][  0]LogInit: Using OS detected locale (en-US).
[2020.02.27-21.59.22:360][  0]LogTextLocalizationManager: No specific localization for 'en-US' exists, so the 'en' localization will be used.
[2020.02.27-21.59.23:022][  0]LogInit: Setting process to per monitor DPI aware
[2020.02.27-21.59.23:315][  0]LogSlate: New Slate User Created.  User Index 0, Is Virtual User: 0
[2020.02.27-21.59.23:315][  0]LogSlate: Slate User Registered.  User Index 0, Is Virtual User: 0
[2020.02.27-21.59.28:751][  0]LogHMD: Failed to initialize OpenVR with code 110
[2020.02.27-21.59.28:751][  0]LogD3D11RHI: D3D11 adapters:
[2020.02.27-21.59.28:873][  0]LogD3D11RHI:    0. 'NVIDIA GeForce GTX 1070' (Feature Level 11_0)
[2020.02.27-21.59.28:873][  0]LogD3D11RHI:       8089/0/8168 MB DedicatedVideo/DedicatedSystem/SharedSystem, Outputs:1, VendorId:0x10de
[2020.02.27-21.59.28:881][  0]LogD3D11RHI:    1. 'Microsoft Basic Render Driver' (Feature Level 11_0)
[2020.02.27-21.59.28:881][  0]LogD3D11RHI:       0/0/8168 MB DedicatedVideo/DedicatedSystem/SharedSystem, Outputs:0, VendorId:0x1414
[2020.02.27-21.59.28:882][  0]LogD3D11RHI: Chosen D3D11 Adapter: 0
[2020.02.27-21.59.28:948][  0]LogD3D11RHI: Creating new Direct3DDevice
[2020.02.27-21.59.28:949][  0]LogD3D11RHI:     GPU DeviceId: 0x1be1 (for the marketing name, search the web for "GPU Device Id")
[2020.02.27-21.59.28:956][  0]LogWindows: EnumDisplayDevices:
[2020.02.27-21.59.28:956][  0]LogWindows:    0. 'NVIDIA GeForce GTX 1070' (P:1 D:1)
[2020.02.27-21.59.28:957][  0]LogWindows:    1. 'NVIDIA GeForce GTX 1070' (P:0 D:0)
[2020.02.27-21.59.28:957][  0]LogWindows:    2. 'NVIDIA GeForce GTX 1070' (P:0 D:0)
[2020.02.27-21.59.28:958][  0]LogWindows:    3. 'NVIDIA GeForce GTX 1070' (P:0 D:0)
[2020.02.27-21.59.28:958][  0]LogWindows: DebugString: FoundDriverCount:4 
[2020.02.27-21.59.28:958][  0]LogD3D11RHI:     Adapter Name: NVIDIA GeForce GTX 1070
[2020.02.27-21.59.28:959][  0]LogD3D11RHI:   Driver Version: 388.57 (internal:23.21.13.8857, unified:388.57)
[2020.02.27-21.59.28:959][  0]LogD3D11RHI:      Driver Date: 12-4-2017
[2020.02.27-21.59.28:959][  0]LogRHI: Texture pool is 5662 MB (70% of 8089 MB)
[2020.02.27-21.59.29:018][  0]LogD3D11RHI: Async texture creation enabled
[2020.02.27-21.59.29:080][  0]LogRendererCore: FGlobalReadBuffer::InitRHI
[2020.02.27-21.59.29:091][  0]LogRendererCore: FGlobalReadBuffer::InitRHI
[2020.02.27-21.59.29:092][  0]LogRendererCore: FGlobalReadBuffer::InitRHI
[2020.02.27-21.59.29:142][  0]LogD3D11RHI: GPU Timing Frequency: 1000.000000 (Debug: 2 1)
[2020.02.27-21.59.29:785][  0]LogTemp: Display: Module 'AllDesktopTargetPlatform' loaded TargetPlatform 'AllDesktop'
[2020.02.27-21.59.29:804][  0]LogTemp: Display: Module 'MacClientTargetPlatform' loaded TargetPlatform 'MacClient'
[2020.02.27-21.59.29:823][  0]LogTemp: Display: Module 'MacNoEditorTargetPlatform' loaded TargetPlatform 'MacNoEditor'
[2020.02.27-21.59.29:842][  0]LogTemp: Display: Module 'MacServerTargetPlatform' loaded TargetPlatform 'MacServer'
[2020.02.27-21.59.29:889][  0]LogTemp: Display: Module 'MacTargetPlatform' loaded TargetPlatform 'Mac'
[2020.02.27-21.59.29:914][  0]LogTemp: Display: Module 'WindowsClientTargetPlatform' loaded TargetPlatform 'WindowsClient'
[2020.02.27-21.59.29:939][  0]LogTemp: Display: Module 'WindowsNoEditorTargetPlatform' loaded TargetPlatform 'WindowsNoEditor'
[2020.02.27-21.59.29:959][  0]LogTemp: Display: Module 'WindowsServerTargetPlatform' loaded TargetPlatform 'WindowsServer'
[2020.02.27-21.59.29:969][  0]LogTemp: Display: Module 'WindowsTargetPlatform' loaded TargetPlatform 'Windows'
[2020.02.27-21.59.30:128][  0]LogTemp: Display: Module 'AndroidTargetPlatform' loaded TargetPlatform 'Android'
[2020.02.27-21.59.30:128][  0]LogTemp: Display: Module 'AndroidTargetPlatform' loaded TargetPlatform 'Android_ASTC'
[2020.02.27-21.59.30:128][  0]LogTemp: Display: Module 'AndroidTargetPlatform' loaded TargetPlatform 'Android_ATC'
[2020.02.27-21.59.30:128][  0]LogTemp: Display: Module 'AndroidTargetPlatform' loaded TargetPlatform 'Android_DXT'
[2020.02.27-21.59.30:128][  0]LogTemp: Display: Module 'AndroidTargetPlatform' loaded TargetPlatform 'Android_ETC1'
[2020.02.27-21.59.30:128][  0]LogTemp: Display: Module 'AndroidTargetPlatform' loaded TargetPlatform 'Android_ETC1a'
[2020.02.27-21.59.30:128][  0]LogTemp: Display: Module 'AndroidTargetPlatform' loaded TargetPlatform 'Android_ETC2'
[2020.02.27-21.59.30:128][  0]LogTemp: Display: Module 'AndroidTargetPlatform' loaded TargetPlatform 'Android_PVRTC'
[2020.02.27-21.59.30:128][  0]LogTemp: Display: Module 'AndroidTargetPlatform' loaded TargetPlatform 'AndroidClient'
[2020.02.27-21.59.30:128][  0]LogTemp: Display: Module 'AndroidTargetPlatform' loaded TargetPlatform 'Android_ASTCClient'
[2020.02.27-21.59.30:128][  0]LogTemp: Display: Module 'AndroidTargetPlatform' loaded TargetPlatform 'Android_ATCClient'
[2020.02.27-21.59.30:128][  0]LogTemp: Display: Module 'AndroidTargetPlatform' loaded TargetPlatform 'Android_DXTClient'
[2020.02.27-21.59.30:128][  0]LogTemp: Display: Module 'AndroidTargetPlatform' loaded TargetPlatform 'Android_ETC1Client'
[2020.02.27-21.59.30:128][  0]LogTemp: Display: Module 'AndroidTargetPlatform' loaded TargetPlatform 'Android_ETC1aClient'
[2020.02.27-21.59.30:129][  0]LogTemp: Display: Module 'AndroidTargetPlatform' loaded TargetPlatform 'Android_ETC2Client'
[2020.02.27-21.59.30:129][  0]LogTemp: Display: Module 'AndroidTargetPlatform' loaded TargetPlatform 'Android_PVRTCClient'
[2020.02.27-21.59.30:129][  0]LogTemp: Display: Module 'AndroidTargetPlatform' loaded TargetPlatform 'Android_Multi'
[2020.02.27-21.59.30:129][  0]LogTemp: Display: Module 'AndroidTargetPlatform' loaded TargetPlatform 'Android_MultiClient'
[2020.02.27-21.59.30:132][  0]LogTemp: Display: Module 'HTML5TargetPlatform' loaded TargetPlatform 'HTML5'
[2020.02.27-21.59.30:233][  0]LogTemp: Display: Module 'IOSTargetPlatform' loaded TargetPlatform 'IOSClient'
[2020.02.27-21.59.30:233][  0]LogTemp: Display: Module 'IOSTargetPlatform' loaded TargetPlatform 'IOS'
[2020.02.27-21.59.30:262][  0]LogTemp: Display: Module 'TVOSTargetPlatform' loaded TargetPlatform 'TVOSClient'
[2020.02.27-21.59.30:262][  0]LogTemp: Display: Module 'TVOSTargetPlatform' loaded TargetPlatform 'TVOS'
[2020.02.27-21.59.30:277][  0]LogTemp: Display: Module 'LinuxClientTargetPlatform' loaded TargetPlatform 'LinuxClient'
[2020.02.27-21.59.30:292][  0]LogTemp: Display: Module 'LinuxNoEditorTargetPlatform' loaded TargetPlatform 'LinuxNoEditor'
[2020.02.27-21.59.30:307][  0]LogTemp: Display: Module 'LinuxServerTargetPlatform' loaded TargetPlatform 'LinuxServer'
[2020.02.27-21.59.30:340][  0]LogTemp: Display: Module 'LinuxTargetPlatform' loaded TargetPlatform 'Linux'
[2020.02.27-21.59.30:403][  0]LogTemp: Display: Module 'LuminTargetPlatform' loaded TargetPlatform 'Lumin'
[2020.02.27-21.59.30:403][  0]LogTemp: Display: Module 'LuminTargetPlatform' loaded TargetPlatform 'LuminClient'
[2020.02.27-21.59.30:404][  0]LogTargetPlatformManager: Display: Building Assets For Windows
[2020.02.27-21.59.30:449][  0]LogAudioDebug: Display: Lib vorbis DLL was dynamically loaded.
[2020.02.27-21.59.30:804][  0]LogShaderCompilers: Guid format shader working directory is -3 characters bigger than the processId version (C:/SeniorProject/PollutionProject/SeniorProject/Intermediate/Shaders/WorkingDirectory/20144/).
[2020.02.27-21.59.30:804][  0]LogShaderCompilers: Cleaned the shader compiler working directory 'C:/Users/Greg/AppData/Local/Temp/UnrealShaderWorkingDir/7BC020B7411D3530BA0FCFB783FCB283/'.
[2020.02.27-21.59.30:821][  0]LogXGEController: Cleaning working directory: C:/Users/Greg/AppData/Local/Temp/UnrealXGEWorkingDir/
[2020.02.27-21.59.30:822][  0]LogXGEController: Cannot use XGE Controller as Incredibuild is not installed on this machine.
[2020.02.27-21.59.30:822][  0]LogShaderCompilers: Cannot use XGE Shader Compiler as Incredibuild is not installed on this machine.
[2020.02.27-21.59.30:822][  0]LogShaderCompilers: Display: Using Local Shader Compiler.
[2020.02.27-21.59.37:736][  0]LogDerivedDataCache: Display: Max Cache Size: 512 MB
[2020.02.27-21.59.38:081][  0]LogDerivedDataCache: Loaded boot cache 0.34s 73MB C:/Users/Greg/AppData/Local/UnrealEngine/4.22/DerivedDataCache/Boot.ddc.
[2020.02.27-21.59.38:081][  0]LogDerivedDataCache: Display: Loaded Boot cache: C:/Users/Greg/AppData/Local/UnrealEngine/4.22/DerivedDataCache/Boot.ddc
[2020.02.27-21.59.38:081][  0]LogDerivedDataCache: FDerivedDataBackendGraph:  Pak pak cache file C:/SeniorProject/PollutionProject/SeniorProject/DerivedDataCache/DDC.ddp not found, will not use a pak cache.
[2020.02.27-21.59.38:081][  0]LogDerivedDataCache: Unable to find inner node Pak for hierarchical cache Hierarchy.
[2020.02.27-21.59.38:081][  0]LogDerivedDataCache: FDerivedDataBackendGraph:  CompressedPak pak cache file C:/SeniorProject/PollutionProject/SeniorProject/DerivedDataCache/Compressed.ddp not found, will not use a pak cache.
[2020.02.27-21.59.38:081][  0]LogDerivedDataCache: Unable to find inner node CompressedPak for hierarchical cache Hierarchy.
[2020.02.27-21.59.38:151][  0]LogDerivedDataCache: Display: Pak cache opened for reading ../../../Engine/DerivedDataCache/Compressed.ddp.
[2020.02.27-21.59.38:163][  0]LogDerivedDataCache: Display: Pak cache opened for reading ../../../Enterprise/DerivedDataCache/Compressed.ddp.
[2020.02.27-21.59.38:181][  0]LogDerivedDataCache: Using Local data cache path C:/Users/Greg/AppData/Local/UnrealEngine/Common/DerivedDataCache: Writable
[2020.02.27-21.59.38:181][  0]LogDerivedDataCache: Shared data cache path not found in *engine.ini, will not use an Shared cache.
[2020.02.27-21.59.38:181][  0]LogDerivedDataCache: Unable to find inner node Shared for hierarchical cache Hierarchy.
[2020.02.27-21.59.38:218][  0]LogMaterial: Verifying Global Shaders for PCD3D_SM5
[2020.02.27-21.59.38:253][  0]LogSlate: Using FreeType 2.6.0
[2020.02.27-21.59.38:310][  0]LogSlate: SlateFontServices - WITH_FREETYPE: 1, WITH_HARFBUZZ: 1
[2020.02.27-21.59.38:757][  0]LogAssetRegistry: FAssetRegistry took 0.0461 seconds to start up
[2020.02.27-21.59.41:933][  0]LogInit: Selected Device Profile: [Windows]
[2020.02.27-21.59.43:528][  0]LogMeshReduction: Using QuadricMeshReduction for automatic static mesh reduction
[2020.02.27-21.59.43:528][  0]LogMeshReduction: Using SimplygonMeshReduction for automatic skeletal mesh reduction
[2020.02.27-21.59.43:528][  0]LogMeshReduction: Using ProxyLODMeshReduction for automatic mesh merging
[2020.02.27-21.59.43:528][  0]LogMeshReduction: No distributed automatic mesh merging module available
[2020.02.27-21.59.43:542][  0]LogMeshMerging: No distributed automatic mesh merging module available
[2020.02.27-21.59.43:655][  0]LogNetVersion: SeniorProject 1.0.0, NetCL: 5660361, EngineNetVer: 10, GameNetVer: 0 (Checksum: 993350713)
[2020.02.27-21.59.49:069][  0]LogPackageLocalizationCache: Processed 16 localized package path(s) for 1 prioritized culture(s) in 0.131534 seconds
[2020.02.27-21.59.49:077][  0]LogUObjectArray: 42205 objects as part of root set at end of initial load.
[2020.02.27-21.59.49:077][  0]LogUObjectAllocator: 7325032 out of 0 bytes used by permanent object pool.
[2020.02.27-21.59.49:078][  0]LogUObjectArray: CloseDisregardForGC: 0/0 objects in disregard for GC pool
[2020.02.27-22.00.11:081][  0]LogTcpMessaging: Initializing TcpMessaging bridge
[2020.02.27-22.00.11:111][  0]LogUdpMessaging: Initializing bridge on interface 0.0.0.0:0 to multicast group 230.0.0.1:6666.
[2020.02.27-22.00.11:562][  0]LogOutputDevice: Error: Ensure condition failed: AttachmentRules.LocationRule == EAttachmentRule::KeepRelative && AttachmentRules.RotationRule == EAttachmentRule::KeepRelative && AttachmentRules.ScaleRule == EAttachmentRule::KeepRelative [File:D:\Build\++UE4\Sync\Engine\Source\Runtime\Engine\Private\Components\SceneComponent.cpp] [Line: 1786] 
AttachToComponent when called from a constructor is only setting up attachment and will always be treated as KeepRelative. Consider calling SetupAttachment directly instead.

[2020.02.27-22.00.11:562][  0]LogStats:             FDebug::EnsureFailed -  0.000 s
[2020.02.27-22.01.05:015][  0]SourceControl: Source control is disabled
[2020.02.27-22.01.07:719][  0]LogAndroidPermission: UAndroidPermissionCallbackProxy::GetInstance
[2020.02.27-22.01.08:029][  0]LogOcInput: OculusInput pre-init called
[2020.02.27-22.01.18:149][  0]LogEngine: Initializing Engine...
[2020.02.27-22.01.18:194][  0]LogHMD: Failed to initialize OpenVR with code 110
[2020.02.27-22.01.18:213][  0]LogStats: UGameplayTagsManager::InitializeManager -  0.001 s
[2020.02.27-22.01.18:661][  0]LogInit: Initializing FReadOnlyCVARCache
[2020.02.27-22.01.18:811][  0]LogAIModule: Creating AISystem for world Untitled
[2020.02.27-22.01.18:876][  0]LogInit: XAudio2 using 'Headphones (Bose AE2 SoundLink Stereo)' : 2 channels at 44.1 kHz using 16 bits per sample (channel mask 0x3)
[2020.02.27-22.01.18:942][  0]LogInit: FAudioDevice initialized.
[2020.02.27-22.01.18:943][  0]LogNetVersion: Set ProjectVersion to 1.0.0.0. Version Checksum will be recalculated on next use.
[2020.02.27-22.01.19:116][  0]LogDerivedDataCache: Saved boot cache 0.17s 73MB C:/Users/Greg/AppData/Local/UnrealEngine/4.22/DerivedDataCache/Boot.ddc.
[2020.02.27-22.01.19:129][  0]LogInit: Texture streaming: Enabled
[2020.02.27-22.01.19:275][  0]LogEngineSessionManager: EngineSessionManager initialized
[2020.02.27-22.01.19:275][  0]LogEngineSessionManager: EngineSessionManager sent abnormal shutdown report. Type=Crashed, SessionId={7FFE0676-4041-FCE8-0BF5-4A95C13BF063}
[2020.02.27-22.01.19:409][  0]LogInit: Transaction tracking system initialized
[2020.02.27-22.01.19:729][  0]BlueprintLog: New page: Editor Load
[2020.02.27-22.01.20:876][  0]LocalizationService: Localization service is disabled
[2020.02.27-22.01.22:931][  0]LogCook: Display: Max memory allowance for cook 16384mb min free memory 0mb
[2020.02.27-22.01.22:931][  0]LogCook: Display: Mobile HDR setting 1
[2020.02.27-22.01.23:269][  0]LogFileCache: Scanning file cache for directory 'C:/SeniorProject/PollutionProject/SeniorProject/Content/' took 0.09s
[2020.02.27-22.01.27:466][  0]LogSlate: Took 0.000211 seconds to synchronously load lazily loaded font '../../../Engine/Content/Slate/Fonts/Roboto-Regular.ttf' (155K)
[2020.02.27-22.01.32:554][  0]LogSlate: Window 'Restore Packages' being destroyed
[2020.02.27-22.01.32:595][  0]LogWindowsTextInputMethodSystem: Display: IME system now deactivated.
[2020.02.27-22.01.32:600][  0]LogWindowsTextInputMethodSystem: Display: IME system now deactivated.
[2020.02.27-22.01.32:759][  0]LogWindowsTextInputMethodSystem: Display: IME system now deactivated.
[2020.02.27-22.01.32:761][  0]LogWindowsTextInputMethodSystem: Display: IME system now deactivated.
[2020.02.27-22.01.32:835][  0]Cmd: MAP LOAD FILE="C:/SeniorProject/PollutionProject/SeniorProject/Content/Levels/GreyBoxLVL4.umap" TEMPLATE=0 SHOWPROGRESS=1 FEATURELEVEL=3
[2020.02.27-22.01.32:942][  0]LightingResults: New page: Lighting Build
[2020.02.27-22.01.33:009][  0]MapCheck: New page: Map Check
[2020.02.27-22.01.33:009][  0]LightingResults: New page: Lighting Build
[2020.02.27-22.01.33:038][  0]LogUObjectHash: Compacting FUObjectHashTables data took   1.79ms
[2020.02.27-22.01.44:074][  0]LogAIModule: Creating AISystem for world GreyBoxLVL4
[2020.02.27-22.01.44:076][  0]LogMaterial: Warning: Material /Game/Assets/Dock/01_-_Default.01_-_Default needed to have new flag set bUsedWithInstancedStaticMeshes !
[2020.02.27-22.01.44:080][  0]LogMaterial: Display: Missing cached shader map for material 01_-_Default, compiling. 
[2020.02.27-22.01.44:267][  0]MapCheck: Warning: 01_-_Default Material /Game/Assets/Dock/01_-_Default.01_-_Default was missing the usage flag bUsedWithInstancedStaticMeshes. If the material asset is not re-saved, it may not render correctly when run outside the editor. Fix
[2020.02.27-22.01.44:277][  0]LogMaterial: Warning: Material /Game/Assets/Windows/02_-_Default.02_-_Default needed to have new flag set bUsedWithInstancedStaticMeshes !
[2020.02.27-22.01.44:281][  0]LogMaterial: Display: Missing cached shader map for material 02_-_Default, compiling. 
[2020.02.27-22.01.44:310][  0]MapCheck: Warning: 02_-_Default Material /Game/Assets/Windows/02_-_Default.02_-_Default was missing the usage flag bUsedWithInstancedStaticMeshes. If the material asset is not re-saved, it may not render correctly when run outside the editor. Fix
[2020.02.27-22.01.44:311][  0]LogMaterial: Warning: Material /Game/Assets/Windows/08_-_Default.08_-_Default needed to have new flag set bUsedWithInstancedStaticMeshes !
[2020.02.27-22.01.44:314][  0]LogMaterial: Display: Missing cached shader map for material 08_-_Default, compiling. 
[2020.02.27-22.01.44:348][  0]MapCheck: Warning: 08_-_Default Material /Game/Assets/Windows/08_-_Default.08_-_Default was missing the usage flag bUsedWithInstancedStaticMeshes. If the material asset is not re-saved, it may not render correctly when run outside the editor. Fix
[2020.02.27-22.01.48:015][  0]LogEditorServer: Finished looking for orphan Actors (0.001 secs)
[2020.02.27-22.01.48:199][  0]LogUObjectHash: Compacting FUObjectHashTables data took   7.13ms
[2020.02.27-22.01.48:212][  0]Cmd: MAP CHECKDEP NOCLEARLOG
[2020.02.27-22.01.48:213][  0]MapCheck: Map check complete: 0 Error(s), 3 Warning(s), took 0.848ms to complete.
[2020.02.27-22.01.48:255][  0]LogFileHelpers: Loading map 'GreyBoxLVL4' took 15.420
[2020.02.27-22.01.49:205][  0]LogSlate: Updating window title bar state: overlay mode, drag disabled, window buttons hidden, title bar hidden
[2020.02.27-22.01.49:304][  0]LogSlate: Updating window title bar state: overlay mode, drag disabled, window buttons hidden, title bar hidden
[2020.02.27-22.01.49:318][  0]LogSlate: Updating window title bar state: overlay mode, drag disabled, window buttons hidden, title bar hidden
[2020.02.27-22.01.49:332][  0]LogSlate: Updating window title bar state: overlay mode, drag disabled, window buttons hidden, title bar hidden
[2020.02.27-22.01.49:522][  0]LogCollectionManager: Loaded 0 collections in 0.001981 seconds
[2020.02.27-22.01.49:787][  0]LogFileCache: Scanning file cache for directory 'C:/SeniorProject/PollutionProject/SeniorProject/Saved/Collections/' took 0.02s
[2020.02.27-22.01.49:787][  0]LogFileCache: Scanning file cache for directory 'C:/SeniorProject/PollutionProject/SeniorProject/Content/Developers/Greg/Collections/' took 0.02s
[2020.02.27-22.01.49:787][  0]LogFileCache: Scanning file cache for directory 'C:/SeniorProject/PollutionProject/SeniorProject/Content/Collections/' took 0.02s
[2020.02.27-22.01.49:787][  0]LogCollectionManager: Rebuilt the GUID cache for 0 collections in 0.000000 seconds
[2020.02.27-22.01.49:849][  0]LogContentBrowser: Native class hierarchy populated in 0.0608 seconds. Added 2876 classes and 729 folders.
[2020.02.27-22.01.50:073][  0]LogContentBrowser: Native class hierarchy updated for 'WidgetCarousel' in 0.0006 seconds. Added 0 classes and 0 folders.
[2020.02.27-22.01.50:174][  0]LogPakFile: Registered encryption key '00000000000000000000000000000000': 0 pak files mounted, 0 remain pending
[2020.02.27-22.01.50:256][  0]LogPakFile: Registered encryption key '00000000000000000000000000000000': 0 pak files mounted, 0 remain pending
[2020.02.27-22.01.50:338][  0]LogPakFile: Registered encryption key '00000000000000000000000000000000': 0 pak files mounted, 0 remain pending
[2020.02.27-22.01.50:370][  0]LogPakFile: Registered encryption key '00000000000000000000000000000000': 0 pak files mounted, 0 remain pending
[2020.02.27-22.01.50:415][  0]LogPakFile: Registered encryption key '00000000000000000000000000000000': 0 pak files mounted, 0 remain pending
[2020.02.27-22.01.50:439][  0]LogPakFile: Registered encryption key '00000000000000000000000000000000': 0 pak files mounted, 0 remain pending
[2020.02.27-22.01.50:505][  0]LogPakFile: Registered encryption key '00000000000000000000000000000000': 0 pak files mounted, 0 remain pending
[2020.02.27-22.01.50:539][  0]LogPakFile: Registered encryption key '00000000000000000000000000000000': 0 pak files mounted, 0 remain pending
[2020.02.27-22.01.50:594][  0]LogPakFile: Registered encryption key '00000000000000000000000000000000': 0 pak files mounted, 0 remain pending
[2020.02.27-22.01.50:614][  0]LogPakFile: Registered encryption key '00000000000000000000000000000000': 0 pak files mounted, 0 remain pending
[2020.02.27-22.01.50:637][  0]LogPakFile: Registered encryption key '00000000000000000000000000000000': 0 pak files mounted, 0 remain pending
[2020.02.27-22.01.50:656][  0]LogPakFile: Registered encryption key '00000000000000000000000000000000': 0 pak files mounted, 0 remain pending
[2020.02.27-22.01.50:675][  0]LogPakFile: Registered encryption key '00000000000000000000000000000000': 0 pak files mounted, 0 remain pending
[2020.02.27-22.01.50:696][  0]LogPakFile: Registered encryption key '00000000000000000000000000000000': 0 pak files mounted, 0 remain pending
[2020.02.27-22.01.51:041][  0]LogPakFile: Registered encryption key '00000000000000000000000000000000': 0 pak files mounted, 0 remain pending
[2020.02.27-22.01.51:451][  0]LogPakFile: Registered encryption key '00000000000000000000000000000000': 0 pak files mounted, 0 remain pending
[2020.02.27-22.01.51:788][  0]LogPakFile: Registered encryption key '00000000000000000000000000000000': 0 pak files mounted, 0 remain pending
[2020.02.27-22.01.51:804][  0]LogPakFile: Registered encryption key '00000000000000000000000000000000': 0 pak files mounted, 0 remain pending
[2020.02.27-22.01.51:823][  0]LogPakFile: Registered encryption key '00000000000000000000000000000000': 0 pak files mounted, 0 remain pending
[2020.02.27-22.01.51:843][  0]LogPakFile: Registered encryption key '00000000000000000000000000000000': 0 pak files mounted, 0 remain pending
[2020.02.27-22.01.51:866][  0]LogPakFile: Registered encryption key '00000000000000000000000000000000': 0 pak files mounted, 0 remain pending
[2020.02.27-22.01.51:890][  0]LogPakFile: Registered encryption key '00000000000000000000000000000000': 0 pak files mounted, 0 remain pending
[2020.02.27-22.01.51:909][  0]LogPakFile: Registered encryption key '00000000000000000000000000000000': 0 pak files mounted, 0 remain pending
[2020.02.27-22.01.51:934][  0]LogPakFile: Registered encryption key '00000000000000000000000000000000': 0 pak files mounted, 0 remain pending
[2020.02.27-22.01.51:954][  0]LogPakFile: Registered encryption key '00000000000000000000000000000000': 0 pak files mounted, 0 remain pending
[2020.02.27-22.01.51:973][  0]LogPakFile: Registered encryption key '00000000000000000000000000000000': 0 pak files mounted, 0 remain pending
[2020.02.27-22.01.51:995][  0]LogPakFile: Registered encryption key '00000000000000000000000000000000': 0 pak files mounted, 0 remain pending
[2020.02.27-22.01.52:039][  0]LogPakFile: Registered encryption key '00000000000000000000000000000000': 0 pak files mounted, 0 remain pending
[2020.02.27-22.01.52:969][  0]LogContentBrowser: Native class hierarchy updated for 'AddContentDialog' in 0.0007 seconds. Added 0 classes and 0 folders.
[2020.02.27-22.01.53:059][  0]LogContentBrowser: Native class hierarchy updated for 'SceneOutliner' in 0.0008 seconds. Added 1 classes and 0 folders.
[2020.02.27-22.01.53:164][  0]LogSlate: Took 0.000260 seconds to synchronously load lazily loaded font '../../../Engine/Content/Slate/Fonts/Roboto-Bold.ttf' (160K)
[2020.02.27-22.01.53:234][  0]LogSlate: Took 0.061644 seconds to synchronously load lazily loaded font '../../../Engine/Content/Editor/Slate/Fonts/FontAwesome.ttf' (139K)
[2020.02.27-22.01.53:301][  0]LogSlate: Took 0.065876 seconds to synchronously load lazily loaded font '../../../Engine/Content/Slate/Fonts/DroidSansMono.ttf' (77K)
[2020.02.27-22.01.53:667][  0]LogRenderer: Reallocating scene render targets to support 904x424 Format 10 NumSamples 1 (Frame:1).
[2020.02.27-22.01.53:811][  0]LogStaticMesh: Allocated 512x448x64 distance field atlas = 28.0Mb, with 153 objects containing 22.9Mb backing data
[2020.02.27-22.01.54:508][  0]LogContentBrowser: Native class hierarchy updated for 'HierarchicalLODOutliner' in 0.0007 seconds. Added 0 classes and 0 folders.
[2020.02.27-22.01.54:508][  0]LogLoad: (Engine Initialization) Total time: 167.92 seconds
[2020.02.27-22.01.54:508][  0]LogLoad: (Engine Initialization) Total Blueprint compile time: 0.00 seconds
[2020.02.27-22.01.54:814][  0]LogContentStreaming: Texture pool size now 1000 MB
[2020.02.27-22.01.55:309][  2]LogAssetRegistry: Asset discovery search completed in 136.5861 seconds
[2020.02.27-22.01.55:314][  2]LogCollectionManager: Rebuilt the object cache for 0 collections in 0.000001 seconds (found 0 objects)
[2020.02.27-22.01.55:315][  2]LogCollectionManager: Fixed up redirectors for 0 collections in 0.000465 seconds (updated 0 objects)
[2020.02.27-22.02.05:098][416]LogFileCache: Retrieving MD5 hashes for directory 'C:/SeniorProject/PollutionProject/SeniorProject/Content/' took 10.49s
[2020.02.27-22.02.10:420][734]LogSlate: FSceneViewport::OnFocusLost() reason 2
[2020.02.27-22.02.10:589][734]LogSlate: Took 0.039806 seconds to synchronously load lazily loaded font '../../../Engine/Content/Slate/Fonts/Roboto-Light.ttf' (167K)
[2020.02.27-22.02.10:606][734]LogSlate: FSceneViewport::OnFocusLost() reason 2
[2020.02.27-22.02.10:628][734]Cmd: OBJ SAVEPACKAGE PACKAGE="/Game/Levels/GreyBoxLVL4" FILE="C:/SeniorProject/PollutionProject/SeniorProject/Content/Levels/GreyBoxLVL4.umap" SILENT=true AUTOSAVING=false KEEPDIRTY=false
[2020.02.27-22.02.10:663][734]LogUObjectHash: Compacting FUObjectHashTables data took   1.12ms
[2020.02.27-22.02.16:277][734]LogSavePackage: Moving 'C:/SeniorProject/PollutionProject/SeniorProject/Saved/GreyBoxLVL4E076D03042747F836571ADAB7B392AD2.tmp' to 'C:/SeniorProject/PollutionProject/SeniorProject/Content/Levels/GreyBoxLVL4.umap'
[2020.02.27-22.02.46:334][528]LogSlate: FSceneViewport::OnFocusLost() reason 2
[2020.02.27-22.02.52:548][896]LogTemp: Repeating last play command: Selected Viewport
[2020.02.27-22.02.52:580][896]LogBlueprintUserMessages: Early PlayInEditor Detection: Level '/Game/Levels/GreyBoxLVL4.GreyBoxLVL4:PersistentLevel' has LevelScriptBlueprint '/Game/Levels/GreyBoxLVL4.GreyBoxLVL4:PersistentLevel.GreyBoxLVL4' with GeneratedClass '/Game/Levels/GreyBoxLVL4.GreyBoxLVL4_C' with ClassGeneratedBy '/Game/Levels/GreyBoxLVL4.GreyBoxLVL4:PersistentLevel.GreyBoxLVL4'
[2020.02.27-22.02.52:580][896]LogPlayLevel: PlayLevel: No blueprints needed recompiling
[2020.02.27-22.02.52:860][896]PIE: New page: PIE session: GreyBoxLVL4 (Feb 27, 2020, 12:02:52 PM)
[2020.02.27-22.02.52:880][896]LogPlayLevel: Creating play world package: /Game/Levels/UEDPIE_0_GreyBoxLVL4
[2020.02.27-22.02.53:506][896]LogPlayLevel: PIE: StaticDuplicateObject took: (0.625139s)
[2020.02.27-22.02.53:550][896]LogAIModule: Creating AISystem for world GreyBoxLVL4
[2020.02.27-22.02.53:550][896]LogPlayLevel: PIE: World Init took: (0.043912s)
[2020.02.27-22.02.53:551][896]LogPlayLevel: PIE: Created PIE world by copying editor world from /Game/Levels/GreyBoxLVL4.GreyBoxLVL4 to /Game/Levels/UEDPIE_0_GreyBoxLVL4.GreyBoxLVL4 (0.670926s)
[2020.02.27-22.02.53:582][896]LogUObjectHash: Compacting FUObjectHashTables data took   2.96ms
[2020.02.27-22.02.53:645][896]LogInit: XAudio2 using 'Headphones (Bose AE2 SoundLink Stereo)' : 2 channels at 44.1 kHz using 16 bits per sample (channel mask 0x3)
[2020.02.27-22.02.53:668][896]LogInit: FAudioDevice initialized.
[2020.02.27-22.02.53:668][896]LogSlate: FSceneViewport::OnFocusLost() reason 2
[2020.02.27-22.02.53:748][896]LogLoad: Game class is 'FirstPersonGameMode_C'
[2020.02.27-22.02.54:309][896]LogWorld: Bringing World /Game/Levels/UEDPIE_0_GreyBoxLVL4.GreyBoxLVL4 up for play (max tick rate 60) at 2020.02.27-17.02.54
[2020.02.27-22.02.54:447][896]LogWorld: Bringing up level for play took: 0.376288
[2020.02.27-22.02.54:573][896]LogContentBrowser: Native class hierarchy updated for 'MovieSceneCapture' in 0.0005 seconds. Added 20 classes and 0 folders.
[2020.02.27-22.02.54:574][896]LogScript: Warning: Script Msg: Attempted to access index 0 from array 'CallFunc_GetAllActorsOfClass_OutActors' of length 0 in '/Game/BP/Log.Log_C:ExecuteUbergraph_Log'!
[2020.02.27-22.02.54:575][896]LogScript: Warning: Script Msg: Attempted to access index 0 from array 'CallFunc_GetAllActorsOfClass_OutActors' of length 0 in '/Game/FinishStopper.FinishStopper_C:ExecuteUbergraph_FinishStopper'!
[2020.02.27-22.02.54:575][896]LogScript: Warning: Script Msg: Attempted to access index 0 from array 'CallFunc_GetAllActorsOfClass_OutActors' of length 0 in '/Game/BP/Checkpoint.Checkpoint_C:ExecuteUbergraph_Checkpoint'!
[2020.02.27-22.02.54:576][896]LogScript: Warning: Script Msg: Attempted to access index 0 from array 'CallFunc_GetAllActorsOfClass_OutActors' of length 0 in '/Game/BP/Checkpoint.Checkpoint_C:ExecuteUbergraph_Checkpoint'!
[2020.02.27-22.02.54:576][896]LogScript: Warning: Script Msg: Attempted to access index 0 from array 'CallFunc_GetAllActorsOfClass_OutActors' of length 0 in '/Game/BP/OutroTrigger.OutroTrigger_C:ExecuteUbergraph_OutroTrigger'!
[2020.02.27-22.02.54:577][896]LogScript: Warning: Script Msg: Attempted to access index 0 from array 'CallFunc_GetAllActorsOfClass_OutActors' of length 0 in '/Game/BP/InteractiveLog.InteractiveLog_C:ExecuteUbergraph_InteractiveLog'!
[2020.02.27-22.02.54:577][896]LogScript: Warning: Script Msg: Attempted to access index 0 from array 'CallFunc_GetAllActorsOfClass_OutActors' of length 0 in '/Game/BP/Respawn.Respawn_C:ExecuteUbergraph_Respawn'!
[2020.02.27-22.02.54:577][896]LogScript: Warning: Script Msg: Attempted to access index 0 from array 'CallFunc_GetAllActorsOfClass_OutActors' of length 0 in '/Game/BP/Respawn.Respawn_C:ExecuteUbergraph_Respawn'!
[2020.02.27-22.02.54:582][896]PIE: Play in editor start time for /Game/Levels/UEDPIE_0_GreyBoxLVL4 1.697
[2020.02.27-22.02.54:583][896]LogBlueprintUserMessages: Late PlayInEditor Detection: Level '/Game/Levels/GreyBoxLVL4.GreyBoxLVL4:PersistentLevel' has LevelScriptBlueprint '/Game/Levels/GreyBoxLVL4.GreyBoxLVL4:PersistentLevel.GreyBoxLVL4' with GeneratedClass '/Game/Levels/GreyBoxLVL4.GreyBoxLVL4_C' with ClassGeneratedBy '/Game/Levels/GreyBoxLVL4.GreyBoxLVL4:PersistentLevel.GreyBoxLVL4'
