Log file open, 05/07/20 09:10:39
LogWindows: Failed to load 'aqProf.dll' (GetLastError=126)
LogWindows: File 'aqProf.dll' does not exist
LogWindows: Failed to load 'VtuneApi.dll' (GetLastError=126)
LogWindows: File 'VtuneApi.dll' does not exist
LogWindows: Failed to load 'VtuneApi32e.dll' (GetLastError=126)
LogWindows: File 'VtuneApi32e.dll' does not exist
LogConsoleResponse: Display: Failed to find resolution value strings in scalability ini. Falling back to default.
LogInit: Display: Running engine for game: SeniorProject
LogPakFile: Registered encryption key '00000000000000000000000000000000': 0 pak files mounted, 0 remain pending
LogPlatformFile: Not using cached read wrapper
LogTaskGraph: Started task graph with 5 named threads and 23 total threads with 3 sets of task threads.
LogStats: Stats thread started at 0.464276
LogD3D11RHI: Loaded GFSDK_Aftermath_Lib.x64.dll
LogICUInternationalization: ICU TimeZone Detection - Raw Offset: -5:00, Platform Override: ''
LogPluginManager: Mounting plugin Paper2D
LogPluginManager: Mounting plugin AISupport
LogPluginManager: Mounting plugin LightPropagationVolume
LogPluginManager: Mounting plugin ActorLayerUtilities
LogPluginManager: Mounting plugin AnimationSharing
LogPluginManager: Mounting plugin CLionSourceCodeAccess
LogPluginManager: Mounting plugin CodeLiteSourceCodeAccess
LogPluginManager: Mounting plugin GitSourceControl
LogPluginManager: Mounting plugin KDevelopSourceCodeAccess
LogPluginManager: Mounting plugin NullSourceCodeAccess
LogPluginManager: Mounting plugin PerforceSourceControl
LogPluginManager: Mounting plugin SubversionSourceControl
LogPluginManager: Mounting plugin UObjectPlugin
LogPluginManager: Mounting plugin VisualStudioCodeSourceCodeAccess
LogPluginManager: Mounting plugin VisualStudioSourceCodeAccess
LogPluginManager: Mounting plugin XCodeSourceCodeAccess
LogPluginManager: Mounting plugin AssetManagerEditor
LogPluginManager: Mounting plugin CryptoKeys
LogPluginManager: Mounting plugin DataValidation
LogPluginManager: Mounting plugin EditorScriptingUtilities
LogPluginManager: Mounting plugin FacialAnimation
LogPluginManager: Mounting plugin GameplayTagsEditor
LogPluginManager: Mounting plugin GLTFImporter
LogPluginManager: Mounting plugin MacGraphicsSwitching
LogPluginManager: Mounting plugin MaterialAnalyzer
LogPluginManager: Mounting plugin MeshEditor
LogPluginManager: Mounting plugin MobileLauncherProfileWizard
LogPluginManager: Mounting plugin PluginBrowser
LogPluginManager: Mounting plugin SpeedTreeImporter
LogPluginManager: Mounting plugin DatasmithContent
LogPluginManager: Mounting plugin VariantManagerContent
LogPluginManager: Mounting plugin AlembicImporter
LogPluginManager: Mounting plugin AppleImageUtils
LogPluginManager: Mounting plugin AppleVision
LogPluginManager: Mounting plugin BackChannel
LogPluginManager: Mounting plugin BlastPlugin
LogPluginManager: Mounting plugin ChaosSolverPlugin
LogPluginManager: Mounting plugin CharacterAI
LogPluginManager: Mounting plugin GeometryCache
LogPluginManager: Mounting plugin GeometryCollectionPlugin
LogPluginManager: Mounting plugin HTML5Networking
LogPluginManager: Mounting plugin ProxyLODPlugin
LogPluginManager: Mounting plugin SkeletalReduction
LogPluginManager: Mounting plugin MagicLeap
LogPluginManager: Mounting plugin MagicLeapMedia
LogPluginManager: Mounting plugin AndroidMedia
LogPluginManager: Mounting plugin AvfMedia
LogPluginManager: Mounting plugin ImgMedia
LogPluginManager: Mounting plugin LinearTimecode
LogPluginManager: Mounting plugin MediaCompositing
LogPluginManager: Mounting plugin MediaPlayerEditor
LogPluginManager: Mounting plugin WebMMedia
LogPluginManager: Mounting plugin WmfMedia
LogPluginManager: Mounting plugin TcpMessaging
LogPluginManager: Mounting plugin UdpMessaging
LogPluginManager: Mounting plugin ActorSequence
LogPluginManager: Mounting plugin LevelSequenceEditor
LogPluginManager: Mounting plugin MatineeToLevelSequence
LogPluginManager: Mounting plugin NetcodeUnitTest
LogPluginManager: Mounting plugin NUTUnrealEngine4
LogPluginManager: Mounting plugin OnlineSubsystemGooglePlay
LogPluginManager: Mounting plugin OnlineSubsystemIOS
LogPluginManager: Mounting plugin OnlineSubsystem
LogPluginManager: Mounting plugin OnlineSubsystemNull
LogPluginManager: Mounting plugin OnlineSubsystemUtils
LogPluginManager: Mounting plugin LauncherChunkInstaller
LogPluginManager: Mounting plugin AndroidDeviceProfileSelector
LogPluginManager: Mounting plugin AndroidMoviePlayer
LogPluginManager: Mounting plugin AndroidPermission
LogPluginManager: Mounting plugin AppleMoviePlayer
LogPluginManager: Mounting plugin ArchVisCharacter
LogPluginManager: Mounting plugin AudioCapture
LogPluginManager: Mounting plugin CableComponent
LogPluginManager: Mounting plugin CustomMeshComponent
LogPluginManager: Mounting plugin EditableMesh
LogPluginManager: Mounting plugin ExampleDeviceProfileSelector
LogPluginManager: Mounting plugin Firebase
LogPluginManager: Mounting plugin GoogleCloudMessaging
LogPluginManager: Mounting plugin IOSDeviceProfileSelector
LogPluginManager: Mounting plugin LinuxDeviceProfileSelector
LogPluginManager: Mounting plugin LocationServicesBPLibrary
LogPluginManager: Mounting plugin MobilePatchingUtils
LogPluginManager: Mounting plugin OculusVR
LogPluginManager: Mounting plugin PhysXVehicles
LogPluginManager: Mounting plugin ProceduralMeshComponent
LogPluginManager: Mounting plugin RuntimePhysXCooking
LogPluginManager: Mounting plugin SignificanceManager
LogPluginManager: Mounting plugin SteamVR
LogPluginManager: Mounting plugin WebMMoviePlayer
LogPluginManager: Mounting plugin WindowsMoviePlayer
LogPluginManager: Mounting plugin DatasmithCADImporter
LogPluginManager: Mounting plugin DatasmithDataPrepEditor
LogPluginManager: Mounting plugin DatasmithFBXImporter
LogPluginManager: Mounting plugin DatasmithGLTFImporter
LogPluginManager: Mounting plugin DatasmithImporter
LogPluginManager: Mounting plugin MDLImporter
LogPluginManager: Mounting plugin StaticMeshEditorExtension
LogPluginManager: Mounting plugin VariantManager
LogInit: Using libcurl 7.55.1-DEV
LogInit:  - built for x86_64-pc-win32
LogInit:  - supports SSL with OpenSSL/1.1.1
LogInit:  - supports HTTP deflate (compression) using libz 1.2.8
LogInit:  - other features:
LogInit:      CURL_VERSION_SSL
LogInit:      CURL_VERSION_LIBZ
LogInit:      CURL_VERSION_IPV6
LogInit:      CURL_VERSION_ASYNCHDNS
LogInit:      CURL_VERSION_LARGEFILE
LogInit:      CURL_VERSION_IDN
LogInit:  CurlRequestOptions (configurable via config and command line):
LogInit:  - bVerifyPeer = true  - Libcurl will verify peer certificate
LogInit:  - bUseHttpProxy = false  - Libcurl will NOT use HTTP proxy
LogInit:  - bDontReuseConnections = false  - Libcurl will reuse connections
LogInit:  - MaxHostConnections = 16  - Libcurl will limit the number of connections to a host
LogInit:  - LocalHostAddr = Default
LogInit:  - BufferSize = 65536
LogInit: WinSock: version 1.1 (2.2), MaxSocks=32767, MaxUdp=65467
LogHMD: Failed initializing OVRPlugin 1.32.0
LogInit: Build: ++UE4+Release-4.22-CL-7053642
LogInit: Engine Version: 4.22.3-7053642+++UE4+Release-4.22
LogInit: Compatible Engine Version: 4.22.0-5660361+++UE4+Release-4.22
LogInit: Net CL: 5660361
LogInit: OS: Windows 10 (Release 1903) (), CPU: Intel(R) Core(TM) i7-6700K CPU @ 4.00GHz, GPU: NVIDIA GeForce RTX 2080
LogInit: Compiled (64-bit): Jun 18 2019 03:09:11
LogInit: Compiled with Visual C++: 19.16.27025.01
LogInit: Build Configuration: Development
LogInit: Branch Name: ++UE4+Release-4.22
LogInit: Command Line:  -skipcompile
LogInit: Base Directory: C:/Program Files/Epic Games/UE_4.22/Engine/Binaries/Win64/
LogInit: Installed Engine Build: 1
LogDevObjectVersion: Number of dev versions registered: 23
LogDevObjectVersion:   Dev-Blueprints (B0D832E4-1F89-4F0D-ACCF-7EB736FD4AA2): 10
LogDevObjectVersion:   Dev-Build (E1C64328-A22C-4D53-A36C-8E866417BD8C): 0
LogDevObjectVersion:   Dev-Core (375EC13C-06E4-48FB-B500-84F0262A717E): 3
LogDevObjectVersion:   Dev-Editor (E4B068ED-F494-42E9-A231-DA0B2E46BB41): 30
LogDevObjectVersion:   Dev-Framework (CFFC743F-43B0-4480-9391-14DF171D2073): 35
LogDevObjectVersion:   Dev-Mobile (B02B49B5-BB20-44E9-A304-32B752E40360): 2
LogDevObjectVersion:   Dev-Networking (A4E4105C-59A1-49B5-A7C5-40C4547EDFEE): 0
LogDevObjectVersion:   Dev-Online (39C831C9-5AE6-47DC-9A44-9C173E1C8E7C): 0
LogDevObjectVersion:   Dev-Physics (78F01B33-EBEA-4F98-B9B4-84EACCB95AA2): 0
LogDevObjectVersion:   Dev-Platform (6631380F-2D4D-43E0-8009-CF276956A95A): 0
LogDevObjectVersion:   Dev-Rendering (12F88B9F-8875-4AFC-A67C-D90C383ABD29): 28
LogDevObjectVersion:   Dev-Sequencer (7B5AE74C-D270-4C10-A958-57980B212A5A): 11
LogDevObjectVersion:   Dev-VR (D7296918-1DD6-4BDD-9DE2-64A83CC13884): 2
LogDevObjectVersion:   Dev-LoadTimes (C2A15278-BFE7-4AFE-6C17-90FF531DF755): 1
LogDevObjectVersion:   Private-Geometry (6EACA3D4-40EC-4CC1-B786-8BED09428FC5): 3
LogDevObjectVersion:   Dev-AnimPhys (29E575DD-E0A3-4627-9D10-D276232CDCEA): 17
LogDevObjectVersion:   Dev-Anim (AF43A65D-7FD3-4947-9873-3E8ED9C1BB05): 2
LogDevObjectVersion:   Dev-ReflectionCapture (6B266CEC-1EC7-4B8F-A30B-E4D90942FC07): 1
LogDevObjectVersion:   Dev-Automation (0DF73D61-A23F-47EA-B727-89E90C41499A): 1
LogDevObjectVersion:   FortniteMain (601D1886-AC64-4F84-AA16-D3DE0DEAC7D6): 25
LogDevObjectVersion:   Dev-Enterprise (9DFFBCD6-494F-0158-E221-12823C92A888): 6
LogDevObjectVersion:   Dev-Niagara (F2AED0AC-9AFE-416F-8664-AA7FFA26D6FC): 1
LogDevObjectVersion:   Dev-Destruction (174F1F0B-B4C6-45A5-B13F-2EE8D0FB917D): 2
LogInit: Presizing for max 16777216 objects, including 0 objects not considered by GC, pre-allocating 0 bytes for permanent pool.
LogInit: Object subsystem initialized
LogConfig: Setting CVar [[con.DebugEarlyDefault:1]]
LogConfig: Setting CVar [[r.setres:1280x720]]
[2020.05.07-13.10.41:997][  0]LogConfig: Setting CVar [[r.VSync:0]]
[2020.05.07-13.10.41:997][  0]LogConfig: Setting CVar [[r.RHICmdBypass:0]]
[2020.05.07-13.10.41:997][  0]LogConfig: Applying CVar settings from Section [/Script/Engine.RendererSettings] File [E:/SenProj/PollProj/SeniorProject/Saved/Config/Windows/Engine.ini]
[2020.05.07-13.10.41:997][  0]LogConfig: Setting CVar [[r.GPUCrashDebugging:0]]
[2020.05.07-13.10.41:997][  0]LogConfig: Setting CVar [[r.DefaultFeature.AutoExposure.ExtendDefaultLuminanceRange:1]]
[2020.05.07-13.10.41:997][  0]LogConfig: Setting CVar [[r.GenerateMeshDistanceFields:1]]
[2020.05.07-13.10.41:997][  0]LogConfig: Applying CVar settings from Section [/Script/Engine.RendererOverrideSettings] File [E:/SenProj/PollProj/SeniorProject/Saved/Config/Windows/Engine.ini]
[2020.05.07-13.10.41:997][  0]LogConfig: Applying CVar settings from Section [/Script/Engine.StreamingSettings] File [E:/SenProj/PollProj/SeniorProject/Saved/Config/Windows/Engine.ini]
[2020.05.07-13.10.41:998][  0]LogConfig: Setting CVar [[s.MinBulkDataSizeForAsyncLoading:131072]]
[2020.05.07-13.10.41:998][  0]LogConfig: Setting CVar [[s.AsyncLoadingThreadEnabled:0]]
[2020.05.07-13.10.41:998][  0]LogConfig: Setting CVar [[s.EventDrivenLoaderEnabled:1]]
[2020.05.07-13.10.41:998][  0]LogConfig: Setting CVar [[s.WarnIfTimeLimitExceeded:0]]
[2020.05.07-13.10.41:998][  0]LogConfig: Setting CVar [[s.TimeLimitExceededMultiplier:1.5]]
[2020.05.07-13.10.41:998][  0]LogConfig: Setting CVar [[s.TimeLimitExceededMinTime:0.005]]
[2020.05.07-13.10.41:998][  0]LogConfig: Setting CVar [[s.UseBackgroundLevelStreaming:1]]
[2020.05.07-13.10.41:998][  0]LogConfig: Setting CVar [[s.PriorityAsyncLoadingExtraTime:15.0]]
[2020.05.07-13.10.41:998][  0]LogConfig: Setting CVar [[s.LevelStreamingActorsUpdateTimeLimit:5.0]]
[2020.05.07-13.10.41:998][  0]LogConfig: Setting CVar [[s.PriorityLevelStreamingActorsUpdateExtraTime:5.0]]
[2020.05.07-13.10.41:998][  0]LogConfig: Setting CVar [[s.LevelStreamingComponentsRegistrationGranularity:10]]
[2020.05.07-13.10.41:998][  0]LogConfig: Setting CVar [[s.UnregisterComponentsTimeLimit:1.0]]
[2020.05.07-13.10.41:998][  0]LogConfig: Setting CVar [[s.LevelStreamingComponentsUnregistrationGranularity:5]]
[2020.05.07-13.10.41:998][  0]LogConfig: Applying CVar settings from Section [/Script/Engine.GarbageCollectionSettings] File [E:/SenProj/PollProj/SeniorProject/Saved/Config/Windows/Engine.ini]
[2020.05.07-13.10.41:998][  0]LogConfig: Setting CVar [[gc.MaxObjectsNotConsideredByGC:1]]
[2020.05.07-13.10.41:998][  0]LogConfig: Setting CVar [[gc.SizeOfPermanentObjectPool:0]]
[2020.05.07-13.10.41:999][  0]LogConfig: Setting CVar [[gc.FlushStreamingOnGC:0]]
[2020.05.07-13.10.41:999][  0]LogConfig: Setting CVar [[gc.NumRetriesBeforeForcingGC:10]]
[2020.05.07-13.10.41:999][  0]LogConfig: Setting CVar [[gc.AllowParallelGC:1]]
[2020.05.07-13.10.41:999][  0]LogConfig: Setting CVar [[gc.TimeBetweenPurgingPendingKillObjects:61.1]]
[2020.05.07-13.10.41:999][  0]LogConfig: Setting CVar [[gc.MaxObjectsInEditor:16777216]]
[2020.05.07-13.10.41:999][  0]LogConfig: Setting CVar [[gc.IncrementalBeginDestroyEnabled:1]]
[2020.05.07-13.10.41:999][  0]LogConfig: Setting CVar [[gc.CreateGCClusters:1]]
[2020.05.07-13.10.41:999][  0]LogConfig: Setting CVar [[gc.MinGCClusterSize:5]]
[2020.05.07-13.10.41:999][  0]LogConfig: Setting CVar [[gc.ActorClusteringEnabled:0]]
[2020.05.07-13.10.41:999][  0]LogConfig: Setting CVar [[gc.BlueprintClusteringEnabled:0]]
[2020.05.07-13.10.41:999][  0]LogConfig: Setting CVar [[gc.UseDisregardForGCOnDedicatedServers:0]]
[2020.05.07-13.10.41:999][  0]LogConfig: Applying CVar settings from Section [/Script/Engine.NetworkSettings] File [E:/SenProj/PollProj/SeniorProject/Saved/Config/Windows/Engine.ini]
[2020.05.07-13.10.41:999][  0]LogConfig: Applying CVar settings from Section [/Script/UnrealEd.CookerSettings] File [E:/SenProj/PollProj/SeniorProject/Saved/Config/Windows/Engine.ini]
[2020.05.07-13.10.42:026][  0]LogConfig: Applying CVar settings from Section [ViewDistanceQuality@3] File [E:/SenProj/PollProj/SeniorProject/Saved/Config/Windows/Scalability.ini]
[2020.05.07-13.10.42:026][  0]LogConfig: Setting CVar [[r.SkeletalMeshLODBias:0]]
[2020.05.07-13.10.42:026][  0]LogConfig: Setting CVar [[r.ViewDistanceScale:1.0]]
[2020.05.07-13.10.42:026][  0]LogConfig: Applying CVar settings from Section [AntiAliasingQuality@3] File [E:/SenProj/PollProj/SeniorProject/Saved/Config/Windows/Scalability.ini]
[2020.05.07-13.10.42:026][  0]LogConfig: Setting CVar [[r.PostProcessAAQuality:4]]
[2020.05.07-13.10.42:026][  0]LogConfig: Applying CVar settings from Section [ShadowQuality@3] File [E:/SenProj/PollProj/SeniorProject/Saved/Config/Windows/Scalability.ini]
[2020.05.07-13.10.42:026][  0]LogConfig: Setting CVar [[r.LightFunctionQuality:1]]
[2020.05.07-13.10.42:026][  0]LogConfig: Setting CVar [[r.ShadowQuality:5]]
[2020.05.07-13.10.42:027][  0]LogConfig: Setting CVar [[r.Shadow.CSM.MaxCascades:10]]
[2020.05.07-13.10.42:027][  0]LogConfig: Setting CVar [[r.Shadow.MaxResolution:2048]]
[2020.05.07-13.10.42:027][  0]LogConfig: Setting CVar [[r.Shadow.MaxCSMResolution:2048]]
[2020.05.07-13.10.42:027][  0]LogConfig: Setting CVar [[r.Shadow.RadiusThreshold:0.01]]
[2020.05.07-13.10.42:027][  0]LogConfig: Setting CVar [[r.Shadow.DistanceScale:1.0]]
[2020.05.07-13.10.42:027][  0]LogConfig: Setting CVar [[r.Shadow.CSM.TransitionScale:1.0]]
[2020.05.07-13.10.42:027][  0]LogConfig: Setting CVar [[r.Shadow.PreShadowResolutionFactor:1.0]]
[2020.05.07-13.10.42:027][  0]LogConfig: Setting CVar [[r.DistanceFieldShadowing:1]]
[2020.05.07-13.10.42:027][  0]LogConfig: Setting CVar [[r.DistanceFieldAO:1]]
[2020.05.07-13.10.42:027][  0]LogConfig: Setting CVar [[r.AOQuality:2]]
[2020.05.07-13.10.42:027][  0]LogConfig: Setting CVar [[r.VolumetricFog:1]]
[2020.05.07-13.10.42:027][  0]LogConfig: Setting CVar [[r.VolumetricFog.GridPixelSize:8]]
[2020.05.07-13.10.42:027][  0]LogConfig: Setting CVar [[r.VolumetricFog.GridSizeZ:128]]
[2020.05.07-13.10.42:027][  0]LogConfig: Setting CVar [[r.VolumetricFog.HistoryMissSupersampleCount:4]]
[2020.05.07-13.10.42:027][  0]LogConfig: Setting CVar [[r.LightMaxDrawDistanceScale:1]]
[2020.05.07-13.10.42:027][  0]LogConfig: Setting CVar [[r.CapsuleShadows:1]]
[2020.05.07-13.10.42:028][  0]LogConfig: Applying CVar settings from Section [PostProcessQuality@3] File [E:/SenProj/PollProj/SeniorProject/Saved/Config/Windows/Scalability.ini]
[2020.05.07-13.10.42:028][  0]LogConfig: Setting CVar [[r.MotionBlurQuality:4]]
[2020.05.07-13.10.42:028][  0]LogConfig: Setting CVar [[r.AmbientOcclusionMipLevelFactor:0.4]]
[2020.05.07-13.10.42:028][  0]LogConfig: Setting CVar [[r.AmbientOcclusionMaxQuality:100]]
[2020.05.07-13.10.42:028][  0]LogConfig: Setting CVar [[r.AmbientOcclusionLevels:-1]]
[2020.05.07-13.10.42:028][  0]LogConfig: Setting CVar [[r.AmbientOcclusionRadiusScale:1.0]]
[2020.05.07-13.10.42:028][  0]LogConfig: Setting CVar [[r.DepthOfFieldQuality:2]]
[2020.05.07-13.10.42:028][  0]LogConfig: Setting CVar [[r.RenderTargetPoolMin:400]]
[2020.05.07-13.10.42:028][  0]LogConfig: Setting CVar [[r.LensFlareQuality:2]]
[2020.05.07-13.10.42:028][  0]LogConfig: Setting CVar [[r.SceneColorFringeQuality:1]]
[2020.05.07-13.10.42:028][  0]LogConfig: Setting CVar [[r.EyeAdaptationQuality:2]]
[2020.05.07-13.10.42:028][  0]LogConfig: Setting CVar [[r.BloomQuality:5]]
[2020.05.07-13.10.42:028][  0]LogConfig: Setting CVar [[r.FastBlurThreshold:100]]
[2020.05.07-13.10.42:028][  0]LogConfig: Setting CVar [[r.Upscale.Quality:3]]
[2020.05.07-13.10.42:028][  0]LogConfig: Setting CVar [[r.Tonemapper.GrainQuantization:1]]
[2020.05.07-13.10.42:028][  0]LogConfig: Setting CVar [[r.LightShaftQuality:1]]
[2020.05.07-13.10.42:029][  0]LogConfig: Setting CVar [[r.Filter.SizeScale:1]]
[2020.05.07-13.10.42:029][  0]LogConfig: Setting CVar [[r.Tonemapper.Quality:5]]
[2020.05.07-13.10.42:029][  0]LogConfig: Setting CVar [[r.DOF.Gather.AccumulatorQuality:1        ; higher gathering accumulator quality]]
[2020.05.07-13.10.42:029][  0]LogConfig: Setting CVar [[r.DOF.Gather.PostfilterMethod:1          ; Median3x3 postfilering method]]
[2020.05.07-13.10.42:029][  0]LogConfig: Setting CVar [[r.DOF.Gather.EnableBokehSettings:0       ; no bokeh simulation when gathering]]
[2020.05.07-13.10.42:029][  0]LogConfig: Setting CVar [[r.DOF.Gather.RingCount:4                 ; medium number of samples when gathering]]
[2020.05.07-13.10.42:029][  0]LogConfig: Setting CVar [[r.DOF.Scatter.ForegroundCompositing:1    ; additive foreground scattering]]
[2020.05.07-13.10.42:029][  0]LogConfig: Setting CVar [[r.DOF.Scatter.BackgroundCompositing:2    ; additive background scattering]]
[2020.05.07-13.10.42:029][  0]LogConfig: Setting CVar [[r.DOF.Scatter.EnableBokehSettings:1      ; bokeh simulation when scattering]]
[2020.05.07-13.10.42:029][  0]LogConfig: Setting CVar [[r.DOF.Scatter.MaxSpriteRatio:0.1         ; only a maximum of 10% of scattered bokeh]]
[2020.05.07-13.10.42:029][  0]LogConfig: Setting CVar [[r.DOF.Recombine.Quality:1                ; cheap slight out of focus]]
[2020.05.07-13.10.42:029][  0]LogConfig: Setting CVar [[r.DOF.Recombine.EnableBokehSettings:0    ; no bokeh simulation on slight out of focus]]
[2020.05.07-13.10.42:029][  0]LogConfig: Setting CVar [[r.DOF.TemporalAAQuality:1                ; more stable temporal accumulation]]
[2020.05.07-13.10.42:029][  0]LogConfig: Setting CVar [[r.DOF.Kernel.MaxForegroundRadius:0.025]]
[2020.05.07-13.10.42:029][  0]LogConfig: Setting CVar [[r.DOF.Kernel.MaxBackgroundRadius:0.025]]
[2020.05.07-13.10.42:029][  0]LogConfig: Applying CVar settings from Section [TextureQuality@3] File [E:/SenProj/PollProj/SeniorProject/Saved/Config/Windows/Scalability.ini]
[2020.05.07-13.10.42:030][  0]LogConfig: Setting CVar [[r.Streaming.MipBias:0]]
[2020.05.07-13.10.42:030][  0]LogConfig: Setting CVar [[r.Streaming.AmortizeCPUToGPUCopy:0]]
[2020.05.07-13.10.42:030][  0]LogConfig: Setting CVar [[r.Streaming.MaxNumTexturesToStreamPerFrame:0]]
[2020.05.07-13.10.42:030][  0]LogConfig: Setting CVar [[r.Streaming.Boost:1]]
[2020.05.07-13.10.42:030][  0]LogConfig: Setting CVar [[r.MaxAnisotropy:8]]
[2020.05.07-13.10.42:030][  0]LogConfig: Setting CVar [[r.Streaming.LimitPoolSizeToVRAM:0]]
[2020.05.07-13.10.42:030][  0]LogConfig: Setting CVar [[r.Streaming.PoolSize:1000]]
[2020.05.07-13.10.42:030][  0]LogConfig: Setting CVar [[r.Streaming.MaxEffectiveScreenSize:0]]
[2020.05.07-13.10.42:030][  0]LogConfig: Applying CVar settings from Section [EffectsQuality@3] File [E:/SenProj/PollProj/SeniorProject/Saved/Config/Windows/Scalability.ini]
[2020.05.07-13.10.42:030][  0]LogConfig: Setting CVar [[r.TranslucencyLightingVolumeDim:64]]
[2020.05.07-13.10.42:030][  0]LogConfig: Setting CVar [[r.RefractionQuality:2]]
[2020.05.07-13.10.42:030][  0]LogConfig: Setting CVar [[r.SSR.Quality:3]]
[2020.05.07-13.10.42:030][  0]LogConfig: Setting CVar [[r.SceneColorFormat:4]]
[2020.05.07-13.10.42:030][  0]LogConfig: Setting CVar [[r.DetailMode:2]]
[2020.05.07-13.10.42:030][  0]LogConfig: Setting CVar [[r.TranslucencyVolumeBlur:1]]
[2020.05.07-13.10.42:031][  0]LogConfig: Setting CVar [[r.MaterialQualityLevel:1 ; High quality]]
[2020.05.07-13.10.42:031][  0]LogConfig: Setting CVar [[r.SSS.Scale:1]]
[2020.05.07-13.10.42:031][  0]LogConfig: Setting CVar [[r.SSS.SampleSet:2]]
[2020.05.07-13.10.42:031][  0]LogConfig: Setting CVar [[r.SSS.Quality:1]]
[2020.05.07-13.10.42:031][  0]LogConfig: Setting CVar [[r.SSS.HalfRes:1]]
[2020.05.07-13.10.42:031][  0]LogConfig: Setting CVar [[r.EmitterSpawnRateScale:1.0]]
[2020.05.07-13.10.42:031][  0]LogConfig: Setting CVar [[r.ParticleLightQuality:2]]
[2020.05.07-13.10.42:031][  0]LogConfig: Applying CVar settings from Section [FoliageQuality@3] File [E:/SenProj/PollProj/SeniorProject/Saved/Config/Windows/Scalability.ini]
[2020.05.07-13.10.42:031][  0]LogConfig: Setting CVar [[foliage.DensityScale:1.0]]
[2020.05.07-13.10.42:031][  0]LogConfig: Setting CVar [[grass.DensityScale:1.0]]
[2020.05.07-13.10.42:031][  0]LogInit: Selected Device Profile: [Windows]
[2020.05.07-13.10.42:031][  0]LogInit: Applying CVar settings loaded from the selected device profile: [Windows]
[2020.05.07-13.10.42:045][  0]LogHAL: Display: Platform has ~ 16 GB [17116258304 / 17179869184 / 16], which maps to Larger [LargestMinGB=32, LargerMinGB=12, DefaultMinGB=8, SmallerMinGB=6, SmallestMinGB=0)
[2020.05.07-13.10.42:045][  0]LogConfig: Setting CVar [[r.Vulkan.UseRealUBs:0		; Required until we fix HLR fall-out]]
[2020.05.07-13.10.42:045][  0]LogInit: Going up to parent DeviceProfile []
[2020.05.07-13.10.42:045][  0]LogConfig: Applying CVar settings from Section [ViewDistanceQuality@3] File [E:/SenProj/PollProj/SeniorProject/Saved/Config/Windows/Scalability.ini]
[2020.05.07-13.10.42:045][  0]LogConfig: Setting CVar [[r.SkeletalMeshLODBias:0]]
[2020.05.07-13.10.42:045][  0]LogConfig: Setting CVar [[r.ViewDistanceScale:1.0]]
[2020.05.07-13.10.42:046][  0]LogConfig: Applying CVar settings from Section [AntiAliasingQuality@3] File [E:/SenProj/PollProj/SeniorProject/Saved/Config/Windows/Scalability.ini]
[2020.05.07-13.10.42:046][  0]LogConfig: Setting CVar [[r.PostProcessAAQuality:4]]
[2020.05.07-13.10.42:046][  0]LogConfig: Applying CVar settings from Section [ShadowQuality@3] File [E:/SenProj/PollProj/SeniorProject/Saved/Config/Windows/Scalability.ini]
[2020.05.07-13.10.42:046][  0]LogConfig: Setting CVar [[r.LightFunctionQuality:1]]
[2020.05.07-13.10.42:046][  0]LogConfig: Setting CVar [[r.ShadowQuality:5]]
[2020.05.07-13.10.42:046][  0]LogConfig: Setting CVar [[r.Shadow.CSM.MaxCascades:10]]
[2020.05.07-13.10.42:046][  0]LogConfig: Setting CVar [[r.Shadow.MaxResolution:2048]]
[2020.05.07-13.10.42:046][  0]LogConfig: Setting CVar [[r.Shadow.MaxCSMResolution:2048]]
[2020.05.07-13.10.42:046][  0]LogConfig: Setting CVar [[r.Shadow.RadiusThreshold:0.01]]
[2020.05.07-13.10.42:046][  0]LogConfig: Setting CVar [[r.Shadow.DistanceScale:1.0]]
[2020.05.07-13.10.42:046][  0]LogConfig: Setting CVar [[r.Shadow.CSM.TransitionScale:1.0]]
[2020.05.07-13.10.42:046][  0]LogConfig: Setting CVar [[r.Shadow.PreShadowResolutionFactor:1.0]]
[2020.05.07-13.10.42:046][  0]LogConfig: Setting CVar [[r.DistanceFieldShadowing:1]]
[2020.05.07-13.10.42:046][  0]LogConfig: Setting CVar [[r.DistanceFieldAO:1]]
[2020.05.07-13.10.42:046][  0]LogConfig: Setting CVar [[r.AOQuality:2]]
[2020.05.07-13.10.42:046][  0]LogConfig: Setting CVar [[r.VolumetricFog:1]]
[2020.05.07-13.10.42:047][  0]LogConfig: Setting CVar [[r.VolumetricFog.GridPixelSize:8]]
[2020.05.07-13.10.42:047][  0]LogConfig: Setting CVar [[r.VolumetricFog.GridSizeZ:128]]
[2020.05.07-13.10.42:047][  0]LogConfig: Setting CVar [[r.VolumetricFog.HistoryMissSupersampleCount:4]]
[2020.05.07-13.10.42:047][  0]LogConfig: Setting CVar [[r.LightMaxDrawDistanceScale:1]]
[2020.05.07-13.10.42:047][  0]LogConfig: Setting CVar [[r.CapsuleShadows:1]]
[2020.05.07-13.10.42:047][  0]LogConfig: Applying CVar settings from Section [PostProcessQuality@3] File [E:/SenProj/PollProj/SeniorProject/Saved/Config/Windows/Scalability.ini]
[2020.05.07-13.10.42:047][  0]LogConfig: Setting CVar [[r.MotionBlurQuality:4]]
[2020.05.07-13.10.42:047][  0]LogConfig: Setting CVar [[r.AmbientOcclusionMipLevelFactor:0.4]]
[2020.05.07-13.10.42:047][  0]LogConfig: Setting CVar [[r.AmbientOcclusionMaxQuality:100]]
[2020.05.07-13.10.42:047][  0]LogConfig: Setting CVar [[r.AmbientOcclusionLevels:-1]]
[2020.05.07-13.10.42:047][  0]LogConfig: Setting CVar [[r.AmbientOcclusionRadiusScale:1.0]]
[2020.05.07-13.10.42:047][  0]LogConfig: Setting CVar [[r.DepthOfFieldQuality:2]]
[2020.05.07-13.10.42:047][  0]LogConfig: Setting CVar [[r.RenderTargetPoolMin:400]]
[2020.05.07-13.10.42:047][  0]LogConfig: Setting CVar [[r.LensFlareQuality:2]]
[2020.05.07-13.10.42:047][  0]LogConfig: Setting CVar [[r.SceneColorFringeQuality:1]]
[2020.05.07-13.10.42:047][  0]LogConfig: Setting CVar [[r.EyeAdaptationQuality:2]]
[2020.05.07-13.10.42:047][  0]LogConfig: Setting CVar [[r.BloomQuality:5]]
[2020.05.07-13.10.42:048][  0]LogConfig: Setting CVar [[r.FastBlurThreshold:100]]
[2020.05.07-13.10.42:048][  0]LogConfig: Setting CVar [[r.Upscale.Quality:3]]
[2020.05.07-13.10.42:048][  0]LogConfig: Setting CVar [[r.Tonemapper.GrainQuantization:1]]
[2020.05.07-13.10.42:048][  0]LogConfig: Setting CVar [[r.LightShaftQuality:1]]
[2020.05.07-13.10.42:048][  0]LogConfig: Setting CVar [[r.Filter.SizeScale:1]]
[2020.05.07-13.10.42:048][  0]LogConfig: Setting CVar [[r.Tonemapper.Quality:5]]
[2020.05.07-13.10.42:048][  0]LogConfig: Setting CVar [[r.DOF.Gather.AccumulatorQuality:1        ; higher gathering accumulator quality]]
[2020.05.07-13.10.42:048][  0]LogConfig: Setting CVar [[r.DOF.Gather.PostfilterMethod:1          ; Median3x3 postfilering method]]
[2020.05.07-13.10.42:048][  0]LogConfig: Setting CVar [[r.DOF.Gather.EnableBokehSettings:0       ; no bokeh simulation when gathering]]
[2020.05.07-13.10.42:048][  0]LogConfig: Setting CVar [[r.DOF.Gather.RingCount:4                 ; medium number of samples when gathering]]
[2020.05.07-13.10.42:048][  0]LogConfig: Setting CVar [[r.DOF.Scatter.ForegroundCompositing:1    ; additive foreground scattering]]
[2020.05.07-13.10.42:048][  0]LogConfig: Setting CVar [[r.DOF.Scatter.BackgroundCompositing:2    ; additive background scattering]]
[2020.05.07-13.10.42:048][  0]LogConfig: Setting CVar [[r.DOF.Scatter.EnableBokehSettings:1      ; bokeh simulation when scattering]]
[2020.05.07-13.10.42:048][  0]LogConfig: Setting CVar [[r.DOF.Scatter.MaxSpriteRatio:0.1         ; only a maximum of 10% of scattered bokeh]]
[2020.05.07-13.10.42:048][  0]LogConfig: Setting CVar [[r.DOF.Recombine.Quality:1                ; cheap slight out of focus]]
[2020.05.07-13.10.42:049][  0]LogConfig: Setting CVar [[r.DOF.Recombine.EnableBokehSettings:0    ; no bokeh simulation on slight out of focus]]
[2020.05.07-13.10.42:049][  0]LogConfig: Setting CVar [[r.DOF.TemporalAAQuality:1                ; more stable temporal accumulation]]
[2020.05.07-13.10.42:049][  0]LogConfig: Setting CVar [[r.DOF.Kernel.MaxForegroundRadius:0.025]]
[2020.05.07-13.10.42:049][  0]LogConfig: Setting CVar [[r.DOF.Kernel.MaxBackgroundRadius:0.025]]
[2020.05.07-13.10.42:049][  0]LogConfig: Applying CVar settings from Section [TextureQuality@3] File [E:/SenProj/PollProj/SeniorProject/Saved/Config/Windows/Scalability.ini]
[2020.05.07-13.10.42:049][  0]LogConfig: Setting CVar [[r.Streaming.MipBias:0]]
[2020.05.07-13.10.42:049][  0]LogConfig: Setting CVar [[r.Streaming.AmortizeCPUToGPUCopy:0]]
[2020.05.07-13.10.42:049][  0]LogConfig: Setting CVar [[r.Streaming.MaxNumTexturesToStreamPerFrame:0]]
[2020.05.07-13.10.42:049][  0]LogConfig: Setting CVar [[r.Streaming.Boost:1]]
[2020.05.07-13.10.42:049][  0]LogConfig: Setting CVar [[r.MaxAnisotropy:8]]
[2020.05.07-13.10.42:049][  0]LogConfig: Setting CVar [[r.Streaming.LimitPoolSizeToVRAM:0]]
[2020.05.07-13.10.42:049][  0]LogConfig: Setting CVar [[r.Streaming.PoolSize:1000]]
[2020.05.07-13.10.42:049][  0]LogConfig: Setting CVar [[r.Streaming.MaxEffectiveScreenSize:0]]
[2020.05.07-13.10.42:049][  0]LogConfig: Applying CVar settings from Section [EffectsQuality@3] File [E:/SenProj/PollProj/SeniorProject/Saved/Config/Windows/Scalability.ini]
[2020.05.07-13.10.42:049][  0]LogConfig: Setting CVar [[r.TranslucencyLightingVolumeDim:64]]
[2020.05.07-13.10.42:050][  0]LogConfig: Setting CVar [[r.RefractionQuality:2]]
[2020.05.07-13.10.42:050][  0]LogConfig: Setting CVar [[r.SSR.Quality:3]]
[2020.05.07-13.10.42:050][  0]LogConfig: Setting CVar [[r.SceneColorFormat:4]]
[2020.05.07-13.10.42:050][  0]LogConfig: Setting CVar [[r.DetailMode:2]]
[2020.05.07-13.10.42:050][  0]LogConfig: Setting CVar [[r.TranslucencyVolumeBlur:1]]
[2020.05.07-13.10.42:050][  0]LogConfig: Setting CVar [[r.MaterialQualityLevel:1 ; High quality]]
[2020.05.07-13.10.42:050][  0]LogConfig: Setting CVar [[r.SSS.Scale:1]]
[2020.05.07-13.10.42:050][  0]LogConfig: Setting CVar [[r.SSS.SampleSet:2]]
[2020.05.07-13.10.42:050][  0]LogConfig: Setting CVar [[r.SSS.Quality:1]]
[2020.05.07-13.10.42:050][  0]LogConfig: Setting CVar [[r.SSS.HalfRes:1]]
[2020.05.07-13.10.42:050][  0]LogConfig: Setting CVar [[r.EmitterSpawnRateScale:1.0]]
[2020.05.07-13.10.42:050][  0]LogConfig: Setting CVar [[r.ParticleLightQuality:2]]
[2020.05.07-13.10.42:050][  0]LogConfig: Applying CVar settings from Section [FoliageQuality@3] File [E:/SenProj/PollProj/SeniorProject/Saved/Config/Windows/Scalability.ini]
[2020.05.07-13.10.42:050][  0]LogConfig: Setting CVar [[foliage.DensityScale:1.0]]
[2020.05.07-13.10.42:050][  0]LogConfig: Setting CVar [[grass.DensityScale:1.0]]
[2020.05.07-13.10.42:050][  0]LogConfig: Applying CVar settings from Section [Startup] File [../../../Engine/Config/ConsoleVariables.ini]
[2020.05.07-13.10.42:051][  0]LogConfig: Setting CVar [[net.UseAdaptiveNetUpdateFrequency:0]]
[2020.05.07-13.10.42:051][  0]LogConfig: Setting CVar [[p.chaos.AllowCreatePhysxBodies:1]]
[2020.05.07-13.10.42:051][  0]LogConfig: Applying CVar settings from Section [ConsoleVariables] File [E:/SenProj/PollProj/SeniorProject/Saved/Config/Windows/Engine.ini]
[2020.05.07-13.10.42:051][  0]LogInit: Computer: GREGSPC
[2020.05.07-13.10.42:051][  0]LogInit: User: Gregory
[2020.05.07-13.10.42:051][  0]LogInit: CPU Page size=4096, Cores=4
[2020.05.07-13.10.42:051][  0]LogInit: High frequency timer resolution =10.000000 MHz
[2020.05.07-13.10.42:052][  0]LogMemory: Memory total: Physical=15.9GB (16GB approx)
[2020.05.07-13.10.42:052][  0]LogMemory: Platform Memory Stats for Windows
[2020.05.07-13.10.42:052][  0]LogMemory: Process Physical Memory: 102.62 MB used, 102.63 MB peak
[2020.05.07-13.10.42:052][  0]LogMemory: Process Virtual Memory: 104.27 MB used, 104.27 MB peak
[2020.05.07-13.10.42:052][  0]LogMemory: Physical Memory: 11052.52 MB used,  5270.81 MB free, 16323.34 MB total
[2020.05.07-13.10.42:052][  0]LogMemory: Virtual Memory: 4670.20 MB used,  134213056.00 MB free, 134217728.00 MB total
[2020.05.07-13.10.42:627][  0]LogInit: Using OS detected language (en-US).
[2020.05.07-13.10.42:627][  0]LogInit: Using OS detected locale (en-US).
[2020.05.07-13.10.42:628][  0]LogTextLocalizationManager: No specific localization for 'en-US' exists, so the 'en' localization will be used.
[2020.05.07-13.10.42:774][  0]LogInit: Setting process to per monitor DPI aware
[2020.05.07-13.10.42:889][  0]LogSlate: New Slate User Created.  User Index 0, Is Virtual User: 0
[2020.05.07-13.10.42:889][  0]LogSlate: Slate User Registered.  User Index 0, Is Virtual User: 0
[2020.05.07-13.10.47:624][  0]LogHMD: Failed to initialize OpenVR with code 108
[2020.05.07-13.10.47:624][  0]LogD3D11RHI: D3D11 adapters:
[2020.05.07-13.10.47:739][  0]LogD3D11RHI:    0. 'NVIDIA GeForce RTX 2080' (Feature Level 11_0)
[2020.05.07-13.10.47:740][  0]LogD3D11RHI:       8010/0/8161 MB DedicatedVideo/DedicatedSystem/SharedSystem, Outputs:4, VendorId:0x10de
[2020.05.07-13.10.47:764][  0]LogD3D11RHI:    1. 'Microsoft Basic Render Driver' (Feature Level 11_0)
[2020.05.07-13.10.47:764][  0]LogD3D11RHI:       0/0/8161 MB DedicatedVideo/DedicatedSystem/SharedSystem, Outputs:0, VendorId:0x1414
[2020.05.07-13.10.47:764][  0]LogD3D11RHI: Chosen D3D11 Adapter: 0
[2020.05.07-13.10.47:774][  0]LogD3D11RHI: Creating new Direct3DDevice
[2020.05.07-13.10.47:774][  0]LogD3D11RHI:     GPU DeviceId: 0x1e87 (for the marketing name, search the web for "GPU Device Id")
[2020.05.07-13.10.47:774][  0]LogWindows: EnumDisplayDevices:
[2020.05.07-13.10.47:775][  0]LogWindows:    0. 'NVIDIA GeForce RTX 2080' (P:1 D:1)
[2020.05.07-13.10.47:775][  0]LogWindows:    1. 'NVIDIA GeForce RTX 2080' (P:0 D:1)
[2020.05.07-13.10.47:775][  0]LogWindows:    2. 'NVIDIA GeForce RTX 2080' (P:0 D:1)
[2020.05.07-13.10.47:776][  0]LogWindows:    3. 'NVIDIA GeForce RTX 2080' (P:0 D:1)
[2020.05.07-13.10.47:776][  0]LogWindows: DebugString: FoundDriverCount:4 
[2020.05.07-13.10.47:776][  0]LogD3D11RHI:     Adapter Name: NVIDIA GeForce RTX 2080
[2020.05.07-13.10.47:776][  0]LogD3D11RHI:   Driver Version: 432.00 (internal:26.21.14.3200, unified:432.00)
[2020.05.07-13.10.47:776][  0]LogD3D11RHI:      Driver Date: 7-24-2019
[2020.05.07-13.10.47:777][  0]LogRHI: Texture pool is 5607 MB (70% of 8010 MB)
[2020.05.07-13.10.47:830][  0]LogD3D11RHI: Async texture creation enabled
[2020.05.07-13.10.47:866][  0]LogRendererCore: FGlobalReadBuffer::InitRHI
[2020.05.07-13.10.47:866][  0]LogRendererCore: FGlobalReadBuffer::InitRHI
[2020.05.07-13.10.47:866][  0]LogRendererCore: FGlobalReadBuffer::InitRHI
[2020.05.07-13.10.47:874][  0]LogD3D11RHI: GPU Timing Frequency: 1000.000000 (Debug: 2 1)
[2020.05.07-13.10.48:408][  0]LogTemp: Display: Module 'AllDesktopTargetPlatform' loaded TargetPlatform 'AllDesktop'
[2020.05.07-13.10.48:477][  0]LogTemp: Display: Module 'MacClientTargetPlatform' loaded TargetPlatform 'MacClient'
[2020.05.07-13.10.48:550][  0]LogTemp: Display: Module 'MacNoEditorTargetPlatform' loaded TargetPlatform 'MacNoEditor'
[2020.05.07-13.10.48:657][  0]LogTemp: Display: Module 'MacServerTargetPlatform' loaded TargetPlatform 'MacServer'
[2020.05.07-13.10.48:822][  0]LogTemp: Display: Module 'MacTargetPlatform' loaded TargetPlatform 'Mac'
[2020.05.07-13.10.48:886][  0]LogTemp: Display: Module 'WindowsClientTargetPlatform' loaded TargetPlatform 'WindowsClient'
[2020.05.07-13.10.48:934][  0]LogTemp: Display: Module 'WindowsNoEditorTargetPlatform' loaded TargetPlatform 'WindowsNoEditor'
[2020.05.07-13.10.49:003][  0]LogTemp: Display: Module 'WindowsServerTargetPlatform' loaded TargetPlatform 'WindowsServer'
[2020.05.07-13.10.49:058][  0]LogTemp: Display: Module 'WindowsTargetPlatform' loaded TargetPlatform 'Windows'
[2020.05.07-13.10.49:220][  0]LogTemp: Display: Module 'AndroidTargetPlatform' loaded TargetPlatform 'Android'
[2020.05.07-13.10.49:220][  0]LogTemp: Display: Module 'AndroidTargetPlatform' loaded TargetPlatform 'Android_ASTC'
[2020.05.07-13.10.49:220][  0]LogTemp: Display: Module 'AndroidTargetPlatform' loaded TargetPlatform 'Android_ATC'
[2020.05.07-13.10.49:220][  0]LogTemp: Display: Module 'AndroidTargetPlatform' loaded TargetPlatform 'Android_DXT'
[2020.05.07-13.10.49:220][  0]LogTemp: Display: Module 'AndroidTargetPlatform' loaded TargetPlatform 'Android_ETC1'
[2020.05.07-13.10.49:220][  0]LogTemp: Display: Module 'AndroidTargetPlatform' loaded TargetPlatform 'Android_ETC1a'
[2020.05.07-13.10.49:220][  0]LogTemp: Display: Module 'AndroidTargetPlatform' loaded TargetPlatform 'Android_ETC2'
[2020.05.07-13.10.49:220][  0]LogTemp: Display: Module 'AndroidTargetPlatform' loaded TargetPlatform 'Android_PVRTC'
[2020.05.07-13.10.49:220][  0]LogTemp: Display: Module 'AndroidTargetPlatform' loaded TargetPlatform 'AndroidClient'
[2020.05.07-13.10.49:220][  0]LogTemp: Display: Module 'AndroidTargetPlatform' loaded TargetPlatform 'Android_ASTCClient'
[2020.05.07-13.10.49:220][  0]LogTemp: Display: Module 'AndroidTargetPlatform' loaded TargetPlatform 'Android_ATCClient'
[2020.05.07-13.10.49:220][  0]LogTemp: Display: Module 'AndroidTargetPlatform' loaded TargetPlatform 'Android_DXTClient'
[2020.05.07-13.10.49:220][  0]LogTemp: Display: Module 'AndroidTargetPlatform' loaded TargetPlatform 'Android_ETC1Client'
[2020.05.07-13.10.49:221][  0]LogTemp: Display: Module 'AndroidTargetPlatform' loaded TargetPlatform 'Android_ETC1aClient'
[2020.05.07-13.10.49:221][  0]LogTemp: Display: Module 'AndroidTargetPlatform' loaded TargetPlatform 'Android_ETC2Client'
[2020.05.07-13.10.49:221][  0]LogTemp: Display: Module 'AndroidTargetPlatform' loaded TargetPlatform 'Android_PVRTCClient'
[2020.05.07-13.10.49:221][  0]LogTemp: Display: Module 'AndroidTargetPlatform' loaded TargetPlatform 'Android_Multi'
[2020.05.07-13.10.49:221][  0]LogTemp: Display: Module 'AndroidTargetPlatform' loaded TargetPlatform 'Android_MultiClient'
[2020.05.07-13.10.49:286][  0]LogTemp: Display: Module 'HTML5TargetPlatform' loaded TargetPlatform 'HTML5'
[2020.05.07-13.10.49:484][  0]LogTemp: Display: Module 'IOSTargetPlatform' loaded TargetPlatform 'IOSClient'
[2020.05.07-13.10.49:484][  0]LogTemp: Display: Module 'IOSTargetPlatform' loaded TargetPlatform 'IOS'
[2020.05.07-13.10.49:538][  0]LogTemp: Display: Module 'TVOSTargetPlatform' loaded TargetPlatform 'TVOSClient'
[2020.05.07-13.10.49:539][  0]LogTemp: Display: Module 'TVOSTargetPlatform' loaded TargetPlatform 'TVOS'
[2020.05.07-13.10.49:600][  0]LogTemp: Display: Module 'LinuxClientTargetPlatform' loaded TargetPlatform 'LinuxClient'
[2020.05.07-13.10.49:656][  0]LogTemp: Display: Module 'LinuxNoEditorTargetPlatform' loaded TargetPlatform 'LinuxNoEditor'
[2020.05.07-13.10.49:716][  0]LogTemp: Display: Module 'LinuxServerTargetPlatform' loaded TargetPlatform 'LinuxServer'
[2020.05.07-13.10.49:791][  0]LogTemp: Display: Module 'LinuxTargetPlatform' loaded TargetPlatform 'Linux'
[2020.05.07-13.10.49:884][  0]LogTemp: Display: Module 'LuminTargetPlatform' loaded TargetPlatform 'Lumin'
[2020.05.07-13.10.49:884][  0]LogTemp: Display: Module 'LuminTargetPlatform' loaded TargetPlatform 'LuminClient'
[2020.05.07-13.10.49:884][  0]LogTargetPlatformManager: Display: Building Assets For Windows
[2020.05.07-13.10.49:983][  0]LogAudioDebug: Display: Lib vorbis DLL was dynamically loaded.
[2020.05.07-13.10.50:912][  0]LogShaderCompilers: Guid format shader working directory is 14 characters bigger than the processId version (E:/SenProj/PollProj/SeniorProject/Intermediate/Shaders/WorkingDirectory/18284/).
[2020.05.07-13.10.50:913][  0]LogShaderCompilers: Cleaned the shader compiler working directory 'C:/Users/Gregory/AppData/Local/Temp/UnrealShaderWorkingDir/55981A5E40C05FA66B0CF48477906F58/'.
[2020.05.07-13.10.50:916][  0]LogXGEController: Cannot use XGE Controller as Incredibuild is not installed on this machine.
[2020.05.07-13.10.50:917][  0]LogShaderCompilers: Cannot use XGE Shader Compiler as Incredibuild is not installed on this machine.
[2020.05.07-13.10.50:917][  0]LogShaderCompilers: Display: Using Local Shader Compiler.
[2020.05.07-13.10.51:530][  0]LogDerivedDataCache: Display: Max Cache Size: 512 MB
[2020.05.07-13.10.51:590][  0]LogDerivedDataCache: Loaded boot cache 0.06s 73MB C:/Users/Gregory/AppData/Local/UnrealEngine/4.22/DerivedDataCache/Boot.ddc.
[2020.05.07-13.10.51:591][  0]LogDerivedDataCache: Display: Loaded Boot cache: C:/Users/Gregory/AppData/Local/UnrealEngine/4.22/DerivedDataCache/Boot.ddc
[2020.05.07-13.10.51:591][  0]LogDerivedDataCache: FDerivedDataBackendGraph:  Pak pak cache file E:/SenProj/PollProj/SeniorProject/DerivedDataCache/DDC.ddp not found, will not use a pak cache.
[2020.05.07-13.10.51:591][  0]LogDerivedDataCache: Unable to find inner node Pak for hierarchical cache Hierarchy.
[2020.05.07-13.10.51:591][  0]LogDerivedDataCache: FDerivedDataBackendGraph:  CompressedPak pak cache file E:/SenProj/PollProj/SeniorProject/DerivedDataCache/Compressed.ddp not found, will not use a pak cache.
[2020.05.07-13.10.51:591][  0]LogDerivedDataCache: Unable to find inner node CompressedPak for hierarchical cache Hierarchy.
[2020.05.07-13.10.51:602][  0]LogDerivedDataCache: Display: Pak cache opened for reading ../../../Engine/DerivedDataCache/Compressed.ddp.
[2020.05.07-13.10.51:605][  0]LogDerivedDataCache: Display: Pak cache opened for reading ../../../Enterprise/DerivedDataCache/Compressed.ddp.
[2020.05.07-13.10.51:618][  0]LogDerivedDataCache: Using Local data cache path C:/Users/Gregory/AppData/Local/UnrealEngine/Common/DerivedDataCache: Writable
[2020.05.07-13.10.51:618][  0]LogDerivedDataCache: Shared data cache path not found in *engine.ini, will not use an Shared cache.
[2020.05.07-13.10.51:618][  0]LogDerivedDataCache: Unable to find inner node Shared for hierarchical cache Hierarchy.
[2020.05.07-13.10.51:643][  0]LogMaterial: Verifying Global Shaders for PCD3D_SM5
[2020.05.07-13.10.51:644][  0]LogSlate: Using FreeType 2.6.0
[2020.05.07-13.10.51:645][  0]LogSlate: SlateFontServices - WITH_FREETYPE: 1, WITH_HARFBUZZ: 1
[2020.05.07-13.10.51:728][  0]LogAssetRegistry: FAssetRegistry took 0.0343 seconds to start up
[2020.05.07-13.10.52:039][  0]LogInit: Selected Device Profile: [Windows]
[2020.05.07-13.10.52:683][  0]LogMeshReduction: Using QuadricMeshReduction for automatic static mesh reduction
[2020.05.07-13.10.52:683][  0]LogMeshReduction: Using SimplygonMeshReduction for automatic skeletal mesh reduction
[2020.05.07-13.10.52:683][  0]LogMeshReduction: Using ProxyLODMeshReduction for automatic mesh merging
[2020.05.07-13.10.52:683][  0]LogMeshReduction: No distributed automatic mesh merging module available
[2020.05.07-13.10.52:683][  0]LogMeshMerging: No distributed automatic mesh merging module available
[2020.05.07-13.10.52:693][  0]LogNetVersion: SeniorProject 1.0.0, NetCL: 5660361, EngineNetVer: 10, GameNetVer: 0 (Checksum: 993350713)
[2020.05.07-13.10.53:136][  0]LogPackageLocalizationCache: Processed 16 localized package path(s) for 1 prioritized culture(s) in 0.054174 seconds
[2020.05.07-13.10.53:142][  0]LogUObjectArray: 42205 objects as part of root set at end of initial load.
[2020.05.07-13.10.53:143][  0]LogUObjectAllocator: 7325032 out of 0 bytes used by permanent object pool.
[2020.05.07-13.10.53:143][  0]LogUObjectArray: CloseDisregardForGC: 0/0 objects in disregard for GC pool
[2020.05.07-13.11.15:006][  0]LogTcpMessaging: Initializing TcpMessaging bridge
[2020.05.07-13.11.15:063][  0]LogUdpMessaging: Initializing bridge on interface 0.0.0.0:0 to multicast group 230.0.0.1:6666.
[2020.05.07-13.11.16:493][  0]SourceControl: Source control is disabled
[2020.05.07-13.11.20:632][  0]LogAndroidPermission: UAndroidPermissionCallbackProxy::GetInstance
[2020.05.07-13.11.21:158][  0]LogOcInput: OculusInput pre-init called
[2020.05.07-13.11.25:370][  0]LogWindows: Failed to load 'libalias_api.dll' (GetLastError=126)
[2020.05.07-13.11.25:370][  0]LogWindows: File 'libalias_api.dll' does not exist
[2020.05.07-13.11.25:372][  0]LogWindows: Failed to load 'libalias_api.dll' (GetLastError=126)
[2020.05.07-13.11.25:372][  0]LogWindows: File 'libalias_api.dll' does not exist
[2020.05.07-13.11.25:629][  0]LogEngine: Initializing Engine...
[2020.05.07-13.11.25:690][  0]LogHMD: Failed to initialize OpenVR with code 108
[2020.05.07-13.11.25:692][  0]LogStats: UGameplayTagsManager::InitializeManager -  0.000 s
[2020.05.07-13.11.25:983][  0]LogInit: Initializing FReadOnlyCVARCache
[2020.05.07-13.11.26:051][  0]LogAIModule: Creating AISystem for world Untitled
[2020.05.07-13.11.26:205][  0]LogInit: XAudio2 using 'Headset Earphone (2- Corsair HS70 Wireless Gaming Headset)' : 2 channels at 48 kHz using 16 bits per sample (channel mask 0x3)
[2020.05.07-13.11.26:235][  0]LogInit: FAudioDevice initialized.
[2020.05.07-13.11.26:235][  0]LogNetVersion: Set ProjectVersion to 1.0.0.0. Version Checksum will be recalculated on next use.
[2020.05.07-13.11.26:438][  0]LogDerivedDataCache: Saved boot cache 0.20s 73MB C:/Users/Gregory/AppData/Local/UnrealEngine/4.22/DerivedDataCache/Boot.ddc.
[2020.05.07-13.11.26:448][  0]LogInit: Texture streaming: Enabled
[2020.05.07-13.11.26:665][  0]LogEngineSessionManager: EngineSessionManager initialized
[2020.05.07-13.11.26:666][  0]LogEngineSessionManager: EngineSessionManager sent abnormal shutdown report. Type=Debugger, SessionId={8D04FEF2-435F-35DA-E148-86A676DC4AF1}
[2020.05.07-13.11.26:767][  0]LogInit: Transaction tracking system initialized
[2020.05.07-13.11.27:548][  0]BlueprintLog: New page: Editor Load
[2020.05.07-13.11.29:674][  0]LocalizationService: Localization service is disabled
[2020.05.07-13.11.31:528][  0]LogFileCache: Scanning file cache for directory 'E:/SenProj/PollProj/SeniorProject/Content/' took 0.02s
[2020.05.07-13.11.31:528][  0]LogCook: Display: Max memory allowance for cook 16384mb min free memory 0mb
[2020.05.07-13.11.31:529][  0]LogCook: Display: Mobile HDR setting 1
[2020.05.07-13.11.36:369][  0]Cmd: MAP LOAD FILE="E:/SenProj/PollProj/SeniorProject/Content/Levels/GreyBoxLVL4.umap" TEMPLATE=0 SHOWPROGRESS=1 FEATURELEVEL=3
[2020.05.07-13.11.36:370][  0]LightingResults: New page: Lighting Build
[2020.05.07-13.11.36:405][  0]MapCheck: New page: Map Check
[2020.05.07-13.11.36:405][  0]LightingResults: New page: Lighting Build
[2020.05.07-13.11.36:435][  0]LogUObjectHash: Compacting FUObjectHashTables data took   2.27ms
[2020.05.07-13.11.37:291][  0]LogLinker: Warning: Asset 'E:/SenProj/PollProj/SeniorProject/Content/Materials/MF_ConvolveTexture.uasset' has been saved with empty engine version. The asset will be loaded but may be incompatible.
[2020.05.07-13.11.37:292][  0]LogLinker: Warning: Asset 'E:/SenProj/PollProj/SeniorProject/Content/Materials/MF_ExtractDepth.uasset' has been saved with empty engine version. The asset will be loaded but may be incompatible.
[2020.05.07-13.11.37:293][  0]LogLinker: Warning: Asset 'E:/SenProj/PollProj/SeniorProject/Content/Materials/MF_SampleSceneTextureNeighbourUVs.uasset' has been saved with empty engine version. The asset will be loaded but may be incompatible.
[2020.05.07-13.11.39:490][  0]LogAIModule: Creating AISystem for world GreyBoxLVL4
[2020.05.07-13.11.41:398][  0]LogEditorServer: Finished looking for orphan Actors (0.000 secs)
[2020.05.07-13.11.41:567][  0]LogUObjectHash: Compacting FUObjectHashTables data took   5.14ms
[2020.05.07-13.11.41:567][  0]Cmd: MAP CHECKDEP NOCLEARLOG
[2020.05.07-13.11.41:568][  0]MapCheck: Map check complete: 0 Error(s), 0 Warning(s), took 0.772ms to complete.
[2020.05.07-13.11.41:568][  0]LogFileHelpers: Loading map 'GreyBoxLVL4' took 5.199
[2020.05.07-13.11.41:933][  0]LogSlate: Updating window title bar state: overlay mode, drag disabled, window buttons hidden, title bar hidden
[2020.05.07-13.11.41:940][  0]LogSlate: Updating window title bar state: overlay mode, drag disabled, window buttons hidden, title bar hidden
[2020.05.07-13.11.41:947][  0]LogSlate: Updating window title bar state: overlay mode, drag disabled, window buttons hidden, title bar hidden
[2020.05.07-13.11.41:956][  0]LogSlate: Updating window title bar state: overlay mode, drag disabled, window buttons hidden, title bar hidden
[2020.05.07-13.11.42:021][  0]LogCollectionManager: Loaded 0 collections in 0.003233 seconds
[2020.05.07-13.11.42:082][  0]LogFileCache: Scanning file cache for directory 'E:/SenProj/PollProj/SeniorProject/Saved/Collections/' took 0.01s
[2020.05.07-13.11.42:082][  0]LogFileCache: Scanning file cache for directory 'E:/SenProj/PollProj/SeniorProject/Content/Developers/Gregory/Collections/' took 0.01s
[2020.05.07-13.11.42:082][  0]LogFileCache: Scanning file cache for directory 'E:/SenProj/PollProj/SeniorProject/Content/Collections/' took 0.00s
[2020.05.07-13.11.42:082][  0]LogCollectionManager: Rebuilt the GUID cache for 0 collections in 0.000000 seconds
[2020.05.07-13.11.42:090][  0]LogContentBrowser: Native class hierarchy populated in 0.0081 seconds. Added 2876 classes and 729 folders.
[2020.05.07-13.11.42:120][  0]LogContentBrowser: Native class hierarchy updated for 'WidgetCarousel' in 0.0003 seconds. Added 0 classes and 0 folders.
[2020.05.07-13.11.42:156][  0]LogPakFile: Registered encryption key '00000000000000000000000000000000': 0 pak files mounted, 0 remain pending
[2020.05.07-13.11.42:201][  0]LogPakFile: Registered encryption key '00000000000000000000000000000000': 0 pak files mounted, 0 remain pending
[2020.05.07-13.11.42:239][  0]LogPakFile: Registered encryption key '00000000000000000000000000000000': 0 pak files mounted, 0 remain pending
[2020.05.07-13.11.42:255][  0]LogPakFile: Registered encryption key '00000000000000000000000000000000': 0 pak files mounted, 0 remain pending
[2020.05.07-13.11.42:270][  0]LogPakFile: Registered encryption key '00000000000000000000000000000000': 0 pak files mounted, 0 remain pending
[2020.05.07-13.11.42:286][  0]LogPakFile: Registered encryption key '00000000000000000000000000000000': 0 pak files mounted, 0 remain pending
[2020.05.07-13.11.42:307][  0]LogPakFile: Registered encryption key '00000000000000000000000000000000': 0 pak files mounted, 0 remain pending
[2020.05.07-13.11.42:323][  0]LogPakFile: Registered encryption key '00000000000000000000000000000000': 0 pak files mounted, 0 remain pending
[2020.05.07-13.11.42:333][  0]LogPakFile: Registered encryption key '00000000000000000000000000000000': 0 pak files mounted, 0 remain pending
[2020.05.07-13.11.42:372][  0]LogPakFile: Registered encryption key '00000000000000000000000000000000': 0 pak files mounted, 0 remain pending
[2020.05.07-13.11.42:389][  0]LogPakFile: Registered encryption key '00000000000000000000000000000000': 0 pak files mounted, 0 remain pending
[2020.05.07-13.11.42:403][  0]LogPakFile: Registered encryption key '00000000000000000000000000000000': 0 pak files mounted, 0 remain pending
[2020.05.07-13.11.42:420][  0]LogPakFile: Registered encryption key '00000000000000000000000000000000': 0 pak files mounted, 0 remain pending
[2020.05.07-13.11.42:435][  0]LogPakFile: Registered encryption key '00000000000000000000000000000000': 0 pak files mounted, 0 remain pending
[2020.05.07-13.11.42:448][  0]LogPakFile: Registered encryption key '00000000000000000000000000000000': 0 pak files mounted, 0 remain pending
[2020.05.07-13.11.42:466][  0]LogPakFile: Registered encryption key '00000000000000000000000000000000': 0 pak files mounted, 0 remain pending
[2020.05.07-13.11.42:516][  0]LogPakFile: Registered encryption key '00000000000000000000000000000000': 0 pak files mounted, 0 remain pending
[2020.05.07-13.11.42:523][  0]LogPakFile: Registered encryption key '00000000000000000000000000000000': 0 pak files mounted, 0 remain pending
[2020.05.07-13.11.42:549][  0]LogPakFile: Registered encryption key '00000000000000000000000000000000': 0 pak files mounted, 0 remain pending
[2020.05.07-13.11.42:561][  0]LogPakFile: Registered encryption key '00000000000000000000000000000000': 0 pak files mounted, 0 remain pending
[2020.05.07-13.11.42:581][  0]LogPakFile: Registered encryption key '00000000000000000000000000000000': 0 pak files mounted, 0 remain pending
[2020.05.07-13.11.42:591][  0]LogPakFile: Registered encryption key '00000000000000000000000000000000': 0 pak files mounted, 0 remain pending
[2020.05.07-13.11.42:606][  0]LogPakFile: Registered encryption key '00000000000000000000000000000000': 0 pak files mounted, 0 remain pending
[2020.05.07-13.11.42:619][  0]LogPakFile: Registered encryption key '00000000000000000000000000000000': 0 pak files mounted, 0 remain pending
[2020.05.07-13.11.42:634][  0]LogPakFile: Registered encryption key '00000000000000000000000000000000': 0 pak files mounted, 0 remain pending
[2020.05.07-13.11.42:652][  0]LogPakFile: Registered encryption key '00000000000000000000000000000000': 0 pak files mounted, 0 remain pending
[2020.05.07-13.11.42:665][  0]LogPakFile: Registered encryption key '00000000000000000000000000000000': 0 pak files mounted, 0 remain pending
[2020.05.07-13.11.42:678][  0]LogPakFile: Registered encryption key '00000000000000000000000000000000': 0 pak files mounted, 0 remain pending
[2020.05.07-13.11.44:063][  0]LogContentBrowser: Native class hierarchy updated for 'AddContentDialog' in 0.0003 seconds. Added 0 classes and 0 folders.
[2020.05.07-13.11.44:067][  0]LogContentBrowser: Native class hierarchy updated for 'SceneOutliner' in 0.0003 seconds. Added 1 classes and 0 folders.
[2020.05.07-13.11.44:182][  0]LogSlate: Took 0.078005 seconds to synchronously load lazily loaded font '../../../Engine/Content/Slate/Fonts/Roboto-Regular.ttf' (155K)
[2020.05.07-13.11.44:224][  0]LogSlate: Took 0.038434 seconds to synchronously load lazily loaded font '../../../Engine/Content/Slate/Fonts/Roboto-Bold.ttf' (160K)
[2020.05.07-13.11.44:271][  0]LogSlate: Took 0.043016 seconds to synchronously load lazily loaded font '../../../Engine/Content/Editor/Slate/Fonts/FontAwesome.ttf' (139K)
[2020.05.07-13.11.44:394][  0]LogRenderer: Reallocating scene render targets to support 1156x596 Format 10 NumSamples 1 (Frame:1).
[2020.05.07-13.11.44:514][  0]LogStaticMesh: Allocated 512x403x64 distance field atlas = 25.2Mb, with 186 objects containing 22.8Mb backing data
[2020.05.07-13.11.44:986][  0]LogContentBrowser: Native class hierarchy updated for 'HierarchicalLODOutliner' in 0.0003 seconds. Added 0 classes and 0 folders.
[2020.05.07-13.11.44:986][  0]LogLoad: (Engine Initialization) Total time: 67.33 seconds
[2020.05.07-13.11.44:986][  0]LogLoad: (Engine Initialization) Total Blueprint compile time: 0.00 seconds
[2020.05.07-13.11.45:066][  0]LogContentStreaming: Texture pool size now 1000 MB
[2020.05.07-13.11.45:130][  0]LogSlate: Took 0.019017 seconds to synchronously load lazily loaded font '../../../Engine/Content/Slate/Fonts/Roboto-Light.ttf' (167K)
[2020.05.07-13.11.45:234][  1]LogAssetRegistry: Asset discovery search completed in 53.5307 seconds
[2020.05.07-13.11.45:237][  1]LogCollectionManager: Rebuilt the object cache for 0 collections in 0.000000 seconds (found 0 objects)
[2020.05.07-13.11.45:238][  1]LogCollectionManager: Fixed up redirectors for 0 collections in 0.000230 seconds (updated 0 objects)
[2020.05.07-13.11.46:111][ 10]LogSlate: Took 0.000230 seconds to synchronously load lazily loaded font '../../../Engine/Content/Slate/Fonts/Roboto-Light.ttf' (167K)
[2020.05.07-13.11.49:714][203]LogSlate: FSceneViewport::OnFocusLost() reason 2
[2020.05.07-13.11.50:204][258]LogFileCache: Retrieving MD5 hashes for directory 'E:/SenProj/PollProj/SeniorProject/Content/' took 5.19s
[2020.05.07-13.11.51:034][352]LogBlueprintUserMessages: Early PlayInEditor Detection: Level '/Game/Levels/GreyBoxLVL4.GreyBoxLVL4:PersistentLevel' has LevelScriptBlueprint '/Game/Levels/GreyBoxLVL4.GreyBoxLVL4:PersistentLevel.GreyBoxLVL4' with GeneratedClass '/Game/Levels/GreyBoxLVL4.GreyBoxLVL4_C' with ClassGeneratedBy '/Game/Levels/GreyBoxLVL4.GreyBoxLVL4:PersistentLevel.GreyBoxLVL4'
[2020.05.07-13.11.51:040][352]LogPlayLevel: PlayLevel: No blueprints needed recompiling
[2020.05.07-13.11.51:085][352]PIE: New page: PIE session: GreyBoxLVL4 (May 7, 2020, 5:11:51 AM)
[2020.05.07-13.11.51:102][352]LogPlayLevel: Creating play world package: /Game/Levels/UEDPIE_0_GreyBoxLVL4
[2020.05.07-13.11.51:559][352]LogPlayLevel: PIE: StaticDuplicateObject took: (0.455946s)
[2020.05.07-13.11.51:560][352]LogAIModule: Creating AISystem for world GreyBoxLVL4
[2020.05.07-13.11.51:560][352]LogPlayLevel: PIE: World Init took: (0.000857s)
[2020.05.07-13.11.51:561][352]LogPlayLevel: PIE: Created PIE world by copying editor world from /Game/Levels/GreyBoxLVL4.GreyBoxLVL4 to /Game/Levels/UEDPIE_0_GreyBoxLVL4.GreyBoxLVL4 (0.458578s)
[2020.05.07-13.11.51:588][352]LogUObjectHash: Compacting FUObjectHashTables data took   1.66ms
[2020.05.07-13.11.51:736][352]LogInit: XAudio2 using 'Headset Earphone (2- Corsair HS70 Wireless Gaming Headset)' : 2 channels at 48 kHz using 16 bits per sample (channel mask 0x3)
[2020.05.07-13.11.51:753][352]LogInit: FAudioDevice initialized.
[2020.05.07-13.11.51:753][352]LogSlate: FSceneViewport::OnFocusLost() reason 2
[2020.05.07-13.11.51:815][352]LogLoad: Game class is 'FirstPersonGameMode_C'
[2020.05.07-13.11.52:043][352]LogWorld: Bringing World /Game/Levels/UEDPIE_0_GreyBoxLVL4.GreyBoxLVL4 up for play (max tick rate 0) at 2020.05.07-09.11.52
[2020.05.07-13.11.52:110][352]LogWorld: Bringing up level for play took: 0.293903
[2020.05.07-13.11.52:130][352]LogContentBrowser: Native class hierarchy updated for 'MovieSceneCapture' in 0.0003 seconds. Added 20 classes and 0 folders.
[2020.05.07-13.11.52:131][352]LogScript: Warning: Script Msg: Attempted to access index 0 from array 'CallFunc_GetAllActorsOfClass_OutActors' of length 0 in '/Game/BP/Checkpoint.Checkpoint_C:ExecuteUbergraph_Checkpoint'!
[2020.05.07-13.11.52:131][352]LogScript: Warning: Script Msg: Attempted to access index 0 from array 'CallFunc_GetAllActorsOfClass_OutActors' of length 0 in '/Game/BP/Checkpoint.Checkpoint_C:ExecuteUbergraph_Checkpoint'!
[2020.05.07-13.11.52:131][352]LogScript: Warning: Script Msg: Attempted to access index 0 from array 'CallFunc_GetAllActorsOfClass_OutActors' of length 0 in '/Game/BP/OutroTrigger.OutroTrigger_C:ExecuteUbergraph_OutroTrigger'!
[2020.05.07-13.11.52:133][352]LogScript: Warning: Script Msg: Attempted to access index 0 from array 'CallFunc_GetAllActorsOfClass_OutActors' of length 0 in '/Game/Materials/FinishStopper.FinishStopper_C:ExecuteUbergraph_FinishStopper'!
[2020.05.07-13.11.52:138][352]PIE: Play in editor start time for /Game/Levels/UEDPIE_0_GreyBoxLVL4 1.517
[2020.05.07-13.11.52:140][352]LogBlueprintUserMessages: Late PlayInEditor Detection: Level '/Game/Levels/GreyBoxLVL4.GreyBoxLVL4:PersistentLevel' has LevelScriptBlueprint '/Game/Levels/GreyBoxLVL4.GreyBoxLVL4:PersistentLevel.GreyBoxLVL4' with GeneratedClass '/Game/Levels/GreyBoxLVL4.GreyBoxLVL4_C' with ClassGeneratedBy '/Game/Levels/GreyBoxLVL4.GreyBoxLVL4:PersistentLevel.GreyBoxLVL4'
[2020.05.07-13.12.14:932][645]LogBlueprintUserMessages: Early EndPlayMap Detection: Level '/Game/Levels/GreyBoxLVL4.GreyBoxLVL4:PersistentLevel' has LevelScriptBlueprint '/Game/Levels/GreyBoxLVL4.GreyBoxLVL4:PersistentLevel.GreyBoxLVL4' with GeneratedClass '/Game/Levels/GreyBoxLVL4.GreyBoxLVL4_C' with ClassGeneratedBy '/Game/Levels/GreyBoxLVL4.GreyBoxLVL4:PersistentLevel.GreyBoxLVL4'
[2020.05.07-13.12.14:934][645]LogSlate: Updating window title bar state: overlay mode, drag disabled, window buttons hidden, title bar hidden
[2020.05.07-13.12.15:060][645]LogPlayLevel: Display: Shutting down PIE online subsystems
[2020.05.07-13.12.15:062][645]LogBlueprintUserMessages: Late EndPlayMap Detection: Level '/Game/Levels/GreyBoxLVL4.GreyBoxLVL4:PersistentLevel' has LevelScriptBlueprint '/Game/Levels/GreyBoxLVL4.GreyBoxLVL4:PersistentLevel.GreyBoxLVL4' with GeneratedClass '/Game/Levels/GreyBoxLVL4.GreyBoxLVL4_C' with ClassGeneratedBy '/Game/Levels/GreyBoxLVL4.GreyBoxLVL4:PersistentLevel.GreyBoxLVL4'
[2020.05.07-13.12.15:118][645]LogSlate: Updating window title bar state: overlay mode, drag disabled, window buttons hidden, title bar hidden
[2020.05.07-13.12.15:148][645]LogUObjectHash: Compacting FUObjectHashTables data took   4.11ms
[2020.05.07-13.12.15:195][646]LogPlayLevel: Display: Destroying online subsystem :Context_7
[2020.05.07-13.12.16:527][721]LogSlate: FSceneViewport::OnFocusLost() reason 2
[2020.05.07-13.12.18:174][796]LogUObjectHash: Compacting FUObjectHashTables data took   0.69ms
[2020.05.07-13.12.53:691][129]LogSlate: FSceneViewport::OnFocusLost() reason 2
[2020.05.07-13.12.55:003][171]LogSlate: FSceneViewport::OnFocusLost() reason 2
[2020.05.07-13.12.55:130][177]LogSlate: FSceneViewport::OnFocusLost() reason 2
[2020.05.07-13.12.55:173][178]LogSlate: FSceneViewport::OnFocusLost() reason 2
[2020.05.07-13.12.55:321][184]LogSlate: FSceneViewport::OnFocusLost() reason 2
[2020.05.07-13.12.56:396][234]LogSlate: FSceneViewport::OnFocusLost() reason 2
[2020.05.07-13.12.59:651][234]LogSlate: Only BGRA pngs, bmps or icos are supported in by External Image Picker
[2020.05.07-13.13.22:311][222]LogBlueprintUserMessages: Early PlayInEditor Detection: Level '/Game/Levels/GreyBoxLVL4.GreyBoxLVL4:PersistentLevel' has LevelScriptBlueprint '/Game/Levels/GreyBoxLVL4.GreyBoxLVL4:PersistentLevel.GreyBoxLVL4' with GeneratedClass '/Game/Levels/GreyBoxLVL4.GreyBoxLVL4_C' with ClassGeneratedBy '/Game/Levels/GreyBoxLVL4.GreyBoxLVL4:PersistentLevel.GreyBoxLVL4'
[2020.05.07-13.13.22:311][222]LogPlayLevel: PlayLevel: No blueprints needed recompiling
[2020.05.07-13.13.22:311][222]PIE: New page: PIE session: GreyBoxLVL4 (May 7, 2020, 5:13:22 AM)
[2020.05.07-13.13.22:312][222]LogPlayLevel: Creating play world package: /Game/Levels/UEDPIE_0_GreyBoxLVL4
[2020.05.07-13.13.22:829][222]LogPlayLevel: PIE: StaticDuplicateObject took: (0.518034s)
[2020.05.07-13.13.22:830][222]LogAIModule: Creating AISystem for world GreyBoxLVL4
[2020.05.07-13.13.22:831][222]LogPlayLevel: PIE: World Init took: (0.001021s)
[2020.05.07-13.13.22:832][222]LogPlayLevel: PIE: Created PIE world by copying editor world from /Game/Levels/GreyBoxLVL4.GreyBoxLVL4 to /Game/Levels/UEDPIE_0_GreyBoxLVL4.GreyBoxLVL4 (0.520687s)
[2020.05.07-13.13.22:858][222]LogUObjectHash: Compacting FUObjectHashTables data took   1.80ms
[2020.05.07-13.13.23:009][222]LogInit: XAudio2 using 'Headset Earphone (2- Corsair HS70 Wireless Gaming Headset)' : 2 channels at 48 kHz using 16 bits per sample (channel mask 0x3)
[2020.05.07-13.13.23:026][222]LogInit: FAudioDevice initialized.
[2020.05.07-13.13.23:062][222]LogLoad: Game class is 'FirstPersonGameMode_C'
[2020.05.07-13.13.23:330][222]LogWorld: Bringing World /Game/Levels/UEDPIE_0_GreyBoxLVL4.GreyBoxLVL4 up for play (max tick rate 0) at 2020.05.07-09.13.23
[2020.05.07-13.13.23:338][222]LogWorld: Bringing up level for play took: 0.276129
[2020.05.07-13.13.23:353][222]LogScript: Warning: Script Msg: Attempted to access index 0 from array 'CallFunc_GetAllActorsOfClass_OutActors' of length 0 in '/Game/BP/Checkpoint.Checkpoint_C:ExecuteUbergraph_Checkpoint'!
[2020.05.07-13.13.23:353][222]LogScript: Warning: Script Msg: Attempted to access index 0 from array 'CallFunc_GetAllActorsOfClass_OutActors' of length 0 in '/Game/BP/Checkpoint.Checkpoint_C:ExecuteUbergraph_Checkpoint'!
[2020.05.07-13.13.23:353][222]LogScript: Warning: Script Msg: Attempted to access index 0 from array 'CallFunc_GetAllActorsOfClass_OutActors' of length 0 in '/Game/BP/OutroTrigger.OutroTrigger_C:ExecuteUbergraph_OutroTrigger'!
[2020.05.07-13.13.23:357][222]LogScript: Warning: Script Msg: Attempted to access index 0 from array 'CallFunc_GetAllActorsOfClass_OutActors' of length 0 in '/Game/Materials/FinishStopper.FinishStopper_C:ExecuteUbergraph_FinishStopper'!
[2020.05.07-13.13.23:363][222]PIE: Play in editor start time for /Game/Levels/UEDPIE_0_GreyBoxLVL4 0.742
[2020.05.07-13.13.23:364][222]LogBlueprintUserMessages: Late PlayInEditor Detection: Level '/Game/Levels/GreyBoxLVL4.GreyBoxLVL4:PersistentLevel' has LevelScriptBlueprint '/Game/Levels/GreyBoxLVL4.GreyBoxLVL4:PersistentLevel.GreyBoxLVL4' with GeneratedClass '/Game/Levels/GreyBoxLVL4.GreyBoxLVL4_C' with ClassGeneratedBy '/Game/Levels/GreyBoxLVL4.GreyBoxLVL4:PersistentLevel.GreyBoxLVL4'
[2020.05.07-13.14.21:998][398]LogNet: Browse: /Game/Levels/GreyBoxLVL4
[2020.05.07-13.14.22:021][398]LogLoad: LoadMap: /Game/Levels/GreyBoxLVL4
[2020.05.07-13.14.22:182][398]LogUObjectHash: Compacting FUObjectHashTables data took   2.63ms
[2020.05.07-13.14.22:183][398]LogPlayLevel: Creating play world package: /Game/Levels/UEDPIE_0_GreyBoxLVL4
[2020.05.07-13.14.22:693][398]LogPlayLevel: PIE: StaticDuplicateObject took: (0.510421s)
[2020.05.07-13.14.22:694][398]LogAIModule: Creating AISystem for world GreyBoxLVL4
[2020.05.07-13.14.22:695][398]LogPlayLevel: PIE: World Init took: (0.001311s)
[2020.05.07-13.14.22:696][398]LogPlayLevel: PIE: Created PIE world by copying editor world from /Game/Levels/GreyBoxLVL4.GreyBoxLVL4 to /Game/Levels/UEDPIE_0_GreyBoxLVL4.GreyBoxLVL4 (0.513139s)
[2020.05.07-13.14.22:696][398]LogLoad: Game class is 'FirstPersonGameMode_C'
