Log file open, 12/11/19 20:07:06
LogWindows: Failed to load 'aqProf.dll' (GetLastError=126)
LogWindows: File 'aqProf.dll' does not exist
LogWindows: Failed to load 'VtuneApi.dll' (GetLastError=126)
LogWindows: File 'VtuneApi.dll' does not exist
LogWindows: Failed to load 'VtuneApi32e.dll' (GetLastError=126)
LogWindows: File 'VtuneApi32e.dll' does not exist
LogConsoleResponse: Display: Failed to find resolution value strings in scalability ini. Falling back to default.
LogInit: Display: Running engine for game: SeniorProject
LogPakFile: Registered encryption key '00000000000000000000000000000000': 0 pak files mounted, 0 remain pending
LogPlatformFile: Not using cached read wrapper
LogTaskGraph: Started task graph with 5 named threads and 23 total threads with 3 sets of task threads.
LogStats: Stats thread started at 0.436655
LogD3D11RHI: Loaded GFSDK_Aftermath_Lib.x64.dll
LogICUInternationalization: ICU TimeZone Detection - Raw Offset: -5:00, Platform Override: ''
LogPluginManager: Mounting plugin Paper2D
LogPluginManager: Mounting plugin AISupport
LogPluginManager: Mounting plugin LightPropagationVolume
LogPluginManager: Mounting plugin ActorLayerUtilities
LogPluginManager: Mounting plugin AnimationSharing
LogPluginManager: Mounting plugin CLionSourceCodeAccess
LogPluginManager: Mounting plugin CodeLiteSourceCodeAccess
LogPluginManager: Mounting plugin GitSourceControl
LogPluginManager: Mounting plugin KDevelopSourceCodeAccess
LogPluginManager: Mounting plugin NullSourceCodeAccess
LogPluginManager: Mounting plugin PerforceSourceControl
LogPluginManager: Mounting plugin SubversionSourceControl
LogPluginManager: Mounting plugin UObjectPlugin
LogPluginManager: Mounting plugin VisualStudioCodeSourceCodeAccess
LogPluginManager: Mounting plugin VisualStudioSourceCodeAccess
LogPluginManager: Mounting plugin XCodeSourceCodeAccess
LogPluginManager: Mounting plugin AssetManagerEditor
LogPluginManager: Mounting plugin CryptoKeys
LogPluginManager: Mounting plugin DataValidation
LogPluginManager: Mounting plugin EditorScriptingUtilities
LogPluginManager: Mounting plugin FacialAnimation
LogPluginManager: Mounting plugin GameplayTagsEditor
LogPluginManager: Mounting plugin GLTFImporter
LogPluginManager: Mounting plugin MacGraphicsSwitching
LogPluginManager: Mounting plugin MaterialAnalyzer
LogPluginManager: Mounting plugin MeshEditor
LogPluginManager: Mounting plugin MobileLauncherProfileWizard
LogPluginManager: Mounting plugin PluginBrowser
LogPluginManager: Mounting plugin SpeedTreeImporter
LogPluginManager: Mounting plugin DatasmithContent
LogPluginManager: Mounting plugin VariantManagerContent
LogPluginManager: Mounting plugin AlembicImporter
LogPluginManager: Mounting plugin AppleImageUtils
LogPluginManager: Mounting plugin AppleVision
LogPluginManager: Mounting plugin BackChannel
LogPluginManager: Mounting plugin BlastPlugin
LogPluginManager: Mounting plugin ChaosSolverPlugin
LogPluginManager: Mounting plugin CharacterAI
LogPluginManager: Mounting plugin GeometryCache
LogPluginManager: Mounting plugin GeometryCollectionPlugin
LogPluginManager: Mounting plugin HTML5Networking
LogPluginManager: Mounting plugin ProxyLODPlugin
LogPluginManager: Mounting plugin SkeletalReduction
LogPluginManager: Mounting plugin MagicLeap
LogPluginManager: Mounting plugin MagicLeapMedia
LogPluginManager: Mounting plugin AndroidMedia
LogPluginManager: Mounting plugin AvfMedia
LogPluginManager: Mounting plugin ImgMedia
LogPluginManager: Mounting plugin LinearTimecode
LogPluginManager: Mounting plugin MediaCompositing
LogPluginManager: Mounting plugin MediaPlayerEditor
LogPluginManager: Mounting plugin WebMMedia
LogPluginManager: Mounting plugin WmfMedia
LogPluginManager: Mounting plugin TcpMessaging
LogPluginManager: Mounting plugin UdpMessaging
LogPluginManager: Mounting plugin ActorSequence
LogPluginManager: Mounting plugin LevelSequenceEditor
LogPluginManager: Mounting plugin MatineeToLevelSequence
LogPluginManager: Mounting plugin NetcodeUnitTest
LogPluginManager: Mounting plugin NUTUnrealEngine4
LogPluginManager: Mounting plugin OnlineSubsystemGooglePlay
LogPluginManager: Mounting plugin OnlineSubsystemIOS
LogPluginManager: Mounting plugin OnlineSubsystem
LogPluginManager: Mounting plugin OnlineSubsystemNull
LogPluginManager: Mounting plugin OnlineSubsystemUtils
LogPluginManager: Mounting plugin LauncherChunkInstaller
LogPluginManager: Mounting plugin AndroidDeviceProfileSelector
LogPluginManager: Mounting plugin AndroidMoviePlayer
LogPluginManager: Mounting plugin AndroidPermission
LogPluginManager: Mounting plugin AppleMoviePlayer
LogPluginManager: Mounting plugin ArchVisCharacter
LogPluginManager: Mounting plugin AudioCapture
LogPluginManager: Mounting plugin CableComponent
LogPluginManager: Mounting plugin CustomMeshComponent
LogPluginManager: Mounting plugin EditableMesh
LogPluginManager: Mounting plugin ExampleDeviceProfileSelector
LogPluginManager: Mounting plugin Firebase
LogPluginManager: Mounting plugin GoogleCloudMessaging
LogPluginManager: Mounting plugin IOSDeviceProfileSelector
LogPluginManager: Mounting plugin LinuxDeviceProfileSelector
LogPluginManager: Mounting plugin LocationServicesBPLibrary
LogPluginManager: Mounting plugin MobilePatchingUtils
LogPluginManager: Mounting plugin OculusVR
LogPluginManager: Mounting plugin PhysXVehicles
LogPluginManager: Mounting plugin ProceduralMeshComponent
LogPluginManager: Mounting plugin RuntimePhysXCooking
LogPluginManager: Mounting plugin SignificanceManager
LogPluginManager: Mounting plugin SteamVR
LogPluginManager: Mounting plugin WebMMoviePlayer
LogPluginManager: Mounting plugin WindowsMoviePlayer
LogPluginManager: Mounting plugin DatasmithCADImporter
LogPluginManager: Mounting plugin DatasmithDataPrepEditor
LogPluginManager: Mounting plugin DatasmithFBXImporter
LogPluginManager: Mounting plugin DatasmithGLTFImporter
LogPluginManager: Mounting plugin DatasmithImporter
LogPluginManager: Mounting plugin MDLImporter
LogPluginManager: Mounting plugin StaticMeshEditorExtension
LogPluginManager: Mounting plugin VariantManager
LogInit: Using libcurl 7.55.1-DEV
LogInit:  - built for x86_64-pc-win32
LogInit:  - supports SSL with OpenSSL/1.1.1
LogInit:  - supports HTTP deflate (compression) using libz 1.2.8
LogInit:  - other features:
LogInit:      CURL_VERSION_SSL
LogInit:      CURL_VERSION_LIBZ
LogInit:      CURL_VERSION_IPV6
LogInit:      CURL_VERSION_ASYNCHDNS
LogInit:      CURL_VERSION_LARGEFILE
LogInit:      CURL_VERSION_IDN
LogInit:  CurlRequestOptions (configurable via config and command line):
LogInit:  - bVerifyPeer = true  - Libcurl will verify peer certificate
LogInit:  - bUseHttpProxy = false  - Libcurl will NOT use HTTP proxy
LogInit:  - bDontReuseConnections = false  - Libcurl will reuse connections
LogInit:  - MaxHostConnections = 16  - Libcurl will limit the number of connections to a host
LogInit:  - LocalHostAddr = Default
LogInit:  - BufferSize = 65536
LogInit: WinSock: version 1.1 (2.2), MaxSocks=32767, MaxUdp=65467
LogHMD: Failed initializing OVRPlugin 1.32.0
LogInit: Build: ++UE4+Release-4.22-CL-7053642
LogInit: Engine Version: 4.22.3-7053642+++UE4+Release-4.22
LogInit: Compatible Engine Version: 4.22.0-5660361+++UE4+Release-4.22
LogInit: Net CL: 5660361
LogInit: OS: Windows 10 (Release 1903) (), CPU: Intel(R) Core(TM) i7-6700K CPU @ 4.00GHz, GPU: NVIDIA GeForce RTX 2080
LogInit: Compiled (64-bit): Jun 18 2019 03:09:11
LogInit: Compiled with Visual C++: 19.16.27025.01
LogInit: Build Configuration: Development
LogInit: Branch Name: ++UE4+Release-4.22
LogInit: Command Line:  -skipcompile
LogInit: Base Directory: C:/Program Files/Epic Games/UE_4.22/Engine/Binaries/Win64/
LogInit: Installed Engine Build: 1
LogDevObjectVersion: Number of dev versions registered: 23
LogDevObjectVersion:   Dev-Blueprints (B0D832E4-1F89-4F0D-ACCF-7EB736FD4AA2): 10
LogDevObjectVersion:   Dev-Build (E1C64328-A22C-4D53-A36C-8E866417BD8C): 0
LogDevObjectVersion:   Dev-Core (375EC13C-06E4-48FB-B500-84F0262A717E): 3
LogDevObjectVersion:   Dev-Editor (E4B068ED-F494-42E9-A231-DA0B2E46BB41): 30
LogDevObjectVersion:   Dev-Framework (CFFC743F-43B0-4480-9391-14DF171D2073): 35
LogDevObjectVersion:   Dev-Mobile (B02B49B5-BB20-44E9-A304-32B752E40360): 2
LogDevObjectVersion:   Dev-Networking (A4E4105C-59A1-49B5-A7C5-40C4547EDFEE): 0
LogDevObjectVersion:   Dev-Online (39C831C9-5AE6-47DC-9A44-9C173E1C8E7C): 0
LogDevObjectVersion:   Dev-Physics (78F01B33-EBEA-4F98-B9B4-84EACCB95AA2): 0
LogDevObjectVersion:   Dev-Platform (6631380F-2D4D-43E0-8009-CF276956A95A): 0
LogDevObjectVersion:   Dev-Rendering (12F88B9F-8875-4AFC-A67C-D90C383ABD29): 28
LogDevObjectVersion:   Dev-Sequencer (7B5AE74C-D270-4C10-A958-57980B212A5A): 11
LogDevObjectVersion:   Dev-VR (D7296918-1DD6-4BDD-9DE2-64A83CC13884): 2
LogDevObjectVersion:   Dev-LoadTimes (C2A15278-BFE7-4AFE-6C17-90FF531DF755): 1
LogDevObjectVersion:   Private-Geometry (6EACA3D4-40EC-4CC1-B786-8BED09428FC5): 3
LogDevObjectVersion:   Dev-AnimPhys (29E575DD-E0A3-4627-9D10-D276232CDCEA): 17
LogDevObjectVersion:   Dev-Anim (AF43A65D-7FD3-4947-9873-3E8ED9C1BB05): 2
LogDevObjectVersion:   Dev-ReflectionCapture (6B266CEC-1EC7-4B8F-A30B-E4D90942FC07): 1
LogDevObjectVersion:   Dev-Automation (0DF73D61-A23F-47EA-B727-89E90C41499A): 1
LogDevObjectVersion:   FortniteMain (601D1886-AC64-4F84-AA16-D3DE0DEAC7D6): 25
LogDevObjectVersion:   Dev-Enterprise (9DFFBCD6-494F-0158-E221-12823C92A888): 6
LogDevObjectVersion:   Dev-Niagara (F2AED0AC-9AFE-416F-8664-AA7FFA26D6FC): 1
LogDevObjectVersion:   Dev-Destruction (174F1F0B-B4C6-45A5-B13F-2EE8D0FB917D): 2
LogInit: Presizing for max 16777216 objects, including 0 objects not considered by GC, pre-allocating 0 bytes for permanent pool.
LogInit: Object subsystem initialized
LogConfig: Setting CVar [[con.DebugEarlyDefault:1]]
LogConfig: Setting CVar [[r.setres:1280x720]]
[2019.12.12-01.07.08:754][  0]LogConfig: Setting CVar [[r.VSync:0]]
[2019.12.12-01.07.08:754][  0]LogConfig: Setting CVar [[r.RHICmdBypass:0]]
[2019.12.12-01.07.08:754][  0]LogConfig: Applying CVar settings from Section [/Script/Engine.RendererSettings] File [E:/SeniorProject/PollutionProject/SeniorProject/Saved/Config/Windows/Engine.ini]
[2019.12.12-01.07.08:754][  0]LogConfig: Setting CVar [[r.GPUCrashDebugging:0]]
[2019.12.12-01.07.08:754][  0]LogConfig: Setting CVar [[r.DefaultFeature.AutoExposure.ExtendDefaultLuminanceRange:1]]
[2019.12.12-01.07.08:754][  0]LogConfig: Setting CVar [[r.GenerateMeshDistanceFields:1]]
[2019.12.12-01.07.08:754][  0]LogConfig: Applying CVar settings from Section [/Script/Engine.RendererOverrideSettings] File [E:/SeniorProject/PollutionProject/SeniorProject/Saved/Config/Windows/Engine.ini]
[2019.12.12-01.07.08:754][  0]LogConfig: Applying CVar settings from Section [/Script/Engine.StreamingSettings] File [E:/SeniorProject/PollutionProject/SeniorProject/Saved/Config/Windows/Engine.ini]
[2019.12.12-01.07.08:754][  0]LogConfig: Setting CVar [[s.MinBulkDataSizeForAsyncLoading:131072]]
[2019.12.12-01.07.08:755][  0]LogConfig: Setting CVar [[s.AsyncLoadingThreadEnabled:0]]
[2019.12.12-01.07.08:755][  0]LogConfig: Setting CVar [[s.EventDrivenLoaderEnabled:1]]
[2019.12.12-01.07.08:755][  0]LogConfig: Setting CVar [[s.WarnIfTimeLimitExceeded:0]]
[2019.12.12-01.07.08:755][  0]LogConfig: Setting CVar [[s.TimeLimitExceededMultiplier:1.5]]
[2019.12.12-01.07.08:755][  0]LogConfig: Setting CVar [[s.TimeLimitExceededMinTime:0.005]]
[2019.12.12-01.07.08:755][  0]LogConfig: Setting CVar [[s.UseBackgroundLevelStreaming:1]]
[2019.12.12-01.07.08:755][  0]LogConfig: Setting CVar [[s.PriorityAsyncLoadingExtraTime:15.0]]
[2019.12.12-01.07.08:755][  0]LogConfig: Setting CVar [[s.LevelStreamingActorsUpdateTimeLimit:5.0]]
[2019.12.12-01.07.08:755][  0]LogConfig: Setting CVar [[s.PriorityLevelStreamingActorsUpdateExtraTime:5.0]]
[2019.12.12-01.07.08:755][  0]LogConfig: Setting CVar [[s.LevelStreamingComponentsRegistrationGranularity:10]]
[2019.12.12-01.07.08:755][  0]LogConfig: Setting CVar [[s.UnregisterComponentsTimeLimit:1.0]]
[2019.12.12-01.07.08:755][  0]LogConfig: Setting CVar [[s.LevelStreamingComponentsUnregistrationGranularity:5]]
[2019.12.12-01.07.08:755][  0]LogConfig: Applying CVar settings from Section [/Script/Engine.GarbageCollectionSettings] File [E:/SeniorProject/PollutionProject/SeniorProject/Saved/Config/Windows/Engine.ini]
[2019.12.12-01.07.08:755][  0]LogConfig: Setting CVar [[gc.MaxObjectsNotConsideredByGC:1]]
[2019.12.12-01.07.08:755][  0]LogConfig: Setting CVar [[gc.SizeOfPermanentObjectPool:0]]
[2019.12.12-01.07.08:756][  0]LogConfig: Setting CVar [[gc.FlushStreamingOnGC:0]]
[2019.12.12-01.07.08:756][  0]LogConfig: Setting CVar [[gc.NumRetriesBeforeForcingGC:10]]
[2019.12.12-01.07.08:756][  0]LogConfig: Setting CVar [[gc.AllowParallelGC:1]]
[2019.12.12-01.07.08:756][  0]LogConfig: Setting CVar [[gc.TimeBetweenPurgingPendingKillObjects:61.1]]
[2019.12.12-01.07.08:756][  0]LogConfig: Setting CVar [[gc.MaxObjectsInEditor:16777216]]
[2019.12.12-01.07.08:756][  0]LogConfig: Setting CVar [[gc.IncrementalBeginDestroyEnabled:1]]
[2019.12.12-01.07.08:756][  0]LogConfig: Setting CVar [[gc.CreateGCClusters:1]]
[2019.12.12-01.07.08:756][  0]LogConfig: Setting CVar [[gc.MinGCClusterSize:5]]
[2019.12.12-01.07.08:756][  0]LogConfig: Setting CVar [[gc.ActorClusteringEnabled:0]]
[2019.12.12-01.07.08:756][  0]LogConfig: Setting CVar [[gc.BlueprintClusteringEnabled:0]]
[2019.12.12-01.07.08:756][  0]LogConfig: Setting CVar [[gc.UseDisregardForGCOnDedicatedServers:0]]
[2019.12.12-01.07.08:756][  0]LogConfig: Applying CVar settings from Section [/Script/Engine.NetworkSettings] File [E:/SeniorProject/PollutionProject/SeniorProject/Saved/Config/Windows/Engine.ini]
[2019.12.12-01.07.08:757][  0]LogConfig: Applying CVar settings from Section [/Script/UnrealEd.CookerSettings] File [E:/SeniorProject/PollutionProject/SeniorProject/Saved/Config/Windows/Engine.ini]
[2019.12.12-01.07.08:784][  0]LogConfig: Applying CVar settings from Section [ViewDistanceQuality@3] File [E:/SeniorProject/PollutionProject/SeniorProject/Saved/Config/Windows/Scalability.ini]
[2019.12.12-01.07.08:784][  0]LogConfig: Setting CVar [[r.SkeletalMeshLODBias:0]]
[2019.12.12-01.07.08:784][  0]LogConfig: Setting CVar [[r.ViewDistanceScale:1.0]]
[2019.12.12-01.07.08:784][  0]LogConfig: Applying CVar settings from Section [AntiAliasingQuality@3] File [E:/SeniorProject/PollutionProject/SeniorProject/Saved/Config/Windows/Scalability.ini]
[2019.12.12-01.07.08:784][  0]LogConfig: Setting CVar [[r.PostProcessAAQuality:4]]
[2019.12.12-01.07.08:785][  0]LogConfig: Applying CVar settings from Section [ShadowQuality@3] File [E:/SeniorProject/PollutionProject/SeniorProject/Saved/Config/Windows/Scalability.ini]
[2019.12.12-01.07.08:785][  0]LogConfig: Setting CVar [[r.LightFunctionQuality:1]]
[2019.12.12-01.07.08:785][  0]LogConfig: Setting CVar [[r.ShadowQuality:5]]
[2019.12.12-01.07.08:785][  0]LogConfig: Setting CVar [[r.Shadow.CSM.MaxCascades:10]]
[2019.12.12-01.07.08:785][  0]LogConfig: Setting CVar [[r.Shadow.MaxResolution:2048]]
[2019.12.12-01.07.08:785][  0]LogConfig: Setting CVar [[r.Shadow.MaxCSMResolution:2048]]
[2019.12.12-01.07.08:785][  0]LogConfig: Setting CVar [[r.Shadow.RadiusThreshold:0.01]]
[2019.12.12-01.07.08:785][  0]LogConfig: Setting CVar [[r.Shadow.DistanceScale:1.0]]
[2019.12.12-01.07.08:785][  0]LogConfig: Setting CVar [[r.Shadow.CSM.TransitionScale:1.0]]
[2019.12.12-01.07.08:785][  0]LogConfig: Setting CVar [[r.Shadow.PreShadowResolutionFactor:1.0]]
[2019.12.12-01.07.08:785][  0]LogConfig: Setting CVar [[r.DistanceFieldShadowing:1]]
[2019.12.12-01.07.08:785][  0]LogConfig: Setting CVar [[r.DistanceFieldAO:1]]
[2019.12.12-01.07.08:785][  0]LogConfig: Setting CVar [[r.AOQuality:2]]
[2019.12.12-01.07.08:785][  0]LogConfig: Setting CVar [[r.VolumetricFog:1]]
[2019.12.12-01.07.08:785][  0]LogConfig: Setting CVar [[r.VolumetricFog.GridPixelSize:8]]
[2019.12.12-01.07.08:785][  0]LogConfig: Setting CVar [[r.VolumetricFog.GridSizeZ:128]]
[2019.12.12-01.07.08:785][  0]LogConfig: Setting CVar [[r.VolumetricFog.HistoryMissSupersampleCount:4]]
[2019.12.12-01.07.08:785][  0]LogConfig: Setting CVar [[r.LightMaxDrawDistanceScale:1]]
[2019.12.12-01.07.08:786][  0]LogConfig: Setting CVar [[r.CapsuleShadows:1]]
[2019.12.12-01.07.08:786][  0]LogConfig: Applying CVar settings from Section [PostProcessQuality@3] File [E:/SeniorProject/PollutionProject/SeniorProject/Saved/Config/Windows/Scalability.ini]
[2019.12.12-01.07.08:786][  0]LogConfig: Setting CVar [[r.MotionBlurQuality:4]]
[2019.12.12-01.07.08:786][  0]LogConfig: Setting CVar [[r.AmbientOcclusionMipLevelFactor:0.4]]
[2019.12.12-01.07.08:786][  0]LogConfig: Setting CVar [[r.AmbientOcclusionMaxQuality:100]]
[2019.12.12-01.07.08:786][  0]LogConfig: Setting CVar [[r.AmbientOcclusionLevels:-1]]
[2019.12.12-01.07.08:786][  0]LogConfig: Setting CVar [[r.AmbientOcclusionRadiusScale:1.0]]
[2019.12.12-01.07.08:786][  0]LogConfig: Setting CVar [[r.DepthOfFieldQuality:2]]
[2019.12.12-01.07.08:786][  0]LogConfig: Setting CVar [[r.RenderTargetPoolMin:400]]
[2019.12.12-01.07.08:786][  0]LogConfig: Setting CVar [[r.LensFlareQuality:2]]
[2019.12.12-01.07.08:786][  0]LogConfig: Setting CVar [[r.SceneColorFringeQuality:1]]
[2019.12.12-01.07.08:786][  0]LogConfig: Setting CVar [[r.EyeAdaptationQuality:2]]
[2019.12.12-01.07.08:786][  0]LogConfig: Setting CVar [[r.BloomQuality:5]]
[2019.12.12-01.07.08:786][  0]LogConfig: Setting CVar [[r.FastBlurThreshold:100]]
[2019.12.12-01.07.08:786][  0]LogConfig: Setting CVar [[r.Upscale.Quality:3]]
[2019.12.12-01.07.08:786][  0]LogConfig: Setting CVar [[r.Tonemapper.GrainQuantization:1]]
[2019.12.12-01.07.08:786][  0]LogConfig: Setting CVar [[r.LightShaftQuality:1]]
[2019.12.12-01.07.08:786][  0]LogConfig: Setting CVar [[r.Filter.SizeScale:1]]
[2019.12.12-01.07.08:786][  0]LogConfig: Setting CVar [[r.Tonemapper.Quality:5]]
[2019.12.12-01.07.08:787][  0]LogConfig: Setting CVar [[r.DOF.Gather.AccumulatorQuality:1        ; higher gathering accumulator quality]]
[2019.12.12-01.07.08:787][  0]LogConfig: Setting CVar [[r.DOF.Gather.PostfilterMethod:1          ; Median3x3 postfilering method]]
[2019.12.12-01.07.08:787][  0]LogConfig: Setting CVar [[r.DOF.Gather.EnableBokehSettings:0       ; no bokeh simulation when gathering]]
[2019.12.12-01.07.08:787][  0]LogConfig: Setting CVar [[r.DOF.Gather.RingCount:4                 ; medium number of samples when gathering]]
[2019.12.12-01.07.08:787][  0]LogConfig: Setting CVar [[r.DOF.Scatter.ForegroundCompositing:1    ; additive foreground scattering]]
[2019.12.12-01.07.08:787][  0]LogConfig: Setting CVar [[r.DOF.Scatter.BackgroundCompositing:2    ; additive background scattering]]
[2019.12.12-01.07.08:787][  0]LogConfig: Setting CVar [[r.DOF.Scatter.EnableBokehSettings:1      ; bokeh simulation when scattering]]
[2019.12.12-01.07.08:787][  0]LogConfig: Setting CVar [[r.DOF.Scatter.MaxSpriteRatio:0.1         ; only a maximum of 10% of scattered bokeh]]
[2019.12.12-01.07.08:787][  0]LogConfig: Setting CVar [[r.DOF.Recombine.Quality:1                ; cheap slight out of focus]]
[2019.12.12-01.07.08:787][  0]LogConfig: Setting CVar [[r.DOF.Recombine.EnableBokehSettings:0    ; no bokeh simulation on slight out of focus]]
[2019.12.12-01.07.08:787][  0]LogConfig: Setting CVar [[r.DOF.TemporalAAQuality:1                ; more stable temporal accumulation]]
[2019.12.12-01.07.08:787][  0]LogConfig: Setting CVar [[r.DOF.Kernel.MaxForegroundRadius:0.025]]
[2019.12.12-01.07.08:788][  0]LogConfig: Setting CVar [[r.DOF.Kernel.MaxBackgroundRadius:0.025]]
[2019.12.12-01.07.08:788][  0]LogConfig: Applying CVar settings from Section [TextureQuality@3] File [E:/SeniorProject/PollutionProject/SeniorProject/Saved/Config/Windows/Scalability.ini]
[2019.12.12-01.07.08:788][  0]LogConfig: Setting CVar [[r.Streaming.MipBias:0]]
[2019.12.12-01.07.08:788][  0]LogConfig: Setting CVar [[r.Streaming.AmortizeCPUToGPUCopy:0]]
[2019.12.12-01.07.08:788][  0]LogConfig: Setting CVar [[r.Streaming.MaxNumTexturesToStreamPerFrame:0]]
[2019.12.12-01.07.08:788][  0]LogConfig: Setting CVar [[r.Streaming.Boost:1]]
[2019.12.12-01.07.08:788][  0]LogConfig: Setting CVar [[r.MaxAnisotropy:8]]
[2019.12.12-01.07.08:788][  0]LogConfig: Setting CVar [[r.Streaming.LimitPoolSizeToVRAM:0]]
[2019.12.12-01.07.08:788][  0]LogConfig: Setting CVar [[r.Streaming.PoolSize:1000]]
[2019.12.12-01.07.08:788][  0]LogConfig: Setting CVar [[r.Streaming.MaxEffectiveScreenSize:0]]
[2019.12.12-01.07.08:788][  0]LogConfig: Applying CVar settings from Section [EffectsQuality@3] File [E:/SeniorProject/PollutionProject/SeniorProject/Saved/Config/Windows/Scalability.ini]
[2019.12.12-01.07.08:788][  0]LogConfig: Setting CVar [[r.TranslucencyLightingVolumeDim:64]]
[2019.12.12-01.07.08:788][  0]LogConfig: Setting CVar [[r.RefractionQuality:2]]
[2019.12.12-01.07.08:789][  0]LogConfig: Setting CVar [[r.SSR.Quality:3]]
[2019.12.12-01.07.08:789][  0]LogConfig: Setting CVar [[r.SceneColorFormat:4]]
[2019.12.12-01.07.08:789][  0]LogConfig: Setting CVar [[r.DetailMode:2]]
[2019.12.12-01.07.08:789][  0]LogConfig: Setting CVar [[r.TranslucencyVolumeBlur:1]]
[2019.12.12-01.07.08:789][  0]LogConfig: Setting CVar [[r.MaterialQualityLevel:1 ; High quality]]
[2019.12.12-01.07.08:789][  0]LogConfig: Setting CVar [[r.SSS.Scale:1]]
[2019.12.12-01.07.08:789][  0]LogConfig: Setting CVar [[r.SSS.SampleSet:2]]
[2019.12.12-01.07.08:789][  0]LogConfig: Setting CVar [[r.SSS.Quality:1]]
[2019.12.12-01.07.08:789][  0]LogConfig: Setting CVar [[r.SSS.HalfRes:1]]
[2019.12.12-01.07.08:789][  0]LogConfig: Setting CVar [[r.EmitterSpawnRateScale:1.0]]
[2019.12.12-01.07.08:790][  0]LogConfig: Setting CVar [[r.ParticleLightQuality:2]]
[2019.12.12-01.07.08:790][  0]LogConfig: Applying CVar settings from Section [FoliageQuality@3] File [E:/SeniorProject/PollutionProject/SeniorProject/Saved/Config/Windows/Scalability.ini]
[2019.12.12-01.07.08:790][  0]LogConfig: Setting CVar [[foliage.DensityScale:1.0]]
[2019.12.12-01.07.08:790][  0]LogConfig: Setting CVar [[grass.DensityScale:1.0]]
[2019.12.12-01.07.08:790][  0]LogInit: Selected Device Profile: [Windows]
[2019.12.12-01.07.08:790][  0]LogInit: Applying CVar settings loaded from the selected device profile: [Windows]
[2019.12.12-01.07.08:815][  0]LogHAL: Display: Platform has ~ 16 GB [17116258304 / 17179869184 / 16], which maps to Larger [LargestMinGB=32, LargerMinGB=12, DefaultMinGB=8, SmallerMinGB=6, SmallestMinGB=0)
[2019.12.12-01.07.08:815][  0]LogConfig: Setting CVar [[r.Vulkan.UseRealUBs:0		; Required until we fix HLR fall-out]]
[2019.12.12-01.07.08:815][  0]LogInit: Going up to parent DeviceProfile []
[2019.12.12-01.07.08:815][  0]LogConfig: Applying CVar settings from Section [ViewDistanceQuality@3] File [E:/SeniorProject/PollutionProject/SeniorProject/Saved/Config/Windows/Scalability.ini]
[2019.12.12-01.07.08:816][  0]LogConfig: Setting CVar [[r.SkeletalMeshLODBias:0]]
[2019.12.12-01.07.08:816][  0]LogConfig: Setting CVar [[r.ViewDistanceScale:1.0]]
[2019.12.12-01.07.08:816][  0]LogConfig: Applying CVar settings from Section [AntiAliasingQuality@3] File [E:/SeniorProject/PollutionProject/SeniorProject/Saved/Config/Windows/Scalability.ini]
[2019.12.12-01.07.08:816][  0]LogConfig: Setting CVar [[r.PostProcessAAQuality:4]]
[2019.12.12-01.07.08:816][  0]LogConfig: Applying CVar settings from Section [ShadowQuality@3] File [E:/SeniorProject/PollutionProject/SeniorProject/Saved/Config/Windows/Scalability.ini]
[2019.12.12-01.07.08:816][  0]LogConfig: Setting CVar [[r.LightFunctionQuality:1]]
[2019.12.12-01.07.08:816][  0]LogConfig: Setting CVar [[r.ShadowQuality:5]]
[2019.12.12-01.07.08:816][  0]LogConfig: Setting CVar [[r.Shadow.CSM.MaxCascades:10]]
[2019.12.12-01.07.08:816][  0]LogConfig: Setting CVar [[r.Shadow.MaxResolution:2048]]
[2019.12.12-01.07.08:816][  0]LogConfig: Setting CVar [[r.Shadow.MaxCSMResolution:2048]]
[2019.12.12-01.07.08:816][  0]LogConfig: Setting CVar [[r.Shadow.RadiusThreshold:0.01]]
[2019.12.12-01.07.08:816][  0]LogConfig: Setting CVar [[r.Shadow.DistanceScale:1.0]]
[2019.12.12-01.07.08:816][  0]LogConfig: Setting CVar [[r.Shadow.CSM.TransitionScale:1.0]]
[2019.12.12-01.07.08:816][  0]LogConfig: Setting CVar [[r.Shadow.PreShadowResolutionFactor:1.0]]
[2019.12.12-01.07.08:816][  0]LogConfig: Setting CVar [[r.DistanceFieldShadowing:1]]
[2019.12.12-01.07.08:817][  0]LogConfig: Setting CVar [[r.DistanceFieldAO:1]]
[2019.12.12-01.07.08:817][  0]LogConfig: Setting CVar [[r.AOQuality:2]]
[2019.12.12-01.07.08:817][  0]LogConfig: Setting CVar [[r.VolumetricFog:1]]
[2019.12.12-01.07.08:817][  0]LogConfig: Setting CVar [[r.VolumetricFog.GridPixelSize:8]]
[2019.12.12-01.07.08:817][  0]LogConfig: Setting CVar [[r.VolumetricFog.GridSizeZ:128]]
[2019.12.12-01.07.08:817][  0]LogConfig: Setting CVar [[r.VolumetricFog.HistoryMissSupersampleCount:4]]
[2019.12.12-01.07.08:817][  0]LogConfig: Setting CVar [[r.LightMaxDrawDistanceScale:1]]
[2019.12.12-01.07.08:817][  0]LogConfig: Setting CVar [[r.CapsuleShadows:1]]
[2019.12.12-01.07.08:817][  0]LogConfig: Applying CVar settings from Section [PostProcessQuality@3] File [E:/SeniorProject/PollutionProject/SeniorProject/Saved/Config/Windows/Scalability.ini]
[2019.12.12-01.07.08:817][  0]LogConfig: Setting CVar [[r.MotionBlurQuality:4]]
[2019.12.12-01.07.08:817][  0]LogConfig: Setting CVar [[r.AmbientOcclusionMipLevelFactor:0.4]]
[2019.12.12-01.07.08:817][  0]LogConfig: Setting CVar [[r.AmbientOcclusionMaxQuality:100]]
[2019.12.12-01.07.08:817][  0]LogConfig: Setting CVar [[r.AmbientOcclusionLevels:-1]]
[2019.12.12-01.07.08:817][  0]LogConfig: Setting CVar [[r.AmbientOcclusionRadiusScale:1.0]]
[2019.12.12-01.07.08:818][  0]LogConfig: Setting CVar [[r.DepthOfFieldQuality:2]]
[2019.12.12-01.07.08:818][  0]LogConfig: Setting CVar [[r.RenderTargetPoolMin:400]]
[2019.12.12-01.07.08:818][  0]LogConfig: Setting CVar [[r.LensFlareQuality:2]]
[2019.12.12-01.07.08:818][  0]LogConfig: Setting CVar [[r.SceneColorFringeQuality:1]]
[2019.12.12-01.07.08:818][  0]LogConfig: Setting CVar [[r.EyeAdaptationQuality:2]]
[2019.12.12-01.07.08:818][  0]LogConfig: Setting CVar [[r.BloomQuality:5]]
[2019.12.12-01.07.08:818][  0]LogConfig: Setting CVar [[r.FastBlurThreshold:100]]
[2019.12.12-01.07.08:818][  0]LogConfig: Setting CVar [[r.Upscale.Quality:3]]
[2019.12.12-01.07.08:818][  0]LogConfig: Setting CVar [[r.Tonemapper.GrainQuantization:1]]
[2019.12.12-01.07.08:818][  0]LogConfig: Setting CVar [[r.LightShaftQuality:1]]
[2019.12.12-01.07.08:818][  0]LogConfig: Setting CVar [[r.Filter.SizeScale:1]]
[2019.12.12-01.07.08:818][  0]LogConfig: Setting CVar [[r.Tonemapper.Quality:5]]
[2019.12.12-01.07.08:818][  0]LogConfig: Setting CVar [[r.DOF.Gather.AccumulatorQuality:1        ; higher gathering accumulator quality]]
[2019.12.12-01.07.08:818][  0]LogConfig: Setting CVar [[r.DOF.Gather.PostfilterMethod:1          ; Median3x3 postfilering method]]
[2019.12.12-01.07.08:819][  0]LogConfig: Setting CVar [[r.DOF.Gather.EnableBokehSettings:0       ; no bokeh simulation when gathering]]
[2019.12.12-01.07.08:819][  0]LogConfig: Setting CVar [[r.DOF.Gather.RingCount:4                 ; medium number of samples when gathering]]
[2019.12.12-01.07.08:819][  0]LogConfig: Setting CVar [[r.DOF.Scatter.ForegroundCompositing:1    ; additive foreground scattering]]
[2019.12.12-01.07.08:819][  0]LogConfig: Setting CVar [[r.DOF.Scatter.BackgroundCompositing:2    ; additive background scattering]]
[2019.12.12-01.07.08:819][  0]LogConfig: Setting CVar [[r.DOF.Scatter.EnableBokehSettings:1      ; bokeh simulation when scattering]]
[2019.12.12-01.07.08:819][  0]LogConfig: Setting CVar [[r.DOF.Scatter.MaxSpriteRatio:0.1         ; only a maximum of 10% of scattered bokeh]]
[2019.12.12-01.07.08:819][  0]LogConfig: Setting CVar [[r.DOF.Recombine.Quality:1                ; cheap slight out of focus]]
[2019.12.12-01.07.08:819][  0]LogConfig: Setting CVar [[r.DOF.Recombine.EnableBokehSettings:0    ; no bokeh simulation on slight out of focus]]
[2019.12.12-01.07.08:819][  0]LogConfig: Setting CVar [[r.DOF.TemporalAAQuality:1                ; more stable temporal accumulation]]
[2019.12.12-01.07.08:819][  0]LogConfig: Setting CVar [[r.DOF.Kernel.MaxForegroundRadius:0.025]]
[2019.12.12-01.07.08:819][  0]LogConfig: Setting CVar [[r.DOF.Kernel.MaxBackgroundRadius:0.025]]
[2019.12.12-01.07.08:819][  0]LogConfig: Applying CVar settings from Section [TextureQuality@3] File [E:/SeniorProject/PollutionProject/SeniorProject/Saved/Config/Windows/Scalability.ini]
[2019.12.12-01.07.08:819][  0]LogConfig: Setting CVar [[r.Streaming.MipBias:0]]
[2019.12.12-01.07.08:819][  0]LogConfig: Setting CVar [[r.Streaming.AmortizeCPUToGPUCopy:0]]
[2019.12.12-01.07.08:819][  0]LogConfig: Setting CVar [[r.Streaming.MaxNumTexturesToStreamPerFrame:0]]
[2019.12.12-01.07.08:819][  0]LogConfig: Setting CVar [[r.Streaming.Boost:1]]
[2019.12.12-01.07.08:819][  0]LogConfig: Setting CVar [[r.MaxAnisotropy:8]]
[2019.12.12-01.07.08:820][  0]LogConfig: Setting CVar [[r.Streaming.LimitPoolSizeToVRAM:0]]
[2019.12.12-01.07.08:820][  0]LogConfig: Setting CVar [[r.Streaming.PoolSize:1000]]
[2019.12.12-01.07.08:820][  0]LogConfig: Setting CVar [[r.Streaming.MaxEffectiveScreenSize:0]]
[2019.12.12-01.07.08:820][  0]LogConfig: Applying CVar settings from Section [EffectsQuality@3] File [E:/SeniorProject/PollutionProject/SeniorProject/Saved/Config/Windows/Scalability.ini]
[2019.12.12-01.07.08:820][  0]LogConfig: Setting CVar [[r.TranslucencyLightingVolumeDim:64]]
[2019.12.12-01.07.08:820][  0]LogConfig: Setting CVar [[r.RefractionQuality:2]]
[2019.12.12-01.07.08:820][  0]LogConfig: Setting CVar [[r.SSR.Quality:3]]
[2019.12.12-01.07.08:820][  0]LogConfig: Setting CVar [[r.SceneColorFormat:4]]
[2019.12.12-01.07.08:820][  0]LogConfig: Setting CVar [[r.DetailMode:2]]
[2019.12.12-01.07.08:820][  0]LogConfig: Setting CVar [[r.TranslucencyVolumeBlur:1]]
[2019.12.12-01.07.08:820][  0]LogConfig: Setting CVar [[r.MaterialQualityLevel:1 ; High quality]]
[2019.12.12-01.07.08:820][  0]LogConfig: Setting CVar [[r.SSS.Scale:1]]
[2019.12.12-01.07.08:820][  0]LogConfig: Setting CVar [[r.SSS.SampleSet:2]]
[2019.12.12-01.07.08:820][  0]LogConfig: Setting CVar [[r.SSS.Quality:1]]
[2019.12.12-01.07.08:820][  0]LogConfig: Setting CVar [[r.SSS.HalfRes:1]]
[2019.12.12-01.07.08:820][  0]LogConfig: Setting CVar [[r.EmitterSpawnRateScale:1.0]]
[2019.12.12-01.07.08:820][  0]LogConfig: Setting CVar [[r.ParticleLightQuality:2]]
[2019.12.12-01.07.08:821][  0]LogConfig: Applying CVar settings from Section [FoliageQuality@3] File [E:/SeniorProject/PollutionProject/SeniorProject/Saved/Config/Windows/Scalability.ini]
[2019.12.12-01.07.08:821][  0]LogConfig: Setting CVar [[foliage.DensityScale:1.0]]
[2019.12.12-01.07.08:821][  0]LogConfig: Setting CVar [[grass.DensityScale:1.0]]
[2019.12.12-01.07.08:821][  0]LogConfig: Applying CVar settings from Section [Startup] File [../../../Engine/Config/ConsoleVariables.ini]
[2019.12.12-01.07.08:821][  0]LogConfig: Setting CVar [[net.UseAdaptiveNetUpdateFrequency:0]]
[2019.12.12-01.07.08:821][  0]LogConfig: Setting CVar [[p.chaos.AllowCreatePhysxBodies:1]]
[2019.12.12-01.07.08:821][  0]LogConfig: Applying CVar settings from Section [ConsoleVariables] File [E:/SeniorProject/PollutionProject/SeniorProject/Saved/Config/Windows/Engine.ini]
[2019.12.12-01.07.08:821][  0]LogInit: Computer: GREGSPC
[2019.12.12-01.07.08:822][  0]LogInit: User: Gregory
[2019.12.12-01.07.08:822][  0]LogInit: CPU Page size=4096, Cores=4
[2019.12.12-01.07.08:822][  0]LogInit: High frequency timer resolution =10.000000 MHz
[2019.12.12-01.07.08:822][  0]LogMemory: Memory total: Physical=15.9GB (16GB approx)
[2019.12.12-01.07.08:822][  0]LogMemory: Platform Memory Stats for Windows
[2019.12.12-01.07.08:822][  0]LogMemory: Process Physical Memory: 104.35 MB used, 104.36 MB peak
[2019.12.12-01.07.08:822][  0]LogMemory: Process Virtual Memory: 107.15 MB used, 107.15 MB peak
[2019.12.12-01.07.08:822][  0]LogMemory: Physical Memory: 13219.70 MB used,  3103.64 MB free, 16323.34 MB total
[2019.12.12-01.07.08:822][  0]LogMemory: Virtual Memory: 4676.26 MB used,  134213048.00 MB free, 134217728.00 MB total
[2019.12.12-01.07.09:094][  0]LogInit: Using OS detected language (en-US).
[2019.12.12-01.07.09:094][  0]LogInit: Using OS detected locale (en-US).
[2019.12.12-01.07.09:095][  0]LogTextLocalizationManager: No specific localization for 'en-US' exists, so the 'en' localization will be used.
[2019.12.12-01.07.09:263][  0]LogInit: Setting process to per monitor DPI aware
[2019.12.12-01.07.09:360][  0]LogSlate: New Slate User Created.  User Index 0, Is Virtual User: 0
[2019.12.12-01.07.09:361][  0]LogSlate: Slate User Registered.  User Index 0, Is Virtual User: 0
[2019.12.12-01.07.09:629][  0]LogHMD: Failed to initialize OpenVR with code 126
[2019.12.12-01.07.09:629][  0]LogD3D11RHI: D3D11 adapters:
[2019.12.12-01.07.09:715][  0]LogD3D11RHI:    0. 'NVIDIA GeForce RTX 2080' (Feature Level 11_0)
[2019.12.12-01.07.09:715][  0]LogD3D11RHI:       8010/0/8161 MB DedicatedVideo/DedicatedSystem/SharedSystem, Outputs:4, VendorId:0x10de
[2019.12.12-01.07.09:720][  0]LogD3D11RHI:    1. 'Microsoft Basic Render Driver' (Feature Level 11_0)
[2019.12.12-01.07.09:720][  0]LogD3D11RHI:       0/0/8161 MB DedicatedVideo/DedicatedSystem/SharedSystem, Outputs:0, VendorId:0x1414
[2019.12.12-01.07.09:720][  0]LogD3D11RHI: Chosen D3D11 Adapter: 0
[2019.12.12-01.07.09:739][  0]LogD3D11RHI: Creating new Direct3DDevice
[2019.12.12-01.07.09:739][  0]LogD3D11RHI:     GPU DeviceId: 0x1e87 (for the marketing name, search the web for "GPU Device Id")
[2019.12.12-01.07.09:739][  0]LogWindows: EnumDisplayDevices:
[2019.12.12-01.07.09:739][  0]LogWindows:    0. 'NVIDIA GeForce RTX 2080' (P:1 D:1)
[2019.12.12-01.07.09:740][  0]LogWindows:    1. 'NVIDIA GeForce RTX 2080' (P:0 D:1)
[2019.12.12-01.07.09:740][  0]LogWindows:    2. 'NVIDIA GeForce RTX 2080' (P:0 D:1)
[2019.12.12-01.07.09:741][  0]LogWindows:    3. 'NVIDIA GeForce RTX 2080' (P:0 D:1)
[2019.12.12-01.07.09:741][  0]LogWindows: DebugString: FoundDriverCount:4 
[2019.12.12-01.07.09:741][  0]LogD3D11RHI:     Adapter Name: NVIDIA GeForce RTX 2080
[2019.12.12-01.07.09:741][  0]LogD3D11RHI:   Driver Version: 432.00 (internal:26.21.14.3200, unified:432.00)
[2019.12.12-01.07.09:741][  0]LogD3D11RHI:      Driver Date: 7-24-2019
[2019.12.12-01.07.09:741][  0]LogRHI: Texture pool is 5607 MB (70% of 8010 MB)
[2019.12.12-01.07.09:796][  0]LogD3D11RHI: Async texture creation enabled
[2019.12.12-01.07.09:811][  0]LogRendererCore: FGlobalReadBuffer::InitRHI
[2019.12.12-01.07.09:812][  0]LogRendererCore: FGlobalReadBuffer::InitRHI
[2019.12.12-01.07.09:812][  0]LogRendererCore: FGlobalReadBuffer::InitRHI
[2019.12.12-01.07.09:819][  0]LogD3D11RHI: GPU Timing Frequency: 1000.000000 (Debug: 2 1)
[2019.12.12-01.07.10:536][  0]LogTemp: Display: Module 'AllDesktopTargetPlatform' loaded TargetPlatform 'AllDesktop'
[2019.12.12-01.07.10:558][  0]LogTemp: Display: Module 'MacClientTargetPlatform' loaded TargetPlatform 'MacClient'
[2019.12.12-01.07.10:583][  0]LogTemp: Display: Module 'MacNoEditorTargetPlatform' loaded TargetPlatform 'MacNoEditor'
[2019.12.12-01.07.10:613][  0]LogTemp: Display: Module 'MacServerTargetPlatform' loaded TargetPlatform 'MacServer'
[2019.12.12-01.07.10:653][  0]LogTemp: Display: Module 'MacTargetPlatform' loaded TargetPlatform 'Mac'
[2019.12.12-01.07.10:674][  0]LogTemp: Display: Module 'WindowsClientTargetPlatform' loaded TargetPlatform 'WindowsClient'
[2019.12.12-01.07.10:696][  0]LogTemp: Display: Module 'WindowsNoEditorTargetPlatform' loaded TargetPlatform 'WindowsNoEditor'
[2019.12.12-01.07.10:734][  0]LogTemp: Display: Module 'WindowsServerTargetPlatform' loaded TargetPlatform 'WindowsServer'
[2019.12.12-01.07.10:776][  0]LogTemp: Display: Module 'WindowsTargetPlatform' loaded TargetPlatform 'Windows'
[2019.12.12-01.07.10:853][  0]LogTemp: Display: Module 'AndroidTargetPlatform' loaded TargetPlatform 'Android'
[2019.12.12-01.07.10:853][  0]LogTemp: Display: Module 'AndroidTargetPlatform' loaded TargetPlatform 'Android_ASTC'
[2019.12.12-01.07.10:853][  0]LogTemp: Display: Module 'AndroidTargetPlatform' loaded TargetPlatform 'Android_ATC'
[2019.12.12-01.07.10:853][  0]LogTemp: Display: Module 'AndroidTargetPlatform' loaded TargetPlatform 'Android_DXT'
[2019.12.12-01.07.10:853][  0]LogTemp: Display: Module 'AndroidTargetPlatform' loaded TargetPlatform 'Android_ETC1'
[2019.12.12-01.07.10:854][  0]LogTemp: Display: Module 'AndroidTargetPlatform' loaded TargetPlatform 'Android_ETC1a'
[2019.12.12-01.07.10:854][  0]LogTemp: Display: Module 'AndroidTargetPlatform' loaded TargetPlatform 'Android_ETC2'
[2019.12.12-01.07.10:854][  0]LogTemp: Display: Module 'AndroidTargetPlatform' loaded TargetPlatform 'Android_PVRTC'
[2019.12.12-01.07.10:854][  0]LogTemp: Display: Module 'AndroidTargetPlatform' loaded TargetPlatform 'AndroidClient'
[2019.12.12-01.07.10:854][  0]LogTemp: Display: Module 'AndroidTargetPlatform' loaded TargetPlatform 'Android_ASTCClient'
[2019.12.12-01.07.10:854][  0]LogTemp: Display: Module 'AndroidTargetPlatform' loaded TargetPlatform 'Android_ATCClient'
[2019.12.12-01.07.10:854][  0]LogTemp: Display: Module 'AndroidTargetPlatform' loaded TargetPlatform 'Android_DXTClient'
[2019.12.12-01.07.10:854][  0]LogTemp: Display: Module 'AndroidTargetPlatform' loaded TargetPlatform 'Android_ETC1Client'
[2019.12.12-01.07.10:854][  0]LogTemp: Display: Module 'AndroidTargetPlatform' loaded TargetPlatform 'Android_ETC1aClient'
[2019.12.12-01.07.10:854][  0]LogTemp: Display: Module 'AndroidTargetPlatform' loaded TargetPlatform 'Android_ETC2Client'
[2019.12.12-01.07.10:854][  0]LogTemp: Display: Module 'AndroidTargetPlatform' loaded TargetPlatform 'Android_PVRTCClient'
[2019.12.12-01.07.10:854][  0]LogTemp: Display: Module 'AndroidTargetPlatform' loaded TargetPlatform 'Android_Multi'
[2019.12.12-01.07.10:854][  0]LogTemp: Display: Module 'AndroidTargetPlatform' loaded TargetPlatform 'Android_MultiClient'
[2019.12.12-01.07.10:862][  0]LogTemp: Display: Module 'HTML5TargetPlatform' loaded TargetPlatform 'HTML5'
[2019.12.12-01.07.10:946][  0]LogTemp: Display: Module 'IOSTargetPlatform' loaded TargetPlatform 'IOSClient'
[2019.12.12-01.07.10:946][  0]LogTemp: Display: Module 'IOSTargetPlatform' loaded TargetPlatform 'IOS'
[2019.12.12-01.07.10:971][  0]LogTemp: Display: Module 'TVOSTargetPlatform' loaded TargetPlatform 'TVOSClient'
[2019.12.12-01.07.10:972][  0]LogTemp: Display: Module 'TVOSTargetPlatform' loaded TargetPlatform 'TVOS'
[2019.12.12-01.07.10:990][  0]LogTemp: Display: Module 'LinuxClientTargetPlatform' loaded TargetPlatform 'LinuxClient'
[2019.12.12-01.07.11:007][  0]LogTemp: Display: Module 'LinuxNoEditorTargetPlatform' loaded TargetPlatform 'LinuxNoEditor'
[2019.12.12-01.07.11:027][  0]LogTemp: Display: Module 'LinuxServerTargetPlatform' loaded TargetPlatform 'LinuxServer'
[2019.12.12-01.07.11:043][  0]LogTemp: Display: Module 'LinuxTargetPlatform' loaded TargetPlatform 'Linux'
[2019.12.12-01.07.11:087][  0]LogTemp: Display: Module 'LuminTargetPlatform' loaded TargetPlatform 'Lumin'
[2019.12.12-01.07.11:088][  0]LogTemp: Display: Module 'LuminTargetPlatform' loaded TargetPlatform 'LuminClient'
[2019.12.12-01.07.11:088][  0]LogTargetPlatformManager: Display: Building Assets For Windows
[2019.12.12-01.07.11:132][  0]LogAudioDebug: Display: Lib vorbis DLL was dynamically loaded.
[2019.12.12-01.07.12:644][  0]LogShaderCompilers: Guid format shader working directory is 0 characters bigger than the processId version (E:/SeniorProject/PollutionProject/SeniorProject/Intermediate/Shaders/WorkingDirectory/19440/).
[2019.12.12-01.07.12:645][  0]LogShaderCompilers: Cleaned the shader compiler working directory 'C:/Users/Gregory/AppData/Local/Temp/UnrealShaderWorkingDir/3CCA88414A35E2F8C5BC37B1FB1B7CF9/'.
[2019.12.12-01.07.12:654][  0]LogXGEController: Cannot use XGE Controller as Incredibuild is not installed on this machine.
[2019.12.12-01.07.12:655][  0]LogShaderCompilers: Cannot use XGE Shader Compiler as Incredibuild is not installed on this machine.
[2019.12.12-01.07.12:655][  0]LogShaderCompilers: Display: Using Local Shader Compiler.
[2019.12.12-01.07.19:797][  0]LogDerivedDataCache: Display: Max Cache Size: 512 MB
[2019.12.12-01.07.19:871][  0]LogDerivedDataCache: Loaded boot cache 0.07s 73MB C:/Users/Gregory/AppData/Local/UnrealEngine/4.22/DerivedDataCache/Boot.ddc.
[2019.12.12-01.07.19:871][  0]LogDerivedDataCache: Display: Loaded Boot cache: C:/Users/Gregory/AppData/Local/UnrealEngine/4.22/DerivedDataCache/Boot.ddc
[2019.12.12-01.07.19:872][  0]LogDerivedDataCache: FDerivedDataBackendGraph:  Pak pak cache file E:/SeniorProject/PollutionProject/SeniorProject/DerivedDataCache/DDC.ddp not found, will not use a pak cache.
[2019.12.12-01.07.19:872][  0]LogDerivedDataCache: Unable to find inner node Pak for hierarchical cache Hierarchy.
[2019.12.12-01.07.19:872][  0]LogDerivedDataCache: FDerivedDataBackendGraph:  CompressedPak pak cache file E:/SeniorProject/PollutionProject/SeniorProject/DerivedDataCache/Compressed.ddp not found, will not use a pak cache.
[2019.12.12-01.07.19:872][  0]LogDerivedDataCache: Unable to find inner node CompressedPak for hierarchical cache Hierarchy.
[2019.12.12-01.07.19:891][  0]LogDerivedDataCache: Display: Pak cache opened for reading ../../../Engine/DerivedDataCache/Compressed.ddp.
[2019.12.12-01.07.19:895][  0]LogDerivedDataCache: Display: Pak cache opened for reading ../../../Enterprise/DerivedDataCache/Compressed.ddp.
[2019.12.12-01.07.19:908][  0]LogDerivedDataCache: Using Local data cache path C:/Users/Gregory/AppData/Local/UnrealEngine/Common/DerivedDataCache: Writable
[2019.12.12-01.07.19:908][  0]LogDerivedDataCache: Shared data cache path not found in *engine.ini, will not use an Shared cache.
[2019.12.12-01.07.19:908][  0]LogDerivedDataCache: Unable to find inner node Shared for hierarchical cache Hierarchy.
[2019.12.12-01.07.19:931][  0]LogMaterial: Verifying Global Shaders for PCD3D_SM5
[2019.12.12-01.07.19:932][  0]LogSlate: Using FreeType 2.6.0
[2019.12.12-01.07.19:986][  0]LogSlate: SlateFontServices - WITH_FREETYPE: 1, WITH_HARFBUZZ: 1
[2019.12.12-01.07.20:133][  0]LogAssetRegistry: FAssetRegistry took 0.0389 seconds to start up
[2019.12.12-01.07.20:592][  0]LogInit: Selected Device Profile: [Windows]
[2019.12.12-01.07.22:193][  0]LogMeshReduction: Using QuadricMeshReduction for automatic static mesh reduction
[2019.12.12-01.07.22:193][  0]LogMeshReduction: Using SimplygonMeshReduction for automatic skeletal mesh reduction
[2019.12.12-01.07.22:193][  0]LogMeshReduction: Using ProxyLODMeshReduction for automatic mesh merging
[2019.12.12-01.07.22:193][  0]LogMeshReduction: No distributed automatic mesh merging module available
[2019.12.12-01.07.22:193][  0]LogMeshMerging: No distributed automatic mesh merging module available
[2019.12.12-01.07.22:280][  0]LogNetVersion: SeniorProject 1.0.0, NetCL: 5660361, EngineNetVer: 10, GameNetVer: 0 (Checksum: 993350713)
[2019.12.12-01.07.22:961][  0]LogPackageLocalizationCache: Processed 16 localized package path(s) for 1 prioritized culture(s) in 0.066043 seconds
[2019.12.12-01.07.22:969][  0]LogUObjectArray: 42205 objects as part of root set at end of initial load.
[2019.12.12-01.07.22:970][  0]LogUObjectAllocator: 7325032 out of 0 bytes used by permanent object pool.
[2019.12.12-01.07.22:970][  0]LogUObjectArray: CloseDisregardForGC: 0/0 objects in disregard for GC pool
[2019.12.12-01.07.51:801][  0]LogTcpMessaging: Initializing TcpMessaging bridge
[2019.12.12-01.07.51:893][  0]LogUdpMessaging: Initializing bridge on interface 0.0.0.0:0 to multicast group 230.0.0.1:6666.
[2019.12.12-01.07.54:152][  0]SourceControl: Source control is disabled
[2019.12.12-01.08.03:103][  0]LogAndroidPermission: UAndroidPermissionCallbackProxy::GetInstance
[2019.12.12-01.08.04:491][  0]LogOcInput: OculusInput pre-init called
[2019.12.12-01.08.09:297][  0]LogWindows: Failed to load 'libalias_api.dll' (GetLastError=126)
[2019.12.12-01.08.09:297][  0]LogWindows: File 'libalias_api.dll' does not exist
[2019.12.12-01.08.09:298][  0]LogWindows: Failed to load 'libalias_api.dll' (GetLastError=126)
[2019.12.12-01.08.09:299][  0]LogWindows: File 'libalias_api.dll' does not exist
[2019.12.12-01.08.09:987][  0]LogEngine: Initializing Engine...
[2019.12.12-01.08.10:037][  0]LogHMD: Failed to initialize OpenVR with code 126
[2019.12.12-01.08.10:038][  0]LogStats: UGameplayTagsManager::InitializeManager -  0.000 s
[2019.12.12-01.08.10:255][  0]LogInit: Initializing FReadOnlyCVARCache
[2019.12.12-01.08.10:453][  0]LogAIModule: Creating AISystem for world Untitled
[2019.12.12-01.08.10:615][  0]LogInit: XAudio2 using 'Headset Earphone (3- Corsair HS70 Wireless Gaming Headset)' : 2 channels at 48 kHz using 16 bits per sample (channel mask 0x3)
[2019.12.12-01.08.10:654][  0]LogInit: FAudioDevice initialized.
[2019.12.12-01.08.10:654][  0]LogNetVersion: Set ProjectVersion to 1.0.0.0. Version Checksum will be recalculated on next use.
[2019.12.12-01.08.10:859][  0]LogDerivedDataCache: Saved boot cache 0.20s 73MB C:/Users/Gregory/AppData/Local/UnrealEngine/4.22/DerivedDataCache/Boot.ddc.
[2019.12.12-01.08.10:870][  0]LogInit: Texture streaming: Enabled
[2019.12.12-01.08.11:248][  0]LogEngineSessionManager: EngineSessionManager initialized
[2019.12.12-01.08.11:248][  0]LogEngineSessionManager: EngineSessionManager sent abnormal shutdown report. Type=Debugger, SessionId={DE347280-42C9-8B4C-6AFB-9F8F8A9761CF}
[2019.12.12-01.08.11:552][  0]LogInit: Transaction tracking system initialized
[2019.12.12-01.08.13:604][  0]BlueprintLog: New page: Editor Load
[2019.12.12-01.08.17:431][  0]LocalizationService: Localization service is disabled
[2019.12.12-01.08.19:343][  0]LogFileCache: Scanning file cache for directory 'E:/SeniorProject/PollutionProject/SeniorProject/Content/' took 0.02s
[2019.12.12-01.08.19:343][  0]LogCook: Display: Max memory allowance for cook 16384mb min free memory 0mb
[2019.12.12-01.08.19:343][  0]LogCook: Display: Mobile HDR setting 1
[2019.12.12-01.08.25:190][  0]Cmd: MAP LOAD FILE="E:/SeniorProject/PollutionProject/SeniorProject/Content/Levels/GreyBoxLVL4.umap" TEMPLATE=0 SHOWPROGRESS=1 FEATURELEVEL=3
[2019.12.12-01.08.25:191][  0]LightingResults: New page: Lighting Build
[2019.12.12-01.08.25:249][  0]MapCheck: New page: Map Check
[2019.12.12-01.08.25:250][  0]LightingResults: New page: Lighting Build
[2019.12.12-01.08.25:274][  0]LogUObjectHash: Compacting FUObjectHashTables data took   2.48ms
[2019.12.12-01.08.37:199][  0]LogAIModule: Creating AISystem for world GreyBoxLVL4
[2019.12.12-01.08.40:994][  0]LogEditorServer: Finished looking for orphan Actors (0.001 secs)
[2019.12.12-01.08.41:373][  0]LogUObjectHash: Compacting FUObjectHashTables data took   3.86ms
[2019.12.12-01.08.41:374][  0]Cmd: MAP CHECKDEP NOCLEARLOG
[2019.12.12-01.08.41:375][  0]MapCheck: Map check complete: 0 Error(s), 0 Warning(s), took 0.842ms to complete.
[2019.12.12-01.08.41:375][  0]LogFileHelpers: Loading map 'GreyBoxLVL4' took 16.185
[2019.12.12-01.08.43:476][  0]LogSlate: Updating window title bar state: overlay mode, drag disabled, window buttons hidden, title bar hidden
[2019.12.12-01.08.43:629][  0]LogSlate: Updating window title bar state: overlay mode, drag disabled, window buttons hidden, title bar hidden
[2019.12.12-01.08.43:643][  0]LogSlate: Updating window title bar state: overlay mode, drag disabled, window buttons hidden, title bar hidden
[2019.12.12-01.08.43:657][  0]LogSlate: Updating window title bar state: overlay mode, drag disabled, window buttons hidden, title bar hidden
[2019.12.12-01.08.43:794][  0]LogCollectionManager: Loaded 0 collections in 0.003753 seconds
[2019.12.12-01.08.43:905][  0]LogFileCache: Scanning file cache for directory 'E:/SeniorProject/PollutionProject/SeniorProject/Saved/Collections/' took 0.01s
[2019.12.12-01.08.43:906][  0]LogFileCache: Scanning file cache for directory 'E:/SeniorProject/PollutionProject/SeniorProject/Content/Developers/Gregory/Collections/' took 0.00s
[2019.12.12-01.08.43:906][  0]LogFileCache: Scanning file cache for directory 'E:/SeniorProject/PollutionProject/SeniorProject/Content/Collections/' took 0.02s
[2019.12.12-01.08.43:906][  0]LogCollectionManager: Rebuilt the GUID cache for 0 collections in 0.000001 seconds
[2019.12.12-01.08.43:927][  0]LogContentBrowser: Native class hierarchy populated in 0.0188 seconds. Added 2875 classes and 729 folders.
[2019.12.12-01.08.44:000][  0]LogContentBrowser: Native class hierarchy updated for 'WidgetCarousel' in 0.0003 seconds. Added 0 classes and 0 folders.
[2019.12.12-01.08.44:076][  0]LogPakFile: Registered encryption key '00000000000000000000000000000000': 0 pak files mounted, 0 remain pending
[2019.12.12-01.08.44:151][  0]LogPakFile: Registered encryption key '00000000000000000000000000000000': 0 pak files mounted, 0 remain pending
[2019.12.12-01.08.44:186][  0]LogPakFile: Registered encryption key '00000000000000000000000000000000': 0 pak files mounted, 0 remain pending
[2019.12.12-01.08.44:202][  0]LogPakFile: Registered encryption key '00000000000000000000000000000000': 0 pak files mounted, 0 remain pending
[2019.12.12-01.08.44:219][  0]LogPakFile: Registered encryption key '00000000000000000000000000000000': 0 pak files mounted, 0 remain pending
[2019.12.12-01.08.44:235][  0]LogPakFile: Registered encryption key '00000000000000000000000000000000': 0 pak files mounted, 0 remain pending
[2019.12.12-01.08.44:277][  0]LogPakFile: Registered encryption key '00000000000000000000000000000000': 0 pak files mounted, 0 remain pending
[2019.12.12-01.08.44:296][  0]LogPakFile: Registered encryption key '00000000000000000000000000000000': 0 pak files mounted, 0 remain pending
[2019.12.12-01.08.44:306][  0]LogPakFile: Registered encryption key '00000000000000000000000000000000': 0 pak files mounted, 0 remain pending
[2019.12.12-01.08.44:337][  0]LogPakFile: Registered encryption key '00000000000000000000000000000000': 0 pak files mounted, 0 remain pending
[2019.12.12-01.08.44:362][  0]LogPakFile: Registered encryption key '00000000000000000000000000000000': 0 pak files mounted, 0 remain pending
[2019.12.12-01.08.44:376][  0]LogPakFile: Registered encryption key '00000000000000000000000000000000': 0 pak files mounted, 0 remain pending
[2019.12.12-01.08.44:397][  0]LogPakFile: Registered encryption key '00000000000000000000000000000000': 0 pak files mounted, 0 remain pending
[2019.12.12-01.08.44:411][  0]LogPakFile: Registered encryption key '00000000000000000000000000000000': 0 pak files mounted, 0 remain pending
[2019.12.12-01.08.44:432][  0]LogPakFile: Registered encryption key '00000000000000000000000000000000': 0 pak files mounted, 0 remain pending
[2019.12.12-01.08.44:448][  0]LogPakFile: Registered encryption key '00000000000000000000000000000000': 0 pak files mounted, 0 remain pending
[2019.12.12-01.08.44:486][  0]LogPakFile: Registered encryption key '00000000000000000000000000000000': 0 pak files mounted, 0 remain pending
[2019.12.12-01.08.44:493][  0]LogPakFile: Registered encryption key '00000000000000000000000000000000': 0 pak files mounted, 0 remain pending
[2019.12.12-01.08.44:530][  0]LogPakFile: Registered encryption key '00000000000000000000000000000000': 0 pak files mounted, 0 remain pending
[2019.12.12-01.08.44:543][  0]LogPakFile: Registered encryption key '00000000000000000000000000000000': 0 pak files mounted, 0 remain pending
[2019.12.12-01.08.44:562][  0]LogPakFile: Registered encryption key '00000000000000000000000000000000': 0 pak files mounted, 0 remain pending
[2019.12.12-01.08.44:580][  0]LogPakFile: Registered encryption key '00000000000000000000000000000000': 0 pak files mounted, 0 remain pending
[2019.12.12-01.08.44:595][  0]LogPakFile: Registered encryption key '00000000000000000000000000000000': 0 pak files mounted, 0 remain pending
[2019.12.12-01.08.44:605][  0]LogPakFile: Registered encryption key '00000000000000000000000000000000': 0 pak files mounted, 0 remain pending
[2019.12.12-01.08.44:624][  0]LogPakFile: Registered encryption key '00000000000000000000000000000000': 0 pak files mounted, 0 remain pending
[2019.12.12-01.08.44:639][  0]LogPakFile: Registered encryption key '00000000000000000000000000000000': 0 pak files mounted, 0 remain pending
[2019.12.12-01.08.44:654][  0]LogPakFile: Registered encryption key '00000000000000000000000000000000': 0 pak files mounted, 0 remain pending
[2019.12.12-01.08.44:668][  0]LogPakFile: Registered encryption key '00000000000000000000000000000000': 0 pak files mounted, 0 remain pending
[2019.12.12-01.08.46:343][  0]LogContentBrowser: Native class hierarchy updated for 'AddContentDialog' in 0.0003 seconds. Added 0 classes and 0 folders.
[2019.12.12-01.08.46:383][  0]LogContentBrowser: Native class hierarchy updated for 'SceneOutliner' in 0.0003 seconds. Added 1 classes and 0 folders.
[2019.12.12-01.08.47:118][  0]LogSlate: Took 0.024601 seconds to synchronously load lazily loaded font '../../../Engine/Content/Slate/Fonts/Roboto-Regular.ttf' (155K)
[2019.12.12-01.08.47:178][  0]LogSlate: Took 0.043946 seconds to synchronously load lazily loaded font '../../../Engine/Content/Slate/Fonts/Roboto-Bold.ttf' (160K)
[2019.12.12-01.08.47:273][  0]LogSlate: Took 0.016596 seconds to synchronously load lazily loaded font '../../../Engine/Content/Editor/Slate/Fonts/FontAwesome.ttf' (139K)
[2019.12.12-01.08.47:775][  0]LogRenderer: Reallocating scene render targets to support 1004x552 Format 10 NumSamples 1 (Frame:1).
[2019.12.12-01.08.48:253][  0]LogStaticMesh: Allocated 512x320x64 distance field atlas = 20.0Mb, with 84 objects containing 14.5Mb backing data
[2019.12.12-01.08.51:188][  0]LogSlate: Took 0.086504 seconds to synchronously load lazily loaded font '../../../Engine/Content/Slate/Fonts/Roboto-Light.ttf' (167K)
[2019.12.12-01.08.52:902][  0]LogContentBrowser: Native class hierarchy updated for 'HierarchicalLODOutliner' in 0.0004 seconds. Added 0 classes and 0 folders.
[2019.12.12-01.08.52:902][  0]LogLoad: (Engine Initialization) Total time: 109.17 seconds
[2019.12.12-01.08.52:902][  0]LogLoad: (Engine Initialization) Total Blueprint compile time: 0.00 seconds
[2019.12.12-01.08.53:492][  0]LogContentStreaming: Texture pool size now 1000 MB
[2019.12.12-01.08.54:064][  2]LogAssetRegistry: Asset discovery search completed in 93.9573 seconds
[2019.12.12-01.08.54:067][  2]LogCollectionManager: Rebuilt the object cache for 0 collections in 0.000000 seconds (found 0 objects)
[2019.12.12-01.08.54:068][  2]LogCollectionManager: Fixed up redirectors for 0 collections in 0.000195 seconds (updated 0 objects)
[2019.12.12-01.08.58:940][356]LogSlate: FSceneViewport::OnFocusLost() reason 0
[2019.12.12-01.08.58:945][356]LogFileCache: Retrieving MD5 hashes for directory 'E:/SeniorProject/PollutionProject/SeniorProject/Content/' took 5.91s
[2019.12.12-01.09.06:770][899]LogSlate: FSceneViewport::OnFocusLost() reason 0
[2019.12.12-01.09.06:871][899]LogTemp: Repeating last play command: Selected Viewport
[2019.12.12-01.09.06:943][899]LogBlueprintUserMessages: Early PlayInEditor Detection: Level '/Game/Levels/GreyBoxLVL4.GreyBoxLVL4:PersistentLevel' has LevelScriptBlueprint '/Game/Levels/GreyBoxLVL4.GreyBoxLVL4:PersistentLevel.GreyBoxLVL4' with GeneratedClass '/Game/Levels/GreyBoxLVL4.GreyBoxLVL4_C' with ClassGeneratedBy '/Game/Levels/GreyBoxLVL4.GreyBoxLVL4:PersistentLevel.GreyBoxLVL4'
[2019.12.12-01.09.06:964][899]LogPlayLevel: PlayLevel: No blueprints needed recompiling
[2019.12.12-01.09.07:026][899]PIE: New page: PIE session: GreyBoxLVL4 (Dec 11, 2019, 3:09:06 PM)
[2019.12.12-01.09.07:140][899]LogPlayLevel: Creating play world package: /Game/Levels/UEDPIE_0_GreyBoxLVL4
[2019.12.12-01.09.07:590][899]LogPlayLevel: PIE: StaticDuplicateObject took: (0.449460s)
[2019.12.12-01.09.07:599][899]LogAIModule: Creating AISystem for world GreyBoxLVL4
[2019.12.12-01.09.07:608][899]LogPlayLevel: PIE: World Init took: (0.017196s)
[2019.12.12-01.09.07:609][899]LogPlayLevel: PIE: Created PIE world by copying editor world from /Game/Levels/GreyBoxLVL4.GreyBoxLVL4 to /Game/Levels/UEDPIE_0_GreyBoxLVL4.GreyBoxLVL4 (0.468516s)
[2019.12.12-01.09.07:635][899]LogUObjectHash: Compacting FUObjectHashTables data took   1.77ms
[2019.12.12-01.09.07:836][899]LogInit: XAudio2 using 'Headset Earphone (3- Corsair HS70 Wireless Gaming Headset)' : 2 channels at 48 kHz using 16 bits per sample (channel mask 0x3)
[2019.12.12-01.09.07:855][899]LogInit: FAudioDevice initialized.
[2019.12.12-01.09.08:035][899]LogLoad: Game class is 'FirstPersonGameMode_C'
[2019.12.12-01.09.08:262][899]LogWorld: Bringing World /Game/Levels/UEDPIE_0_GreyBoxLVL4.GreyBoxLVL4 up for play (max tick rate 0) at 2019.12.11-20.09.08
[2019.12.12-01.09.08:513][899]LogWorld: Bringing up level for play took: 0.342150
[2019.12.12-01.09.08:675][899]LogContentBrowser: Native class hierarchy updated for 'MovieSceneCapture' in 0.0004 seconds. Added 20 classes and 0 folders.
[2019.12.12-01.09.08:879][899]LogScript: Warning: Script Msg: Attempted to access index 0 from array 'Tags' of length 0 in '/Script/Engine.Actor'!
[2019.12.12-01.09.08:897][899]LogBlueprintUserMessages: [FirstPersonCharacter_C_0] X=2940.225 Y=-5695.370 Z=576.800
[2019.12.12-01.09.09:055][899]LogBlueprintUserMessages: [DialogueSystem_2] Hello
[2019.12.12-01.09.09:238][899]PIE: Play in editor start time for /Game/Levels/UEDPIE_0_GreyBoxLVL4 3.024
[2019.12.12-01.09.09:241][899]LogBlueprintUserMessages: Late PlayInEditor Detection: Level '/Game/Levels/GreyBoxLVL4.GreyBoxLVL4:PersistentLevel' has LevelScriptBlueprint '/Game/Levels/GreyBoxLVL4.GreyBoxLVL4:PersistentLevel.GreyBoxLVL4' with GeneratedClass '/Game/Levels/GreyBoxLVL4.GreyBoxLVL4_C' with ClassGeneratedBy '/Game/Levels/GreyBoxLVL4.GreyBoxLVL4:PersistentLevel.GreyBoxLVL4'
[2019.12.12-01.09.09:246][899]LogBlueprintUserMessages: [InteractiveLog] false
[2019.12.12-01.09.09:659][900]LogBlueprintUserMessages: [InteractiveLog] false
[2019.12.12-01.09.09:748][901]LogBlueprintUserMessages: [InteractiveLog] false
[2019.12.12-01.09.09:785][902]LogBlueprintUserMessages: [InteractiveLog] false
[2019.12.12-01.09.09:799][903]LogBlueprintUserMessages: [InteractiveLog] false
[2019.12.12-01.09.09:842][904]LogBlueprintUserMessages: [InteractiveLog] false
[2019.12.12-01.09.09:850][905]LogBlueprintUserMessages: [InteractiveLog] false
[2019.12.12-01.09.09:883][906]LogBlueprintUserMessages: [InteractiveLog] false
[2019.12.12-01.09.09:904][907]LogBlueprintUserMessages: [InteractiveLog] false
[2019.12.12-01.09.09:920][908]LogBlueprintUserMessages: [InteractiveLog] false
[2019.12.12-01.09.09:932][909]LogBlueprintUserMessages: [InteractiveLog] false
[2019.12.12-01.09.09:940][910]LogBlueprintUserMessages: [InteractiveLog] false
[2019.12.12-01.09.09:949][911]LogBlueprintUserMessages: [InteractiveLog] false
[2019.12.12-01.09.09:959][912]LogBlueprintUserMessages: [InteractiveLog] false
[2019.12.12-01.09.09:968][913]LogBlueprintUserMessages: [InteractiveLog] false
[2019.12.12-01.09.09:979][914]LogBlueprintUserMessages: [InteractiveLog] false
[2019.12.12-01.09.09:988][915]LogBlueprintUserMessages: [InteractiveLog] false
[2019.12.12-01.09.10:031][916]LogBlueprintUserMessages: [InteractiveLog] false
[2019.12.12-01.09.10:039][917]LogBlueprintUserMessages: [InteractiveLog] false
[2019.12.12-01.09.10:047][918]LogBlueprintUserMessages: [InteractiveLog] false
[2019.12.12-01.09.10:056][919]LogBlueprintUserMessages: [InteractiveLog] false
[2019.12.12-01.09.10:065][920]LogBlueprintUserMessages: [InteractiveLog] false
[2019.12.12-01.09.10:074][921]LogBlueprintUserMessages: [InteractiveLog] false
[2019.12.12-01.09.10:082][922]LogBlueprintUserMessages: [InteractiveLog] false
[2019.12.12-01.09.10:093][923]LogBlueprintUserMessages: [InteractiveLog] false
[2019.12.12-01.09.10:101][924]LogBlueprintUserMessages: [InteractiveLog] false
[2019.12.12-01.09.10:110][925]LogBlueprintUserMessages: [InteractiveLog] false
[2019.12.12-01.09.10:118][926]LogBlueprintUserMessages: [InteractiveLog] false
[2019.12.12-01.09.10:127][927]LogBlueprintUserMessages: [InteractiveLog] false
[2019.12.12-01.09.10:135][928]LogBlueprintUserMessages: [InteractiveLog] false
[2019.12.12-01.09.10:144][929]LogBlueprintUserMessages: [InteractiveLog] false
[2019.12.12-01.09.10:152][930]LogBlueprintUserMessages: [InteractiveLog] false
[2019.12.12-01.09.10:160][931]LogBlueprintUserMessages: [InteractiveLog] false
[2019.12.12-01.09.10:169][932]LogBlueprintUserMessages: [InteractiveLog] false
[2019.12.12-01.09.10:177][933]LogBlueprintUserMessages: [InteractiveLog] false
[2019.12.12-01.09.10:186][934]LogBlueprintUserMessages: [InteractiveLog] false
[2019.12.12-01.09.10:198][935]LogBlueprintUserMessages: [InteractiveLog] false
[2019.12.12-01.09.10:207][936]LogBlueprintUserMessages: [InteractiveLog] false
[2019.12.12-01.09.10:218][937]LogBlueprintUserMessages: [InteractiveLog] false
[2019.12.12-01.09.10:228][938]LogBlueprintUserMessages: [InteractiveLog] false
[2019.12.12-01.09.10:237][939]LogBlueprintUserMessages: [InteractiveLog] false
[2019.12.12-01.09.10:247][940]LogBlueprintUserMessages: [InteractiveLog] false
[2019.12.12-01.09.10:255][941]LogBlueprintUserMessages: [InteractiveLog] false
[2019.12.12-01.09.10:264][942]LogBlueprintUserMessages: [InteractiveLog] false
[2019.12.12-01.09.10:273][943]LogBlueprintUserMessages: [InteractiveLog] false
[2019.12.12-01.09.10:282][944]LogBlueprintUserMessages: [InteractiveLog] false
[2019.12.12-01.09.10:292][945]LogBlueprintUserMessages: [InteractiveLog] false
[2019.12.12-01.09.10:301][946]LogBlueprintUserMessages: [InteractiveLog] false
[2019.12.12-01.09.10:312][947]LogBlueprintUserMessages: [InteractiveLog] false
[2019.12.12-01.09.10:320][948]LogBlueprintUserMessages: [InteractiveLog] false
[2019.12.12-01.09.10:329][949]LogBlueprintUserMessages: [InteractiveLog] false
[2019.12.12-01.09.10:339][950]LogBlueprintUserMessages: [InteractiveLog] false
[2019.12.12-01.09.10:351][951]LogBlueprintUserMessages: [InteractiveLog] false
[2019.12.12-01.09.10:363][952]LogBlueprintUserMessages: [InteractiveLog] false
[2019.12.12-01.09.10:375][953]LogBlueprintUserMessages: [InteractiveLog] false
[2019.12.12-01.09.10:385][954]LogBlueprintUserMessages: [InteractiveLog] false
[2019.12.12-01.09.10:397][955]LogBlueprintUserMessages: [InteractiveLog] false
[2019.12.12-01.09.10:405][956]LogBlueprintUserMessages: [InteractiveLog] false
[2019.12.12-01.09.10:418][957]LogBlueprintUserMessages: [InteractiveLog] false
[2019.12.12-01.09.10:430][958]LogBlueprintUserMessages: [InteractiveLog] false
[2019.12.12-01.09.10:442][959]LogBlueprintUserMessages: [InteractiveLog] false
[2019.12.12-01.09.10:452][960]LogBlueprintUserMessages: [InteractiveLog] false
[2019.12.12-01.09.10:461][961]LogBlueprintUserMessages: [InteractiveLog] false
[2019.12.12-01.09.10:469][962]LogBlueprintUserMessages: [InteractiveLog] false
[2019.12.12-01.09.10:478][963]LogBlueprintUserMessages: [InteractiveLog] false
[2019.12.12-01.09.10:486][964]LogBlueprintUserMessages: [InteractiveLog] false
[2019.12.12-01.09.10:496][965]LogBlueprintUserMessages: [InteractiveLog] false
[2019.12.12-01.09.10:505][966]LogBlueprintUserMessages: [InteractiveLog] false
[2019.12.12-01.09.10:514][967]LogBlueprintUserMessages: [InteractiveLog] false
[2019.12.12-01.09.10:523][968]LogBlueprintUserMessages: [InteractiveLog] false
[2019.12.12-01.09.10:531][969]LogBlueprintUserMessages: [InteractiveLog] false
[2019.12.12-01.09.10:540][970]LogBlueprintUserMessages: [InteractiveLog] false
[2019.12.12-01.09.10:548][971]LogBlueprintUserMessages: [InteractiveLog] false
[2019.12.12-01.09.10:557][972]LogBlueprintUserMessages: [InteractiveLog] false
[2019.12.12-01.09.10:565][973]LogBlueprintUserMessages: [InteractiveLog] false
[2019.12.12-01.09.10:577][974]LogBlueprintUserMessages: [InteractiveLog] false
[2019.12.12-01.09.10:585][975]LogBlueprintUserMessages: [InteractiveLog] false
[2019.12.12-01.09.10:596][976]LogBlueprintUserMessages: [InteractiveLog] false
[2019.12.12-01.09.10:605][977]LogBlueprintUserMessages: [InteractiveLog] false
[2019.12.12-01.09.10:616][978]LogBlueprintUserMessages: [InteractiveLog] false
[2019.12.12-01.09.10:626][979]LogBlueprintUserMessages: [InteractiveLog] false
[2019.12.12-01.09.10:635][980]LogBlueprintUserMessages: [InteractiveLog] false
[2019.12.12-01.09.10:644][981]LogBlueprintUserMessages: [InteractiveLog] false
[2019.12.12-01.09.10:653][982]LogBlueprintUserMessages: [InteractiveLog] false
[2019.12.12-01.09.10:662][983]LogBlueprintUserMessages: [InteractiveLog] false
[2019.12.12-01.09.10:671][984]LogBlueprintUserMessages: [InteractiveLog] false
[2019.12.12-01.09.10:680][985]LogBlueprintUserMessages: [InteractiveLog] false
[2019.12.12-01.09.10:688][986]LogBlueprintUserMessages: [InteractiveLog] false
[2019.12.12-01.09.10:697][987]LogBlueprintUserMessages: [InteractiveLog] false
[2019.12.12-01.09.10:705][988]LogBlueprintUserMessages: [InteractiveLog] false
[2019.12.12-01.09.10:715][989]LogBlueprintUserMessages: [InteractiveLog] false
[2019.12.12-01.09.10:724][990]LogBlueprintUserMessages: [InteractiveLog] false
[2019.12.12-01.09.10:732][991]LogBlueprintUserMessages: [InteractiveLog] false
[2019.12.12-01.09.10:743][992]LogBlueprintUserMessages: [InteractiveLog] false
[2019.12.12-01.09.10:752][993]LogBlueprintUserMessages: [InteractiveLog] false
[2019.12.12-01.09.10:763][994]LogBlueprintUserMessages: [InteractiveLog] false
[2019.12.12-01.09.10:774][995]LogBlueprintUserMessages: [InteractiveLog] false
[2019.12.12-01.09.10:783][996]LogBlueprintUserMessages: [InteractiveLog] false
[2019.12.12-01.09.10:795][997]LogBlueprintUserMessages: [InteractiveLog] false
[2019.12.12-01.09.10:805][998]LogBlueprintUserMessages: [InteractiveLog] false
[2019.12.12-01.09.10:819][999]LogBlueprintUserMessages: [InteractiveLog] false
[2019.12.12-01.09.10:831][  0]LogBlueprintUserMessages: [InteractiveLog] false
[2019.12.12-01.09.10:844][  1]LogBlueprintUserMessages: [InteractiveLog] false
[2019.12.12-01.09.10:856][  2]LogBlueprintUserMessages: [InteractiveLog] false
[2019.12.12-01.09.10:867][  3]LogBlueprintUserMessages: [InteractiveLog] false
[2019.12.12-01.09.10:876][  4]LogBlueprintUserMessages: [InteractiveLog] false
[2019.12.12-01.09.10:884][  5]LogBlueprintUserMessages: [InteractiveLog] false
[2019.12.12-01.09.10:895][  6]LogBlueprintUserMessages: [InteractiveLog] false
[2019.12.12-01.09.10:903][  7]LogBlueprintUserMessages: [InteractiveLog] false
[2019.12.12-01.09.10:914][  8]LogBlueprintUserMessages: [InteractiveLog] false
[2019.12.12-01.09.10:923][  9]LogBlueprintUserMessages: [InteractiveLog] false
[2019.12.12-01.09.10:932][ 10]LogBlueprintUserMessages: [InteractiveLog] false
[2019.12.12-01.09.10:941][ 11]LogBlueprintUserMessages: [InteractiveLog] false
[2019.12.12-01.09.10:950][ 12]LogBlueprintUserMessages: [InteractiveLog] false
[2019.12.12-01.09.10:960][ 13]LogBlueprintUserMessages: [InteractiveLog] false
[2019.12.12-01.09.10:968][ 14]LogBlueprintUserMessages: [InteractiveLog] false
[2019.12.12-01.09.10:977][ 15]LogBlueprintUserMessages: [InteractiveLog] false
[2019.12.12-01.09.10:987][ 16]LogBlueprintUserMessages: [InteractiveLog] false
[2019.12.12-01.09.10:998][ 17]LogBlueprintUserMessages: [InteractiveLog] false
[2019.12.12-01.09.11:012][ 18]LogBlueprintUserMessages: [InteractiveLog] false
[2019.12.12-01.09.11:028][ 19]LogBlueprintUserMessages: [InteractiveLog] false
[2019.12.12-01.09.11:037][ 20]LogBlueprintUserMessages: [InteractiveLog] false
[2019.12.12-01.09.11:050][ 21]LogBlueprintUserMessages: [InteractiveLog] false
[2019.12.12-01.09.11:062][ 22]LogBlueprintUserMessages: [InteractiveLog] false
[2019.12.12-01.09.11:070][ 23]LogBlueprintUserMessages: [InteractiveLog] false
[2019.12.12-01.09.11:080][ 24]LogBlueprintUserMessages: [InteractiveLog] false
[2019.12.12-01.09.11:088][ 25]LogBlueprintUserMessages: [InteractiveLog] false
[2019.12.12-01.09.11:098][ 26]LogBlueprintUserMessages: [InteractiveLog] false
[2019.12.12-01.09.11:108][ 27]LogBlueprintUserMessages: [InteractiveLog] false
[2019.12.12-01.09.11:117][ 28]LogBlueprintUserMessages: [InteractiveLog] false
[2019.12.12-01.09.11:127][ 29]LogBlueprintUserMessages: [InteractiveLog] false
[2019.12.12-01.09.11:136][ 30]LogBlueprintUserMessages: [InteractiveLog] false
[2019.12.12-01.09.11:146][ 31]LogBlueprintUserMessages: [InteractiveLog] false
[2019.12.12-01.09.11:156][ 32]LogBlueprintUserMessages: [InteractiveLog] false
[2019.12.12-01.09.11:169][ 33]LogBlueprintUserMessages: [InteractiveLog] false
[2019.12.12-01.09.11:179][ 34]LogBlueprintUserMessages: [InteractiveLog] false
[2019.12.12-01.09.11:187][ 35]LogBlueprintUserMessages: [InteractiveLog] false
[2019.12.12-01.09.11:198][ 36]LogBlueprintUserMessages: [InteractiveLog] false
[2019.12.12-01.09.11:208][ 37]LogBlueprintUserMessages: [InteractiveLog] false
[2019.12.12-01.09.11:219][ 38]LogBlueprintUserMessages: [InteractiveLog] false
[2019.12.12-01.09.11:230][ 39]LogBlueprintUserMessages: [InteractiveLog] false
[2019.12.12-01.09.11:238][ 40]LogBlueprintUserMessages: [InteractiveLog] false
[2019.12.12-01.09.11:251][ 41]LogBlueprintUserMessages: [InteractiveLog] false
[2019.12.12-01.09.11:262][ 42]LogBlueprintUserMessages: [InteractiveLog] false
[2019.12.12-01.09.11:271][ 43]LogBlueprintUserMessages: [InteractiveLog] false
[2019.12.12-01.09.11:282][ 44]LogBlueprintUserMessages: [InteractiveLog] false
[2019.12.12-01.09.11:293][ 45]LogBlueprintUserMessages: [InteractiveLog] false
[2019.12.12-01.09.11:302][ 46]LogBlueprintUserMessages: [InteractiveLog] false
[2019.12.12-01.09.11:405][ 58]LogBlueprintUserMessages: [InteractiveLog] false
[2019.12.12-01.09.11:415][ 58]LogBlueprintUserMessages: Early EndPlayMap Detection: Level '/Game/Levels/GreyBoxLVL4.GreyBoxLVL4:PersistentLevel' has LevelScriptBlueprint '/Game/Levels/GreyBoxLVL4.GreyBoxLVL4:PersistentLevel.GreyBoxLVL4' with GeneratedClass '/Game/Levels/GreyBoxLVL4.GreyBoxLVL4_C' with ClassGeneratedBy '/Game/Levels/GreyBoxLVL4.GreyBoxLVL4:PersistentLevel.GreyBoxLVL4'
[2019.12.12-01.09.11:441][ 58]LogSlate: Updating window title bar state: overlay mode, drag disabled, window buttons hidden, title bar hidden
[2019.12.12-01.09.11:588][ 58]LogPlayLevel: Display: Shutting down PIE online subsystems
[2019.12.12-01.09.11:592][ 58]LogBlueprintUserMessages: Late EndPlayMap Detection: Level '/Game/Levels/GreyBoxLVL4.GreyBoxLVL4:PersistentLevel' has LevelScriptBlueprint '/Game/Levels/GreyBoxLVL4.GreyBoxLVL4:PersistentLevel.GreyBoxLVL4' with GeneratedClass '/Game/Levels/GreyBoxLVL4.GreyBoxLVL4_C' with ClassGeneratedBy '/Game/Levels/GreyBoxLVL4.GreyBoxLVL4:PersistentLevel.GreyBoxLVL4'
[2019.12.12-01.09.11:717][ 58]LogSlate: Updating window title bar state: overlay mode, drag disabled, window buttons hidden, title bar hidden
[2019.12.12-01.09.11:855][ 58]LogUObjectHash: Compacting FUObjectHashTables data took   3.23ms
[2019.12.12-01.09.11:906][ 59]LogPlayLevel: Display: Destroying online subsystem :Context_2
