AndroidPlatformFactory.RegisterBuildPlatforms: UnrealBuildTool.AndroidPlatformSDK has no valid SDK
IOSPlatformFactory.RegisterBuildPlatforms: UnrealBuildTool.IOSPlatformSDK has no valid SDK
HTML5PlatformFactory.RegisterBuildPlatforms: UnrealBuildTool.HTML5PlatformSDK using manually installed SDK
LinuxPlatformFactory.RegisterBuildPlatforms: UnrealBuildTool.LinuxPlatformSDK has no valid SDK
WindowsPlatformFactory.RegisterBuildPlatforms: UnrealBuildTool.WindowsPlatformSDK using manually installed SDK
ProjectFileGenerator.GenerateProjectFiles: Discovering modules, targets and source code for project...
VCProjectFileGenerator.SetupSupportedPlatformsAndConfigurations: WARNING: Visual Studio C++ 2019 installation not found - ignoring preferred project file format.
WindowsPlatform.FindVSInstallDirs: Found Visual Studio installation: C:\Program Files (x86)\Microsoft Visual Studio\2017\Community (Product=Microsoft.VisualStudio.Product.Community, Version=15.9.28307.1093, Sort=0)
RulesCompiler.CreateEnterpriseRulesAssembly: WARNING: Trying to build an enterprise target but the enterprise directory is missing. Falling back on engine components only.
UnrealBuildTool.Main: ERROR: Visual Studio 2019 must be installed in order to build this target.
UnrealBuildTool.Main: BuildException: Visual Studio 2019 must be installed in order to build this target.
UnrealBuildTool.Main:    at UnrealBuildTool.VCEnvironment.Create(WindowsCompiler Compiler, CppPlatform Platform, String CompilerVersion, String WindowsSdkVersion) in D:\Build\++UE4\Sync\Engine\Saved\CsTools\Engine\Source\Programs\UnrealBuildTool\Platform\Windows\VCEnvironment.cs:line 511
UnrealBuildTool.Main:    at UnrealBuildTool.WindowsPlatform.ValidateTarget(TargetRules Target) in D:\Build\++UE4\Sync\Engine\Saved\CsTools\Engine\Source\Programs\UnrealBuildTool\Platform\Windows\UEBuildWindows.cs:line 597
UnrealBuildTool.Main:    at UnrealBuildTool.RulesAssembly.CreateTargetRulesInstance(String TypeName, TargetInfo TargetInfo, CommandLineArguments Arguments) in D:\Build\++UE4\Sync\Engine\Saved\CsTools\Engine\Source\Programs\UnrealBuildTool\System\RulesAssembly.cs:line 520
UnrealBuildTool.Main:    at UnrealBuildTool.RulesAssembly.CreateTargetRules(String TargetName, UnrealTargetPlatform Platform, UnrealTargetConfiguration Configuration, String Architecture, FileReference ProjectFile, CommandLineArguments Arguments) in D:\Build\++UE4\Sync\Engine\Saved\CsTools\Engine\Source\Programs\UnrealBuildTool\System\RulesAssembly.cs:line 580
UnrealBuildTool.Main:    at UnrealBuildTool.ProjectFileGenerator.AddProjectsForAllTargets(PlatformProjectGeneratorCollection PlatformProjectGenerators, List`1 AllGames, ProjectFile& EngineProject, ProjectFile& EnterpriseProject, List`1& GameProjects, Dictionary`2& ProgramProjects) in D:\Build\++UE4\Sync\Engine\Saved\CsTools\Engine\Source\Programs\UnrealBuildTool\ProjectFiles\ProjectFileGenerator.cs:line 2109
UnrealBuildTool.Main:    at UnrealBuildTool.ProjectFileGenerator.GenerateProjectFiles(PlatformProjectGeneratorCollection PlatformProjectGenerators, String[] Arguments) in D:\Build\++UE4\Sync\Engine\Saved\CsTools\Engine\Source\Programs\UnrealBuildTool\ProjectFiles\ProjectFileGenerator.cs:line 674
UnrealBuildTool.Main:    at UnrealBuildTool.GenerateProjectFilesMode.Execute(CommandLineArguments Arguments) in D:\Build\++UE4\Sync\Engine\Saved\CsTools\Engine\Source\Programs\UnrealBuildTool\Modes\GenerateProjectFilesMode.cs:line 172
UnrealBuildTool.Main:    at UnrealBuildTool.UnrealBuildTool.Main(String[] ArgumentsArray) in D:\Build\++UE4\Sync\Engine\Saved\CsTools\Engine\Source\Programs\UnrealBuildTool\UnrealBuildTool.cs:line 443
Timeline.Print: Timeline:
Timeline.Print: 
Timeline.Print: [ 0.000]
Timeline.Print: [ 0.000](+0.026) <unknown>
Timeline.Print: [ 0.026](+0.071) XmlConfig.ReadConfigFiles()
Timeline.Print: [ 0.097](+0.000) SingleInstanceMutex.Acquire()
Timeline.Print: [ 0.097](+0.050) UEBuildPlatform.RegisterPlatforms()
Timeline.Print:   0.098          [ 0.000](+0.019) Initializing InstalledPlatformInfo
Timeline.Print:   0.118          [ 0.020](+0.000) Querying types
Timeline.Print:   0.119          [ 0.021](+0.001) MacPlatformFactory
Timeline.Print:   0.120          [ 0.022](+0.000) TVOSPlatformFactory
Timeline.Print:   0.120          [ 0.023](+0.007) AndroidPlatformFactory
Timeline.Print:   0.128          [ 0.030](+0.011) IOSPlatformFactory
Timeline.Print:   0.139          [ 0.042](+0.004) HTML5PlatformFactory
Timeline.Print:   0.144          [ 0.046](+0.001) LinuxPlatformFactory
Timeline.Print:   0.146          [ 0.048](+0.000) LuminPlatformFactory
Timeline.Print:   0.146          [ 0.048](+0.001) WindowsPlatformFactory
Timeline.Print: [ 0.147](+0.314) <unknown>
Timeline.Print: [ 0.462](+0.001) Finding engine modules
Timeline.Print: [ 0.463](+0.002) Finding plugin modules
Timeline.Print: [ 0.484](+0.000) Finding program modules
Timeline.Print: [ 0.484](+0.000) Finding program targets
Timeline.Print: [ 0.484](+0.045) <unknown>
Timeline.Print: [ 0.530](+0.000) FileMetadataPrefetch.Stop()
Timeline.Print: [ 0.533]
