Log file open, 05/06/20 06:22:37
LogWindows: Failed to load 'aqProf.dll' (GetLastError=126)
LogWindows: File 'aqProf.dll' does not exist
LogWindows: Failed to load 'VtuneApi.dll' (GetLastError=126)
LogWindows: File 'VtuneApi.dll' does not exist
LogWindows: Failed to load 'VtuneApi32e.dll' (GetLastError=126)
LogWindows: File 'VtuneApi32e.dll' does not exist
LogConsoleResponse: Display: Failed to find resolution value strings in scalability ini. Falling back to default.
LogPakFile: Registered encryption key '00000000000000000000000000000000': 0 pak files mounted, 0 remain pending
LogPlatformFile: Not using cached read wrapper
LogInit: Display: No sandbox specified, assuming ../../Saved/Cooked/WindowsNoEditor
LogTaskGraph: Started task graph with 5 named threads and 23 total threads with 3 sets of task threads.
LogStats: Stats thread started at 0.273834
LogD3D11RHI: Loaded GFSDK_Aftermath_Lib.x64.dll
LogICUInternationalization: ICU TimeZone Detection - Raw Offset: -5:00, Platform Override: ''
LogPluginManager: Mounting plugin Paper2D
LogPluginManager: Mounting plugin AISupport
LogPluginManager: Mounting plugin LightPropagationVolume
LogPluginManager: Mounting plugin ActorLayerUtilities
LogPluginManager: Mounting plugin AnimationSharing
LogPluginManager: Mounting plugin CLionSourceCodeAccess
LogPluginManager: Mounting plugin CodeLiteSourceCodeAccess
LogPluginManager: Mounting plugin GitSourceControl
LogPluginManager: Mounting plugin KDevelopSourceCodeAccess
LogPluginManager: Mounting plugin NullSourceCodeAccess
LogPluginManager: Mounting plugin PerforceSourceControl
LogPluginManager: Mounting plugin SubversionSourceControl
LogPluginManager: Mounting plugin UObjectPlugin
LogPluginManager: Mounting plugin VisualStudioCodeSourceCodeAccess
LogPluginManager: Mounting plugin VisualStudioSourceCodeAccess
LogPluginManager: Mounting plugin XCodeSourceCodeAccess
LogPluginManager: Mounting plugin AssetManagerEditor
LogPluginManager: Mounting plugin CryptoKeys
LogPluginManager: Mounting plugin DataValidation
LogPluginManager: Mounting plugin EditorScriptingUtilities
LogPluginManager: Mounting plugin FacialAnimation
LogPluginManager: Mounting plugin GameplayTagsEditor
LogPluginManager: Mounting plugin GLTFImporter
LogPluginManager: Mounting plugin MacGraphicsSwitching
LogPluginManager: Mounting plugin MaterialAnalyzer
LogPluginManager: Mounting plugin MeshEditor
LogPluginManager: Mounting plugin MobileLauncherProfileWizard
LogPluginManager: Mounting plugin PluginBrowser
LogPluginManager: Mounting plugin SpeedTreeImporter
LogPluginManager: Mounting plugin DatasmithContent
LogPluginManager: Mounting plugin VariantManagerContent
LogPluginManager: Mounting plugin AlembicImporter
LogPluginManager: Mounting plugin AppleImageUtils
LogPluginManager: Mounting plugin AppleVision
LogPluginManager: Mounting plugin BackChannel
LogPluginManager: Mounting plugin BlastPlugin
LogPluginManager: Mounting plugin ChaosSolverPlugin
LogPluginManager: Mounting plugin CharacterAI
LogPluginManager: Mounting plugin GeometryCache
LogPluginManager: Mounting plugin GeometryCollectionPlugin
LogPluginManager: Mounting plugin HTML5Networking
LogPluginManager: Mounting plugin ProxyLODPlugin
LogPluginManager: Mounting plugin SkeletalReduction
LogPluginManager: Mounting plugin AndroidMedia
LogPluginManager: Mounting plugin AvfMedia
LogPluginManager: Mounting plugin ImgMedia
LogPluginManager: Mounting plugin LinearTimecode
LogPluginManager: Mounting plugin MediaCompositing
LogPluginManager: Mounting plugin MediaPlayerEditor
LogPluginManager: Mounting plugin WebMMedia
LogPluginManager: Mounting plugin WmfMedia
LogPluginManager: Mounting plugin TcpMessaging
LogPluginManager: Mounting plugin UdpMessaging
LogPluginManager: Mounting plugin ActorSequence
LogPluginManager: Mounting plugin LevelSequenceEditor
LogPluginManager: Mounting plugin MatineeToLevelSequence
LogPluginManager: Mounting plugin NetcodeUnitTest
LogPluginManager: Mounting plugin NUTUnrealEngine4
LogPluginManager: Mounting plugin OnlineSubsystem
LogPluginManager: Mounting plugin OnlineSubsystemNull
LogPluginManager: Mounting plugin OnlineSubsystemUtils
LogPluginManager: Mounting plugin LauncherChunkInstaller
LogPluginManager: Mounting plugin AndroidDeviceProfileSelector
LogPluginManager: Mounting plugin AndroidMoviePlayer
LogPluginManager: Mounting plugin AndroidPermission
LogPluginManager: Mounting plugin AppleMoviePlayer
LogPluginManager: Mounting plugin ArchVisCharacter
LogPluginManager: Mounting plugin AudioCapture
LogPluginManager: Mounting plugin CableComponent
LogPluginManager: Mounting plugin CustomMeshComponent
LogPluginManager: Mounting plugin EditableMesh
LogPluginManager: Mounting plugin ExampleDeviceProfileSelector
LogPluginManager: Mounting plugin GoogleCloudMessaging
LogPluginManager: Mounting plugin IOSDeviceProfileSelector
LogPluginManager: Mounting plugin LinuxDeviceProfileSelector
LogPluginManager: Mounting plugin LocationServicesBPLibrary
LogPluginManager: Mounting plugin MobilePatchingUtils
LogPluginManager: Mounting plugin OculusVR
LogPluginManager: Mounting plugin PhysXVehicles
LogPluginManager: Mounting plugin ProceduralMeshComponent
LogPluginManager: Mounting plugin RuntimePhysXCooking
LogPluginManager: Mounting plugin SignificanceManager
LogPluginManager: Mounting plugin SteamVR
LogPluginManager: Mounting plugin WebMMoviePlayer
LogPluginManager: Mounting plugin WindowsMoviePlayer
LogPluginManager: Mounting plugin DatasmithCADImporter
LogPluginManager: Mounting plugin DatasmithDataPrepEditor
LogPluginManager: Mounting plugin DatasmithFBXImporter
LogPluginManager: Mounting plugin DatasmithGLTFImporter
LogPluginManager: Mounting plugin DatasmithImporter
LogPluginManager: Mounting plugin MDLImporter
LogPluginManager: Mounting plugin StaticMeshEditorExtension
LogPluginManager: Mounting plugin VariantManager
LogInit: Using libcurl 7.55.1-DEV
LogInit:  - built for x86_64-pc-win32
LogInit:  - supports SSL with OpenSSL/1.1.1
LogInit:  - supports HTTP deflate (compression) using libz 1.2.8
LogInit:  - other features:
LogInit:      CURL_VERSION_SSL
LogInit:      CURL_VERSION_LIBZ
LogInit:      CURL_VERSION_IPV6
LogInit:      CURL_VERSION_ASYNCHDNS
LogInit:      CURL_VERSION_LARGEFILE
LogInit:      CURL_VERSION_IDN
LogInit:  CurlRequestOptions (configurable via config and command line):
LogInit:  - bVerifyPeer = true  - Libcurl will verify peer certificate
LogInit:  - bUseHttpProxy = false  - Libcurl will NOT use HTTP proxy
LogInit:  - bDontReuseConnections = false  - Libcurl will reuse connections
LogInit:  - MaxHostConnections = 16  - Libcurl will limit the number of connections to a host
LogInit:  - LocalHostAddr = Default
LogInit:  - BufferSize = 65536
LogInit: WinSock: version 1.1 (2.2), MaxSocks=32767, MaxUdp=65467
LogInit: Build: ++UE4+Release-4.22-CL-7053642
LogInit: Engine Version: 4.22.3-7053642+++UE4+Release-4.22
LogInit: Compatible Engine Version: 4.22.0-5660361+++UE4+Release-4.22
LogInit: Net CL: 5660361
LogInit: OS: Windows 10 (Release 1903) (), CPU: Intel(R) Core(TM) i7-6700K CPU @ 4.00GHz, GPU: NVIDIA GeForce RTX 2080
LogInit: Compiled (64-bit): Jun 18 2019 03:16:33
LogInit: Compiled with Visual C++: 19.16.27025.01
LogInit: Build Configuration: Development
LogInit: Branch Name: ++UE4+Release-4.22
LogInit: Command Line: 
LogInit: Base Directory: E:/SenProj/PollProj/SeniorProject/Binaries/Win64/
LogInit: Installed Engine Build: 1
LogDevObjectVersion: Number of dev versions registered: 23
LogDevObjectVersion:   Dev-Blueprints (B0D832E4-1F89-4F0D-ACCF-7EB736FD4AA2): 10
LogDevObjectVersion:   Dev-Build (E1C64328-A22C-4D53-A36C-8E866417BD8C): 0
LogDevObjectVersion:   Dev-Core (375EC13C-06E4-48FB-B500-84F0262A717E): 3
LogDevObjectVersion:   Dev-Editor (E4B068ED-F494-42E9-A231-DA0B2E46BB41): 30
LogDevObjectVersion:   Dev-Framework (CFFC743F-43B0-4480-9391-14DF171D2073): 35
LogDevObjectVersion:   Dev-Mobile (B02B49B5-BB20-44E9-A304-32B752E40360): 2
LogDevObjectVersion:   Dev-Networking (A4E4105C-59A1-49B5-A7C5-40C4547EDFEE): 0
LogDevObjectVersion:   Dev-Online (39C831C9-5AE6-47DC-9A44-9C173E1C8E7C): 0
LogDevObjectVersion:   Dev-Physics (78F01B33-EBEA-4F98-B9B4-84EACCB95AA2): 0
LogDevObjectVersion:   Dev-Platform (6631380F-2D4D-43E0-8009-CF276956A95A): 0
LogDevObjectVersion:   Dev-Rendering (12F88B9F-8875-4AFC-A67C-D90C383ABD29): 28
LogDevObjectVersion:   Dev-Sequencer (7B5AE74C-D270-4C10-A958-57980B212A5A): 11
LogDevObjectVersion:   Dev-VR (D7296918-1DD6-4BDD-9DE2-64A83CC13884): 2
LogDevObjectVersion:   Dev-LoadTimes (C2A15278-BFE7-4AFE-6C17-90FF531DF755): 1
LogDevObjectVersion:   Private-Geometry (6EACA3D4-40EC-4CC1-B786-8BED09428FC5): 3
LogDevObjectVersion:   Dev-AnimPhys (29E575DD-E0A3-4627-9D10-D276232CDCEA): 17
LogDevObjectVersion:   Dev-Anim (AF43A65D-7FD3-4947-9873-3E8ED9C1BB05): 2
LogDevObjectVersion:   Dev-ReflectionCapture (6B266CEC-1EC7-4B8F-A30B-E4D90942FC07): 1
LogDevObjectVersion:   Dev-Automation (0DF73D61-A23F-47EA-B727-89E90C41499A): 1
LogDevObjectVersion:   FortniteMain (601D1886-AC64-4F84-AA16-D3DE0DEAC7D6): 25
LogDevObjectVersion:   Dev-Enterprise (9DFFBCD6-494F-0158-E221-12823C92A888): 6
LogDevObjectVersion:   Dev-Niagara (F2AED0AC-9AFE-416F-8664-AA7FFA26D6FC): 1
LogDevObjectVersion:   Dev-Destruction (174F1F0B-B4C6-45A5-B13F-2EE8D0FB917D): 2
LogInit: Presizing for max 2097152 objects, including 1 objects not considered by GC, pre-allocating 0 bytes for permanent pool.
LogStreaming: Display: Async Loading initialized: Event Driven Loader: true, Async Loading Thread: false, Async Post Load: true
LogInit: Object subsystem initialized
LogConfig: Setting CVar [[con.DebugEarlyDefault:1]]
LogConfig: Setting CVar [[r.setres:1280x720]]
[2020.05.06-10.22.37:757][  0]LogConfig: Setting CVar [[con.DebugEarlyDefault:1]]
[2020.05.06-10.22.37:757][  0]LogConfig: Setting CVar [[r.setres:1280x720]]
[2020.05.06-10.22.37:757][  0]LogConfig: Applying CVar settings from Section [/Script/Engine.RendererSettings] File [E:/SenProj/PollProj/SeniorProject/Saved/Config/WindowsNoEditor/Engine.ini]
[2020.05.06-10.22.37:757][  0]LogConfig: Setting CVar [[r.GPUCrashDebugging:0]]
[2020.05.06-10.22.37:757][  0]LogConfig: Setting CVar [[r.DefaultFeature.AutoExposure.ExtendDefaultLuminanceRange:1]]
[2020.05.06-10.22.37:757][  0]LogConfig: Setting CVar [[r.GenerateMeshDistanceFields:1]]
[2020.05.06-10.22.37:757][  0]LogConfig: Applying CVar settings from Section [/Script/Engine.RendererOverrideSettings] File [E:/SenProj/PollProj/SeniorProject/Saved/Config/WindowsNoEditor/Engine.ini]
[2020.05.06-10.22.37:757][  0]LogConfig: Applying CVar settings from Section [/Script/Engine.StreamingSettings] File [E:/SenProj/PollProj/SeniorProject/Saved/Config/WindowsNoEditor/Engine.ini]
[2020.05.06-10.22.37:757][  0]LogConfig: Setting CVar [[s.MinBulkDataSizeForAsyncLoading:131072]]
[2020.05.06-10.22.37:757][  0]LogConfig: Setting CVar [[s.AsyncLoadingThreadEnabled:0]]
[2020.05.06-10.22.37:758][  0]LogConfig: Setting CVar [[s.EventDrivenLoaderEnabled:1]]
[2020.05.06-10.22.37:758][  0]LogConfig: Setting CVar [[s.WarnIfTimeLimitExceeded:0]]
[2020.05.06-10.22.37:758][  0]LogConfig: Setting CVar [[s.TimeLimitExceededMultiplier:1.5]]
[2020.05.06-10.22.37:758][  0]LogConfig: Setting CVar [[s.TimeLimitExceededMinTime:0.005]]
[2020.05.06-10.22.37:758][  0]LogConfig: Setting CVar [[s.UseBackgroundLevelStreaming:1]]
[2020.05.06-10.22.37:758][  0]LogConfig: Setting CVar [[s.PriorityAsyncLoadingExtraTime:15.0]]
[2020.05.06-10.22.37:758][  0]LogConfig: Setting CVar [[s.LevelStreamingActorsUpdateTimeLimit:5.0]]
[2020.05.06-10.22.37:758][  0]LogConfig: Setting CVar [[s.PriorityLevelStreamingActorsUpdateExtraTime:5.0]]
[2020.05.06-10.22.37:758][  0]LogConfig: Setting CVar [[s.LevelStreamingComponentsRegistrationGranularity:10]]
[2020.05.06-10.22.37:758][  0]LogConfig: Setting CVar [[s.UnregisterComponentsTimeLimit:1.0]]
[2020.05.06-10.22.37:758][  0]LogConfig: Setting CVar [[s.LevelStreamingComponentsUnregistrationGranularity:5]]
[2020.05.06-10.22.37:758][  0]LogConfig: Applying CVar settings from Section [/Script/Engine.GarbageCollectionSettings] File [E:/SenProj/PollProj/SeniorProject/Saved/Config/WindowsNoEditor/Engine.ini]
[2020.05.06-10.22.37:758][  0]LogConfig: Setting CVar [[gc.MaxObjectsNotConsideredByGC:1]]
[2020.05.06-10.22.37:758][  0]LogConfig: Setting CVar [[gc.SizeOfPermanentObjectPool:0]]
[2020.05.06-10.22.37:758][  0]LogConfig: Setting CVar [[gc.FlushStreamingOnGC:0]]
[2020.05.06-10.22.37:758][  0]LogConfig: Setting CVar [[gc.NumRetriesBeforeForcingGC:10]]
[2020.05.06-10.22.37:759][  0]LogConfig: Setting CVar [[gc.AllowParallelGC:1]]
[2020.05.06-10.22.37:759][  0]LogConfig: Setting CVar [[gc.TimeBetweenPurgingPendingKillObjects:61.1]]
[2020.05.06-10.22.37:759][  0]LogConfig: Setting CVar [[gc.MaxObjectsInEditor:16777216]]
[2020.05.06-10.22.37:759][  0]LogConfig: Setting CVar [[gc.IncrementalBeginDestroyEnabled:1]]
[2020.05.06-10.22.37:759][  0]LogConfig: Setting CVar [[gc.CreateGCClusters:1]]
[2020.05.06-10.22.37:759][  0]LogConfig: Setting CVar [[gc.MinGCClusterSize:5]]
[2020.05.06-10.22.37:759][  0]LogConfig: Setting CVar [[gc.ActorClusteringEnabled:0]]
[2020.05.06-10.22.37:759][  0]LogConfig: Setting CVar [[gc.BlueprintClusteringEnabled:0]]
[2020.05.06-10.22.37:759][  0]LogConfig: Setting CVar [[gc.UseDisregardForGCOnDedicatedServers:0]]
[2020.05.06-10.22.37:759][  0]LogConfig: Applying CVar settings from Section [/Script/Engine.NetworkSettings] File [E:/SenProj/PollProj/SeniorProject/Saved/Config/WindowsNoEditor/Engine.ini]
[2020.05.06-10.22.37:839][  0]LogConfig: Applying CVar settings from Section [ViewDistanceQuality@3] File [E:/SenProj/PollProj/SeniorProject/Saved/Config/WindowsNoEditor/Scalability.ini]
[2020.05.06-10.22.37:839][  0]LogConfig: Setting CVar [[r.SkeletalMeshLODBias:0]]
[2020.05.06-10.22.37:839][  0]LogConfig: Setting CVar [[r.ViewDistanceScale:1.0]]
[2020.05.06-10.22.37:839][  0]LogConfig: Applying CVar settings from Section [AntiAliasingQuality@3] File [E:/SenProj/PollProj/SeniorProject/Saved/Config/WindowsNoEditor/Scalability.ini]
[2020.05.06-10.22.37:839][  0]LogConfig: Setting CVar [[r.PostProcessAAQuality:4]]
[2020.05.06-10.22.37:839][  0]LogConfig: Applying CVar settings from Section [ShadowQuality@3] File [E:/SenProj/PollProj/SeniorProject/Saved/Config/WindowsNoEditor/Scalability.ini]
[2020.05.06-10.22.37:840][  0]LogConfig: Setting CVar [[r.LightFunctionQuality:1]]
[2020.05.06-10.22.37:840][  0]LogConfig: Setting CVar [[r.ShadowQuality:5]]
[2020.05.06-10.22.37:840][  0]LogConfig: Setting CVar [[r.Shadow.CSM.MaxCascades:10]]
[2020.05.06-10.22.37:840][  0]LogConfig: Setting CVar [[r.Shadow.MaxResolution:2048]]
[2020.05.06-10.22.37:840][  0]LogConfig: Setting CVar [[r.Shadow.MaxCSMResolution:2048]]
[2020.05.06-10.22.37:840][  0]LogConfig: Setting CVar [[r.Shadow.RadiusThreshold:0.01]]
[2020.05.06-10.22.37:840][  0]LogConfig: Setting CVar [[r.Shadow.DistanceScale:1.0]]
[2020.05.06-10.22.37:840][  0]LogConfig: Setting CVar [[r.Shadow.CSM.TransitionScale:1.0]]
[2020.05.06-10.22.37:840][  0]LogConfig: Setting CVar [[r.Shadow.PreShadowResolutionFactor:1.0]]
[2020.05.06-10.22.37:840][  0]LogConfig: Setting CVar [[r.DistanceFieldShadowing:1]]
[2020.05.06-10.22.37:840][  0]LogConfig: Setting CVar [[r.DistanceFieldAO:1]]
[2020.05.06-10.22.37:840][  0]LogConfig: Setting CVar [[r.AOQuality:2]]
[2020.05.06-10.22.37:840][  0]LogConfig: Setting CVar [[r.VolumetricFog:1]]
[2020.05.06-10.22.37:840][  0]LogConfig: Setting CVar [[r.VolumetricFog.GridPixelSize:8]]
[2020.05.06-10.22.37:840][  0]LogConfig: Setting CVar [[r.VolumetricFog.GridSizeZ:128]]
[2020.05.06-10.22.37:840][  0]LogConfig: Setting CVar [[r.VolumetricFog.HistoryMissSupersampleCount:4]]
[2020.05.06-10.22.37:840][  0]LogConfig: Setting CVar [[r.LightMaxDrawDistanceScale:1]]
[2020.05.06-10.22.37:840][  0]LogConfig: Setting CVar [[r.CapsuleShadows:1]]
[2020.05.06-10.22.37:841][  0]LogConfig: Applying CVar settings from Section [PostProcessQuality@3] File [E:/SenProj/PollProj/SeniorProject/Saved/Config/WindowsNoEditor/Scalability.ini]
[2020.05.06-10.22.37:841][  0]LogConfig: Setting CVar [[r.MotionBlurQuality:4]]
[2020.05.06-10.22.37:841][  0]LogConfig: Setting CVar [[r.AmbientOcclusionMipLevelFactor:0.4]]
[2020.05.06-10.22.37:841][  0]LogConfig: Setting CVar [[r.AmbientOcclusionMaxQuality:100]]
[2020.05.06-10.22.37:841][  0]LogConfig: Setting CVar [[r.AmbientOcclusionLevels:-1]]
[2020.05.06-10.22.37:841][  0]LogConfig: Setting CVar [[r.AmbientOcclusionRadiusScale:1.0]]
[2020.05.06-10.22.37:841][  0]LogConfig: Setting CVar [[r.DepthOfFieldQuality:2]]
[2020.05.06-10.22.37:841][  0]LogConfig: Setting CVar [[r.RenderTargetPoolMin:400]]
[2020.05.06-10.22.37:841][  0]LogConfig: Setting CVar [[r.LensFlareQuality:2]]
[2020.05.06-10.22.37:841][  0]LogConfig: Setting CVar [[r.SceneColorFringeQuality:1]]
[2020.05.06-10.22.37:841][  0]LogConfig: Setting CVar [[r.EyeAdaptationQuality:2]]
[2020.05.06-10.22.37:841][  0]LogConfig: Setting CVar [[r.BloomQuality:5]]
[2020.05.06-10.22.37:841][  0]LogConfig: Setting CVar [[r.FastBlurThreshold:100]]
[2020.05.06-10.22.37:841][  0]LogConfig: Setting CVar [[r.Upscale.Quality:3]]
[2020.05.06-10.22.37:841][  0]LogConfig: Setting CVar [[r.Tonemapper.GrainQuantization:1]]
[2020.05.06-10.22.37:841][  0]LogConfig: Setting CVar [[r.LightShaftQuality:1]]
[2020.05.06-10.22.37:841][  0]LogConfig: Setting CVar [[r.Filter.SizeScale:1]]
[2020.05.06-10.22.37:842][  0]LogConfig: Setting CVar [[r.Tonemapper.Quality:5]]
[2020.05.06-10.22.37:842][  0]LogConfig: Setting CVar [[r.DOF.Gather.AccumulatorQuality:1        ; higher gathering accumulator quality]]
[2020.05.06-10.22.37:842][  0]LogConfig: Setting CVar [[r.DOF.Gather.PostfilterMethod:1          ; Median3x3 postfilering method]]
[2020.05.06-10.22.37:842][  0]LogConfig: Setting CVar [[r.DOF.Gather.EnableBokehSettings:0       ; no bokeh simulation when gathering]]
[2020.05.06-10.22.37:842][  0]LogConfig: Setting CVar [[r.DOF.Gather.RingCount:4                 ; medium number of samples when gathering]]
[2020.05.06-10.22.37:842][  0]LogConfig: Setting CVar [[r.DOF.Scatter.ForegroundCompositing:1    ; additive foreground scattering]]
[2020.05.06-10.22.37:842][  0]LogConfig: Setting CVar [[r.DOF.Scatter.BackgroundCompositing:2    ; additive background scattering]]
[2020.05.06-10.22.37:842][  0]LogConfig: Setting CVar [[r.DOF.Scatter.EnableBokehSettings:1      ; bokeh simulation when scattering]]
[2020.05.06-10.22.37:842][  0]LogConfig: Setting CVar [[r.DOF.Scatter.MaxSpriteRatio:0.1         ; only a maximum of 10% of scattered bokeh]]
[2020.05.06-10.22.37:842][  0]LogConfig: Setting CVar [[r.DOF.Recombine.Quality:1                ; cheap slight out of focus]]
[2020.05.06-10.22.37:842][  0]LogConfig: Setting CVar [[r.DOF.Recombine.EnableBokehSettings:0    ; no bokeh simulation on slight out of focus]]
[2020.05.06-10.22.37:842][  0]LogConfig: Setting CVar [[r.DOF.TemporalAAQuality:1                ; more stable temporal accumulation]]
[2020.05.06-10.22.37:842][  0]LogConfig: Setting CVar [[r.DOF.Kernel.MaxForegroundRadius:0.025]]
[2020.05.06-10.22.37:842][  0]LogConfig: Setting CVar [[r.DOF.Kernel.MaxBackgroundRadius:0.025]]
[2020.05.06-10.22.37:842][  0]LogConfig: Applying CVar settings from Section [TextureQuality@3] File [E:/SenProj/PollProj/SeniorProject/Saved/Config/WindowsNoEditor/Scalability.ini]
[2020.05.06-10.22.37:842][  0]LogConfig: Setting CVar [[r.Streaming.MipBias:0]]
[2020.05.06-10.22.37:842][  0]LogConfig: Setting CVar [[r.Streaming.AmortizeCPUToGPUCopy:0]]
[2020.05.06-10.22.37:843][  0]LogConfig: Setting CVar [[r.Streaming.MaxNumTexturesToStreamPerFrame:0]]
[2020.05.06-10.22.37:843][  0]LogConfig: Setting CVar [[r.Streaming.Boost:1]]
[2020.05.06-10.22.37:843][  0]LogConfig: Setting CVar [[r.MaxAnisotropy:8]]
[2020.05.06-10.22.37:843][  0]LogConfig: Setting CVar [[r.Streaming.LimitPoolSizeToVRAM:0]]
[2020.05.06-10.22.37:843][  0]LogConfig: Setting CVar [[r.Streaming.PoolSize:1000]]
[2020.05.06-10.22.37:843][  0]LogConfig: Setting CVar [[r.Streaming.MaxEffectiveScreenSize:0]]
[2020.05.06-10.22.37:843][  0]LogConfig: Applying CVar settings from Section [EffectsQuality@3] File [E:/SenProj/PollProj/SeniorProject/Saved/Config/WindowsNoEditor/Scalability.ini]
[2020.05.06-10.22.37:843][  0]LogConfig: Setting CVar [[r.TranslucencyLightingVolumeDim:64]]
[2020.05.06-10.22.37:843][  0]LogConfig: Setting CVar [[r.RefractionQuality:2]]
[2020.05.06-10.22.37:843][  0]LogConfig: Setting CVar [[r.SSR.Quality:3]]
[2020.05.06-10.22.37:843][  0]LogConfig: Setting CVar [[r.SceneColorFormat:4]]
[2020.05.06-10.22.37:843][  0]LogConfig: Setting CVar [[r.DetailMode:2]]
[2020.05.06-10.22.37:843][  0]LogConfig: Setting CVar [[r.TranslucencyVolumeBlur:1]]
[2020.05.06-10.22.37:843][  0]LogConfig: Setting CVar [[r.MaterialQualityLevel:1 ; High quality]]
[2020.05.06-10.22.37:843][  0]LogConfig: Setting CVar [[r.SSS.Scale:1]]
[2020.05.06-10.22.37:843][  0]LogConfig: Setting CVar [[r.SSS.SampleSet:2]]
[2020.05.06-10.22.37:843][  0]LogConfig: Setting CVar [[r.SSS.Quality:1]]
[2020.05.06-10.22.37:843][  0]LogConfig: Setting CVar [[r.SSS.HalfRes:1]]
[2020.05.06-10.22.37:843][  0]LogConfig: Setting CVar [[r.EmitterSpawnRateScale:1.0]]
[2020.05.06-10.22.37:844][  0]LogConfig: Setting CVar [[r.ParticleLightQuality:2]]
[2020.05.06-10.22.37:844][  0]LogConfig: Applying CVar settings from Section [FoliageQuality@3] File [E:/SenProj/PollProj/SeniorProject/Saved/Config/WindowsNoEditor/Scalability.ini]
[2020.05.06-10.22.37:844][  0]LogConfig: Setting CVar [[foliage.DensityScale:1.0]]
[2020.05.06-10.22.37:844][  0]LogConfig: Setting CVar [[grass.DensityScale:1.0]]
[2020.05.06-10.22.37:844][  0]LogInit: Selected Device Profile: [WindowsNoEditor]
[2020.05.06-10.22.37:844][  0]LogInit: Applying CVar settings loaded from the selected device profile: [WindowsNoEditor]
[2020.05.06-10.22.37:884][  0]LogHAL: Display: Platform has ~ 16 GB [17116258304 / 17179869184 / 16], which maps to Larger [LargestMinGB=32, LargerMinGB=12, DefaultMinGB=8, SmallerMinGB=6, SmallestMinGB=0)
[2020.05.06-10.22.37:884][  0]LogInit: Going up to parent DeviceProfile [Windows]
[2020.05.06-10.22.37:884][  0]LogConfig: Setting CVar [[r.Vulkan.UseRealUBs:0		; Required until we fix HLR fall-out]]
[2020.05.06-10.22.37:884][  0]LogInit: Going up to parent DeviceProfile []
[2020.05.06-10.22.37:884][  0]LogConfig: Applying CVar settings from Section [ViewDistanceQuality@3] File [E:/SenProj/PollProj/SeniorProject/Saved/Config/WindowsNoEditor/Scalability.ini]
[2020.05.06-10.22.37:884][  0]LogConfig: Setting CVar [[r.SkeletalMeshLODBias:0]]
[2020.05.06-10.22.37:885][  0]LogConfig: Setting CVar [[r.ViewDistanceScale:1.0]]
[2020.05.06-10.22.37:885][  0]LogConfig: Applying CVar settings from Section [AntiAliasingQuality@3] File [E:/SenProj/PollProj/SeniorProject/Saved/Config/WindowsNoEditor/Scalability.ini]
[2020.05.06-10.22.37:885][  0]LogConfig: Setting CVar [[r.PostProcessAAQuality:4]]
[2020.05.06-10.22.37:885][  0]LogConfig: Applying CVar settings from Section [ShadowQuality@3] File [E:/SenProj/PollProj/SeniorProject/Saved/Config/WindowsNoEditor/Scalability.ini]
[2020.05.06-10.22.37:885][  0]LogConfig: Setting CVar [[r.LightFunctionQuality:1]]
[2020.05.06-10.22.37:885][  0]LogConfig: Setting CVar [[r.ShadowQuality:5]]
[2020.05.06-10.22.37:885][  0]LogConfig: Setting CVar [[r.Shadow.CSM.MaxCascades:10]]
[2020.05.06-10.22.37:885][  0]LogConfig: Setting CVar [[r.Shadow.MaxResolution:2048]]
[2020.05.06-10.22.37:885][  0]LogConfig: Setting CVar [[r.Shadow.MaxCSMResolution:2048]]
[2020.05.06-10.22.37:885][  0]LogConfig: Setting CVar [[r.Shadow.RadiusThreshold:0.01]]
[2020.05.06-10.22.37:885][  0]LogConfig: Setting CVar [[r.Shadow.DistanceScale:1.0]]
[2020.05.06-10.22.37:885][  0]LogConfig: Setting CVar [[r.Shadow.CSM.TransitionScale:1.0]]
[2020.05.06-10.22.37:885][  0]LogConfig: Setting CVar [[r.Shadow.PreShadowResolutionFactor:1.0]]
[2020.05.06-10.22.37:885][  0]LogConfig: Setting CVar [[r.DistanceFieldShadowing:1]]
[2020.05.06-10.22.37:885][  0]LogConfig: Setting CVar [[r.DistanceFieldAO:1]]
[2020.05.06-10.22.37:886][  0]LogConfig: Setting CVar [[r.AOQuality:2]]
[2020.05.06-10.22.37:886][  0]LogConfig: Setting CVar [[r.VolumetricFog:1]]
[2020.05.06-10.22.37:886][  0]LogConfig: Setting CVar [[r.VolumetricFog.GridPixelSize:8]]
[2020.05.06-10.22.37:886][  0]LogConfig: Setting CVar [[r.VolumetricFog.GridSizeZ:128]]
[2020.05.06-10.22.37:886][  0]LogConfig: Setting CVar [[r.VolumetricFog.HistoryMissSupersampleCount:4]]
[2020.05.06-10.22.37:886][  0]LogConfig: Setting CVar [[r.LightMaxDrawDistanceScale:1]]
[2020.05.06-10.22.37:886][  0]LogConfig: Setting CVar [[r.CapsuleShadows:1]]
[2020.05.06-10.22.37:886][  0]LogConfig: Applying CVar settings from Section [PostProcessQuality@3] File [E:/SenProj/PollProj/SeniorProject/Saved/Config/WindowsNoEditor/Scalability.ini]
[2020.05.06-10.22.37:886][  0]LogConfig: Setting CVar [[r.MotionBlurQuality:4]]
[2020.05.06-10.22.37:886][  0]LogConfig: Setting CVar [[r.AmbientOcclusionMipLevelFactor:0.4]]
[2020.05.06-10.22.37:886][  0]LogConfig: Setting CVar [[r.AmbientOcclusionMaxQuality:100]]
[2020.05.06-10.22.37:886][  0]LogConfig: Setting CVar [[r.AmbientOcclusionLevels:-1]]
[2020.05.06-10.22.37:886][  0]LogConfig: Setting CVar [[r.AmbientOcclusionRadiusScale:1.0]]
[2020.05.06-10.22.37:886][  0]LogConfig: Setting CVar [[r.DepthOfFieldQuality:2]]
[2020.05.06-10.22.37:886][  0]LogConfig: Setting CVar [[r.RenderTargetPoolMin:400]]
[2020.05.06-10.22.37:886][  0]LogConfig: Setting CVar [[r.LensFlareQuality:2]]
[2020.05.06-10.22.37:886][  0]LogConfig: Setting CVar [[r.SceneColorFringeQuality:1]]
[2020.05.06-10.22.37:886][  0]LogConfig: Setting CVar [[r.EyeAdaptationQuality:2]]
[2020.05.06-10.22.37:887][  0]LogConfig: Setting CVar [[r.BloomQuality:5]]
[2020.05.06-10.22.37:887][  0]LogConfig: Setting CVar [[r.FastBlurThreshold:100]]
[2020.05.06-10.22.37:887][  0]LogConfig: Setting CVar [[r.Upscale.Quality:3]]
[2020.05.06-10.22.37:887][  0]LogConfig: Setting CVar [[r.Tonemapper.GrainQuantization:1]]
[2020.05.06-10.22.37:887][  0]LogConfig: Setting CVar [[r.LightShaftQuality:1]]
[2020.05.06-10.22.37:887][  0]LogConfig: Setting CVar [[r.Filter.SizeScale:1]]
[2020.05.06-10.22.37:887][  0]LogConfig: Setting CVar [[r.Tonemapper.Quality:5]]
[2020.05.06-10.22.37:887][  0]LogConfig: Setting CVar [[r.DOF.Gather.AccumulatorQuality:1        ; higher gathering accumulator quality]]
[2020.05.06-10.22.37:887][  0]LogConfig: Setting CVar [[r.DOF.Gather.PostfilterMethod:1          ; Median3x3 postfilering method]]
[2020.05.06-10.22.37:887][  0]LogConfig: Setting CVar [[r.DOF.Gather.EnableBokehSettings:0       ; no bokeh simulation when gathering]]
[2020.05.06-10.22.37:887][  0]LogConfig: Setting CVar [[r.DOF.Gather.RingCount:4                 ; medium number of samples when gathering]]
[2020.05.06-10.22.37:887][  0]LogConfig: Setting CVar [[r.DOF.Scatter.ForegroundCompositing:1    ; additive foreground scattering]]
[2020.05.06-10.22.37:887][  0]LogConfig: Setting CVar [[r.DOF.Scatter.BackgroundCompositing:2    ; additive background scattering]]
[2020.05.06-10.22.37:887][  0]LogConfig: Setting CVar [[r.DOF.Scatter.EnableBokehSettings:1      ; bokeh simulation when scattering]]
[2020.05.06-10.22.37:887][  0]LogConfig: Setting CVar [[r.DOF.Scatter.MaxSpriteRatio:0.1         ; only a maximum of 10% of scattered bokeh]]
[2020.05.06-10.22.37:887][  0]LogConfig: Setting CVar [[r.DOF.Recombine.Quality:1                ; cheap slight out of focus]]
[2020.05.06-10.22.37:887][  0]LogConfig: Setting CVar [[r.DOF.Recombine.EnableBokehSettings:0    ; no bokeh simulation on slight out of focus]]
[2020.05.06-10.22.37:888][  0]LogConfig: Setting CVar [[r.DOF.TemporalAAQuality:1                ; more stable temporal accumulation]]
[2020.05.06-10.22.37:888][  0]LogConfig: Setting CVar [[r.DOF.Kernel.MaxForegroundRadius:0.025]]
[2020.05.06-10.22.37:888][  0]LogConfig: Setting CVar [[r.DOF.Kernel.MaxBackgroundRadius:0.025]]
[2020.05.06-10.22.37:888][  0]LogConfig: Applying CVar settings from Section [TextureQuality@3] File [E:/SenProj/PollProj/SeniorProject/Saved/Config/WindowsNoEditor/Scalability.ini]
[2020.05.06-10.22.37:888][  0]LogConfig: Setting CVar [[r.Streaming.MipBias:0]]
[2020.05.06-10.22.37:888][  0]LogConfig: Setting CVar [[r.Streaming.AmortizeCPUToGPUCopy:0]]
[2020.05.06-10.22.37:888][  0]LogConfig: Setting CVar [[r.Streaming.MaxNumTexturesToStreamPerFrame:0]]
[2020.05.06-10.22.37:888][  0]LogConfig: Setting CVar [[r.Streaming.Boost:1]]
[2020.05.06-10.22.37:888][  0]LogConfig: Setting CVar [[r.MaxAnisotropy:8]]
[2020.05.06-10.22.37:888][  0]LogConfig: Setting CVar [[r.Streaming.LimitPoolSizeToVRAM:0]]
[2020.05.06-10.22.37:888][  0]LogConfig: Setting CVar [[r.Streaming.PoolSize:1000]]
[2020.05.06-10.22.37:888][  0]LogConfig: Setting CVar [[r.Streaming.MaxEffectiveScreenSize:0]]
[2020.05.06-10.22.37:888][  0]LogConfig: Applying CVar settings from Section [EffectsQuality@3] File [E:/SenProj/PollProj/SeniorProject/Saved/Config/WindowsNoEditor/Scalability.ini]
[2020.05.06-10.22.37:888][  0]LogConfig: Setting CVar [[r.TranslucencyLightingVolumeDim:64]]
[2020.05.06-10.22.37:888][  0]LogConfig: Setting CVar [[r.RefractionQuality:2]]
[2020.05.06-10.22.37:888][  0]LogConfig: Setting CVar [[r.SSR.Quality:3]]
[2020.05.06-10.22.37:888][  0]LogConfig: Setting CVar [[r.SceneColorFormat:4]]
[2020.05.06-10.22.37:888][  0]LogConfig: Setting CVar [[r.DetailMode:2]]
[2020.05.06-10.22.37:888][  0]LogConfig: Setting CVar [[r.TranslucencyVolumeBlur:1]]
[2020.05.06-10.22.37:889][  0]LogConfig: Setting CVar [[r.MaterialQualityLevel:1 ; High quality]]
[2020.05.06-10.22.37:889][  0]LogConfig: Setting CVar [[r.SSS.Scale:1]]
[2020.05.06-10.22.37:889][  0]LogConfig: Setting CVar [[r.SSS.SampleSet:2]]
[2020.05.06-10.22.37:889][  0]LogConfig: Setting CVar [[r.SSS.Quality:1]]
[2020.05.06-10.22.37:889][  0]LogConfig: Setting CVar [[r.SSS.HalfRes:1]]
[2020.05.06-10.22.37:889][  0]LogConfig: Setting CVar [[r.EmitterSpawnRateScale:1.0]]
[2020.05.06-10.22.37:889][  0]LogConfig: Setting CVar [[r.ParticleLightQuality:2]]
[2020.05.06-10.22.37:889][  0]LogConfig: Applying CVar settings from Section [FoliageQuality@3] File [E:/SenProj/PollProj/SeniorProject/Saved/Config/WindowsNoEditor/Scalability.ini]
[2020.05.06-10.22.37:889][  0]LogConfig: Setting CVar [[foliage.DensityScale:1.0]]
[2020.05.06-10.22.37:889][  0]LogConfig: Setting CVar [[grass.DensityScale:1.0]]
[2020.05.06-10.22.37:889][  0]LogConfig: Applying CVar settings from Section [Startup] File [C:/Program Files/Epic Games/UE_4.22/Engine/Config/ConsoleVariables.ini]
[2020.05.06-10.22.37:890][  0]LogConfig: Setting CVar [[net.UseAdaptiveNetUpdateFrequency:0]]
[2020.05.06-10.22.37:890][  0]LogConfig: Setting CVar [[p.chaos.AllowCreatePhysxBodies:1]]
[2020.05.06-10.22.37:890][  0]LogConfig: Applying CVar settings from Section [ConsoleVariables] File [E:/SenProj/PollProj/SeniorProject/Saved/Config/WindowsNoEditor/Engine.ini]
[2020.05.06-10.22.37:890][  0]LogInit: Computer: GREGSPC
[2020.05.06-10.22.37:890][  0]LogInit: User: Gregory
[2020.05.06-10.22.37:890][  0]LogInit: CPU Page size=4096, Cores=4
[2020.05.06-10.22.37:890][  0]LogInit: High frequency timer resolution =10.000000 MHz
[2020.05.06-10.22.37:890][  0]LogMemory: Memory total: Physical=15.9GB (16GB approx)
[2020.05.06-10.22.37:890][  0]LogMemory: Platform Memory Stats for WindowsNoEditor
[2020.05.06-10.22.37:890][  0]LogMemory: Process Physical Memory: 59.14 MB used, 59.15 MB peak
[2020.05.06-10.22.37:890][  0]LogMemory: Process Virtual Memory: 67.09 MB used, 67.09 MB peak
[2020.05.06-10.22.37:890][  0]LogMemory: Physical Memory: 11017.41 MB used,  5305.93 MB free, 16323.34 MB total
[2020.05.06-10.22.37:891][  0]LogMemory: Virtual Memory: 4432.20 MB used,  134213296.00 MB free, 134217728.00 MB total
[2020.05.06-10.22.44:318][  0]LogInit: Using OS detected language (en-US).
[2020.05.06-10.22.44:318][  0]LogInit: Using OS detected locale (en-US).
[2020.05.06-10.22.44:319][  0]LogTextLocalizationManager: No specific localization for 'en-US' exists, so the 'en' localization will be used.
[2020.05.06-10.22.44:689][  0]LogSlate: New Slate User Created.  User Index 0, Is Virtual User: 0
[2020.05.06-10.22.44:689][  0]LogSlate: Slate User Registered.  User Index 0, Is Virtual User: 0
[2020.05.06-10.22.44:908][  0]LogHMD: Failed to initialize OpenVR with code 108
[2020.05.06-10.22.44:908][  0]LogD3D11RHI: D3D11 adapters:
[2020.05.06-10.22.45:062][  0]LogD3D11RHI:    0. 'NVIDIA GeForce RTX 2080' (Feature Level 11_0)
[2020.05.06-10.22.45:062][  0]LogD3D11RHI:       8010/0/8161 MB DedicatedVideo/DedicatedSystem/SharedSystem, Outputs:4, VendorId:0x10de
[2020.05.06-10.22.45:180][  0]LogD3D11RHI:    1. 'Microsoft Basic Render Driver' (Feature Level 11_0)
[2020.05.06-10.22.45:180][  0]LogD3D11RHI:       0/0/8161 MB DedicatedVideo/DedicatedSystem/SharedSystem, Outputs:0, VendorId:0x1414
[2020.05.06-10.22.45:180][  0]LogD3D11RHI: Chosen D3D11 Adapter: 0
[2020.05.06-10.22.45:189][  0]LogD3D11RHI: Creating new Direct3DDevice
[2020.05.06-10.22.45:189][  0]LogD3D11RHI:     GPU DeviceId: 0x1e87 (for the marketing name, search the web for "GPU Device Id")
[2020.05.06-10.22.45:189][  0]LogWindows: EnumDisplayDevices:
[2020.05.06-10.22.45:189][  0]LogWindows:    0. 'NVIDIA GeForce RTX 2080' (P:1 D:1)
[2020.05.06-10.22.45:190][  0]LogWindows:    1. 'NVIDIA GeForce RTX 2080' (P:0 D:1)
[2020.05.06-10.22.45:190][  0]LogWindows:    2. 'NVIDIA GeForce RTX 2080' (P:0 D:1)
[2020.05.06-10.22.45:190][  0]LogWindows:    3. 'NVIDIA GeForce RTX 2080' (P:0 D:1)
[2020.05.06-10.22.45:191][  0]LogWindows: DebugString: FoundDriverCount:4 
[2020.05.06-10.22.45:191][  0]LogD3D11RHI:     Adapter Name: NVIDIA GeForce RTX 2080
[2020.05.06-10.22.45:191][  0]LogD3D11RHI:   Driver Version: 432.00 (internal:26.21.14.3200, unified:432.00)
[2020.05.06-10.22.45:191][  0]LogD3D11RHI:      Driver Date: 7-24-2019
[2020.05.06-10.22.45:191][  0]LogRHI: Texture pool is 5607 MB (70% of 8010 MB)
[2020.05.06-10.22.45:249][  0]LogD3D11RHI: Async texture creation enabled
[2020.05.06-10.22.45:255][  0]LogRendererCore: FGlobalReadBuffer::InitRHI
[2020.05.06-10.22.45:256][  0]LogRendererCore: FGlobalReadBuffer::InitRHI
[2020.05.06-10.22.45:256][  0]LogRendererCore: FGlobalReadBuffer::InitRHI
[2020.05.06-10.22.45:263][  0]LogD3D11RHI: GPU Timing Frequency: 1000.000000 (Debug: 2 1)
[2020.05.06-10.22.45:452][  0]LogShaderLibrary: Display: Failed to load Shared Shader Library: Global and no native library supported.
[2020.05.06-10.22.45:452][  0]LogShaderLibrary: Display: Failed to load Shared Shader Library: Global_SC and no native library supported.
[2020.05.06-10.22.45:453][  0]LogShaderLibrary: Display: Failed to load Shared Shader Library: Paper2D and no native library supported.
[2020.05.06-10.22.45:453][  0]LogShaderLibrary: Display: Failed to load Shared Shader Library: Paper2D_SC and no native library supported.
[2020.05.06-10.22.45:453][  0]LogShaderLibrary: Display: Failed to load Shared Shader Library: Paper2D and no native library supported.
[2020.05.06-10.22.45:453][  0]LogShaderLibrary: Display: Failed to load Shared Shader Library: Paper2D_SC and no native library supported.
[2020.05.06-10.22.45:453][  0]LogShaderLibrary: Display: Failed to load Shared Shader Library: AnimationSharing and no native library supported.
[2020.05.06-10.22.45:453][  0]LogShaderLibrary: Display: Failed to load Shared Shader Library: AnimationSharing_SC and no native library supported.
[2020.05.06-10.22.45:453][  0]LogShaderLibrary: Display: Failed to load Shared Shader Library: AnimationSharing and no native library supported.
[2020.05.06-10.22.45:453][  0]LogShaderLibrary: Display: Failed to load Shared Shader Library: AnimationSharing_SC and no native library supported.
[2020.05.06-10.22.45:454][  0]LogShaderLibrary: Display: Failed to load Shared Shader Library: CryptoKeys and no native library supported.
[2020.05.06-10.22.45:454][  0]LogShaderLibrary: Display: Failed to load Shared Shader Library: CryptoKeys_SC and no native library supported.
[2020.05.06-10.22.45:454][  0]LogShaderLibrary: Display: Failed to load Shared Shader Library: CryptoKeys and no native library supported.
[2020.05.06-10.22.45:454][  0]LogShaderLibrary: Display: Failed to load Shared Shader Library: CryptoKeys_SC and no native library supported.
[2020.05.06-10.22.45:454][  0]LogShaderLibrary: Display: Failed to load Shared Shader Library: MeshEditor and no native library supported.
[2020.05.06-10.22.45:454][  0]LogShaderLibrary: Display: Failed to load Shared Shader Library: MeshEditor_SC and no native library supported.
[2020.05.06-10.22.45:454][  0]LogShaderLibrary: Display: Failed to load Shared Shader Library: MeshEditor and no native library supported.
[2020.05.06-10.22.45:454][  0]LogShaderLibrary: Display: Failed to load Shared Shader Library: MeshEditor_SC and no native library supported.
[2020.05.06-10.22.45:455][  0]LogShaderLibrary: Display: Failed to load Shared Shader Library: DatasmithContent and no native library supported.
[2020.05.06-10.22.45:455][  0]LogShaderLibrary: Display: Failed to load Shared Shader Library: DatasmithContent_SC and no native library supported.
[2020.05.06-10.22.45:455][  0]LogShaderLibrary: Display: Failed to load Shared Shader Library: DatasmithContent and no native library supported.
[2020.05.06-10.22.45:455][  0]LogShaderLibrary: Display: Failed to load Shared Shader Library: DatasmithContent_SC and no native library supported.
[2020.05.06-10.22.45:455][  0]LogShaderLibrary: Display: Failed to load Shared Shader Library: ChaosSolverPlugin and no native library supported.
[2020.05.06-10.22.45:455][  0]LogShaderLibrary: Display: Failed to load Shared Shader Library: ChaosSolverPlugin_SC and no native library supported.
[2020.05.06-10.22.45:455][  0]LogShaderLibrary: Display: Failed to load Shared Shader Library: ChaosSolverPlugin and no native library supported.
[2020.05.06-10.22.45:455][  0]LogShaderLibrary: Display: Failed to load Shared Shader Library: ChaosSolverPlugin_SC and no native library supported.
[2020.05.06-10.22.45:456][  0]LogShaderLibrary: Display: Failed to load Shared Shader Library: GeometryCollectionPlugin and no native library supported.
[2020.05.06-10.22.45:456][  0]LogShaderLibrary: Display: Failed to load Shared Shader Library: GeometryCollectionPlugin_SC and no native library supported.
[2020.05.06-10.22.45:456][  0]LogShaderLibrary: Display: Failed to load Shared Shader Library: GeometryCollectionPlugin and no native library supported.
[2020.05.06-10.22.45:456][  0]LogShaderLibrary: Display: Failed to load Shared Shader Library: GeometryCollectionPlugin_SC and no native library supported.
[2020.05.06-10.22.45:456][  0]LogShaderLibrary: Display: Failed to load Shared Shader Library: MediaCompositing and no native library supported.
[2020.05.06-10.22.45:456][  0]LogShaderLibrary: Display: Failed to load Shared Shader Library: MediaCompositing_SC and no native library supported.
[2020.05.06-10.22.45:456][  0]LogShaderLibrary: Display: Failed to load Shared Shader Library: MediaCompositing and no native library supported.
[2020.05.06-10.22.45:456][  0]LogShaderLibrary: Display: Failed to load Shared Shader Library: MediaCompositing_SC and no native library supported.
[2020.05.06-10.22.45:457][  0]LogShaderLibrary: Display: Failed to load Shared Shader Library: OculusVR and no native library supported.
[2020.05.06-10.22.45:457][  0]LogShaderLibrary: Display: Failed to load Shared Shader Library: OculusVR_SC and no native library supported.
[2020.05.06-10.22.45:457][  0]LogShaderLibrary: Display: Failed to load Shared Shader Library: OculusVR and no native library supported.
[2020.05.06-10.22.45:457][  0]LogShaderLibrary: Display: Failed to load Shared Shader Library: OculusVR_SC and no native library supported.
[2020.05.06-10.22.45:457][  0]LogShaderLibrary: Display: Failed to load Shared Shader Library: SteamVR and no native library supported.
[2020.05.06-10.22.45:457][  0]LogShaderLibrary: Display: Failed to load Shared Shader Library: SteamVR_SC and no native library supported.
[2020.05.06-10.22.45:457][  0]LogShaderLibrary: Display: Failed to load Shared Shader Library: SteamVR and no native library supported.
[2020.05.06-10.22.45:457][  0]LogShaderLibrary: Display: Failed to load Shared Shader Library: SteamVR_SC and no native library supported.
[2020.05.06-10.22.45:458][  0]LogShaderLibrary: Display: Failed to load Shared Shader Library: DatasmithDataPrepEditor and no native library supported.
[2020.05.06-10.22.45:458][  0]LogShaderLibrary: Display: Failed to load Shared Shader Library: DatasmithDataPrepEditor_SC and no native library supported.
[2020.05.06-10.22.45:458][  0]LogShaderLibrary: Display: Failed to load Shared Shader Library: DatasmithDataPrepEditor and no native library supported.
[2020.05.06-10.22.45:458][  0]LogShaderLibrary: Display: Failed to load Shared Shader Library: DatasmithDataPrepEditor_SC and no native library supported.
[2020.05.06-10.22.45:458][  0]LogShaderLibrary: Display: Failed to load Shared Shader Library: MDLImporter and no native library supported.
[2020.05.06-10.22.45:458][  0]LogShaderLibrary: Display: Failed to load Shared Shader Library: MDLImporter_SC and no native library supported.
[2020.05.06-10.22.45:458][  0]LogShaderLibrary: Display: Failed to load Shared Shader Library: MDLImporter and no native library supported.
[2020.05.06-10.22.45:458][  0]LogShaderLibrary: Display: Failed to load Shared Shader Library: MDLImporter_SC and no native library supported.
[2020.05.06-10.22.45:459][  0]LogShaderLibrary: Display: Failed to load Shared Shader Library: StaticMeshEditorExtension and no native library supported.
[2020.05.06-10.22.45:459][  0]LogShaderLibrary: Display: Failed to load Shared Shader Library: StaticMeshEditorExtension_SC and no native library supported.
[2020.05.06-10.22.45:459][  0]LogShaderLibrary: Display: Failed to load Shared Shader Library: StaticMeshEditorExtension and no native library supported.
[2020.05.06-10.22.45:459][  0]LogShaderLibrary: Display: Failed to load Shared Shader Library: StaticMeshEditorExtension_SC and no native library supported.
[2020.05.06-10.22.45:473][  0]LogMaterial: Verifying Global Shaders for PCD3D_SM5
[2020.05.06-10.22.45:499][  0]LogSlate: Using FreeType 2.6.0
[2020.05.06-10.22.45:527][  0]LogSlate: SlateFontServices - WITH_FREETYPE: 1, WITH_HARFBUZZ: 1
[2020.05.06-10.22.48:979][  0]LogShaderLibrary: Display: Failed to load Shared Shader Library: SeniorProject and no native library supported.
[2020.05.06-10.22.48:979][  0]LogShaderLibrary: Display: Failed to load Shared Shader Library: SeniorProject_SC and no native library supported.
[2020.05.06-10.22.48:979][  0]LogRHI: Display: Opened pipeline cache after state change and enqueued 0 of 0 tasks for precompile.
[2020.05.06-10.22.48:980][  0]LogShaderLibrary: Display: Failed to load Shared Shader Library: SeniorProject and no native library supported.
[2020.05.06-10.22.48:980][  0]LogShaderLibrary: Display: Failed to load Shared Shader Library: SeniorProject_SC and no native library supported.
[2020.05.06-10.22.48:980][  0]LogRHI: Display: Opened pipeline cache after state change and enqueued 0 of 0 tasks for precompile.
[2020.05.06-10.22.48:980][  0]LogRHI: Display: Failed to open default shader pipeline cache for SeniorProject using shader platform 0.
[2020.05.06-10.22.48:980][  0]LogInit: Using OS detected language (en-US).
[2020.05.06-10.22.48:980][  0]LogInit: Using OS detected locale (en-US).
[2020.05.06-10.22.48:980][  0]LogTextLocalizationManager: No localization for 'en-US' exists, so 'en' will be used for the language.
[2020.05.06-10.22.48:981][  0]LogTextLocalizationManager: No localization for 'en-US' exists, so 'en' will be used for the locale.
[2020.05.06-10.22.48:981][  0]LogSlate: FontCache flush requested. Reason: Culture for localization was changed
[2020.05.06-10.22.48:981][  0]LogSlate: FontCache flush requested. Reason: Culture for localization was changed
[2020.05.06-10.22.48:981][  0]LogTextLocalizationManager: Compacting localization data took   0.01ms
[2020.05.06-10.22.49:017][  0]LogAssetRegistry: FAssetRegistry took 0.0355 seconds to start up
[2020.05.06-10.22.49:162][  0]LogStreaming: Display: Flushing async loaders.
[2020.05.06-10.22.49:162][  0]LogPackageLocalizationCache: Processed 15 localized package path(s) for 1 prioritized culture(s) in 0.000109 seconds
[2020.05.06-10.22.49:167][  0]LogInit: Selected Device Profile: [WindowsNoEditor]
[2020.05.06-10.22.49:184][  0]LogNetVersion: SeniorProject 1.0.0, NetCL: 5660361, EngineNetVer: 10, GameNetVer: 0 (Checksum: 993350713)
[2020.05.06-10.22.49:917][  0]LogMoviePlayer: Initializing movie player
[2020.05.06-10.22.49:959][  0]LogAndroidPermission: UAndroidPermissionCallbackProxy::GetInstance
[2020.05.06-10.22.49:960][  0]LogOcInput: OculusInput pre-init called
[2020.05.06-10.22.49:966][  0]LogUObjectArray: 38112 objects as part of root set at end of initial load.
[2020.05.06-10.22.49:966][  0]LogUObjectArray: 2 objects are not in the root set, but can never be destroyed because they are in the DisregardForGC set.
[2020.05.06-10.22.49:966][  0]LogUObjectAllocator: 5834448 out of 0 bytes used by permanent object pool.
[2020.05.06-10.22.49:966][  0]LogUObjectArray: CloseDisregardForGC: 38112/38112 objects in disregard for GC pool
[2020.05.06-10.22.50:051][  0]LogEngine: Initializing Engine...
[2020.05.06-10.22.50:117][  0]LogHMD: Failed to initialize OpenVR with code 108
[2020.05.06-10.22.50:130][  0]LogStats: UGameplayTagsManager::InitializeManager -  0.000 s
[2020.05.06-10.22.50:240][  0]LogInit: Initializing FReadOnlyCVARCache
[2020.05.06-10.22.50:263][  0]LogAudioDebug: Display: Lib vorbis DLL was dynamically loaded.
[2020.05.06-10.22.50:443][  0]LogInit: XAudio2 using 'Headset Earphone (2- Corsair HS70 Wireless Gaming Headset)' : 2 channels at 48 kHz using 16 bits per sample (channel mask 0x3)
[2020.05.06-10.22.50:476][  0]LogInit: FAudioDevice initialized.
[2020.05.06-10.22.50:488][  0]LogNetVersion: Set ProjectVersion to 1.0.0.0. Version Checksum will be recalculated on next use.
[2020.05.06-10.22.50:488][  0]LogInit: Texture streaming: Enabled
[2020.05.06-10.22.50:497][  0]LogSlate: Updating window title bar state: overlay mode, drag disabled, window buttons hidden, title bar hidden
[2020.05.06-10.22.50:497][  0]LogInit: Display: Game Engine Initialized.
[2020.05.06-10.22.50:497][  0]LogInit: Display: Starting Game.
[2020.05.06-10.22.50:497][  0]LogNet: Browse: /Game/Levels/MainMenu?Name=Player
[2020.05.06-10.22.50:498][  0]LogLoad: LoadMap: /Game/Levels/MainMenu?Name=Player
[2020.05.06-10.22.50:509][  0]LogUObjectHash: Compacting FUObjectHashTables data took   2.03ms
[2020.05.06-10.22.54:684][  0]LogAIModule: Creating AISystem for world MainMenu
[2020.05.06-10.22.54:685][  0]LogLoad: Game class is 'FirstPersonGameMode_C'
[2020.05.06-10.22.54:992][  0]LogWorld: Bringing World /Game/Levels/MainMenu.MainMenu up for play (max tick rate 0) at 2020.05.06-06.22.54
[2020.05.06-10.22.55:002][  0]LogWorld: Bringing up level for play took: 0.313315
[2020.05.06-10.22.55:016][  0]LogUMG: Display: Widget Class MainMenu_C - Loaded Fast Template.
[2020.05.06-10.22.55:019][  0]LogLoad: Took 4.520606 seconds to LoadMap(/Game/Levels/MainMenu)
[2020.05.06-10.22.55:077][  0]LogRenderer: Reallocating scene render targets to support 1920x1080 Format 10 NumSamples 1 (Frame:1).
[2020.05.06-10.22.55:077][  0]LogLoad: (Engine Initialization) Total time: 20.53 seconds
[2020.05.06-10.22.55:135][  0]LogStaticMesh: Allocated 512x384x64 distance field atlas = 24.0Mb, with 129 objects containing 21.8Mb backing data
[2020.05.06-10.22.55:296][  0]LogContentStreaming: Texture pool size now 1000 MB
[2020.05.06-10.22.55:587][  0]LogRenderer: Reallocating scene render targets to support 128x128 Format 10 NumSamples 1 (Frame:1).
[2020.05.06-10.22.55:689][  0]LogRenderer: Reallocating scene render targets to support 1920x1080 Format 10 NumSamples 1 (Frame:2).
[2020.05.06-10.22.55:725][  0]LogSlate: Slate font cache was flushed
[2020.05.06-10.22.57:366][101]LogSlate: FSceneViewport::OnFocusLost() reason 0
[2020.05.06-10.22.57:524][111]LogNet: Browse: /Game/Levels/GreyBoxLVL4
[2020.05.06-10.22.57:524][111]LogLoad: LoadMap: /Game/Levels/GreyBoxLVL4
[2020.05.06-10.22.57:633][111]LogUObjectHash: Compacting FUObjectHashTables data took   1.97ms
[2020.05.06-10.22.57:641][111]LogStreaming: Display: Flushing async loaders.
[2020.05.06-10.23.02:528][111]LogAIModule: Creating AISystem for world GreyBoxLVL4
[2020.05.06-10.23.02:531][111]LogLoad: Game class is 'FirstPersonGameMode_C'
[2020.05.06-10.23.02:706][111]LogWorld: Bringing World /Game/Levels/GreyBoxLVL4.GreyBoxLVL4 up for play (max tick rate 0) at 2020.05.06-06.23.02
[2020.05.06-10.23.02:716][111]LogWorld: Bringing up level for play took: 0.184209
[2020.05.06-10.23.02:728][111]LogScript: Warning: Script Msg: Attempted to access index 0 from array 'CallFunc_GetAllActorsOfClass_OutActors' of length 0 in '/Game/BP/Checkpoint.Checkpoint_C:ExecuteUbergraph_Checkpoint'!
[2020.05.06-10.23.02:728][111]LogScript: Warning: Script Msg: Attempted to access index 0 from array 'CallFunc_GetAllActorsOfClass_OutActors' of length 0 in '/Game/BP/Checkpoint.Checkpoint_C:ExecuteUbergraph_Checkpoint'!
[2020.05.06-10.23.02:729][111]LogScript: Warning: Script Msg: Attempted to access index 0 from array 'CallFunc_GetAllActorsOfClass_OutActors' of length 0 in '/Game/Materials/FinishStopper.FinishStopper_C:ExecuteUbergraph_FinishStopper'!
[2020.05.06-10.23.02:729][111]LogScript: Warning: Script Msg: Attempted to access index 0 from array 'CallFunc_GetAllActorsOfClass_OutActors' of length 0 in '/Game/BP/OutroTrigger.OutroTrigger_C:ExecuteUbergraph_OutroTrigger'!
[2020.05.06-10.23.02:730][111]LogUMG: Display: Widget Class Counter_C - Loaded Fast Template.
[2020.05.06-10.23.02:752][111]LogSlate: Took 0.000300 seconds to synchronously load lazily loaded font 'C:/Program Files/Epic Games/UE_4.22/Engine/Content/EngineFonts/Faces/RobotoRegular.ufont' (155K)
[2020.05.06-10.23.02:757][111]LogLoad: Took 5.232264 seconds to LoadMap(/Game/Levels/GreyBoxLVL4)
[2020.05.06-10.23.02:902][111]LogSlate: Took 0.103370 seconds to synchronously load lazily loaded font '../../Content/Fonts/15895.ufont' (170K)
[2020.05.06-10.23.02:907][111]LogSlate: Took 0.000365 seconds to synchronously load lazily loaded font 'C:/Program Files/Epic Games/UE_4.22/Engine/Content/EngineFonts/Faces/RobotoBold.ufont' (160K)
[2020.05.06-10.23.12:287][627]LogNet: Browse: /Game/Levels/GreyBoxLVL4
[2020.05.06-10.23.12:287][627]LogLoad: LoadMap: /Game/Levels/GreyBoxLVL4
[2020.05.06-10.23.12:430][627]LogUObjectHash: Compacting FUObjectHashTables data took   2.43ms
[2020.05.06-10.23.12:441][627]LogStreaming: Display: Flushing async loaders.
[2020.05.06-10.23.13:430][627]LogAIModule: Creating AISystem for world GreyBoxLVL4
[2020.05.06-10.23.13:433][627]LogLoad: Game class is 'FirstPersonGameMode_C'
[2020.05.06-10.23.13:610][627]LogWorld: Bringing World /Game/Levels/GreyBoxLVL4.GreyBoxLVL4 up for play (max tick rate 0) at 2020.05.06-06.23.13
[2020.05.06-10.23.13:621][627]LogWorld: Bringing up level for play took: 0.186608
[2020.05.06-10.23.13:625][627]LogScript: Warning: Script Msg: Attempted to access index 0 from array 'CallFunc_GetAllActorsOfClass_OutActors' of length 0 in '/Game/BP/Checkpoint.Checkpoint_C:ExecuteUbergraph_Checkpoint'!
[2020.05.06-10.23.13:625][627]LogScript: Warning: Script Msg: Attempted to access index 0 from array 'CallFunc_GetAllActorsOfClass_OutActors' of length 0 in '/Game/BP/Checkpoint.Checkpoint_C:ExecuteUbergraph_Checkpoint'!
[2020.05.06-10.23.13:626][627]LogScript: Warning: Script Msg: Attempted to access index 0 from array 'CallFunc_GetAllActorsOfClass_OutActors' of length 0 in '/Game/Materials/FinishStopper.FinishStopper_C:ExecuteUbergraph_FinishStopper'!
[2020.05.06-10.23.13:627][627]LogScript: Warning: Script Msg: Attempted to access index 0 from array 'CallFunc_GetAllActorsOfClass_OutActors' of length 0 in '/Game/BP/OutroTrigger.OutroTrigger_C:ExecuteUbergraph_OutroTrigger'!
[2020.05.06-10.23.13:628][627]LogLoad: Took 1.340273 seconds to LoadMap(/Game/Levels/GreyBoxLVL4)
[2020.05.06-10.23.26:923][247]LogScript: Warning: Attempted to access FloatingXButton15 via property Xbutton, but FloatingXButton15 is pending kill
	BoxInteraction_C /Game/Levels/GreyBoxLVL4.GreyBoxLVL4:PersistentLevel.BoxInteraction
	Function /Game/Cinematics/BoxInteraction.BoxInteraction_C:ExecuteUbergraph_BoxInteraction:0064
[2020.05.06-10.23.26:923][247]LogScript: Warning: Script call stack:
	Function /Game/Cinematics/BoxInteraction.BoxInteraction_C:InpActEvt_X_K2Node_InputKeyEvent_0
	Function /Game/Cinematics/BoxInteraction.BoxInteraction_C:ExecuteUbergraph_BoxInteraction

[2020.05.06-10.24.06:960][545]Set new viewmode: Unlit
[2020.05.06-10.24.06:960][545]Debug viewmodes not allowed on consoles by default.  See AllowDebugViewmodes().
[2020.05.06-10.42.12:089][970]LogNet: Browse: /Game/Levels/GreyBoxLVL4
[2020.05.06-10.42.12:089][970]LogLoad: LoadMap: /Game/Levels/GreyBoxLVL4
[2020.05.06-10.42.12:169][970]LogAudio: Warning: Audio Component is being destroyed without stopping looping sound 'SoundWave /Game/Assets/Recording/Audio/RecorderAudio/InGameStatic.InGameStatic'
[2020.05.06-10.42.12:223][970]LogUObjectHash: Compacting FUObjectHashTables data took   2.78ms
[2020.05.06-10.42.12:236][970]LogStreaming: Display: Flushing async loaders.
[2020.05.06-10.42.17:951][970]LogAIModule: Creating AISystem for world GreyBoxLVL4
[2020.05.06-10.42.17:957][970]LogLoad: Game class is 'FirstPersonGameMode_C'
[2020.05.06-10.42.18:117][970]LogWorld: Bringing World /Game/Levels/GreyBoxLVL4.GreyBoxLVL4 up for play (max tick rate 0) at 2020.05.06-06.42.18
[2020.05.06-10.42.18:126][970]LogWorld: Bringing up level for play took: 0.167474
[2020.05.06-10.42.18:130][970]LogScript: Warning: Script Msg: Attempted to access index 0 from array 'CallFunc_GetAllActorsOfClass_OutActors' of length 0 in '/Game/BP/Checkpoint.Checkpoint_C:ExecuteUbergraph_Checkpoint'!
[2020.05.06-10.42.18:130][970]LogScript: Warning: Script Msg: Attempted to access index 0 from array 'CallFunc_GetAllActorsOfClass_OutActors' of length 0 in '/Game/BP/Checkpoint.Checkpoint_C:ExecuteUbergraph_Checkpoint'!
[2020.05.06-10.42.18:131][970]LogScript: Warning: Script Msg: Attempted to access index 0 from array 'CallFunc_GetAllActorsOfClass_OutActors' of length 0 in '/Game/Materials/FinishStopper.FinishStopper_C:ExecuteUbergraph_FinishStopper'!
[2020.05.06-10.42.18:132][970]LogScript: Warning: Script Msg: Attempted to access index 0 from array 'CallFunc_GetAllActorsOfClass_OutActors' of length 0 in '/Game/BP/OutroTrigger.OutroTrigger_C:ExecuteUbergraph_OutroTrigger'!
[2020.05.06-10.42.18:133][970]LogLoad: Took 6.043872 seconds to LoadMap(/Game/Levels/GreyBoxLVL4)
[2020.05.06-10.42.56:660][ 14]LogScript: Warning: Accessed None trying to read property CurrentSoundPlaying
	Counter_C /Engine/Transient.GameEngine_0:MyGameInstance_0.Counter_C_2
	Function /Game/UI/Counter.Counter_C:ExecuteUbergraph_Counter:069C
[2020.05.06-10.42.56:661][ 14]LogScript: Warning: Script call stack:
	Function /Game/UI/Counter.Counter_C:Tick
	Function /Game/UI/Counter.Counter_C:ExecuteUbergraph_Counter

[2020.05.06-10.42.56:664][ 15]LogNet: Browse: /Game/Levels/GreyBoxLVL4
[2020.05.06-10.42.56:665][ 15]LogLoad: LoadMap: /Game/Levels/GreyBoxLVL4
[2020.05.06-10.42.56:788][ 15]LogUObjectHash: Compacting FUObjectHashTables data took   2.32ms
[2020.05.06-10.42.56:801][ 15]LogStreaming: Display: Flushing async loaders.
[2020.05.06-10.42.57:669][ 15]LogAIModule: Creating AISystem for world GreyBoxLVL4
[2020.05.06-10.42.57:671][ 15]LogLoad: Game class is 'FirstPersonGameMode_C'
[2020.05.06-10.42.57:824][ 15]LogWorld: Bringing World /Game/Levels/GreyBoxLVL4.GreyBoxLVL4 up for play (max tick rate 0) at 2020.05.06-06.42.57
[2020.05.06-10.42.57:833][ 15]LogWorld: Bringing up level for play took: 0.161185
[2020.05.06-10.42.57:837][ 15]LogScript: Warning: Script Msg: Attempted to access index 0 from array 'CallFunc_GetAllActorsOfClass_OutActors' of length 0 in '/Game/BP/Checkpoint.Checkpoint_C:ExecuteUbergraph_Checkpoint'!
[2020.05.06-10.42.57:837][ 15]LogScript: Warning: Script Msg: Attempted to access index 0 from array 'CallFunc_GetAllActorsOfClass_OutActors' of length 0 in '/Game/BP/Checkpoint.Checkpoint_C:ExecuteUbergraph_Checkpoint'!
[2020.05.06-10.42.57:838][ 15]LogScript: Warning: Script Msg: Attempted to access index 0 from array 'CallFunc_GetAllActorsOfClass_OutActors' of length 0 in '/Game/Materials/FinishStopper.FinishStopper_C:ExecuteUbergraph_FinishStopper'!
[2020.05.06-10.42.57:838][ 15]LogScript: Warning: Script Msg: Attempted to access index 0 from array 'CallFunc_GetAllActorsOfClass_OutActors' of length 0 in '/Game/BP/OutroTrigger.OutroTrigger_C:ExecuteUbergraph_OutroTrigger'!
[2020.05.06-10.42.57:840][ 15]LogLoad: Took 1.174809 seconds to LoadMap(/Game/Levels/GreyBoxLVL4)
[2020.05.06-10.43.03:392][288]LogWindowsDesktop: Alt-F4 pressed!
[2020.05.06-10.43.03:396][288]LogSlate: Request Window 'SeniorProject (64-bit Development PCD3D_SM5) ' being destroyed
[2020.05.06-10.43.03:441][288]LogSlate: Window 'SeniorProject (64-bit Development PCD3D_SM5) ' being destroyed
[2020.05.06-10.43.03:442][288]LogWindowsTextInputMethodSystem: Display: IME system now deactivated.
[2020.05.06-10.43.03:448][288]LogSlate: Updating window title bar state: overlay mode, drag disabled, window buttons hidden, title bar hidden
[2020.05.06-10.43.03:448][288]LogEngine: All Windows Closed
[2020.05.06-10.43.03:448][288]LogWindows: FPlatformMisc::RequestExit(0)
[2020.05.06-10.43.03:696][289]LogSlate: Slate User Destroyed.  User Index 0, Is Virtual User: 0
[2020.05.06-10.43.03:696][289]LogExit: Preparing to exit.
[2020.05.06-10.43.03:696][289]LogMoviePlayer: Shutting down movie player
[2020.05.06-10.43.03:708][289]LogSlate: Updating window title bar state: overlay mode, drag disabled, window buttons hidden, title bar hidden
[2020.05.06-10.43.03:744][289]LogExit: Game engine shut down
[2020.05.06-10.43.03:851][289]LogExit: Object subsystem successfully closed.
[2020.05.06-10.43.03:993][289]LogD3D11RHI: Shutdown
[2020.05.06-10.43.03:993][289]LogD3D11RHI: CleanupD3DDevice
[2020.05.06-10.43.03:995][289]LogRendererCore: FGlobalReadBuffer::ReleaseRHI
[2020.05.06-10.43.03:995][289]LogRendererCore: FGlobalDynamicReadBuffer::Cleanup()
[2020.05.06-10.43.03:995][289]LogRendererCore: FGlobalReadBuffer::ReleaseRHI
[2020.05.06-10.43.03:995][289]LogRendererCore: FGlobalDynamicReadBuffer::Cleanup()
[2020.05.06-10.43.03:995][289]LogRendererCore: FGlobalReadBuffer::ReleaseRHI
[2020.05.06-10.43.03:995][289]LogRendererCore: FGlobalDynamicReadBuffer::Cleanup()
[2020.05.06-10.43.04:217][289]LogD3D11RHI: ~FD3D11DynamicRHI
[2020.05.06-10.43.04:221][289]LogModuleManager: Shutting down and abandoning module AutomationController (208)
[2020.05.06-10.43.04:222][289]LogModuleManager: Shutting down and abandoning module AutomationWorker (206)
[2020.05.06-10.43.04:222][289]LogModuleManager: Shutting down and abandoning module Voice (204)
[2020.05.06-10.43.04:222][289]LogModuleManager: Shutting down and abandoning module AIModule (202)
[2020.05.06-10.43.04:222][289]LogModuleManager: Shutting down and abandoning module GameplayDebugger (201)
[2020.05.06-10.43.04:222][289]LogModuleManager: Shutting down and abandoning module NavigationSystem (199)
[2020.05.06-10.43.04:222][289]LogModuleManager: Shutting down and abandoning module OculusMR (196)
[2020.05.06-10.43.04:223][289]LogModuleManager: Shutting down and abandoning module WmfMediaFactory (194)
[2020.05.06-10.43.04:223][289]LogModuleManager: Shutting down and abandoning module WebMMediaFactory (192)
[2020.05.06-10.43.04:223][289]LogModuleManager: Shutting down and abandoning module WebMMedia (190)
[2020.05.06-10.43.04:223][289]LogModuleManager: Shutting down and abandoning module OpenExrWrapper (188)
[2020.05.06-10.43.04:223][289]LogModuleManager: Shutting down and abandoning module ImgMediaFactory (186)
[2020.05.06-10.43.04:223][289]LogModuleManager: Shutting down and abandoning module AvfMediaFactory (184)
[2020.05.06-10.43.04:223][289]LogModuleManager: Shutting down and abandoning module CharacterAI (182)
[2020.05.06-10.43.04:223][289]LogModuleManager: Shutting down and abandoning module SessionServices (180)
[2020.05.06-10.43.04:223][289]LogModuleManager: Shutting down and abandoning module LiveCoding (178)
[2020.05.06-10.43.04:224][289]LogModuleManager: Shutting down and abandoning module LevelSequence (176)
[2020.05.06-10.43.04:224][289]LogModuleManager: Shutting down and abandoning module MovieSceneTracks (174)
[2020.05.06-10.43.04:224][289]LogModuleManager: Shutting down and abandoning module MovieScene (172)
[2020.05.06-10.43.04:224][289]LogModuleManager: Shutting down and abandoning module StreamingPauseRendering (170)
[2020.05.06-10.43.04:224][289]LogModuleManager: Shutting down and abandoning module ImageWriteQueue (168)
[2020.05.06-10.43.04:227][289]LogModuleManager: Shutting down and abandoning module ProfilerService (166)
[2020.05.06-10.43.04:232][289]LogModuleManager: Shutting down and abandoning module TaskGraph (164)
[2020.05.06-10.43.04:233][289]LogModuleManager: Shutting down and abandoning module SteamVRController (162)
[2020.05.06-10.43.04:233][289]LogModuleManager: Shutting down and abandoning module ProceduralMeshComponent (160)
[2020.05.06-10.43.04:233][289]LogModuleManager: Shutting down and abandoning module OculusInput (158)
[2020.05.06-10.43.04:233][289]LogModuleManager: Shutting down and abandoning module MobilePatchingUtils (156)
[2020.05.06-10.43.04:233][289]LogModuleManager: Shutting down and abandoning module EditableMesh (154)
[2020.05.06-10.43.04:233][289]LogModuleManager: Shutting down and abandoning module CustomMeshComponent (152)
[2020.05.06-10.43.04:233][289]LogModuleManager: Shutting down and abandoning module CableComponent (150)
[2020.05.06-10.43.04:233][289]LogModuleManager: Shutting down and abandoning module AudioCapture (148)
[2020.05.06-10.43.04:233][289]LogModuleManager: Shutting down and abandoning module ArchVisCharacter (146)
[2020.05.06-10.43.04:233][289]LogModuleManager: Shutting down and abandoning module AndroidPermission (144)
[2020.05.06-10.43.04:234][289]LogModuleManager: Shutting down and abandoning module MediaCompositing (142)
[2020.05.06-10.43.04:234][289]LogModuleManager: Shutting down and abandoning module LinearTimecode (140)
[2020.05.06-10.43.04:234][289]LogModuleManager: Shutting down and abandoning module ImgMedia (138)
[2020.05.06-10.43.04:234][289]LogModuleManager: Shutting down and abandoning module HTML5Networking (136)
[2020.05.06-10.43.04:234][289]LogModuleManager: Shutting down and abandoning module GeometryCollectionExampleCore (134)
[2020.05.06-10.43.04:234][289]LogModuleManager: Shutting down and abandoning module GeometryCacheTracks (132)
[2020.05.06-10.43.04:234][289]LogModuleManager: Shutting down and abandoning module GeometryCache (130)
[2020.05.06-10.43.04:234][289]LogModuleManager: Shutting down and abandoning module BackChannel (128)
[2020.05.06-10.43.04:234][289]LogModuleManager: Shutting down and abandoning module AppleVision (126)
[2020.05.06-10.43.04:234][289]LogModuleManager: Shutting down and abandoning module AppleImageUtils (124)
[2020.05.06-10.43.04:234][289]LogModuleManager: Shutting down and abandoning module VariantManagerContent (122)
[2020.05.06-10.43.04:234][289]LogModuleManager: Shutting down and abandoning module SeniorProject (120)
[2020.05.06-10.43.04:234][289]LogModuleManager: Shutting down and abandoning module SignificanceManager (118)
[2020.05.06-10.43.04:234][289]LogModuleManager: Shutting down and abandoning module RuntimePhysXCooking (116)
[2020.05.06-10.43.04:234][289]LogModuleManager: Shutting down and abandoning module PhysXVehicles (114)
[2020.05.06-10.43.04:234][289]LogModuleManager: Shutting down and abandoning module LocationServicesBPLibrary (112)
[2020.05.06-10.43.04:234][289]LogModuleManager: Shutting down and abandoning module ActorSequence (110)
[2020.05.06-10.43.04:234][289]LogModuleManager: Shutting down and abandoning module UdpMessaging (108)
[2020.05.06-10.43.04:235][289]LogModuleManager: Shutting down and abandoning module TcpMessaging (106)
[2020.05.06-10.43.04:235][289]LogModuleManager: Shutting down and abandoning module FacialAnimation (104)
[2020.05.06-10.43.04:235][289]LogModuleManager: Shutting down and abandoning module AnimationSharing (102)
[2020.05.06-10.43.04:235][289]LogModuleManager: Shutting down and abandoning module LightPropagationVolumeRuntime (100)
[2020.05.06-10.43.04:235][289]LogModuleManager: Shutting down and abandoning module AISupportModule (98)
[2020.05.06-10.43.04:235][289]LogModuleManager: Shutting down and abandoning module Paper2D (96)
[2020.05.06-10.43.04:235][289]LogModuleManager: Shutting down and abandoning module WindowsMoviePlayer (94)
[2020.05.06-10.43.04:235][289]LogModuleManager: Shutting down and abandoning module WebMMoviePlayer (92)
[2020.05.06-10.43.04:235][289]LogModuleManager: Shutting down and abandoning module PacketHandler (90)
[2020.05.06-10.43.04:235][289]LogModuleManager: Shutting down and abandoning module ClothingSystemRuntime (88)
[2020.05.06-10.43.04:256][289]LogModuleManager: Shutting down and abandoning module MediaAssets (86)
[2020.05.06-10.43.04:256][289]LogModuleManager: Shutting down and abandoning module Overlay (84)
[2020.05.06-10.43.04:256][289]LogModuleManager: Shutting down and abandoning module UMG (82)
[2020.05.06-10.43.04:257][289]LogModuleManager: Shutting down and abandoning module SlateReflector (80)
[2020.05.06-10.43.04:258][289]LogModuleManager: Shutting down and abandoning module Slate (78)
[2020.05.06-10.43.04:258][289]LogModuleManager: Shutting down and abandoning module MRMesh (76)
[2020.05.06-10.43.04:258][289]LogModuleManager: Shutting down and abandoning module Messaging (74)
[2020.05.06-10.43.04:258][289]LogModuleManager: Shutting down and abandoning module HeadMountedDisplay (72)
[2020.05.06-10.43.04:258][289]LogModuleManager: Shutting down and abandoning module XAudio2 (70)
[2020.05.06-10.43.04:258][289]LogModuleManager: Shutting down and abandoning module Networking (68)
[2020.05.06-10.43.04:258][289]LogModuleManager: Shutting down and abandoning module Core (66)
[2020.05.06-10.43.04:258][289]LogModuleManager: Shutting down and abandoning module ImageWrapper (62)
[2020.05.06-10.43.04:258][289]LogModuleManager: Shutting down and abandoning module InputCore (60)
[2020.05.06-10.43.04:258][289]LogModuleManager: Shutting down and abandoning module PhysXCooking (58)
[2020.05.06-10.43.04:259][289]LogModuleManager: Shutting down and abandoning module SteamVR (56)
[2020.05.06-10.43.04:259][289]LogHMD: Freeing OpenVRDLLHandle.
[2020.05.06-10.43.04:259][289]LogModuleManager: Shutting down and abandoning module OculusHMD (54)
[2020.05.06-10.43.04:259][289]LogModuleManager: Shutting down and abandoning module ExampleDeviceProfileSelector (52)
[2020.05.06-10.43.04:259][289]LogModuleManager: Shutting down and abandoning module LauncherChunkInstaller (50)
[2020.05.06-10.43.04:259][289]LogModuleManager: Shutting down and abandoning module OnlineSubsystem (46)
[2020.05.06-10.43.04:261][289]LogModuleManager: Shutting down and abandoning module HTTP (41)
[2020.05.06-10.43.04:267][289]LogModuleManager: Shutting down and abandoning module SSL (40)
[2020.05.06-10.43.04:268][289]LogModuleManager: Shutting down and abandoning module WmfMedia (36)
[2020.05.06-10.43.04:270][289]LogModuleManager: Shutting down and abandoning module Media (35)
[2020.05.06-10.43.04:276][289]LogModuleManager: Shutting down and abandoning module DatasmithContent (32)
[2020.05.06-10.43.04:276][289]LogModuleManager: Shutting down and abandoning module RenderCore (30)
[2020.05.06-10.43.04:276][289]LogModuleManager: Shutting down and abandoning module Landscape (28)
[2020.05.06-10.43.04:276][289]LogModuleManager: Shutting down and abandoning module SlateRHIRenderer (26)
[2020.05.06-10.43.04:277][289]LogModuleManager: Shutting down and abandoning module OpenGLDrv (24)
[2020.05.06-10.43.04:278][289]LogModuleManager: Shutting down and abandoning module D3D11RHI (22)
[2020.05.06-10.43.04:278][289]LogModuleManager: Shutting down and abandoning module AnimGraphRuntime (20)
[2020.05.06-10.43.04:278][289]LogModuleManager: Shutting down and abandoning module Renderer (18)
[2020.05.06-10.43.04:278][289]LogModuleManager: Shutting down and abandoning module Engine (16)
[2020.05.06-10.43.04:278][289]LogModuleManager: Shutting down and abandoning module CoreUObject (14)
[2020.05.06-10.43.04:278][289]LogModuleManager: Shutting down and abandoning module NetworkFile (12)
[2020.05.06-10.43.04:278][289]LogModuleManager: Shutting down and abandoning module CookedIterativeFile (10)
[2020.05.06-10.43.04:278][289]LogModuleManager: Shutting down and abandoning module StreamingFile (8)
[2020.05.06-10.43.04:278][289]LogModuleManager: Shutting down and abandoning module SandboxFile (6)
[2020.05.06-10.43.04:278][289]LogModuleManager: Shutting down and abandoning module PakFile (4)
[2020.05.06-10.43.04:279][289]LogModuleManager: Shutting down and abandoning module RSA (3)
[2020.05.06-10.43.04:290][289]LogExit: Exiting.
[2020.05.06-10.43.04:301][289]Log file closed, 05/06/20 06:43:04
